[2024-02-24T09:35:43.246+0000] {processor.py:161} INFO - Started process (PID=8516) to work on /home/airflow/.local/lib/python3.8/site-packages/airflow/example_dags/example_sensors.py
[2024-02-24T09:35:43.248+0000] {processor.py:830} INFO - Processing file /home/airflow/.local/lib/python3.8/site-packages/airflow/example_dags/example_sensors.py for tasks to queue
[2024-02-24T09:35:43.253+0000] {logging_mixin.py:188} INFO - [2024-02-24T09:35:43.252+0000] {dagbag.py:538} INFO - Filling up the DagBag from /home/airflow/.local/lib/python3.8/site-packages/airflow/example_dags/example_sensors.py
[2024-02-24T09:35:43.273+0000] {processor.py:840} INFO - DAG(s) 'example_sensors' retrieved from /home/airflow/.local/lib/python3.8/site-packages/airflow/example_dags/example_sensors.py
[2024-02-24T09:35:43.320+0000] {logging_mixin.py:188} INFO - [2024-02-24T09:35:43.320+0000] {dag.py:3033} INFO - Sync 1 DAGs
[2024-02-24T09:35:43.344+0000] {logging_mixin.py:188} INFO - [2024-02-24T09:35:43.343+0000] {dag.py:3820} INFO - Setting next_dagrun for example_sensors to None, run_after=None
[2024-02-24T09:35:43.389+0000] {processor.py:183} INFO - Processing /home/airflow/.local/lib/python3.8/site-packages/airflow/example_dags/example_sensors.py took 0.147 seconds
[2024-02-24T09:36:13.423+0000] {processor.py:161} INFO - Started process (PID=8573) to work on /home/airflow/.local/lib/python3.8/site-packages/airflow/example_dags/example_sensors.py
[2024-02-24T09:36:13.424+0000] {processor.py:830} INFO - Processing file /home/airflow/.local/lib/python3.8/site-packages/airflow/example_dags/example_sensors.py for tasks to queue
[2024-02-24T09:36:13.426+0000] {logging_mixin.py:188} INFO - [2024-02-24T09:36:13.425+0000] {dagbag.py:538} INFO - Filling up the DagBag from /home/airflow/.local/lib/python3.8/site-packages/airflow/example_dags/example_sensors.py
[2024-02-24T09:36:13.435+0000] {processor.py:840} INFO - DAG(s) 'example_sensors' retrieved from /home/airflow/.local/lib/python3.8/site-packages/airflow/example_dags/example_sensors.py
[2024-02-24T09:36:13.459+0000] {logging_mixin.py:188} INFO - [2024-02-24T09:36:13.458+0000] {dag.py:3033} INFO - Sync 1 DAGs
[2024-02-24T09:36:13.471+0000] {logging_mixin.py:188} INFO - [2024-02-24T09:36:13.470+0000] {dag.py:3820} INFO - Setting next_dagrun for example_sensors to None, run_after=None
[2024-02-24T09:36:13.488+0000] {processor.py:183} INFO - Processing /home/airflow/.local/lib/python3.8/site-packages/airflow/example_dags/example_sensors.py took 0.068 seconds
[2024-02-24T09:36:43.886+0000] {processor.py:161} INFO - Started process (PID=8630) to work on /home/airflow/.local/lib/python3.8/site-packages/airflow/example_dags/example_sensors.py
[2024-02-24T09:36:43.887+0000] {processor.py:830} INFO - Processing file /home/airflow/.local/lib/python3.8/site-packages/airflow/example_dags/example_sensors.py for tasks to queue
[2024-02-24T09:36:43.889+0000] {logging_mixin.py:188} INFO - [2024-02-24T09:36:43.889+0000] {dagbag.py:538} INFO - Filling up the DagBag from /home/airflow/.local/lib/python3.8/site-packages/airflow/example_dags/example_sensors.py
[2024-02-24T09:36:43.899+0000] {processor.py:840} INFO - DAG(s) 'example_sensors' retrieved from /home/airflow/.local/lib/python3.8/site-packages/airflow/example_dags/example_sensors.py
[2024-02-24T09:36:43.923+0000] {logging_mixin.py:188} INFO - [2024-02-24T09:36:43.923+0000] {dag.py:3033} INFO - Sync 1 DAGs
[2024-02-24T09:36:43.935+0000] {logging_mixin.py:188} INFO - [2024-02-24T09:36:43.935+0000] {dag.py:3820} INFO - Setting next_dagrun for example_sensors to None, run_after=None
[2024-02-24T09:36:43.954+0000] {processor.py:183} INFO - Processing /home/airflow/.local/lib/python3.8/site-packages/airflow/example_dags/example_sensors.py took 0.072 seconds
[2024-02-24T09:37:14.224+0000] {processor.py:161} INFO - Started process (PID=8687) to work on /home/airflow/.local/lib/python3.8/site-packages/airflow/example_dags/example_sensors.py
[2024-02-24T09:37:14.225+0000] {processor.py:830} INFO - Processing file /home/airflow/.local/lib/python3.8/site-packages/airflow/example_dags/example_sensors.py for tasks to queue
[2024-02-24T09:37:14.228+0000] {logging_mixin.py:188} INFO - [2024-02-24T09:37:14.228+0000] {dagbag.py:538} INFO - Filling up the DagBag from /home/airflow/.local/lib/python3.8/site-packages/airflow/example_dags/example_sensors.py
[2024-02-24T09:37:14.238+0000] {processor.py:840} INFO - DAG(s) 'example_sensors' retrieved from /home/airflow/.local/lib/python3.8/site-packages/airflow/example_dags/example_sensors.py
[2024-02-24T09:37:14.271+0000] {logging_mixin.py:188} INFO - [2024-02-24T09:37:14.270+0000] {dag.py:3033} INFO - Sync 1 DAGs
[2024-02-24T09:37:14.290+0000] {logging_mixin.py:188} INFO - [2024-02-24T09:37:14.289+0000] {dag.py:3820} INFO - Setting next_dagrun for example_sensors to None, run_after=None
[2024-02-24T09:37:14.316+0000] {processor.py:183} INFO - Processing /home/airflow/.local/lib/python3.8/site-packages/airflow/example_dags/example_sensors.py took 0.096 seconds
[2024-02-24T09:37:44.558+0000] {processor.py:161} INFO - Started process (PID=8744) to work on /home/airflow/.local/lib/python3.8/site-packages/airflow/example_dags/example_sensors.py
[2024-02-24T09:37:44.559+0000] {processor.py:830} INFO - Processing file /home/airflow/.local/lib/python3.8/site-packages/airflow/example_dags/example_sensors.py for tasks to queue
[2024-02-24T09:37:44.563+0000] {logging_mixin.py:188} INFO - [2024-02-24T09:37:44.562+0000] {dagbag.py:538} INFO - Filling up the DagBag from /home/airflow/.local/lib/python3.8/site-packages/airflow/example_dags/example_sensors.py
[2024-02-24T09:37:44.575+0000] {processor.py:840} INFO - DAG(s) 'example_sensors' retrieved from /home/airflow/.local/lib/python3.8/site-packages/airflow/example_dags/example_sensors.py
[2024-02-24T09:37:44.603+0000] {logging_mixin.py:188} INFO - [2024-02-24T09:37:44.603+0000] {dag.py:3033} INFO - Sync 1 DAGs
[2024-02-24T09:37:44.619+0000] {logging_mixin.py:188} INFO - [2024-02-24T09:37:44.619+0000] {dag.py:3820} INFO - Setting next_dagrun for example_sensors to None, run_after=None
[2024-02-24T09:37:44.637+0000] {processor.py:183} INFO - Processing /home/airflow/.local/lib/python3.8/site-packages/airflow/example_dags/example_sensors.py took 0.083 seconds
[2024-02-24T09:38:14.969+0000] {processor.py:161} INFO - Started process (PID=8801) to work on /home/airflow/.local/lib/python3.8/site-packages/airflow/example_dags/example_sensors.py
[2024-02-24T09:38:14.970+0000] {processor.py:830} INFO - Processing file /home/airflow/.local/lib/python3.8/site-packages/airflow/example_dags/example_sensors.py for tasks to queue
[2024-02-24T09:38:14.972+0000] {logging_mixin.py:188} INFO - [2024-02-24T09:38:14.972+0000] {dagbag.py:538} INFO - Filling up the DagBag from /home/airflow/.local/lib/python3.8/site-packages/airflow/example_dags/example_sensors.py
[2024-02-24T09:38:14.982+0000] {processor.py:840} INFO - DAG(s) 'example_sensors' retrieved from /home/airflow/.local/lib/python3.8/site-packages/airflow/example_dags/example_sensors.py
[2024-02-24T09:38:15.008+0000] {logging_mixin.py:188} INFO - [2024-02-24T09:38:15.007+0000] {dag.py:3033} INFO - Sync 1 DAGs
[2024-02-24T09:38:15.021+0000] {logging_mixin.py:188} INFO - [2024-02-24T09:38:15.021+0000] {dag.py:3820} INFO - Setting next_dagrun for example_sensors to None, run_after=None
[2024-02-24T09:38:15.046+0000] {processor.py:183} INFO - Processing /home/airflow/.local/lib/python3.8/site-packages/airflow/example_dags/example_sensors.py took 0.080 seconds
[2024-02-24T09:38:45.668+0000] {processor.py:161} INFO - Started process (PID=8858) to work on /home/airflow/.local/lib/python3.8/site-packages/airflow/example_dags/example_sensors.py
[2024-02-24T09:38:45.669+0000] {processor.py:830} INFO - Processing file /home/airflow/.local/lib/python3.8/site-packages/airflow/example_dags/example_sensors.py for tasks to queue
[2024-02-24T09:38:45.672+0000] {logging_mixin.py:188} INFO - [2024-02-24T09:38:45.672+0000] {dagbag.py:538} INFO - Filling up the DagBag from /home/airflow/.local/lib/python3.8/site-packages/airflow/example_dags/example_sensors.py
[2024-02-24T09:38:45.685+0000] {processor.py:840} INFO - DAG(s) 'example_sensors' retrieved from /home/airflow/.local/lib/python3.8/site-packages/airflow/example_dags/example_sensors.py
[2024-02-24T09:38:45.710+0000] {logging_mixin.py:188} INFO - [2024-02-24T09:38:45.710+0000] {dag.py:3033} INFO - Sync 1 DAGs
[2024-02-24T09:38:45.723+0000] {logging_mixin.py:188} INFO - [2024-02-24T09:38:45.723+0000] {dag.py:3820} INFO - Setting next_dagrun for example_sensors to None, run_after=None
[2024-02-24T09:38:45.743+0000] {processor.py:183} INFO - Processing /home/airflow/.local/lib/python3.8/site-packages/airflow/example_dags/example_sensors.py took 0.079 seconds
[2024-02-24T09:39:16.218+0000] {processor.py:161} INFO - Started process (PID=8915) to work on /home/airflow/.local/lib/python3.8/site-packages/airflow/example_dags/example_sensors.py
[2024-02-24T09:39:16.218+0000] {processor.py:830} INFO - Processing file /home/airflow/.local/lib/python3.8/site-packages/airflow/example_dags/example_sensors.py for tasks to queue
[2024-02-24T09:39:16.221+0000] {logging_mixin.py:188} INFO - [2024-02-24T09:39:16.220+0000] {dagbag.py:538} INFO - Filling up the DagBag from /home/airflow/.local/lib/python3.8/site-packages/airflow/example_dags/example_sensors.py
[2024-02-24T09:39:16.230+0000] {processor.py:840} INFO - DAG(s) 'example_sensors' retrieved from /home/airflow/.local/lib/python3.8/site-packages/airflow/example_dags/example_sensors.py
[2024-02-24T09:39:16.252+0000] {logging_mixin.py:188} INFO - [2024-02-24T09:39:16.252+0000] {dag.py:3033} INFO - Sync 1 DAGs
[2024-02-24T09:39:16.264+0000] {logging_mixin.py:188} INFO - [2024-02-24T09:39:16.264+0000] {dag.py:3820} INFO - Setting next_dagrun for example_sensors to None, run_after=None
[2024-02-24T09:39:16.281+0000] {processor.py:183} INFO - Processing /home/airflow/.local/lib/python3.8/site-packages/airflow/example_dags/example_sensors.py took 0.067 seconds
[2024-02-24T09:39:47.090+0000] {processor.py:161} INFO - Started process (PID=8972) to work on /home/airflow/.local/lib/python3.8/site-packages/airflow/example_dags/example_sensors.py
[2024-02-24T09:39:47.091+0000] {processor.py:830} INFO - Processing file /home/airflow/.local/lib/python3.8/site-packages/airflow/example_dags/example_sensors.py for tasks to queue
[2024-02-24T09:39:47.093+0000] {logging_mixin.py:188} INFO - [2024-02-24T09:39:47.093+0000] {dagbag.py:538} INFO - Filling up the DagBag from /home/airflow/.local/lib/python3.8/site-packages/airflow/example_dags/example_sensors.py
[2024-02-24T09:39:47.103+0000] {processor.py:840} INFO - DAG(s) 'example_sensors' retrieved from /home/airflow/.local/lib/python3.8/site-packages/airflow/example_dags/example_sensors.py
[2024-02-24T09:39:47.125+0000] {logging_mixin.py:188} INFO - [2024-02-24T09:39:47.125+0000] {dag.py:3033} INFO - Sync 1 DAGs
[2024-02-24T09:39:47.137+0000] {logging_mixin.py:188} INFO - [2024-02-24T09:39:47.137+0000] {dag.py:3820} INFO - Setting next_dagrun for example_sensors to None, run_after=None
[2024-02-24T09:39:47.154+0000] {processor.py:183} INFO - Processing /home/airflow/.local/lib/python3.8/site-packages/airflow/example_dags/example_sensors.py took 0.066 seconds
[2024-02-24T09:40:17.859+0000] {processor.py:161} INFO - Started process (PID=9029) to work on /home/airflow/.local/lib/python3.8/site-packages/airflow/example_dags/example_sensors.py
[2024-02-24T09:40:17.860+0000] {processor.py:830} INFO - Processing file /home/airflow/.local/lib/python3.8/site-packages/airflow/example_dags/example_sensors.py for tasks to queue
[2024-02-24T09:40:17.863+0000] {logging_mixin.py:188} INFO - [2024-02-24T09:40:17.862+0000] {dagbag.py:538} INFO - Filling up the DagBag from /home/airflow/.local/lib/python3.8/site-packages/airflow/example_dags/example_sensors.py
[2024-02-24T09:40:17.876+0000] {processor.py:840} INFO - DAG(s) 'example_sensors' retrieved from /home/airflow/.local/lib/python3.8/site-packages/airflow/example_dags/example_sensors.py
[2024-02-24T09:40:17.909+0000] {logging_mixin.py:188} INFO - [2024-02-24T09:40:17.908+0000] {dag.py:3033} INFO - Sync 1 DAGs
[2024-02-24T09:40:17.925+0000] {logging_mixin.py:188} INFO - [2024-02-24T09:40:17.925+0000] {dag.py:3820} INFO - Setting next_dagrun for example_sensors to None, run_after=None
[2024-02-24T09:40:17.944+0000] {processor.py:183} INFO - Processing /home/airflow/.local/lib/python3.8/site-packages/airflow/example_dags/example_sensors.py took 0.089 seconds
[2024-02-24T09:40:49.172+0000] {processor.py:161} INFO - Started process (PID=9086) to work on /home/airflow/.local/lib/python3.8/site-packages/airflow/example_dags/example_sensors.py
[2024-02-24T09:40:49.183+0000] {processor.py:830} INFO - Processing file /home/airflow/.local/lib/python3.8/site-packages/airflow/example_dags/example_sensors.py for tasks to queue
[2024-02-24T09:40:49.186+0000] {logging_mixin.py:188} INFO - [2024-02-24T09:40:49.186+0000] {dagbag.py:538} INFO - Filling up the DagBag from /home/airflow/.local/lib/python3.8/site-packages/airflow/example_dags/example_sensors.py
[2024-02-24T09:40:49.221+0000] {processor.py:840} INFO - DAG(s) 'example_sensors' retrieved from /home/airflow/.local/lib/python3.8/site-packages/airflow/example_dags/example_sensors.py
[2024-02-24T09:40:49.288+0000] {logging_mixin.py:188} INFO - [2024-02-24T09:40:49.288+0000] {dag.py:3033} INFO - Sync 1 DAGs
[2024-02-24T09:40:49.321+0000] {logging_mixin.py:188} INFO - [2024-02-24T09:40:49.321+0000] {dag.py:3820} INFO - Setting next_dagrun for example_sensors to None, run_after=None
[2024-02-24T09:40:49.368+0000] {processor.py:183} INFO - Processing /home/airflow/.local/lib/python3.8/site-packages/airflow/example_dags/example_sensors.py took 0.200 seconds
[2024-02-24T09:41:20.274+0000] {processor.py:161} INFO - Started process (PID=9143) to work on /home/airflow/.local/lib/python3.8/site-packages/airflow/example_dags/example_sensors.py
[2024-02-24T09:41:20.274+0000] {processor.py:830} INFO - Processing file /home/airflow/.local/lib/python3.8/site-packages/airflow/example_dags/example_sensors.py for tasks to queue
[2024-02-24T09:41:20.276+0000] {logging_mixin.py:188} INFO - [2024-02-24T09:41:20.276+0000] {dagbag.py:538} INFO - Filling up the DagBag from /home/airflow/.local/lib/python3.8/site-packages/airflow/example_dags/example_sensors.py
[2024-02-24T09:41:20.285+0000] {processor.py:840} INFO - DAG(s) 'example_sensors' retrieved from /home/airflow/.local/lib/python3.8/site-packages/airflow/example_dags/example_sensors.py
[2024-02-24T09:41:20.309+0000] {logging_mixin.py:188} INFO - [2024-02-24T09:41:20.309+0000] {dag.py:3033} INFO - Sync 1 DAGs
[2024-02-24T09:41:20.321+0000] {logging_mixin.py:188} INFO - [2024-02-24T09:41:20.321+0000] {dag.py:3820} INFO - Setting next_dagrun for example_sensors to None, run_after=None
[2024-02-24T09:41:20.349+0000] {processor.py:183} INFO - Processing /home/airflow/.local/lib/python3.8/site-packages/airflow/example_dags/example_sensors.py took 0.079 seconds
[2024-02-24T09:41:50.541+0000] {processor.py:161} INFO - Started process (PID=9200) to work on /home/airflow/.local/lib/python3.8/site-packages/airflow/example_dags/example_sensors.py
[2024-02-24T09:41:50.542+0000] {processor.py:830} INFO - Processing file /home/airflow/.local/lib/python3.8/site-packages/airflow/example_dags/example_sensors.py for tasks to queue
[2024-02-24T09:41:50.544+0000] {logging_mixin.py:188} INFO - [2024-02-24T09:41:50.544+0000] {dagbag.py:538} INFO - Filling up the DagBag from /home/airflow/.local/lib/python3.8/site-packages/airflow/example_dags/example_sensors.py
[2024-02-24T09:41:50.553+0000] {processor.py:840} INFO - DAG(s) 'example_sensors' retrieved from /home/airflow/.local/lib/python3.8/site-packages/airflow/example_dags/example_sensors.py
[2024-02-24T09:41:50.577+0000] {logging_mixin.py:188} INFO - [2024-02-24T09:41:50.576+0000] {dag.py:3033} INFO - Sync 1 DAGs
[2024-02-24T09:41:50.588+0000] {logging_mixin.py:188} INFO - [2024-02-24T09:41:50.588+0000] {dag.py:3820} INFO - Setting next_dagrun for example_sensors to None, run_after=None
[2024-02-24T09:41:50.615+0000] {processor.py:183} INFO - Processing /home/airflow/.local/lib/python3.8/site-packages/airflow/example_dags/example_sensors.py took 0.078 seconds
[2024-02-24T09:42:21.220+0000] {processor.py:161} INFO - Started process (PID=9257) to work on /home/airflow/.local/lib/python3.8/site-packages/airflow/example_dags/example_sensors.py
[2024-02-24T09:42:21.221+0000] {processor.py:830} INFO - Processing file /home/airflow/.local/lib/python3.8/site-packages/airflow/example_dags/example_sensors.py for tasks to queue
[2024-02-24T09:42:21.223+0000] {logging_mixin.py:188} INFO - [2024-02-24T09:42:21.223+0000] {dagbag.py:538} INFO - Filling up the DagBag from /home/airflow/.local/lib/python3.8/site-packages/airflow/example_dags/example_sensors.py
[2024-02-24T09:42:21.232+0000] {processor.py:840} INFO - DAG(s) 'example_sensors' retrieved from /home/airflow/.local/lib/python3.8/site-packages/airflow/example_dags/example_sensors.py
[2024-02-24T09:42:21.255+0000] {logging_mixin.py:188} INFO - [2024-02-24T09:42:21.254+0000] {dag.py:3033} INFO - Sync 1 DAGs
[2024-02-24T09:42:21.266+0000] {logging_mixin.py:188} INFO - [2024-02-24T09:42:21.266+0000] {dag.py:3820} INFO - Setting next_dagrun for example_sensors to None, run_after=None
[2024-02-24T09:42:21.282+0000] {processor.py:183} INFO - Processing /home/airflow/.local/lib/python3.8/site-packages/airflow/example_dags/example_sensors.py took 0.065 seconds
[2024-02-24T09:42:51.954+0000] {processor.py:161} INFO - Started process (PID=9314) to work on /home/airflow/.local/lib/python3.8/site-packages/airflow/example_dags/example_sensors.py
[2024-02-24T09:42:51.955+0000] {processor.py:830} INFO - Processing file /home/airflow/.local/lib/python3.8/site-packages/airflow/example_dags/example_sensors.py for tasks to queue
[2024-02-24T09:42:51.957+0000] {logging_mixin.py:188} INFO - [2024-02-24T09:42:51.957+0000] {dagbag.py:538} INFO - Filling up the DagBag from /home/airflow/.local/lib/python3.8/site-packages/airflow/example_dags/example_sensors.py
[2024-02-24T09:42:51.967+0000] {processor.py:840} INFO - DAG(s) 'example_sensors' retrieved from /home/airflow/.local/lib/python3.8/site-packages/airflow/example_dags/example_sensors.py
[2024-02-24T09:42:51.998+0000] {logging_mixin.py:188} INFO - [2024-02-24T09:42:51.998+0000] {dag.py:3033} INFO - Sync 1 DAGs
[2024-02-24T09:42:52.010+0000] {logging_mixin.py:188} INFO - [2024-02-24T09:42:52.009+0000] {dag.py:3820} INFO - Setting next_dagrun for example_sensors to None, run_after=None
[2024-02-24T09:42:52.029+0000] {processor.py:183} INFO - Processing /home/airflow/.local/lib/python3.8/site-packages/airflow/example_dags/example_sensors.py took 0.079 seconds
[2024-02-24T09:43:22.671+0000] {processor.py:161} INFO - Started process (PID=9377) to work on /home/airflow/.local/lib/python3.8/site-packages/airflow/example_dags/example_sensors.py
[2024-02-24T09:43:22.671+0000] {processor.py:830} INFO - Processing file /home/airflow/.local/lib/python3.8/site-packages/airflow/example_dags/example_sensors.py for tasks to queue
[2024-02-24T09:43:22.673+0000] {logging_mixin.py:188} INFO - [2024-02-24T09:43:22.673+0000] {dagbag.py:538} INFO - Filling up the DagBag from /home/airflow/.local/lib/python3.8/site-packages/airflow/example_dags/example_sensors.py
[2024-02-24T09:43:22.682+0000] {processor.py:840} INFO - DAG(s) 'example_sensors' retrieved from /home/airflow/.local/lib/python3.8/site-packages/airflow/example_dags/example_sensors.py
[2024-02-24T09:43:22.706+0000] {logging_mixin.py:188} INFO - [2024-02-24T09:43:22.706+0000] {dag.py:3033} INFO - Sync 1 DAGs
[2024-02-24T09:43:22.718+0000] {logging_mixin.py:188} INFO - [2024-02-24T09:43:22.718+0000] {dag.py:3820} INFO - Setting next_dagrun for example_sensors to None, run_after=None
[2024-02-24T09:43:22.737+0000] {processor.py:183} INFO - Processing /home/airflow/.local/lib/python3.8/site-packages/airflow/example_dags/example_sensors.py took 0.070 seconds
[2024-02-24T09:43:53.413+0000] {processor.py:161} INFO - Started process (PID=9434) to work on /home/airflow/.local/lib/python3.8/site-packages/airflow/example_dags/example_sensors.py
[2024-02-24T09:43:53.414+0000] {processor.py:830} INFO - Processing file /home/airflow/.local/lib/python3.8/site-packages/airflow/example_dags/example_sensors.py for tasks to queue
[2024-02-24T09:43:53.417+0000] {logging_mixin.py:188} INFO - [2024-02-24T09:43:53.416+0000] {dagbag.py:538} INFO - Filling up the DagBag from /home/airflow/.local/lib/python3.8/site-packages/airflow/example_dags/example_sensors.py
[2024-02-24T09:43:53.426+0000] {processor.py:840} INFO - DAG(s) 'example_sensors' retrieved from /home/airflow/.local/lib/python3.8/site-packages/airflow/example_dags/example_sensors.py
[2024-02-24T09:43:53.449+0000] {logging_mixin.py:188} INFO - [2024-02-24T09:43:53.449+0000] {dag.py:3033} INFO - Sync 1 DAGs
[2024-02-24T09:43:53.461+0000] {logging_mixin.py:188} INFO - [2024-02-24T09:43:53.461+0000] {dag.py:3820} INFO - Setting next_dagrun for example_sensors to None, run_after=None
[2024-02-24T09:43:53.490+0000] {processor.py:183} INFO - Processing /home/airflow/.local/lib/python3.8/site-packages/airflow/example_dags/example_sensors.py took 0.080 seconds
[2024-02-24T09:44:24.271+0000] {processor.py:161} INFO - Started process (PID=9491) to work on /home/airflow/.local/lib/python3.8/site-packages/airflow/example_dags/example_sensors.py
[2024-02-24T09:44:24.272+0000] {processor.py:830} INFO - Processing file /home/airflow/.local/lib/python3.8/site-packages/airflow/example_dags/example_sensors.py for tasks to queue
[2024-02-24T09:44:24.274+0000] {logging_mixin.py:188} INFO - [2024-02-24T09:44:24.274+0000] {dagbag.py:538} INFO - Filling up the DagBag from /home/airflow/.local/lib/python3.8/site-packages/airflow/example_dags/example_sensors.py
[2024-02-24T09:44:24.283+0000] {processor.py:840} INFO - DAG(s) 'example_sensors' retrieved from /home/airflow/.local/lib/python3.8/site-packages/airflow/example_dags/example_sensors.py
[2024-02-24T09:44:24.306+0000] {logging_mixin.py:188} INFO - [2024-02-24T09:44:24.306+0000] {dag.py:3033} INFO - Sync 1 DAGs
[2024-02-24T09:44:24.318+0000] {logging_mixin.py:188} INFO - [2024-02-24T09:44:24.318+0000] {dag.py:3820} INFO - Setting next_dagrun for example_sensors to None, run_after=None
[2024-02-24T09:44:24.334+0000] {processor.py:183} INFO - Processing /home/airflow/.local/lib/python3.8/site-packages/airflow/example_dags/example_sensors.py took 0.068 seconds
[2024-02-24T09:44:54.964+0000] {processor.py:161} INFO - Started process (PID=9548) to work on /home/airflow/.local/lib/python3.8/site-packages/airflow/example_dags/example_sensors.py
[2024-02-24T09:44:54.965+0000] {processor.py:830} INFO - Processing file /home/airflow/.local/lib/python3.8/site-packages/airflow/example_dags/example_sensors.py for tasks to queue
[2024-02-24T09:44:54.967+0000] {logging_mixin.py:188} INFO - [2024-02-24T09:44:54.967+0000] {dagbag.py:538} INFO - Filling up the DagBag from /home/airflow/.local/lib/python3.8/site-packages/airflow/example_dags/example_sensors.py
[2024-02-24T09:44:54.977+0000] {processor.py:840} INFO - DAG(s) 'example_sensors' retrieved from /home/airflow/.local/lib/python3.8/site-packages/airflow/example_dags/example_sensors.py
[2024-02-24T09:44:55.000+0000] {logging_mixin.py:188} INFO - [2024-02-24T09:44:55.000+0000] {dag.py:3033} INFO - Sync 1 DAGs
[2024-02-24T09:44:55.014+0000] {logging_mixin.py:188} INFO - [2024-02-24T09:44:55.014+0000] {dag.py:3820} INFO - Setting next_dagrun for example_sensors to None, run_after=None
[2024-02-24T09:44:55.030+0000] {processor.py:183} INFO - Processing /home/airflow/.local/lib/python3.8/site-packages/airflow/example_dags/example_sensors.py took 0.069 seconds
[2024-02-24T09:45:25.667+0000] {processor.py:161} INFO - Started process (PID=9605) to work on /home/airflow/.local/lib/python3.8/site-packages/airflow/example_dags/example_sensors.py
[2024-02-24T09:45:25.668+0000] {processor.py:830} INFO - Processing file /home/airflow/.local/lib/python3.8/site-packages/airflow/example_dags/example_sensors.py for tasks to queue
[2024-02-24T09:45:25.671+0000] {logging_mixin.py:188} INFO - [2024-02-24T09:45:25.670+0000] {dagbag.py:538} INFO - Filling up the DagBag from /home/airflow/.local/lib/python3.8/site-packages/airflow/example_dags/example_sensors.py
[2024-02-24T09:45:25.680+0000] {processor.py:840} INFO - DAG(s) 'example_sensors' retrieved from /home/airflow/.local/lib/python3.8/site-packages/airflow/example_dags/example_sensors.py
[2024-02-24T09:45:25.703+0000] {logging_mixin.py:188} INFO - [2024-02-24T09:45:25.703+0000] {dag.py:3033} INFO - Sync 1 DAGs
[2024-02-24T09:45:25.715+0000] {logging_mixin.py:188} INFO - [2024-02-24T09:45:25.715+0000] {dag.py:3820} INFO - Setting next_dagrun for example_sensors to None, run_after=None
[2024-02-24T09:45:25.744+0000] {processor.py:183} INFO - Processing /home/airflow/.local/lib/python3.8/site-packages/airflow/example_dags/example_sensors.py took 0.080 seconds
[2024-02-24T09:45:56.588+0000] {processor.py:161} INFO - Started process (PID=9662) to work on /home/airflow/.local/lib/python3.8/site-packages/airflow/example_dags/example_sensors.py
[2024-02-24T09:45:56.589+0000] {processor.py:830} INFO - Processing file /home/airflow/.local/lib/python3.8/site-packages/airflow/example_dags/example_sensors.py for tasks to queue
[2024-02-24T09:45:56.591+0000] {logging_mixin.py:188} INFO - [2024-02-24T09:45:56.591+0000] {dagbag.py:538} INFO - Filling up the DagBag from /home/airflow/.local/lib/python3.8/site-packages/airflow/example_dags/example_sensors.py
[2024-02-24T09:45:56.602+0000] {processor.py:840} INFO - DAG(s) 'example_sensors' retrieved from /home/airflow/.local/lib/python3.8/site-packages/airflow/example_dags/example_sensors.py
[2024-02-24T09:45:56.630+0000] {logging_mixin.py:188} INFO - [2024-02-24T09:45:56.630+0000] {dag.py:3033} INFO - Sync 1 DAGs
[2024-02-24T09:45:56.642+0000] {logging_mixin.py:188} INFO - [2024-02-24T09:45:56.642+0000] {dag.py:3820} INFO - Setting next_dagrun for example_sensors to None, run_after=None
[2024-02-24T09:45:56.660+0000] {processor.py:183} INFO - Processing /home/airflow/.local/lib/python3.8/site-packages/airflow/example_dags/example_sensors.py took 0.076 seconds
[2024-02-24T09:46:27.488+0000] {processor.py:161} INFO - Started process (PID=9719) to work on /home/airflow/.local/lib/python3.8/site-packages/airflow/example_dags/example_sensors.py
[2024-02-24T09:46:27.489+0000] {processor.py:830} INFO - Processing file /home/airflow/.local/lib/python3.8/site-packages/airflow/example_dags/example_sensors.py for tasks to queue
[2024-02-24T09:46:27.492+0000] {logging_mixin.py:188} INFO - [2024-02-24T09:46:27.491+0000] {dagbag.py:538} INFO - Filling up the DagBag from /home/airflow/.local/lib/python3.8/site-packages/airflow/example_dags/example_sensors.py
[2024-02-24T09:46:27.501+0000] {processor.py:840} INFO - DAG(s) 'example_sensors' retrieved from /home/airflow/.local/lib/python3.8/site-packages/airflow/example_dags/example_sensors.py
[2024-02-24T09:46:27.524+0000] {logging_mixin.py:188} INFO - [2024-02-24T09:46:27.524+0000] {dag.py:3033} INFO - Sync 1 DAGs
[2024-02-24T09:46:27.536+0000] {logging_mixin.py:188} INFO - [2024-02-24T09:46:27.535+0000] {dag.py:3820} INFO - Setting next_dagrun for example_sensors to None, run_after=None
[2024-02-24T09:46:27.552+0000] {processor.py:183} INFO - Processing /home/airflow/.local/lib/python3.8/site-packages/airflow/example_dags/example_sensors.py took 0.067 seconds
[2024-02-24T09:46:58.280+0000] {processor.py:161} INFO - Started process (PID=9776) to work on /home/airflow/.local/lib/python3.8/site-packages/airflow/example_dags/example_sensors.py
[2024-02-24T09:46:58.281+0000] {processor.py:830} INFO - Processing file /home/airflow/.local/lib/python3.8/site-packages/airflow/example_dags/example_sensors.py for tasks to queue
[2024-02-24T09:46:58.283+0000] {logging_mixin.py:188} INFO - [2024-02-24T09:46:58.283+0000] {dagbag.py:538} INFO - Filling up the DagBag from /home/airflow/.local/lib/python3.8/site-packages/airflow/example_dags/example_sensors.py
[2024-02-24T09:46:58.292+0000] {processor.py:840} INFO - DAG(s) 'example_sensors' retrieved from /home/airflow/.local/lib/python3.8/site-packages/airflow/example_dags/example_sensors.py
[2024-02-24T09:46:58.317+0000] {logging_mixin.py:188} INFO - [2024-02-24T09:46:58.317+0000] {dag.py:3033} INFO - Sync 1 DAGs
[2024-02-24T09:46:58.329+0000] {logging_mixin.py:188} INFO - [2024-02-24T09:46:58.329+0000] {dag.py:3820} INFO - Setting next_dagrun for example_sensors to None, run_after=None
[2024-02-24T09:46:58.355+0000] {processor.py:183} INFO - Processing /home/airflow/.local/lib/python3.8/site-packages/airflow/example_dags/example_sensors.py took 0.078 seconds
[2024-02-24T09:47:28.969+0000] {processor.py:161} INFO - Started process (PID=9833) to work on /home/airflow/.local/lib/python3.8/site-packages/airflow/example_dags/example_sensors.py
[2024-02-24T09:47:28.970+0000] {processor.py:830} INFO - Processing file /home/airflow/.local/lib/python3.8/site-packages/airflow/example_dags/example_sensors.py for tasks to queue
[2024-02-24T09:47:28.972+0000] {logging_mixin.py:188} INFO - [2024-02-24T09:47:28.972+0000] {dagbag.py:538} INFO - Filling up the DagBag from /home/airflow/.local/lib/python3.8/site-packages/airflow/example_dags/example_sensors.py
[2024-02-24T09:47:28.982+0000] {processor.py:840} INFO - DAG(s) 'example_sensors' retrieved from /home/airflow/.local/lib/python3.8/site-packages/airflow/example_dags/example_sensors.py
[2024-02-24T09:47:29.007+0000] {logging_mixin.py:188} INFO - [2024-02-24T09:47:29.007+0000] {dag.py:3033} INFO - Sync 1 DAGs
[2024-02-24T09:47:29.020+0000] {logging_mixin.py:188} INFO - [2024-02-24T09:47:29.020+0000] {dag.py:3820} INFO - Setting next_dagrun for example_sensors to None, run_after=None
[2024-02-24T09:47:29.042+0000] {processor.py:183} INFO - Processing /home/airflow/.local/lib/python3.8/site-packages/airflow/example_dags/example_sensors.py took 0.076 seconds
[2024-02-24T09:47:59.768+0000] {processor.py:161} INFO - Started process (PID=9890) to work on /home/airflow/.local/lib/python3.8/site-packages/airflow/example_dags/example_sensors.py
[2024-02-24T09:47:59.770+0000] {processor.py:830} INFO - Processing file /home/airflow/.local/lib/python3.8/site-packages/airflow/example_dags/example_sensors.py for tasks to queue
[2024-02-24T09:47:59.772+0000] {logging_mixin.py:188} INFO - [2024-02-24T09:47:59.772+0000] {dagbag.py:538} INFO - Filling up the DagBag from /home/airflow/.local/lib/python3.8/site-packages/airflow/example_dags/example_sensors.py
[2024-02-24T09:47:59.786+0000] {processor.py:840} INFO - DAG(s) 'example_sensors' retrieved from /home/airflow/.local/lib/python3.8/site-packages/airflow/example_dags/example_sensors.py
[2024-02-24T09:47:59.821+0000] {logging_mixin.py:188} INFO - [2024-02-24T09:47:59.821+0000] {dag.py:3033} INFO - Sync 1 DAGs
[2024-02-24T09:47:59.838+0000] {logging_mixin.py:188} INFO - [2024-02-24T09:47:59.838+0000] {dag.py:3820} INFO - Setting next_dagrun for example_sensors to None, run_after=None
[2024-02-24T09:47:59.859+0000] {processor.py:183} INFO - Processing /home/airflow/.local/lib/python3.8/site-packages/airflow/example_dags/example_sensors.py took 0.095 seconds
[2024-02-24T09:48:30.041+0000] {processor.py:161} INFO - Started process (PID=9947) to work on /home/airflow/.local/lib/python3.8/site-packages/airflow/example_dags/example_sensors.py
[2024-02-24T09:48:30.043+0000] {processor.py:830} INFO - Processing file /home/airflow/.local/lib/python3.8/site-packages/airflow/example_dags/example_sensors.py for tasks to queue
[2024-02-24T09:48:30.046+0000] {logging_mixin.py:188} INFO - [2024-02-24T09:48:30.045+0000] {dagbag.py:538} INFO - Filling up the DagBag from /home/airflow/.local/lib/python3.8/site-packages/airflow/example_dags/example_sensors.py
[2024-02-24T09:48:30.056+0000] {processor.py:840} INFO - DAG(s) 'example_sensors' retrieved from /home/airflow/.local/lib/python3.8/site-packages/airflow/example_dags/example_sensors.py
[2024-02-24T09:48:30.086+0000] {logging_mixin.py:188} INFO - [2024-02-24T09:48:30.085+0000] {dag.py:3033} INFO - Sync 1 DAGs
[2024-02-24T09:48:30.100+0000] {logging_mixin.py:188} INFO - [2024-02-24T09:48:30.100+0000] {dag.py:3820} INFO - Setting next_dagrun for example_sensors to None, run_after=None
[2024-02-24T09:48:30.121+0000] {processor.py:183} INFO - Processing /home/airflow/.local/lib/python3.8/site-packages/airflow/example_dags/example_sensors.py took 0.083 seconds
[2024-02-24T09:49:00.398+0000] {processor.py:161} INFO - Started process (PID=10004) to work on /home/airflow/.local/lib/python3.8/site-packages/airflow/example_dags/example_sensors.py
[2024-02-24T09:49:00.399+0000] {processor.py:830} INFO - Processing file /home/airflow/.local/lib/python3.8/site-packages/airflow/example_dags/example_sensors.py for tasks to queue
[2024-02-24T09:49:00.402+0000] {logging_mixin.py:188} INFO - [2024-02-24T09:49:00.401+0000] {dagbag.py:538} INFO - Filling up the DagBag from /home/airflow/.local/lib/python3.8/site-packages/airflow/example_dags/example_sensors.py
[2024-02-24T09:49:00.414+0000] {processor.py:840} INFO - DAG(s) 'example_sensors' retrieved from /home/airflow/.local/lib/python3.8/site-packages/airflow/example_dags/example_sensors.py
[2024-02-24T09:49:00.448+0000] {logging_mixin.py:188} INFO - [2024-02-24T09:49:00.448+0000] {dag.py:3033} INFO - Sync 1 DAGs
[2024-02-24T09:49:00.465+0000] {logging_mixin.py:188} INFO - [2024-02-24T09:49:00.464+0000] {dag.py:3820} INFO - Setting next_dagrun for example_sensors to None, run_after=None
[2024-02-24T09:49:00.490+0000] {processor.py:183} INFO - Processing /home/airflow/.local/lib/python3.8/site-packages/airflow/example_dags/example_sensors.py took 0.095 seconds
