[2024-02-24T09:35:44.583+0000] {processor.py:161} INFO - Started process (PID=8527) to work on /home/airflow/.local/lib/python3.8/site-packages/airflow/example_dags/example_datasets.py
[2024-02-24T09:35:44.593+0000] {processor.py:830} INFO - Processing file /home/airflow/.local/lib/python3.8/site-packages/airflow/example_dags/example_datasets.py for tasks to queue
[2024-02-24T09:35:44.597+0000] {logging_mixin.py:188} INFO - [2024-02-24T09:35:44.597+0000] {dagbag.py:538} INFO - Filling up the DagBag from /home/airflow/.local/lib/python3.8/site-packages/airflow/example_dags/example_datasets.py
[2024-02-24T09:35:44.630+0000] {processor.py:840} INFO - DAG(s) 'dataset_produces_2', 'dataset_consumes_1_and_2', 'dataset_consumes_unknown_never_scheduled', 'dataset_produces_1', 'dataset_consumes_1_never_scheduled', 'dataset_consumes_1' retrieved from /home/airflow/.local/lib/python3.8/site-packages/airflow/example_dags/example_datasets.py
[2024-02-24T09:35:44.710+0000] {logging_mixin.py:188} INFO - [2024-02-24T09:35:44.710+0000] {dag.py:3033} INFO - Sync 6 DAGs
[2024-02-24T09:35:44.762+0000] {logging_mixin.py:188} INFO - [2024-02-24T09:35:44.762+0000] {dag.py:3820} INFO - Setting next_dagrun for dataset_consumes_1 to None, run_after=None
[2024-02-24T09:35:44.773+0000] {logging_mixin.py:188} INFO - [2024-02-24T09:35:44.772+0000] {dag.py:3820} INFO - Setting next_dagrun for dataset_consumes_1_and_2 to None, run_after=None
[2024-02-24T09:35:44.776+0000] {logging_mixin.py:188} INFO - [2024-02-24T09:35:44.776+0000] {dag.py:3820} INFO - Setting next_dagrun for dataset_consumes_1_never_scheduled to None, run_after=None
[2024-02-24T09:35:44.779+0000] {logging_mixin.py:188} INFO - [2024-02-24T09:35:44.778+0000] {dag.py:3820} INFO - Setting next_dagrun for dataset_consumes_unknown_never_scheduled to None, run_after=None
[2024-02-24T09:35:44.784+0000] {logging_mixin.py:188} INFO - [2024-02-24T09:35:44.784+0000] {dag.py:3820} INFO - Setting next_dagrun for dataset_produces_1 to 2024-02-23T00:00:00+00:00, run_after=2024-02-24T00:00:00+00:00
[2024-02-24T09:35:44.789+0000] {logging_mixin.py:188} INFO - [2024-02-24T09:35:44.788+0000] {dag.py:3820} INFO - Setting next_dagrun for dataset_produces_2 to None, run_after=None
[2024-02-24T09:35:44.865+0000] {processor.py:183} INFO - Processing /home/airflow/.local/lib/python3.8/site-packages/airflow/example_dags/example_datasets.py took 0.288 seconds
[2024-02-24T09:36:15.031+0000] {processor.py:161} INFO - Started process (PID=8584) to work on /home/airflow/.local/lib/python3.8/site-packages/airflow/example_dags/example_datasets.py
[2024-02-24T09:36:15.032+0000] {processor.py:830} INFO - Processing file /home/airflow/.local/lib/python3.8/site-packages/airflow/example_dags/example_datasets.py for tasks to queue
[2024-02-24T09:36:15.034+0000] {logging_mixin.py:188} INFO - [2024-02-24T09:36:15.034+0000] {dagbag.py:538} INFO - Filling up the DagBag from /home/airflow/.local/lib/python3.8/site-packages/airflow/example_dags/example_datasets.py
[2024-02-24T09:36:15.043+0000] {processor.py:840} INFO - DAG(s) 'dataset_consumes_1', 'dataset_consumes_unknown_never_scheduled', 'dataset_consumes_1_never_scheduled', 'dataset_produces_2', 'dataset_consumes_1_and_2', 'dataset_produces_1' retrieved from /home/airflow/.local/lib/python3.8/site-packages/airflow/example_dags/example_datasets.py
[2024-02-24T09:36:15.078+0000] {logging_mixin.py:188} INFO - [2024-02-24T09:36:15.078+0000] {dag.py:3033} INFO - Sync 6 DAGs
[2024-02-24T09:36:15.099+0000] {logging_mixin.py:188} INFO - [2024-02-24T09:36:15.099+0000] {dag.py:3820} INFO - Setting next_dagrun for dataset_consumes_1 to None, run_after=None
[2024-02-24T09:36:15.103+0000] {logging_mixin.py:188} INFO - [2024-02-24T09:36:15.102+0000] {dag.py:3820} INFO - Setting next_dagrun for dataset_consumes_1_and_2 to None, run_after=None
[2024-02-24T09:36:15.104+0000] {logging_mixin.py:188} INFO - [2024-02-24T09:36:15.104+0000] {dag.py:3820} INFO - Setting next_dagrun for dataset_consumes_1_never_scheduled to None, run_after=None
[2024-02-24T09:36:15.106+0000] {logging_mixin.py:188} INFO - [2024-02-24T09:36:15.106+0000] {dag.py:3820} INFO - Setting next_dagrun for dataset_consumes_unknown_never_scheduled to None, run_after=None
[2024-02-24T09:36:15.109+0000] {logging_mixin.py:188} INFO - [2024-02-24T09:36:15.109+0000] {dag.py:3820} INFO - Setting next_dagrun for dataset_produces_1 to 2024-02-23T00:00:00+00:00, run_after=2024-02-24T00:00:00+00:00
[2024-02-24T09:36:15.111+0000] {logging_mixin.py:188} INFO - [2024-02-24T09:36:15.110+0000] {dag.py:3820} INFO - Setting next_dagrun for dataset_produces_2 to None, run_after=None
[2024-02-24T09:36:15.139+0000] {processor.py:183} INFO - Processing /home/airflow/.local/lib/python3.8/site-packages/airflow/example_dags/example_datasets.py took 0.111 seconds
[2024-02-24T09:36:45.560+0000] {processor.py:161} INFO - Started process (PID=8641) to work on /home/airflow/.local/lib/python3.8/site-packages/airflow/example_dags/example_datasets.py
[2024-02-24T09:36:45.562+0000] {processor.py:830} INFO - Processing file /home/airflow/.local/lib/python3.8/site-packages/airflow/example_dags/example_datasets.py for tasks to queue
[2024-02-24T09:36:45.565+0000] {logging_mixin.py:188} INFO - [2024-02-24T09:36:45.565+0000] {dagbag.py:538} INFO - Filling up the DagBag from /home/airflow/.local/lib/python3.8/site-packages/airflow/example_dags/example_datasets.py
[2024-02-24T09:36:45.576+0000] {processor.py:840} INFO - DAG(s) 'dataset_produces_2', 'dataset_consumes_unknown_never_scheduled', 'dataset_consumes_1_never_scheduled', 'dataset_consumes_1_and_2', 'dataset_produces_1', 'dataset_consumes_1' retrieved from /home/airflow/.local/lib/python3.8/site-packages/airflow/example_dags/example_datasets.py
[2024-02-24T09:36:45.623+0000] {logging_mixin.py:188} INFO - [2024-02-24T09:36:45.623+0000] {dag.py:3033} INFO - Sync 6 DAGs
[2024-02-24T09:36:45.649+0000] {logging_mixin.py:188} INFO - [2024-02-24T09:36:45.648+0000] {dag.py:3820} INFO - Setting next_dagrun for dataset_consumes_1 to None, run_after=None
[2024-02-24T09:36:45.652+0000] {logging_mixin.py:188} INFO - [2024-02-24T09:36:45.652+0000] {dag.py:3820} INFO - Setting next_dagrun for dataset_consumes_1_and_2 to None, run_after=None
[2024-02-24T09:36:45.654+0000] {logging_mixin.py:188} INFO - [2024-02-24T09:36:45.654+0000] {dag.py:3820} INFO - Setting next_dagrun for dataset_consumes_1_never_scheduled to None, run_after=None
[2024-02-24T09:36:45.656+0000] {logging_mixin.py:188} INFO - [2024-02-24T09:36:45.656+0000] {dag.py:3820} INFO - Setting next_dagrun for dataset_consumes_unknown_never_scheduled to None, run_after=None
[2024-02-24T09:36:45.660+0000] {logging_mixin.py:188} INFO - [2024-02-24T09:36:45.659+0000] {dag.py:3820} INFO - Setting next_dagrun for dataset_produces_1 to 2024-02-23T00:00:00+00:00, run_after=2024-02-24T00:00:00+00:00
[2024-02-24T09:36:45.662+0000] {logging_mixin.py:188} INFO - [2024-02-24T09:36:45.661+0000] {dag.py:3820} INFO - Setting next_dagrun for dataset_produces_2 to None, run_after=None
[2024-02-24T09:36:45.707+0000] {processor.py:183} INFO - Processing /home/airflow/.local/lib/python3.8/site-packages/airflow/example_dags/example_datasets.py took 0.155 seconds
[2024-02-24T09:37:15.889+0000] {processor.py:161} INFO - Started process (PID=8698) to work on /home/airflow/.local/lib/python3.8/site-packages/airflow/example_dags/example_datasets.py
[2024-02-24T09:37:15.890+0000] {processor.py:830} INFO - Processing file /home/airflow/.local/lib/python3.8/site-packages/airflow/example_dags/example_datasets.py for tasks to queue
[2024-02-24T09:37:15.892+0000] {logging_mixin.py:188} INFO - [2024-02-24T09:37:15.891+0000] {dagbag.py:538} INFO - Filling up the DagBag from /home/airflow/.local/lib/python3.8/site-packages/airflow/example_dags/example_datasets.py
[2024-02-24T09:37:15.900+0000] {processor.py:840} INFO - DAG(s) 'dataset_produces_2', 'dataset_produces_1', 'dataset_consumes_1_never_scheduled', 'dataset_consumes_1', 'dataset_consumes_unknown_never_scheduled', 'dataset_consumes_1_and_2' retrieved from /home/airflow/.local/lib/python3.8/site-packages/airflow/example_dags/example_datasets.py
[2024-02-24T09:37:15.931+0000] {logging_mixin.py:188} INFO - [2024-02-24T09:37:15.931+0000] {dag.py:3033} INFO - Sync 6 DAGs
[2024-02-24T09:37:15.951+0000] {logging_mixin.py:188} INFO - [2024-02-24T09:37:15.950+0000] {dag.py:3820} INFO - Setting next_dagrun for dataset_consumes_1 to None, run_after=None
[2024-02-24T09:37:15.954+0000] {logging_mixin.py:188} INFO - [2024-02-24T09:37:15.954+0000] {dag.py:3820} INFO - Setting next_dagrun for dataset_consumes_1_and_2 to None, run_after=None
[2024-02-24T09:37:15.955+0000] {logging_mixin.py:188} INFO - [2024-02-24T09:37:15.955+0000] {dag.py:3820} INFO - Setting next_dagrun for dataset_consumes_1_never_scheduled to None, run_after=None
[2024-02-24T09:37:15.956+0000] {logging_mixin.py:188} INFO - [2024-02-24T09:37:15.956+0000] {dag.py:3820} INFO - Setting next_dagrun for dataset_consumes_unknown_never_scheduled to None, run_after=None
[2024-02-24T09:37:15.959+0000] {logging_mixin.py:188} INFO - [2024-02-24T09:37:15.959+0000] {dag.py:3820} INFO - Setting next_dagrun for dataset_produces_1 to 2024-02-23T00:00:00+00:00, run_after=2024-02-24T00:00:00+00:00
[2024-02-24T09:37:15.960+0000] {logging_mixin.py:188} INFO - [2024-02-24T09:37:15.960+0000] {dag.py:3820} INFO - Setting next_dagrun for dataset_produces_2 to None, run_after=None
[2024-02-24T09:37:15.985+0000] {processor.py:183} INFO - Processing /home/airflow/.local/lib/python3.8/site-packages/airflow/example_dags/example_datasets.py took 0.099 seconds
[2024-02-24T09:37:46.136+0000] {processor.py:161} INFO - Started process (PID=8755) to work on /home/airflow/.local/lib/python3.8/site-packages/airflow/example_dags/example_datasets.py
[2024-02-24T09:37:46.137+0000] {processor.py:830} INFO - Processing file /home/airflow/.local/lib/python3.8/site-packages/airflow/example_dags/example_datasets.py for tasks to queue
[2024-02-24T09:37:46.139+0000] {logging_mixin.py:188} INFO - [2024-02-24T09:37:46.139+0000] {dagbag.py:538} INFO - Filling up the DagBag from /home/airflow/.local/lib/python3.8/site-packages/airflow/example_dags/example_datasets.py
[2024-02-24T09:37:46.151+0000] {processor.py:840} INFO - DAG(s) 'dataset_consumes_1_and_2', 'dataset_produces_2', 'dataset_produces_1', 'dataset_consumes_1', 'dataset_consumes_unknown_never_scheduled', 'dataset_consumes_1_never_scheduled' retrieved from /home/airflow/.local/lib/python3.8/site-packages/airflow/example_dags/example_datasets.py
[2024-02-24T09:37:46.195+0000] {logging_mixin.py:188} INFO - [2024-02-24T09:37:46.195+0000] {dag.py:3033} INFO - Sync 6 DAGs
[2024-02-24T09:37:46.220+0000] {logging_mixin.py:188} INFO - [2024-02-24T09:37:46.220+0000] {dag.py:3820} INFO - Setting next_dagrun for dataset_consumes_1 to None, run_after=None
[2024-02-24T09:37:46.224+0000] {logging_mixin.py:188} INFO - [2024-02-24T09:37:46.224+0000] {dag.py:3820} INFO - Setting next_dagrun for dataset_consumes_1_and_2 to None, run_after=None
[2024-02-24T09:37:46.226+0000] {logging_mixin.py:188} INFO - [2024-02-24T09:37:46.225+0000] {dag.py:3820} INFO - Setting next_dagrun for dataset_consumes_1_never_scheduled to None, run_after=None
[2024-02-24T09:37:46.227+0000] {logging_mixin.py:188} INFO - [2024-02-24T09:37:46.227+0000] {dag.py:3820} INFO - Setting next_dagrun for dataset_consumes_unknown_never_scheduled to None, run_after=None
[2024-02-24T09:37:46.231+0000] {logging_mixin.py:188} INFO - [2024-02-24T09:37:46.231+0000] {dag.py:3820} INFO - Setting next_dagrun for dataset_produces_1 to 2024-02-23T00:00:00+00:00, run_after=2024-02-24T00:00:00+00:00
[2024-02-24T09:37:46.233+0000] {logging_mixin.py:188} INFO - [2024-02-24T09:37:46.233+0000] {dag.py:3820} INFO - Setting next_dagrun for dataset_produces_2 to None, run_after=None
[2024-02-24T09:37:46.265+0000] {processor.py:183} INFO - Processing /home/airflow/.local/lib/python3.8/site-packages/airflow/example_dags/example_datasets.py took 0.133 seconds
[2024-02-24T09:38:16.543+0000] {processor.py:161} INFO - Started process (PID=8812) to work on /home/airflow/.local/lib/python3.8/site-packages/airflow/example_dags/example_datasets.py
[2024-02-24T09:38:16.544+0000] {processor.py:830} INFO - Processing file /home/airflow/.local/lib/python3.8/site-packages/airflow/example_dags/example_datasets.py for tasks to queue
[2024-02-24T09:38:16.547+0000] {logging_mixin.py:188} INFO - [2024-02-24T09:38:16.547+0000] {dagbag.py:538} INFO - Filling up the DagBag from /home/airflow/.local/lib/python3.8/site-packages/airflow/example_dags/example_datasets.py
[2024-02-24T09:38:16.559+0000] {processor.py:840} INFO - DAG(s) 'dataset_consumes_1', 'dataset_produces_1', 'dataset_consumes_unknown_never_scheduled', 'dataset_consumes_1_never_scheduled', 'dataset_consumes_1_and_2', 'dataset_produces_2' retrieved from /home/airflow/.local/lib/python3.8/site-packages/airflow/example_dags/example_datasets.py
[2024-02-24T09:38:16.608+0000] {logging_mixin.py:188} INFO - [2024-02-24T09:38:16.608+0000] {dag.py:3033} INFO - Sync 6 DAGs
[2024-02-24T09:38:16.635+0000] {logging_mixin.py:188} INFO - [2024-02-24T09:38:16.635+0000] {dag.py:3820} INFO - Setting next_dagrun for dataset_consumes_1 to None, run_after=None
[2024-02-24T09:38:16.640+0000] {logging_mixin.py:188} INFO - [2024-02-24T09:38:16.640+0000] {dag.py:3820} INFO - Setting next_dagrun for dataset_consumes_1_and_2 to None, run_after=None
[2024-02-24T09:38:16.642+0000] {logging_mixin.py:188} INFO - [2024-02-24T09:38:16.642+0000] {dag.py:3820} INFO - Setting next_dagrun for dataset_consumes_1_never_scheduled to None, run_after=None
[2024-02-24T09:38:16.644+0000] {logging_mixin.py:188} INFO - [2024-02-24T09:38:16.643+0000] {dag.py:3820} INFO - Setting next_dagrun for dataset_consumes_unknown_never_scheduled to None, run_after=None
[2024-02-24T09:38:16.648+0000] {logging_mixin.py:188} INFO - [2024-02-24T09:38:16.648+0000] {dag.py:3820} INFO - Setting next_dagrun for dataset_produces_1 to 2024-02-23T00:00:00+00:00, run_after=2024-02-24T00:00:00+00:00
[2024-02-24T09:38:16.650+0000] {logging_mixin.py:188} INFO - [2024-02-24T09:38:16.650+0000] {dag.py:3820} INFO - Setting next_dagrun for dataset_produces_2 to None, run_after=None
[2024-02-24T09:38:16.695+0000] {processor.py:183} INFO - Processing /home/airflow/.local/lib/python3.8/site-packages/airflow/example_dags/example_datasets.py took 0.156 seconds
[2024-02-24T09:38:47.347+0000] {processor.py:161} INFO - Started process (PID=8870) to work on /home/airflow/.local/lib/python3.8/site-packages/airflow/example_dags/example_datasets.py
[2024-02-24T09:38:47.348+0000] {processor.py:830} INFO - Processing file /home/airflow/.local/lib/python3.8/site-packages/airflow/example_dags/example_datasets.py for tasks to queue
[2024-02-24T09:38:47.351+0000] {logging_mixin.py:188} INFO - [2024-02-24T09:38:47.350+0000] {dagbag.py:538} INFO - Filling up the DagBag from /home/airflow/.local/lib/python3.8/site-packages/airflow/example_dags/example_datasets.py
[2024-02-24T09:38:47.363+0000] {processor.py:840} INFO - DAG(s) 'dataset_consumes_1_never_scheduled', 'dataset_produces_1', 'dataset_consumes_1', 'dataset_consumes_1_and_2', 'dataset_consumes_unknown_never_scheduled', 'dataset_produces_2' retrieved from /home/airflow/.local/lib/python3.8/site-packages/airflow/example_dags/example_datasets.py
[2024-02-24T09:38:47.408+0000] {logging_mixin.py:188} INFO - [2024-02-24T09:38:47.408+0000] {dag.py:3033} INFO - Sync 6 DAGs
[2024-02-24T09:38:47.438+0000] {logging_mixin.py:188} INFO - [2024-02-24T09:38:47.437+0000] {dag.py:3820} INFO - Setting next_dagrun for dataset_consumes_1 to None, run_after=None
[2024-02-24T09:38:47.442+0000] {logging_mixin.py:188} INFO - [2024-02-24T09:38:47.442+0000] {dag.py:3820} INFO - Setting next_dagrun for dataset_consumes_1_and_2 to None, run_after=None
[2024-02-24T09:38:47.444+0000] {logging_mixin.py:188} INFO - [2024-02-24T09:38:47.444+0000] {dag.py:3820} INFO - Setting next_dagrun for dataset_consumes_1_never_scheduled to None, run_after=None
[2024-02-24T09:38:47.446+0000] {logging_mixin.py:188} INFO - [2024-02-24T09:38:47.446+0000] {dag.py:3820} INFO - Setting next_dagrun for dataset_consumes_unknown_never_scheduled to None, run_after=None
[2024-02-24T09:38:47.450+0000] {logging_mixin.py:188} INFO - [2024-02-24T09:38:47.450+0000] {dag.py:3820} INFO - Setting next_dagrun for dataset_produces_1 to 2024-02-23T00:00:00+00:00, run_after=2024-02-24T00:00:00+00:00
[2024-02-24T09:38:47.452+0000] {logging_mixin.py:188} INFO - [2024-02-24T09:38:47.452+0000] {dag.py:3820} INFO - Setting next_dagrun for dataset_produces_2 to None, run_after=None
[2024-02-24T09:38:47.488+0000] {processor.py:183} INFO - Processing /home/airflow/.local/lib/python3.8/site-packages/airflow/example_dags/example_datasets.py took 0.145 seconds
[2024-02-24T09:39:17.718+0000] {processor.py:161} INFO - Started process (PID=8926) to work on /home/airflow/.local/lib/python3.8/site-packages/airflow/example_dags/example_datasets.py
[2024-02-24T09:39:17.719+0000] {processor.py:830} INFO - Processing file /home/airflow/.local/lib/python3.8/site-packages/airflow/example_dags/example_datasets.py for tasks to queue
[2024-02-24T09:39:17.721+0000] {logging_mixin.py:188} INFO - [2024-02-24T09:39:17.721+0000] {dagbag.py:538} INFO - Filling up the DagBag from /home/airflow/.local/lib/python3.8/site-packages/airflow/example_dags/example_datasets.py
[2024-02-24T09:39:17.730+0000] {processor.py:840} INFO - DAG(s) 'dataset_produces_2', 'dataset_consumes_1_and_2', 'dataset_consumes_1', 'dataset_consumes_1_never_scheduled', 'dataset_produces_1', 'dataset_consumes_unknown_never_scheduled' retrieved from /home/airflow/.local/lib/python3.8/site-packages/airflow/example_dags/example_datasets.py
[2024-02-24T09:39:17.768+0000] {logging_mixin.py:188} INFO - [2024-02-24T09:39:17.768+0000] {dag.py:3033} INFO - Sync 6 DAGs
[2024-02-24T09:39:17.789+0000] {logging_mixin.py:188} INFO - [2024-02-24T09:39:17.788+0000] {dag.py:3820} INFO - Setting next_dagrun for dataset_consumes_1 to None, run_after=None
[2024-02-24T09:39:17.792+0000] {logging_mixin.py:188} INFO - [2024-02-24T09:39:17.792+0000] {dag.py:3820} INFO - Setting next_dagrun for dataset_consumes_1_and_2 to None, run_after=None
[2024-02-24T09:39:17.794+0000] {logging_mixin.py:188} INFO - [2024-02-24T09:39:17.794+0000] {dag.py:3820} INFO - Setting next_dagrun for dataset_consumes_1_never_scheduled to None, run_after=None
[2024-02-24T09:39:17.795+0000] {logging_mixin.py:188} INFO - [2024-02-24T09:39:17.795+0000] {dag.py:3820} INFO - Setting next_dagrun for dataset_consumes_unknown_never_scheduled to None, run_after=None
[2024-02-24T09:39:17.798+0000] {logging_mixin.py:188} INFO - [2024-02-24T09:39:17.798+0000] {dag.py:3820} INFO - Setting next_dagrun for dataset_produces_1 to 2024-02-23T00:00:00+00:00, run_after=2024-02-24T00:00:00+00:00
[2024-02-24T09:39:17.800+0000] {logging_mixin.py:188} INFO - [2024-02-24T09:39:17.799+0000] {dag.py:3820} INFO - Setting next_dagrun for dataset_produces_2 to None, run_after=None
[2024-02-24T09:39:17.831+0000] {processor.py:183} INFO - Processing /home/airflow/.local/lib/python3.8/site-packages/airflow/example_dags/example_datasets.py took 0.116 seconds
[2024-02-24T09:39:48.606+0000] {processor.py:161} INFO - Started process (PID=8983) to work on /home/airflow/.local/lib/python3.8/site-packages/airflow/example_dags/example_datasets.py
[2024-02-24T09:39:48.607+0000] {processor.py:830} INFO - Processing file /home/airflow/.local/lib/python3.8/site-packages/airflow/example_dags/example_datasets.py for tasks to queue
[2024-02-24T09:39:48.609+0000] {logging_mixin.py:188} INFO - [2024-02-24T09:39:48.609+0000] {dagbag.py:538} INFO - Filling up the DagBag from /home/airflow/.local/lib/python3.8/site-packages/airflow/example_dags/example_datasets.py
[2024-02-24T09:39:48.617+0000] {processor.py:840} INFO - DAG(s) 'dataset_consumes_unknown_never_scheduled', 'dataset_produces_1', 'dataset_consumes_1', 'dataset_consumes_1_and_2', 'dataset_consumes_1_never_scheduled', 'dataset_produces_2' retrieved from /home/airflow/.local/lib/python3.8/site-packages/airflow/example_dags/example_datasets.py
[2024-02-24T09:39:48.650+0000] {logging_mixin.py:188} INFO - [2024-02-24T09:39:48.650+0000] {dag.py:3033} INFO - Sync 6 DAGs
[2024-02-24T09:39:48.671+0000] {logging_mixin.py:188} INFO - [2024-02-24T09:39:48.671+0000] {dag.py:3820} INFO - Setting next_dagrun for dataset_consumes_1 to None, run_after=None
[2024-02-24T09:39:48.676+0000] {logging_mixin.py:188} INFO - [2024-02-24T09:39:48.676+0000] {dag.py:3820} INFO - Setting next_dagrun for dataset_consumes_1_and_2 to None, run_after=None
[2024-02-24T09:39:48.677+0000] {logging_mixin.py:188} INFO - [2024-02-24T09:39:48.677+0000] {dag.py:3820} INFO - Setting next_dagrun for dataset_consumes_1_never_scheduled to None, run_after=None
[2024-02-24T09:39:48.679+0000] {logging_mixin.py:188} INFO - [2024-02-24T09:39:48.679+0000] {dag.py:3820} INFO - Setting next_dagrun for dataset_consumes_unknown_never_scheduled to None, run_after=None
[2024-02-24T09:39:48.682+0000] {logging_mixin.py:188} INFO - [2024-02-24T09:39:48.682+0000] {dag.py:3820} INFO - Setting next_dagrun for dataset_produces_1 to 2024-02-23T00:00:00+00:00, run_after=2024-02-24T00:00:00+00:00
[2024-02-24T09:39:48.684+0000] {logging_mixin.py:188} INFO - [2024-02-24T09:39:48.684+0000] {dag.py:3820} INFO - Setting next_dagrun for dataset_produces_2 to None, run_after=None
[2024-02-24T09:39:48.725+0000] {processor.py:183} INFO - Processing /home/airflow/.local/lib/python3.8/site-packages/airflow/example_dags/example_datasets.py took 0.122 seconds
[2024-02-24T09:40:19.545+0000] {processor.py:161} INFO - Started process (PID=9040) to work on /home/airflow/.local/lib/python3.8/site-packages/airflow/example_dags/example_datasets.py
[2024-02-24T09:40:19.546+0000] {processor.py:830} INFO - Processing file /home/airflow/.local/lib/python3.8/site-packages/airflow/example_dags/example_datasets.py for tasks to queue
[2024-02-24T09:40:19.549+0000] {logging_mixin.py:188} INFO - [2024-02-24T09:40:19.549+0000] {dagbag.py:538} INFO - Filling up the DagBag from /home/airflow/.local/lib/python3.8/site-packages/airflow/example_dags/example_datasets.py
[2024-02-24T09:40:19.558+0000] {processor.py:840} INFO - DAG(s) 'dataset_consumes_1_never_scheduled', 'dataset_produces_1', 'dataset_consumes_unknown_never_scheduled', 'dataset_consumes_1', 'dataset_consumes_1_and_2', 'dataset_produces_2' retrieved from /home/airflow/.local/lib/python3.8/site-packages/airflow/example_dags/example_datasets.py
[2024-02-24T09:40:19.593+0000] {logging_mixin.py:188} INFO - [2024-02-24T09:40:19.593+0000] {dag.py:3033} INFO - Sync 6 DAGs
[2024-02-24T09:40:19.615+0000] {logging_mixin.py:188} INFO - [2024-02-24T09:40:19.615+0000] {dag.py:3820} INFO - Setting next_dagrun for dataset_consumes_1 to None, run_after=None
[2024-02-24T09:40:19.618+0000] {logging_mixin.py:188} INFO - [2024-02-24T09:40:19.618+0000] {dag.py:3820} INFO - Setting next_dagrun for dataset_consumes_1_and_2 to None, run_after=None
[2024-02-24T09:40:19.620+0000] {logging_mixin.py:188} INFO - [2024-02-24T09:40:19.619+0000] {dag.py:3820} INFO - Setting next_dagrun for dataset_consumes_1_never_scheduled to None, run_after=None
[2024-02-24T09:40:19.621+0000] {logging_mixin.py:188} INFO - [2024-02-24T09:40:19.621+0000] {dag.py:3820} INFO - Setting next_dagrun for dataset_consumes_unknown_never_scheduled to None, run_after=None
[2024-02-24T09:40:19.624+0000] {logging_mixin.py:188} INFO - [2024-02-24T09:40:19.624+0000] {dag.py:3820} INFO - Setting next_dagrun for dataset_produces_1 to 2024-02-23T00:00:00+00:00, run_after=2024-02-24T00:00:00+00:00
[2024-02-24T09:40:19.625+0000] {logging_mixin.py:188} INFO - [2024-02-24T09:40:19.625+0000] {dag.py:3820} INFO - Setting next_dagrun for dataset_produces_2 to None, run_after=None
[2024-02-24T09:40:19.658+0000] {processor.py:183} INFO - Processing /home/airflow/.local/lib/python3.8/site-packages/airflow/example_dags/example_datasets.py took 0.115 seconds
[2024-02-24T09:40:50.950+0000] {processor.py:161} INFO - Started process (PID=9097) to work on /home/airflow/.local/lib/python3.8/site-packages/airflow/example_dags/example_datasets.py
[2024-02-24T09:40:50.954+0000] {processor.py:830} INFO - Processing file /home/airflow/.local/lib/python3.8/site-packages/airflow/example_dags/example_datasets.py for tasks to queue
[2024-02-24T09:40:50.957+0000] {logging_mixin.py:188} INFO - [2024-02-24T09:40:50.956+0000] {dagbag.py:538} INFO - Filling up the DagBag from /home/airflow/.local/lib/python3.8/site-packages/airflow/example_dags/example_datasets.py
[2024-02-24T09:40:50.987+0000] {processor.py:840} INFO - DAG(s) 'dataset_consumes_1_and_2', 'dataset_consumes_1', 'dataset_consumes_1_never_scheduled', 'dataset_produces_1', 'dataset_produces_2', 'dataset_consumes_unknown_never_scheduled' retrieved from /home/airflow/.local/lib/python3.8/site-packages/airflow/example_dags/example_datasets.py
[2024-02-24T09:40:51.088+0000] {logging_mixin.py:188} INFO - [2024-02-24T09:40:51.088+0000] {dag.py:3033} INFO - Sync 6 DAGs
[2024-02-24T09:40:51.147+0000] {logging_mixin.py:188} INFO - [2024-02-24T09:40:51.146+0000] {dag.py:3820} INFO - Setting next_dagrun for dataset_consumes_1 to None, run_after=None
[2024-02-24T09:40:51.159+0000] {logging_mixin.py:188} INFO - [2024-02-24T09:40:51.159+0000] {dag.py:3820} INFO - Setting next_dagrun for dataset_consumes_1_and_2 to None, run_after=None
[2024-02-24T09:40:51.161+0000] {logging_mixin.py:188} INFO - [2024-02-24T09:40:51.161+0000] {dag.py:3820} INFO - Setting next_dagrun for dataset_consumes_1_never_scheduled to None, run_after=None
[2024-02-24T09:40:51.163+0000] {logging_mixin.py:188} INFO - [2024-02-24T09:40:51.163+0000] {dag.py:3820} INFO - Setting next_dagrun for dataset_consumes_unknown_never_scheduled to None, run_after=None
[2024-02-24T09:40:51.168+0000] {logging_mixin.py:188} INFO - [2024-02-24T09:40:51.168+0000] {dag.py:3820} INFO - Setting next_dagrun for dataset_produces_1 to 2024-02-23T00:00:00+00:00, run_after=2024-02-24T00:00:00+00:00
[2024-02-24T09:40:51.179+0000] {logging_mixin.py:188} INFO - [2024-02-24T09:40:51.178+0000] {dag.py:3820} INFO - Setting next_dagrun for dataset_produces_2 to None, run_after=None
[2024-02-24T09:40:51.247+0000] {processor.py:183} INFO - Processing /home/airflow/.local/lib/python3.8/site-packages/airflow/example_dags/example_datasets.py took 0.301 seconds
[2024-02-24T09:41:21.760+0000] {processor.py:161} INFO - Started process (PID=9154) to work on /home/airflow/.local/lib/python3.8/site-packages/airflow/example_dags/example_datasets.py
[2024-02-24T09:41:21.761+0000] {processor.py:830} INFO - Processing file /home/airflow/.local/lib/python3.8/site-packages/airflow/example_dags/example_datasets.py for tasks to queue
[2024-02-24T09:41:21.764+0000] {logging_mixin.py:188} INFO - [2024-02-24T09:41:21.764+0000] {dagbag.py:538} INFO - Filling up the DagBag from /home/airflow/.local/lib/python3.8/site-packages/airflow/example_dags/example_datasets.py
[2024-02-24T09:41:21.777+0000] {processor.py:840} INFO - DAG(s) 'dataset_produces_2', 'dataset_consumes_1', 'dataset_consumes_1_never_scheduled', 'dataset_consumes_1_and_2', 'dataset_produces_1', 'dataset_consumes_unknown_never_scheduled' retrieved from /home/airflow/.local/lib/python3.8/site-packages/airflow/example_dags/example_datasets.py
[2024-02-24T09:41:21.822+0000] {logging_mixin.py:188} INFO - [2024-02-24T09:41:21.821+0000] {dag.py:3033} INFO - Sync 6 DAGs
[2024-02-24T09:41:21.853+0000] {logging_mixin.py:188} INFO - [2024-02-24T09:41:21.853+0000] {dag.py:3820} INFO - Setting next_dagrun for dataset_consumes_1 to None, run_after=None
[2024-02-24T09:41:21.858+0000] {logging_mixin.py:188} INFO - [2024-02-24T09:41:21.858+0000] {dag.py:3820} INFO - Setting next_dagrun for dataset_consumes_1_and_2 to None, run_after=None
[2024-02-24T09:41:21.861+0000] {logging_mixin.py:188} INFO - [2024-02-24T09:41:21.861+0000] {dag.py:3820} INFO - Setting next_dagrun for dataset_consumes_1_never_scheduled to None, run_after=None
[2024-02-24T09:41:21.863+0000] {logging_mixin.py:188} INFO - [2024-02-24T09:41:21.863+0000] {dag.py:3820} INFO - Setting next_dagrun for dataset_consumes_unknown_never_scheduled to None, run_after=None
[2024-02-24T09:41:21.868+0000] {logging_mixin.py:188} INFO - [2024-02-24T09:41:21.868+0000] {dag.py:3820} INFO - Setting next_dagrun for dataset_produces_1 to 2024-02-23T00:00:00+00:00, run_after=2024-02-24T00:00:00+00:00
[2024-02-24T09:41:21.870+0000] {logging_mixin.py:188} INFO - [2024-02-24T09:41:21.870+0000] {dag.py:3820} INFO - Setting next_dagrun for dataset_produces_2 to None, run_after=None
[2024-02-24T09:41:21.909+0000] {processor.py:183} INFO - Processing /home/airflow/.local/lib/python3.8/site-packages/airflow/example_dags/example_datasets.py took 0.153 seconds
[2024-02-24T09:41:52.029+0000] {processor.py:161} INFO - Started process (PID=9217) to work on /home/airflow/.local/lib/python3.8/site-packages/airflow/example_dags/example_datasets.py
[2024-02-24T09:41:52.030+0000] {processor.py:830} INFO - Processing file /home/airflow/.local/lib/python3.8/site-packages/airflow/example_dags/example_datasets.py for tasks to queue
[2024-02-24T09:41:52.032+0000] {logging_mixin.py:188} INFO - [2024-02-24T09:41:52.032+0000] {dagbag.py:538} INFO - Filling up the DagBag from /home/airflow/.local/lib/python3.8/site-packages/airflow/example_dags/example_datasets.py
[2024-02-24T09:41:52.040+0000] {processor.py:840} INFO - DAG(s) 'dataset_consumes_1', 'dataset_consumes_1_never_scheduled', 'dataset_consumes_1_and_2', 'dataset_produces_1', 'dataset_consumes_unknown_never_scheduled', 'dataset_produces_2' retrieved from /home/airflow/.local/lib/python3.8/site-packages/airflow/example_dags/example_datasets.py
[2024-02-24T09:41:52.072+0000] {logging_mixin.py:188} INFO - [2024-02-24T09:41:52.072+0000] {dag.py:3033} INFO - Sync 6 DAGs
[2024-02-24T09:41:52.094+0000] {logging_mixin.py:188} INFO - [2024-02-24T09:41:52.094+0000] {dag.py:3820} INFO - Setting next_dagrun for dataset_consumes_1 to None, run_after=None
[2024-02-24T09:41:52.098+0000] {logging_mixin.py:188} INFO - [2024-02-24T09:41:52.098+0000] {dag.py:3820} INFO - Setting next_dagrun for dataset_consumes_1_and_2 to None, run_after=None
[2024-02-24T09:41:52.099+0000] {logging_mixin.py:188} INFO - [2024-02-24T09:41:52.099+0000] {dag.py:3820} INFO - Setting next_dagrun for dataset_consumes_1_never_scheduled to None, run_after=None
[2024-02-24T09:41:52.101+0000] {logging_mixin.py:188} INFO - [2024-02-24T09:41:52.101+0000] {dag.py:3820} INFO - Setting next_dagrun for dataset_consumes_unknown_never_scheduled to None, run_after=None
[2024-02-24T09:41:52.104+0000] {logging_mixin.py:188} INFO - [2024-02-24T09:41:52.103+0000] {dag.py:3820} INFO - Setting next_dagrun for dataset_produces_1 to 2024-02-23T00:00:00+00:00, run_after=2024-02-24T00:00:00+00:00
[2024-02-24T09:41:52.105+0000] {logging_mixin.py:188} INFO - [2024-02-24T09:41:52.105+0000] {dag.py:3820} INFO - Setting next_dagrun for dataset_produces_2 to None, run_after=None
[2024-02-24T09:41:52.135+0000] {processor.py:183} INFO - Processing /home/airflow/.local/lib/python3.8/site-packages/airflow/example_dags/example_datasets.py took 0.109 seconds
[2024-02-24T09:42:22.699+0000] {processor.py:161} INFO - Started process (PID=9274) to work on /home/airflow/.local/lib/python3.8/site-packages/airflow/example_dags/example_datasets.py
[2024-02-24T09:42:22.699+0000] {processor.py:830} INFO - Processing file /home/airflow/.local/lib/python3.8/site-packages/airflow/example_dags/example_datasets.py for tasks to queue
[2024-02-24T09:42:22.702+0000] {logging_mixin.py:188} INFO - [2024-02-24T09:42:22.701+0000] {dagbag.py:538} INFO - Filling up the DagBag from /home/airflow/.local/lib/python3.8/site-packages/airflow/example_dags/example_datasets.py
[2024-02-24T09:42:22.710+0000] {processor.py:840} INFO - DAG(s) 'dataset_consumes_1_never_scheduled', 'dataset_consumes_unknown_never_scheduled', 'dataset_produces_1', 'dataset_produces_2', 'dataset_consumes_1', 'dataset_consumes_1_and_2' retrieved from /home/airflow/.local/lib/python3.8/site-packages/airflow/example_dags/example_datasets.py
[2024-02-24T09:42:22.742+0000] {logging_mixin.py:188} INFO - [2024-02-24T09:42:22.742+0000] {dag.py:3033} INFO - Sync 6 DAGs
[2024-02-24T09:42:22.763+0000] {logging_mixin.py:188} INFO - [2024-02-24T09:42:22.763+0000] {dag.py:3820} INFO - Setting next_dagrun for dataset_consumes_1 to None, run_after=None
[2024-02-24T09:42:22.767+0000] {logging_mixin.py:188} INFO - [2024-02-24T09:42:22.767+0000] {dag.py:3820} INFO - Setting next_dagrun for dataset_consumes_1_and_2 to None, run_after=None
[2024-02-24T09:42:22.768+0000] {logging_mixin.py:188} INFO - [2024-02-24T09:42:22.768+0000] {dag.py:3820} INFO - Setting next_dagrun for dataset_consumes_1_never_scheduled to None, run_after=None
[2024-02-24T09:42:22.769+0000] {logging_mixin.py:188} INFO - [2024-02-24T09:42:22.769+0000] {dag.py:3820} INFO - Setting next_dagrun for dataset_consumes_unknown_never_scheduled to None, run_after=None
[2024-02-24T09:42:22.772+0000] {logging_mixin.py:188} INFO - [2024-02-24T09:42:22.772+0000] {dag.py:3820} INFO - Setting next_dagrun for dataset_produces_1 to 2024-02-23T00:00:00+00:00, run_after=2024-02-24T00:00:00+00:00
[2024-02-24T09:42:22.775+0000] {logging_mixin.py:188} INFO - [2024-02-24T09:42:22.774+0000] {dag.py:3820} INFO - Setting next_dagrun for dataset_produces_2 to None, run_after=None
[2024-02-24T09:42:22.804+0000] {processor.py:183} INFO - Processing /home/airflow/.local/lib/python3.8/site-packages/airflow/example_dags/example_datasets.py took 0.108 seconds
[2024-02-24T09:42:53.466+0000] {processor.py:161} INFO - Started process (PID=9331) to work on /home/airflow/.local/lib/python3.8/site-packages/airflow/example_dags/example_datasets.py
[2024-02-24T09:42:53.467+0000] {processor.py:830} INFO - Processing file /home/airflow/.local/lib/python3.8/site-packages/airflow/example_dags/example_datasets.py for tasks to queue
[2024-02-24T09:42:53.469+0000] {logging_mixin.py:188} INFO - [2024-02-24T09:42:53.469+0000] {dagbag.py:538} INFO - Filling up the DagBag from /home/airflow/.local/lib/python3.8/site-packages/airflow/example_dags/example_datasets.py
[2024-02-24T09:42:53.478+0000] {processor.py:840} INFO - DAG(s) 'dataset_produces_1', 'dataset_consumes_unknown_never_scheduled', 'dataset_produces_2', 'dataset_consumes_1_never_scheduled', 'dataset_consumes_1_and_2', 'dataset_consumes_1' retrieved from /home/airflow/.local/lib/python3.8/site-packages/airflow/example_dags/example_datasets.py
[2024-02-24T09:42:53.512+0000] {logging_mixin.py:188} INFO - [2024-02-24T09:42:53.512+0000] {dag.py:3033} INFO - Sync 6 DAGs
[2024-02-24T09:42:53.531+0000] {logging_mixin.py:188} INFO - [2024-02-24T09:42:53.531+0000] {dag.py:3820} INFO - Setting next_dagrun for dataset_consumes_1 to None, run_after=None
[2024-02-24T09:42:53.535+0000] {logging_mixin.py:188} INFO - [2024-02-24T09:42:53.535+0000] {dag.py:3820} INFO - Setting next_dagrun for dataset_consumes_1_and_2 to None, run_after=None
[2024-02-24T09:42:53.537+0000] {logging_mixin.py:188} INFO - [2024-02-24T09:42:53.536+0000] {dag.py:3820} INFO - Setting next_dagrun for dataset_consumes_1_never_scheduled to None, run_after=None
[2024-02-24T09:42:53.538+0000] {logging_mixin.py:188} INFO - [2024-02-24T09:42:53.538+0000] {dag.py:3820} INFO - Setting next_dagrun for dataset_consumes_unknown_never_scheduled to None, run_after=None
[2024-02-24T09:42:53.541+0000] {logging_mixin.py:188} INFO - [2024-02-24T09:42:53.541+0000] {dag.py:3820} INFO - Setting next_dagrun for dataset_produces_1 to 2024-02-23T00:00:00+00:00, run_after=2024-02-24T00:00:00+00:00
[2024-02-24T09:42:53.542+0000] {logging_mixin.py:188} INFO - [2024-02-24T09:42:53.542+0000] {dag.py:3820} INFO - Setting next_dagrun for dataset_produces_2 to None, run_after=None
[2024-02-24T09:42:53.569+0000] {processor.py:183} INFO - Processing /home/airflow/.local/lib/python3.8/site-packages/airflow/example_dags/example_datasets.py took 0.106 seconds
[2024-02-24T09:43:24.151+0000] {processor.py:161} INFO - Started process (PID=9388) to work on /home/airflow/.local/lib/python3.8/site-packages/airflow/example_dags/example_datasets.py
[2024-02-24T09:43:24.151+0000] {processor.py:830} INFO - Processing file /home/airflow/.local/lib/python3.8/site-packages/airflow/example_dags/example_datasets.py for tasks to queue
[2024-02-24T09:43:24.153+0000] {logging_mixin.py:188} INFO - [2024-02-24T09:43:24.153+0000] {dagbag.py:538} INFO - Filling up the DagBag from /home/airflow/.local/lib/python3.8/site-packages/airflow/example_dags/example_datasets.py
[2024-02-24T09:43:24.162+0000] {processor.py:840} INFO - DAG(s) 'dataset_consumes_1', 'dataset_produces_2', 'dataset_consumes_unknown_never_scheduled', 'dataset_consumes_1_never_scheduled', 'dataset_consumes_1_and_2', 'dataset_produces_1' retrieved from /home/airflow/.local/lib/python3.8/site-packages/airflow/example_dags/example_datasets.py
[2024-02-24T09:43:24.194+0000] {logging_mixin.py:188} INFO - [2024-02-24T09:43:24.194+0000] {dag.py:3033} INFO - Sync 6 DAGs
[2024-02-24T09:43:24.213+0000] {logging_mixin.py:188} INFO - [2024-02-24T09:43:24.213+0000] {dag.py:3820} INFO - Setting next_dagrun for dataset_consumes_1 to None, run_after=None
[2024-02-24T09:43:24.216+0000] {logging_mixin.py:188} INFO - [2024-02-24T09:43:24.216+0000] {dag.py:3820} INFO - Setting next_dagrun for dataset_consumes_1_and_2 to None, run_after=None
[2024-02-24T09:43:24.218+0000] {logging_mixin.py:188} INFO - [2024-02-24T09:43:24.218+0000] {dag.py:3820} INFO - Setting next_dagrun for dataset_consumes_1_never_scheduled to None, run_after=None
[2024-02-24T09:43:24.219+0000] {logging_mixin.py:188} INFO - [2024-02-24T09:43:24.219+0000] {dag.py:3820} INFO - Setting next_dagrun for dataset_consumes_unknown_never_scheduled to None, run_after=None
[2024-02-24T09:43:24.222+0000] {logging_mixin.py:188} INFO - [2024-02-24T09:43:24.222+0000] {dag.py:3820} INFO - Setting next_dagrun for dataset_produces_1 to 2024-02-23T00:00:00+00:00, run_after=2024-02-24T00:00:00+00:00
[2024-02-24T09:43:24.224+0000] {logging_mixin.py:188} INFO - [2024-02-24T09:43:24.224+0000] {dag.py:3820} INFO - Setting next_dagrun for dataset_produces_2 to None, run_after=None
[2024-02-24T09:43:24.253+0000] {processor.py:183} INFO - Processing /home/airflow/.local/lib/python3.8/site-packages/airflow/example_dags/example_datasets.py took 0.106 seconds
[2024-02-24T09:43:54.886+0000] {processor.py:161} INFO - Started process (PID=9445) to work on /home/airflow/.local/lib/python3.8/site-packages/airflow/example_dags/example_datasets.py
[2024-02-24T09:43:54.887+0000] {processor.py:830} INFO - Processing file /home/airflow/.local/lib/python3.8/site-packages/airflow/example_dags/example_datasets.py for tasks to queue
[2024-02-24T09:43:54.889+0000] {logging_mixin.py:188} INFO - [2024-02-24T09:43:54.888+0000] {dagbag.py:538} INFO - Filling up the DagBag from /home/airflow/.local/lib/python3.8/site-packages/airflow/example_dags/example_datasets.py
[2024-02-24T09:43:54.897+0000] {processor.py:840} INFO - DAG(s) 'dataset_produces_2', 'dataset_consumes_1_and_2', 'dataset_consumes_unknown_never_scheduled', 'dataset_produces_1', 'dataset_consumes_1', 'dataset_consumes_1_never_scheduled' retrieved from /home/airflow/.local/lib/python3.8/site-packages/airflow/example_dags/example_datasets.py
[2024-02-24T09:43:54.931+0000] {logging_mixin.py:188} INFO - [2024-02-24T09:43:54.931+0000] {dag.py:3033} INFO - Sync 6 DAGs
[2024-02-24T09:43:54.951+0000] {logging_mixin.py:188} INFO - [2024-02-24T09:43:54.951+0000] {dag.py:3820} INFO - Setting next_dagrun for dataset_consumes_1 to None, run_after=None
[2024-02-24T09:43:54.955+0000] {logging_mixin.py:188} INFO - [2024-02-24T09:43:54.954+0000] {dag.py:3820} INFO - Setting next_dagrun for dataset_consumes_1_and_2 to None, run_after=None
[2024-02-24T09:43:54.956+0000] {logging_mixin.py:188} INFO - [2024-02-24T09:43:54.956+0000] {dag.py:3820} INFO - Setting next_dagrun for dataset_consumes_1_never_scheduled to None, run_after=None
[2024-02-24T09:43:54.957+0000] {logging_mixin.py:188} INFO - [2024-02-24T09:43:54.957+0000] {dag.py:3820} INFO - Setting next_dagrun for dataset_consumes_unknown_never_scheduled to None, run_after=None
[2024-02-24T09:43:54.960+0000] {logging_mixin.py:188} INFO - [2024-02-24T09:43:54.960+0000] {dag.py:3820} INFO - Setting next_dagrun for dataset_produces_1 to 2024-02-23T00:00:00+00:00, run_after=2024-02-24T00:00:00+00:00
[2024-02-24T09:43:54.962+0000] {logging_mixin.py:188} INFO - [2024-02-24T09:43:54.962+0000] {dag.py:3820} INFO - Setting next_dagrun for dataset_produces_2 to None, run_after=None
[2024-02-24T09:43:54.993+0000] {processor.py:183} INFO - Processing /home/airflow/.local/lib/python3.8/site-packages/airflow/example_dags/example_datasets.py took 0.110 seconds
[2024-02-24T09:44:25.747+0000] {processor.py:161} INFO - Started process (PID=9502) to work on /home/airflow/.local/lib/python3.8/site-packages/airflow/example_dags/example_datasets.py
[2024-02-24T09:44:25.748+0000] {processor.py:830} INFO - Processing file /home/airflow/.local/lib/python3.8/site-packages/airflow/example_dags/example_datasets.py for tasks to queue
[2024-02-24T09:44:25.750+0000] {logging_mixin.py:188} INFO - [2024-02-24T09:44:25.749+0000] {dagbag.py:538} INFO - Filling up the DagBag from /home/airflow/.local/lib/python3.8/site-packages/airflow/example_dags/example_datasets.py
[2024-02-24T09:44:25.758+0000] {processor.py:840} INFO - DAG(s) 'dataset_consumes_1_and_2', 'dataset_consumes_unknown_never_scheduled', 'dataset_consumes_1_never_scheduled', 'dataset_produces_1', 'dataset_produces_2', 'dataset_consumes_1' retrieved from /home/airflow/.local/lib/python3.8/site-packages/airflow/example_dags/example_datasets.py
[2024-02-24T09:44:25.793+0000] {logging_mixin.py:188} INFO - [2024-02-24T09:44:25.793+0000] {dag.py:3033} INFO - Sync 6 DAGs
[2024-02-24T09:44:25.814+0000] {logging_mixin.py:188} INFO - [2024-02-24T09:44:25.814+0000] {dag.py:3820} INFO - Setting next_dagrun for dataset_consumes_1 to None, run_after=None
[2024-02-24T09:44:25.817+0000] {logging_mixin.py:188} INFO - [2024-02-24T09:44:25.817+0000] {dag.py:3820} INFO - Setting next_dagrun for dataset_consumes_1_and_2 to None, run_after=None
[2024-02-24T09:44:25.819+0000] {logging_mixin.py:188} INFO - [2024-02-24T09:44:25.819+0000] {dag.py:3820} INFO - Setting next_dagrun for dataset_consumes_1_never_scheduled to None, run_after=None
[2024-02-24T09:44:25.820+0000] {logging_mixin.py:188} INFO - [2024-02-24T09:44:25.820+0000] {dag.py:3820} INFO - Setting next_dagrun for dataset_consumes_unknown_never_scheduled to None, run_after=None
[2024-02-24T09:44:25.823+0000] {logging_mixin.py:188} INFO - [2024-02-24T09:44:25.822+0000] {dag.py:3820} INFO - Setting next_dagrun for dataset_produces_1 to 2024-02-23T00:00:00+00:00, run_after=2024-02-24T00:00:00+00:00
[2024-02-24T09:44:25.824+0000] {logging_mixin.py:188} INFO - [2024-02-24T09:44:25.824+0000] {dag.py:3820} INFO - Setting next_dagrun for dataset_produces_2 to None, run_after=None
[2024-02-24T09:44:25.851+0000] {processor.py:183} INFO - Processing /home/airflow/.local/lib/python3.8/site-packages/airflow/example_dags/example_datasets.py took 0.108 seconds
[2024-02-24T09:44:56.422+0000] {processor.py:161} INFO - Started process (PID=9559) to work on /home/airflow/.local/lib/python3.8/site-packages/airflow/example_dags/example_datasets.py
[2024-02-24T09:44:56.423+0000] {processor.py:830} INFO - Processing file /home/airflow/.local/lib/python3.8/site-packages/airflow/example_dags/example_datasets.py for tasks to queue
[2024-02-24T09:44:56.425+0000] {logging_mixin.py:188} INFO - [2024-02-24T09:44:56.425+0000] {dagbag.py:538} INFO - Filling up the DagBag from /home/airflow/.local/lib/python3.8/site-packages/airflow/example_dags/example_datasets.py
[2024-02-24T09:44:56.434+0000] {processor.py:840} INFO - DAG(s) 'dataset_consumes_1', 'dataset_consumes_1_never_scheduled', 'dataset_produces_2', 'dataset_consumes_unknown_never_scheduled', 'dataset_produces_1', 'dataset_consumes_1_and_2' retrieved from /home/airflow/.local/lib/python3.8/site-packages/airflow/example_dags/example_datasets.py
[2024-02-24T09:44:56.467+0000] {logging_mixin.py:188} INFO - [2024-02-24T09:44:56.467+0000] {dag.py:3033} INFO - Sync 6 DAGs
[2024-02-24T09:44:56.486+0000] {logging_mixin.py:188} INFO - [2024-02-24T09:44:56.486+0000] {dag.py:3820} INFO - Setting next_dagrun for dataset_consumes_1 to None, run_after=None
[2024-02-24T09:44:56.490+0000] {logging_mixin.py:188} INFO - [2024-02-24T09:44:56.490+0000] {dag.py:3820} INFO - Setting next_dagrun for dataset_consumes_1_and_2 to None, run_after=None
[2024-02-24T09:44:56.491+0000] {logging_mixin.py:188} INFO - [2024-02-24T09:44:56.491+0000] {dag.py:3820} INFO - Setting next_dagrun for dataset_consumes_1_never_scheduled to None, run_after=None
[2024-02-24T09:44:56.493+0000] {logging_mixin.py:188} INFO - [2024-02-24T09:44:56.493+0000] {dag.py:3820} INFO - Setting next_dagrun for dataset_consumes_unknown_never_scheduled to None, run_after=None
[2024-02-24T09:44:56.496+0000] {logging_mixin.py:188} INFO - [2024-02-24T09:44:56.496+0000] {dag.py:3820} INFO - Setting next_dagrun for dataset_produces_1 to 2024-02-23T00:00:00+00:00, run_after=2024-02-24T00:00:00+00:00
[2024-02-24T09:44:56.498+0000] {logging_mixin.py:188} INFO - [2024-02-24T09:44:56.498+0000] {dag.py:3820} INFO - Setting next_dagrun for dataset_produces_2 to None, run_after=None
[2024-02-24T09:44:56.526+0000] {processor.py:183} INFO - Processing /home/airflow/.local/lib/python3.8/site-packages/airflow/example_dags/example_datasets.py took 0.107 seconds
[2024-02-24T09:45:27.194+0000] {processor.py:161} INFO - Started process (PID=9616) to work on /home/airflow/.local/lib/python3.8/site-packages/airflow/example_dags/example_datasets.py
[2024-02-24T09:45:27.195+0000] {processor.py:830} INFO - Processing file /home/airflow/.local/lib/python3.8/site-packages/airflow/example_dags/example_datasets.py for tasks to queue
[2024-02-24T09:45:27.198+0000] {logging_mixin.py:188} INFO - [2024-02-24T09:45:27.197+0000] {dagbag.py:538} INFO - Filling up the DagBag from /home/airflow/.local/lib/python3.8/site-packages/airflow/example_dags/example_datasets.py
[2024-02-24T09:45:27.207+0000] {processor.py:840} INFO - DAG(s) 'dataset_consumes_unknown_never_scheduled', 'dataset_consumes_1_never_scheduled', 'dataset_consumes_1_and_2', 'dataset_consumes_1', 'dataset_produces_1', 'dataset_produces_2' retrieved from /home/airflow/.local/lib/python3.8/site-packages/airflow/example_dags/example_datasets.py
[2024-02-24T09:45:27.237+0000] {logging_mixin.py:188} INFO - [2024-02-24T09:45:27.237+0000] {dag.py:3033} INFO - Sync 6 DAGs
[2024-02-24T09:45:27.256+0000] {logging_mixin.py:188} INFO - [2024-02-24T09:45:27.256+0000] {dag.py:3820} INFO - Setting next_dagrun for dataset_consumes_1 to None, run_after=None
[2024-02-24T09:45:27.260+0000] {logging_mixin.py:188} INFO - [2024-02-24T09:45:27.260+0000] {dag.py:3820} INFO - Setting next_dagrun for dataset_consumes_1_and_2 to None, run_after=None
[2024-02-24T09:45:27.261+0000] {logging_mixin.py:188} INFO - [2024-02-24T09:45:27.261+0000] {dag.py:3820} INFO - Setting next_dagrun for dataset_consumes_1_never_scheduled to None, run_after=None
[2024-02-24T09:45:27.263+0000] {logging_mixin.py:188} INFO - [2024-02-24T09:45:27.263+0000] {dag.py:3820} INFO - Setting next_dagrun for dataset_consumes_unknown_never_scheduled to None, run_after=None
[2024-02-24T09:45:27.266+0000] {logging_mixin.py:188} INFO - [2024-02-24T09:45:27.266+0000] {dag.py:3820} INFO - Setting next_dagrun for dataset_produces_1 to 2024-02-23T00:00:00+00:00, run_after=2024-02-24T00:00:00+00:00
[2024-02-24T09:45:27.267+0000] {logging_mixin.py:188} INFO - [2024-02-24T09:45:27.267+0000] {dag.py:3820} INFO - Setting next_dagrun for dataset_produces_2 to None, run_after=None
[2024-02-24T09:45:27.294+0000] {processor.py:183} INFO - Processing /home/airflow/.local/lib/python3.8/site-packages/airflow/example_dags/example_datasets.py took 0.103 seconds
[2024-02-24T09:45:58.077+0000] {processor.py:161} INFO - Started process (PID=9673) to work on /home/airflow/.local/lib/python3.8/site-packages/airflow/example_dags/example_datasets.py
[2024-02-24T09:45:58.077+0000] {processor.py:830} INFO - Processing file /home/airflow/.local/lib/python3.8/site-packages/airflow/example_dags/example_datasets.py for tasks to queue
[2024-02-24T09:45:58.080+0000] {logging_mixin.py:188} INFO - [2024-02-24T09:45:58.079+0000] {dagbag.py:538} INFO - Filling up the DagBag from /home/airflow/.local/lib/python3.8/site-packages/airflow/example_dags/example_datasets.py
[2024-02-24T09:45:58.090+0000] {processor.py:840} INFO - DAG(s) 'dataset_consumes_1_never_scheduled', 'dataset_consumes_unknown_never_scheduled', 'dataset_consumes_1', 'dataset_produces_2', 'dataset_produces_1', 'dataset_consumes_1_and_2' retrieved from /home/airflow/.local/lib/python3.8/site-packages/airflow/example_dags/example_datasets.py
[2024-02-24T09:45:58.126+0000] {logging_mixin.py:188} INFO - [2024-02-24T09:45:58.126+0000] {dag.py:3033} INFO - Sync 6 DAGs
[2024-02-24T09:45:58.148+0000] {logging_mixin.py:188} INFO - [2024-02-24T09:45:58.148+0000] {dag.py:3820} INFO - Setting next_dagrun for dataset_consumes_1 to None, run_after=None
[2024-02-24T09:45:58.152+0000] {logging_mixin.py:188} INFO - [2024-02-24T09:45:58.152+0000] {dag.py:3820} INFO - Setting next_dagrun for dataset_consumes_1_and_2 to None, run_after=None
[2024-02-24T09:45:58.154+0000] {logging_mixin.py:188} INFO - [2024-02-24T09:45:58.153+0000] {dag.py:3820} INFO - Setting next_dagrun for dataset_consumes_1_never_scheduled to None, run_after=None
[2024-02-24T09:45:58.155+0000] {logging_mixin.py:188} INFO - [2024-02-24T09:45:58.155+0000] {dag.py:3820} INFO - Setting next_dagrun for dataset_consumes_unknown_never_scheduled to None, run_after=None
[2024-02-24T09:45:58.158+0000] {logging_mixin.py:188} INFO - [2024-02-24T09:45:58.158+0000] {dag.py:3820} INFO - Setting next_dagrun for dataset_produces_1 to 2024-02-23T00:00:00+00:00, run_after=2024-02-24T00:00:00+00:00
[2024-02-24T09:45:58.160+0000] {logging_mixin.py:188} INFO - [2024-02-24T09:45:58.160+0000] {dag.py:3820} INFO - Setting next_dagrun for dataset_produces_2 to None, run_after=None
[2024-02-24T09:45:58.191+0000] {processor.py:183} INFO - Processing /home/airflow/.local/lib/python3.8/site-packages/airflow/example_dags/example_datasets.py took 0.118 seconds
[2024-02-24T09:46:28.951+0000] {processor.py:161} INFO - Started process (PID=9730) to work on /home/airflow/.local/lib/python3.8/site-packages/airflow/example_dags/example_datasets.py
[2024-02-24T09:46:28.952+0000] {processor.py:830} INFO - Processing file /home/airflow/.local/lib/python3.8/site-packages/airflow/example_dags/example_datasets.py for tasks to queue
[2024-02-24T09:46:28.954+0000] {logging_mixin.py:188} INFO - [2024-02-24T09:46:28.954+0000] {dagbag.py:538} INFO - Filling up the DagBag from /home/airflow/.local/lib/python3.8/site-packages/airflow/example_dags/example_datasets.py
[2024-02-24T09:46:28.964+0000] {processor.py:840} INFO - DAG(s) 'dataset_consumes_1_never_scheduled', 'dataset_produces_1', 'dataset_consumes_unknown_never_scheduled', 'dataset_consumes_1_and_2', 'dataset_produces_2', 'dataset_consumes_1' retrieved from /home/airflow/.local/lib/python3.8/site-packages/airflow/example_dags/example_datasets.py
[2024-02-24T09:46:28.998+0000] {logging_mixin.py:188} INFO - [2024-02-24T09:46:28.998+0000] {dag.py:3033} INFO - Sync 6 DAGs
[2024-02-24T09:46:29.018+0000] {logging_mixin.py:188} INFO - [2024-02-24T09:46:29.018+0000] {dag.py:3820} INFO - Setting next_dagrun for dataset_consumes_1 to None, run_after=None
[2024-02-24T09:46:29.022+0000] {logging_mixin.py:188} INFO - [2024-02-24T09:46:29.022+0000] {dag.py:3820} INFO - Setting next_dagrun for dataset_consumes_1_and_2 to None, run_after=None
[2024-02-24T09:46:29.023+0000] {logging_mixin.py:188} INFO - [2024-02-24T09:46:29.023+0000] {dag.py:3820} INFO - Setting next_dagrun for dataset_consumes_1_never_scheduled to None, run_after=None
[2024-02-24T09:46:29.025+0000] {logging_mixin.py:188} INFO - [2024-02-24T09:46:29.025+0000] {dag.py:3820} INFO - Setting next_dagrun for dataset_consumes_unknown_never_scheduled to None, run_after=None
[2024-02-24T09:46:29.027+0000] {logging_mixin.py:188} INFO - [2024-02-24T09:46:29.027+0000] {dag.py:3820} INFO - Setting next_dagrun for dataset_produces_1 to 2024-02-23T00:00:00+00:00, run_after=2024-02-24T00:00:00+00:00
[2024-02-24T09:46:29.029+0000] {logging_mixin.py:188} INFO - [2024-02-24T09:46:29.029+0000] {dag.py:3820} INFO - Setting next_dagrun for dataset_produces_2 to None, run_after=None
[2024-02-24T09:46:29.057+0000] {processor.py:183} INFO - Processing /home/airflow/.local/lib/python3.8/site-packages/airflow/example_dags/example_datasets.py took 0.109 seconds
[2024-02-24T09:46:59.760+0000] {processor.py:161} INFO - Started process (PID=9787) to work on /home/airflow/.local/lib/python3.8/site-packages/airflow/example_dags/example_datasets.py
[2024-02-24T09:46:59.761+0000] {processor.py:830} INFO - Processing file /home/airflow/.local/lib/python3.8/site-packages/airflow/example_dags/example_datasets.py for tasks to queue
[2024-02-24T09:46:59.764+0000] {logging_mixin.py:188} INFO - [2024-02-24T09:46:59.763+0000] {dagbag.py:538} INFO - Filling up the DagBag from /home/airflow/.local/lib/python3.8/site-packages/airflow/example_dags/example_datasets.py
[2024-02-24T09:46:59.772+0000] {processor.py:840} INFO - DAG(s) 'dataset_consumes_1', 'dataset_consumes_1_and_2', 'dataset_consumes_unknown_never_scheduled', 'dataset_consumes_1_never_scheduled', 'dataset_produces_2', 'dataset_produces_1' retrieved from /home/airflow/.local/lib/python3.8/site-packages/airflow/example_dags/example_datasets.py
[2024-02-24T09:46:59.805+0000] {logging_mixin.py:188} INFO - [2024-02-24T09:46:59.805+0000] {dag.py:3033} INFO - Sync 6 DAGs
[2024-02-24T09:46:59.825+0000] {logging_mixin.py:188} INFO - [2024-02-24T09:46:59.825+0000] {dag.py:3820} INFO - Setting next_dagrun for dataset_consumes_1 to None, run_after=None
[2024-02-24T09:46:59.828+0000] {logging_mixin.py:188} INFO - [2024-02-24T09:46:59.828+0000] {dag.py:3820} INFO - Setting next_dagrun for dataset_consumes_1_and_2 to None, run_after=None
[2024-02-24T09:46:59.829+0000] {logging_mixin.py:188} INFO - [2024-02-24T09:46:59.829+0000] {dag.py:3820} INFO - Setting next_dagrun for dataset_consumes_1_never_scheduled to None, run_after=None
[2024-02-24T09:46:59.830+0000] {logging_mixin.py:188} INFO - [2024-02-24T09:46:59.830+0000] {dag.py:3820} INFO - Setting next_dagrun for dataset_consumes_unknown_never_scheduled to None, run_after=None
[2024-02-24T09:46:59.833+0000] {logging_mixin.py:188} INFO - [2024-02-24T09:46:59.833+0000] {dag.py:3820} INFO - Setting next_dagrun for dataset_produces_1 to 2024-02-23T00:00:00+00:00, run_after=2024-02-24T00:00:00+00:00
[2024-02-24T09:46:59.835+0000] {logging_mixin.py:188} INFO - [2024-02-24T09:46:59.835+0000] {dag.py:3820} INFO - Setting next_dagrun for dataset_produces_2 to None, run_after=None
[2024-02-24T09:46:59.863+0000] {processor.py:183} INFO - Processing /home/airflow/.local/lib/python3.8/site-packages/airflow/example_dags/example_datasets.py took 0.106 seconds
[2024-02-24T09:47:30.502+0000] {processor.py:161} INFO - Started process (PID=9844) to work on /home/airflow/.local/lib/python3.8/site-packages/airflow/example_dags/example_datasets.py
[2024-02-24T09:47:30.503+0000] {processor.py:830} INFO - Processing file /home/airflow/.local/lib/python3.8/site-packages/airflow/example_dags/example_datasets.py for tasks to queue
[2024-02-24T09:47:30.505+0000] {logging_mixin.py:188} INFO - [2024-02-24T09:47:30.505+0000] {dagbag.py:538} INFO - Filling up the DagBag from /home/airflow/.local/lib/python3.8/site-packages/airflow/example_dags/example_datasets.py
[2024-02-24T09:47:30.514+0000] {processor.py:840} INFO - DAG(s) 'dataset_consumes_1_never_scheduled', 'dataset_consumes_1', 'dataset_consumes_1_and_2', 'dataset_produces_2', 'dataset_consumes_unknown_never_scheduled', 'dataset_produces_1' retrieved from /home/airflow/.local/lib/python3.8/site-packages/airflow/example_dags/example_datasets.py
[2024-02-24T09:47:30.551+0000] {logging_mixin.py:188} INFO - [2024-02-24T09:47:30.550+0000] {dag.py:3033} INFO - Sync 6 DAGs
[2024-02-24T09:47:30.577+0000] {logging_mixin.py:188} INFO - [2024-02-24T09:47:30.577+0000] {dag.py:3820} INFO - Setting next_dagrun for dataset_consumes_1 to None, run_after=None
[2024-02-24T09:47:30.581+0000] {logging_mixin.py:188} INFO - [2024-02-24T09:47:30.581+0000] {dag.py:3820} INFO - Setting next_dagrun for dataset_consumes_1_and_2 to None, run_after=None
[2024-02-24T09:47:30.583+0000] {logging_mixin.py:188} INFO - [2024-02-24T09:47:30.583+0000] {dag.py:3820} INFO - Setting next_dagrun for dataset_consumes_1_never_scheduled to None, run_after=None
[2024-02-24T09:47:30.585+0000] {logging_mixin.py:188} INFO - [2024-02-24T09:47:30.584+0000] {dag.py:3820} INFO - Setting next_dagrun for dataset_consumes_unknown_never_scheduled to None, run_after=None
[2024-02-24T09:47:30.588+0000] {logging_mixin.py:188} INFO - [2024-02-24T09:47:30.588+0000] {dag.py:3820} INFO - Setting next_dagrun for dataset_produces_1 to 2024-02-23T00:00:00+00:00, run_after=2024-02-24T00:00:00+00:00
[2024-02-24T09:47:30.590+0000] {logging_mixin.py:188} INFO - [2024-02-24T09:47:30.589+0000] {dag.py:3820} INFO - Setting next_dagrun for dataset_produces_2 to None, run_after=None
[2024-02-24T09:47:30.623+0000] {processor.py:183} INFO - Processing /home/airflow/.local/lib/python3.8/site-packages/airflow/example_dags/example_datasets.py took 0.124 seconds
[2024-02-24T09:48:01.356+0000] {processor.py:161} INFO - Started process (PID=9901) to work on /home/airflow/.local/lib/python3.8/site-packages/airflow/example_dags/example_datasets.py
[2024-02-24T09:48:01.357+0000] {processor.py:830} INFO - Processing file /home/airflow/.local/lib/python3.8/site-packages/airflow/example_dags/example_datasets.py for tasks to queue
[2024-02-24T09:48:01.360+0000] {logging_mixin.py:188} INFO - [2024-02-24T09:48:01.360+0000] {dagbag.py:538} INFO - Filling up the DagBag from /home/airflow/.local/lib/python3.8/site-packages/airflow/example_dags/example_datasets.py
[2024-02-24T09:48:01.374+0000] {processor.py:840} INFO - DAG(s) 'dataset_consumes_1', 'dataset_consumes_1_never_scheduled', 'dataset_produces_1', 'dataset_consumes_1_and_2', 'dataset_produces_2', 'dataset_consumes_unknown_never_scheduled' retrieved from /home/airflow/.local/lib/python3.8/site-packages/airflow/example_dags/example_datasets.py
[2024-02-24T09:48:01.421+0000] {logging_mixin.py:188} INFO - [2024-02-24T09:48:01.421+0000] {dag.py:3033} INFO - Sync 6 DAGs
[2024-02-24T09:48:01.447+0000] {logging_mixin.py:188} INFO - [2024-02-24T09:48:01.447+0000] {dag.py:3820} INFO - Setting next_dagrun for dataset_consumes_1 to None, run_after=None
[2024-02-24T09:48:01.452+0000] {logging_mixin.py:188} INFO - [2024-02-24T09:48:01.452+0000] {dag.py:3820} INFO - Setting next_dagrun for dataset_consumes_1_and_2 to None, run_after=None
[2024-02-24T09:48:01.454+0000] {logging_mixin.py:188} INFO - [2024-02-24T09:48:01.454+0000] {dag.py:3820} INFO - Setting next_dagrun for dataset_consumes_1_never_scheduled to None, run_after=None
[2024-02-24T09:48:01.456+0000] {logging_mixin.py:188} INFO - [2024-02-24T09:48:01.456+0000] {dag.py:3820} INFO - Setting next_dagrun for dataset_consumes_unknown_never_scheduled to None, run_after=None
[2024-02-24T09:48:01.460+0000] {logging_mixin.py:188} INFO - [2024-02-24T09:48:01.460+0000] {dag.py:3820} INFO - Setting next_dagrun for dataset_produces_1 to 2024-02-23T00:00:00+00:00, run_after=2024-02-24T00:00:00+00:00
[2024-02-24T09:48:01.463+0000] {logging_mixin.py:188} INFO - [2024-02-24T09:48:01.462+0000] {dag.py:3820} INFO - Setting next_dagrun for dataset_produces_2 to None, run_after=None
[2024-02-24T09:48:01.509+0000] {processor.py:183} INFO - Processing /home/airflow/.local/lib/python3.8/site-packages/airflow/example_dags/example_datasets.py took 0.157 seconds
[2024-02-24T09:48:31.653+0000] {processor.py:161} INFO - Started process (PID=9958) to work on /home/airflow/.local/lib/python3.8/site-packages/airflow/example_dags/example_datasets.py
[2024-02-24T09:48:31.654+0000] {processor.py:830} INFO - Processing file /home/airflow/.local/lib/python3.8/site-packages/airflow/example_dags/example_datasets.py for tasks to queue
[2024-02-24T09:48:31.657+0000] {logging_mixin.py:188} INFO - [2024-02-24T09:48:31.656+0000] {dagbag.py:538} INFO - Filling up the DagBag from /home/airflow/.local/lib/python3.8/site-packages/airflow/example_dags/example_datasets.py
[2024-02-24T09:48:31.671+0000] {processor.py:840} INFO - DAG(s) 'dataset_consumes_1', 'dataset_consumes_unknown_never_scheduled', 'dataset_consumes_1_and_2', 'dataset_produces_1', 'dataset_consumes_1_never_scheduled', 'dataset_produces_2' retrieved from /home/airflow/.local/lib/python3.8/site-packages/airflow/example_dags/example_datasets.py
[2024-02-24T09:48:31.709+0000] {logging_mixin.py:188} INFO - [2024-02-24T09:48:31.709+0000] {dag.py:3033} INFO - Sync 6 DAGs
[2024-02-24T09:48:31.733+0000] {logging_mixin.py:188} INFO - [2024-02-24T09:48:31.733+0000] {dag.py:3820} INFO - Setting next_dagrun for dataset_consumes_1 to None, run_after=None
[2024-02-24T09:48:31.738+0000] {logging_mixin.py:188} INFO - [2024-02-24T09:48:31.738+0000] {dag.py:3820} INFO - Setting next_dagrun for dataset_consumes_1_and_2 to None, run_after=None
[2024-02-24T09:48:31.740+0000] {logging_mixin.py:188} INFO - [2024-02-24T09:48:31.740+0000] {dag.py:3820} INFO - Setting next_dagrun for dataset_consumes_1_never_scheduled to None, run_after=None
[2024-02-24T09:48:31.741+0000] {logging_mixin.py:188} INFO - [2024-02-24T09:48:31.741+0000] {dag.py:3820} INFO - Setting next_dagrun for dataset_consumes_unknown_never_scheduled to None, run_after=None
[2024-02-24T09:48:31.744+0000] {logging_mixin.py:188} INFO - [2024-02-24T09:48:31.744+0000] {dag.py:3820} INFO - Setting next_dagrun for dataset_produces_1 to 2024-02-23T00:00:00+00:00, run_after=2024-02-24T00:00:00+00:00
[2024-02-24T09:48:31.746+0000] {logging_mixin.py:188} INFO - [2024-02-24T09:48:31.746+0000] {dag.py:3820} INFO - Setting next_dagrun for dataset_produces_2 to None, run_after=None
[2024-02-24T09:48:31.786+0000] {processor.py:183} INFO - Processing /home/airflow/.local/lib/python3.8/site-packages/airflow/example_dags/example_datasets.py took 0.137 seconds
[2024-02-24T09:49:02.147+0000] {processor.py:161} INFO - Started process (PID=10015) to work on /home/airflow/.local/lib/python3.8/site-packages/airflow/example_dags/example_datasets.py
[2024-02-24T09:49:02.148+0000] {processor.py:830} INFO - Processing file /home/airflow/.local/lib/python3.8/site-packages/airflow/example_dags/example_datasets.py for tasks to queue
[2024-02-24T09:49:02.153+0000] {logging_mixin.py:188} INFO - [2024-02-24T09:49:02.153+0000] {dagbag.py:538} INFO - Filling up the DagBag from /home/airflow/.local/lib/python3.8/site-packages/airflow/example_dags/example_datasets.py
[2024-02-24T09:49:02.164+0000] {processor.py:840} INFO - DAG(s) 'dataset_consumes_unknown_never_scheduled', 'dataset_produces_1', 'dataset_consumes_1_never_scheduled', 'dataset_consumes_1_and_2', 'dataset_consumes_1', 'dataset_produces_2' retrieved from /home/airflow/.local/lib/python3.8/site-packages/airflow/example_dags/example_datasets.py
[2024-02-24T09:49:02.224+0000] {logging_mixin.py:188} INFO - [2024-02-24T09:49:02.224+0000] {dag.py:3033} INFO - Sync 6 DAGs
[2024-02-24T09:49:02.258+0000] {logging_mixin.py:188} INFO - [2024-02-24T09:49:02.258+0000] {dag.py:3820} INFO - Setting next_dagrun for dataset_consumes_1 to None, run_after=None
[2024-02-24T09:49:02.266+0000] {logging_mixin.py:188} INFO - [2024-02-24T09:49:02.265+0000] {dag.py:3820} INFO - Setting next_dagrun for dataset_consumes_1_and_2 to None, run_after=None
[2024-02-24T09:49:02.269+0000] {logging_mixin.py:188} INFO - [2024-02-24T09:49:02.268+0000] {dag.py:3820} INFO - Setting next_dagrun for dataset_consumes_1_never_scheduled to None, run_after=None
[2024-02-24T09:49:02.272+0000] {logging_mixin.py:188} INFO - [2024-02-24T09:49:02.271+0000] {dag.py:3820} INFO - Setting next_dagrun for dataset_consumes_unknown_never_scheduled to None, run_after=None
[2024-02-24T09:49:02.276+0000] {logging_mixin.py:188} INFO - [2024-02-24T09:49:02.276+0000] {dag.py:3820} INFO - Setting next_dagrun for dataset_produces_1 to 2024-02-23T00:00:00+00:00, run_after=2024-02-24T00:00:00+00:00
[2024-02-24T09:49:02.278+0000] {logging_mixin.py:188} INFO - [2024-02-24T09:49:02.278+0000] {dag.py:3820} INFO - Setting next_dagrun for dataset_produces_2 to None, run_after=None
[2024-02-24T09:49:02.335+0000] {processor.py:183} INFO - Processing /home/airflow/.local/lib/python3.8/site-packages/airflow/example_dags/example_datasets.py took 0.192 seconds
