[2024-02-24T09:35:43.448+0000] {processor.py:161} INFO - Started process (PID=8518) to work on /home/airflow/.local/lib/python3.8/site-packages/airflow/example_dags/example_xcomargs.py
[2024-02-24T09:35:43.449+0000] {processor.py:830} INFO - Processing file /home/airflow/.local/lib/python3.8/site-packages/airflow/example_dags/example_xcomargs.py for tasks to queue
[2024-02-24T09:35:43.453+0000] {logging_mixin.py:188} INFO - [2024-02-24T09:35:43.453+0000] {dagbag.py:538} INFO - Filling up the DagBag from /home/airflow/.local/lib/python3.8/site-packages/airflow/example_dags/example_xcomargs.py
[2024-02-24T09:35:43.475+0000] {processor.py:840} INFO - DAG(s) 'example_xcom_args', 'example_xcom_args_with_operators' retrieved from /home/airflow/.local/lib/python3.8/site-packages/airflow/example_dags/example_xcomargs.py
[2024-02-24T09:35:43.525+0000] {logging_mixin.py:188} INFO - [2024-02-24T09:35:43.524+0000] {dag.py:3033} INFO - Sync 2 DAGs
[2024-02-24T09:35:43.546+0000] {logging_mixin.py:188} INFO - [2024-02-24T09:35:43.546+0000] {dag.py:3820} INFO - Setting next_dagrun for example_xcom_args to None, run_after=None
[2024-02-24T09:35:43.551+0000] {logging_mixin.py:188} INFO - [2024-02-24T09:35:43.551+0000] {dag.py:3820} INFO - Setting next_dagrun for example_xcom_args_with_operators to None, run_after=None
[2024-02-24T09:35:43.577+0000] {processor.py:183} INFO - Processing /home/airflow/.local/lib/python3.8/site-packages/airflow/example_dags/example_xcomargs.py took 0.134 seconds
[2024-02-24T09:36:14.441+0000] {processor.py:161} INFO - Started process (PID=8575) to work on /home/airflow/.local/lib/python3.8/site-packages/airflow/example_dags/example_xcomargs.py
[2024-02-24T09:36:14.442+0000] {processor.py:830} INFO - Processing file /home/airflow/.local/lib/python3.8/site-packages/airflow/example_dags/example_xcomargs.py for tasks to queue
[2024-02-24T09:36:14.444+0000] {logging_mixin.py:188} INFO - [2024-02-24T09:36:14.444+0000] {dagbag.py:538} INFO - Filling up the DagBag from /home/airflow/.local/lib/python3.8/site-packages/airflow/example_dags/example_xcomargs.py
[2024-02-24T09:36:14.453+0000] {processor.py:840} INFO - DAG(s) 'example_xcom_args_with_operators', 'example_xcom_args' retrieved from /home/airflow/.local/lib/python3.8/site-packages/airflow/example_dags/example_xcomargs.py
[2024-02-24T09:36:14.478+0000] {logging_mixin.py:188} INFO - [2024-02-24T09:36:14.478+0000] {dag.py:3033} INFO - Sync 2 DAGs
[2024-02-24T09:36:14.494+0000] {logging_mixin.py:188} INFO - [2024-02-24T09:36:14.494+0000] {dag.py:3820} INFO - Setting next_dagrun for example_xcom_args to None, run_after=None
[2024-02-24T09:36:14.498+0000] {logging_mixin.py:188} INFO - [2024-02-24T09:36:14.498+0000] {dag.py:3820} INFO - Setting next_dagrun for example_xcom_args_with_operators to None, run_after=None
[2024-02-24T09:36:14.521+0000] {processor.py:183} INFO - Processing /home/airflow/.local/lib/python3.8/site-packages/airflow/example_dags/example_xcomargs.py took 0.084 seconds
[2024-02-24T09:36:44.900+0000] {processor.py:161} INFO - Started process (PID=8632) to work on /home/airflow/.local/lib/python3.8/site-packages/airflow/example_dags/example_xcomargs.py
[2024-02-24T09:36:44.901+0000] {processor.py:830} INFO - Processing file /home/airflow/.local/lib/python3.8/site-packages/airflow/example_dags/example_xcomargs.py for tasks to queue
[2024-02-24T09:36:44.904+0000] {logging_mixin.py:188} INFO - [2024-02-24T09:36:44.904+0000] {dagbag.py:538} INFO - Filling up the DagBag from /home/airflow/.local/lib/python3.8/site-packages/airflow/example_dags/example_xcomargs.py
[2024-02-24T09:36:44.912+0000] {processor.py:840} INFO - DAG(s) 'example_xcom_args_with_operators', 'example_xcom_args' retrieved from /home/airflow/.local/lib/python3.8/site-packages/airflow/example_dags/example_xcomargs.py
[2024-02-24T09:36:44.937+0000] {logging_mixin.py:188} INFO - [2024-02-24T09:36:44.937+0000] {dag.py:3033} INFO - Sync 2 DAGs
[2024-02-24T09:36:44.953+0000] {logging_mixin.py:188} INFO - [2024-02-24T09:36:44.953+0000] {dag.py:3820} INFO - Setting next_dagrun for example_xcom_args to None, run_after=None
[2024-02-24T09:36:44.958+0000] {logging_mixin.py:188} INFO - [2024-02-24T09:36:44.958+0000] {dag.py:3820} INFO - Setting next_dagrun for example_xcom_args_with_operators to None, run_after=None
[2024-02-24T09:36:44.984+0000] {processor.py:183} INFO - Processing /home/airflow/.local/lib/python3.8/site-packages/airflow/example_dags/example_xcomargs.py took 0.087 seconds
[2024-02-24T09:37:15.329+0000] {processor.py:161} INFO - Started process (PID=8689) to work on /home/airflow/.local/lib/python3.8/site-packages/airflow/example_dags/example_xcomargs.py
[2024-02-24T09:37:15.329+0000] {processor.py:830} INFO - Processing file /home/airflow/.local/lib/python3.8/site-packages/airflow/example_dags/example_xcomargs.py for tasks to queue
[2024-02-24T09:37:15.332+0000] {logging_mixin.py:188} INFO - [2024-02-24T09:37:15.331+0000] {dagbag.py:538} INFO - Filling up the DagBag from /home/airflow/.local/lib/python3.8/site-packages/airflow/example_dags/example_xcomargs.py
[2024-02-24T09:37:15.340+0000] {processor.py:840} INFO - DAG(s) 'example_xcom_args_with_operators', 'example_xcom_args' retrieved from /home/airflow/.local/lib/python3.8/site-packages/airflow/example_dags/example_xcomargs.py
[2024-02-24T09:37:15.366+0000] {logging_mixin.py:188} INFO - [2024-02-24T09:37:15.366+0000] {dag.py:3033} INFO - Sync 2 DAGs
[2024-02-24T09:37:15.378+0000] {logging_mixin.py:188} INFO - [2024-02-24T09:37:15.378+0000] {dag.py:3820} INFO - Setting next_dagrun for example_xcom_args to None, run_after=None
[2024-02-24T09:37:15.382+0000] {logging_mixin.py:188} INFO - [2024-02-24T09:37:15.382+0000] {dag.py:3820} INFO - Setting next_dagrun for example_xcom_args_with_operators to None, run_after=None
[2024-02-24T09:37:15.410+0000] {processor.py:183} INFO - Processing /home/airflow/.local/lib/python3.8/site-packages/airflow/example_dags/example_xcomargs.py took 0.085 seconds
[2024-02-24T09:37:45.592+0000] {processor.py:161} INFO - Started process (PID=8746) to work on /home/airflow/.local/lib/python3.8/site-packages/airflow/example_dags/example_xcomargs.py
[2024-02-24T09:37:45.593+0000] {processor.py:830} INFO - Processing file /home/airflow/.local/lib/python3.8/site-packages/airflow/example_dags/example_xcomargs.py for tasks to queue
[2024-02-24T09:37:45.595+0000] {logging_mixin.py:188} INFO - [2024-02-24T09:37:45.595+0000] {dagbag.py:538} INFO - Filling up the DagBag from /home/airflow/.local/lib/python3.8/site-packages/airflow/example_dags/example_xcomargs.py
[2024-02-24T09:37:45.605+0000] {processor.py:840} INFO - DAG(s) 'example_xcom_args_with_operators', 'example_xcom_args' retrieved from /home/airflow/.local/lib/python3.8/site-packages/airflow/example_dags/example_xcomargs.py
[2024-02-24T09:37:45.628+0000] {logging_mixin.py:188} INFO - [2024-02-24T09:37:45.628+0000] {dag.py:3033} INFO - Sync 2 DAGs
[2024-02-24T09:37:45.640+0000] {logging_mixin.py:188} INFO - [2024-02-24T09:37:45.640+0000] {dag.py:3820} INFO - Setting next_dagrun for example_xcom_args to None, run_after=None
[2024-02-24T09:37:45.643+0000] {logging_mixin.py:188} INFO - [2024-02-24T09:37:45.643+0000] {dag.py:3820} INFO - Setting next_dagrun for example_xcom_args_with_operators to None, run_after=None
[2024-02-24T09:37:45.659+0000] {processor.py:183} INFO - Processing /home/airflow/.local/lib/python3.8/site-packages/airflow/example_dags/example_xcomargs.py took 0.071 seconds
[2024-02-24T09:38:15.985+0000] {processor.py:161} INFO - Started process (PID=8803) to work on /home/airflow/.local/lib/python3.8/site-packages/airflow/example_dags/example_xcomargs.py
[2024-02-24T09:38:15.986+0000] {processor.py:830} INFO - Processing file /home/airflow/.local/lib/python3.8/site-packages/airflow/example_dags/example_xcomargs.py for tasks to queue
[2024-02-24T09:38:15.989+0000] {logging_mixin.py:188} INFO - [2024-02-24T09:38:15.988+0000] {dagbag.py:538} INFO - Filling up the DagBag from /home/airflow/.local/lib/python3.8/site-packages/airflow/example_dags/example_xcomargs.py
[2024-02-24T09:38:15.998+0000] {processor.py:840} INFO - DAG(s) 'example_xcom_args_with_operators', 'example_xcom_args' retrieved from /home/airflow/.local/lib/python3.8/site-packages/airflow/example_dags/example_xcomargs.py
[2024-02-24T09:38:16.024+0000] {logging_mixin.py:188} INFO - [2024-02-24T09:38:16.024+0000] {dag.py:3033} INFO - Sync 2 DAGs
[2024-02-24T09:38:16.037+0000] {logging_mixin.py:188} INFO - [2024-02-24T09:38:16.037+0000] {dag.py:3820} INFO - Setting next_dagrun for example_xcom_args to None, run_after=None
[2024-02-24T09:38:16.040+0000] {logging_mixin.py:188} INFO - [2024-02-24T09:38:16.040+0000] {dag.py:3820} INFO - Setting next_dagrun for example_xcom_args_with_operators to None, run_after=None
[2024-02-24T09:38:16.059+0000] {processor.py:183} INFO - Processing /home/airflow/.local/lib/python3.8/site-packages/airflow/example_dags/example_xcomargs.py took 0.077 seconds
[2024-02-24T09:38:46.702+0000] {processor.py:161} INFO - Started process (PID=8860) to work on /home/airflow/.local/lib/python3.8/site-packages/airflow/example_dags/example_xcomargs.py
[2024-02-24T09:38:46.703+0000] {processor.py:830} INFO - Processing file /home/airflow/.local/lib/python3.8/site-packages/airflow/example_dags/example_xcomargs.py for tasks to queue
[2024-02-24T09:38:46.706+0000] {logging_mixin.py:188} INFO - [2024-02-24T09:38:46.706+0000] {dagbag.py:538} INFO - Filling up the DagBag from /home/airflow/.local/lib/python3.8/site-packages/airflow/example_dags/example_xcomargs.py
[2024-02-24T09:38:46.714+0000] {processor.py:840} INFO - DAG(s) 'example_xcom_args_with_operators', 'example_xcom_args' retrieved from /home/airflow/.local/lib/python3.8/site-packages/airflow/example_dags/example_xcomargs.py
[2024-02-24T09:38:46.745+0000] {logging_mixin.py:188} INFO - [2024-02-24T09:38:46.745+0000] {dag.py:3033} INFO - Sync 2 DAGs
[2024-02-24T09:38:46.760+0000] {logging_mixin.py:188} INFO - [2024-02-24T09:38:46.760+0000] {dag.py:3820} INFO - Setting next_dagrun for example_xcom_args to None, run_after=None
[2024-02-24T09:38:46.765+0000] {logging_mixin.py:188} INFO - [2024-02-24T09:38:46.764+0000] {dag.py:3820} INFO - Setting next_dagrun for example_xcom_args_with_operators to None, run_after=None
[2024-02-24T09:38:46.784+0000] {processor.py:183} INFO - Processing /home/airflow/.local/lib/python3.8/site-packages/airflow/example_dags/example_xcomargs.py took 0.085 seconds
[2024-02-24T09:39:17.233+0000] {processor.py:161} INFO - Started process (PID=8917) to work on /home/airflow/.local/lib/python3.8/site-packages/airflow/example_dags/example_xcomargs.py
[2024-02-24T09:39:17.234+0000] {processor.py:830} INFO - Processing file /home/airflow/.local/lib/python3.8/site-packages/airflow/example_dags/example_xcomargs.py for tasks to queue
[2024-02-24T09:39:17.236+0000] {logging_mixin.py:188} INFO - [2024-02-24T09:39:17.236+0000] {dagbag.py:538} INFO - Filling up the DagBag from /home/airflow/.local/lib/python3.8/site-packages/airflow/example_dags/example_xcomargs.py
[2024-02-24T09:39:17.246+0000] {processor.py:840} INFO - DAG(s) 'example_xcom_args_with_operators', 'example_xcom_args' retrieved from /home/airflow/.local/lib/python3.8/site-packages/airflow/example_dags/example_xcomargs.py
[2024-02-24T09:39:17.269+0000] {logging_mixin.py:188} INFO - [2024-02-24T09:39:17.269+0000] {dag.py:3033} INFO - Sync 2 DAGs
[2024-02-24T09:39:17.282+0000] {logging_mixin.py:188} INFO - [2024-02-24T09:39:17.282+0000] {dag.py:3820} INFO - Setting next_dagrun for example_xcom_args to None, run_after=None
[2024-02-24T09:39:17.286+0000] {logging_mixin.py:188} INFO - [2024-02-24T09:39:17.286+0000] {dag.py:3820} INFO - Setting next_dagrun for example_xcom_args_with_operators to None, run_after=None
[2024-02-24T09:39:17.303+0000] {processor.py:183} INFO - Processing /home/airflow/.local/lib/python3.8/site-packages/airflow/example_dags/example_xcomargs.py took 0.073 seconds
[2024-02-24T09:39:48.107+0000] {processor.py:161} INFO - Started process (PID=8974) to work on /home/airflow/.local/lib/python3.8/site-packages/airflow/example_dags/example_xcomargs.py
[2024-02-24T09:39:48.108+0000] {processor.py:830} INFO - Processing file /home/airflow/.local/lib/python3.8/site-packages/airflow/example_dags/example_xcomargs.py for tasks to queue
[2024-02-24T09:39:48.110+0000] {logging_mixin.py:188} INFO - [2024-02-24T09:39:48.110+0000] {dagbag.py:538} INFO - Filling up the DagBag from /home/airflow/.local/lib/python3.8/site-packages/airflow/example_dags/example_xcomargs.py
[2024-02-24T09:39:48.119+0000] {processor.py:840} INFO - DAG(s) 'example_xcom_args_with_operators', 'example_xcom_args' retrieved from /home/airflow/.local/lib/python3.8/site-packages/airflow/example_dags/example_xcomargs.py
[2024-02-24T09:39:48.144+0000] {logging_mixin.py:188} INFO - [2024-02-24T09:39:48.144+0000] {dag.py:3033} INFO - Sync 2 DAGs
[2024-02-24T09:39:48.157+0000] {logging_mixin.py:188} INFO - [2024-02-24T09:39:48.156+0000] {dag.py:3820} INFO - Setting next_dagrun for example_xcom_args to None, run_after=None
[2024-02-24T09:39:48.160+0000] {logging_mixin.py:188} INFO - [2024-02-24T09:39:48.160+0000] {dag.py:3820} INFO - Setting next_dagrun for example_xcom_args_with_operators to None, run_after=None
[2024-02-24T09:39:48.177+0000] {processor.py:183} INFO - Processing /home/airflow/.local/lib/python3.8/site-packages/airflow/example_dags/example_xcomargs.py took 0.073 seconds
[2024-02-24T09:40:18.905+0000] {processor.py:161} INFO - Started process (PID=9031) to work on /home/airflow/.local/lib/python3.8/site-packages/airflow/example_dags/example_xcomargs.py
[2024-02-24T09:40:18.906+0000] {processor.py:830} INFO - Processing file /home/airflow/.local/lib/python3.8/site-packages/airflow/example_dags/example_xcomargs.py for tasks to queue
[2024-02-24T09:40:18.909+0000] {logging_mixin.py:188} INFO - [2024-02-24T09:40:18.909+0000] {dagbag.py:538} INFO - Filling up the DagBag from /home/airflow/.local/lib/python3.8/site-packages/airflow/example_dags/example_xcomargs.py
[2024-02-24T09:40:18.929+0000] {processor.py:840} INFO - DAG(s) 'example_xcom_args', 'example_xcom_args_with_operators' retrieved from /home/airflow/.local/lib/python3.8/site-packages/airflow/example_dags/example_xcomargs.py
[2024-02-24T09:40:18.963+0000] {logging_mixin.py:188} INFO - [2024-02-24T09:40:18.963+0000] {dag.py:3033} INFO - Sync 2 DAGs
[2024-02-24T09:40:18.977+0000] {logging_mixin.py:188} INFO - [2024-02-24T09:40:18.977+0000] {dag.py:3820} INFO - Setting next_dagrun for example_xcom_args to None, run_after=None
[2024-02-24T09:40:18.982+0000] {logging_mixin.py:188} INFO - [2024-02-24T09:40:18.982+0000] {dag.py:3820} INFO - Setting next_dagrun for example_xcom_args_with_operators to None, run_after=None
[2024-02-24T09:40:19.006+0000] {processor.py:183} INFO - Processing /home/airflow/.local/lib/python3.8/site-packages/airflow/example_dags/example_xcomargs.py took 0.110 seconds
[2024-02-24T09:40:49.427+0000] {processor.py:161} INFO - Started process (PID=9088) to work on /home/airflow/.local/lib/python3.8/site-packages/airflow/example_dags/example_xcomargs.py
[2024-02-24T09:40:49.428+0000] {processor.py:830} INFO - Processing file /home/airflow/.local/lib/python3.8/site-packages/airflow/example_dags/example_xcomargs.py for tasks to queue
[2024-02-24T09:40:49.431+0000] {logging_mixin.py:188} INFO - [2024-02-24T09:40:49.431+0000] {dagbag.py:538} INFO - Filling up the DagBag from /home/airflow/.local/lib/python3.8/site-packages/airflow/example_dags/example_xcomargs.py
[2024-02-24T09:40:49.462+0000] {processor.py:840} INFO - DAG(s) 'example_xcom_args_with_operators', 'example_xcom_args' retrieved from /home/airflow/.local/lib/python3.8/site-packages/airflow/example_dags/example_xcomargs.py
[2024-02-24T09:40:49.528+0000] {logging_mixin.py:188} INFO - [2024-02-24T09:40:49.527+0000] {dag.py:3033} INFO - Sync 2 DAGs
[2024-02-24T09:40:49.564+0000] {logging_mixin.py:188} INFO - [2024-02-24T09:40:49.564+0000] {dag.py:3820} INFO - Setting next_dagrun for example_xcom_args to None, run_after=None
[2024-02-24T09:40:49.568+0000] {logging_mixin.py:188} INFO - [2024-02-24T09:40:49.568+0000] {dag.py:3820} INFO - Setting next_dagrun for example_xcom_args_with_operators to None, run_after=None
[2024-02-24T09:40:49.601+0000] {processor.py:183} INFO - Processing /home/airflow/.local/lib/python3.8/site-packages/airflow/example_dags/example_xcomargs.py took 0.186 seconds
[2024-02-24T09:41:20.373+0000] {processor.py:161} INFO - Started process (PID=9145) to work on /home/airflow/.local/lib/python3.8/site-packages/airflow/example_dags/example_xcomargs.py
[2024-02-24T09:41:20.374+0000] {processor.py:830} INFO - Processing file /home/airflow/.local/lib/python3.8/site-packages/airflow/example_dags/example_xcomargs.py for tasks to queue
[2024-02-24T09:41:20.376+0000] {logging_mixin.py:188} INFO - [2024-02-24T09:41:20.376+0000] {dagbag.py:538} INFO - Filling up the DagBag from /home/airflow/.local/lib/python3.8/site-packages/airflow/example_dags/example_xcomargs.py
[2024-02-24T09:41:20.385+0000] {processor.py:840} INFO - DAG(s) 'example_xcom_args', 'example_xcom_args_with_operators' retrieved from /home/airflow/.local/lib/python3.8/site-packages/airflow/example_dags/example_xcomargs.py
[2024-02-24T09:41:20.407+0000] {logging_mixin.py:188} INFO - [2024-02-24T09:41:20.407+0000] {dag.py:3033} INFO - Sync 2 DAGs
[2024-02-24T09:41:20.420+0000] {logging_mixin.py:188} INFO - [2024-02-24T09:41:20.420+0000] {dag.py:3820} INFO - Setting next_dagrun for example_xcom_args to None, run_after=None
[2024-02-24T09:41:20.424+0000] {logging_mixin.py:188} INFO - [2024-02-24T09:41:20.423+0000] {dag.py:3820} INFO - Setting next_dagrun for example_xcom_args_with_operators to None, run_after=None
[2024-02-24T09:41:20.440+0000] {processor.py:183} INFO - Processing /home/airflow/.local/lib/python3.8/site-packages/airflow/example_dags/example_xcomargs.py took 0.070 seconds
[2024-02-24T09:41:50.639+0000] {processor.py:161} INFO - Started process (PID=9202) to work on /home/airflow/.local/lib/python3.8/site-packages/airflow/example_dags/example_xcomargs.py
[2024-02-24T09:41:50.641+0000] {processor.py:830} INFO - Processing file /home/airflow/.local/lib/python3.8/site-packages/airflow/example_dags/example_xcomargs.py for tasks to queue
[2024-02-24T09:41:50.643+0000] {logging_mixin.py:188} INFO - [2024-02-24T09:41:50.643+0000] {dagbag.py:538} INFO - Filling up the DagBag from /home/airflow/.local/lib/python3.8/site-packages/airflow/example_dags/example_xcomargs.py
[2024-02-24T09:41:50.657+0000] {processor.py:840} INFO - DAG(s) 'example_xcom_args_with_operators', 'example_xcom_args' retrieved from /home/airflow/.local/lib/python3.8/site-packages/airflow/example_dags/example_xcomargs.py
[2024-02-24T09:41:50.682+0000] {logging_mixin.py:188} INFO - [2024-02-24T09:41:50.681+0000] {dag.py:3033} INFO - Sync 2 DAGs
[2024-02-24T09:41:50.695+0000] {logging_mixin.py:188} INFO - [2024-02-24T09:41:50.695+0000] {dag.py:3820} INFO - Setting next_dagrun for example_xcom_args to None, run_after=None
[2024-02-24T09:41:50.698+0000] {logging_mixin.py:188} INFO - [2024-02-24T09:41:50.698+0000] {dag.py:3820} INFO - Setting next_dagrun for example_xcom_args_with_operators to None, run_after=None
[2024-02-24T09:41:50.713+0000] {processor.py:183} INFO - Processing /home/airflow/.local/lib/python3.8/site-packages/airflow/example_dags/example_xcomargs.py took 0.078 seconds
[2024-02-24T09:42:21.305+0000] {processor.py:161} INFO - Started process (PID=9259) to work on /home/airflow/.local/lib/python3.8/site-packages/airflow/example_dags/example_xcomargs.py
[2024-02-24T09:42:21.306+0000] {processor.py:830} INFO - Processing file /home/airflow/.local/lib/python3.8/site-packages/airflow/example_dags/example_xcomargs.py for tasks to queue
[2024-02-24T09:42:21.308+0000] {logging_mixin.py:188} INFO - [2024-02-24T09:42:21.308+0000] {dagbag.py:538} INFO - Filling up the DagBag from /home/airflow/.local/lib/python3.8/site-packages/airflow/example_dags/example_xcomargs.py
[2024-02-24T09:42:21.316+0000] {processor.py:840} INFO - DAG(s) 'example_xcom_args', 'example_xcom_args_with_operators' retrieved from /home/airflow/.local/lib/python3.8/site-packages/airflow/example_dags/example_xcomargs.py
[2024-02-24T09:42:21.340+0000] {logging_mixin.py:188} INFO - [2024-02-24T09:42:21.339+0000] {dag.py:3033} INFO - Sync 2 DAGs
[2024-02-24T09:42:21.352+0000] {logging_mixin.py:188} INFO - [2024-02-24T09:42:21.352+0000] {dag.py:3820} INFO - Setting next_dagrun for example_xcom_args to None, run_after=None
[2024-02-24T09:42:21.355+0000] {logging_mixin.py:188} INFO - [2024-02-24T09:42:21.355+0000] {dag.py:3820} INFO - Setting next_dagrun for example_xcom_args_with_operators to None, run_after=None
[2024-02-24T09:42:21.371+0000] {processor.py:183} INFO - Processing /home/airflow/.local/lib/python3.8/site-packages/airflow/example_dags/example_xcomargs.py took 0.069 seconds
[2024-02-24T09:42:52.054+0000] {processor.py:161} INFO - Started process (PID=9316) to work on /home/airflow/.local/lib/python3.8/site-packages/airflow/example_dags/example_xcomargs.py
[2024-02-24T09:42:52.055+0000] {processor.py:830} INFO - Processing file /home/airflow/.local/lib/python3.8/site-packages/airflow/example_dags/example_xcomargs.py for tasks to queue
[2024-02-24T09:42:52.059+0000] {logging_mixin.py:188} INFO - [2024-02-24T09:42:52.058+0000] {dagbag.py:538} INFO - Filling up the DagBag from /home/airflow/.local/lib/python3.8/site-packages/airflow/example_dags/example_xcomargs.py
[2024-02-24T09:42:52.068+0000] {processor.py:840} INFO - DAG(s) 'example_xcom_args', 'example_xcom_args_with_operators' retrieved from /home/airflow/.local/lib/python3.8/site-packages/airflow/example_dags/example_xcomargs.py
[2024-02-24T09:42:52.093+0000] {logging_mixin.py:188} INFO - [2024-02-24T09:42:52.093+0000] {dag.py:3033} INFO - Sync 2 DAGs
[2024-02-24T09:42:52.106+0000] {logging_mixin.py:188} INFO - [2024-02-24T09:42:52.105+0000] {dag.py:3820} INFO - Setting next_dagrun for example_xcom_args to None, run_after=None
[2024-02-24T09:42:52.109+0000] {logging_mixin.py:188} INFO - [2024-02-24T09:42:52.109+0000] {dag.py:3820} INFO - Setting next_dagrun for example_xcom_args_with_operators to None, run_after=None
[2024-02-24T09:42:52.130+0000] {processor.py:183} INFO - Processing /home/airflow/.local/lib/python3.8/site-packages/airflow/example_dags/example_xcomargs.py took 0.079 seconds
[2024-02-24T09:43:22.761+0000] {processor.py:161} INFO - Started process (PID=9379) to work on /home/airflow/.local/lib/python3.8/site-packages/airflow/example_dags/example_xcomargs.py
[2024-02-24T09:43:22.762+0000] {processor.py:830} INFO - Processing file /home/airflow/.local/lib/python3.8/site-packages/airflow/example_dags/example_xcomargs.py for tasks to queue
[2024-02-24T09:43:22.765+0000] {logging_mixin.py:188} INFO - [2024-02-24T09:43:22.764+0000] {dagbag.py:538} INFO - Filling up the DagBag from /home/airflow/.local/lib/python3.8/site-packages/airflow/example_dags/example_xcomargs.py
[2024-02-24T09:43:22.773+0000] {processor.py:840} INFO - DAG(s) 'example_xcom_args_with_operators', 'example_xcom_args' retrieved from /home/airflow/.local/lib/python3.8/site-packages/airflow/example_dags/example_xcomargs.py
[2024-02-24T09:43:22.797+0000] {logging_mixin.py:188} INFO - [2024-02-24T09:43:22.797+0000] {dag.py:3033} INFO - Sync 2 DAGs
[2024-02-24T09:43:22.811+0000] {logging_mixin.py:188} INFO - [2024-02-24T09:43:22.811+0000] {dag.py:3820} INFO - Setting next_dagrun for example_xcom_args to None, run_after=None
[2024-02-24T09:43:22.814+0000] {logging_mixin.py:188} INFO - [2024-02-24T09:43:22.814+0000] {dag.py:3820} INFO - Setting next_dagrun for example_xcom_args_with_operators to None, run_after=None
[2024-02-24T09:43:22.829+0000] {processor.py:183} INFO - Processing /home/airflow/.local/lib/python3.8/site-packages/airflow/example_dags/example_xcomargs.py took 0.071 seconds
[2024-02-24T09:43:53.515+0000] {processor.py:161} INFO - Started process (PID=9436) to work on /home/airflow/.local/lib/python3.8/site-packages/airflow/example_dags/example_xcomargs.py
[2024-02-24T09:43:53.515+0000] {processor.py:830} INFO - Processing file /home/airflow/.local/lib/python3.8/site-packages/airflow/example_dags/example_xcomargs.py for tasks to queue
[2024-02-24T09:43:53.518+0000] {logging_mixin.py:188} INFO - [2024-02-24T09:43:53.517+0000] {dagbag.py:538} INFO - Filling up the DagBag from /home/airflow/.local/lib/python3.8/site-packages/airflow/example_dags/example_xcomargs.py
[2024-02-24T09:43:53.526+0000] {processor.py:840} INFO - DAG(s) 'example_xcom_args_with_operators', 'example_xcom_args' retrieved from /home/airflow/.local/lib/python3.8/site-packages/airflow/example_dags/example_xcomargs.py
[2024-02-24T09:43:53.548+0000] {logging_mixin.py:188} INFO - [2024-02-24T09:43:53.548+0000] {dag.py:3033} INFO - Sync 2 DAGs
[2024-02-24T09:43:53.560+0000] {logging_mixin.py:188} INFO - [2024-02-24T09:43:53.559+0000] {dag.py:3820} INFO - Setting next_dagrun for example_xcom_args to None, run_after=None
[2024-02-24T09:43:53.563+0000] {logging_mixin.py:188} INFO - [2024-02-24T09:43:53.562+0000] {dag.py:3820} INFO - Setting next_dagrun for example_xcom_args_with_operators to None, run_after=None
[2024-02-24T09:43:53.577+0000] {processor.py:183} INFO - Processing /home/airflow/.local/lib/python3.8/site-packages/airflow/example_dags/example_xcomargs.py took 0.066 seconds
[2024-02-24T09:44:24.357+0000] {processor.py:161} INFO - Started process (PID=9493) to work on /home/airflow/.local/lib/python3.8/site-packages/airflow/example_dags/example_xcomargs.py
[2024-02-24T09:44:24.358+0000] {processor.py:830} INFO - Processing file /home/airflow/.local/lib/python3.8/site-packages/airflow/example_dags/example_xcomargs.py for tasks to queue
[2024-02-24T09:44:24.360+0000] {logging_mixin.py:188} INFO - [2024-02-24T09:44:24.360+0000] {dagbag.py:538} INFO - Filling up the DagBag from /home/airflow/.local/lib/python3.8/site-packages/airflow/example_dags/example_xcomargs.py
[2024-02-24T09:44:24.368+0000] {processor.py:840} INFO - DAG(s) 'example_xcom_args_with_operators', 'example_xcom_args' retrieved from /home/airflow/.local/lib/python3.8/site-packages/airflow/example_dags/example_xcomargs.py
[2024-02-24T09:44:24.390+0000] {logging_mixin.py:188} INFO - [2024-02-24T09:44:24.390+0000] {dag.py:3033} INFO - Sync 2 DAGs
[2024-02-24T09:44:24.402+0000] {logging_mixin.py:188} INFO - [2024-02-24T09:44:24.402+0000] {dag.py:3820} INFO - Setting next_dagrun for example_xcom_args to None, run_after=None
[2024-02-24T09:44:24.405+0000] {logging_mixin.py:188} INFO - [2024-02-24T09:44:24.405+0000] {dag.py:3820} INFO - Setting next_dagrun for example_xcom_args_with_operators to None, run_after=None
[2024-02-24T09:44:24.419+0000] {processor.py:183} INFO - Processing /home/airflow/.local/lib/python3.8/site-packages/airflow/example_dags/example_xcomargs.py took 0.066 seconds
[2024-02-24T09:44:55.052+0000] {processor.py:161} INFO - Started process (PID=9550) to work on /home/airflow/.local/lib/python3.8/site-packages/airflow/example_dags/example_xcomargs.py
[2024-02-24T09:44:55.052+0000] {processor.py:830} INFO - Processing file /home/airflow/.local/lib/python3.8/site-packages/airflow/example_dags/example_xcomargs.py for tasks to queue
[2024-02-24T09:44:55.055+0000] {logging_mixin.py:188} INFO - [2024-02-24T09:44:55.054+0000] {dagbag.py:538} INFO - Filling up the DagBag from /home/airflow/.local/lib/python3.8/site-packages/airflow/example_dags/example_xcomargs.py
[2024-02-24T09:44:55.063+0000] {processor.py:840} INFO - DAG(s) 'example_xcom_args', 'example_xcom_args_with_operators' retrieved from /home/airflow/.local/lib/python3.8/site-packages/airflow/example_dags/example_xcomargs.py
[2024-02-24T09:44:55.085+0000] {logging_mixin.py:188} INFO - [2024-02-24T09:44:55.085+0000] {dag.py:3033} INFO - Sync 2 DAGs
[2024-02-24T09:44:55.097+0000] {logging_mixin.py:188} INFO - [2024-02-24T09:44:55.097+0000] {dag.py:3820} INFO - Setting next_dagrun for example_xcom_args to None, run_after=None
[2024-02-24T09:44:55.101+0000] {logging_mixin.py:188} INFO - [2024-02-24T09:44:55.100+0000] {dag.py:3820} INFO - Setting next_dagrun for example_xcom_args_with_operators to None, run_after=None
[2024-02-24T09:44:55.115+0000] {processor.py:183} INFO - Processing /home/airflow/.local/lib/python3.8/site-packages/airflow/example_dags/example_xcomargs.py took 0.067 seconds
[2024-02-24T09:45:25.768+0000] {processor.py:161} INFO - Started process (PID=9607) to work on /home/airflow/.local/lib/python3.8/site-packages/airflow/example_dags/example_xcomargs.py
[2024-02-24T09:45:25.769+0000] {processor.py:830} INFO - Processing file /home/airflow/.local/lib/python3.8/site-packages/airflow/example_dags/example_xcomargs.py for tasks to queue
[2024-02-24T09:45:25.772+0000] {logging_mixin.py:188} INFO - [2024-02-24T09:45:25.772+0000] {dagbag.py:538} INFO - Filling up the DagBag from /home/airflow/.local/lib/python3.8/site-packages/airflow/example_dags/example_xcomargs.py
[2024-02-24T09:45:25.781+0000] {processor.py:840} INFO - DAG(s) 'example_xcom_args_with_operators', 'example_xcom_args' retrieved from /home/airflow/.local/lib/python3.8/site-packages/airflow/example_dags/example_xcomargs.py
[2024-02-24T09:45:25.803+0000] {logging_mixin.py:188} INFO - [2024-02-24T09:45:25.803+0000] {dag.py:3033} INFO - Sync 2 DAGs
[2024-02-24T09:45:25.874+0000] {logging_mixin.py:188} INFO - [2024-02-24T09:45:25.874+0000] {dag.py:3820} INFO - Setting next_dagrun for example_xcom_args to None, run_after=None
[2024-02-24T09:45:25.877+0000] {logging_mixin.py:188} INFO - [2024-02-24T09:45:25.877+0000] {dag.py:3820} INFO - Setting next_dagrun for example_xcom_args_with_operators to None, run_after=None
[2024-02-24T09:45:25.892+0000] {processor.py:183} INFO - Processing /home/airflow/.local/lib/python3.8/site-packages/airflow/example_dags/example_xcomargs.py took 0.127 seconds
[2024-02-24T09:45:56.684+0000] {processor.py:161} INFO - Started process (PID=9664) to work on /home/airflow/.local/lib/python3.8/site-packages/airflow/example_dags/example_xcomargs.py
[2024-02-24T09:45:56.685+0000] {processor.py:830} INFO - Processing file /home/airflow/.local/lib/python3.8/site-packages/airflow/example_dags/example_xcomargs.py for tasks to queue
[2024-02-24T09:45:56.687+0000] {logging_mixin.py:188} INFO - [2024-02-24T09:45:56.687+0000] {dagbag.py:538} INFO - Filling up the DagBag from /home/airflow/.local/lib/python3.8/site-packages/airflow/example_dags/example_xcomargs.py
[2024-02-24T09:45:56.697+0000] {processor.py:840} INFO - DAG(s) 'example_xcom_args', 'example_xcom_args_with_operators' retrieved from /home/airflow/.local/lib/python3.8/site-packages/airflow/example_dags/example_xcomargs.py
[2024-02-24T09:45:56.720+0000] {logging_mixin.py:188} INFO - [2024-02-24T09:45:56.720+0000] {dag.py:3033} INFO - Sync 2 DAGs
[2024-02-24T09:45:56.732+0000] {logging_mixin.py:188} INFO - [2024-02-24T09:45:56.732+0000] {dag.py:3820} INFO - Setting next_dagrun for example_xcom_args to None, run_after=None
[2024-02-24T09:45:56.735+0000] {logging_mixin.py:188} INFO - [2024-02-24T09:45:56.735+0000] {dag.py:3820} INFO - Setting next_dagrun for example_xcom_args_with_operators to None, run_after=None
[2024-02-24T09:45:56.753+0000] {processor.py:183} INFO - Processing /home/airflow/.local/lib/python3.8/site-packages/airflow/example_dags/example_xcomargs.py took 0.072 seconds
[2024-02-24T09:46:27.576+0000] {processor.py:161} INFO - Started process (PID=9721) to work on /home/airflow/.local/lib/python3.8/site-packages/airflow/example_dags/example_xcomargs.py
[2024-02-24T09:46:27.577+0000] {processor.py:830} INFO - Processing file /home/airflow/.local/lib/python3.8/site-packages/airflow/example_dags/example_xcomargs.py for tasks to queue
[2024-02-24T09:46:27.579+0000] {logging_mixin.py:188} INFO - [2024-02-24T09:46:27.579+0000] {dagbag.py:538} INFO - Filling up the DagBag from /home/airflow/.local/lib/python3.8/site-packages/airflow/example_dags/example_xcomargs.py
[2024-02-24T09:46:27.588+0000] {processor.py:840} INFO - DAG(s) 'example_xcom_args', 'example_xcom_args_with_operators' retrieved from /home/airflow/.local/lib/python3.8/site-packages/airflow/example_dags/example_xcomargs.py
[2024-02-24T09:46:27.611+0000] {logging_mixin.py:188} INFO - [2024-02-24T09:46:27.611+0000] {dag.py:3033} INFO - Sync 2 DAGs
[2024-02-24T09:46:27.623+0000] {logging_mixin.py:188} INFO - [2024-02-24T09:46:27.623+0000] {dag.py:3820} INFO - Setting next_dagrun for example_xcom_args to None, run_after=None
[2024-02-24T09:46:27.626+0000] {logging_mixin.py:188} INFO - [2024-02-24T09:46:27.626+0000] {dag.py:3820} INFO - Setting next_dagrun for example_xcom_args_with_operators to None, run_after=None
[2024-02-24T09:46:27.642+0000] {processor.py:183} INFO - Processing /home/airflow/.local/lib/python3.8/site-packages/airflow/example_dags/example_xcomargs.py took 0.069 seconds
[2024-02-24T09:46:58.378+0000] {processor.py:161} INFO - Started process (PID=9778) to work on /home/airflow/.local/lib/python3.8/site-packages/airflow/example_dags/example_xcomargs.py
[2024-02-24T09:46:58.379+0000] {processor.py:830} INFO - Processing file /home/airflow/.local/lib/python3.8/site-packages/airflow/example_dags/example_xcomargs.py for tasks to queue
[2024-02-24T09:46:58.381+0000] {logging_mixin.py:188} INFO - [2024-02-24T09:46:58.381+0000] {dagbag.py:538} INFO - Filling up the DagBag from /home/airflow/.local/lib/python3.8/site-packages/airflow/example_dags/example_xcomargs.py
[2024-02-24T09:46:58.390+0000] {processor.py:840} INFO - DAG(s) 'example_xcom_args_with_operators', 'example_xcom_args' retrieved from /home/airflow/.local/lib/python3.8/site-packages/airflow/example_dags/example_xcomargs.py
[2024-02-24T09:46:58.413+0000] {logging_mixin.py:188} INFO - [2024-02-24T09:46:58.413+0000] {dag.py:3033} INFO - Sync 2 DAGs
[2024-02-24T09:46:58.425+0000] {logging_mixin.py:188} INFO - [2024-02-24T09:46:58.425+0000] {dag.py:3820} INFO - Setting next_dagrun for example_xcom_args to None, run_after=None
[2024-02-24T09:46:58.428+0000] {logging_mixin.py:188} INFO - [2024-02-24T09:46:58.428+0000] {dag.py:3820} INFO - Setting next_dagrun for example_xcom_args_with_operators to None, run_after=None
[2024-02-24T09:46:58.443+0000] {processor.py:183} INFO - Processing /home/airflow/.local/lib/python3.8/site-packages/airflow/example_dags/example_xcomargs.py took 0.067 seconds
[2024-02-24T09:47:29.070+0000] {processor.py:161} INFO - Started process (PID=9835) to work on /home/airflow/.local/lib/python3.8/site-packages/airflow/example_dags/example_xcomargs.py
[2024-02-24T09:47:29.071+0000] {processor.py:830} INFO - Processing file /home/airflow/.local/lib/python3.8/site-packages/airflow/example_dags/example_xcomargs.py for tasks to queue
[2024-02-24T09:47:29.073+0000] {logging_mixin.py:188} INFO - [2024-02-24T09:47:29.073+0000] {dagbag.py:538} INFO - Filling up the DagBag from /home/airflow/.local/lib/python3.8/site-packages/airflow/example_dags/example_xcomargs.py
[2024-02-24T09:47:29.084+0000] {processor.py:840} INFO - DAG(s) 'example_xcom_args', 'example_xcom_args_with_operators' retrieved from /home/airflow/.local/lib/python3.8/site-packages/airflow/example_dags/example_xcomargs.py
[2024-02-24T09:47:29.113+0000] {logging_mixin.py:188} INFO - [2024-02-24T09:47:29.112+0000] {dag.py:3033} INFO - Sync 2 DAGs
[2024-02-24T09:47:29.128+0000] {logging_mixin.py:188} INFO - [2024-02-24T09:47:29.127+0000] {dag.py:3820} INFO - Setting next_dagrun for example_xcom_args to None, run_after=None
[2024-02-24T09:47:29.132+0000] {logging_mixin.py:188} INFO - [2024-02-24T09:47:29.132+0000] {dag.py:3820} INFO - Setting next_dagrun for example_xcom_args_with_operators to None, run_after=None
[2024-02-24T09:47:29.152+0000] {processor.py:183} INFO - Processing /home/airflow/.local/lib/python3.8/site-packages/airflow/example_dags/example_xcomargs.py took 0.087 seconds
[2024-02-24T09:47:59.889+0000] {processor.py:161} INFO - Started process (PID=9892) to work on /home/airflow/.local/lib/python3.8/site-packages/airflow/example_dags/example_xcomargs.py
[2024-02-24T09:47:59.890+0000] {processor.py:830} INFO - Processing file /home/airflow/.local/lib/python3.8/site-packages/airflow/example_dags/example_xcomargs.py for tasks to queue
[2024-02-24T09:47:59.893+0000] {logging_mixin.py:188} INFO - [2024-02-24T09:47:59.892+0000] {dagbag.py:538} INFO - Filling up the DagBag from /home/airflow/.local/lib/python3.8/site-packages/airflow/example_dags/example_xcomargs.py
[2024-02-24T09:47:59.906+0000] {processor.py:840} INFO - DAG(s) 'example_xcom_args', 'example_xcom_args_with_operators' retrieved from /home/airflow/.local/lib/python3.8/site-packages/airflow/example_dags/example_xcomargs.py
[2024-02-24T09:47:59.936+0000] {logging_mixin.py:188} INFO - [2024-02-24T09:47:59.936+0000] {dag.py:3033} INFO - Sync 2 DAGs
[2024-02-24T09:47:59.951+0000] {logging_mixin.py:188} INFO - [2024-02-24T09:47:59.951+0000] {dag.py:3820} INFO - Setting next_dagrun for example_xcom_args to None, run_after=None
[2024-02-24T09:47:59.955+0000] {logging_mixin.py:188} INFO - [2024-02-24T09:47:59.955+0000] {dag.py:3820} INFO - Setting next_dagrun for example_xcom_args_with_operators to None, run_after=None
[2024-02-24T09:47:59.973+0000] {processor.py:183} INFO - Processing /home/airflow/.local/lib/python3.8/site-packages/airflow/example_dags/example_xcomargs.py took 0.089 seconds
[2024-02-24T09:48:30.147+0000] {processor.py:161} INFO - Started process (PID=9949) to work on /home/airflow/.local/lib/python3.8/site-packages/airflow/example_dags/example_xcomargs.py
[2024-02-24T09:48:30.148+0000] {processor.py:830} INFO - Processing file /home/airflow/.local/lib/python3.8/site-packages/airflow/example_dags/example_xcomargs.py for tasks to queue
[2024-02-24T09:48:30.151+0000] {logging_mixin.py:188} INFO - [2024-02-24T09:48:30.151+0000] {dagbag.py:538} INFO - Filling up the DagBag from /home/airflow/.local/lib/python3.8/site-packages/airflow/example_dags/example_xcomargs.py
[2024-02-24T09:48:30.163+0000] {processor.py:840} INFO - DAG(s) 'example_xcom_args', 'example_xcom_args_with_operators' retrieved from /home/airflow/.local/lib/python3.8/site-packages/airflow/example_dags/example_xcomargs.py
[2024-02-24T09:48:30.198+0000] {logging_mixin.py:188} INFO - [2024-02-24T09:48:30.197+0000] {dag.py:3033} INFO - Sync 2 DAGs
[2024-02-24T09:48:30.213+0000] {logging_mixin.py:188} INFO - [2024-02-24T09:48:30.213+0000] {dag.py:3820} INFO - Setting next_dagrun for example_xcom_args to None, run_after=None
[2024-02-24T09:48:30.217+0000] {logging_mixin.py:188} INFO - [2024-02-24T09:48:30.217+0000] {dag.py:3820} INFO - Setting next_dagrun for example_xcom_args_with_operators to None, run_after=None
[2024-02-24T09:48:30.236+0000] {processor.py:183} INFO - Processing /home/airflow/.local/lib/python3.8/site-packages/airflow/example_dags/example_xcomargs.py took 0.092 seconds
[2024-02-24T09:49:00.517+0000] {processor.py:161} INFO - Started process (PID=10006) to work on /home/airflow/.local/lib/python3.8/site-packages/airflow/example_dags/example_xcomargs.py
[2024-02-24T09:49:00.518+0000] {processor.py:830} INFO - Processing file /home/airflow/.local/lib/python3.8/site-packages/airflow/example_dags/example_xcomargs.py for tasks to queue
[2024-02-24T09:49:00.521+0000] {logging_mixin.py:188} INFO - [2024-02-24T09:49:00.521+0000] {dagbag.py:538} INFO - Filling up the DagBag from /home/airflow/.local/lib/python3.8/site-packages/airflow/example_dags/example_xcomargs.py
[2024-02-24T09:49:00.534+0000] {processor.py:840} INFO - DAG(s) 'example_xcom_args_with_operators', 'example_xcom_args' retrieved from /home/airflow/.local/lib/python3.8/site-packages/airflow/example_dags/example_xcomargs.py
[2024-02-24T09:49:00.568+0000] {logging_mixin.py:188} INFO - [2024-02-24T09:49:00.568+0000] {dag.py:3033} INFO - Sync 2 DAGs
[2024-02-24T09:49:00.585+0000] {logging_mixin.py:188} INFO - [2024-02-24T09:49:00.585+0000] {dag.py:3820} INFO - Setting next_dagrun for example_xcom_args to None, run_after=None
[2024-02-24T09:49:00.590+0000] {logging_mixin.py:188} INFO - [2024-02-24T09:49:00.590+0000] {dag.py:3820} INFO - Setting next_dagrun for example_xcom_args_with_operators to None, run_after=None
[2024-02-24T09:49:00.613+0000] {processor.py:183} INFO - Processing /home/airflow/.local/lib/python3.8/site-packages/airflow/example_dags/example_xcomargs.py took 0.099 seconds
