[2024-02-24T09:35:45.566+0000] {processor.py:161} INFO - Started process (PID=8537) to work on /home/airflow/.local/lib/python3.8/site-packages/airflow/example_dags/example_skip_dag.py
[2024-02-24T09:35:45.567+0000] {processor.py:830} INFO - Processing file /home/airflow/.local/lib/python3.8/site-packages/airflow/example_dags/example_skip_dag.py for tasks to queue
[2024-02-24T09:35:45.571+0000] {logging_mixin.py:188} INFO - [2024-02-24T09:35:45.570+0000] {dagbag.py:538} INFO - Filling up the DagBag from /home/airflow/.local/lib/python3.8/site-packages/airflow/example_dags/example_skip_dag.py
[2024-02-24T09:35:45.579+0000] {processor.py:840} INFO - DAG(s) 'example_skip_dag' retrieved from /home/airflow/.local/lib/python3.8/site-packages/airflow/example_dags/example_skip_dag.py
[2024-02-24T09:35:45.605+0000] {logging_mixin.py:188} INFO - [2024-02-24T09:35:45.604+0000] {dag.py:3033} INFO - Sync 1 DAGs
[2024-02-24T09:35:45.632+0000] {logging_mixin.py:188} INFO - [2024-02-24T09:35:45.632+0000] {dag.py:3820} INFO - Setting next_dagrun for example_skip_dag to 2024-02-23T00:00:00+00:00, run_after=2024-02-24T00:00:00+00:00
[2024-02-24T09:35:45.654+0000] {processor.py:183} INFO - Processing /home/airflow/.local/lib/python3.8/site-packages/airflow/example_dags/example_skip_dag.py took 0.092 seconds
[2024-02-24T09:36:15.699+0000] {processor.py:161} INFO - Started process (PID=8594) to work on /home/airflow/.local/lib/python3.8/site-packages/airflow/example_dags/example_skip_dag.py
[2024-02-24T09:36:15.700+0000] {processor.py:830} INFO - Processing file /home/airflow/.local/lib/python3.8/site-packages/airflow/example_dags/example_skip_dag.py for tasks to queue
[2024-02-24T09:36:15.702+0000] {logging_mixin.py:188} INFO - [2024-02-24T09:36:15.702+0000] {dagbag.py:538} INFO - Filling up the DagBag from /home/airflow/.local/lib/python3.8/site-packages/airflow/example_dags/example_skip_dag.py
[2024-02-24T09:36:15.709+0000] {processor.py:840} INFO - DAG(s) 'example_skip_dag' retrieved from /home/airflow/.local/lib/python3.8/site-packages/airflow/example_dags/example_skip_dag.py
[2024-02-24T09:36:15.729+0000] {logging_mixin.py:188} INFO - [2024-02-24T09:36:15.728+0000] {dag.py:3033} INFO - Sync 1 DAGs
[2024-02-24T09:36:15.747+0000] {logging_mixin.py:188} INFO - [2024-02-24T09:36:15.747+0000] {dag.py:3820} INFO - Setting next_dagrun for example_skip_dag to 2024-02-23T00:00:00+00:00, run_after=2024-02-24T00:00:00+00:00
[2024-02-24T09:36:15.765+0000] {processor.py:183} INFO - Processing /home/airflow/.local/lib/python3.8/site-packages/airflow/example_dags/example_skip_dag.py took 0.069 seconds
[2024-02-24T09:36:46.294+0000] {processor.py:161} INFO - Started process (PID=8651) to work on /home/airflow/.local/lib/python3.8/site-packages/airflow/example_dags/example_skip_dag.py
[2024-02-24T09:36:46.295+0000] {processor.py:830} INFO - Processing file /home/airflow/.local/lib/python3.8/site-packages/airflow/example_dags/example_skip_dag.py for tasks to queue
[2024-02-24T09:36:46.297+0000] {logging_mixin.py:188} INFO - [2024-02-24T09:36:46.297+0000] {dagbag.py:538} INFO - Filling up the DagBag from /home/airflow/.local/lib/python3.8/site-packages/airflow/example_dags/example_skip_dag.py
[2024-02-24T09:36:46.305+0000] {processor.py:840} INFO - DAG(s) 'example_skip_dag' retrieved from /home/airflow/.local/lib/python3.8/site-packages/airflow/example_dags/example_skip_dag.py
[2024-02-24T09:36:46.331+0000] {logging_mixin.py:188} INFO - [2024-02-24T09:36:46.330+0000] {dag.py:3033} INFO - Sync 1 DAGs
[2024-02-24T09:36:46.359+0000] {logging_mixin.py:188} INFO - [2024-02-24T09:36:46.359+0000] {dag.py:3820} INFO - Setting next_dagrun for example_skip_dag to 2024-02-23T00:00:00+00:00, run_after=2024-02-24T00:00:00+00:00
[2024-02-24T09:36:46.380+0000] {processor.py:183} INFO - Processing /home/airflow/.local/lib/python3.8/site-packages/airflow/example_dags/example_skip_dag.py took 0.090 seconds
[2024-02-24T09:37:16.498+0000] {processor.py:161} INFO - Started process (PID=8708) to work on /home/airflow/.local/lib/python3.8/site-packages/airflow/example_dags/example_skip_dag.py
[2024-02-24T09:37:16.499+0000] {processor.py:830} INFO - Processing file /home/airflow/.local/lib/python3.8/site-packages/airflow/example_dags/example_skip_dag.py for tasks to queue
[2024-02-24T09:37:16.501+0000] {logging_mixin.py:188} INFO - [2024-02-24T09:37:16.501+0000] {dagbag.py:538} INFO - Filling up the DagBag from /home/airflow/.local/lib/python3.8/site-packages/airflow/example_dags/example_skip_dag.py
[2024-02-24T09:37:16.508+0000] {processor.py:840} INFO - DAG(s) 'example_skip_dag' retrieved from /home/airflow/.local/lib/python3.8/site-packages/airflow/example_dags/example_skip_dag.py
[2024-02-24T09:37:16.529+0000] {logging_mixin.py:188} INFO - [2024-02-24T09:37:16.528+0000] {dag.py:3033} INFO - Sync 1 DAGs
[2024-02-24T09:37:16.548+0000] {logging_mixin.py:188} INFO - [2024-02-24T09:37:16.548+0000] {dag.py:3820} INFO - Setting next_dagrun for example_skip_dag to 2024-02-23T00:00:00+00:00, run_after=2024-02-24T00:00:00+00:00
[2024-02-24T09:37:16.565+0000] {processor.py:183} INFO - Processing /home/airflow/.local/lib/python3.8/site-packages/airflow/example_dags/example_skip_dag.py took 0.070 seconds
[2024-02-24T09:37:47.116+0000] {processor.py:161} INFO - Started process (PID=8765) to work on /home/airflow/.local/lib/python3.8/site-packages/airflow/example_dags/example_skip_dag.py
[2024-02-24T09:37:47.118+0000] {processor.py:830} INFO - Processing file /home/airflow/.local/lib/python3.8/site-packages/airflow/example_dags/example_skip_dag.py for tasks to queue
[2024-02-24T09:37:47.121+0000] {logging_mixin.py:188} INFO - [2024-02-24T09:37:47.120+0000] {dagbag.py:538} INFO - Filling up the DagBag from /home/airflow/.local/lib/python3.8/site-packages/airflow/example_dags/example_skip_dag.py
[2024-02-24T09:37:47.128+0000] {processor.py:840} INFO - DAG(s) 'example_skip_dag' retrieved from /home/airflow/.local/lib/python3.8/site-packages/airflow/example_dags/example_skip_dag.py
[2024-02-24T09:37:47.151+0000] {logging_mixin.py:188} INFO - [2024-02-24T09:37:47.151+0000] {dag.py:3033} INFO - Sync 1 DAGs
[2024-02-24T09:37:47.171+0000] {logging_mixin.py:188} INFO - [2024-02-24T09:37:47.170+0000] {dag.py:3820} INFO - Setting next_dagrun for example_skip_dag to 2024-02-23T00:00:00+00:00, run_after=2024-02-24T00:00:00+00:00
[2024-02-24T09:37:47.187+0000] {processor.py:183} INFO - Processing /home/airflow/.local/lib/python3.8/site-packages/airflow/example_dags/example_skip_dag.py took 0.075 seconds
[2024-02-24T09:38:17.240+0000] {processor.py:161} INFO - Started process (PID=8822) to work on /home/airflow/.local/lib/python3.8/site-packages/airflow/example_dags/example_skip_dag.py
[2024-02-24T09:38:17.241+0000] {processor.py:830} INFO - Processing file /home/airflow/.local/lib/python3.8/site-packages/airflow/example_dags/example_skip_dag.py for tasks to queue
[2024-02-24T09:38:17.244+0000] {logging_mixin.py:188} INFO - [2024-02-24T09:38:17.244+0000] {dagbag.py:538} INFO - Filling up the DagBag from /home/airflow/.local/lib/python3.8/site-packages/airflow/example_dags/example_skip_dag.py
[2024-02-24T09:38:17.256+0000] {processor.py:840} INFO - DAG(s) 'example_skip_dag' retrieved from /home/airflow/.local/lib/python3.8/site-packages/airflow/example_dags/example_skip_dag.py
[2024-02-24T09:38:17.291+0000] {logging_mixin.py:188} INFO - [2024-02-24T09:38:17.290+0000] {dag.py:3033} INFO - Sync 1 DAGs
[2024-02-24T09:38:17.338+0000] {logging_mixin.py:188} INFO - [2024-02-24T09:38:17.338+0000] {dag.py:3820} INFO - Setting next_dagrun for example_skip_dag to 2024-02-23T00:00:00+00:00, run_after=2024-02-24T00:00:00+00:00
[2024-02-24T09:38:17.373+0000] {processor.py:183} INFO - Processing /home/airflow/.local/lib/python3.8/site-packages/airflow/example_dags/example_skip_dag.py took 0.137 seconds
[2024-02-24T09:38:48.020+0000] {processor.py:161} INFO - Started process (PID=8879) to work on /home/airflow/.local/lib/python3.8/site-packages/airflow/example_dags/example_skip_dag.py
[2024-02-24T09:38:48.021+0000] {processor.py:830} INFO - Processing file /home/airflow/.local/lib/python3.8/site-packages/airflow/example_dags/example_skip_dag.py for tasks to queue
[2024-02-24T09:38:48.023+0000] {logging_mixin.py:188} INFO - [2024-02-24T09:38:48.023+0000] {dagbag.py:538} INFO - Filling up the DagBag from /home/airflow/.local/lib/python3.8/site-packages/airflow/example_dags/example_skip_dag.py
[2024-02-24T09:38:48.031+0000] {processor.py:840} INFO - DAG(s) 'example_skip_dag' retrieved from /home/airflow/.local/lib/python3.8/site-packages/airflow/example_dags/example_skip_dag.py
[2024-02-24T09:38:48.055+0000] {logging_mixin.py:188} INFO - [2024-02-24T09:38:48.054+0000] {dag.py:3033} INFO - Sync 1 DAGs
[2024-02-24T09:38:48.075+0000] {logging_mixin.py:188} INFO - [2024-02-24T09:38:48.075+0000] {dag.py:3820} INFO - Setting next_dagrun for example_skip_dag to 2024-02-23T00:00:00+00:00, run_after=2024-02-24T00:00:00+00:00
[2024-02-24T09:38:48.096+0000] {processor.py:183} INFO - Processing /home/airflow/.local/lib/python3.8/site-packages/airflow/example_dags/example_skip_dag.py took 0.080 seconds
[2024-02-24T09:39:18.281+0000] {processor.py:161} INFO - Started process (PID=8936) to work on /home/airflow/.local/lib/python3.8/site-packages/airflow/example_dags/example_skip_dag.py
[2024-02-24T09:39:18.282+0000] {processor.py:830} INFO - Processing file /home/airflow/.local/lib/python3.8/site-packages/airflow/example_dags/example_skip_dag.py for tasks to queue
[2024-02-24T09:39:18.284+0000] {logging_mixin.py:188} INFO - [2024-02-24T09:39:18.284+0000] {dagbag.py:538} INFO - Filling up the DagBag from /home/airflow/.local/lib/python3.8/site-packages/airflow/example_dags/example_skip_dag.py
[2024-02-24T09:39:18.291+0000] {processor.py:840} INFO - DAG(s) 'example_skip_dag' retrieved from /home/airflow/.local/lib/python3.8/site-packages/airflow/example_dags/example_skip_dag.py
[2024-02-24T09:39:18.312+0000] {logging_mixin.py:188} INFO - [2024-02-24T09:39:18.311+0000] {dag.py:3033} INFO - Sync 1 DAGs
[2024-02-24T09:39:18.335+0000] {logging_mixin.py:188} INFO - [2024-02-24T09:39:18.335+0000] {dag.py:3820} INFO - Setting next_dagrun for example_skip_dag to 2024-02-23T00:00:00+00:00, run_after=2024-02-24T00:00:00+00:00
[2024-02-24T09:39:18.354+0000] {processor.py:183} INFO - Processing /home/airflow/.local/lib/python3.8/site-packages/airflow/example_dags/example_skip_dag.py took 0.075 seconds
[2024-02-24T09:39:49.204+0000] {processor.py:161} INFO - Started process (PID=8993) to work on /home/airflow/.local/lib/python3.8/site-packages/airflow/example_dags/example_skip_dag.py
[2024-02-24T09:39:49.204+0000] {processor.py:830} INFO - Processing file /home/airflow/.local/lib/python3.8/site-packages/airflow/example_dags/example_skip_dag.py for tasks to queue
[2024-02-24T09:39:49.207+0000] {logging_mixin.py:188} INFO - [2024-02-24T09:39:49.206+0000] {dagbag.py:538} INFO - Filling up the DagBag from /home/airflow/.local/lib/python3.8/site-packages/airflow/example_dags/example_skip_dag.py
[2024-02-24T09:39:49.215+0000] {processor.py:840} INFO - DAG(s) 'example_skip_dag' retrieved from /home/airflow/.local/lib/python3.8/site-packages/airflow/example_dags/example_skip_dag.py
[2024-02-24T09:39:49.239+0000] {logging_mixin.py:188} INFO - [2024-02-24T09:39:49.238+0000] {dag.py:3033} INFO - Sync 1 DAGs
[2024-02-24T09:39:49.262+0000] {logging_mixin.py:188} INFO - [2024-02-24T09:39:49.262+0000] {dag.py:3820} INFO - Setting next_dagrun for example_skip_dag to 2024-02-23T00:00:00+00:00, run_after=2024-02-24T00:00:00+00:00
[2024-02-24T09:39:49.280+0000] {processor.py:183} INFO - Processing /home/airflow/.local/lib/python3.8/site-packages/airflow/example_dags/example_skip_dag.py took 0.080 seconds
[2024-02-24T09:40:20.648+0000] {processor.py:161} INFO - Started process (PID=9050) to work on /home/airflow/.local/lib/python3.8/site-packages/airflow/example_dags/example_skip_dag.py
[2024-02-24T09:40:20.649+0000] {processor.py:830} INFO - Processing file /home/airflow/.local/lib/python3.8/site-packages/airflow/example_dags/example_skip_dag.py for tasks to queue
[2024-02-24T09:40:20.652+0000] {logging_mixin.py:188} INFO - [2024-02-24T09:40:20.651+0000] {dagbag.py:538} INFO - Filling up the DagBag from /home/airflow/.local/lib/python3.8/site-packages/airflow/example_dags/example_skip_dag.py
[2024-02-24T09:40:20.660+0000] {processor.py:840} INFO - DAG(s) 'example_skip_dag' retrieved from /home/airflow/.local/lib/python3.8/site-packages/airflow/example_dags/example_skip_dag.py
[2024-02-24T09:40:20.698+0000] {logging_mixin.py:188} INFO - [2024-02-24T09:40:20.697+0000] {dag.py:3033} INFO - Sync 1 DAGs
[2024-02-24T09:40:20.724+0000] {logging_mixin.py:188} INFO - [2024-02-24T09:40:20.724+0000] {dag.py:3820} INFO - Setting next_dagrun for example_skip_dag to 2024-02-23T00:00:00+00:00, run_after=2024-02-24T00:00:00+00:00
[2024-02-24T09:40:20.748+0000] {processor.py:183} INFO - Processing /home/airflow/.local/lib/python3.8/site-packages/airflow/example_dags/example_skip_dag.py took 0.104 seconds
[2024-02-24T09:40:52.674+0000] {processor.py:161} INFO - Started process (PID=9113) to work on /home/airflow/.local/lib/python3.8/site-packages/airflow/example_dags/example_skip_dag.py
[2024-02-24T09:40:52.675+0000] {processor.py:830} INFO - Processing file /home/airflow/.local/lib/python3.8/site-packages/airflow/example_dags/example_skip_dag.py for tasks to queue
[2024-02-24T09:40:52.678+0000] {logging_mixin.py:188} INFO - [2024-02-24T09:40:52.678+0000] {dagbag.py:538} INFO - Filling up the DagBag from /home/airflow/.local/lib/python3.8/site-packages/airflow/example_dags/example_skip_dag.py
[2024-02-24T09:40:52.707+0000] {processor.py:840} INFO - DAG(s) 'example_skip_dag' retrieved from /home/airflow/.local/lib/python3.8/site-packages/airflow/example_dags/example_skip_dag.py
[2024-02-24T09:40:52.777+0000] {logging_mixin.py:188} INFO - [2024-02-24T09:40:52.777+0000] {dag.py:3033} INFO - Sync 1 DAGs
[2024-02-24T09:40:52.838+0000] {logging_mixin.py:188} INFO - [2024-02-24T09:40:52.838+0000] {dag.py:3820} INFO - Setting next_dagrun for example_skip_dag to 2024-02-23T00:00:00+00:00, run_after=2024-02-24T00:00:00+00:00
[2024-02-24T09:40:52.864+0000] {processor.py:183} INFO - Processing /home/airflow/.local/lib/python3.8/site-packages/airflow/example_dags/example_skip_dag.py took 0.200 seconds
[2024-02-24T09:41:22.904+0000] {processor.py:161} INFO - Started process (PID=9170) to work on /home/airflow/.local/lib/python3.8/site-packages/airflow/example_dags/example_skip_dag.py
[2024-02-24T09:41:22.905+0000] {processor.py:830} INFO - Processing file /home/airflow/.local/lib/python3.8/site-packages/airflow/example_dags/example_skip_dag.py for tasks to queue
[2024-02-24T09:41:22.907+0000] {logging_mixin.py:188} INFO - [2024-02-24T09:41:22.907+0000] {dagbag.py:538} INFO - Filling up the DagBag from /home/airflow/.local/lib/python3.8/site-packages/airflow/example_dags/example_skip_dag.py
[2024-02-24T09:41:22.914+0000] {processor.py:840} INFO - DAG(s) 'example_skip_dag' retrieved from /home/airflow/.local/lib/python3.8/site-packages/airflow/example_dags/example_skip_dag.py
[2024-02-24T09:41:22.932+0000] {logging_mixin.py:188} INFO - [2024-02-24T09:41:22.931+0000] {dag.py:3033} INFO - Sync 1 DAGs
[2024-02-24T09:41:22.949+0000] {logging_mixin.py:188} INFO - [2024-02-24T09:41:22.949+0000] {dag.py:3820} INFO - Setting next_dagrun for example_skip_dag to 2024-02-23T00:00:00+00:00, run_after=2024-02-24T00:00:00+00:00
[2024-02-24T09:41:22.966+0000] {processor.py:183} INFO - Processing /home/airflow/.local/lib/python3.8/site-packages/airflow/example_dags/example_skip_dag.py took 0.064 seconds
[2024-02-24T09:41:53.625+0000] {processor.py:161} INFO - Started process (PID=9227) to work on /home/airflow/.local/lib/python3.8/site-packages/airflow/example_dags/example_skip_dag.py
[2024-02-24T09:41:53.626+0000] {processor.py:830} INFO - Processing file /home/airflow/.local/lib/python3.8/site-packages/airflow/example_dags/example_skip_dag.py for tasks to queue
[2024-02-24T09:41:53.628+0000] {logging_mixin.py:188} INFO - [2024-02-24T09:41:53.628+0000] {dagbag.py:538} INFO - Filling up the DagBag from /home/airflow/.local/lib/python3.8/site-packages/airflow/example_dags/example_skip_dag.py
[2024-02-24T09:41:53.634+0000] {processor.py:840} INFO - DAG(s) 'example_skip_dag' retrieved from /home/airflow/.local/lib/python3.8/site-packages/airflow/example_dags/example_skip_dag.py
[2024-02-24T09:41:53.653+0000] {logging_mixin.py:188} INFO - [2024-02-24T09:41:53.652+0000] {dag.py:3033} INFO - Sync 1 DAGs
[2024-02-24T09:41:53.670+0000] {logging_mixin.py:188} INFO - [2024-02-24T09:41:53.670+0000] {dag.py:3820} INFO - Setting next_dagrun for example_skip_dag to 2024-02-23T00:00:00+00:00, run_after=2024-02-24T00:00:00+00:00
[2024-02-24T09:41:53.686+0000] {processor.py:183} INFO - Processing /home/airflow/.local/lib/python3.8/site-packages/airflow/example_dags/example_skip_dag.py took 0.064 seconds
[2024-02-24T09:42:24.310+0000] {processor.py:161} INFO - Started process (PID=9284) to work on /home/airflow/.local/lib/python3.8/site-packages/airflow/example_dags/example_skip_dag.py
[2024-02-24T09:42:24.311+0000] {processor.py:830} INFO - Processing file /home/airflow/.local/lib/python3.8/site-packages/airflow/example_dags/example_skip_dag.py for tasks to queue
[2024-02-24T09:42:24.313+0000] {logging_mixin.py:188} INFO - [2024-02-24T09:42:24.313+0000] {dagbag.py:538} INFO - Filling up the DagBag from /home/airflow/.local/lib/python3.8/site-packages/airflow/example_dags/example_skip_dag.py
[2024-02-24T09:42:24.319+0000] {processor.py:840} INFO - DAG(s) 'example_skip_dag' retrieved from /home/airflow/.local/lib/python3.8/site-packages/airflow/example_dags/example_skip_dag.py
[2024-02-24T09:42:24.338+0000] {logging_mixin.py:188} INFO - [2024-02-24T09:42:24.338+0000] {dag.py:3033} INFO - Sync 1 DAGs
[2024-02-24T09:42:24.356+0000] {logging_mixin.py:188} INFO - [2024-02-24T09:42:24.356+0000] {dag.py:3820} INFO - Setting next_dagrun for example_skip_dag to 2024-02-23T00:00:00+00:00, run_after=2024-02-24T00:00:00+00:00
[2024-02-24T09:42:24.372+0000] {processor.py:183} INFO - Processing /home/airflow/.local/lib/python3.8/site-packages/airflow/example_dags/example_skip_dag.py took 0.065 seconds
[2024-02-24T09:42:55.040+0000] {processor.py:161} INFO - Started process (PID=9341) to work on /home/airflow/.local/lib/python3.8/site-packages/airflow/example_dags/example_skip_dag.py
[2024-02-24T09:42:55.041+0000] {processor.py:830} INFO - Processing file /home/airflow/.local/lib/python3.8/site-packages/airflow/example_dags/example_skip_dag.py for tasks to queue
[2024-02-24T09:42:55.043+0000] {logging_mixin.py:188} INFO - [2024-02-24T09:42:55.043+0000] {dagbag.py:538} INFO - Filling up the DagBag from /home/airflow/.local/lib/python3.8/site-packages/airflow/example_dags/example_skip_dag.py
[2024-02-24T09:42:55.049+0000] {processor.py:840} INFO - DAG(s) 'example_skip_dag' retrieved from /home/airflow/.local/lib/python3.8/site-packages/airflow/example_dags/example_skip_dag.py
[2024-02-24T09:42:55.068+0000] {logging_mixin.py:188} INFO - [2024-02-24T09:42:55.067+0000] {dag.py:3033} INFO - Sync 1 DAGs
[2024-02-24T09:42:55.086+0000] {logging_mixin.py:188} INFO - [2024-02-24T09:42:55.086+0000] {dag.py:3820} INFO - Setting next_dagrun for example_skip_dag to 2024-02-23T00:00:00+00:00, run_after=2024-02-24T00:00:00+00:00
[2024-02-24T09:42:55.101+0000] {processor.py:183} INFO - Processing /home/airflow/.local/lib/python3.8/site-packages/airflow/example_dags/example_skip_dag.py took 0.064 seconds
[2024-02-24T09:43:25.781+0000] {processor.py:161} INFO - Started process (PID=9398) to work on /home/airflow/.local/lib/python3.8/site-packages/airflow/example_dags/example_skip_dag.py
[2024-02-24T09:43:25.782+0000] {processor.py:830} INFO - Processing file /home/airflow/.local/lib/python3.8/site-packages/airflow/example_dags/example_skip_dag.py for tasks to queue
[2024-02-24T09:43:25.784+0000] {logging_mixin.py:188} INFO - [2024-02-24T09:43:25.784+0000] {dagbag.py:538} INFO - Filling up the DagBag from /home/airflow/.local/lib/python3.8/site-packages/airflow/example_dags/example_skip_dag.py
[2024-02-24T09:43:25.790+0000] {processor.py:840} INFO - DAG(s) 'example_skip_dag' retrieved from /home/airflow/.local/lib/python3.8/site-packages/airflow/example_dags/example_skip_dag.py
[2024-02-24T09:43:25.808+0000] {logging_mixin.py:188} INFO - [2024-02-24T09:43:25.807+0000] {dag.py:3033} INFO - Sync 1 DAGs
[2024-02-24T09:43:25.825+0000] {logging_mixin.py:188} INFO - [2024-02-24T09:43:25.825+0000] {dag.py:3820} INFO - Setting next_dagrun for example_skip_dag to 2024-02-23T00:00:00+00:00, run_after=2024-02-24T00:00:00+00:00
[2024-02-24T09:43:25.840+0000] {processor.py:183} INFO - Processing /home/airflow/.local/lib/python3.8/site-packages/airflow/example_dags/example_skip_dag.py took 0.061 seconds
[2024-02-24T09:43:56.466+0000] {processor.py:161} INFO - Started process (PID=9455) to work on /home/airflow/.local/lib/python3.8/site-packages/airflow/example_dags/example_skip_dag.py
[2024-02-24T09:43:56.467+0000] {processor.py:830} INFO - Processing file /home/airflow/.local/lib/python3.8/site-packages/airflow/example_dags/example_skip_dag.py for tasks to queue
[2024-02-24T09:43:56.469+0000] {logging_mixin.py:188} INFO - [2024-02-24T09:43:56.468+0000] {dagbag.py:538} INFO - Filling up the DagBag from /home/airflow/.local/lib/python3.8/site-packages/airflow/example_dags/example_skip_dag.py
[2024-02-24T09:43:56.475+0000] {processor.py:840} INFO - DAG(s) 'example_skip_dag' retrieved from /home/airflow/.local/lib/python3.8/site-packages/airflow/example_dags/example_skip_dag.py
[2024-02-24T09:43:56.493+0000] {logging_mixin.py:188} INFO - [2024-02-24T09:43:56.493+0000] {dag.py:3033} INFO - Sync 1 DAGs
[2024-02-24T09:43:56.511+0000] {logging_mixin.py:188} INFO - [2024-02-24T09:43:56.511+0000] {dag.py:3820} INFO - Setting next_dagrun for example_skip_dag to 2024-02-23T00:00:00+00:00, run_after=2024-02-24T00:00:00+00:00
[2024-02-24T09:43:56.525+0000] {processor.py:183} INFO - Processing /home/airflow/.local/lib/python3.8/site-packages/airflow/example_dags/example_skip_dag.py took 0.062 seconds
[2024-02-24T09:44:27.325+0000] {processor.py:161} INFO - Started process (PID=9512) to work on /home/airflow/.local/lib/python3.8/site-packages/airflow/example_dags/example_skip_dag.py
[2024-02-24T09:44:27.326+0000] {processor.py:830} INFO - Processing file /home/airflow/.local/lib/python3.8/site-packages/airflow/example_dags/example_skip_dag.py for tasks to queue
[2024-02-24T09:44:27.328+0000] {logging_mixin.py:188} INFO - [2024-02-24T09:44:27.327+0000] {dagbag.py:538} INFO - Filling up the DagBag from /home/airflow/.local/lib/python3.8/site-packages/airflow/example_dags/example_skip_dag.py
[2024-02-24T09:44:27.334+0000] {processor.py:840} INFO - DAG(s) 'example_skip_dag' retrieved from /home/airflow/.local/lib/python3.8/site-packages/airflow/example_dags/example_skip_dag.py
[2024-02-24T09:44:27.352+0000] {logging_mixin.py:188} INFO - [2024-02-24T09:44:27.352+0000] {dag.py:3033} INFO - Sync 1 DAGs
[2024-02-24T09:44:27.370+0000] {logging_mixin.py:188} INFO - [2024-02-24T09:44:27.370+0000] {dag.py:3820} INFO - Setting next_dagrun for example_skip_dag to 2024-02-23T00:00:00+00:00, run_after=2024-02-24T00:00:00+00:00
[2024-02-24T09:44:27.387+0000] {processor.py:183} INFO - Processing /home/airflow/.local/lib/python3.8/site-packages/airflow/example_dags/example_skip_dag.py took 0.065 seconds
[2024-02-24T09:44:58.029+0000] {processor.py:161} INFO - Started process (PID=9569) to work on /home/airflow/.local/lib/python3.8/site-packages/airflow/example_dags/example_skip_dag.py
[2024-02-24T09:44:58.030+0000] {processor.py:830} INFO - Processing file /home/airflow/.local/lib/python3.8/site-packages/airflow/example_dags/example_skip_dag.py for tasks to queue
[2024-02-24T09:44:58.031+0000] {logging_mixin.py:188} INFO - [2024-02-24T09:44:58.031+0000] {dagbag.py:538} INFO - Filling up the DagBag from /home/airflow/.local/lib/python3.8/site-packages/airflow/example_dags/example_skip_dag.py
[2024-02-24T09:44:58.038+0000] {processor.py:840} INFO - DAG(s) 'example_skip_dag' retrieved from /home/airflow/.local/lib/python3.8/site-packages/airflow/example_dags/example_skip_dag.py
[2024-02-24T09:44:58.057+0000] {logging_mixin.py:188} INFO - [2024-02-24T09:44:58.056+0000] {dag.py:3033} INFO - Sync 1 DAGs
[2024-02-24T09:44:58.074+0000] {logging_mixin.py:188} INFO - [2024-02-24T09:44:58.074+0000] {dag.py:3820} INFO - Setting next_dagrun for example_skip_dag to 2024-02-23T00:00:00+00:00, run_after=2024-02-24T00:00:00+00:00
[2024-02-24T09:44:58.090+0000] {processor.py:183} INFO - Processing /home/airflow/.local/lib/python3.8/site-packages/airflow/example_dags/example_skip_dag.py took 0.064 seconds
[2024-02-24T09:45:28.854+0000] {processor.py:161} INFO - Started process (PID=9626) to work on /home/airflow/.local/lib/python3.8/site-packages/airflow/example_dags/example_skip_dag.py
[2024-02-24T09:45:28.855+0000] {processor.py:830} INFO - Processing file /home/airflow/.local/lib/python3.8/site-packages/airflow/example_dags/example_skip_dag.py for tasks to queue
[2024-02-24T09:45:28.857+0000] {logging_mixin.py:188} INFO - [2024-02-24T09:45:28.857+0000] {dagbag.py:538} INFO - Filling up the DagBag from /home/airflow/.local/lib/python3.8/site-packages/airflow/example_dags/example_skip_dag.py
[2024-02-24T09:45:28.864+0000] {processor.py:840} INFO - DAG(s) 'example_skip_dag' retrieved from /home/airflow/.local/lib/python3.8/site-packages/airflow/example_dags/example_skip_dag.py
[2024-02-24T09:45:28.884+0000] {logging_mixin.py:188} INFO - [2024-02-24T09:45:28.883+0000] {dag.py:3033} INFO - Sync 1 DAGs
[2024-02-24T09:45:28.903+0000] {logging_mixin.py:188} INFO - [2024-02-24T09:45:28.902+0000] {dag.py:3820} INFO - Setting next_dagrun for example_skip_dag to 2024-02-23T00:00:00+00:00, run_after=2024-02-24T00:00:00+00:00
[2024-02-24T09:45:28.917+0000] {processor.py:183} INFO - Processing /home/airflow/.local/lib/python3.8/site-packages/airflow/example_dags/example_skip_dag.py took 0.066 seconds
[2024-02-24T09:45:59.792+0000] {processor.py:161} INFO - Started process (PID=9683) to work on /home/airflow/.local/lib/python3.8/site-packages/airflow/example_dags/example_skip_dag.py
[2024-02-24T09:45:59.793+0000] {processor.py:830} INFO - Processing file /home/airflow/.local/lib/python3.8/site-packages/airflow/example_dags/example_skip_dag.py for tasks to queue
[2024-02-24T09:45:59.795+0000] {logging_mixin.py:188} INFO - [2024-02-24T09:45:59.795+0000] {dagbag.py:538} INFO - Filling up the DagBag from /home/airflow/.local/lib/python3.8/site-packages/airflow/example_dags/example_skip_dag.py
[2024-02-24T09:45:59.802+0000] {processor.py:840} INFO - DAG(s) 'example_skip_dag' retrieved from /home/airflow/.local/lib/python3.8/site-packages/airflow/example_dags/example_skip_dag.py
[2024-02-24T09:45:59.821+0000] {logging_mixin.py:188} INFO - [2024-02-24T09:45:59.820+0000] {dag.py:3033} INFO - Sync 1 DAGs
[2024-02-24T09:45:59.839+0000] {logging_mixin.py:188} INFO - [2024-02-24T09:45:59.839+0000] {dag.py:3820} INFO - Setting next_dagrun for example_skip_dag to 2024-02-23T00:00:00+00:00, run_after=2024-02-24T00:00:00+00:00
[2024-02-24T09:45:59.856+0000] {processor.py:183} INFO - Processing /home/airflow/.local/lib/python3.8/site-packages/airflow/example_dags/example_skip_dag.py took 0.068 seconds
[2024-02-24T09:46:30.515+0000] {processor.py:161} INFO - Started process (PID=9740) to work on /home/airflow/.local/lib/python3.8/site-packages/airflow/example_dags/example_skip_dag.py
[2024-02-24T09:46:30.516+0000] {processor.py:830} INFO - Processing file /home/airflow/.local/lib/python3.8/site-packages/airflow/example_dags/example_skip_dag.py for tasks to queue
[2024-02-24T09:46:30.518+0000] {logging_mixin.py:188} INFO - [2024-02-24T09:46:30.518+0000] {dagbag.py:538} INFO - Filling up the DagBag from /home/airflow/.local/lib/python3.8/site-packages/airflow/example_dags/example_skip_dag.py
[2024-02-24T09:46:30.524+0000] {processor.py:840} INFO - DAG(s) 'example_skip_dag' retrieved from /home/airflow/.local/lib/python3.8/site-packages/airflow/example_dags/example_skip_dag.py
[2024-02-24T09:46:30.544+0000] {logging_mixin.py:188} INFO - [2024-02-24T09:46:30.544+0000] {dag.py:3033} INFO - Sync 1 DAGs
[2024-02-24T09:46:30.563+0000] {logging_mixin.py:188} INFO - [2024-02-24T09:46:30.563+0000] {dag.py:3820} INFO - Setting next_dagrun for example_skip_dag to 2024-02-23T00:00:00+00:00, run_after=2024-02-24T00:00:00+00:00
[2024-02-24T09:46:30.580+0000] {processor.py:183} INFO - Processing /home/airflow/.local/lib/python3.8/site-packages/airflow/example_dags/example_skip_dag.py took 0.068 seconds
[2024-02-24T09:47:01.328+0000] {processor.py:161} INFO - Started process (PID=9797) to work on /home/airflow/.local/lib/python3.8/site-packages/airflow/example_dags/example_skip_dag.py
[2024-02-24T09:47:01.329+0000] {processor.py:830} INFO - Processing file /home/airflow/.local/lib/python3.8/site-packages/airflow/example_dags/example_skip_dag.py for tasks to queue
[2024-02-24T09:47:01.332+0000] {logging_mixin.py:188} INFO - [2024-02-24T09:47:01.331+0000] {dagbag.py:538} INFO - Filling up the DagBag from /home/airflow/.local/lib/python3.8/site-packages/airflow/example_dags/example_skip_dag.py
[2024-02-24T09:47:01.338+0000] {processor.py:840} INFO - DAG(s) 'example_skip_dag' retrieved from /home/airflow/.local/lib/python3.8/site-packages/airflow/example_dags/example_skip_dag.py
[2024-02-24T09:47:01.357+0000] {logging_mixin.py:188} INFO - [2024-02-24T09:47:01.356+0000] {dag.py:3033} INFO - Sync 1 DAGs
[2024-02-24T09:47:01.374+0000] {logging_mixin.py:188} INFO - [2024-02-24T09:47:01.374+0000] {dag.py:3820} INFO - Setting next_dagrun for example_skip_dag to 2024-02-23T00:00:00+00:00, run_after=2024-02-24T00:00:00+00:00
[2024-02-24T09:47:01.389+0000] {processor.py:183} INFO - Processing /home/airflow/.local/lib/python3.8/site-packages/airflow/example_dags/example_skip_dag.py took 0.063 seconds
[2024-02-24T09:47:32.126+0000] {processor.py:161} INFO - Started process (PID=9854) to work on /home/airflow/.local/lib/python3.8/site-packages/airflow/example_dags/example_skip_dag.py
[2024-02-24T09:47:32.127+0000] {processor.py:830} INFO - Processing file /home/airflow/.local/lib/python3.8/site-packages/airflow/example_dags/example_skip_dag.py for tasks to queue
[2024-02-24T09:47:32.129+0000] {logging_mixin.py:188} INFO - [2024-02-24T09:47:32.129+0000] {dagbag.py:538} INFO - Filling up the DagBag from /home/airflow/.local/lib/python3.8/site-packages/airflow/example_dags/example_skip_dag.py
[2024-02-24T09:47:32.136+0000] {processor.py:840} INFO - DAG(s) 'example_skip_dag' retrieved from /home/airflow/.local/lib/python3.8/site-packages/airflow/example_dags/example_skip_dag.py
[2024-02-24T09:47:32.157+0000] {logging_mixin.py:188} INFO - [2024-02-24T09:47:32.157+0000] {dag.py:3033} INFO - Sync 1 DAGs
[2024-02-24T09:47:32.177+0000] {logging_mixin.py:188} INFO - [2024-02-24T09:47:32.177+0000] {dag.py:3820} INFO - Setting next_dagrun for example_skip_dag to 2024-02-23T00:00:00+00:00, run_after=2024-02-24T00:00:00+00:00
[2024-02-24T09:47:32.197+0000] {processor.py:183} INFO - Processing /home/airflow/.local/lib/python3.8/site-packages/airflow/example_dags/example_skip_dag.py took 0.075 seconds
[2024-02-24T09:48:03.135+0000] {processor.py:161} INFO - Started process (PID=9911) to work on /home/airflow/.local/lib/python3.8/site-packages/airflow/example_dags/example_skip_dag.py
[2024-02-24T09:48:03.135+0000] {processor.py:830} INFO - Processing file /home/airflow/.local/lib/python3.8/site-packages/airflow/example_dags/example_skip_dag.py for tasks to queue
[2024-02-24T09:48:03.138+0000] {logging_mixin.py:188} INFO - [2024-02-24T09:48:03.138+0000] {dagbag.py:538} INFO - Filling up the DagBag from /home/airflow/.local/lib/python3.8/site-packages/airflow/example_dags/example_skip_dag.py
[2024-02-24T09:48:03.144+0000] {processor.py:840} INFO - DAG(s) 'example_skip_dag' retrieved from /home/airflow/.local/lib/python3.8/site-packages/airflow/example_dags/example_skip_dag.py
[2024-02-24T09:48:03.163+0000] {logging_mixin.py:188} INFO - [2024-02-24T09:48:03.163+0000] {dag.py:3033} INFO - Sync 1 DAGs
[2024-02-24T09:48:03.182+0000] {logging_mixin.py:188} INFO - [2024-02-24T09:48:03.181+0000] {dag.py:3820} INFO - Setting next_dagrun for example_skip_dag to 2024-02-23T00:00:00+00:00, run_after=2024-02-24T00:00:00+00:00
[2024-02-24T09:48:03.197+0000] {processor.py:183} INFO - Processing /home/airflow/.local/lib/python3.8/site-packages/airflow/example_dags/example_skip_dag.py took 0.065 seconds
[2024-02-24T09:48:33.371+0000] {processor.py:161} INFO - Started process (PID=9968) to work on /home/airflow/.local/lib/python3.8/site-packages/airflow/example_dags/example_skip_dag.py
[2024-02-24T09:48:33.373+0000] {processor.py:830} INFO - Processing file /home/airflow/.local/lib/python3.8/site-packages/airflow/example_dags/example_skip_dag.py for tasks to queue
[2024-02-24T09:48:33.375+0000] {logging_mixin.py:188} INFO - [2024-02-24T09:48:33.375+0000] {dagbag.py:538} INFO - Filling up the DagBag from /home/airflow/.local/lib/python3.8/site-packages/airflow/example_dags/example_skip_dag.py
[2024-02-24T09:48:33.383+0000] {processor.py:840} INFO - DAG(s) 'example_skip_dag' retrieved from /home/airflow/.local/lib/python3.8/site-packages/airflow/example_dags/example_skip_dag.py
[2024-02-24T09:48:33.412+0000] {logging_mixin.py:188} INFO - [2024-02-24T09:48:33.411+0000] {dag.py:3033} INFO - Sync 1 DAGs
[2024-02-24T09:48:33.436+0000] {logging_mixin.py:188} INFO - [2024-02-24T09:48:33.436+0000] {dag.py:3820} INFO - Setting next_dagrun for example_skip_dag to 2024-02-23T00:00:00+00:00, run_after=2024-02-24T00:00:00+00:00
[2024-02-24T09:48:33.466+0000] {processor.py:183} INFO - Processing /home/airflow/.local/lib/python3.8/site-packages/airflow/example_dags/example_skip_dag.py took 0.098 seconds
[2024-02-24T09:49:03.802+0000] {processor.py:161} INFO - Started process (PID=10024) to work on /home/airflow/.local/lib/python3.8/site-packages/airflow/example_dags/example_skip_dag.py
[2024-02-24T09:49:03.803+0000] {processor.py:830} INFO - Processing file /home/airflow/.local/lib/python3.8/site-packages/airflow/example_dags/example_skip_dag.py for tasks to queue
[2024-02-24T09:49:03.805+0000] {logging_mixin.py:188} INFO - [2024-02-24T09:49:03.805+0000] {dagbag.py:538} INFO - Filling up the DagBag from /home/airflow/.local/lib/python3.8/site-packages/airflow/example_dags/example_skip_dag.py
[2024-02-24T09:49:03.813+0000] {processor.py:840} INFO - DAG(s) 'example_skip_dag' retrieved from /home/airflow/.local/lib/python3.8/site-packages/airflow/example_dags/example_skip_dag.py
[2024-02-24T09:49:03.842+0000] {logging_mixin.py:188} INFO - [2024-02-24T09:49:03.841+0000] {dag.py:3033} INFO - Sync 1 DAGs
[2024-02-24T09:49:03.879+0000] {logging_mixin.py:188} INFO - [2024-02-24T09:49:03.879+0000] {dag.py:3820} INFO - Setting next_dagrun for example_skip_dag to 2024-02-23T00:00:00+00:00, run_after=2024-02-24T00:00:00+00:00
[2024-02-24T09:49:03.911+0000] {processor.py:183} INFO - Processing /home/airflow/.local/lib/python3.8/site-packages/airflow/example_dags/example_skip_dag.py took 0.112 seconds
