[2024-02-24T09:35:42.503+0000] {processor.py:161} INFO - Started process (PID=8513) to work on /home/airflow/.local/lib/python3.8/site-packages/airflow/example_dags/example_branch_datetime_operator.py
[2024-02-24T09:35:42.518+0000] {processor.py:830} INFO - Processing file /home/airflow/.local/lib/python3.8/site-packages/airflow/example_dags/example_branch_datetime_operator.py for tasks to queue
[2024-02-24T09:35:42.522+0000] {logging_mixin.py:188} INFO - [2024-02-24T09:35:42.521+0000] {dagbag.py:538} INFO - Filling up the DagBag from /home/airflow/.local/lib/python3.8/site-packages/airflow/example_dags/example_branch_datetime_operator.py
[2024-02-24T09:35:42.564+0000] {processor.py:840} INFO - DAG(s) 'example_branch_datetime_operator', 'example_branch_datetime_operator_3', 'example_branch_datetime_operator_2' retrieved from /home/airflow/.local/lib/python3.8/site-packages/airflow/example_dags/example_branch_datetime_operator.py
[2024-02-24T09:35:42.667+0000] {logging_mixin.py:188} INFO - [2024-02-24T09:35:42.666+0000] {dag.py:3033} INFO - Sync 3 DAGs
[2024-02-24T09:35:42.745+0000] {logging_mixin.py:188} INFO - [2024-02-24T09:35:42.745+0000] {dag.py:3820} INFO - Setting next_dagrun for example_branch_datetime_operator to 2024-02-23T00:00:00+00:00, run_after=2024-02-24T00:00:00+00:00
[2024-02-24T09:35:42.753+0000] {logging_mixin.py:188} INFO - [2024-02-24T09:35:42.753+0000] {dag.py:3820} INFO - Setting next_dagrun for example_branch_datetime_operator_2 to 2024-02-23T00:00:00+00:00, run_after=2024-02-24T00:00:00+00:00
[2024-02-24T09:35:42.767+0000] {logging_mixin.py:188} INFO - [2024-02-24T09:35:42.767+0000] {dag.py:3820} INFO - Setting next_dagrun for example_branch_datetime_operator_3 to 2024-02-23T00:00:00+00:00, run_after=2024-02-24T00:00:00+00:00
[2024-02-24T09:35:42.832+0000] {processor.py:183} INFO - Processing /home/airflow/.local/lib/python3.8/site-packages/airflow/example_dags/example_branch_datetime_operator.py took 0.334 seconds
[2024-02-24T09:36:13.230+0000] {processor.py:161} INFO - Started process (PID=8570) to work on /home/airflow/.local/lib/python3.8/site-packages/airflow/example_dags/example_branch_datetime_operator.py
[2024-02-24T09:36:13.231+0000] {processor.py:830} INFO - Processing file /home/airflow/.local/lib/python3.8/site-packages/airflow/example_dags/example_branch_datetime_operator.py for tasks to queue
[2024-02-24T09:36:13.233+0000] {logging_mixin.py:188} INFO - [2024-02-24T09:36:13.233+0000] {dagbag.py:538} INFO - Filling up the DagBag from /home/airflow/.local/lib/python3.8/site-packages/airflow/example_dags/example_branch_datetime_operator.py
[2024-02-24T09:36:13.242+0000] {processor.py:840} INFO - DAG(s) 'example_branch_datetime_operator_2', 'example_branch_datetime_operator', 'example_branch_datetime_operator_3' retrieved from /home/airflow/.local/lib/python3.8/site-packages/airflow/example_dags/example_branch_datetime_operator.py
[2024-02-24T09:36:13.267+0000] {logging_mixin.py:188} INFO - [2024-02-24T09:36:13.267+0000] {dag.py:3033} INFO - Sync 3 DAGs
[2024-02-24T09:36:13.288+0000] {logging_mixin.py:188} INFO - [2024-02-24T09:36:13.288+0000] {dag.py:3820} INFO - Setting next_dagrun for example_branch_datetime_operator to 2024-02-23T00:00:00+00:00, run_after=2024-02-24T00:00:00+00:00
[2024-02-24T09:36:13.293+0000] {logging_mixin.py:188} INFO - [2024-02-24T09:36:13.292+0000] {dag.py:3820} INFO - Setting next_dagrun for example_branch_datetime_operator_2 to 2024-02-23T00:00:00+00:00, run_after=2024-02-24T00:00:00+00:00
[2024-02-24T09:36:13.295+0000] {logging_mixin.py:188} INFO - [2024-02-24T09:36:13.295+0000] {dag.py:3820} INFO - Setting next_dagrun for example_branch_datetime_operator_3 to 2024-02-23T00:00:00+00:00, run_after=2024-02-24T00:00:00+00:00
[2024-02-24T09:36:13.311+0000] {processor.py:183} INFO - Processing /home/airflow/.local/lib/python3.8/site-packages/airflow/example_dags/example_branch_datetime_operator.py took 0.084 seconds
[2024-02-24T09:36:43.656+0000] {processor.py:161} INFO - Started process (PID=8627) to work on /home/airflow/.local/lib/python3.8/site-packages/airflow/example_dags/example_branch_datetime_operator.py
[2024-02-24T09:36:43.657+0000] {processor.py:830} INFO - Processing file /home/airflow/.local/lib/python3.8/site-packages/airflow/example_dags/example_branch_datetime_operator.py for tasks to queue
[2024-02-24T09:36:43.660+0000] {logging_mixin.py:188} INFO - [2024-02-24T09:36:43.660+0000] {dagbag.py:538} INFO - Filling up the DagBag from /home/airflow/.local/lib/python3.8/site-packages/airflow/example_dags/example_branch_datetime_operator.py
[2024-02-24T09:36:43.673+0000] {processor.py:840} INFO - DAG(s) 'example_branch_datetime_operator_2', 'example_branch_datetime_operator', 'example_branch_datetime_operator_3' retrieved from /home/airflow/.local/lib/python3.8/site-packages/airflow/example_dags/example_branch_datetime_operator.py
[2024-02-24T09:36:43.711+0000] {logging_mixin.py:188} INFO - [2024-02-24T09:36:43.711+0000] {dag.py:3033} INFO - Sync 3 DAGs
[2024-02-24T09:36:43.737+0000] {logging_mixin.py:188} INFO - [2024-02-24T09:36:43.737+0000] {dag.py:3820} INFO - Setting next_dagrun for example_branch_datetime_operator to 2024-02-23T00:00:00+00:00, run_after=2024-02-24T00:00:00+00:00
[2024-02-24T09:36:43.742+0000] {logging_mixin.py:188} INFO - [2024-02-24T09:36:43.741+0000] {dag.py:3820} INFO - Setting next_dagrun for example_branch_datetime_operator_2 to 2024-02-23T00:00:00+00:00, run_after=2024-02-24T00:00:00+00:00
[2024-02-24T09:36:43.745+0000] {logging_mixin.py:188} INFO - [2024-02-24T09:36:43.745+0000] {dag.py:3820} INFO - Setting next_dagrun for example_branch_datetime_operator_3 to 2024-02-23T00:00:00+00:00, run_after=2024-02-24T00:00:00+00:00
[2024-02-24T09:36:43.764+0000] {processor.py:183} INFO - Processing /home/airflow/.local/lib/python3.8/site-packages/airflow/example_dags/example_branch_datetime_operator.py took 0.112 seconds
[2024-02-24T09:37:14.102+0000] {processor.py:161} INFO - Started process (PID=8684) to work on /home/airflow/.local/lib/python3.8/site-packages/airflow/example_dags/example_branch_datetime_operator.py
[2024-02-24T09:37:14.104+0000] {processor.py:830} INFO - Processing file /home/airflow/.local/lib/python3.8/site-packages/airflow/example_dags/example_branch_datetime_operator.py for tasks to queue
[2024-02-24T09:37:14.107+0000] {logging_mixin.py:188} INFO - [2024-02-24T09:37:14.106+0000] {dagbag.py:538} INFO - Filling up the DagBag from /home/airflow/.local/lib/python3.8/site-packages/airflow/example_dags/example_branch_datetime_operator.py
[2024-02-24T09:37:14.116+0000] {processor.py:840} INFO - DAG(s) 'example_branch_datetime_operator_3', 'example_branch_datetime_operator_2', 'example_branch_datetime_operator' retrieved from /home/airflow/.local/lib/python3.8/site-packages/airflow/example_dags/example_branch_datetime_operator.py
[2024-02-24T09:37:14.144+0000] {logging_mixin.py:188} INFO - [2024-02-24T09:37:14.144+0000] {dag.py:3033} INFO - Sync 3 DAGs
[2024-02-24T09:37:14.166+0000] {logging_mixin.py:188} INFO - [2024-02-24T09:37:14.166+0000] {dag.py:3820} INFO - Setting next_dagrun for example_branch_datetime_operator to 2024-02-23T00:00:00+00:00, run_after=2024-02-24T00:00:00+00:00
[2024-02-24T09:37:14.171+0000] {logging_mixin.py:188} INFO - [2024-02-24T09:37:14.171+0000] {dag.py:3820} INFO - Setting next_dagrun for example_branch_datetime_operator_2 to 2024-02-23T00:00:00+00:00, run_after=2024-02-24T00:00:00+00:00
[2024-02-24T09:37:14.175+0000] {logging_mixin.py:188} INFO - [2024-02-24T09:37:14.175+0000] {dag.py:3820} INFO - Setting next_dagrun for example_branch_datetime_operator_3 to 2024-02-23T00:00:00+00:00, run_after=2024-02-24T00:00:00+00:00
[2024-02-24T09:37:14.196+0000] {processor.py:183} INFO - Processing /home/airflow/.local/lib/python3.8/site-packages/airflow/example_dags/example_branch_datetime_operator.py took 0.097 seconds
[2024-02-24T09:37:44.290+0000] {processor.py:161} INFO - Started process (PID=8741) to work on /home/airflow/.local/lib/python3.8/site-packages/airflow/example_dags/example_branch_datetime_operator.py
[2024-02-24T09:37:44.291+0000] {processor.py:830} INFO - Processing file /home/airflow/.local/lib/python3.8/site-packages/airflow/example_dags/example_branch_datetime_operator.py for tasks to queue
[2024-02-24T09:37:44.294+0000] {logging_mixin.py:188} INFO - [2024-02-24T09:37:44.294+0000] {dagbag.py:538} INFO - Filling up the DagBag from /home/airflow/.local/lib/python3.8/site-packages/airflow/example_dags/example_branch_datetime_operator.py
[2024-02-24T09:37:44.308+0000] {processor.py:840} INFO - DAG(s) 'example_branch_datetime_operator_3', 'example_branch_datetime_operator', 'example_branch_datetime_operator_2' retrieved from /home/airflow/.local/lib/python3.8/site-packages/airflow/example_dags/example_branch_datetime_operator.py
[2024-02-24T09:37:44.345+0000] {logging_mixin.py:188} INFO - [2024-02-24T09:37:44.344+0000] {dag.py:3033} INFO - Sync 3 DAGs
[2024-02-24T09:37:44.369+0000] {logging_mixin.py:188} INFO - [2024-02-24T09:37:44.369+0000] {dag.py:3820} INFO - Setting next_dagrun for example_branch_datetime_operator to 2024-02-23T00:00:00+00:00, run_after=2024-02-24T00:00:00+00:00
[2024-02-24T09:37:44.374+0000] {logging_mixin.py:188} INFO - [2024-02-24T09:37:44.373+0000] {dag.py:3820} INFO - Setting next_dagrun for example_branch_datetime_operator_2 to 2024-02-23T00:00:00+00:00, run_after=2024-02-24T00:00:00+00:00
[2024-02-24T09:37:44.377+0000] {logging_mixin.py:188} INFO - [2024-02-24T09:37:44.376+0000] {dag.py:3820} INFO - Setting next_dagrun for example_branch_datetime_operator_3 to 2024-02-23T00:00:00+00:00, run_after=2024-02-24T00:00:00+00:00
[2024-02-24T09:37:44.397+0000] {processor.py:183} INFO - Processing /home/airflow/.local/lib/python3.8/site-packages/airflow/example_dags/example_branch_datetime_operator.py took 0.113 seconds
[2024-02-24T09:38:14.702+0000] {processor.py:161} INFO - Started process (PID=8798) to work on /home/airflow/.local/lib/python3.8/site-packages/airflow/example_dags/example_branch_datetime_operator.py
[2024-02-24T09:38:14.702+0000] {processor.py:830} INFO - Processing file /home/airflow/.local/lib/python3.8/site-packages/airflow/example_dags/example_branch_datetime_operator.py for tasks to queue
[2024-02-24T09:38:14.705+0000] {logging_mixin.py:188} INFO - [2024-02-24T09:38:14.704+0000] {dagbag.py:538} INFO - Filling up the DagBag from /home/airflow/.local/lib/python3.8/site-packages/airflow/example_dags/example_branch_datetime_operator.py
[2024-02-24T09:38:14.716+0000] {processor.py:840} INFO - DAG(s) 'example_branch_datetime_operator', 'example_branch_datetime_operator_3', 'example_branch_datetime_operator_2' retrieved from /home/airflow/.local/lib/python3.8/site-packages/airflow/example_dags/example_branch_datetime_operator.py
[2024-02-24T09:38:14.753+0000] {logging_mixin.py:188} INFO - [2024-02-24T09:38:14.753+0000] {dag.py:3033} INFO - Sync 3 DAGs
[2024-02-24T09:38:14.791+0000] {logging_mixin.py:188} INFO - [2024-02-24T09:38:14.791+0000] {dag.py:3820} INFO - Setting next_dagrun for example_branch_datetime_operator to 2024-02-23T00:00:00+00:00, run_after=2024-02-24T00:00:00+00:00
[2024-02-24T09:38:14.798+0000] {logging_mixin.py:188} INFO - [2024-02-24T09:38:14.798+0000] {dag.py:3820} INFO - Setting next_dagrun for example_branch_datetime_operator_2 to 2024-02-23T00:00:00+00:00, run_after=2024-02-24T00:00:00+00:00
[2024-02-24T09:38:14.803+0000] {logging_mixin.py:188} INFO - [2024-02-24T09:38:14.802+0000] {dag.py:3820} INFO - Setting next_dagrun for example_branch_datetime_operator_3 to 2024-02-23T00:00:00+00:00, run_after=2024-02-24T00:00:00+00:00
[2024-02-24T09:38:14.828+0000] {processor.py:183} INFO - Processing /home/airflow/.local/lib/python3.8/site-packages/airflow/example_dags/example_branch_datetime_operator.py took 0.130 seconds
[2024-02-24T09:38:45.432+0000] {processor.py:161} INFO - Started process (PID=8855) to work on /home/airflow/.local/lib/python3.8/site-packages/airflow/example_dags/example_branch_datetime_operator.py
[2024-02-24T09:38:45.432+0000] {processor.py:830} INFO - Processing file /home/airflow/.local/lib/python3.8/site-packages/airflow/example_dags/example_branch_datetime_operator.py for tasks to queue
[2024-02-24T09:38:45.435+0000] {logging_mixin.py:188} INFO - [2024-02-24T09:38:45.434+0000] {dagbag.py:538} INFO - Filling up the DagBag from /home/airflow/.local/lib/python3.8/site-packages/airflow/example_dags/example_branch_datetime_operator.py
[2024-02-24T09:38:45.446+0000] {processor.py:840} INFO - DAG(s) 'example_branch_datetime_operator_2', 'example_branch_datetime_operator_3', 'example_branch_datetime_operator' retrieved from /home/airflow/.local/lib/python3.8/site-packages/airflow/example_dags/example_branch_datetime_operator.py
[2024-02-24T09:38:45.478+0000] {logging_mixin.py:188} INFO - [2024-02-24T09:38:45.477+0000] {dag.py:3033} INFO - Sync 3 DAGs
[2024-02-24T09:38:45.505+0000] {logging_mixin.py:188} INFO - [2024-02-24T09:38:45.505+0000] {dag.py:3820} INFO - Setting next_dagrun for example_branch_datetime_operator to 2024-02-23T00:00:00+00:00, run_after=2024-02-24T00:00:00+00:00
[2024-02-24T09:38:45.512+0000] {logging_mixin.py:188} INFO - [2024-02-24T09:38:45.512+0000] {dag.py:3820} INFO - Setting next_dagrun for example_branch_datetime_operator_2 to 2024-02-23T00:00:00+00:00, run_after=2024-02-24T00:00:00+00:00
[2024-02-24T09:38:45.516+0000] {logging_mixin.py:188} INFO - [2024-02-24T09:38:45.516+0000] {dag.py:3820} INFO - Setting next_dagrun for example_branch_datetime_operator_3 to 2024-02-23T00:00:00+00:00, run_after=2024-02-24T00:00:00+00:00
[2024-02-24T09:38:45.551+0000] {processor.py:183} INFO - Processing /home/airflow/.local/lib/python3.8/site-packages/airflow/example_dags/example_branch_datetime_operator.py took 0.124 seconds
[2024-02-24T09:39:16.014+0000] {processor.py:161} INFO - Started process (PID=8912) to work on /home/airflow/.local/lib/python3.8/site-packages/airflow/example_dags/example_branch_datetime_operator.py
[2024-02-24T09:39:16.015+0000] {processor.py:830} INFO - Processing file /home/airflow/.local/lib/python3.8/site-packages/airflow/example_dags/example_branch_datetime_operator.py for tasks to queue
[2024-02-24T09:39:16.017+0000] {logging_mixin.py:188} INFO - [2024-02-24T09:39:16.017+0000] {dagbag.py:538} INFO - Filling up the DagBag from /home/airflow/.local/lib/python3.8/site-packages/airflow/example_dags/example_branch_datetime_operator.py
[2024-02-24T09:39:16.025+0000] {processor.py:840} INFO - DAG(s) 'example_branch_datetime_operator_2', 'example_branch_datetime_operator_3', 'example_branch_datetime_operator' retrieved from /home/airflow/.local/lib/python3.8/site-packages/airflow/example_dags/example_branch_datetime_operator.py
[2024-02-24T09:39:16.051+0000] {logging_mixin.py:188} INFO - [2024-02-24T09:39:16.050+0000] {dag.py:3033} INFO - Sync 3 DAGs
[2024-02-24T09:39:16.071+0000] {logging_mixin.py:188} INFO - [2024-02-24T09:39:16.071+0000] {dag.py:3820} INFO - Setting next_dagrun for example_branch_datetime_operator to 2024-02-23T00:00:00+00:00, run_after=2024-02-24T00:00:00+00:00
[2024-02-24T09:39:16.076+0000] {logging_mixin.py:188} INFO - [2024-02-24T09:39:16.075+0000] {dag.py:3820} INFO - Setting next_dagrun for example_branch_datetime_operator_2 to 2024-02-23T00:00:00+00:00, run_after=2024-02-24T00:00:00+00:00
[2024-02-24T09:39:16.078+0000] {logging_mixin.py:188} INFO - [2024-02-24T09:39:16.078+0000] {dag.py:3820} INFO - Setting next_dagrun for example_branch_datetime_operator_3 to 2024-02-23T00:00:00+00:00, run_after=2024-02-24T00:00:00+00:00
[2024-02-24T09:39:16.094+0000] {processor.py:183} INFO - Processing /home/airflow/.local/lib/python3.8/site-packages/airflow/example_dags/example_branch_datetime_operator.py took 0.083 seconds
[2024-02-24T09:39:46.882+0000] {processor.py:161} INFO - Started process (PID=8969) to work on /home/airflow/.local/lib/python3.8/site-packages/airflow/example_dags/example_branch_datetime_operator.py
[2024-02-24T09:39:46.883+0000] {processor.py:830} INFO - Processing file /home/airflow/.local/lib/python3.8/site-packages/airflow/example_dags/example_branch_datetime_operator.py for tasks to queue
[2024-02-24T09:39:46.885+0000] {logging_mixin.py:188} INFO - [2024-02-24T09:39:46.885+0000] {dagbag.py:538} INFO - Filling up the DagBag from /home/airflow/.local/lib/python3.8/site-packages/airflow/example_dags/example_branch_datetime_operator.py
[2024-02-24T09:39:46.894+0000] {processor.py:840} INFO - DAG(s) 'example_branch_datetime_operator_3', 'example_branch_datetime_operator', 'example_branch_datetime_operator_2' retrieved from /home/airflow/.local/lib/python3.8/site-packages/airflow/example_dags/example_branch_datetime_operator.py
[2024-02-24T09:39:46.921+0000] {logging_mixin.py:188} INFO - [2024-02-24T09:39:46.920+0000] {dag.py:3033} INFO - Sync 3 DAGs
[2024-02-24T09:39:46.941+0000] {logging_mixin.py:188} INFO - [2024-02-24T09:39:46.941+0000] {dag.py:3820} INFO - Setting next_dagrun for example_branch_datetime_operator to 2024-02-23T00:00:00+00:00, run_after=2024-02-24T00:00:00+00:00
[2024-02-24T09:39:46.945+0000] {logging_mixin.py:188} INFO - [2024-02-24T09:39:46.945+0000] {dag.py:3820} INFO - Setting next_dagrun for example_branch_datetime_operator_2 to 2024-02-23T00:00:00+00:00, run_after=2024-02-24T00:00:00+00:00
[2024-02-24T09:39:46.948+0000] {logging_mixin.py:188} INFO - [2024-02-24T09:39:46.948+0000] {dag.py:3820} INFO - Setting next_dagrun for example_branch_datetime_operator_3 to 2024-02-23T00:00:00+00:00, run_after=2024-02-24T00:00:00+00:00
[2024-02-24T09:39:46.964+0000] {processor.py:183} INFO - Processing /home/airflow/.local/lib/python3.8/site-packages/airflow/example_dags/example_branch_datetime_operator.py took 0.085 seconds
[2024-02-24T09:40:17.644+0000] {processor.py:161} INFO - Started process (PID=9026) to work on /home/airflow/.local/lib/python3.8/site-packages/airflow/example_dags/example_branch_datetime_operator.py
[2024-02-24T09:40:17.645+0000] {processor.py:830} INFO - Processing file /home/airflow/.local/lib/python3.8/site-packages/airflow/example_dags/example_branch_datetime_operator.py for tasks to queue
[2024-02-24T09:40:17.647+0000] {logging_mixin.py:188} INFO - [2024-02-24T09:40:17.647+0000] {dagbag.py:538} INFO - Filling up the DagBag from /home/airflow/.local/lib/python3.8/site-packages/airflow/example_dags/example_branch_datetime_operator.py
[2024-02-24T09:40:17.656+0000] {processor.py:840} INFO - DAG(s) 'example_branch_datetime_operator_2', 'example_branch_datetime_operator', 'example_branch_datetime_operator_3' retrieved from /home/airflow/.local/lib/python3.8/site-packages/airflow/example_dags/example_branch_datetime_operator.py
[2024-02-24T09:40:17.684+0000] {logging_mixin.py:188} INFO - [2024-02-24T09:40:17.683+0000] {dag.py:3033} INFO - Sync 3 DAGs
[2024-02-24T09:40:17.707+0000] {logging_mixin.py:188} INFO - [2024-02-24T09:40:17.706+0000] {dag.py:3820} INFO - Setting next_dagrun for example_branch_datetime_operator to 2024-02-23T00:00:00+00:00, run_after=2024-02-24T00:00:00+00:00
[2024-02-24T09:40:17.712+0000] {logging_mixin.py:188} INFO - [2024-02-24T09:40:17.712+0000] {dag.py:3820} INFO - Setting next_dagrun for example_branch_datetime_operator_2 to 2024-02-23T00:00:00+00:00, run_after=2024-02-24T00:00:00+00:00
[2024-02-24T09:40:17.715+0000] {logging_mixin.py:188} INFO - [2024-02-24T09:40:17.715+0000] {dag.py:3820} INFO - Setting next_dagrun for example_branch_datetime_operator_3 to 2024-02-23T00:00:00+00:00, run_after=2024-02-24T00:00:00+00:00
[2024-02-24T09:40:17.734+0000] {processor.py:183} INFO - Processing /home/airflow/.local/lib/python3.8/site-packages/airflow/example_dags/example_branch_datetime_operator.py took 0.093 seconds
[2024-02-24T09:40:48.656+0000] {processor.py:161} INFO - Started process (PID=9083) to work on /home/airflow/.local/lib/python3.8/site-packages/airflow/example_dags/example_branch_datetime_operator.py
[2024-02-24T09:40:48.657+0000] {processor.py:830} INFO - Processing file /home/airflow/.local/lib/python3.8/site-packages/airflow/example_dags/example_branch_datetime_operator.py for tasks to queue
[2024-02-24T09:40:48.660+0000] {logging_mixin.py:188} INFO - [2024-02-24T09:40:48.660+0000] {dagbag.py:538} INFO - Filling up the DagBag from /home/airflow/.local/lib/python3.8/site-packages/airflow/example_dags/example_branch_datetime_operator.py
[2024-02-24T09:40:48.693+0000] {processor.py:840} INFO - DAG(s) 'example_branch_datetime_operator', 'example_branch_datetime_operator_2', 'example_branch_datetime_operator_3' retrieved from /home/airflow/.local/lib/python3.8/site-packages/airflow/example_dags/example_branch_datetime_operator.py
[2024-02-24T09:40:48.773+0000] {logging_mixin.py:188} INFO - [2024-02-24T09:40:48.773+0000] {dag.py:3033} INFO - Sync 3 DAGs
[2024-02-24T09:40:48.837+0000] {logging_mixin.py:188} INFO - [2024-02-24T09:40:48.837+0000] {dag.py:3820} INFO - Setting next_dagrun for example_branch_datetime_operator to 2024-02-23T00:00:00+00:00, run_after=2024-02-24T00:00:00+00:00
[2024-02-24T09:40:48.852+0000] {logging_mixin.py:188} INFO - [2024-02-24T09:40:48.852+0000] {dag.py:3820} INFO - Setting next_dagrun for example_branch_datetime_operator_2 to 2024-02-23T00:00:00+00:00, run_after=2024-02-24T00:00:00+00:00
[2024-02-24T09:40:48.856+0000] {logging_mixin.py:188} INFO - [2024-02-24T09:40:48.855+0000] {dag.py:3820} INFO - Setting next_dagrun for example_branch_datetime_operator_3 to 2024-02-23T00:00:00+00:00, run_after=2024-02-24T00:00:00+00:00
[2024-02-24T09:40:48.905+0000] {processor.py:183} INFO - Processing /home/airflow/.local/lib/python3.8/site-packages/airflow/example_dags/example_branch_datetime_operator.py took 0.253 seconds
[2024-02-24T09:41:19.149+0000] {processor.py:161} INFO - Started process (PID=9140) to work on /home/airflow/.local/lib/python3.8/site-packages/airflow/example_dags/example_branch_datetime_operator.py
[2024-02-24T09:41:19.150+0000] {processor.py:830} INFO - Processing file /home/airflow/.local/lib/python3.8/site-packages/airflow/example_dags/example_branch_datetime_operator.py for tasks to queue
[2024-02-24T09:41:19.152+0000] {logging_mixin.py:188} INFO - [2024-02-24T09:41:19.152+0000] {dagbag.py:538} INFO - Filling up the DagBag from /home/airflow/.local/lib/python3.8/site-packages/airflow/example_dags/example_branch_datetime_operator.py
[2024-02-24T09:41:19.160+0000] {processor.py:840} INFO - DAG(s) 'example_branch_datetime_operator', 'example_branch_datetime_operator_2', 'example_branch_datetime_operator_3' retrieved from /home/airflow/.local/lib/python3.8/site-packages/airflow/example_dags/example_branch_datetime_operator.py
[2024-02-24T09:41:19.184+0000] {logging_mixin.py:188} INFO - [2024-02-24T09:41:19.184+0000] {dag.py:3033} INFO - Sync 3 DAGs
[2024-02-24T09:41:19.204+0000] {logging_mixin.py:188} INFO - [2024-02-24T09:41:19.204+0000] {dag.py:3820} INFO - Setting next_dagrun for example_branch_datetime_operator to 2024-02-23T00:00:00+00:00, run_after=2024-02-24T00:00:00+00:00
[2024-02-24T09:41:19.209+0000] {logging_mixin.py:188} INFO - [2024-02-24T09:41:19.208+0000] {dag.py:3820} INFO - Setting next_dagrun for example_branch_datetime_operator_2 to 2024-02-23T00:00:00+00:00, run_after=2024-02-24T00:00:00+00:00
[2024-02-24T09:41:19.211+0000] {logging_mixin.py:188} INFO - [2024-02-24T09:41:19.211+0000] {dag.py:3820} INFO - Setting next_dagrun for example_branch_datetime_operator_3 to 2024-02-23T00:00:00+00:00, run_after=2024-02-24T00:00:00+00:00
[2024-02-24T09:41:19.226+0000] {processor.py:183} INFO - Processing /home/airflow/.local/lib/python3.8/site-packages/airflow/example_dags/example_branch_datetime_operator.py took 0.080 seconds
[2024-02-24T09:41:49.417+0000] {processor.py:161} INFO - Started process (PID=9197) to work on /home/airflow/.local/lib/python3.8/site-packages/airflow/example_dags/example_branch_datetime_operator.py
[2024-02-24T09:41:49.418+0000] {processor.py:830} INFO - Processing file /home/airflow/.local/lib/python3.8/site-packages/airflow/example_dags/example_branch_datetime_operator.py for tasks to queue
[2024-02-24T09:41:49.420+0000] {logging_mixin.py:188} INFO - [2024-02-24T09:41:49.419+0000] {dagbag.py:538} INFO - Filling up the DagBag from /home/airflow/.local/lib/python3.8/site-packages/airflow/example_dags/example_branch_datetime_operator.py
[2024-02-24T09:41:49.429+0000] {processor.py:840} INFO - DAG(s) 'example_branch_datetime_operator', 'example_branch_datetime_operator_3', 'example_branch_datetime_operator_2' retrieved from /home/airflow/.local/lib/python3.8/site-packages/airflow/example_dags/example_branch_datetime_operator.py
[2024-02-24T09:41:49.455+0000] {logging_mixin.py:188} INFO - [2024-02-24T09:41:49.454+0000] {dag.py:3033} INFO - Sync 3 DAGs
[2024-02-24T09:41:49.475+0000] {logging_mixin.py:188} INFO - [2024-02-24T09:41:49.475+0000] {dag.py:3820} INFO - Setting next_dagrun for example_branch_datetime_operator to 2024-02-23T00:00:00+00:00, run_after=2024-02-24T00:00:00+00:00
[2024-02-24T09:41:49.480+0000] {logging_mixin.py:188} INFO - [2024-02-24T09:41:49.480+0000] {dag.py:3820} INFO - Setting next_dagrun for example_branch_datetime_operator_2 to 2024-02-23T00:00:00+00:00, run_after=2024-02-24T00:00:00+00:00
[2024-02-24T09:41:49.482+0000] {logging_mixin.py:188} INFO - [2024-02-24T09:41:49.482+0000] {dag.py:3820} INFO - Setting next_dagrun for example_branch_datetime_operator_3 to 2024-02-23T00:00:00+00:00, run_after=2024-02-24T00:00:00+00:00
[2024-02-24T09:41:49.498+0000] {processor.py:183} INFO - Processing /home/airflow/.local/lib/python3.8/site-packages/airflow/example_dags/example_branch_datetime_operator.py took 0.084 seconds
[2024-02-24T09:42:20.099+0000] {processor.py:161} INFO - Started process (PID=9254) to work on /home/airflow/.local/lib/python3.8/site-packages/airflow/example_dags/example_branch_datetime_operator.py
[2024-02-24T09:42:20.100+0000] {processor.py:830} INFO - Processing file /home/airflow/.local/lib/python3.8/site-packages/airflow/example_dags/example_branch_datetime_operator.py for tasks to queue
[2024-02-24T09:42:20.102+0000] {logging_mixin.py:188} INFO - [2024-02-24T09:42:20.102+0000] {dagbag.py:538} INFO - Filling up the DagBag from /home/airflow/.local/lib/python3.8/site-packages/airflow/example_dags/example_branch_datetime_operator.py
[2024-02-24T09:42:20.110+0000] {processor.py:840} INFO - DAG(s) 'example_branch_datetime_operator_2', 'example_branch_datetime_operator', 'example_branch_datetime_operator_3' retrieved from /home/airflow/.local/lib/python3.8/site-packages/airflow/example_dags/example_branch_datetime_operator.py
[2024-02-24T09:42:20.135+0000] {logging_mixin.py:188} INFO - [2024-02-24T09:42:20.134+0000] {dag.py:3033} INFO - Sync 3 DAGs
[2024-02-24T09:42:20.154+0000] {logging_mixin.py:188} INFO - [2024-02-24T09:42:20.154+0000] {dag.py:3820} INFO - Setting next_dagrun for example_branch_datetime_operator to 2024-02-23T00:00:00+00:00, run_after=2024-02-24T00:00:00+00:00
[2024-02-24T09:42:20.158+0000] {logging_mixin.py:188} INFO - [2024-02-24T09:42:20.158+0000] {dag.py:3820} INFO - Setting next_dagrun for example_branch_datetime_operator_2 to 2024-02-23T00:00:00+00:00, run_after=2024-02-24T00:00:00+00:00
[2024-02-24T09:42:20.160+0000] {logging_mixin.py:188} INFO - [2024-02-24T09:42:20.160+0000] {dag.py:3820} INFO - Setting next_dagrun for example_branch_datetime_operator_3 to 2024-02-23T00:00:00+00:00, run_after=2024-02-24T00:00:00+00:00
[2024-02-24T09:42:20.174+0000] {processor.py:183} INFO - Processing /home/airflow/.local/lib/python3.8/site-packages/airflow/example_dags/example_branch_datetime_operator.py took 0.078 seconds
[2024-02-24T09:42:50.782+0000] {processor.py:161} INFO - Started process (PID=9311) to work on /home/airflow/.local/lib/python3.8/site-packages/airflow/example_dags/example_branch_datetime_operator.py
[2024-02-24T09:42:50.783+0000] {processor.py:830} INFO - Processing file /home/airflow/.local/lib/python3.8/site-packages/airflow/example_dags/example_branch_datetime_operator.py for tasks to queue
[2024-02-24T09:42:50.785+0000] {logging_mixin.py:188} INFO - [2024-02-24T09:42:50.785+0000] {dagbag.py:538} INFO - Filling up the DagBag from /home/airflow/.local/lib/python3.8/site-packages/airflow/example_dags/example_branch_datetime_operator.py
[2024-02-24T09:42:50.793+0000] {processor.py:840} INFO - DAG(s) 'example_branch_datetime_operator_2', 'example_branch_datetime_operator', 'example_branch_datetime_operator_3' retrieved from /home/airflow/.local/lib/python3.8/site-packages/airflow/example_dags/example_branch_datetime_operator.py
[2024-02-24T09:42:50.820+0000] {logging_mixin.py:188} INFO - [2024-02-24T09:42:50.819+0000] {dag.py:3033} INFO - Sync 3 DAGs
[2024-02-24T09:42:50.841+0000] {logging_mixin.py:188} INFO - [2024-02-24T09:42:50.841+0000] {dag.py:3820} INFO - Setting next_dagrun for example_branch_datetime_operator to 2024-02-23T00:00:00+00:00, run_after=2024-02-24T00:00:00+00:00
[2024-02-24T09:42:50.846+0000] {logging_mixin.py:188} INFO - [2024-02-24T09:42:50.846+0000] {dag.py:3820} INFO - Setting next_dagrun for example_branch_datetime_operator_2 to 2024-02-23T00:00:00+00:00, run_after=2024-02-24T00:00:00+00:00
[2024-02-24T09:42:50.848+0000] {logging_mixin.py:188} INFO - [2024-02-24T09:42:50.848+0000] {dag.py:3820} INFO - Setting next_dagrun for example_branch_datetime_operator_3 to 2024-02-23T00:00:00+00:00, run_after=2024-02-24T00:00:00+00:00
[2024-02-24T09:42:50.864+0000] {processor.py:183} INFO - Processing /home/airflow/.local/lib/python3.8/site-packages/airflow/example_dags/example_branch_datetime_operator.py took 0.085 seconds
[2024-02-24T09:43:21.556+0000] {processor.py:161} INFO - Started process (PID=9368) to work on /home/airflow/.local/lib/python3.8/site-packages/airflow/example_dags/example_branch_datetime_operator.py
[2024-02-24T09:43:21.557+0000] {processor.py:830} INFO - Processing file /home/airflow/.local/lib/python3.8/site-packages/airflow/example_dags/example_branch_datetime_operator.py for tasks to queue
[2024-02-24T09:43:21.559+0000] {logging_mixin.py:188} INFO - [2024-02-24T09:43:21.559+0000] {dagbag.py:538} INFO - Filling up the DagBag from /home/airflow/.local/lib/python3.8/site-packages/airflow/example_dags/example_branch_datetime_operator.py
[2024-02-24T09:43:21.568+0000] {processor.py:840} INFO - DAG(s) 'example_branch_datetime_operator_2', 'example_branch_datetime_operator_3', 'example_branch_datetime_operator' retrieved from /home/airflow/.local/lib/python3.8/site-packages/airflow/example_dags/example_branch_datetime_operator.py
[2024-02-24T09:43:21.593+0000] {logging_mixin.py:188} INFO - [2024-02-24T09:43:21.593+0000] {dag.py:3033} INFO - Sync 3 DAGs
[2024-02-24T09:43:21.616+0000] {logging_mixin.py:188} INFO - [2024-02-24T09:43:21.616+0000] {dag.py:3820} INFO - Setting next_dagrun for example_branch_datetime_operator to 2024-02-23T00:00:00+00:00, run_after=2024-02-24T00:00:00+00:00
[2024-02-24T09:43:21.620+0000] {logging_mixin.py:188} INFO - [2024-02-24T09:43:21.620+0000] {dag.py:3820} INFO - Setting next_dagrun for example_branch_datetime_operator_2 to 2024-02-23T00:00:00+00:00, run_after=2024-02-24T00:00:00+00:00
[2024-02-24T09:43:21.623+0000] {logging_mixin.py:188} INFO - [2024-02-24T09:43:21.623+0000] {dag.py:3820} INFO - Setting next_dagrun for example_branch_datetime_operator_3 to 2024-02-23T00:00:00+00:00, run_after=2024-02-24T00:00:00+00:00
[2024-02-24T09:43:21.638+0000] {processor.py:183} INFO - Processing /home/airflow/.local/lib/python3.8/site-packages/airflow/example_dags/example_branch_datetime_operator.py took 0.085 seconds
[2024-02-24T09:43:52.258+0000] {processor.py:161} INFO - Started process (PID=9431) to work on /home/airflow/.local/lib/python3.8/site-packages/airflow/example_dags/example_branch_datetime_operator.py
[2024-02-24T09:43:52.258+0000] {processor.py:830} INFO - Processing file /home/airflow/.local/lib/python3.8/site-packages/airflow/example_dags/example_branch_datetime_operator.py for tasks to queue
[2024-02-24T09:43:52.260+0000] {logging_mixin.py:188} INFO - [2024-02-24T09:43:52.260+0000] {dagbag.py:538} INFO - Filling up the DagBag from /home/airflow/.local/lib/python3.8/site-packages/airflow/example_dags/example_branch_datetime_operator.py
[2024-02-24T09:43:52.269+0000] {processor.py:840} INFO - DAG(s) 'example_branch_datetime_operator_3', 'example_branch_datetime_operator', 'example_branch_datetime_operator_2' retrieved from /home/airflow/.local/lib/python3.8/site-packages/airflow/example_dags/example_branch_datetime_operator.py
[2024-02-24T09:43:52.294+0000] {logging_mixin.py:188} INFO - [2024-02-24T09:43:52.293+0000] {dag.py:3033} INFO - Sync 3 DAGs
[2024-02-24T09:43:52.318+0000] {logging_mixin.py:188} INFO - [2024-02-24T09:43:52.318+0000] {dag.py:3820} INFO - Setting next_dagrun for example_branch_datetime_operator to 2024-02-23T00:00:00+00:00, run_after=2024-02-24T00:00:00+00:00
[2024-02-24T09:43:52.322+0000] {logging_mixin.py:188} INFO - [2024-02-24T09:43:52.322+0000] {dag.py:3820} INFO - Setting next_dagrun for example_branch_datetime_operator_2 to 2024-02-23T00:00:00+00:00, run_after=2024-02-24T00:00:00+00:00
[2024-02-24T09:43:52.325+0000] {logging_mixin.py:188} INFO - [2024-02-24T09:43:52.325+0000] {dag.py:3820} INFO - Setting next_dagrun for example_branch_datetime_operator_3 to 2024-02-23T00:00:00+00:00, run_after=2024-02-24T00:00:00+00:00
[2024-02-24T09:43:52.341+0000] {processor.py:183} INFO - Processing /home/airflow/.local/lib/python3.8/site-packages/airflow/example_dags/example_branch_datetime_operator.py took 0.087 seconds
[2024-02-24T09:44:23.069+0000] {processor.py:161} INFO - Started process (PID=9488) to work on /home/airflow/.local/lib/python3.8/site-packages/airflow/example_dags/example_branch_datetime_operator.py
[2024-02-24T09:44:23.070+0000] {processor.py:830} INFO - Processing file /home/airflow/.local/lib/python3.8/site-packages/airflow/example_dags/example_branch_datetime_operator.py for tasks to queue
[2024-02-24T09:44:23.073+0000] {logging_mixin.py:188} INFO - [2024-02-24T09:44:23.073+0000] {dagbag.py:538} INFO - Filling up the DagBag from /home/airflow/.local/lib/python3.8/site-packages/airflow/example_dags/example_branch_datetime_operator.py
[2024-02-24T09:44:23.084+0000] {processor.py:840} INFO - DAG(s) 'example_branch_datetime_operator_2', 'example_branch_datetime_operator', 'example_branch_datetime_operator_3' retrieved from /home/airflow/.local/lib/python3.8/site-packages/airflow/example_dags/example_branch_datetime_operator.py
[2024-02-24T09:44:23.109+0000] {logging_mixin.py:188} INFO - [2024-02-24T09:44:23.108+0000] {dag.py:3033} INFO - Sync 3 DAGs
[2024-02-24T09:44:23.129+0000] {logging_mixin.py:188} INFO - [2024-02-24T09:44:23.129+0000] {dag.py:3820} INFO - Setting next_dagrun for example_branch_datetime_operator to 2024-02-23T00:00:00+00:00, run_after=2024-02-24T00:00:00+00:00
[2024-02-24T09:44:23.134+0000] {logging_mixin.py:188} INFO - [2024-02-24T09:44:23.133+0000] {dag.py:3820} INFO - Setting next_dagrun for example_branch_datetime_operator_2 to 2024-02-23T00:00:00+00:00, run_after=2024-02-24T00:00:00+00:00
[2024-02-24T09:44:23.136+0000] {logging_mixin.py:188} INFO - [2024-02-24T09:44:23.136+0000] {dag.py:3820} INFO - Setting next_dagrun for example_branch_datetime_operator_3 to 2024-02-23T00:00:00+00:00, run_after=2024-02-24T00:00:00+00:00
[2024-02-24T09:44:23.150+0000] {processor.py:183} INFO - Processing /home/airflow/.local/lib/python3.8/site-packages/airflow/example_dags/example_branch_datetime_operator.py took 0.084 seconds
[2024-02-24T09:44:53.822+0000] {processor.py:161} INFO - Started process (PID=9545) to work on /home/airflow/.local/lib/python3.8/site-packages/airflow/example_dags/example_branch_datetime_operator.py
[2024-02-24T09:44:53.823+0000] {processor.py:830} INFO - Processing file /home/airflow/.local/lib/python3.8/site-packages/airflow/example_dags/example_branch_datetime_operator.py for tasks to queue
[2024-02-24T09:44:53.825+0000] {logging_mixin.py:188} INFO - [2024-02-24T09:44:53.824+0000] {dagbag.py:538} INFO - Filling up the DagBag from /home/airflow/.local/lib/python3.8/site-packages/airflow/example_dags/example_branch_datetime_operator.py
[2024-02-24T09:44:53.834+0000] {processor.py:840} INFO - DAG(s) 'example_branch_datetime_operator', 'example_branch_datetime_operator_2', 'example_branch_datetime_operator_3' retrieved from /home/airflow/.local/lib/python3.8/site-packages/airflow/example_dags/example_branch_datetime_operator.py
[2024-02-24T09:44:53.860+0000] {logging_mixin.py:188} INFO - [2024-02-24T09:44:53.859+0000] {dag.py:3033} INFO - Sync 3 DAGs
[2024-02-24T09:44:53.880+0000] {logging_mixin.py:188} INFO - [2024-02-24T09:44:53.880+0000] {dag.py:3820} INFO - Setting next_dagrun for example_branch_datetime_operator to 2024-02-23T00:00:00+00:00, run_after=2024-02-24T00:00:00+00:00
[2024-02-24T09:44:53.884+0000] {logging_mixin.py:188} INFO - [2024-02-24T09:44:53.884+0000] {dag.py:3820} INFO - Setting next_dagrun for example_branch_datetime_operator_2 to 2024-02-23T00:00:00+00:00, run_after=2024-02-24T00:00:00+00:00
[2024-02-24T09:44:53.887+0000] {logging_mixin.py:188} INFO - [2024-02-24T09:44:53.887+0000] {dag.py:3820} INFO - Setting next_dagrun for example_branch_datetime_operator_3 to 2024-02-23T00:00:00+00:00, run_after=2024-02-24T00:00:00+00:00
[2024-02-24T09:44:53.904+0000] {processor.py:183} INFO - Processing /home/airflow/.local/lib/python3.8/site-packages/airflow/example_dags/example_branch_datetime_operator.py took 0.086 seconds
[2024-02-24T09:45:24.538+0000] {processor.py:161} INFO - Started process (PID=9602) to work on /home/airflow/.local/lib/python3.8/site-packages/airflow/example_dags/example_branch_datetime_operator.py
[2024-02-24T09:45:24.538+0000] {processor.py:830} INFO - Processing file /home/airflow/.local/lib/python3.8/site-packages/airflow/example_dags/example_branch_datetime_operator.py for tasks to queue
[2024-02-24T09:45:24.540+0000] {logging_mixin.py:188} INFO - [2024-02-24T09:45:24.540+0000] {dagbag.py:538} INFO - Filling up the DagBag from /home/airflow/.local/lib/python3.8/site-packages/airflow/example_dags/example_branch_datetime_operator.py
[2024-02-24T09:45:24.549+0000] {processor.py:840} INFO - DAG(s) 'example_branch_datetime_operator', 'example_branch_datetime_operator_3', 'example_branch_datetime_operator_2' retrieved from /home/airflow/.local/lib/python3.8/site-packages/airflow/example_dags/example_branch_datetime_operator.py
[2024-02-24T09:45:24.573+0000] {logging_mixin.py:188} INFO - [2024-02-24T09:45:24.572+0000] {dag.py:3033} INFO - Sync 3 DAGs
[2024-02-24T09:45:24.594+0000] {logging_mixin.py:188} INFO - [2024-02-24T09:45:24.593+0000] {dag.py:3820} INFO - Setting next_dagrun for example_branch_datetime_operator to 2024-02-23T00:00:00+00:00, run_after=2024-02-24T00:00:00+00:00
[2024-02-24T09:45:24.598+0000] {logging_mixin.py:188} INFO - [2024-02-24T09:45:24.598+0000] {dag.py:3820} INFO - Setting next_dagrun for example_branch_datetime_operator_2 to 2024-02-23T00:00:00+00:00, run_after=2024-02-24T00:00:00+00:00
[2024-02-24T09:45:24.602+0000] {logging_mixin.py:188} INFO - [2024-02-24T09:45:24.601+0000] {dag.py:3820} INFO - Setting next_dagrun for example_branch_datetime_operator_3 to 2024-02-23T00:00:00+00:00, run_after=2024-02-24T00:00:00+00:00
[2024-02-24T09:45:24.618+0000] {processor.py:183} INFO - Processing /home/airflow/.local/lib/python3.8/site-packages/airflow/example_dags/example_branch_datetime_operator.py took 0.083 seconds
[2024-02-24T09:45:55.465+0000] {processor.py:161} INFO - Started process (PID=9659) to work on /home/airflow/.local/lib/python3.8/site-packages/airflow/example_dags/example_branch_datetime_operator.py
[2024-02-24T09:45:55.466+0000] {processor.py:830} INFO - Processing file /home/airflow/.local/lib/python3.8/site-packages/airflow/example_dags/example_branch_datetime_operator.py for tasks to queue
[2024-02-24T09:45:55.468+0000] {logging_mixin.py:188} INFO - [2024-02-24T09:45:55.468+0000] {dagbag.py:538} INFO - Filling up the DagBag from /home/airflow/.local/lib/python3.8/site-packages/airflow/example_dags/example_branch_datetime_operator.py
[2024-02-24T09:45:55.477+0000] {processor.py:840} INFO - DAG(s) 'example_branch_datetime_operator', 'example_branch_datetime_operator_2', 'example_branch_datetime_operator_3' retrieved from /home/airflow/.local/lib/python3.8/site-packages/airflow/example_dags/example_branch_datetime_operator.py
[2024-02-24T09:45:55.503+0000] {logging_mixin.py:188} INFO - [2024-02-24T09:45:55.502+0000] {dag.py:3033} INFO - Sync 3 DAGs
[2024-02-24T09:45:55.529+0000] {logging_mixin.py:188} INFO - [2024-02-24T09:45:55.529+0000] {dag.py:3820} INFO - Setting next_dagrun for example_branch_datetime_operator to 2024-02-23T00:00:00+00:00, run_after=2024-02-24T00:00:00+00:00
[2024-02-24T09:45:55.534+0000] {logging_mixin.py:188} INFO - [2024-02-24T09:45:55.534+0000] {dag.py:3820} INFO - Setting next_dagrun for example_branch_datetime_operator_2 to 2024-02-23T00:00:00+00:00, run_after=2024-02-24T00:00:00+00:00
[2024-02-24T09:45:55.537+0000] {logging_mixin.py:188} INFO - [2024-02-24T09:45:55.537+0000] {dag.py:3820} INFO - Setting next_dagrun for example_branch_datetime_operator_3 to 2024-02-23T00:00:00+00:00, run_after=2024-02-24T00:00:00+00:00
[2024-02-24T09:45:55.554+0000] {processor.py:183} INFO - Processing /home/airflow/.local/lib/python3.8/site-packages/airflow/example_dags/example_branch_datetime_operator.py took 0.092 seconds
[2024-02-24T09:46:26.312+0000] {processor.py:161} INFO - Started process (PID=9716) to work on /home/airflow/.local/lib/python3.8/site-packages/airflow/example_dags/example_branch_datetime_operator.py
[2024-02-24T09:46:26.313+0000] {processor.py:830} INFO - Processing file /home/airflow/.local/lib/python3.8/site-packages/airflow/example_dags/example_branch_datetime_operator.py for tasks to queue
[2024-02-24T09:46:26.315+0000] {logging_mixin.py:188} INFO - [2024-02-24T09:46:26.315+0000] {dagbag.py:538} INFO - Filling up the DagBag from /home/airflow/.local/lib/python3.8/site-packages/airflow/example_dags/example_branch_datetime_operator.py
[2024-02-24T09:46:26.324+0000] {processor.py:840} INFO - DAG(s) 'example_branch_datetime_operator_2', 'example_branch_datetime_operator', 'example_branch_datetime_operator_3' retrieved from /home/airflow/.local/lib/python3.8/site-packages/airflow/example_dags/example_branch_datetime_operator.py
[2024-02-24T09:46:26.349+0000] {logging_mixin.py:188} INFO - [2024-02-24T09:46:26.349+0000] {dag.py:3033} INFO - Sync 3 DAGs
[2024-02-24T09:46:26.370+0000] {logging_mixin.py:188} INFO - [2024-02-24T09:46:26.369+0000] {dag.py:3820} INFO - Setting next_dagrun for example_branch_datetime_operator to 2024-02-23T00:00:00+00:00, run_after=2024-02-24T00:00:00+00:00
[2024-02-24T09:46:26.374+0000] {logging_mixin.py:188} INFO - [2024-02-24T09:46:26.374+0000] {dag.py:3820} INFO - Setting next_dagrun for example_branch_datetime_operator_2 to 2024-02-23T00:00:00+00:00, run_after=2024-02-24T00:00:00+00:00
[2024-02-24T09:46:26.377+0000] {logging_mixin.py:188} INFO - [2024-02-24T09:46:26.377+0000] {dag.py:3820} INFO - Setting next_dagrun for example_branch_datetime_operator_3 to 2024-02-23T00:00:00+00:00, run_after=2024-02-24T00:00:00+00:00
[2024-02-24T09:46:26.392+0000] {processor.py:183} INFO - Processing /home/airflow/.local/lib/python3.8/site-packages/airflow/example_dags/example_branch_datetime_operator.py took 0.083 seconds
[2024-02-24T09:46:57.097+0000] {processor.py:161} INFO - Started process (PID=9773) to work on /home/airflow/.local/lib/python3.8/site-packages/airflow/example_dags/example_branch_datetime_operator.py
[2024-02-24T09:46:57.098+0000] {processor.py:830} INFO - Processing file /home/airflow/.local/lib/python3.8/site-packages/airflow/example_dags/example_branch_datetime_operator.py for tasks to queue
[2024-02-24T09:46:57.101+0000] {logging_mixin.py:188} INFO - [2024-02-24T09:46:57.100+0000] {dagbag.py:538} INFO - Filling up the DagBag from /home/airflow/.local/lib/python3.8/site-packages/airflow/example_dags/example_branch_datetime_operator.py
[2024-02-24T09:46:57.111+0000] {processor.py:840} INFO - DAG(s) 'example_branch_datetime_operator_3', 'example_branch_datetime_operator', 'example_branch_datetime_operator_2' retrieved from /home/airflow/.local/lib/python3.8/site-packages/airflow/example_dags/example_branch_datetime_operator.py
[2024-02-24T09:46:57.146+0000] {logging_mixin.py:188} INFO - [2024-02-24T09:46:57.145+0000] {dag.py:3033} INFO - Sync 3 DAGs
[2024-02-24T09:46:57.169+0000] {logging_mixin.py:188} INFO - [2024-02-24T09:46:57.169+0000] {dag.py:3820} INFO - Setting next_dagrun for example_branch_datetime_operator to 2024-02-23T00:00:00+00:00, run_after=2024-02-24T00:00:00+00:00
[2024-02-24T09:46:57.174+0000] {logging_mixin.py:188} INFO - [2024-02-24T09:46:57.174+0000] {dag.py:3820} INFO - Setting next_dagrun for example_branch_datetime_operator_2 to 2024-02-23T00:00:00+00:00, run_after=2024-02-24T00:00:00+00:00
[2024-02-24T09:46:57.177+0000] {logging_mixin.py:188} INFO - [2024-02-24T09:46:57.177+0000] {dag.py:3820} INFO - Setting next_dagrun for example_branch_datetime_operator_3 to 2024-02-23T00:00:00+00:00, run_after=2024-02-24T00:00:00+00:00
[2024-02-24T09:46:57.193+0000] {processor.py:183} INFO - Processing /home/airflow/.local/lib/python3.8/site-packages/airflow/example_dags/example_branch_datetime_operator.py took 0.100 seconds
[2024-02-24T09:47:27.839+0000] {processor.py:161} INFO - Started process (PID=9830) to work on /home/airflow/.local/lib/python3.8/site-packages/airflow/example_dags/example_branch_datetime_operator.py
[2024-02-24T09:47:27.840+0000] {processor.py:830} INFO - Processing file /home/airflow/.local/lib/python3.8/site-packages/airflow/example_dags/example_branch_datetime_operator.py for tasks to queue
[2024-02-24T09:47:27.842+0000] {logging_mixin.py:188} INFO - [2024-02-24T09:47:27.842+0000] {dagbag.py:538} INFO - Filling up the DagBag from /home/airflow/.local/lib/python3.8/site-packages/airflow/example_dags/example_branch_datetime_operator.py
[2024-02-24T09:47:27.850+0000] {processor.py:840} INFO - DAG(s) 'example_branch_datetime_operator_3', 'example_branch_datetime_operator', 'example_branch_datetime_operator_2' retrieved from /home/airflow/.local/lib/python3.8/site-packages/airflow/example_dags/example_branch_datetime_operator.py
[2024-02-24T09:47:27.876+0000] {logging_mixin.py:188} INFO - [2024-02-24T09:47:27.875+0000] {dag.py:3033} INFO - Sync 3 DAGs
[2024-02-24T09:47:27.895+0000] {logging_mixin.py:188} INFO - [2024-02-24T09:47:27.895+0000] {dag.py:3820} INFO - Setting next_dagrun for example_branch_datetime_operator to 2024-02-23T00:00:00+00:00, run_after=2024-02-24T00:00:00+00:00
[2024-02-24T09:47:27.900+0000] {logging_mixin.py:188} INFO - [2024-02-24T09:47:27.900+0000] {dag.py:3820} INFO - Setting next_dagrun for example_branch_datetime_operator_2 to 2024-02-23T00:00:00+00:00, run_after=2024-02-24T00:00:00+00:00
[2024-02-24T09:47:27.903+0000] {logging_mixin.py:188} INFO - [2024-02-24T09:47:27.903+0000] {dag.py:3820} INFO - Setting next_dagrun for example_branch_datetime_operator_3 to 2024-02-23T00:00:00+00:00, run_after=2024-02-24T00:00:00+00:00
[2024-02-24T09:47:27.919+0000] {processor.py:183} INFO - Processing /home/airflow/.local/lib/python3.8/site-packages/airflow/example_dags/example_branch_datetime_operator.py took 0.083 seconds
[2024-02-24T09:47:58.643+0000] {processor.py:161} INFO - Started process (PID=9887) to work on /home/airflow/.local/lib/python3.8/site-packages/airflow/example_dags/example_branch_datetime_operator.py
[2024-02-24T09:47:58.644+0000] {processor.py:830} INFO - Processing file /home/airflow/.local/lib/python3.8/site-packages/airflow/example_dags/example_branch_datetime_operator.py for tasks to queue
[2024-02-24T09:47:58.646+0000] {logging_mixin.py:188} INFO - [2024-02-24T09:47:58.646+0000] {dagbag.py:538} INFO - Filling up the DagBag from /home/airflow/.local/lib/python3.8/site-packages/airflow/example_dags/example_branch_datetime_operator.py
[2024-02-24T09:47:58.656+0000] {processor.py:840} INFO - DAG(s) 'example_branch_datetime_operator_2', 'example_branch_datetime_operator', 'example_branch_datetime_operator_3' retrieved from /home/airflow/.local/lib/python3.8/site-packages/airflow/example_dags/example_branch_datetime_operator.py
[2024-02-24T09:47:58.681+0000] {logging_mixin.py:188} INFO - [2024-02-24T09:47:58.681+0000] {dag.py:3033} INFO - Sync 3 DAGs
[2024-02-24T09:47:58.702+0000] {logging_mixin.py:188} INFO - [2024-02-24T09:47:58.702+0000] {dag.py:3820} INFO - Setting next_dagrun for example_branch_datetime_operator to 2024-02-23T00:00:00+00:00, run_after=2024-02-24T00:00:00+00:00
[2024-02-24T09:47:58.707+0000] {logging_mixin.py:188} INFO - [2024-02-24T09:47:58.707+0000] {dag.py:3820} INFO - Setting next_dagrun for example_branch_datetime_operator_2 to 2024-02-23T00:00:00+00:00, run_after=2024-02-24T00:00:00+00:00
[2024-02-24T09:47:58.710+0000] {logging_mixin.py:188} INFO - [2024-02-24T09:47:58.709+0000] {dag.py:3820} INFO - Setting next_dagrun for example_branch_datetime_operator_3 to 2024-02-23T00:00:00+00:00, run_after=2024-02-24T00:00:00+00:00
[2024-02-24T09:47:58.726+0000] {processor.py:183} INFO - Processing /home/airflow/.local/lib/python3.8/site-packages/airflow/example_dags/example_branch_datetime_operator.py took 0.085 seconds
[2024-02-24T09:48:28.838+0000] {processor.py:161} INFO - Started process (PID=9944) to work on /home/airflow/.local/lib/python3.8/site-packages/airflow/example_dags/example_branch_datetime_operator.py
[2024-02-24T09:48:28.839+0000] {processor.py:830} INFO - Processing file /home/airflow/.local/lib/python3.8/site-packages/airflow/example_dags/example_branch_datetime_operator.py for tasks to queue
[2024-02-24T09:48:28.841+0000] {logging_mixin.py:188} INFO - [2024-02-24T09:48:28.841+0000] {dagbag.py:538} INFO - Filling up the DagBag from /home/airflow/.local/lib/python3.8/site-packages/airflow/example_dags/example_branch_datetime_operator.py
[2024-02-24T09:48:28.852+0000] {processor.py:840} INFO - DAG(s) 'example_branch_datetime_operator_2', 'example_branch_datetime_operator_3', 'example_branch_datetime_operator' retrieved from /home/airflow/.local/lib/python3.8/site-packages/airflow/example_dags/example_branch_datetime_operator.py
[2024-02-24T09:48:28.889+0000] {logging_mixin.py:188} INFO - [2024-02-24T09:48:28.889+0000] {dag.py:3033} INFO - Sync 3 DAGs
[2024-02-24T09:48:28.916+0000] {logging_mixin.py:188} INFO - [2024-02-24T09:48:28.916+0000] {dag.py:3820} INFO - Setting next_dagrun for example_branch_datetime_operator to 2024-02-23T00:00:00+00:00, run_after=2024-02-24T00:00:00+00:00
[2024-02-24T09:48:28.923+0000] {logging_mixin.py:188} INFO - [2024-02-24T09:48:28.923+0000] {dag.py:3820} INFO - Setting next_dagrun for example_branch_datetime_operator_2 to 2024-02-23T00:00:00+00:00, run_after=2024-02-24T00:00:00+00:00
[2024-02-24T09:48:28.927+0000] {logging_mixin.py:188} INFO - [2024-02-24T09:48:28.927+0000] {dag.py:3820} INFO - Setting next_dagrun for example_branch_datetime_operator_3 to 2024-02-23T00:00:00+00:00, run_after=2024-02-24T00:00:00+00:00
[2024-02-24T09:48:28.949+0000] {processor.py:183} INFO - Processing /home/airflow/.local/lib/python3.8/site-packages/airflow/example_dags/example_branch_datetime_operator.py took 0.115 seconds
[2024-02-24T09:48:59.253+0000] {processor.py:161} INFO - Started process (PID=10001) to work on /home/airflow/.local/lib/python3.8/site-packages/airflow/example_dags/example_branch_datetime_operator.py
[2024-02-24T09:48:59.254+0000] {processor.py:830} INFO - Processing file /home/airflow/.local/lib/python3.8/site-packages/airflow/example_dags/example_branch_datetime_operator.py for tasks to queue
[2024-02-24T09:48:59.256+0000] {logging_mixin.py:188} INFO - [2024-02-24T09:48:59.256+0000] {dagbag.py:538} INFO - Filling up the DagBag from /home/airflow/.local/lib/python3.8/site-packages/airflow/example_dags/example_branch_datetime_operator.py
[2024-02-24T09:48:59.267+0000] {processor.py:840} INFO - DAG(s) 'example_branch_datetime_operator', 'example_branch_datetime_operator_3', 'example_branch_datetime_operator_2' retrieved from /home/airflow/.local/lib/python3.8/site-packages/airflow/example_dags/example_branch_datetime_operator.py
[2024-02-24T09:48:59.302+0000] {logging_mixin.py:188} INFO - [2024-02-24T09:48:59.301+0000] {dag.py:3033} INFO - Sync 3 DAGs
[2024-02-24T09:48:59.327+0000] {logging_mixin.py:188} INFO - [2024-02-24T09:48:59.326+0000] {dag.py:3820} INFO - Setting next_dagrun for example_branch_datetime_operator to 2024-02-23T00:00:00+00:00, run_after=2024-02-24T00:00:00+00:00
[2024-02-24T09:48:59.331+0000] {logging_mixin.py:188} INFO - [2024-02-24T09:48:59.331+0000] {dag.py:3820} INFO - Setting next_dagrun for example_branch_datetime_operator_2 to 2024-02-23T00:00:00+00:00, run_after=2024-02-24T00:00:00+00:00
[2024-02-24T09:48:59.334+0000] {logging_mixin.py:188} INFO - [2024-02-24T09:48:59.334+0000] {dag.py:3820} INFO - Setting next_dagrun for example_branch_datetime_operator_3 to 2024-02-23T00:00:00+00:00, run_after=2024-02-24T00:00:00+00:00
[2024-02-24T09:48:59.352+0000] {processor.py:183} INFO - Processing /home/airflow/.local/lib/python3.8/site-packages/airflow/example_dags/example_branch_datetime_operator.py took 0.103 seconds
