[2024-02-24T09:35:45.404+0000] {processor.py:161} INFO - Started process (PID=8535) to work on /home/airflow/.local/lib/python3.8/site-packages/airflow/example_dags/example_subdag_operator.py
[2024-02-24T09:35:45.405+0000] {processor.py:830} INFO - Processing file /home/airflow/.local/lib/python3.8/site-packages/airflow/example_dags/example_subdag_operator.py for tasks to queue
[2024-02-24T09:35:45.408+0000] {logging_mixin.py:188} INFO - [2024-02-24T09:35:45.408+0000] {dagbag.py:538} INFO - Filling up the DagBag from /home/airflow/.local/lib/python3.8/site-packages/airflow/example_dags/example_subdag_operator.py
[2024-02-24T09:35:45.434+0000] {processor.py:840} INFO - DAG(s) 'example_subdag_operator.section-1', 'example_subdag_operator.section-2', 'example_subdag_operator' retrieved from /home/airflow/.local/lib/python3.8/site-packages/airflow/example_dags/example_subdag_operator.py
[2024-02-24T09:35:45.462+0000] {logging_mixin.py:188} INFO - [2024-02-24T09:35:45.461+0000] {dag.py:3033} INFO - Sync 3 DAGs
[2024-02-24T09:35:45.491+0000] {logging_mixin.py:188} INFO - [2024-02-24T09:35:45.491+0000] {dag.py:3820} INFO - Setting next_dagrun for example_subdag_operator to 2022-01-01T00:00:00+00:00, run_after=2022-01-01T00:00:00+00:00
[2024-02-24T09:35:45.496+0000] {logging_mixin.py:188} INFO - [2024-02-24T09:35:45.496+0000] {dag.py:3820} INFO - Setting next_dagrun for example_subdag_operator.section-1 to None, run_after=None
[2024-02-24T09:35:45.498+0000] {logging_mixin.py:188} INFO - [2024-02-24T09:35:45.498+0000] {dag.py:3820} INFO - Setting next_dagrun for example_subdag_operator.section-2 to None, run_after=None
[2024-02-24T09:35:45.509+0000] {logging_mixin.py:188} INFO - [2024-02-24T09:35:45.508+0000] {dag.py:3033} INFO - Sync 2 DAGs
[2024-02-24T09:35:45.515+0000] {logging_mixin.py:188} INFO - [2024-02-24T09:35:45.515+0000] {dag.py:3820} INFO - Setting next_dagrun for example_subdag_operator.section-1 to None, run_after=None
[2024-02-24T09:35:45.517+0000] {logging_mixin.py:188} INFO - [2024-02-24T09:35:45.516+0000] {dag.py:3820} INFO - Setting next_dagrun for example_subdag_operator.section-2 to None, run_after=None
[2024-02-24T09:35:45.533+0000] {processor.py:183} INFO - Processing /home/airflow/.local/lib/python3.8/site-packages/airflow/example_dags/example_subdag_operator.py took 0.133 seconds
[2024-02-24T09:36:15.584+0000] {processor.py:161} INFO - Started process (PID=8592) to work on /home/airflow/.local/lib/python3.8/site-packages/airflow/example_dags/example_subdag_operator.py
[2024-02-24T09:36:15.585+0000] {processor.py:830} INFO - Processing file /home/airflow/.local/lib/python3.8/site-packages/airflow/example_dags/example_subdag_operator.py for tasks to queue
[2024-02-24T09:36:15.587+0000] {logging_mixin.py:188} INFO - [2024-02-24T09:36:15.587+0000] {dagbag.py:538} INFO - Filling up the DagBag from /home/airflow/.local/lib/python3.8/site-packages/airflow/example_dags/example_subdag_operator.py
[2024-02-24T09:36:15.610+0000] {processor.py:840} INFO - DAG(s) 'example_subdag_operator.section-1', 'example_subdag_operator.section-2', 'example_subdag_operator' retrieved from /home/airflow/.local/lib/python3.8/site-packages/airflow/example_dags/example_subdag_operator.py
[2024-02-24T09:36:15.626+0000] {logging_mixin.py:188} INFO - [2024-02-24T09:36:15.625+0000] {dag.py:3033} INFO - Sync 3 DAGs
[2024-02-24T09:36:15.646+0000] {logging_mixin.py:188} INFO - [2024-02-24T09:36:15.646+0000] {dag.py:3820} INFO - Setting next_dagrun for example_subdag_operator to 2022-01-01T00:00:00+00:00, run_after=2022-01-01T00:00:00+00:00
[2024-02-24T09:36:15.649+0000] {logging_mixin.py:188} INFO - [2024-02-24T09:36:15.649+0000] {dag.py:3820} INFO - Setting next_dagrun for example_subdag_operator.section-1 to None, run_after=None
[2024-02-24T09:36:15.651+0000] {logging_mixin.py:188} INFO - [2024-02-24T09:36:15.651+0000] {dag.py:3820} INFO - Setting next_dagrun for example_subdag_operator.section-2 to None, run_after=None
[2024-02-24T09:36:15.657+0000] {logging_mixin.py:188} INFO - [2024-02-24T09:36:15.657+0000] {dag.py:3033} INFO - Sync 2 DAGs
[2024-02-24T09:36:15.662+0000] {logging_mixin.py:188} INFO - [2024-02-24T09:36:15.662+0000] {dag.py:3820} INFO - Setting next_dagrun for example_subdag_operator.section-1 to None, run_after=None
[2024-02-24T09:36:15.663+0000] {logging_mixin.py:188} INFO - [2024-02-24T09:36:15.663+0000] {dag.py:3820} INFO - Setting next_dagrun for example_subdag_operator.section-2 to None, run_after=None
[2024-02-24T09:36:15.673+0000] {processor.py:183} INFO - Processing /home/airflow/.local/lib/python3.8/site-packages/airflow/example_dags/example_subdag_operator.py took 0.092 seconds
[2024-02-24T09:36:46.149+0000] {processor.py:161} INFO - Started process (PID=8649) to work on /home/airflow/.local/lib/python3.8/site-packages/airflow/example_dags/example_subdag_operator.py
[2024-02-24T09:36:46.150+0000] {processor.py:830} INFO - Processing file /home/airflow/.local/lib/python3.8/site-packages/airflow/example_dags/example_subdag_operator.py for tasks to queue
[2024-02-24T09:36:46.153+0000] {logging_mixin.py:188} INFO - [2024-02-24T09:36:46.153+0000] {dagbag.py:538} INFO - Filling up the DagBag from /home/airflow/.local/lib/python3.8/site-packages/airflow/example_dags/example_subdag_operator.py
[2024-02-24T09:36:46.179+0000] {processor.py:840} INFO - DAG(s) 'example_subdag_operator.section-1', 'example_subdag_operator.section-2', 'example_subdag_operator' retrieved from /home/airflow/.local/lib/python3.8/site-packages/airflow/example_dags/example_subdag_operator.py
[2024-02-24T09:36:46.199+0000] {logging_mixin.py:188} INFO - [2024-02-24T09:36:46.199+0000] {dag.py:3033} INFO - Sync 3 DAGs
[2024-02-24T09:36:46.223+0000] {logging_mixin.py:188} INFO - [2024-02-24T09:36:46.222+0000] {dag.py:3820} INFO - Setting next_dagrun for example_subdag_operator to 2022-01-01T00:00:00+00:00, run_after=2022-01-01T00:00:00+00:00
[2024-02-24T09:36:46.227+0000] {logging_mixin.py:188} INFO - [2024-02-24T09:36:46.226+0000] {dag.py:3820} INFO - Setting next_dagrun for example_subdag_operator.section-1 to None, run_after=None
[2024-02-24T09:36:46.228+0000] {logging_mixin.py:188} INFO - [2024-02-24T09:36:46.228+0000] {dag.py:3820} INFO - Setting next_dagrun for example_subdag_operator.section-2 to None, run_after=None
[2024-02-24T09:36:46.237+0000] {logging_mixin.py:188} INFO - [2024-02-24T09:36:46.237+0000] {dag.py:3033} INFO - Sync 2 DAGs
[2024-02-24T09:36:46.243+0000] {logging_mixin.py:188} INFO - [2024-02-24T09:36:46.243+0000] {dag.py:3820} INFO - Setting next_dagrun for example_subdag_operator.section-1 to None, run_after=None
[2024-02-24T09:36:46.244+0000] {logging_mixin.py:188} INFO - [2024-02-24T09:36:46.244+0000] {dag.py:3820} INFO - Setting next_dagrun for example_subdag_operator.section-2 to None, run_after=None
[2024-02-24T09:36:46.258+0000] {processor.py:183} INFO - Processing /home/airflow/.local/lib/python3.8/site-packages/airflow/example_dags/example_subdag_operator.py took 0.113 seconds
[2024-02-24T09:37:16.380+0000] {processor.py:161} INFO - Started process (PID=8706) to work on /home/airflow/.local/lib/python3.8/site-packages/airflow/example_dags/example_subdag_operator.py
[2024-02-24T09:37:16.381+0000] {processor.py:830} INFO - Processing file /home/airflow/.local/lib/python3.8/site-packages/airflow/example_dags/example_subdag_operator.py for tasks to queue
[2024-02-24T09:37:16.383+0000] {logging_mixin.py:188} INFO - [2024-02-24T09:37:16.383+0000] {dagbag.py:538} INFO - Filling up the DagBag from /home/airflow/.local/lib/python3.8/site-packages/airflow/example_dags/example_subdag_operator.py
[2024-02-24T09:37:16.406+0000] {processor.py:840} INFO - DAG(s) 'example_subdag_operator.section-1', 'example_subdag_operator.section-2', 'example_subdag_operator' retrieved from /home/airflow/.local/lib/python3.8/site-packages/airflow/example_dags/example_subdag_operator.py
[2024-02-24T09:37:16.424+0000] {logging_mixin.py:188} INFO - [2024-02-24T09:37:16.424+0000] {dag.py:3033} INFO - Sync 3 DAGs
[2024-02-24T09:37:16.447+0000] {logging_mixin.py:188} INFO - [2024-02-24T09:37:16.447+0000] {dag.py:3820} INFO - Setting next_dagrun for example_subdag_operator to 2022-01-01T00:00:00+00:00, run_after=2022-01-01T00:00:00+00:00
[2024-02-24T09:37:16.451+0000] {logging_mixin.py:188} INFO - [2024-02-24T09:37:16.450+0000] {dag.py:3820} INFO - Setting next_dagrun for example_subdag_operator.section-1 to None, run_after=None
[2024-02-24T09:37:16.452+0000] {logging_mixin.py:188} INFO - [2024-02-24T09:37:16.452+0000] {dag.py:3820} INFO - Setting next_dagrun for example_subdag_operator.section-2 to None, run_after=None
[2024-02-24T09:37:16.458+0000] {logging_mixin.py:188} INFO - [2024-02-24T09:37:16.458+0000] {dag.py:3033} INFO - Sync 2 DAGs
[2024-02-24T09:37:16.463+0000] {logging_mixin.py:188} INFO - [2024-02-24T09:37:16.463+0000] {dag.py:3820} INFO - Setting next_dagrun for example_subdag_operator.section-1 to None, run_after=None
[2024-02-24T09:37:16.464+0000] {logging_mixin.py:188} INFO - [2024-02-24T09:37:16.463+0000] {dag.py:3820} INFO - Setting next_dagrun for example_subdag_operator.section-2 to None, run_after=None
[2024-02-24T09:37:16.474+0000] {processor.py:183} INFO - Processing /home/airflow/.local/lib/python3.8/site-packages/airflow/example_dags/example_subdag_operator.py took 0.097 seconds
[2024-02-24T09:37:46.992+0000] {processor.py:161} INFO - Started process (PID=8763) to work on /home/airflow/.local/lib/python3.8/site-packages/airflow/example_dags/example_subdag_operator.py
[2024-02-24T09:37:46.993+0000] {processor.py:830} INFO - Processing file /home/airflow/.local/lib/python3.8/site-packages/airflow/example_dags/example_subdag_operator.py for tasks to queue
[2024-02-24T09:37:46.997+0000] {logging_mixin.py:188} INFO - [2024-02-24T09:37:46.997+0000] {dagbag.py:538} INFO - Filling up the DagBag from /home/airflow/.local/lib/python3.8/site-packages/airflow/example_dags/example_subdag_operator.py
[2024-02-24T09:37:47.027+0000] {processor.py:840} INFO - DAG(s) 'example_subdag_operator.section-1', 'example_subdag_operator.section-2', 'example_subdag_operator' retrieved from /home/airflow/.local/lib/python3.8/site-packages/airflow/example_dags/example_subdag_operator.py
[2024-02-24T09:37:47.052+0000] {logging_mixin.py:188} INFO - [2024-02-24T09:37:47.051+0000] {dag.py:3033} INFO - Sync 3 DAGs
[2024-02-24T09:37:47.077+0000] {logging_mixin.py:188} INFO - [2024-02-24T09:37:47.077+0000] {dag.py:3820} INFO - Setting next_dagrun for example_subdag_operator to 2022-01-01T00:00:00+00:00, run_after=2022-01-01T00:00:00+00:00
[2024-02-24T09:37:47.081+0000] {logging_mixin.py:188} INFO - [2024-02-24T09:37:47.081+0000] {dag.py:3820} INFO - Setting next_dagrun for example_subdag_operator.section-1 to None, run_after=None
[2024-02-24T09:37:47.084+0000] {logging_mixin.py:188} INFO - [2024-02-24T09:37:47.084+0000] {dag.py:3820} INFO - Setting next_dagrun for example_subdag_operator.section-2 to None, run_after=None
[2024-02-24T09:37:47.096+0000] {logging_mixin.py:188} INFO - [2024-02-24T09:37:47.096+0000] {dag.py:3033} INFO - Sync 2 DAGs
[2024-02-24T09:37:47.106+0000] {logging_mixin.py:188} INFO - [2024-02-24T09:37:47.105+0000] {dag.py:3820} INFO - Setting next_dagrun for example_subdag_operator.section-1 to None, run_after=None
[2024-02-24T09:37:47.106+0000] {logging_mixin.py:188} INFO - [2024-02-24T09:37:47.106+0000] {dag.py:3820} INFO - Setting next_dagrun for example_subdag_operator.section-2 to None, run_after=None
[2024-02-24T09:37:47.122+0000] {processor.py:183} INFO - Processing /home/airflow/.local/lib/python3.8/site-packages/airflow/example_dags/example_subdag_operator.py took 0.135 seconds
[2024-02-24T09:38:17.216+0000] {processor.py:161} INFO - Started process (PID=8821) to work on /home/airflow/.local/lib/python3.8/site-packages/airflow/example_dags/example_subdag_operator.py
[2024-02-24T09:38:17.217+0000] {processor.py:830} INFO - Processing file /home/airflow/.local/lib/python3.8/site-packages/airflow/example_dags/example_subdag_operator.py for tasks to queue
[2024-02-24T09:38:17.220+0000] {logging_mixin.py:188} INFO - [2024-02-24T09:38:17.220+0000] {dagbag.py:538} INFO - Filling up the DagBag from /home/airflow/.local/lib/python3.8/site-packages/airflow/example_dags/example_subdag_operator.py
[2024-02-24T09:38:17.257+0000] {processor.py:840} INFO - DAG(s) 'example_subdag_operator.section-1', 'example_subdag_operator.section-2', 'example_subdag_operator' retrieved from /home/airflow/.local/lib/python3.8/site-packages/airflow/example_dags/example_subdag_operator.py
[2024-02-24T09:38:17.291+0000] {logging_mixin.py:188} INFO - [2024-02-24T09:38:17.290+0000] {dag.py:3033} INFO - Sync 3 DAGs
[2024-02-24T09:38:17.332+0000] {logging_mixin.py:188} INFO - [2024-02-24T09:38:17.331+0000] {dag.py:3820} INFO - Setting next_dagrun for example_subdag_operator to 2022-01-01T00:00:00+00:00, run_after=2022-01-01T00:00:00+00:00
[2024-02-24T09:38:17.341+0000] {logging_mixin.py:188} INFO - [2024-02-24T09:38:17.340+0000] {dag.py:3820} INFO - Setting next_dagrun for example_subdag_operator.section-1 to None, run_after=None
[2024-02-24T09:38:17.343+0000] {logging_mixin.py:188} INFO - [2024-02-24T09:38:17.343+0000] {dag.py:3820} INFO - Setting next_dagrun for example_subdag_operator.section-2 to None, run_after=None
[2024-02-24T09:38:17.361+0000] {logging_mixin.py:188} INFO - [2024-02-24T09:38:17.361+0000] {dag.py:3033} INFO - Sync 2 DAGs
[2024-02-24T09:38:17.372+0000] {logging_mixin.py:188} INFO - [2024-02-24T09:38:17.372+0000] {dag.py:3820} INFO - Setting next_dagrun for example_subdag_operator.section-1 to None, run_after=None
[2024-02-24T09:38:17.373+0000] {logging_mixin.py:188} INFO - [2024-02-24T09:38:17.373+0000] {dag.py:3820} INFO - Setting next_dagrun for example_subdag_operator.section-2 to None, run_after=None
[2024-02-24T09:38:17.411+0000] {processor.py:183} INFO - Processing /home/airflow/.local/lib/python3.8/site-packages/airflow/example_dags/example_subdag_operator.py took 0.198 seconds
[2024-02-24T09:38:47.990+0000] {processor.py:161} INFO - Started process (PID=8878) to work on /home/airflow/.local/lib/python3.8/site-packages/airflow/example_dags/example_subdag_operator.py
[2024-02-24T09:38:47.991+0000] {processor.py:830} INFO - Processing file /home/airflow/.local/lib/python3.8/site-packages/airflow/example_dags/example_subdag_operator.py for tasks to queue
[2024-02-24T09:38:47.993+0000] {logging_mixin.py:188} INFO - [2024-02-24T09:38:47.993+0000] {dagbag.py:538} INFO - Filling up the DagBag from /home/airflow/.local/lib/python3.8/site-packages/airflow/example_dags/example_subdag_operator.py
[2024-02-24T09:38:48.017+0000] {processor.py:840} INFO - DAG(s) 'example_subdag_operator.section-1', 'example_subdag_operator.section-2', 'example_subdag_operator' retrieved from /home/airflow/.local/lib/python3.8/site-packages/airflow/example_dags/example_subdag_operator.py
[2024-02-24T09:38:48.037+0000] {logging_mixin.py:188} INFO - [2024-02-24T09:38:48.036+0000] {dag.py:3033} INFO - Sync 3 DAGs
[2024-02-24T09:38:48.060+0000] {logging_mixin.py:188} INFO - [2024-02-24T09:38:48.059+0000] {dag.py:3820} INFO - Setting next_dagrun for example_subdag_operator to 2022-01-01T00:00:00+00:00, run_after=2022-01-01T00:00:00+00:00
[2024-02-24T09:38:48.063+0000] {logging_mixin.py:188} INFO - [2024-02-24T09:38:48.063+0000] {dag.py:3820} INFO - Setting next_dagrun for example_subdag_operator.section-1 to None, run_after=None
[2024-02-24T09:38:48.065+0000] {logging_mixin.py:188} INFO - [2024-02-24T09:38:48.065+0000] {dag.py:3820} INFO - Setting next_dagrun for example_subdag_operator.section-2 to None, run_after=None
[2024-02-24T09:38:48.074+0000] {logging_mixin.py:188} INFO - [2024-02-24T09:38:48.073+0000] {dag.py:3033} INFO - Sync 2 DAGs
[2024-02-24T09:38:48.079+0000] {logging_mixin.py:188} INFO - [2024-02-24T09:38:48.079+0000] {dag.py:3820} INFO - Setting next_dagrun for example_subdag_operator.section-1 to None, run_after=None
[2024-02-24T09:38:48.080+0000] {logging_mixin.py:188} INFO - [2024-02-24T09:38:48.080+0000] {dag.py:3820} INFO - Setting next_dagrun for example_subdag_operator.section-2 to None, run_after=None
[2024-02-24T09:38:48.094+0000] {processor.py:183} INFO - Processing /home/airflow/.local/lib/python3.8/site-packages/airflow/example_dags/example_subdag_operator.py took 0.107 seconds
[2024-02-24T09:39:18.257+0000] {processor.py:161} INFO - Started process (PID=8935) to work on /home/airflow/.local/lib/python3.8/site-packages/airflow/example_dags/example_subdag_operator.py
[2024-02-24T09:39:18.258+0000] {processor.py:830} INFO - Processing file /home/airflow/.local/lib/python3.8/site-packages/airflow/example_dags/example_subdag_operator.py for tasks to queue
[2024-02-24T09:39:18.260+0000] {logging_mixin.py:188} INFO - [2024-02-24T09:39:18.260+0000] {dagbag.py:538} INFO - Filling up the DagBag from /home/airflow/.local/lib/python3.8/site-packages/airflow/example_dags/example_subdag_operator.py
[2024-02-24T09:39:18.281+0000] {processor.py:840} INFO - DAG(s) 'example_subdag_operator.section-1', 'example_subdag_operator.section-2', 'example_subdag_operator' retrieved from /home/airflow/.local/lib/python3.8/site-packages/airflow/example_dags/example_subdag_operator.py
[2024-02-24T09:39:18.297+0000] {logging_mixin.py:188} INFO - [2024-02-24T09:39:18.297+0000] {dag.py:3033} INFO - Sync 3 DAGs
[2024-02-24T09:39:18.318+0000] {logging_mixin.py:188} INFO - [2024-02-24T09:39:18.318+0000] {dag.py:3820} INFO - Setting next_dagrun for example_subdag_operator to 2022-01-01T00:00:00+00:00, run_after=2022-01-01T00:00:00+00:00
[2024-02-24T09:39:18.321+0000] {logging_mixin.py:188} INFO - [2024-02-24T09:39:18.321+0000] {dag.py:3820} INFO - Setting next_dagrun for example_subdag_operator.section-1 to None, run_after=None
[2024-02-24T09:39:18.323+0000] {logging_mixin.py:188} INFO - [2024-02-24T09:39:18.323+0000] {dag.py:3820} INFO - Setting next_dagrun for example_subdag_operator.section-2 to None, run_after=None
[2024-02-24T09:39:18.330+0000] {logging_mixin.py:188} INFO - [2024-02-24T09:39:18.329+0000] {dag.py:3033} INFO - Sync 2 DAGs
[2024-02-24T09:39:18.336+0000] {logging_mixin.py:188} INFO - [2024-02-24T09:39:18.336+0000] {dag.py:3820} INFO - Setting next_dagrun for example_subdag_operator.section-1 to None, run_after=None
[2024-02-24T09:39:18.336+0000] {logging_mixin.py:188} INFO - [2024-02-24T09:39:18.336+0000] {dag.py:3820} INFO - Setting next_dagrun for example_subdag_operator.section-2 to None, run_after=None
[2024-02-24T09:39:18.348+0000] {processor.py:183} INFO - Processing /home/airflow/.local/lib/python3.8/site-packages/airflow/example_dags/example_subdag_operator.py took 0.095 seconds
[2024-02-24T09:39:49.085+0000] {processor.py:161} INFO - Started process (PID=8991) to work on /home/airflow/.local/lib/python3.8/site-packages/airflow/example_dags/example_subdag_operator.py
[2024-02-24T09:39:49.086+0000] {processor.py:830} INFO - Processing file /home/airflow/.local/lib/python3.8/site-packages/airflow/example_dags/example_subdag_operator.py for tasks to queue
[2024-02-24T09:39:49.088+0000] {logging_mixin.py:188} INFO - [2024-02-24T09:39:49.087+0000] {dagbag.py:538} INFO - Filling up the DagBag from /home/airflow/.local/lib/python3.8/site-packages/airflow/example_dags/example_subdag_operator.py
[2024-02-24T09:39:49.110+0000] {processor.py:840} INFO - DAG(s) 'example_subdag_operator.section-1', 'example_subdag_operator.section-2', 'example_subdag_operator' retrieved from /home/airflow/.local/lib/python3.8/site-packages/airflow/example_dags/example_subdag_operator.py
[2024-02-24T09:39:49.128+0000] {logging_mixin.py:188} INFO - [2024-02-24T09:39:49.127+0000] {dag.py:3033} INFO - Sync 3 DAGs
[2024-02-24T09:39:49.147+0000] {logging_mixin.py:188} INFO - [2024-02-24T09:39:49.147+0000] {dag.py:3820} INFO - Setting next_dagrun for example_subdag_operator to 2022-01-01T00:00:00+00:00, run_after=2022-01-01T00:00:00+00:00
[2024-02-24T09:39:49.151+0000] {logging_mixin.py:188} INFO - [2024-02-24T09:39:49.151+0000] {dag.py:3820} INFO - Setting next_dagrun for example_subdag_operator.section-1 to None, run_after=None
[2024-02-24T09:39:49.153+0000] {logging_mixin.py:188} INFO - [2024-02-24T09:39:49.152+0000] {dag.py:3820} INFO - Setting next_dagrun for example_subdag_operator.section-2 to None, run_after=None
[2024-02-24T09:39:49.159+0000] {logging_mixin.py:188} INFO - [2024-02-24T09:39:49.159+0000] {dag.py:3033} INFO - Sync 2 DAGs
[2024-02-24T09:39:49.165+0000] {logging_mixin.py:188} INFO - [2024-02-24T09:39:49.165+0000] {dag.py:3820} INFO - Setting next_dagrun for example_subdag_operator.section-1 to None, run_after=None
[2024-02-24T09:39:49.166+0000] {logging_mixin.py:188} INFO - [2024-02-24T09:39:49.166+0000] {dag.py:3820} INFO - Setting next_dagrun for example_subdag_operator.section-2 to None, run_after=None
[2024-02-24T09:39:49.178+0000] {processor.py:183} INFO - Processing /home/airflow/.local/lib/python3.8/site-packages/airflow/example_dags/example_subdag_operator.py took 0.096 seconds
[2024-02-24T09:40:20.528+0000] {processor.py:161} INFO - Started process (PID=9048) to work on /home/airflow/.local/lib/python3.8/site-packages/airflow/example_dags/example_subdag_operator.py
[2024-02-24T09:40:20.530+0000] {processor.py:830} INFO - Processing file /home/airflow/.local/lib/python3.8/site-packages/airflow/example_dags/example_subdag_operator.py for tasks to queue
[2024-02-24T09:40:20.533+0000] {logging_mixin.py:188} INFO - [2024-02-24T09:40:20.532+0000] {dagbag.py:538} INFO - Filling up the DagBag from /home/airflow/.local/lib/python3.8/site-packages/airflow/example_dags/example_subdag_operator.py
[2024-02-24T09:40:20.575+0000] {processor.py:840} INFO - DAG(s) 'example_subdag_operator.section-1', 'example_subdag_operator.section-2', 'example_subdag_operator' retrieved from /home/airflow/.local/lib/python3.8/site-packages/airflow/example_dags/example_subdag_operator.py
[2024-02-24T09:40:20.596+0000] {logging_mixin.py:188} INFO - [2024-02-24T09:40:20.595+0000] {dag.py:3033} INFO - Sync 3 DAGs
[2024-02-24T09:40:20.621+0000] {logging_mixin.py:188} INFO - [2024-02-24T09:40:20.620+0000] {dag.py:3820} INFO - Setting next_dagrun for example_subdag_operator to 2022-01-01T00:00:00+00:00, run_after=2022-01-01T00:00:00+00:00
[2024-02-24T09:40:20.627+0000] {logging_mixin.py:188} INFO - [2024-02-24T09:40:20.627+0000] {dag.py:3820} INFO - Setting next_dagrun for example_subdag_operator.section-1 to None, run_after=None
[2024-02-24T09:40:20.629+0000] {logging_mixin.py:188} INFO - [2024-02-24T09:40:20.629+0000] {dag.py:3820} INFO - Setting next_dagrun for example_subdag_operator.section-2 to None, run_after=None
[2024-02-24T09:40:20.638+0000] {logging_mixin.py:188} INFO - [2024-02-24T09:40:20.638+0000] {dag.py:3033} INFO - Sync 2 DAGs
[2024-02-24T09:40:20.645+0000] {logging_mixin.py:188} INFO - [2024-02-24T09:40:20.645+0000] {dag.py:3820} INFO - Setting next_dagrun for example_subdag_operator.section-1 to None, run_after=None
[2024-02-24T09:40:20.646+0000] {logging_mixin.py:188} INFO - [2024-02-24T09:40:20.645+0000] {dag.py:3820} INFO - Setting next_dagrun for example_subdag_operator.section-2 to None, run_after=None
[2024-02-24T09:40:20.661+0000] {processor.py:183} INFO - Processing /home/airflow/.local/lib/python3.8/site-packages/airflow/example_dags/example_subdag_operator.py took 0.148 seconds
[2024-02-24T09:40:52.332+0000] {processor.py:161} INFO - Started process (PID=9111) to work on /home/airflow/.local/lib/python3.8/site-packages/airflow/example_dags/example_subdag_operator.py
[2024-02-24T09:40:52.333+0000] {processor.py:830} INFO - Processing file /home/airflow/.local/lib/python3.8/site-packages/airflow/example_dags/example_subdag_operator.py for tasks to queue
[2024-02-24T09:40:52.336+0000] {logging_mixin.py:188} INFO - [2024-02-24T09:40:52.336+0000] {dagbag.py:538} INFO - Filling up the DagBag from /home/airflow/.local/lib/python3.8/site-packages/airflow/example_dags/example_subdag_operator.py
[2024-02-24T09:40:52.411+0000] {processor.py:840} INFO - DAG(s) 'example_subdag_operator.section-1', 'example_subdag_operator.section-2', 'example_subdag_operator' retrieved from /home/airflow/.local/lib/python3.8/site-packages/airflow/example_dags/example_subdag_operator.py
[2024-02-24T09:40:52.462+0000] {logging_mixin.py:188} INFO - [2024-02-24T09:40:52.462+0000] {dag.py:3033} INFO - Sync 3 DAGs
[2024-02-24T09:40:52.524+0000] {logging_mixin.py:188} INFO - [2024-02-24T09:40:52.524+0000] {dag.py:3820} INFO - Setting next_dagrun for example_subdag_operator to 2022-01-01T00:00:00+00:00, run_after=2022-01-01T00:00:00+00:00
[2024-02-24T09:40:52.528+0000] {logging_mixin.py:188} INFO - [2024-02-24T09:40:52.528+0000] {dag.py:3820} INFO - Setting next_dagrun for example_subdag_operator.section-1 to None, run_after=None
[2024-02-24T09:40:52.539+0000] {logging_mixin.py:188} INFO - [2024-02-24T09:40:52.539+0000] {dag.py:3820} INFO - Setting next_dagrun for example_subdag_operator.section-2 to None, run_after=None
[2024-02-24T09:40:52.557+0000] {logging_mixin.py:188} INFO - [2024-02-24T09:40:52.557+0000] {dag.py:3033} INFO - Sync 2 DAGs
[2024-02-24T09:40:52.575+0000] {logging_mixin.py:188} INFO - [2024-02-24T09:40:52.574+0000] {dag.py:3820} INFO - Setting next_dagrun for example_subdag_operator.section-1 to None, run_after=None
[2024-02-24T09:40:52.575+0000] {logging_mixin.py:188} INFO - [2024-02-24T09:40:52.575+0000] {dag.py:3820} INFO - Setting next_dagrun for example_subdag_operator.section-2 to None, run_after=None
[2024-02-24T09:40:52.596+0000] {processor.py:183} INFO - Processing /home/airflow/.local/lib/python3.8/site-packages/airflow/example_dags/example_subdag_operator.py took 0.268 seconds
[2024-02-24T09:41:22.711+0000] {processor.py:161} INFO - Started process (PID=9168) to work on /home/airflow/.local/lib/python3.8/site-packages/airflow/example_dags/example_subdag_operator.py
[2024-02-24T09:41:22.711+0000] {processor.py:830} INFO - Processing file /home/airflow/.local/lib/python3.8/site-packages/airflow/example_dags/example_subdag_operator.py for tasks to queue
[2024-02-24T09:41:22.714+0000] {logging_mixin.py:188} INFO - [2024-02-24T09:41:22.713+0000] {dagbag.py:538} INFO - Filling up the DagBag from /home/airflow/.local/lib/python3.8/site-packages/airflow/example_dags/example_subdag_operator.py
[2024-02-24T09:41:22.733+0000] {processor.py:840} INFO - DAG(s) 'example_subdag_operator.section-1', 'example_subdag_operator.section-2', 'example_subdag_operator' retrieved from /home/airflow/.local/lib/python3.8/site-packages/airflow/example_dags/example_subdag_operator.py
[2024-02-24T09:41:22.747+0000] {logging_mixin.py:188} INFO - [2024-02-24T09:41:22.747+0000] {dag.py:3033} INFO - Sync 3 DAGs
[2024-02-24T09:41:22.764+0000] {logging_mixin.py:188} INFO - [2024-02-24T09:41:22.764+0000] {dag.py:3820} INFO - Setting next_dagrun for example_subdag_operator to 2022-01-01T00:00:00+00:00, run_after=2022-01-01T00:00:00+00:00
[2024-02-24T09:41:22.768+0000] {logging_mixin.py:188} INFO - [2024-02-24T09:41:22.767+0000] {dag.py:3820} INFO - Setting next_dagrun for example_subdag_operator.section-1 to None, run_after=None
[2024-02-24T09:41:22.769+0000] {logging_mixin.py:188} INFO - [2024-02-24T09:41:22.769+0000] {dag.py:3820} INFO - Setting next_dagrun for example_subdag_operator.section-2 to None, run_after=None
[2024-02-24T09:41:22.775+0000] {logging_mixin.py:188} INFO - [2024-02-24T09:41:22.774+0000] {dag.py:3033} INFO - Sync 2 DAGs
[2024-02-24T09:41:22.779+0000] {logging_mixin.py:188} INFO - [2024-02-24T09:41:22.779+0000] {dag.py:3820} INFO - Setting next_dagrun for example_subdag_operator.section-1 to None, run_after=None
[2024-02-24T09:41:22.780+0000] {logging_mixin.py:188} INFO - [2024-02-24T09:41:22.779+0000] {dag.py:3820} INFO - Setting next_dagrun for example_subdag_operator.section-2 to None, run_after=None
[2024-02-24T09:41:22.790+0000] {processor.py:183} INFO - Processing /home/airflow/.local/lib/python3.8/site-packages/airflow/example_dags/example_subdag_operator.py took 0.082 seconds
[2024-02-24T09:41:53.516+0000] {processor.py:161} INFO - Started process (PID=9225) to work on /home/airflow/.local/lib/python3.8/site-packages/airflow/example_dags/example_subdag_operator.py
[2024-02-24T09:41:53.517+0000] {processor.py:830} INFO - Processing file /home/airflow/.local/lib/python3.8/site-packages/airflow/example_dags/example_subdag_operator.py for tasks to queue
[2024-02-24T09:41:53.519+0000] {logging_mixin.py:188} INFO - [2024-02-24T09:41:53.519+0000] {dagbag.py:538} INFO - Filling up the DagBag from /home/airflow/.local/lib/python3.8/site-packages/airflow/example_dags/example_subdag_operator.py
[2024-02-24T09:41:53.540+0000] {processor.py:840} INFO - DAG(s) 'example_subdag_operator.section-1', 'example_subdag_operator.section-2', 'example_subdag_operator' retrieved from /home/airflow/.local/lib/python3.8/site-packages/airflow/example_dags/example_subdag_operator.py
[2024-02-24T09:41:53.555+0000] {logging_mixin.py:188} INFO - [2024-02-24T09:41:53.555+0000] {dag.py:3033} INFO - Sync 3 DAGs
[2024-02-24T09:41:53.573+0000] {logging_mixin.py:188} INFO - [2024-02-24T09:41:53.573+0000] {dag.py:3820} INFO - Setting next_dagrun for example_subdag_operator to 2022-01-01T00:00:00+00:00, run_after=2022-01-01T00:00:00+00:00
[2024-02-24T09:41:53.576+0000] {logging_mixin.py:188} INFO - [2024-02-24T09:41:53.576+0000] {dag.py:3820} INFO - Setting next_dagrun for example_subdag_operator.section-1 to None, run_after=None
[2024-02-24T09:41:53.577+0000] {logging_mixin.py:188} INFO - [2024-02-24T09:41:53.577+0000] {dag.py:3820} INFO - Setting next_dagrun for example_subdag_operator.section-2 to None, run_after=None
[2024-02-24T09:41:53.584+0000] {logging_mixin.py:188} INFO - [2024-02-24T09:41:53.583+0000] {dag.py:3033} INFO - Sync 2 DAGs
[2024-02-24T09:41:53.588+0000] {logging_mixin.py:188} INFO - [2024-02-24T09:41:53.588+0000] {dag.py:3820} INFO - Setting next_dagrun for example_subdag_operator.section-1 to None, run_after=None
[2024-02-24T09:41:53.589+0000] {logging_mixin.py:188} INFO - [2024-02-24T09:41:53.589+0000] {dag.py:3820} INFO - Setting next_dagrun for example_subdag_operator.section-2 to None, run_after=None
[2024-02-24T09:41:53.599+0000] {processor.py:183} INFO - Processing /home/airflow/.local/lib/python3.8/site-packages/airflow/example_dags/example_subdag_operator.py took 0.086 seconds
[2024-02-24T09:42:24.200+0000] {processor.py:161} INFO - Started process (PID=9282) to work on /home/airflow/.local/lib/python3.8/site-packages/airflow/example_dags/example_subdag_operator.py
[2024-02-24T09:42:24.201+0000] {processor.py:830} INFO - Processing file /home/airflow/.local/lib/python3.8/site-packages/airflow/example_dags/example_subdag_operator.py for tasks to queue
[2024-02-24T09:42:24.203+0000] {logging_mixin.py:188} INFO - [2024-02-24T09:42:24.203+0000] {dagbag.py:538} INFO - Filling up the DagBag from /home/airflow/.local/lib/python3.8/site-packages/airflow/example_dags/example_subdag_operator.py
[2024-02-24T09:42:24.223+0000] {processor.py:840} INFO - DAG(s) 'example_subdag_operator.section-1', 'example_subdag_operator.section-2', 'example_subdag_operator' retrieved from /home/airflow/.local/lib/python3.8/site-packages/airflow/example_dags/example_subdag_operator.py
[2024-02-24T09:42:24.238+0000] {logging_mixin.py:188} INFO - [2024-02-24T09:42:24.237+0000] {dag.py:3033} INFO - Sync 3 DAGs
[2024-02-24T09:42:24.256+0000] {logging_mixin.py:188} INFO - [2024-02-24T09:42:24.256+0000] {dag.py:3820} INFO - Setting next_dagrun for example_subdag_operator to 2022-01-01T00:00:00+00:00, run_after=2022-01-01T00:00:00+00:00
[2024-02-24T09:42:24.259+0000] {logging_mixin.py:188} INFO - [2024-02-24T09:42:24.259+0000] {dag.py:3820} INFO - Setting next_dagrun for example_subdag_operator.section-1 to None, run_after=None
[2024-02-24T09:42:24.261+0000] {logging_mixin.py:188} INFO - [2024-02-24T09:42:24.261+0000] {dag.py:3820} INFO - Setting next_dagrun for example_subdag_operator.section-2 to None, run_after=None
[2024-02-24T09:42:24.268+0000] {logging_mixin.py:188} INFO - [2024-02-24T09:42:24.267+0000] {dag.py:3033} INFO - Sync 2 DAGs
[2024-02-24T09:42:24.273+0000] {logging_mixin.py:188} INFO - [2024-02-24T09:42:24.272+0000] {dag.py:3820} INFO - Setting next_dagrun for example_subdag_operator.section-1 to None, run_after=None
[2024-02-24T09:42:24.273+0000] {logging_mixin.py:188} INFO - [2024-02-24T09:42:24.273+0000] {dag.py:3820} INFO - Setting next_dagrun for example_subdag_operator.section-2 to None, run_after=None
[2024-02-24T09:42:24.284+0000] {processor.py:183} INFO - Processing /home/airflow/.local/lib/python3.8/site-packages/airflow/example_dags/example_subdag_operator.py took 0.087 seconds
[2024-02-24T09:42:54.929+0000] {processor.py:161} INFO - Started process (PID=9339) to work on /home/airflow/.local/lib/python3.8/site-packages/airflow/example_dags/example_subdag_operator.py
[2024-02-24T09:42:54.931+0000] {processor.py:830} INFO - Processing file /home/airflow/.local/lib/python3.8/site-packages/airflow/example_dags/example_subdag_operator.py for tasks to queue
[2024-02-24T09:42:54.933+0000] {logging_mixin.py:188} INFO - [2024-02-24T09:42:54.933+0000] {dagbag.py:538} INFO - Filling up the DagBag from /home/airflow/.local/lib/python3.8/site-packages/airflow/example_dags/example_subdag_operator.py
[2024-02-24T09:42:54.953+0000] {processor.py:840} INFO - DAG(s) 'example_subdag_operator.section-1', 'example_subdag_operator.section-2', 'example_subdag_operator' retrieved from /home/airflow/.local/lib/python3.8/site-packages/airflow/example_dags/example_subdag_operator.py
[2024-02-24T09:42:54.967+0000] {logging_mixin.py:188} INFO - [2024-02-24T09:42:54.967+0000] {dag.py:3033} INFO - Sync 3 DAGs
[2024-02-24T09:42:54.987+0000] {logging_mixin.py:188} INFO - [2024-02-24T09:42:54.986+0000] {dag.py:3820} INFO - Setting next_dagrun for example_subdag_operator to 2022-01-01T00:00:00+00:00, run_after=2022-01-01T00:00:00+00:00
[2024-02-24T09:42:54.990+0000] {logging_mixin.py:188} INFO - [2024-02-24T09:42:54.990+0000] {dag.py:3820} INFO - Setting next_dagrun for example_subdag_operator.section-1 to None, run_after=None
[2024-02-24T09:42:54.992+0000] {logging_mixin.py:188} INFO - [2024-02-24T09:42:54.991+0000] {dag.py:3820} INFO - Setting next_dagrun for example_subdag_operator.section-2 to None, run_after=None
[2024-02-24T09:42:54.997+0000] {logging_mixin.py:188} INFO - [2024-02-24T09:42:54.997+0000] {dag.py:3033} INFO - Sync 2 DAGs
[2024-02-24T09:42:55.002+0000] {logging_mixin.py:188} INFO - [2024-02-24T09:42:55.002+0000] {dag.py:3820} INFO - Setting next_dagrun for example_subdag_operator.section-1 to None, run_after=None
[2024-02-24T09:42:55.003+0000] {logging_mixin.py:188} INFO - [2024-02-24T09:42:55.003+0000] {dag.py:3820} INFO - Setting next_dagrun for example_subdag_operator.section-2 to None, run_after=None
[2024-02-24T09:42:55.013+0000] {processor.py:183} INFO - Processing /home/airflow/.local/lib/python3.8/site-packages/airflow/example_dags/example_subdag_operator.py took 0.087 seconds
[2024-02-24T09:43:25.671+0000] {processor.py:161} INFO - Started process (PID=9396) to work on /home/airflow/.local/lib/python3.8/site-packages/airflow/example_dags/example_subdag_operator.py
[2024-02-24T09:43:25.672+0000] {processor.py:830} INFO - Processing file /home/airflow/.local/lib/python3.8/site-packages/airflow/example_dags/example_subdag_operator.py for tasks to queue
[2024-02-24T09:43:25.675+0000] {logging_mixin.py:188} INFO - [2024-02-24T09:43:25.674+0000] {dagbag.py:538} INFO - Filling up the DagBag from /home/airflow/.local/lib/python3.8/site-packages/airflow/example_dags/example_subdag_operator.py
[2024-02-24T09:43:25.698+0000] {processor.py:840} INFO - DAG(s) 'example_subdag_operator.section-1', 'example_subdag_operator.section-2', 'example_subdag_operator' retrieved from /home/airflow/.local/lib/python3.8/site-packages/airflow/example_dags/example_subdag_operator.py
[2024-02-24T09:43:25.712+0000] {logging_mixin.py:188} INFO - [2024-02-24T09:43:25.712+0000] {dag.py:3033} INFO - Sync 3 DAGs
[2024-02-24T09:43:25.731+0000] {logging_mixin.py:188} INFO - [2024-02-24T09:43:25.730+0000] {dag.py:3820} INFO - Setting next_dagrun for example_subdag_operator to 2022-01-01T00:00:00+00:00, run_after=2022-01-01T00:00:00+00:00
[2024-02-24T09:43:25.734+0000] {logging_mixin.py:188} INFO - [2024-02-24T09:43:25.734+0000] {dag.py:3820} INFO - Setting next_dagrun for example_subdag_operator.section-1 to None, run_after=None
[2024-02-24T09:43:25.736+0000] {logging_mixin.py:188} INFO - [2024-02-24T09:43:25.736+0000] {dag.py:3820} INFO - Setting next_dagrun for example_subdag_operator.section-2 to None, run_after=None
[2024-02-24T09:43:25.742+0000] {logging_mixin.py:188} INFO - [2024-02-24T09:43:25.742+0000] {dag.py:3033} INFO - Sync 2 DAGs
[2024-02-24T09:43:25.747+0000] {logging_mixin.py:188} INFO - [2024-02-24T09:43:25.746+0000] {dag.py:3820} INFO - Setting next_dagrun for example_subdag_operator.section-1 to None, run_after=None
[2024-02-24T09:43:25.747+0000] {logging_mixin.py:188} INFO - [2024-02-24T09:43:25.747+0000] {dag.py:3820} INFO - Setting next_dagrun for example_subdag_operator.section-2 to None, run_after=None
[2024-02-24T09:43:25.757+0000] {processor.py:183} INFO - Processing /home/airflow/.local/lib/python3.8/site-packages/airflow/example_dags/example_subdag_operator.py took 0.091 seconds
[2024-02-24T09:43:56.361+0000] {processor.py:161} INFO - Started process (PID=9453) to work on /home/airflow/.local/lib/python3.8/site-packages/airflow/example_dags/example_subdag_operator.py
[2024-02-24T09:43:56.362+0000] {processor.py:830} INFO - Processing file /home/airflow/.local/lib/python3.8/site-packages/airflow/example_dags/example_subdag_operator.py for tasks to queue
[2024-02-24T09:43:56.364+0000] {logging_mixin.py:188} INFO - [2024-02-24T09:43:56.364+0000] {dagbag.py:538} INFO - Filling up the DagBag from /home/airflow/.local/lib/python3.8/site-packages/airflow/example_dags/example_subdag_operator.py
[2024-02-24T09:43:56.385+0000] {processor.py:840} INFO - DAG(s) 'example_subdag_operator.section-1', 'example_subdag_operator.section-2', 'example_subdag_operator' retrieved from /home/airflow/.local/lib/python3.8/site-packages/airflow/example_dags/example_subdag_operator.py
[2024-02-24T09:43:56.400+0000] {logging_mixin.py:188} INFO - [2024-02-24T09:43:56.400+0000] {dag.py:3033} INFO - Sync 3 DAGs
[2024-02-24T09:43:56.418+0000] {logging_mixin.py:188} INFO - [2024-02-24T09:43:56.418+0000] {dag.py:3820} INFO - Setting next_dagrun for example_subdag_operator to 2022-01-01T00:00:00+00:00, run_after=2022-01-01T00:00:00+00:00
[2024-02-24T09:43:56.421+0000] {logging_mixin.py:188} INFO - [2024-02-24T09:43:56.421+0000] {dag.py:3820} INFO - Setting next_dagrun for example_subdag_operator.section-1 to None, run_after=None
[2024-02-24T09:43:56.422+0000] {logging_mixin.py:188} INFO - [2024-02-24T09:43:56.422+0000] {dag.py:3820} INFO - Setting next_dagrun for example_subdag_operator.section-2 to None, run_after=None
[2024-02-24T09:43:56.428+0000] {logging_mixin.py:188} INFO - [2024-02-24T09:43:56.428+0000] {dag.py:3033} INFO - Sync 2 DAGs
[2024-02-24T09:43:56.433+0000] {logging_mixin.py:188} INFO - [2024-02-24T09:43:56.433+0000] {dag.py:3820} INFO - Setting next_dagrun for example_subdag_operator.section-1 to None, run_after=None
[2024-02-24T09:43:56.433+0000] {logging_mixin.py:188} INFO - [2024-02-24T09:43:56.433+0000] {dag.py:3820} INFO - Setting next_dagrun for example_subdag_operator.section-2 to None, run_after=None
[2024-02-24T09:43:56.444+0000] {processor.py:183} INFO - Processing /home/airflow/.local/lib/python3.8/site-packages/airflow/example_dags/example_subdag_operator.py took 0.086 seconds
[2024-02-24T09:44:27.216+0000] {processor.py:161} INFO - Started process (PID=9510) to work on /home/airflow/.local/lib/python3.8/site-packages/airflow/example_dags/example_subdag_operator.py
[2024-02-24T09:44:27.217+0000] {processor.py:830} INFO - Processing file /home/airflow/.local/lib/python3.8/site-packages/airflow/example_dags/example_subdag_operator.py for tasks to queue
[2024-02-24T09:44:27.219+0000] {logging_mixin.py:188} INFO - [2024-02-24T09:44:27.219+0000] {dagbag.py:538} INFO - Filling up the DagBag from /home/airflow/.local/lib/python3.8/site-packages/airflow/example_dags/example_subdag_operator.py
[2024-02-24T09:44:27.240+0000] {processor.py:840} INFO - DAG(s) 'example_subdag_operator.section-1', 'example_subdag_operator.section-2', 'example_subdag_operator' retrieved from /home/airflow/.local/lib/python3.8/site-packages/airflow/example_dags/example_subdag_operator.py
[2024-02-24T09:44:27.255+0000] {logging_mixin.py:188} INFO - [2024-02-24T09:44:27.255+0000] {dag.py:3033} INFO - Sync 3 DAGs
[2024-02-24T09:44:27.273+0000] {logging_mixin.py:188} INFO - [2024-02-24T09:44:27.273+0000] {dag.py:3820} INFO - Setting next_dagrun for example_subdag_operator to 2022-01-01T00:00:00+00:00, run_after=2022-01-01T00:00:00+00:00
[2024-02-24T09:44:27.277+0000] {logging_mixin.py:188} INFO - [2024-02-24T09:44:27.276+0000] {dag.py:3820} INFO - Setting next_dagrun for example_subdag_operator.section-1 to None, run_after=None
[2024-02-24T09:44:27.278+0000] {logging_mixin.py:188} INFO - [2024-02-24T09:44:27.278+0000] {dag.py:3820} INFO - Setting next_dagrun for example_subdag_operator.section-2 to None, run_after=None
[2024-02-24T09:44:27.284+0000] {logging_mixin.py:188} INFO - [2024-02-24T09:44:27.284+0000] {dag.py:3033} INFO - Sync 2 DAGs
[2024-02-24T09:44:27.288+0000] {logging_mixin.py:188} INFO - [2024-02-24T09:44:27.288+0000] {dag.py:3820} INFO - Setting next_dagrun for example_subdag_operator.section-1 to None, run_after=None
[2024-02-24T09:44:27.289+0000] {logging_mixin.py:188} INFO - [2024-02-24T09:44:27.289+0000] {dag.py:3820} INFO - Setting next_dagrun for example_subdag_operator.section-2 to None, run_after=None
[2024-02-24T09:44:27.299+0000] {processor.py:183} INFO - Processing /home/airflow/.local/lib/python3.8/site-packages/airflow/example_dags/example_subdag_operator.py took 0.086 seconds
[2024-02-24T09:44:57.917+0000] {processor.py:161} INFO - Started process (PID=9567) to work on /home/airflow/.local/lib/python3.8/site-packages/airflow/example_dags/example_subdag_operator.py
[2024-02-24T09:44:57.918+0000] {processor.py:830} INFO - Processing file /home/airflow/.local/lib/python3.8/site-packages/airflow/example_dags/example_subdag_operator.py for tasks to queue
[2024-02-24T09:44:57.920+0000] {logging_mixin.py:188} INFO - [2024-02-24T09:44:57.920+0000] {dagbag.py:538} INFO - Filling up the DagBag from /home/airflow/.local/lib/python3.8/site-packages/airflow/example_dags/example_subdag_operator.py
[2024-02-24T09:44:57.942+0000] {processor.py:840} INFO - DAG(s) 'example_subdag_operator.section-1', 'example_subdag_operator.section-2', 'example_subdag_operator' retrieved from /home/airflow/.local/lib/python3.8/site-packages/airflow/example_dags/example_subdag_operator.py
[2024-02-24T09:44:57.958+0000] {logging_mixin.py:188} INFO - [2024-02-24T09:44:57.958+0000] {dag.py:3033} INFO - Sync 3 DAGs
[2024-02-24T09:44:57.976+0000] {logging_mixin.py:188} INFO - [2024-02-24T09:44:57.976+0000] {dag.py:3820} INFO - Setting next_dagrun for example_subdag_operator to 2022-01-01T00:00:00+00:00, run_after=2022-01-01T00:00:00+00:00
[2024-02-24T09:44:57.980+0000] {logging_mixin.py:188} INFO - [2024-02-24T09:44:57.979+0000] {dag.py:3820} INFO - Setting next_dagrun for example_subdag_operator.section-1 to None, run_after=None
[2024-02-24T09:44:57.981+0000] {logging_mixin.py:188} INFO - [2024-02-24T09:44:57.981+0000] {dag.py:3820} INFO - Setting next_dagrun for example_subdag_operator.section-2 to None, run_after=None
[2024-02-24T09:44:57.987+0000] {logging_mixin.py:188} INFO - [2024-02-24T09:44:57.987+0000] {dag.py:3033} INFO - Sync 2 DAGs
[2024-02-24T09:44:57.992+0000] {logging_mixin.py:188} INFO - [2024-02-24T09:44:57.992+0000] {dag.py:3820} INFO - Setting next_dagrun for example_subdag_operator.section-1 to None, run_after=None
[2024-02-24T09:44:57.993+0000] {logging_mixin.py:188} INFO - [2024-02-24T09:44:57.992+0000] {dag.py:3820} INFO - Setting next_dagrun for example_subdag_operator.section-2 to None, run_after=None
[2024-02-24T09:44:58.003+0000] {processor.py:183} INFO - Processing /home/airflow/.local/lib/python3.8/site-packages/airflow/example_dags/example_subdag_operator.py took 0.089 seconds
[2024-02-24T09:45:28.680+0000] {processor.py:161} INFO - Started process (PID=9624) to work on /home/airflow/.local/lib/python3.8/site-packages/airflow/example_dags/example_subdag_operator.py
[2024-02-24T09:45:28.681+0000] {processor.py:830} INFO - Processing file /home/airflow/.local/lib/python3.8/site-packages/airflow/example_dags/example_subdag_operator.py for tasks to queue
[2024-02-24T09:45:28.683+0000] {logging_mixin.py:188} INFO - [2024-02-24T09:45:28.683+0000] {dagbag.py:538} INFO - Filling up the DagBag from /home/airflow/.local/lib/python3.8/site-packages/airflow/example_dags/example_subdag_operator.py
[2024-02-24T09:45:28.704+0000] {processor.py:840} INFO - DAG(s) 'example_subdag_operator.section-1', 'example_subdag_operator.section-2', 'example_subdag_operator' retrieved from /home/airflow/.local/lib/python3.8/site-packages/airflow/example_dags/example_subdag_operator.py
[2024-02-24T09:45:28.720+0000] {logging_mixin.py:188} INFO - [2024-02-24T09:45:28.720+0000] {dag.py:3033} INFO - Sync 3 DAGs
[2024-02-24T09:45:28.740+0000] {logging_mixin.py:188} INFO - [2024-02-24T09:45:28.740+0000] {dag.py:3820} INFO - Setting next_dagrun for example_subdag_operator to 2022-01-01T00:00:00+00:00, run_after=2022-01-01T00:00:00+00:00
[2024-02-24T09:45:28.744+0000] {logging_mixin.py:188} INFO - [2024-02-24T09:45:28.744+0000] {dag.py:3820} INFO - Setting next_dagrun for example_subdag_operator.section-1 to None, run_after=None
[2024-02-24T09:45:28.746+0000] {logging_mixin.py:188} INFO - [2024-02-24T09:45:28.746+0000] {dag.py:3820} INFO - Setting next_dagrun for example_subdag_operator.section-2 to None, run_after=None
[2024-02-24T09:45:28.754+0000] {logging_mixin.py:188} INFO - [2024-02-24T09:45:28.753+0000] {dag.py:3033} INFO - Sync 2 DAGs
[2024-02-24T09:45:28.760+0000] {logging_mixin.py:188} INFO - [2024-02-24T09:45:28.759+0000] {dag.py:3820} INFO - Setting next_dagrun for example_subdag_operator.section-1 to None, run_after=None
[2024-02-24T09:45:28.760+0000] {logging_mixin.py:188} INFO - [2024-02-24T09:45:28.760+0000] {dag.py:3820} INFO - Setting next_dagrun for example_subdag_operator.section-2 to None, run_after=None
[2024-02-24T09:45:28.773+0000] {processor.py:183} INFO - Processing /home/airflow/.local/lib/python3.8/site-packages/airflow/example_dags/example_subdag_operator.py took 0.097 seconds
[2024-02-24T09:45:59.589+0000] {processor.py:161} INFO - Started process (PID=9681) to work on /home/airflow/.local/lib/python3.8/site-packages/airflow/example_dags/example_subdag_operator.py
[2024-02-24T09:45:59.590+0000] {processor.py:830} INFO - Processing file /home/airflow/.local/lib/python3.8/site-packages/airflow/example_dags/example_subdag_operator.py for tasks to queue
[2024-02-24T09:45:59.593+0000] {logging_mixin.py:188} INFO - [2024-02-24T09:45:59.593+0000] {dagbag.py:538} INFO - Filling up the DagBag from /home/airflow/.local/lib/python3.8/site-packages/airflow/example_dags/example_subdag_operator.py
[2024-02-24T09:45:59.615+0000] {processor.py:840} INFO - DAG(s) 'example_subdag_operator.section-1', 'example_subdag_operator.section-2', 'example_subdag_operator' retrieved from /home/airflow/.local/lib/python3.8/site-packages/airflow/example_dags/example_subdag_operator.py
[2024-02-24T09:45:59.631+0000] {logging_mixin.py:188} INFO - [2024-02-24T09:45:59.630+0000] {dag.py:3033} INFO - Sync 3 DAGs
[2024-02-24T09:45:59.653+0000] {logging_mixin.py:188} INFO - [2024-02-24T09:45:59.652+0000] {dag.py:3820} INFO - Setting next_dagrun for example_subdag_operator to 2022-01-01T00:00:00+00:00, run_after=2022-01-01T00:00:00+00:00
[2024-02-24T09:45:59.656+0000] {logging_mixin.py:188} INFO - [2024-02-24T09:45:59.656+0000] {dag.py:3820} INFO - Setting next_dagrun for example_subdag_operator.section-1 to None, run_after=None
[2024-02-24T09:45:59.658+0000] {logging_mixin.py:188} INFO - [2024-02-24T09:45:59.657+0000] {dag.py:3820} INFO - Setting next_dagrun for example_subdag_operator.section-2 to None, run_after=None
[2024-02-24T09:45:59.665+0000] {logging_mixin.py:188} INFO - [2024-02-24T09:45:59.665+0000] {dag.py:3033} INFO - Sync 2 DAGs
[2024-02-24T09:45:59.671+0000] {logging_mixin.py:188} INFO - [2024-02-24T09:45:59.670+0000] {dag.py:3820} INFO - Setting next_dagrun for example_subdag_operator.section-1 to None, run_after=None
[2024-02-24T09:45:59.671+0000] {logging_mixin.py:188} INFO - [2024-02-24T09:45:59.671+0000] {dag.py:3820} INFO - Setting next_dagrun for example_subdag_operator.section-2 to None, run_after=None
[2024-02-24T09:45:59.684+0000] {processor.py:183} INFO - Processing /home/airflow/.local/lib/python3.8/site-packages/airflow/example_dags/example_subdag_operator.py took 0.098 seconds
[2024-02-24T09:46:30.403+0000] {processor.py:161} INFO - Started process (PID=9738) to work on /home/airflow/.local/lib/python3.8/site-packages/airflow/example_dags/example_subdag_operator.py
[2024-02-24T09:46:30.404+0000] {processor.py:830} INFO - Processing file /home/airflow/.local/lib/python3.8/site-packages/airflow/example_dags/example_subdag_operator.py for tasks to queue
[2024-02-24T09:46:30.406+0000] {logging_mixin.py:188} INFO - [2024-02-24T09:46:30.406+0000] {dagbag.py:538} INFO - Filling up the DagBag from /home/airflow/.local/lib/python3.8/site-packages/airflow/example_dags/example_subdag_operator.py
[2024-02-24T09:46:30.430+0000] {processor.py:840} INFO - DAG(s) 'example_subdag_operator.section-1', 'example_subdag_operator.section-2', 'example_subdag_operator' retrieved from /home/airflow/.local/lib/python3.8/site-packages/airflow/example_dags/example_subdag_operator.py
[2024-02-24T09:46:30.445+0000] {logging_mixin.py:188} INFO - [2024-02-24T09:46:30.444+0000] {dag.py:3033} INFO - Sync 3 DAGs
[2024-02-24T09:46:30.464+0000] {logging_mixin.py:188} INFO - [2024-02-24T09:46:30.463+0000] {dag.py:3820} INFO - Setting next_dagrun for example_subdag_operator to 2022-01-01T00:00:00+00:00, run_after=2022-01-01T00:00:00+00:00
[2024-02-24T09:46:30.467+0000] {logging_mixin.py:188} INFO - [2024-02-24T09:46:30.467+0000] {dag.py:3820} INFO - Setting next_dagrun for example_subdag_operator.section-1 to None, run_after=None
[2024-02-24T09:46:30.468+0000] {logging_mixin.py:188} INFO - [2024-02-24T09:46:30.468+0000] {dag.py:3820} INFO - Setting next_dagrun for example_subdag_operator.section-2 to None, run_after=None
[2024-02-24T09:46:30.474+0000] {logging_mixin.py:188} INFO - [2024-02-24T09:46:30.474+0000] {dag.py:3033} INFO - Sync 2 DAGs
[2024-02-24T09:46:30.479+0000] {logging_mixin.py:188} INFO - [2024-02-24T09:46:30.479+0000] {dag.py:3820} INFO - Setting next_dagrun for example_subdag_operator.section-1 to None, run_after=None
[2024-02-24T09:46:30.480+0000] {logging_mixin.py:188} INFO - [2024-02-24T09:46:30.480+0000] {dag.py:3820} INFO - Setting next_dagrun for example_subdag_operator.section-2 to None, run_after=None
[2024-02-24T09:46:30.489+0000] {processor.py:183} INFO - Processing /home/airflow/.local/lib/python3.8/site-packages/airflow/example_dags/example_subdag_operator.py took 0.089 seconds
[2024-02-24T09:47:01.222+0000] {processor.py:161} INFO - Started process (PID=9795) to work on /home/airflow/.local/lib/python3.8/site-packages/airflow/example_dags/example_subdag_operator.py
[2024-02-24T09:47:01.223+0000] {processor.py:830} INFO - Processing file /home/airflow/.local/lib/python3.8/site-packages/airflow/example_dags/example_subdag_operator.py for tasks to queue
[2024-02-24T09:47:01.225+0000] {logging_mixin.py:188} INFO - [2024-02-24T09:47:01.225+0000] {dagbag.py:538} INFO - Filling up the DagBag from /home/airflow/.local/lib/python3.8/site-packages/airflow/example_dags/example_subdag_operator.py
[2024-02-24T09:47:01.245+0000] {processor.py:840} INFO - DAG(s) 'example_subdag_operator.section-1', 'example_subdag_operator.section-2', 'example_subdag_operator' retrieved from /home/airflow/.local/lib/python3.8/site-packages/airflow/example_dags/example_subdag_operator.py
[2024-02-24T09:47:01.261+0000] {logging_mixin.py:188} INFO - [2024-02-24T09:47:01.261+0000] {dag.py:3033} INFO - Sync 3 DAGs
[2024-02-24T09:47:01.280+0000] {logging_mixin.py:188} INFO - [2024-02-24T09:47:01.280+0000] {dag.py:3820} INFO - Setting next_dagrun for example_subdag_operator to 2022-01-01T00:00:00+00:00, run_after=2022-01-01T00:00:00+00:00
[2024-02-24T09:47:01.283+0000] {logging_mixin.py:188} INFO - [2024-02-24T09:47:01.283+0000] {dag.py:3820} INFO - Setting next_dagrun for example_subdag_operator.section-1 to None, run_after=None
[2024-02-24T09:47:01.284+0000] {logging_mixin.py:188} INFO - [2024-02-24T09:47:01.284+0000] {dag.py:3820} INFO - Setting next_dagrun for example_subdag_operator.section-2 to None, run_after=None
[2024-02-24T09:47:01.290+0000] {logging_mixin.py:188} INFO - [2024-02-24T09:47:01.290+0000] {dag.py:3033} INFO - Sync 2 DAGs
[2024-02-24T09:47:01.295+0000] {logging_mixin.py:188} INFO - [2024-02-24T09:47:01.295+0000] {dag.py:3820} INFO - Setting next_dagrun for example_subdag_operator.section-1 to None, run_after=None
[2024-02-24T09:47:01.296+0000] {logging_mixin.py:188} INFO - [2024-02-24T09:47:01.296+0000] {dag.py:3820} INFO - Setting next_dagrun for example_subdag_operator.section-2 to None, run_after=None
[2024-02-24T09:47:01.305+0000] {processor.py:183} INFO - Processing /home/airflow/.local/lib/python3.8/site-packages/airflow/example_dags/example_subdag_operator.py took 0.087 seconds
[2024-02-24T09:47:32.004+0000] {processor.py:161} INFO - Started process (PID=9852) to work on /home/airflow/.local/lib/python3.8/site-packages/airflow/example_dags/example_subdag_operator.py
[2024-02-24T09:47:32.005+0000] {processor.py:830} INFO - Processing file /home/airflow/.local/lib/python3.8/site-packages/airflow/example_dags/example_subdag_operator.py for tasks to queue
[2024-02-24T09:47:32.007+0000] {logging_mixin.py:188} INFO - [2024-02-24T09:47:32.007+0000] {dagbag.py:538} INFO - Filling up the DagBag from /home/airflow/.local/lib/python3.8/site-packages/airflow/example_dags/example_subdag_operator.py
[2024-02-24T09:47:32.028+0000] {processor.py:840} INFO - DAG(s) 'example_subdag_operator.section-1', 'example_subdag_operator.section-2', 'example_subdag_operator' retrieved from /home/airflow/.local/lib/python3.8/site-packages/airflow/example_dags/example_subdag_operator.py
[2024-02-24T09:47:32.044+0000] {logging_mixin.py:188} INFO - [2024-02-24T09:47:32.044+0000] {dag.py:3033} INFO - Sync 3 DAGs
[2024-02-24T09:47:32.063+0000] {logging_mixin.py:188} INFO - [2024-02-24T09:47:32.063+0000] {dag.py:3820} INFO - Setting next_dagrun for example_subdag_operator to 2022-01-01T00:00:00+00:00, run_after=2022-01-01T00:00:00+00:00
[2024-02-24T09:47:32.067+0000] {logging_mixin.py:188} INFO - [2024-02-24T09:47:32.066+0000] {dag.py:3820} INFO - Setting next_dagrun for example_subdag_operator.section-1 to None, run_after=None
[2024-02-24T09:47:32.068+0000] {logging_mixin.py:188} INFO - [2024-02-24T09:47:32.068+0000] {dag.py:3820} INFO - Setting next_dagrun for example_subdag_operator.section-2 to None, run_after=None
[2024-02-24T09:47:32.076+0000] {logging_mixin.py:188} INFO - [2024-02-24T09:47:32.076+0000] {dag.py:3033} INFO - Sync 2 DAGs
[2024-02-24T09:47:32.083+0000] {logging_mixin.py:188} INFO - [2024-02-24T09:47:32.082+0000] {dag.py:3820} INFO - Setting next_dagrun for example_subdag_operator.section-1 to None, run_after=None
[2024-02-24T09:47:32.083+0000] {logging_mixin.py:188} INFO - [2024-02-24T09:47:32.083+0000] {dag.py:3820} INFO - Setting next_dagrun for example_subdag_operator.section-2 to None, run_after=None
[2024-02-24T09:47:32.095+0000] {processor.py:183} INFO - Processing /home/airflow/.local/lib/python3.8/site-packages/airflow/example_dags/example_subdag_operator.py took 0.094 seconds
[2024-02-24T09:48:02.950+0000] {processor.py:161} INFO - Started process (PID=9909) to work on /home/airflow/.local/lib/python3.8/site-packages/airflow/example_dags/example_subdag_operator.py
[2024-02-24T09:48:02.951+0000] {processor.py:830} INFO - Processing file /home/airflow/.local/lib/python3.8/site-packages/airflow/example_dags/example_subdag_operator.py for tasks to queue
[2024-02-24T09:48:02.953+0000] {logging_mixin.py:188} INFO - [2024-02-24T09:48:02.953+0000] {dagbag.py:538} INFO - Filling up the DagBag from /home/airflow/.local/lib/python3.8/site-packages/airflow/example_dags/example_subdag_operator.py
[2024-02-24T09:48:02.974+0000] {processor.py:840} INFO - DAG(s) 'example_subdag_operator.section-1', 'example_subdag_operator.section-2', 'example_subdag_operator' retrieved from /home/airflow/.local/lib/python3.8/site-packages/airflow/example_dags/example_subdag_operator.py
[2024-02-24T09:48:02.990+0000] {logging_mixin.py:188} INFO - [2024-02-24T09:48:02.990+0000] {dag.py:3033} INFO - Sync 3 DAGs
[2024-02-24T09:48:03.010+0000] {logging_mixin.py:188} INFO - [2024-02-24T09:48:03.009+0000] {dag.py:3820} INFO - Setting next_dagrun for example_subdag_operator to 2022-01-01T00:00:00+00:00, run_after=2022-01-01T00:00:00+00:00
[2024-02-24T09:48:03.014+0000] {logging_mixin.py:188} INFO - [2024-02-24T09:48:03.013+0000] {dag.py:3820} INFO - Setting next_dagrun for example_subdag_operator.section-1 to None, run_after=None
[2024-02-24T09:48:03.015+0000] {logging_mixin.py:188} INFO - [2024-02-24T09:48:03.015+0000] {dag.py:3820} INFO - Setting next_dagrun for example_subdag_operator.section-2 to None, run_after=None
[2024-02-24T09:48:03.023+0000] {logging_mixin.py:188} INFO - [2024-02-24T09:48:03.023+0000] {dag.py:3033} INFO - Sync 2 DAGs
[2024-02-24T09:48:03.029+0000] {logging_mixin.py:188} INFO - [2024-02-24T09:48:03.029+0000] {dag.py:3820} INFO - Setting next_dagrun for example_subdag_operator.section-1 to None, run_after=None
[2024-02-24T09:48:03.030+0000] {logging_mixin.py:188} INFO - [2024-02-24T09:48:03.030+0000] {dag.py:3820} INFO - Setting next_dagrun for example_subdag_operator.section-2 to None, run_after=None
[2024-02-24T09:48:03.043+0000] {processor.py:183} INFO - Processing /home/airflow/.local/lib/python3.8/site-packages/airflow/example_dags/example_subdag_operator.py took 0.096 seconds
[2024-02-24T09:48:33.115+0000] {processor.py:161} INFO - Started process (PID=9965) to work on /home/airflow/.local/lib/python3.8/site-packages/airflow/example_dags/example_subdag_operator.py
[2024-02-24T09:48:33.116+0000] {processor.py:830} INFO - Processing file /home/airflow/.local/lib/python3.8/site-packages/airflow/example_dags/example_subdag_operator.py for tasks to queue
[2024-02-24T09:48:33.119+0000] {logging_mixin.py:188} INFO - [2024-02-24T09:48:33.118+0000] {dagbag.py:538} INFO - Filling up the DagBag from /home/airflow/.local/lib/python3.8/site-packages/airflow/example_dags/example_subdag_operator.py
[2024-02-24T09:48:33.148+0000] {processor.py:840} INFO - DAG(s) 'example_subdag_operator.section-1', 'example_subdag_operator.section-2', 'example_subdag_operator' retrieved from /home/airflow/.local/lib/python3.8/site-packages/airflow/example_dags/example_subdag_operator.py
[2024-02-24T09:48:33.168+0000] {logging_mixin.py:188} INFO - [2024-02-24T09:48:33.167+0000] {dag.py:3033} INFO - Sync 3 DAGs
[2024-02-24T09:48:33.193+0000] {logging_mixin.py:188} INFO - [2024-02-24T09:48:33.192+0000] {dag.py:3820} INFO - Setting next_dagrun for example_subdag_operator to 2022-01-01T00:00:00+00:00, run_after=2022-01-01T00:00:00+00:00
[2024-02-24T09:48:33.197+0000] {logging_mixin.py:188} INFO - [2024-02-24T09:48:33.197+0000] {dag.py:3820} INFO - Setting next_dagrun for example_subdag_operator.section-1 to None, run_after=None
[2024-02-24T09:48:33.199+0000] {logging_mixin.py:188} INFO - [2024-02-24T09:48:33.199+0000] {dag.py:3820} INFO - Setting next_dagrun for example_subdag_operator.section-2 to None, run_after=None
[2024-02-24T09:48:33.208+0000] {logging_mixin.py:188} INFO - [2024-02-24T09:48:33.208+0000] {dag.py:3033} INFO - Sync 2 DAGs
[2024-02-24T09:48:33.214+0000] {logging_mixin.py:188} INFO - [2024-02-24T09:48:33.214+0000] {dag.py:3820} INFO - Setting next_dagrun for example_subdag_operator.section-1 to None, run_after=None
[2024-02-24T09:48:33.215+0000] {logging_mixin.py:188} INFO - [2024-02-24T09:48:33.215+0000] {dag.py:3820} INFO - Setting next_dagrun for example_subdag_operator.section-2 to None, run_after=None
[2024-02-24T09:48:33.228+0000] {processor.py:183} INFO - Processing /home/airflow/.local/lib/python3.8/site-packages/airflow/example_dags/example_subdag_operator.py took 0.118 seconds
[2024-02-24T09:49:03.671+0000] {processor.py:161} INFO - Started process (PID=10022) to work on /home/airflow/.local/lib/python3.8/site-packages/airflow/example_dags/example_subdag_operator.py
[2024-02-24T09:49:03.672+0000] {processor.py:830} INFO - Processing file /home/airflow/.local/lib/python3.8/site-packages/airflow/example_dags/example_subdag_operator.py for tasks to queue
[2024-02-24T09:49:03.674+0000] {logging_mixin.py:188} INFO - [2024-02-24T09:49:03.674+0000] {dagbag.py:538} INFO - Filling up the DagBag from /home/airflow/.local/lib/python3.8/site-packages/airflow/example_dags/example_subdag_operator.py
[2024-02-24T09:49:03.697+0000] {processor.py:840} INFO - DAG(s) 'example_subdag_operator.section-1', 'example_subdag_operator.section-2', 'example_subdag_operator' retrieved from /home/airflow/.local/lib/python3.8/site-packages/airflow/example_dags/example_subdag_operator.py
[2024-02-24T09:49:03.715+0000] {logging_mixin.py:188} INFO - [2024-02-24T09:49:03.715+0000] {dag.py:3033} INFO - Sync 3 DAGs
[2024-02-24T09:49:03.742+0000] {logging_mixin.py:188} INFO - [2024-02-24T09:49:03.741+0000] {dag.py:3820} INFO - Setting next_dagrun for example_subdag_operator to 2022-01-01T00:00:00+00:00, run_after=2022-01-01T00:00:00+00:00
[2024-02-24T09:49:03.746+0000] {logging_mixin.py:188} INFO - [2024-02-24T09:49:03.746+0000] {dag.py:3820} INFO - Setting next_dagrun for example_subdag_operator.section-1 to None, run_after=None
[2024-02-24T09:49:03.748+0000] {logging_mixin.py:188} INFO - [2024-02-24T09:49:03.747+0000] {dag.py:3820} INFO - Setting next_dagrun for example_subdag_operator.section-2 to None, run_after=None
[2024-02-24T09:49:03.754+0000] {logging_mixin.py:188} INFO - [2024-02-24T09:49:03.754+0000] {dag.py:3033} INFO - Sync 2 DAGs
[2024-02-24T09:49:03.761+0000] {logging_mixin.py:188} INFO - [2024-02-24T09:49:03.761+0000] {dag.py:3820} INFO - Setting next_dagrun for example_subdag_operator.section-1 to None, run_after=None
[2024-02-24T09:49:03.761+0000] {logging_mixin.py:188} INFO - [2024-02-24T09:49:03.761+0000] {dag.py:3820} INFO - Setting next_dagrun for example_subdag_operator.section-2 to None, run_after=None
[2024-02-24T09:49:03.772+0000] {processor.py:183} INFO - Processing /home/airflow/.local/lib/python3.8/site-packages/airflow/example_dags/example_subdag_operator.py took 0.104 seconds
