[2024-02-24T09:35:41.948+0000] {processor.py:161} INFO - Started process (PID=8509) to work on /home/airflow/.local/lib/python3.8/site-packages/airflow/example_dags/tutorial_objectstorage.py
[2024-02-24T09:35:41.949+0000] {processor.py:830} INFO - Processing file /home/airflow/.local/lib/python3.8/site-packages/airflow/example_dags/tutorial_objectstorage.py for tasks to queue
[2024-02-24T09:35:41.955+0000] {logging_mixin.py:188} INFO - [2024-02-24T09:35:41.955+0000] {dagbag.py:538} INFO - Filling up the DagBag from /home/airflow/.local/lib/python3.8/site-packages/airflow/example_dags/tutorial_objectstorage.py
[2024-02-24T09:35:41.970+0000] {processor.py:840} INFO - DAG(s) 'tutorial_objectstorage' retrieved from /home/airflow/.local/lib/python3.8/site-packages/airflow/example_dags/tutorial_objectstorage.py
[2024-02-24T09:35:42.013+0000] {logging_mixin.py:188} INFO - [2024-02-24T09:35:42.012+0000] {dag.py:3033} INFO - Sync 1 DAGs
[2024-02-24T09:35:42.051+0000] {logging_mixin.py:188} INFO - [2024-02-24T09:35:42.051+0000] {dag.py:3820} INFO - Setting next_dagrun for tutorial_objectstorage to None, run_after=None
[2024-02-24T09:35:42.142+0000] {processor.py:183} INFO - Processing /home/airflow/.local/lib/python3.8/site-packages/airflow/example_dags/tutorial_objectstorage.py took 0.201 seconds
[2024-02-24T09:36:13.028+0000] {processor.py:161} INFO - Started process (PID=8566) to work on /home/airflow/.local/lib/python3.8/site-packages/airflow/example_dags/tutorial_objectstorage.py
[2024-02-24T09:36:13.028+0000] {processor.py:830} INFO - Processing file /home/airflow/.local/lib/python3.8/site-packages/airflow/example_dags/tutorial_objectstorage.py for tasks to queue
[2024-02-24T09:36:13.031+0000] {logging_mixin.py:188} INFO - [2024-02-24T09:36:13.030+0000] {dagbag.py:538} INFO - Filling up the DagBag from /home/airflow/.local/lib/python3.8/site-packages/airflow/example_dags/tutorial_objectstorage.py
[2024-02-24T09:36:13.037+0000] {processor.py:840} INFO - DAG(s) 'tutorial_objectstorage' retrieved from /home/airflow/.local/lib/python3.8/site-packages/airflow/example_dags/tutorial_objectstorage.py
[2024-02-24T09:36:13.055+0000] {logging_mixin.py:188} INFO - [2024-02-24T09:36:13.054+0000] {dag.py:3033} INFO - Sync 1 DAGs
[2024-02-24T09:36:13.067+0000] {logging_mixin.py:188} INFO - [2024-02-24T09:36:13.066+0000] {dag.py:3820} INFO - Setting next_dagrun for tutorial_objectstorage to None, run_after=None
[2024-02-24T09:36:13.095+0000] {processor.py:183} INFO - Processing /home/airflow/.local/lib/python3.8/site-packages/airflow/example_dags/tutorial_objectstorage.py took 0.070 seconds
[2024-02-24T09:36:43.389+0000] {processor.py:161} INFO - Started process (PID=8623) to work on /home/airflow/.local/lib/python3.8/site-packages/airflow/example_dags/tutorial_objectstorage.py
[2024-02-24T09:36:43.390+0000] {processor.py:830} INFO - Processing file /home/airflow/.local/lib/python3.8/site-packages/airflow/example_dags/tutorial_objectstorage.py for tasks to queue
[2024-02-24T09:36:43.393+0000] {logging_mixin.py:188} INFO - [2024-02-24T09:36:43.393+0000] {dagbag.py:538} INFO - Filling up the DagBag from /home/airflow/.local/lib/python3.8/site-packages/airflow/example_dags/tutorial_objectstorage.py
[2024-02-24T09:36:43.404+0000] {processor.py:840} INFO - DAG(s) 'tutorial_objectstorage' retrieved from /home/airflow/.local/lib/python3.8/site-packages/airflow/example_dags/tutorial_objectstorage.py
[2024-02-24T09:36:43.429+0000] {logging_mixin.py:188} INFO - [2024-02-24T09:36:43.429+0000] {dag.py:3033} INFO - Sync 1 DAGs
[2024-02-24T09:36:43.445+0000] {logging_mixin.py:188} INFO - [2024-02-24T09:36:43.445+0000] {dag.py:3820} INFO - Setting next_dagrun for tutorial_objectstorage to None, run_after=None
[2024-02-24T09:36:43.466+0000] {processor.py:183} INFO - Processing /home/airflow/.local/lib/python3.8/site-packages/airflow/example_dags/tutorial_objectstorage.py took 0.081 seconds
[2024-02-24T09:37:13.780+0000] {processor.py:161} INFO - Started process (PID=8680) to work on /home/airflow/.local/lib/python3.8/site-packages/airflow/example_dags/tutorial_objectstorage.py
[2024-02-24T09:37:13.781+0000] {processor.py:830} INFO - Processing file /home/airflow/.local/lib/python3.8/site-packages/airflow/example_dags/tutorial_objectstorage.py for tasks to queue
[2024-02-24T09:37:13.784+0000] {logging_mixin.py:188} INFO - [2024-02-24T09:37:13.783+0000] {dagbag.py:538} INFO - Filling up the DagBag from /home/airflow/.local/lib/python3.8/site-packages/airflow/example_dags/tutorial_objectstorage.py
[2024-02-24T09:37:13.790+0000] {processor.py:840} INFO - DAG(s) 'tutorial_objectstorage' retrieved from /home/airflow/.local/lib/python3.8/site-packages/airflow/example_dags/tutorial_objectstorage.py
[2024-02-24T09:37:13.812+0000] {logging_mixin.py:188} INFO - [2024-02-24T09:37:13.811+0000] {dag.py:3033} INFO - Sync 1 DAGs
[2024-02-24T09:37:13.826+0000] {logging_mixin.py:188} INFO - [2024-02-24T09:37:13.825+0000] {dag.py:3820} INFO - Setting next_dagrun for tutorial_objectstorage to None, run_after=None
[2024-02-24T09:37:13.847+0000] {processor.py:183} INFO - Processing /home/airflow/.local/lib/python3.8/site-packages/airflow/example_dags/tutorial_objectstorage.py took 0.070 seconds
[2024-02-24T09:37:44.001+0000] {processor.py:161} INFO - Started process (PID=8737) to work on /home/airflow/.local/lib/python3.8/site-packages/airflow/example_dags/tutorial_objectstorage.py
[2024-02-24T09:37:44.002+0000] {processor.py:830} INFO - Processing file /home/airflow/.local/lib/python3.8/site-packages/airflow/example_dags/tutorial_objectstorage.py for tasks to queue
[2024-02-24T09:37:44.006+0000] {logging_mixin.py:188} INFO - [2024-02-24T09:37:44.005+0000] {dagbag.py:538} INFO - Filling up the DagBag from /home/airflow/.local/lib/python3.8/site-packages/airflow/example_dags/tutorial_objectstorage.py
[2024-02-24T09:37:44.018+0000] {processor.py:840} INFO - DAG(s) 'tutorial_objectstorage' retrieved from /home/airflow/.local/lib/python3.8/site-packages/airflow/example_dags/tutorial_objectstorage.py
[2024-02-24T09:37:44.044+0000] {logging_mixin.py:188} INFO - [2024-02-24T09:37:44.044+0000] {dag.py:3033} INFO - Sync 1 DAGs
[2024-02-24T09:37:44.061+0000] {logging_mixin.py:188} INFO - [2024-02-24T09:37:44.061+0000] {dag.py:3820} INFO - Setting next_dagrun for tutorial_objectstorage to None, run_after=None
[2024-02-24T09:37:44.089+0000] {processor.py:183} INFO - Processing /home/airflow/.local/lib/python3.8/site-packages/airflow/example_dags/tutorial_objectstorage.py took 0.093 seconds
[2024-02-24T09:38:14.380+0000] {processor.py:161} INFO - Started process (PID=8794) to work on /home/airflow/.local/lib/python3.8/site-packages/airflow/example_dags/tutorial_objectstorage.py
[2024-02-24T09:38:14.381+0000] {processor.py:830} INFO - Processing file /home/airflow/.local/lib/python3.8/site-packages/airflow/example_dags/tutorial_objectstorage.py for tasks to queue
[2024-02-24T09:38:14.385+0000] {logging_mixin.py:188} INFO - [2024-02-24T09:38:14.384+0000] {dagbag.py:538} INFO - Filling up the DagBag from /home/airflow/.local/lib/python3.8/site-packages/airflow/example_dags/tutorial_objectstorage.py
[2024-02-24T09:38:14.394+0000] {processor.py:840} INFO - DAG(s) 'tutorial_objectstorage' retrieved from /home/airflow/.local/lib/python3.8/site-packages/airflow/example_dags/tutorial_objectstorage.py
[2024-02-24T09:38:14.419+0000] {logging_mixin.py:188} INFO - [2024-02-24T09:38:14.418+0000] {dag.py:3033} INFO - Sync 1 DAGs
[2024-02-24T09:38:14.440+0000] {logging_mixin.py:188} INFO - [2024-02-24T09:38:14.439+0000] {dag.py:3820} INFO - Setting next_dagrun for tutorial_objectstorage to None, run_after=None
[2024-02-24T09:38:14.475+0000] {processor.py:183} INFO - Processing /home/airflow/.local/lib/python3.8/site-packages/airflow/example_dags/tutorial_objectstorage.py took 0.099 seconds
[2024-02-24T09:38:45.174+0000] {processor.py:161} INFO - Started process (PID=8851) to work on /home/airflow/.local/lib/python3.8/site-packages/airflow/example_dags/tutorial_objectstorage.py
[2024-02-24T09:38:45.175+0000] {processor.py:830} INFO - Processing file /home/airflow/.local/lib/python3.8/site-packages/airflow/example_dags/tutorial_objectstorage.py for tasks to queue
[2024-02-24T09:38:45.178+0000] {logging_mixin.py:188} INFO - [2024-02-24T09:38:45.177+0000] {dagbag.py:538} INFO - Filling up the DagBag from /home/airflow/.local/lib/python3.8/site-packages/airflow/example_dags/tutorial_objectstorage.py
[2024-02-24T09:38:45.184+0000] {processor.py:840} INFO - DAG(s) 'tutorial_objectstorage' retrieved from /home/airflow/.local/lib/python3.8/site-packages/airflow/example_dags/tutorial_objectstorage.py
[2024-02-24T09:38:45.207+0000] {logging_mixin.py:188} INFO - [2024-02-24T09:38:45.206+0000] {dag.py:3033} INFO - Sync 1 DAGs
[2024-02-24T09:38:45.220+0000] {logging_mixin.py:188} INFO - [2024-02-24T09:38:45.220+0000] {dag.py:3820} INFO - Setting next_dagrun for tutorial_objectstorage to None, run_after=None
[2024-02-24T09:38:45.248+0000] {processor.py:183} INFO - Processing /home/airflow/.local/lib/python3.8/site-packages/airflow/example_dags/tutorial_objectstorage.py took 0.078 seconds
[2024-02-24T09:39:15.805+0000] {processor.py:161} INFO - Started process (PID=8908) to work on /home/airflow/.local/lib/python3.8/site-packages/airflow/example_dags/tutorial_objectstorage.py
[2024-02-24T09:39:15.806+0000] {processor.py:830} INFO - Processing file /home/airflow/.local/lib/python3.8/site-packages/airflow/example_dags/tutorial_objectstorage.py for tasks to queue
[2024-02-24T09:39:15.810+0000] {logging_mixin.py:188} INFO - [2024-02-24T09:39:15.809+0000] {dagbag.py:538} INFO - Filling up the DagBag from /home/airflow/.local/lib/python3.8/site-packages/airflow/example_dags/tutorial_objectstorage.py
[2024-02-24T09:39:15.817+0000] {processor.py:840} INFO - DAG(s) 'tutorial_objectstorage' retrieved from /home/airflow/.local/lib/python3.8/site-packages/airflow/example_dags/tutorial_objectstorage.py
[2024-02-24T09:39:15.837+0000] {logging_mixin.py:188} INFO - [2024-02-24T09:39:15.836+0000] {dag.py:3033} INFO - Sync 1 DAGs
[2024-02-24T09:39:15.850+0000] {logging_mixin.py:188} INFO - [2024-02-24T09:39:15.850+0000] {dag.py:3820} INFO - Setting next_dagrun for tutorial_objectstorage to None, run_after=None
[2024-02-24T09:39:15.870+0000] {processor.py:183} INFO - Processing /home/airflow/.local/lib/python3.8/site-packages/airflow/example_dags/tutorial_objectstorage.py took 0.068 seconds
[2024-02-24T09:39:46.670+0000] {processor.py:161} INFO - Started process (PID=8965) to work on /home/airflow/.local/lib/python3.8/site-packages/airflow/example_dags/tutorial_objectstorage.py
[2024-02-24T09:39:46.671+0000] {processor.py:830} INFO - Processing file /home/airflow/.local/lib/python3.8/site-packages/airflow/example_dags/tutorial_objectstorage.py for tasks to queue
[2024-02-24T09:39:46.674+0000] {logging_mixin.py:188} INFO - [2024-02-24T09:39:46.673+0000] {dagbag.py:538} INFO - Filling up the DagBag from /home/airflow/.local/lib/python3.8/site-packages/airflow/example_dags/tutorial_objectstorage.py
[2024-02-24T09:39:46.681+0000] {processor.py:840} INFO - DAG(s) 'tutorial_objectstorage' retrieved from /home/airflow/.local/lib/python3.8/site-packages/airflow/example_dags/tutorial_objectstorage.py
[2024-02-24T09:39:46.702+0000] {logging_mixin.py:188} INFO - [2024-02-24T09:39:46.701+0000] {dag.py:3033} INFO - Sync 1 DAGs
[2024-02-24T09:39:46.716+0000] {logging_mixin.py:188} INFO - [2024-02-24T09:39:46.716+0000] {dag.py:3820} INFO - Setting next_dagrun for tutorial_objectstorage to None, run_after=None
[2024-02-24T09:39:46.737+0000] {processor.py:183} INFO - Processing /home/airflow/.local/lib/python3.8/site-packages/airflow/example_dags/tutorial_objectstorage.py took 0.070 seconds
[2024-02-24T09:40:17.436+0000] {processor.py:161} INFO - Started process (PID=9022) to work on /home/airflow/.local/lib/python3.8/site-packages/airflow/example_dags/tutorial_objectstorage.py
[2024-02-24T09:40:17.437+0000] {processor.py:830} INFO - Processing file /home/airflow/.local/lib/python3.8/site-packages/airflow/example_dags/tutorial_objectstorage.py for tasks to queue
[2024-02-24T09:40:17.439+0000] {logging_mixin.py:188} INFO - [2024-02-24T09:40:17.439+0000] {dagbag.py:538} INFO - Filling up the DagBag from /home/airflow/.local/lib/python3.8/site-packages/airflow/example_dags/tutorial_objectstorage.py
[2024-02-24T09:40:17.446+0000] {processor.py:840} INFO - DAG(s) 'tutorial_objectstorage' retrieved from /home/airflow/.local/lib/python3.8/site-packages/airflow/example_dags/tutorial_objectstorage.py
[2024-02-24T09:40:17.465+0000] {logging_mixin.py:188} INFO - [2024-02-24T09:40:17.464+0000] {dag.py:3033} INFO - Sync 1 DAGs
[2024-02-24T09:40:17.478+0000] {logging_mixin.py:188} INFO - [2024-02-24T09:40:17.478+0000] {dag.py:3820} INFO - Setting next_dagrun for tutorial_objectstorage to None, run_after=None
[2024-02-24T09:40:17.498+0000] {processor.py:183} INFO - Processing /home/airflow/.local/lib/python3.8/site-packages/airflow/example_dags/tutorial_objectstorage.py took 0.064 seconds
[2024-02-24T09:40:48.048+0000] {processor.py:161} INFO - Started process (PID=9079) to work on /home/airflow/.local/lib/python3.8/site-packages/airflow/example_dags/tutorial_objectstorage.py
[2024-02-24T09:40:48.049+0000] {processor.py:830} INFO - Processing file /home/airflow/.local/lib/python3.8/site-packages/airflow/example_dags/tutorial_objectstorage.py for tasks to queue
[2024-02-24T09:40:48.064+0000] {logging_mixin.py:188} INFO - [2024-02-24T09:40:48.063+0000] {dagbag.py:538} INFO - Filling up the DagBag from /home/airflow/.local/lib/python3.8/site-packages/airflow/example_dags/tutorial_objectstorage.py
[2024-02-24T09:40:48.081+0000] {processor.py:840} INFO - DAG(s) 'tutorial_objectstorage' retrieved from /home/airflow/.local/lib/python3.8/site-packages/airflow/example_dags/tutorial_objectstorage.py
[2024-02-24T09:40:48.131+0000] {logging_mixin.py:188} INFO - [2024-02-24T09:40:48.130+0000] {dag.py:3033} INFO - Sync 1 DAGs
[2024-02-24T09:40:48.178+0000] {logging_mixin.py:188} INFO - [2024-02-24T09:40:48.178+0000] {dag.py:3820} INFO - Setting next_dagrun for tutorial_objectstorage to None, run_after=None
[2024-02-24T09:40:48.224+0000] {processor.py:183} INFO - Processing /home/airflow/.local/lib/python3.8/site-packages/airflow/example_dags/tutorial_objectstorage.py took 0.181 seconds
[2024-02-24T09:41:18.940+0000] {processor.py:161} INFO - Started process (PID=9136) to work on /home/airflow/.local/lib/python3.8/site-packages/airflow/example_dags/tutorial_objectstorage.py
[2024-02-24T09:41:18.941+0000] {processor.py:830} INFO - Processing file /home/airflow/.local/lib/python3.8/site-packages/airflow/example_dags/tutorial_objectstorage.py for tasks to queue
[2024-02-24T09:41:18.944+0000] {logging_mixin.py:188} INFO - [2024-02-24T09:41:18.943+0000] {dagbag.py:538} INFO - Filling up the DagBag from /home/airflow/.local/lib/python3.8/site-packages/airflow/example_dags/tutorial_objectstorage.py
[2024-02-24T09:41:18.952+0000] {processor.py:840} INFO - DAG(s) 'tutorial_objectstorage' retrieved from /home/airflow/.local/lib/python3.8/site-packages/airflow/example_dags/tutorial_objectstorage.py
[2024-02-24T09:41:18.977+0000] {logging_mixin.py:188} INFO - [2024-02-24T09:41:18.976+0000] {dag.py:3033} INFO - Sync 1 DAGs
[2024-02-24T09:41:18.997+0000] {logging_mixin.py:188} INFO - [2024-02-24T09:41:18.996+0000] {dag.py:3820} INFO - Setting next_dagrun for tutorial_objectstorage to None, run_after=None
[2024-02-24T09:41:19.017+0000] {processor.py:183} INFO - Processing /home/airflow/.local/lib/python3.8/site-packages/airflow/example_dags/tutorial_objectstorage.py took 0.080 seconds
[2024-02-24T09:41:49.230+0000] {processor.py:161} INFO - Started process (PID=9193) to work on /home/airflow/.local/lib/python3.8/site-packages/airflow/example_dags/tutorial_objectstorage.py
[2024-02-24T09:41:49.231+0000] {processor.py:830} INFO - Processing file /home/airflow/.local/lib/python3.8/site-packages/airflow/example_dags/tutorial_objectstorage.py for tasks to queue
[2024-02-24T09:41:49.234+0000] {logging_mixin.py:188} INFO - [2024-02-24T09:41:49.233+0000] {dagbag.py:538} INFO - Filling up the DagBag from /home/airflow/.local/lib/python3.8/site-packages/airflow/example_dags/tutorial_objectstorage.py
[2024-02-24T09:41:49.240+0000] {processor.py:840} INFO - DAG(s) 'tutorial_objectstorage' retrieved from /home/airflow/.local/lib/python3.8/site-packages/airflow/example_dags/tutorial_objectstorage.py
[2024-02-24T09:41:49.257+0000] {logging_mixin.py:188} INFO - [2024-02-24T09:41:49.257+0000] {dag.py:3033} INFO - Sync 1 DAGs
[2024-02-24T09:41:49.269+0000] {logging_mixin.py:188} INFO - [2024-02-24T09:41:49.268+0000] {dag.py:3820} INFO - Setting next_dagrun for tutorial_objectstorage to None, run_after=None
[2024-02-24T09:41:49.284+0000] {processor.py:183} INFO - Processing /home/airflow/.local/lib/python3.8/site-packages/airflow/example_dags/tutorial_objectstorage.py took 0.057 seconds
[2024-02-24T09:42:19.907+0000] {processor.py:161} INFO - Started process (PID=9250) to work on /home/airflow/.local/lib/python3.8/site-packages/airflow/example_dags/tutorial_objectstorage.py
[2024-02-24T09:42:19.907+0000] {processor.py:830} INFO - Processing file /home/airflow/.local/lib/python3.8/site-packages/airflow/example_dags/tutorial_objectstorage.py for tasks to queue
[2024-02-24T09:42:19.910+0000] {logging_mixin.py:188} INFO - [2024-02-24T09:42:19.910+0000] {dagbag.py:538} INFO - Filling up the DagBag from /home/airflow/.local/lib/python3.8/site-packages/airflow/example_dags/tutorial_objectstorage.py
[2024-02-24T09:42:19.916+0000] {processor.py:840} INFO - DAG(s) 'tutorial_objectstorage' retrieved from /home/airflow/.local/lib/python3.8/site-packages/airflow/example_dags/tutorial_objectstorage.py
[2024-02-24T09:42:19.935+0000] {logging_mixin.py:188} INFO - [2024-02-24T09:42:19.934+0000] {dag.py:3033} INFO - Sync 1 DAGs
[2024-02-24T09:42:19.947+0000] {logging_mixin.py:188} INFO - [2024-02-24T09:42:19.947+0000] {dag.py:3820} INFO - Setting next_dagrun for tutorial_objectstorage to None, run_after=None
[2024-02-24T09:42:19.964+0000] {processor.py:183} INFO - Processing /home/airflow/.local/lib/python3.8/site-packages/airflow/example_dags/tutorial_objectstorage.py took 0.060 seconds
[2024-02-24T09:42:50.593+0000] {processor.py:161} INFO - Started process (PID=9307) to work on /home/airflow/.local/lib/python3.8/site-packages/airflow/example_dags/tutorial_objectstorage.py
[2024-02-24T09:42:50.594+0000] {processor.py:830} INFO - Processing file /home/airflow/.local/lib/python3.8/site-packages/airflow/example_dags/tutorial_objectstorage.py for tasks to queue
[2024-02-24T09:42:50.596+0000] {logging_mixin.py:188} INFO - [2024-02-24T09:42:50.596+0000] {dagbag.py:538} INFO - Filling up the DagBag from /home/airflow/.local/lib/python3.8/site-packages/airflow/example_dags/tutorial_objectstorage.py
[2024-02-24T09:42:50.602+0000] {processor.py:840} INFO - DAG(s) 'tutorial_objectstorage' retrieved from /home/airflow/.local/lib/python3.8/site-packages/airflow/example_dags/tutorial_objectstorage.py
[2024-02-24T09:42:50.620+0000] {logging_mixin.py:188} INFO - [2024-02-24T09:42:50.619+0000] {dag.py:3033} INFO - Sync 1 DAGs
[2024-02-24T09:42:50.631+0000] {logging_mixin.py:188} INFO - [2024-02-24T09:42:50.631+0000] {dag.py:3820} INFO - Setting next_dagrun for tutorial_objectstorage to None, run_after=None
[2024-02-24T09:42:50.647+0000] {processor.py:183} INFO - Processing /home/airflow/.local/lib/python3.8/site-packages/airflow/example_dags/tutorial_objectstorage.py took 0.057 seconds
[2024-02-24T09:43:21.369+0000] {processor.py:161} INFO - Started process (PID=9364) to work on /home/airflow/.local/lib/python3.8/site-packages/airflow/example_dags/tutorial_objectstorage.py
[2024-02-24T09:43:21.370+0000] {processor.py:830} INFO - Processing file /home/airflow/.local/lib/python3.8/site-packages/airflow/example_dags/tutorial_objectstorage.py for tasks to queue
[2024-02-24T09:43:21.372+0000] {logging_mixin.py:188} INFO - [2024-02-24T09:43:21.372+0000] {dagbag.py:538} INFO - Filling up the DagBag from /home/airflow/.local/lib/python3.8/site-packages/airflow/example_dags/tutorial_objectstorage.py
[2024-02-24T09:43:21.378+0000] {processor.py:840} INFO - DAG(s) 'tutorial_objectstorage' retrieved from /home/airflow/.local/lib/python3.8/site-packages/airflow/example_dags/tutorial_objectstorage.py
[2024-02-24T09:43:21.395+0000] {logging_mixin.py:188} INFO - [2024-02-24T09:43:21.395+0000] {dag.py:3033} INFO - Sync 1 DAGs
[2024-02-24T09:43:21.407+0000] {logging_mixin.py:188} INFO - [2024-02-24T09:43:21.406+0000] {dag.py:3820} INFO - Setting next_dagrun for tutorial_objectstorage to None, run_after=None
[2024-02-24T09:43:21.424+0000] {processor.py:183} INFO - Processing /home/airflow/.local/lib/python3.8/site-packages/airflow/example_dags/tutorial_objectstorage.py took 0.058 seconds
[2024-02-24T09:43:52.054+0000] {processor.py:161} INFO - Started process (PID=9421) to work on /home/airflow/.local/lib/python3.8/site-packages/airflow/example_dags/tutorial_objectstorage.py
[2024-02-24T09:43:52.055+0000] {processor.py:830} INFO - Processing file /home/airflow/.local/lib/python3.8/site-packages/airflow/example_dags/tutorial_objectstorage.py for tasks to queue
[2024-02-24T09:43:52.058+0000] {logging_mixin.py:188} INFO - [2024-02-24T09:43:52.057+0000] {dagbag.py:538} INFO - Filling up the DagBag from /home/airflow/.local/lib/python3.8/site-packages/airflow/example_dags/tutorial_objectstorage.py
[2024-02-24T09:43:52.066+0000] {processor.py:840} INFO - DAG(s) 'tutorial_objectstorage' retrieved from /home/airflow/.local/lib/python3.8/site-packages/airflow/example_dags/tutorial_objectstorage.py
[2024-02-24T09:43:52.084+0000] {logging_mixin.py:188} INFO - [2024-02-24T09:43:52.083+0000] {dag.py:3033} INFO - Sync 1 DAGs
[2024-02-24T09:43:52.101+0000] {logging_mixin.py:188} INFO - [2024-02-24T09:43:52.101+0000] {dag.py:3820} INFO - Setting next_dagrun for tutorial_objectstorage to None, run_after=None
[2024-02-24T09:43:52.123+0000] {processor.py:183} INFO - Processing /home/airflow/.local/lib/python3.8/site-packages/airflow/example_dags/tutorial_objectstorage.py took 0.072 seconds
[2024-02-24T09:44:22.879+0000] {processor.py:161} INFO - Started process (PID=9484) to work on /home/airflow/.local/lib/python3.8/site-packages/airflow/example_dags/tutorial_objectstorage.py
[2024-02-24T09:44:22.880+0000] {processor.py:830} INFO - Processing file /home/airflow/.local/lib/python3.8/site-packages/airflow/example_dags/tutorial_objectstorage.py for tasks to queue
[2024-02-24T09:44:22.882+0000] {logging_mixin.py:188} INFO - [2024-02-24T09:44:22.882+0000] {dagbag.py:538} INFO - Filling up the DagBag from /home/airflow/.local/lib/python3.8/site-packages/airflow/example_dags/tutorial_objectstorage.py
[2024-02-24T09:44:22.888+0000] {processor.py:840} INFO - DAG(s) 'tutorial_objectstorage' retrieved from /home/airflow/.local/lib/python3.8/site-packages/airflow/example_dags/tutorial_objectstorage.py
[2024-02-24T09:44:22.905+0000] {logging_mixin.py:188} INFO - [2024-02-24T09:44:22.905+0000] {dag.py:3033} INFO - Sync 1 DAGs
[2024-02-24T09:44:22.916+0000] {logging_mixin.py:188} INFO - [2024-02-24T09:44:22.916+0000] {dag.py:3820} INFO - Setting next_dagrun for tutorial_objectstorage to None, run_after=None
[2024-02-24T09:44:22.931+0000] {processor.py:183} INFO - Processing /home/airflow/.local/lib/python3.8/site-packages/airflow/example_dags/tutorial_objectstorage.py took 0.055 seconds
[2024-02-24T09:44:53.634+0000] {processor.py:161} INFO - Started process (PID=9541) to work on /home/airflow/.local/lib/python3.8/site-packages/airflow/example_dags/tutorial_objectstorage.py
[2024-02-24T09:44:53.635+0000] {processor.py:830} INFO - Processing file /home/airflow/.local/lib/python3.8/site-packages/airflow/example_dags/tutorial_objectstorage.py for tasks to queue
[2024-02-24T09:44:53.637+0000] {logging_mixin.py:188} INFO - [2024-02-24T09:44:53.636+0000] {dagbag.py:538} INFO - Filling up the DagBag from /home/airflow/.local/lib/python3.8/site-packages/airflow/example_dags/tutorial_objectstorage.py
[2024-02-24T09:44:53.643+0000] {processor.py:840} INFO - DAG(s) 'tutorial_objectstorage' retrieved from /home/airflow/.local/lib/python3.8/site-packages/airflow/example_dags/tutorial_objectstorage.py
[2024-02-24T09:44:53.659+0000] {logging_mixin.py:188} INFO - [2024-02-24T09:44:53.659+0000] {dag.py:3033} INFO - Sync 1 DAGs
[2024-02-24T09:44:53.671+0000] {logging_mixin.py:188} INFO - [2024-02-24T09:44:53.670+0000] {dag.py:3820} INFO - Setting next_dagrun for tutorial_objectstorage to None, run_after=None
[2024-02-24T09:44:53.687+0000] {processor.py:183} INFO - Processing /home/airflow/.local/lib/python3.8/site-packages/airflow/example_dags/tutorial_objectstorage.py took 0.056 seconds
[2024-02-24T09:45:24.351+0000] {processor.py:161} INFO - Started process (PID=9598) to work on /home/airflow/.local/lib/python3.8/site-packages/airflow/example_dags/tutorial_objectstorage.py
[2024-02-24T09:45:24.352+0000] {processor.py:830} INFO - Processing file /home/airflow/.local/lib/python3.8/site-packages/airflow/example_dags/tutorial_objectstorage.py for tasks to queue
[2024-02-24T09:45:24.354+0000] {logging_mixin.py:188} INFO - [2024-02-24T09:45:24.354+0000] {dagbag.py:538} INFO - Filling up the DagBag from /home/airflow/.local/lib/python3.8/site-packages/airflow/example_dags/tutorial_objectstorage.py
[2024-02-24T09:45:24.361+0000] {processor.py:840} INFO - DAG(s) 'tutorial_objectstorage' retrieved from /home/airflow/.local/lib/python3.8/site-packages/airflow/example_dags/tutorial_objectstorage.py
[2024-02-24T09:45:24.378+0000] {logging_mixin.py:188} INFO - [2024-02-24T09:45:24.378+0000] {dag.py:3033} INFO - Sync 1 DAGs
[2024-02-24T09:45:24.389+0000] {logging_mixin.py:188} INFO - [2024-02-24T09:45:24.389+0000] {dag.py:3820} INFO - Setting next_dagrun for tutorial_objectstorage to None, run_after=None
[2024-02-24T09:45:24.406+0000] {processor.py:183} INFO - Processing /home/airflow/.local/lib/python3.8/site-packages/airflow/example_dags/tutorial_objectstorage.py took 0.057 seconds
[2024-02-24T09:45:55.261+0000] {processor.py:161} INFO - Started process (PID=9655) to work on /home/airflow/.local/lib/python3.8/site-packages/airflow/example_dags/tutorial_objectstorage.py
[2024-02-24T09:45:55.262+0000] {processor.py:830} INFO - Processing file /home/airflow/.local/lib/python3.8/site-packages/airflow/example_dags/tutorial_objectstorage.py for tasks to queue
[2024-02-24T09:45:55.265+0000] {logging_mixin.py:188} INFO - [2024-02-24T09:45:55.265+0000] {dagbag.py:538} INFO - Filling up the DagBag from /home/airflow/.local/lib/python3.8/site-packages/airflow/example_dags/tutorial_objectstorage.py
[2024-02-24T09:45:55.272+0000] {processor.py:840} INFO - DAG(s) 'tutorial_objectstorage' retrieved from /home/airflow/.local/lib/python3.8/site-packages/airflow/example_dags/tutorial_objectstorage.py
[2024-02-24T09:45:55.291+0000] {logging_mixin.py:188} INFO - [2024-02-24T09:45:55.290+0000] {dag.py:3033} INFO - Sync 1 DAGs
[2024-02-24T09:45:55.304+0000] {logging_mixin.py:188} INFO - [2024-02-24T09:45:55.304+0000] {dag.py:3820} INFO - Setting next_dagrun for tutorial_objectstorage to None, run_after=None
[2024-02-24T09:45:55.323+0000] {processor.py:183} INFO - Processing /home/airflow/.local/lib/python3.8/site-packages/airflow/example_dags/tutorial_objectstorage.py took 0.065 seconds
[2024-02-24T09:46:26.109+0000] {processor.py:161} INFO - Started process (PID=9712) to work on /home/airflow/.local/lib/python3.8/site-packages/airflow/example_dags/tutorial_objectstorage.py
[2024-02-24T09:46:26.110+0000] {processor.py:830} INFO - Processing file /home/airflow/.local/lib/python3.8/site-packages/airflow/example_dags/tutorial_objectstorage.py for tasks to queue
[2024-02-24T09:46:26.112+0000] {logging_mixin.py:188} INFO - [2024-02-24T09:46:26.112+0000] {dagbag.py:538} INFO - Filling up the DagBag from /home/airflow/.local/lib/python3.8/site-packages/airflow/example_dags/tutorial_objectstorage.py
[2024-02-24T09:46:26.118+0000] {processor.py:840} INFO - DAG(s) 'tutorial_objectstorage' retrieved from /home/airflow/.local/lib/python3.8/site-packages/airflow/example_dags/tutorial_objectstorage.py
[2024-02-24T09:46:26.135+0000] {logging_mixin.py:188} INFO - [2024-02-24T09:46:26.135+0000] {dag.py:3033} INFO - Sync 1 DAGs
[2024-02-24T09:46:26.147+0000] {logging_mixin.py:188} INFO - [2024-02-24T09:46:26.147+0000] {dag.py:3820} INFO - Setting next_dagrun for tutorial_objectstorage to None, run_after=None
[2024-02-24T09:46:26.162+0000] {processor.py:183} INFO - Processing /home/airflow/.local/lib/python3.8/site-packages/airflow/example_dags/tutorial_objectstorage.py took 0.056 seconds
[2024-02-24T09:46:56.851+0000] {processor.py:161} INFO - Started process (PID=9769) to work on /home/airflow/.local/lib/python3.8/site-packages/airflow/example_dags/tutorial_objectstorage.py
[2024-02-24T09:46:56.852+0000] {processor.py:830} INFO - Processing file /home/airflow/.local/lib/python3.8/site-packages/airflow/example_dags/tutorial_objectstorage.py for tasks to queue
[2024-02-24T09:46:56.855+0000] {logging_mixin.py:188} INFO - [2024-02-24T09:46:56.855+0000] {dagbag.py:538} INFO - Filling up the DagBag from /home/airflow/.local/lib/python3.8/site-packages/airflow/example_dags/tutorial_objectstorage.py
[2024-02-24T09:46:56.863+0000] {processor.py:840} INFO - DAG(s) 'tutorial_objectstorage' retrieved from /home/airflow/.local/lib/python3.8/site-packages/airflow/example_dags/tutorial_objectstorage.py
[2024-02-24T09:46:56.884+0000] {logging_mixin.py:188} INFO - [2024-02-24T09:46:56.884+0000] {dag.py:3033} INFO - Sync 1 DAGs
[2024-02-24T09:46:56.901+0000] {logging_mixin.py:188} INFO - [2024-02-24T09:46:56.901+0000] {dag.py:3820} INFO - Setting next_dagrun for tutorial_objectstorage to None, run_after=None
[2024-02-24T09:46:56.921+0000] {processor.py:183} INFO - Processing /home/airflow/.local/lib/python3.8/site-packages/airflow/example_dags/tutorial_objectstorage.py took 0.073 seconds
[2024-02-24T09:47:27.640+0000] {processor.py:161} INFO - Started process (PID=9826) to work on /home/airflow/.local/lib/python3.8/site-packages/airflow/example_dags/tutorial_objectstorage.py
[2024-02-24T09:47:27.641+0000] {processor.py:830} INFO - Processing file /home/airflow/.local/lib/python3.8/site-packages/airflow/example_dags/tutorial_objectstorage.py for tasks to queue
[2024-02-24T09:47:27.643+0000] {logging_mixin.py:188} INFO - [2024-02-24T09:47:27.643+0000] {dagbag.py:538} INFO - Filling up the DagBag from /home/airflow/.local/lib/python3.8/site-packages/airflow/example_dags/tutorial_objectstorage.py
[2024-02-24T09:47:27.650+0000] {processor.py:840} INFO - DAG(s) 'tutorial_objectstorage' retrieved from /home/airflow/.local/lib/python3.8/site-packages/airflow/example_dags/tutorial_objectstorage.py
[2024-02-24T09:47:27.668+0000] {logging_mixin.py:188} INFO - [2024-02-24T09:47:27.667+0000] {dag.py:3033} INFO - Sync 1 DAGs
[2024-02-24T09:47:27.680+0000] {logging_mixin.py:188} INFO - [2024-02-24T09:47:27.680+0000] {dag.py:3820} INFO - Setting next_dagrun for tutorial_objectstorage to None, run_after=None
[2024-02-24T09:47:27.697+0000] {processor.py:183} INFO - Processing /home/airflow/.local/lib/python3.8/site-packages/airflow/example_dags/tutorial_objectstorage.py took 0.060 seconds
[2024-02-24T09:47:58.425+0000] {processor.py:161} INFO - Started process (PID=9883) to work on /home/airflow/.local/lib/python3.8/site-packages/airflow/example_dags/tutorial_objectstorage.py
[2024-02-24T09:47:58.426+0000] {processor.py:830} INFO - Processing file /home/airflow/.local/lib/python3.8/site-packages/airflow/example_dags/tutorial_objectstorage.py for tasks to queue
[2024-02-24T09:47:58.429+0000] {logging_mixin.py:188} INFO - [2024-02-24T09:47:58.428+0000] {dagbag.py:538} INFO - Filling up the DagBag from /home/airflow/.local/lib/python3.8/site-packages/airflow/example_dags/tutorial_objectstorage.py
[2024-02-24T09:47:58.436+0000] {processor.py:840} INFO - DAG(s) 'tutorial_objectstorage' retrieved from /home/airflow/.local/lib/python3.8/site-packages/airflow/example_dags/tutorial_objectstorage.py
[2024-02-24T09:47:58.456+0000] {logging_mixin.py:188} INFO - [2024-02-24T09:47:58.456+0000] {dag.py:3033} INFO - Sync 1 DAGs
[2024-02-24T09:47:58.473+0000] {logging_mixin.py:188} INFO - [2024-02-24T09:47:58.473+0000] {dag.py:3820} INFO - Setting next_dagrun for tutorial_objectstorage to None, run_after=None
[2024-02-24T09:47:58.497+0000] {processor.py:183} INFO - Processing /home/airflow/.local/lib/python3.8/site-packages/airflow/example_dags/tutorial_objectstorage.py took 0.076 seconds
[2024-02-24T09:48:28.562+0000] {processor.py:161} INFO - Started process (PID=9940) to work on /home/airflow/.local/lib/python3.8/site-packages/airflow/example_dags/tutorial_objectstorage.py
[2024-02-24T09:48:28.564+0000] {processor.py:830} INFO - Processing file /home/airflow/.local/lib/python3.8/site-packages/airflow/example_dags/tutorial_objectstorage.py for tasks to queue
[2024-02-24T09:48:28.568+0000] {logging_mixin.py:188} INFO - [2024-02-24T09:48:28.567+0000] {dagbag.py:538} INFO - Filling up the DagBag from /home/airflow/.local/lib/python3.8/site-packages/airflow/example_dags/tutorial_objectstorage.py
[2024-02-24T09:48:28.582+0000] {processor.py:840} INFO - DAG(s) 'tutorial_objectstorage' retrieved from /home/airflow/.local/lib/python3.8/site-packages/airflow/example_dags/tutorial_objectstorage.py
[2024-02-24T09:48:28.612+0000] {logging_mixin.py:188} INFO - [2024-02-24T09:48:28.611+0000] {dag.py:3033} INFO - Sync 1 DAGs
[2024-02-24T09:48:28.628+0000] {logging_mixin.py:188} INFO - [2024-02-24T09:48:28.628+0000] {dag.py:3820} INFO - Setting next_dagrun for tutorial_objectstorage to None, run_after=None
[2024-02-24T09:48:28.651+0000] {processor.py:183} INFO - Processing /home/airflow/.local/lib/python3.8/site-packages/airflow/example_dags/tutorial_objectstorage.py took 0.094 seconds
[2024-02-24T09:48:59.022+0000] {processor.py:161} INFO - Started process (PID=9997) to work on /home/airflow/.local/lib/python3.8/site-packages/airflow/example_dags/tutorial_objectstorage.py
[2024-02-24T09:48:59.023+0000] {processor.py:830} INFO - Processing file /home/airflow/.local/lib/python3.8/site-packages/airflow/example_dags/tutorial_objectstorage.py for tasks to queue
[2024-02-24T09:48:59.026+0000] {logging_mixin.py:188} INFO - [2024-02-24T09:48:59.026+0000] {dagbag.py:538} INFO - Filling up the DagBag from /home/airflow/.local/lib/python3.8/site-packages/airflow/example_dags/tutorial_objectstorage.py
[2024-02-24T09:48:59.037+0000] {processor.py:840} INFO - DAG(s) 'tutorial_objectstorage' retrieved from /home/airflow/.local/lib/python3.8/site-packages/airflow/example_dags/tutorial_objectstorage.py
[2024-02-24T09:48:59.060+0000] {logging_mixin.py:188} INFO - [2024-02-24T09:48:59.059+0000] {dag.py:3033} INFO - Sync 1 DAGs
[2024-02-24T09:48:59.073+0000] {logging_mixin.py:188} INFO - [2024-02-24T09:48:59.073+0000] {dag.py:3820} INFO - Setting next_dagrun for tutorial_objectstorage to None, run_after=None
[2024-02-24T09:48:59.093+0000] {processor.py:183} INFO - Processing /home/airflow/.local/lib/python3.8/site-packages/airflow/example_dags/tutorial_objectstorage.py took 0.074 seconds
