[2024-02-21T13:50:57.660+0000] {processor.py:161} INFO - Started process (PID=4317) to work on /opt/airflow/dags/process_sales.py
[2024-02-21T13:50:57.662+0000] {processor.py:830} INFO - Processing file /opt/airflow/dags/process_sales.py for tasks to queue
[2024-02-21T13:50:57.666+0000] {logging_mixin.py:188} INFO - [2024-02-21T13:50:57.665+0000] {dagbag.py:538} INFO - Filling up the DagBag from /opt/airflow/dags/process_sales.py
[2024-02-21T13:50:57.714+0000] {processor.py:840} INFO - DAG(s) 'processing_sales' retrieved from /opt/airflow/dags/process_sales.py
[2024-02-21T13:50:57.759+0000] {logging_mixin.py:188} INFO - [2024-02-21T13:50:57.759+0000] {dag.py:3033} INFO - Sync 1 DAGs
[2024-02-21T13:50:57.841+0000] {processor.py:183} INFO - Processing /opt/airflow/dags/process_sales.py took 0.187 seconds
[2024-02-21T13:51:28.033+0000] {processor.py:161} INFO - Started process (PID=4372) to work on /opt/airflow/dags/process_sales.py
[2024-02-21T13:51:28.034+0000] {processor.py:830} INFO - Processing file /opt/airflow/dags/process_sales.py for tasks to queue
[2024-02-21T13:51:28.036+0000] {logging_mixin.py:188} INFO - [2024-02-21T13:51:28.036+0000] {dagbag.py:538} INFO - Filling up the DagBag from /opt/airflow/dags/process_sales.py
[2024-02-21T13:51:28.071+0000] {processor.py:840} INFO - DAG(s) 'processing_sales' retrieved from /opt/airflow/dags/process_sales.py
[2024-02-21T13:51:28.100+0000] {logging_mixin.py:188} INFO - [2024-02-21T13:51:28.100+0000] {dag.py:3033} INFO - Sync 1 DAGs
[2024-02-21T13:51:28.133+0000] {logging_mixin.py:188} INFO - [2024-02-21T13:51:28.133+0000] {dag.py:3820} INFO - Setting next_dagrun for processing_sales to 2022-08-02T01:00:00+00:00, run_after=2022-08-03T01:00:00+00:00
[2024-02-21T13:51:28.159+0000] {processor.py:183} INFO - Processing /opt/airflow/dags/process_sales.py took 0.130 seconds
[2024-02-21T13:51:58.262+0000] {processor.py:161} INFO - Started process (PID=4425) to work on /opt/airflow/dags/process_sales.py
[2024-02-21T13:51:58.264+0000] {processor.py:830} INFO - Processing file /opt/airflow/dags/process_sales.py for tasks to queue
[2024-02-21T13:51:58.267+0000] {logging_mixin.py:188} INFO - [2024-02-21T13:51:58.266+0000] {dagbag.py:538} INFO - Filling up the DagBag from /opt/airflow/dags/process_sales.py
[2024-02-21T13:51:58.306+0000] {processor.py:840} INFO - DAG(s) 'processing_sales' retrieved from /opt/airflow/dags/process_sales.py
[2024-02-21T13:51:58.342+0000] {logging_mixin.py:188} INFO - [2024-02-21T13:51:58.342+0000] {dag.py:3033} INFO - Sync 1 DAGs
[2024-02-21T13:51:58.434+0000] {processor.py:183} INFO - Processing /opt/airflow/dags/process_sales.py took 0.177 seconds
[2024-02-21T13:52:28.984+0000] {processor.py:161} INFO - Started process (PID=4481) to work on /opt/airflow/dags/process_sales.py
[2024-02-21T13:52:28.986+0000] {processor.py:830} INFO - Processing file /opt/airflow/dags/process_sales.py for tasks to queue
[2024-02-21T13:52:28.987+0000] {logging_mixin.py:188} INFO - [2024-02-21T13:52:28.986+0000] {dagbag.py:538} INFO - Filling up the DagBag from /opt/airflow/dags/process_sales.py
[2024-02-21T13:52:29.015+0000] {processor.py:840} INFO - DAG(s) 'processing_sales' retrieved from /opt/airflow/dags/process_sales.py
[2024-02-21T13:52:29.039+0000] {logging_mixin.py:188} INFO - [2024-02-21T13:52:29.039+0000] {dag.py:3033} INFO - Sync 1 DAGs
[2024-02-21T13:52:29.093+0000] {processor.py:183} INFO - Processing /opt/airflow/dags/process_sales.py took 0.113 seconds
[2024-02-21T13:52:59.274+0000] {processor.py:161} INFO - Started process (PID=4538) to work on /opt/airflow/dags/process_sales.py
[2024-02-21T13:52:59.275+0000] {processor.py:830} INFO - Processing file /opt/airflow/dags/process_sales.py for tasks to queue
[2024-02-21T13:52:59.277+0000] {logging_mixin.py:188} INFO - [2024-02-21T13:52:59.276+0000] {dagbag.py:538} INFO - Filling up the DagBag from /opt/airflow/dags/process_sales.py
[2024-02-21T13:52:59.305+0000] {processor.py:840} INFO - DAG(s) 'processing_sales' retrieved from /opt/airflow/dags/process_sales.py
[2024-02-21T13:52:59.328+0000] {logging_mixin.py:188} INFO - [2024-02-21T13:52:59.328+0000] {dag.py:3033} INFO - Sync 1 DAGs
[2024-02-21T13:52:59.375+0000] {processor.py:183} INFO - Processing /opt/airflow/dags/process_sales.py took 0.106 seconds
[2024-02-21T13:53:29.440+0000] {processor.py:161} INFO - Started process (PID=4589) to work on /opt/airflow/dags/process_sales.py
[2024-02-21T13:53:29.441+0000] {processor.py:830} INFO - Processing file /opt/airflow/dags/process_sales.py for tasks to queue
[2024-02-21T13:53:29.443+0000] {logging_mixin.py:188} INFO - [2024-02-21T13:53:29.442+0000] {dagbag.py:538} INFO - Filling up the DagBag from /opt/airflow/dags/process_sales.py
[2024-02-21T13:53:29.478+0000] {processor.py:840} INFO - DAG(s) 'processing_sales' retrieved from /opt/airflow/dags/process_sales.py
[2024-02-21T13:53:29.512+0000] {logging_mixin.py:188} INFO - [2024-02-21T13:53:29.511+0000] {dag.py:3033} INFO - Sync 1 DAGs
[2024-02-21T13:53:29.604+0000] {processor.py:183} INFO - Processing /opt/airflow/dags/process_sales.py took 0.170 seconds
[2024-02-21T13:54:00.591+0000] {processor.py:161} INFO - Started process (PID=4652) to work on /opt/airflow/dags/process_sales.py
[2024-02-21T13:54:00.592+0000] {processor.py:830} INFO - Processing file /opt/airflow/dags/process_sales.py for tasks to queue
[2024-02-21T13:54:00.594+0000] {logging_mixin.py:188} INFO - [2024-02-21T13:54:00.593+0000] {dagbag.py:538} INFO - Filling up the DagBag from /opt/airflow/dags/process_sales.py
[2024-02-21T13:54:00.632+0000] {processor.py:840} INFO - DAG(s) 'processing_sales' retrieved from /opt/airflow/dags/process_sales.py
[2024-02-21T13:54:00.656+0000] {logging_mixin.py:188} INFO - [2024-02-21T13:54:00.656+0000] {dag.py:3033} INFO - Sync 1 DAGs
[2024-02-21T13:54:00.707+0000] {processor.py:183} INFO - Processing /opt/airflow/dags/process_sales.py took 0.124 seconds
[2024-02-21T13:54:30.846+0000] {processor.py:161} INFO - Started process (PID=4709) to work on /opt/airflow/dags/process_sales.py
[2024-02-21T13:54:30.848+0000] {processor.py:830} INFO - Processing file /opt/airflow/dags/process_sales.py for tasks to queue
[2024-02-21T13:54:30.849+0000] {logging_mixin.py:188} INFO - [2024-02-21T13:54:30.849+0000] {dagbag.py:538} INFO - Filling up the DagBag from /opt/airflow/dags/process_sales.py
[2024-02-21T13:54:30.885+0000] {processor.py:840} INFO - DAG(s) 'processing_sales' retrieved from /opt/airflow/dags/process_sales.py
[2024-02-21T13:54:30.912+0000] {logging_mixin.py:188} INFO - [2024-02-21T13:54:30.912+0000] {dag.py:3033} INFO - Sync 1 DAGs
[2024-02-21T13:54:30.973+0000] {processor.py:183} INFO - Processing /opt/airflow/dags/process_sales.py took 0.132 seconds
[2024-02-21T13:55:01.525+0000] {processor.py:161} INFO - Started process (PID=4766) to work on /opt/airflow/dags/process_sales.py
[2024-02-21T13:55:01.528+0000] {processor.py:830} INFO - Processing file /opt/airflow/dags/process_sales.py for tasks to queue
[2024-02-21T13:55:01.531+0000] {logging_mixin.py:188} INFO - [2024-02-21T13:55:01.530+0000] {dagbag.py:538} INFO - Filling up the DagBag from /opt/airflow/dags/process_sales.py
[2024-02-21T13:55:01.567+0000] {processor.py:840} INFO - DAG(s) 'processing_sales' retrieved from /opt/airflow/dags/process_sales.py
[2024-02-21T13:55:01.600+0000] {logging_mixin.py:188} INFO - [2024-02-21T13:55:01.600+0000] {dag.py:3033} INFO - Sync 1 DAGs
[2024-02-21T13:55:01.666+0000] {processor.py:183} INFO - Processing /opt/airflow/dags/process_sales.py took 0.152 seconds
[2024-02-21T13:55:32.451+0000] {processor.py:161} INFO - Started process (PID=4824) to work on /opt/airflow/dags/process_sales.py
[2024-02-21T13:55:32.452+0000] {processor.py:830} INFO - Processing file /opt/airflow/dags/process_sales.py for tasks to queue
[2024-02-21T13:55:32.454+0000] {logging_mixin.py:188} INFO - [2024-02-21T13:55:32.454+0000] {dagbag.py:538} INFO - Filling up the DagBag from /opt/airflow/dags/process_sales.py
[2024-02-21T13:55:32.484+0000] {processor.py:840} INFO - DAG(s) 'processing_sales' retrieved from /opt/airflow/dags/process_sales.py
[2024-02-21T13:55:32.510+0000] {logging_mixin.py:188} INFO - [2024-02-21T13:55:32.510+0000] {dag.py:3033} INFO - Sync 1 DAGs
[2024-02-21T13:55:32.594+0000] {processor.py:183} INFO - Processing /opt/airflow/dags/process_sales.py took 0.148 seconds
[2024-02-21T15:52:08.094+0000] {processor.py:161} INFO - Started process (PID=4869) to work on /opt/airflow/dags/process_sales.py
[2024-02-21T15:52:08.097+0000] {processor.py:830} INFO - Processing file /opt/airflow/dags/process_sales.py for tasks to queue
[2024-02-21T15:52:08.100+0000] {logging_mixin.py:188} INFO - [2024-02-21T15:52:08.099+0000] {dagbag.py:538} INFO - Filling up the DagBag from /opt/airflow/dags/process_sales.py
[2024-02-21T15:52:08.288+0000] {processor.py:840} INFO - DAG(s) 'processing_sales' retrieved from /opt/airflow/dags/process_sales.py
[2024-02-21T15:52:08.431+0000] {logging_mixin.py:188} INFO - [2024-02-21T15:52:08.431+0000] {dag.py:3033} INFO - Sync 1 DAGs
[2024-02-21T15:52:08.668+0000] {processor.py:183} INFO - Processing /opt/airflow/dags/process_sales.py took 0.608 seconds
