[2024-02-21T13:50:56.361+0000] {processor.py:161} INFO - Started process (PID=4307) to work on /home/airflow/.local/lib/python3.8/site-packages/airflow/example_dags/example_bash_operator.py
[2024-02-21T13:50:56.363+0000] {processor.py:830} INFO - Processing file /home/airflow/.local/lib/python3.8/site-packages/airflow/example_dags/example_bash_operator.py for tasks to queue
[2024-02-21T13:50:56.365+0000] {logging_mixin.py:188} INFO - [2024-02-21T13:50:56.364+0000] {dagbag.py:538} INFO - Filling up the DagBag from /home/airflow/.local/lib/python3.8/site-packages/airflow/example_dags/example_bash_operator.py
[2024-02-21T13:50:56.401+0000] {processor.py:840} INFO - DAG(s) 'example_bash_operator' retrieved from /home/airflow/.local/lib/python3.8/site-packages/airflow/example_dags/example_bash_operator.py
[2024-02-21T13:50:56.525+0000] {logging_mixin.py:188} INFO - [2024-02-21T13:50:56.524+0000] {dag.py:3033} INFO - Sync 1 DAGs
[2024-02-21T13:50:56.586+0000] {logging_mixin.py:188} INFO - [2024-02-21T13:50:56.586+0000] {dag.py:3820} INFO - Setting next_dagrun for example_bash_operator to 2024-02-20T00:00:00+00:00, run_after=2024-02-21T00:00:00+00:00
[2024-02-21T13:50:56.633+0000] {processor.py:183} INFO - Processing /home/airflow/.local/lib/python3.8/site-packages/airflow/example_dags/example_bash_operator.py took 0.282 seconds
[2024-02-21T13:51:27.530+0000] {processor.py:161} INFO - Started process (PID=4364) to work on /home/airflow/.local/lib/python3.8/site-packages/airflow/example_dags/example_bash_operator.py
[2024-02-21T13:51:27.531+0000] {processor.py:830} INFO - Processing file /home/airflow/.local/lib/python3.8/site-packages/airflow/example_dags/example_bash_operator.py for tasks to queue
[2024-02-21T13:51:27.533+0000] {logging_mixin.py:188} INFO - [2024-02-21T13:51:27.532+0000] {dagbag.py:538} INFO - Filling up the DagBag from /home/airflow/.local/lib/python3.8/site-packages/airflow/example_dags/example_bash_operator.py
[2024-02-21T13:51:27.551+0000] {processor.py:840} INFO - DAG(s) 'example_bash_operator' retrieved from /home/airflow/.local/lib/python3.8/site-packages/airflow/example_dags/example_bash_operator.py
[2024-02-21T13:51:27.596+0000] {logging_mixin.py:188} INFO - [2024-02-21T13:51:27.596+0000] {dag.py:3033} INFO - Sync 1 DAGs
[2024-02-21T13:51:27.629+0000] {logging_mixin.py:188} INFO - [2024-02-21T13:51:27.629+0000] {dag.py:3820} INFO - Setting next_dagrun for example_bash_operator to 2024-02-20T00:00:00+00:00, run_after=2024-02-21T00:00:00+00:00
[2024-02-21T13:51:27.659+0000] {processor.py:183} INFO - Processing /home/airflow/.local/lib/python3.8/site-packages/airflow/example_dags/example_bash_operator.py took 0.134 seconds
[2024-02-21T13:51:57.743+0000] {processor.py:161} INFO - Started process (PID=4421) to work on /home/airflow/.local/lib/python3.8/site-packages/airflow/example_dags/example_bash_operator.py
[2024-02-21T13:51:57.745+0000] {processor.py:830} INFO - Processing file /home/airflow/.local/lib/python3.8/site-packages/airflow/example_dags/example_bash_operator.py for tasks to queue
[2024-02-21T13:51:57.747+0000] {logging_mixin.py:188} INFO - [2024-02-21T13:51:57.747+0000] {dagbag.py:538} INFO - Filling up the DagBag from /home/airflow/.local/lib/python3.8/site-packages/airflow/example_dags/example_bash_operator.py
[2024-02-21T13:51:57.765+0000] {processor.py:840} INFO - DAG(s) 'example_bash_operator' retrieved from /home/airflow/.local/lib/python3.8/site-packages/airflow/example_dags/example_bash_operator.py
[2024-02-21T13:51:57.814+0000] {logging_mixin.py:188} INFO - [2024-02-21T13:51:57.814+0000] {dag.py:3033} INFO - Sync 1 DAGs
[2024-02-21T13:51:57.851+0000] {logging_mixin.py:188} INFO - [2024-02-21T13:51:57.850+0000] {dag.py:3820} INFO - Setting next_dagrun for example_bash_operator to 2024-02-20T00:00:00+00:00, run_after=2024-02-21T00:00:00+00:00
[2024-02-21T13:51:57.906+0000] {processor.py:183} INFO - Processing /home/airflow/.local/lib/python3.8/site-packages/airflow/example_dags/example_bash_operator.py took 0.167 seconds
[2024-02-21T13:52:28.700+0000] {processor.py:161} INFO - Started process (PID=4478) to work on /home/airflow/.local/lib/python3.8/site-packages/airflow/example_dags/example_bash_operator.py
[2024-02-21T13:52:28.702+0000] {processor.py:830} INFO - Processing file /home/airflow/.local/lib/python3.8/site-packages/airflow/example_dags/example_bash_operator.py for tasks to queue
[2024-02-21T13:52:28.703+0000] {logging_mixin.py:188} INFO - [2024-02-21T13:52:28.703+0000] {dagbag.py:538} INFO - Filling up the DagBag from /home/airflow/.local/lib/python3.8/site-packages/airflow/example_dags/example_bash_operator.py
[2024-02-21T13:52:28.722+0000] {processor.py:840} INFO - DAG(s) 'example_bash_operator' retrieved from /home/airflow/.local/lib/python3.8/site-packages/airflow/example_dags/example_bash_operator.py
[2024-02-21T13:52:28.765+0000] {logging_mixin.py:188} INFO - [2024-02-21T13:52:28.764+0000] {dag.py:3033} INFO - Sync 1 DAGs
[2024-02-21T13:52:28.801+0000] {logging_mixin.py:188} INFO - [2024-02-21T13:52:28.800+0000] {dag.py:3820} INFO - Setting next_dagrun for example_bash_operator to 2024-02-20T00:00:00+00:00, run_after=2024-02-21T00:00:00+00:00
[2024-02-21T13:52:28.828+0000] {processor.py:183} INFO - Processing /home/airflow/.local/lib/python3.8/site-packages/airflow/example_dags/example_bash_operator.py took 0.132 seconds
[2024-02-21T13:52:58.999+0000] {processor.py:161} INFO - Started process (PID=4535) to work on /home/airflow/.local/lib/python3.8/site-packages/airflow/example_dags/example_bash_operator.py
[2024-02-21T13:52:59.000+0000] {processor.py:830} INFO - Processing file /home/airflow/.local/lib/python3.8/site-packages/airflow/example_dags/example_bash_operator.py for tasks to queue
[2024-02-21T13:52:59.001+0000] {logging_mixin.py:188} INFO - [2024-02-21T13:52:59.001+0000] {dagbag.py:538} INFO - Filling up the DagBag from /home/airflow/.local/lib/python3.8/site-packages/airflow/example_dags/example_bash_operator.py
[2024-02-21T13:52:59.016+0000] {processor.py:840} INFO - DAG(s) 'example_bash_operator' retrieved from /home/airflow/.local/lib/python3.8/site-packages/airflow/example_dags/example_bash_operator.py
[2024-02-21T13:52:59.053+0000] {logging_mixin.py:188} INFO - [2024-02-21T13:52:59.053+0000] {dag.py:3033} INFO - Sync 1 DAGs
[2024-02-21T13:52:59.089+0000] {logging_mixin.py:188} INFO - [2024-02-21T13:52:59.088+0000] {dag.py:3820} INFO - Setting next_dagrun for example_bash_operator to 2024-02-20T00:00:00+00:00, run_after=2024-02-21T00:00:00+00:00
[2024-02-21T13:52:59.123+0000] {processor.py:183} INFO - Processing /home/airflow/.local/lib/python3.8/site-packages/airflow/example_dags/example_bash_operator.py took 0.128 seconds
[2024-02-21T13:53:29.843+0000] {processor.py:161} INFO - Started process (PID=4593) to work on /home/airflow/.local/lib/python3.8/site-packages/airflow/example_dags/example_bash_operator.py
[2024-02-21T13:53:29.844+0000] {processor.py:830} INFO - Processing file /home/airflow/.local/lib/python3.8/site-packages/airflow/example_dags/example_bash_operator.py for tasks to queue
[2024-02-21T13:53:29.846+0000] {logging_mixin.py:188} INFO - [2024-02-21T13:53:29.846+0000] {dagbag.py:538} INFO - Filling up the DagBag from /home/airflow/.local/lib/python3.8/site-packages/airflow/example_dags/example_bash_operator.py
[2024-02-21T13:53:29.867+0000] {processor.py:840} INFO - DAG(s) 'example_bash_operator' retrieved from /home/airflow/.local/lib/python3.8/site-packages/airflow/example_dags/example_bash_operator.py
[2024-02-21T13:53:29.914+0000] {logging_mixin.py:188} INFO - [2024-02-21T13:53:29.914+0000] {dag.py:3033} INFO - Sync 1 DAGs
[2024-02-21T13:53:29.951+0000] {logging_mixin.py:188} INFO - [2024-02-21T13:53:29.950+0000] {dag.py:3820} INFO - Setting next_dagrun for example_bash_operator to 2024-02-20T00:00:00+00:00, run_after=2024-02-21T00:00:00+00:00
[2024-02-21T13:53:29.989+0000] {processor.py:183} INFO - Processing /home/airflow/.local/lib/python3.8/site-packages/airflow/example_dags/example_bash_operator.py took 0.151 seconds
[2024-02-21T13:54:00.861+0000] {processor.py:161} INFO - Started process (PID=4656) to work on /home/airflow/.local/lib/python3.8/site-packages/airflow/example_dags/example_bash_operator.py
[2024-02-21T13:54:00.862+0000] {processor.py:830} INFO - Processing file /home/airflow/.local/lib/python3.8/site-packages/airflow/example_dags/example_bash_operator.py for tasks to queue
[2024-02-21T13:54:00.864+0000] {logging_mixin.py:188} INFO - [2024-02-21T13:54:00.863+0000] {dagbag.py:538} INFO - Filling up the DagBag from /home/airflow/.local/lib/python3.8/site-packages/airflow/example_dags/example_bash_operator.py
[2024-02-21T13:54:00.880+0000] {processor.py:840} INFO - DAG(s) 'example_bash_operator' retrieved from /home/airflow/.local/lib/python3.8/site-packages/airflow/example_dags/example_bash_operator.py
[2024-02-21T13:54:00.917+0000] {logging_mixin.py:188} INFO - [2024-02-21T13:54:00.917+0000] {dag.py:3033} INFO - Sync 1 DAGs
[2024-02-21T13:54:00.944+0000] {logging_mixin.py:188} INFO - [2024-02-21T13:54:00.944+0000] {dag.py:3820} INFO - Setting next_dagrun for example_bash_operator to 2024-02-20T00:00:00+00:00, run_after=2024-02-21T00:00:00+00:00
[2024-02-21T13:54:00.967+0000] {processor.py:183} INFO - Processing /home/airflow/.local/lib/python3.8/site-packages/airflow/example_dags/example_bash_operator.py took 0.111 seconds
[2024-02-21T13:54:31.118+0000] {processor.py:161} INFO - Started process (PID=4713) to work on /home/airflow/.local/lib/python3.8/site-packages/airflow/example_dags/example_bash_operator.py
[2024-02-21T13:54:31.119+0000] {processor.py:830} INFO - Processing file /home/airflow/.local/lib/python3.8/site-packages/airflow/example_dags/example_bash_operator.py for tasks to queue
[2024-02-21T13:54:31.120+0000] {logging_mixin.py:188} INFO - [2024-02-21T13:54:31.120+0000] {dagbag.py:538} INFO - Filling up the DagBag from /home/airflow/.local/lib/python3.8/site-packages/airflow/example_dags/example_bash_operator.py
[2024-02-21T13:54:31.137+0000] {processor.py:840} INFO - DAG(s) 'example_bash_operator' retrieved from /home/airflow/.local/lib/python3.8/site-packages/airflow/example_dags/example_bash_operator.py
[2024-02-21T13:54:31.181+0000] {logging_mixin.py:188} INFO - [2024-02-21T13:54:31.180+0000] {dag.py:3033} INFO - Sync 1 DAGs
[2024-02-21T13:54:31.215+0000] {logging_mixin.py:188} INFO - [2024-02-21T13:54:31.214+0000] {dag.py:3820} INFO - Setting next_dagrun for example_bash_operator to 2024-02-20T00:00:00+00:00, run_after=2024-02-21T00:00:00+00:00
[2024-02-21T13:54:31.243+0000] {processor.py:183} INFO - Processing /home/airflow/.local/lib/python3.8/site-packages/airflow/example_dags/example_bash_operator.py took 0.129 seconds
[2024-02-21T13:55:01.792+0000] {processor.py:161} INFO - Started process (PID=4770) to work on /home/airflow/.local/lib/python3.8/site-packages/airflow/example_dags/example_bash_operator.py
[2024-02-21T13:55:01.794+0000] {processor.py:830} INFO - Processing file /home/airflow/.local/lib/python3.8/site-packages/airflow/example_dags/example_bash_operator.py for tasks to queue
[2024-02-21T13:55:01.795+0000] {logging_mixin.py:188} INFO - [2024-02-21T13:55:01.795+0000] {dagbag.py:538} INFO - Filling up the DagBag from /home/airflow/.local/lib/python3.8/site-packages/airflow/example_dags/example_bash_operator.py
[2024-02-21T13:55:01.813+0000] {processor.py:840} INFO - DAG(s) 'example_bash_operator' retrieved from /home/airflow/.local/lib/python3.8/site-packages/airflow/example_dags/example_bash_operator.py
[2024-02-21T13:55:01.855+0000] {logging_mixin.py:188} INFO - [2024-02-21T13:55:01.855+0000] {dag.py:3033} INFO - Sync 1 DAGs
[2024-02-21T13:55:01.883+0000] {logging_mixin.py:188} INFO - [2024-02-21T13:55:01.883+0000] {dag.py:3820} INFO - Setting next_dagrun for example_bash_operator to 2024-02-20T00:00:00+00:00, run_after=2024-02-21T00:00:00+00:00
[2024-02-21T13:55:01.908+0000] {processor.py:183} INFO - Processing /home/airflow/.local/lib/python3.8/site-packages/airflow/example_dags/example_bash_operator.py took 0.119 seconds
[2024-02-21T13:55:33.070+0000] {processor.py:161} INFO - Started process (PID=4830) to work on /home/airflow/.local/lib/python3.8/site-packages/airflow/example_dags/example_bash_operator.py
[2024-02-21T13:55:33.072+0000] {processor.py:830} INFO - Processing file /home/airflow/.local/lib/python3.8/site-packages/airflow/example_dags/example_bash_operator.py for tasks to queue
[2024-02-21T13:55:33.073+0000] {logging_mixin.py:188} INFO - [2024-02-21T13:55:33.073+0000] {dagbag.py:538} INFO - Filling up the DagBag from /home/airflow/.local/lib/python3.8/site-packages/airflow/example_dags/example_bash_operator.py
[2024-02-21T13:55:33.088+0000] {processor.py:840} INFO - DAG(s) 'example_bash_operator' retrieved from /home/airflow/.local/lib/python3.8/site-packages/airflow/example_dags/example_bash_operator.py
[2024-02-21T13:55:33.136+0000] {logging_mixin.py:188} INFO - [2024-02-21T13:55:33.136+0000] {dag.py:3033} INFO - Sync 1 DAGs
[2024-02-21T13:55:33.174+0000] {logging_mixin.py:188} INFO - [2024-02-21T13:55:33.174+0000] {dag.py:3820} INFO - Setting next_dagrun for example_bash_operator to 2024-02-20T00:00:00+00:00, run_after=2024-02-21T00:00:00+00:00
[2024-02-21T13:55:33.220+0000] {processor.py:183} INFO - Processing /home/airflow/.local/lib/python3.8/site-packages/airflow/example_dags/example_bash_operator.py took 0.154 seconds
