[2024-02-21T13:50:58.532+0000] {processor.py:161} INFO - Started process (PID=4322) to work on /home/airflow/.local/lib/python3.8/site-packages/airflow/example_dags/example_task_group_decorator.py
[2024-02-21T13:50:58.537+0000] {processor.py:830} INFO - Processing file /home/airflow/.local/lib/python3.8/site-packages/airflow/example_dags/example_task_group_decorator.py for tasks to queue
[2024-02-21T13:50:58.539+0000] {logging_mixin.py:188} INFO - [2024-02-21T13:50:58.539+0000] {dagbag.py:538} INFO - Filling up the DagBag from /home/airflow/.local/lib/python3.8/site-packages/airflow/example_dags/example_task_group_decorator.py
[2024-02-21T13:50:58.616+0000] {processor.py:840} INFO - DAG(s) 'example_task_group_decorator' retrieved from /home/airflow/.local/lib/python3.8/site-packages/airflow/example_dags/example_task_group_decorator.py
[2024-02-21T13:50:58.713+0000] {logging_mixin.py:188} INFO - [2024-02-21T13:50:58.713+0000] {dag.py:3033} INFO - Sync 1 DAGs
[2024-02-21T13:50:58.823+0000] {logging_mixin.py:188} INFO - [2024-02-21T13:50:58.823+0000] {dag.py:3820} INFO - Setting next_dagrun for example_task_group_decorator to 2024-02-20T00:00:00+00:00, run_after=2024-02-21T00:00:00+00:00
[2024-02-21T13:50:58.939+0000] {processor.py:183} INFO - Processing /home/airflow/.local/lib/python3.8/site-packages/airflow/example_dags/example_task_group_decorator.py took 0.411 seconds
[2024-02-21T13:51:29.487+0000] {processor.py:161} INFO - Started process (PID=4379) to work on /home/airflow/.local/lib/python3.8/site-packages/airflow/example_dags/example_task_group_decorator.py
[2024-02-21T13:51:29.488+0000] {processor.py:830} INFO - Processing file /home/airflow/.local/lib/python3.8/site-packages/airflow/example_dags/example_task_group_decorator.py for tasks to queue
[2024-02-21T13:51:29.490+0000] {logging_mixin.py:188} INFO - [2024-02-21T13:51:29.489+0000] {dagbag.py:538} INFO - Filling up the DagBag from /home/airflow/.local/lib/python3.8/site-packages/airflow/example_dags/example_task_group_decorator.py
[2024-02-21T13:51:29.516+0000] {processor.py:840} INFO - DAG(s) 'example_task_group_decorator' retrieved from /home/airflow/.local/lib/python3.8/site-packages/airflow/example_dags/example_task_group_decorator.py
[2024-02-21T13:51:29.553+0000] {logging_mixin.py:188} INFO - [2024-02-21T13:51:29.553+0000] {dag.py:3033} INFO - Sync 1 DAGs
[2024-02-21T13:51:29.588+0000] {logging_mixin.py:188} INFO - [2024-02-21T13:51:29.588+0000] {dag.py:3820} INFO - Setting next_dagrun for example_task_group_decorator to 2024-02-20T00:00:00+00:00, run_after=2024-02-21T00:00:00+00:00
[2024-02-21T13:51:29.616+0000] {processor.py:183} INFO - Processing /home/airflow/.local/lib/python3.8/site-packages/airflow/example_dags/example_task_group_decorator.py took 0.134 seconds
[2024-02-21T13:52:00.063+0000] {processor.py:161} INFO - Started process (PID=4442) to work on /home/airflow/.local/lib/python3.8/site-packages/airflow/example_dags/example_task_group_decorator.py
[2024-02-21T13:52:00.064+0000] {processor.py:830} INFO - Processing file /home/airflow/.local/lib/python3.8/site-packages/airflow/example_dags/example_task_group_decorator.py for tasks to queue
[2024-02-21T13:52:00.065+0000] {logging_mixin.py:188} INFO - [2024-02-21T13:52:00.065+0000] {dagbag.py:538} INFO - Filling up the DagBag from /home/airflow/.local/lib/python3.8/site-packages/airflow/example_dags/example_task_group_decorator.py
[2024-02-21T13:52:00.090+0000] {processor.py:840} INFO - DAG(s) 'example_task_group_decorator' retrieved from /home/airflow/.local/lib/python3.8/site-packages/airflow/example_dags/example_task_group_decorator.py
[2024-02-21T13:52:00.119+0000] {logging_mixin.py:188} INFO - [2024-02-21T13:52:00.119+0000] {dag.py:3033} INFO - Sync 1 DAGs
[2024-02-21T13:52:00.148+0000] {logging_mixin.py:188} INFO - [2024-02-21T13:52:00.147+0000] {dag.py:3820} INFO - Setting next_dagrun for example_task_group_decorator to 2024-02-20T00:00:00+00:00, run_after=2024-02-21T00:00:00+00:00
[2024-02-21T13:52:00.173+0000] {processor.py:183} INFO - Processing /home/airflow/.local/lib/python3.8/site-packages/airflow/example_dags/example_task_group_decorator.py took 0.114 seconds
[2024-02-21T13:52:30.927+0000] {processor.py:161} INFO - Started process (PID=4499) to work on /home/airflow/.local/lib/python3.8/site-packages/airflow/example_dags/example_task_group_decorator.py
[2024-02-21T13:52:30.928+0000] {processor.py:830} INFO - Processing file /home/airflow/.local/lib/python3.8/site-packages/airflow/example_dags/example_task_group_decorator.py for tasks to queue
[2024-02-21T13:52:30.930+0000] {logging_mixin.py:188} INFO - [2024-02-21T13:52:30.929+0000] {dagbag.py:538} INFO - Filling up the DagBag from /home/airflow/.local/lib/python3.8/site-packages/airflow/example_dags/example_task_group_decorator.py
[2024-02-21T13:52:30.952+0000] {processor.py:840} INFO - DAG(s) 'example_task_group_decorator' retrieved from /home/airflow/.local/lib/python3.8/site-packages/airflow/example_dags/example_task_group_decorator.py
[2024-02-21T13:52:30.981+0000] {logging_mixin.py:188} INFO - [2024-02-21T13:52:30.981+0000] {dag.py:3033} INFO - Sync 1 DAGs
[2024-02-21T13:52:31.009+0000] {logging_mixin.py:188} INFO - [2024-02-21T13:52:31.008+0000] {dag.py:3820} INFO - Setting next_dagrun for example_task_group_decorator to 2024-02-20T00:00:00+00:00, run_after=2024-02-21T00:00:00+00:00
[2024-02-21T13:52:31.069+0000] {processor.py:183} INFO - Processing /home/airflow/.local/lib/python3.8/site-packages/airflow/example_dags/example_task_group_decorator.py took 0.147 seconds
[2024-02-21T13:53:01.243+0000] {processor.py:161} INFO - Started process (PID=4556) to work on /home/airflow/.local/lib/python3.8/site-packages/airflow/example_dags/example_task_group_decorator.py
[2024-02-21T13:53:01.244+0000] {processor.py:830} INFO - Processing file /home/airflow/.local/lib/python3.8/site-packages/airflow/example_dags/example_task_group_decorator.py for tasks to queue
[2024-02-21T13:53:01.245+0000] {logging_mixin.py:188} INFO - [2024-02-21T13:53:01.245+0000] {dagbag.py:538} INFO - Filling up the DagBag from /home/airflow/.local/lib/python3.8/site-packages/airflow/example_dags/example_task_group_decorator.py
[2024-02-21T13:53:01.267+0000] {processor.py:840} INFO - DAG(s) 'example_task_group_decorator' retrieved from /home/airflow/.local/lib/python3.8/site-packages/airflow/example_dags/example_task_group_decorator.py
[2024-02-21T13:53:01.299+0000] {logging_mixin.py:188} INFO - [2024-02-21T13:53:01.299+0000] {dag.py:3033} INFO - Sync 1 DAGs
[2024-02-21T13:53:01.327+0000] {logging_mixin.py:188} INFO - [2024-02-21T13:53:01.327+0000] {dag.py:3820} INFO - Setting next_dagrun for example_task_group_decorator to 2024-02-20T00:00:00+00:00, run_after=2024-02-21T00:00:00+00:00
[2024-02-21T13:53:01.351+0000] {processor.py:183} INFO - Processing /home/airflow/.local/lib/python3.8/site-packages/airflow/example_dags/example_task_group_decorator.py took 0.112 seconds
[2024-02-21T13:53:32.375+0000] {processor.py:161} INFO - Started process (PID=4613) to work on /home/airflow/.local/lib/python3.8/site-packages/airflow/example_dags/example_task_group_decorator.py
[2024-02-21T13:53:32.377+0000] {processor.py:830} INFO - Processing file /home/airflow/.local/lib/python3.8/site-packages/airflow/example_dags/example_task_group_decorator.py for tasks to queue
[2024-02-21T13:53:32.379+0000] {logging_mixin.py:188} INFO - [2024-02-21T13:53:32.378+0000] {dagbag.py:538} INFO - Filling up the DagBag from /home/airflow/.local/lib/python3.8/site-packages/airflow/example_dags/example_task_group_decorator.py
[2024-02-21T13:53:32.405+0000] {processor.py:840} INFO - DAG(s) 'example_task_group_decorator' retrieved from /home/airflow/.local/lib/python3.8/site-packages/airflow/example_dags/example_task_group_decorator.py
[2024-02-21T13:53:32.439+0000] {logging_mixin.py:188} INFO - [2024-02-21T13:53:32.439+0000] {dag.py:3033} INFO - Sync 1 DAGs
[2024-02-21T13:53:32.471+0000] {logging_mixin.py:188} INFO - [2024-02-21T13:53:32.470+0000] {dag.py:3820} INFO - Setting next_dagrun for example_task_group_decorator to 2024-02-20T00:00:00+00:00, run_after=2024-02-21T00:00:00+00:00
[2024-02-21T13:53:32.537+0000] {processor.py:183} INFO - Processing /home/airflow/.local/lib/python3.8/site-packages/airflow/example_dags/example_task_group_decorator.py took 0.167 seconds
[2024-02-21T13:54:02.883+0000] {processor.py:161} INFO - Started process (PID=4670) to work on /home/airflow/.local/lib/python3.8/site-packages/airflow/example_dags/example_task_group_decorator.py
[2024-02-21T13:54:02.884+0000] {processor.py:830} INFO - Processing file /home/airflow/.local/lib/python3.8/site-packages/airflow/example_dags/example_task_group_decorator.py for tasks to queue
[2024-02-21T13:54:02.886+0000] {logging_mixin.py:188} INFO - [2024-02-21T13:54:02.885+0000] {dagbag.py:538} INFO - Filling up the DagBag from /home/airflow/.local/lib/python3.8/site-packages/airflow/example_dags/example_task_group_decorator.py
[2024-02-21T13:54:02.906+0000] {processor.py:840} INFO - DAG(s) 'example_task_group_decorator' retrieved from /home/airflow/.local/lib/python3.8/site-packages/airflow/example_dags/example_task_group_decorator.py
[2024-02-21T13:54:02.935+0000] {logging_mixin.py:188} INFO - [2024-02-21T13:54:02.935+0000] {dag.py:3033} INFO - Sync 1 DAGs
[2024-02-21T13:54:02.961+0000] {logging_mixin.py:188} INFO - [2024-02-21T13:54:02.961+0000] {dag.py:3820} INFO - Setting next_dagrun for example_task_group_decorator to 2024-02-20T00:00:00+00:00, run_after=2024-02-21T00:00:00+00:00
[2024-02-21T13:54:02.982+0000] {processor.py:183} INFO - Processing /home/airflow/.local/lib/python3.8/site-packages/airflow/example_dags/example_task_group_decorator.py took 0.104 seconds
[2024-02-21T13:54:33.604+0000] {processor.py:161} INFO - Started process (PID=4727) to work on /home/airflow/.local/lib/python3.8/site-packages/airflow/example_dags/example_task_group_decorator.py
[2024-02-21T13:54:33.605+0000] {processor.py:830} INFO - Processing file /home/airflow/.local/lib/python3.8/site-packages/airflow/example_dags/example_task_group_decorator.py for tasks to queue
[2024-02-21T13:54:33.606+0000] {logging_mixin.py:188} INFO - [2024-02-21T13:54:33.605+0000] {dagbag.py:538} INFO - Filling up the DagBag from /home/airflow/.local/lib/python3.8/site-packages/airflow/example_dags/example_task_group_decorator.py
[2024-02-21T13:54:33.630+0000] {processor.py:840} INFO - DAG(s) 'example_task_group_decorator' retrieved from /home/airflow/.local/lib/python3.8/site-packages/airflow/example_dags/example_task_group_decorator.py
[2024-02-21T13:54:33.660+0000] {logging_mixin.py:188} INFO - [2024-02-21T13:54:33.659+0000] {dag.py:3033} INFO - Sync 1 DAGs
[2024-02-21T13:54:33.685+0000] {logging_mixin.py:188} INFO - [2024-02-21T13:54:33.685+0000] {dag.py:3820} INFO - Setting next_dagrun for example_task_group_decorator to 2024-02-20T00:00:00+00:00, run_after=2024-02-21T00:00:00+00:00
[2024-02-21T13:54:33.707+0000] {processor.py:183} INFO - Processing /home/airflow/.local/lib/python3.8/site-packages/airflow/example_dags/example_task_group_decorator.py took 0.108 seconds
[2024-02-21T13:55:04.625+0000] {processor.py:161} INFO - Started process (PID=4784) to work on /home/airflow/.local/lib/python3.8/site-packages/airflow/example_dags/example_task_group_decorator.py
[2024-02-21T13:55:04.627+0000] {processor.py:830} INFO - Processing file /home/airflow/.local/lib/python3.8/site-packages/airflow/example_dags/example_task_group_decorator.py for tasks to queue
[2024-02-21T13:55:04.628+0000] {logging_mixin.py:188} INFO - [2024-02-21T13:55:04.628+0000] {dagbag.py:538} INFO - Filling up the DagBag from /home/airflow/.local/lib/python3.8/site-packages/airflow/example_dags/example_task_group_decorator.py
[2024-02-21T13:55:04.649+0000] {processor.py:840} INFO - DAG(s) 'example_task_group_decorator' retrieved from /home/airflow/.local/lib/python3.8/site-packages/airflow/example_dags/example_task_group_decorator.py
[2024-02-21T13:55:04.679+0000] {logging_mixin.py:188} INFO - [2024-02-21T13:55:04.678+0000] {dag.py:3033} INFO - Sync 1 DAGs
[2024-02-21T13:55:04.705+0000] {logging_mixin.py:188} INFO - [2024-02-21T13:55:04.705+0000] {dag.py:3820} INFO - Setting next_dagrun for example_task_group_decorator to 2024-02-20T00:00:00+00:00, run_after=2024-02-21T00:00:00+00:00
[2024-02-21T13:55:04.730+0000] {processor.py:183} INFO - Processing /home/airflow/.local/lib/python3.8/site-packages/airflow/example_dags/example_task_group_decorator.py took 0.108 seconds
[2024-02-21T13:55:34.972+0000] {processor.py:161} INFO - Started process (PID=4842) to work on /home/airflow/.local/lib/python3.8/site-packages/airflow/example_dags/example_task_group_decorator.py
[2024-02-21T13:55:34.974+0000] {processor.py:830} INFO - Processing file /home/airflow/.local/lib/python3.8/site-packages/airflow/example_dags/example_task_group_decorator.py for tasks to queue
[2024-02-21T13:55:34.975+0000] {logging_mixin.py:188} INFO - [2024-02-21T13:55:34.974+0000] {dagbag.py:538} INFO - Filling up the DagBag from /home/airflow/.local/lib/python3.8/site-packages/airflow/example_dags/example_task_group_decorator.py
[2024-02-21T13:55:34.994+0000] {processor.py:840} INFO - DAG(s) 'example_task_group_decorator' retrieved from /home/airflow/.local/lib/python3.8/site-packages/airflow/example_dags/example_task_group_decorator.py
[2024-02-21T13:55:35.024+0000] {logging_mixin.py:188} INFO - [2024-02-21T13:55:35.024+0000] {dag.py:3033} INFO - Sync 1 DAGs
[2024-02-21T13:55:35.051+0000] {logging_mixin.py:188} INFO - [2024-02-21T13:55:35.051+0000] {dag.py:3820} INFO - Setting next_dagrun for example_task_group_decorator to 2024-02-20T00:00:00+00:00, run_after=2024-02-21T00:00:00+00:00
[2024-02-21T13:55:35.107+0000] {processor.py:183} INFO - Processing /home/airflow/.local/lib/python3.8/site-packages/airflow/example_dags/example_task_group_decorator.py took 0.139 seconds
[2024-02-21T15:52:10.203+0000] {processor.py:161} INFO - Started process (PID=4874) to work on /home/airflow/.local/lib/python3.8/site-packages/airflow/example_dags/example_task_group_decorator.py
[2024-02-21T15:52:10.206+0000] {processor.py:830} INFO - Processing file /home/airflow/.local/lib/python3.8/site-packages/airflow/example_dags/example_task_group_decorator.py for tasks to queue
[2024-02-21T15:52:10.217+0000] {logging_mixin.py:188} INFO - [2024-02-21T15:52:10.217+0000] {dagbag.py:538} INFO - Filling up the DagBag from /home/airflow/.local/lib/python3.8/site-packages/airflow/example_dags/example_task_group_decorator.py
[2024-02-21T15:52:10.292+0000] {processor.py:840} INFO - DAG(s) 'example_task_group_decorator' retrieved from /home/airflow/.local/lib/python3.8/site-packages/airflow/example_dags/example_task_group_decorator.py
[2024-02-21T15:52:10.362+0000] {logging_mixin.py:188} INFO - [2024-02-21T15:52:10.361+0000] {dag.py:3033} INFO - Sync 1 DAGs
[2024-02-21T15:52:10.458+0000] {logging_mixin.py:188} INFO - [2024-02-21T15:52:10.457+0000] {dag.py:3820} INFO - Setting next_dagrun for example_task_group_decorator to 2024-02-20T00:00:00+00:00, run_after=2024-02-21T00:00:00+00:00
[2024-02-21T15:52:10.538+0000] {processor.py:183} INFO - Processing /home/airflow/.local/lib/python3.8/site-packages/airflow/example_dags/example_task_group_decorator.py took 0.341 seconds
