[2024-02-21T13:50:56.433+0000] {processor.py:161} INFO - Started process (PID=4308) to work on /home/airflow/.local/lib/python3.8/site-packages/airflow/example_dags/example_short_circuit_decorator.py
[2024-02-21T13:50:56.435+0000] {processor.py:830} INFO - Processing file /home/airflow/.local/lib/python3.8/site-packages/airflow/example_dags/example_short_circuit_decorator.py for tasks to queue
[2024-02-21T13:50:56.437+0000] {logging_mixin.py:188} INFO - [2024-02-21T13:50:56.437+0000] {dagbag.py:538} INFO - Filling up the DagBag from /home/airflow/.local/lib/python3.8/site-packages/airflow/example_dags/example_short_circuit_decorator.py
[2024-02-21T13:50:56.482+0000] {processor.py:840} INFO - DAG(s) 'example_short_circuit_decorator' retrieved from /home/airflow/.local/lib/python3.8/site-packages/airflow/example_dags/example_short_circuit_decorator.py
[2024-02-21T13:50:56.537+0000] {logging_mixin.py:188} INFO - [2024-02-21T13:50:56.537+0000] {dag.py:3033} INFO - Sync 1 DAGs
[2024-02-21T13:50:56.602+0000] {logging_mixin.py:188} INFO - [2024-02-21T13:50:56.602+0000] {dag.py:3820} INFO - Setting next_dagrun for example_short_circuit_decorator to 2024-02-20T00:00:00+00:00, run_after=2024-02-21T00:00:00+00:00
[2024-02-21T13:50:56.642+0000] {processor.py:183} INFO - Processing /home/airflow/.local/lib/python3.8/site-packages/airflow/example_dags/example_short_circuit_decorator.py took 0.216 seconds
[2024-02-21T13:51:27.530+0000] {processor.py:161} INFO - Started process (PID=4365) to work on /home/airflow/.local/lib/python3.8/site-packages/airflow/example_dags/example_short_circuit_decorator.py
[2024-02-21T13:51:27.532+0000] {processor.py:830} INFO - Processing file /home/airflow/.local/lib/python3.8/site-packages/airflow/example_dags/example_short_circuit_decorator.py for tasks to queue
[2024-02-21T13:51:27.534+0000] {logging_mixin.py:188} INFO - [2024-02-21T13:51:27.533+0000] {dagbag.py:538} INFO - Filling up the DagBag from /home/airflow/.local/lib/python3.8/site-packages/airflow/example_dags/example_short_circuit_decorator.py
[2024-02-21T13:51:27.549+0000] {processor.py:840} INFO - DAG(s) 'example_short_circuit_decorator' retrieved from /home/airflow/.local/lib/python3.8/site-packages/airflow/example_dags/example_short_circuit_decorator.py
[2024-02-21T13:51:27.582+0000] {logging_mixin.py:188} INFO - [2024-02-21T13:51:27.582+0000] {dag.py:3033} INFO - Sync 1 DAGs
[2024-02-21T13:51:27.614+0000] {logging_mixin.py:188} INFO - [2024-02-21T13:51:27.614+0000] {dag.py:3820} INFO - Setting next_dagrun for example_short_circuit_decorator to 2024-02-20T00:00:00+00:00, run_after=2024-02-21T00:00:00+00:00
[2024-02-21T13:51:27.642+0000] {processor.py:183} INFO - Processing /home/airflow/.local/lib/python3.8/site-packages/airflow/example_dags/example_short_circuit_decorator.py took 0.116 seconds
[2024-02-21T13:51:57.745+0000] {processor.py:161} INFO - Started process (PID=4422) to work on /home/airflow/.local/lib/python3.8/site-packages/airflow/example_dags/example_short_circuit_decorator.py
[2024-02-21T13:51:57.747+0000] {processor.py:830} INFO - Processing file /home/airflow/.local/lib/python3.8/site-packages/airflow/example_dags/example_short_circuit_decorator.py for tasks to queue
[2024-02-21T13:51:57.748+0000] {logging_mixin.py:188} INFO - [2024-02-21T13:51:57.748+0000] {dagbag.py:538} INFO - Filling up the DagBag from /home/airflow/.local/lib/python3.8/site-packages/airflow/example_dags/example_short_circuit_decorator.py
[2024-02-21T13:51:57.764+0000] {processor.py:840} INFO - DAG(s) 'example_short_circuit_decorator' retrieved from /home/airflow/.local/lib/python3.8/site-packages/airflow/example_dags/example_short_circuit_decorator.py
[2024-02-21T13:51:57.803+0000] {logging_mixin.py:188} INFO - [2024-02-21T13:51:57.803+0000] {dag.py:3033} INFO - Sync 1 DAGs
[2024-02-21T13:51:57.838+0000] {logging_mixin.py:188} INFO - [2024-02-21T13:51:57.838+0000] {dag.py:3820} INFO - Setting next_dagrun for example_short_circuit_decorator to 2024-02-20T00:00:00+00:00, run_after=2024-02-21T00:00:00+00:00
[2024-02-21T13:51:57.906+0000] {processor.py:183} INFO - Processing /home/airflow/.local/lib/python3.8/site-packages/airflow/example_dags/example_short_circuit_decorator.py took 0.166 seconds
[2024-02-21T13:52:28.841+0000] {processor.py:161} INFO - Started process (PID=4479) to work on /home/airflow/.local/lib/python3.8/site-packages/airflow/example_dags/example_short_circuit_decorator.py
[2024-02-21T13:52:28.843+0000] {processor.py:830} INFO - Processing file /home/airflow/.local/lib/python3.8/site-packages/airflow/example_dags/example_short_circuit_decorator.py for tasks to queue
[2024-02-21T13:52:28.844+0000] {logging_mixin.py:188} INFO - [2024-02-21T13:52:28.844+0000] {dagbag.py:538} INFO - Filling up the DagBag from /home/airflow/.local/lib/python3.8/site-packages/airflow/example_dags/example_short_circuit_decorator.py
[2024-02-21T13:52:28.862+0000] {processor.py:840} INFO - DAG(s) 'example_short_circuit_decorator' retrieved from /home/airflow/.local/lib/python3.8/site-packages/airflow/example_dags/example_short_circuit_decorator.py
[2024-02-21T13:52:28.893+0000] {logging_mixin.py:188} INFO - [2024-02-21T13:52:28.893+0000] {dag.py:3033} INFO - Sync 1 DAGs
[2024-02-21T13:52:28.926+0000] {logging_mixin.py:188} INFO - [2024-02-21T13:52:28.926+0000] {dag.py:3820} INFO - Setting next_dagrun for example_short_circuit_decorator to 2024-02-20T00:00:00+00:00, run_after=2024-02-21T00:00:00+00:00
[2024-02-21T13:52:28.951+0000] {processor.py:183} INFO - Processing /home/airflow/.local/lib/python3.8/site-packages/airflow/example_dags/example_short_circuit_decorator.py took 0.115 seconds
[2024-02-21T13:52:59.087+0000] {processor.py:161} INFO - Started process (PID=4536) to work on /home/airflow/.local/lib/python3.8/site-packages/airflow/example_dags/example_short_circuit_decorator.py
[2024-02-21T13:52:59.088+0000] {processor.py:830} INFO - Processing file /home/airflow/.local/lib/python3.8/site-packages/airflow/example_dags/example_short_circuit_decorator.py for tasks to queue
[2024-02-21T13:52:59.090+0000] {logging_mixin.py:188} INFO - [2024-02-21T13:52:59.089+0000] {dagbag.py:538} INFO - Filling up the DagBag from /home/airflow/.local/lib/python3.8/site-packages/airflow/example_dags/example_short_circuit_decorator.py
[2024-02-21T13:52:59.111+0000] {processor.py:840} INFO - DAG(s) 'example_short_circuit_decorator' retrieved from /home/airflow/.local/lib/python3.8/site-packages/airflow/example_dags/example_short_circuit_decorator.py
[2024-02-21T13:52:59.154+0000] {logging_mixin.py:188} INFO - [2024-02-21T13:52:59.154+0000] {dag.py:3033} INFO - Sync 1 DAGs
[2024-02-21T13:52:59.194+0000] {logging_mixin.py:188} INFO - [2024-02-21T13:52:59.194+0000] {dag.py:3820} INFO - Setting next_dagrun for example_short_circuit_decorator to 2024-02-20T00:00:00+00:00, run_after=2024-02-21T00:00:00+00:00
[2024-02-21T13:52:59.228+0000] {processor.py:183} INFO - Processing /home/airflow/.local/lib/python3.8/site-packages/airflow/example_dags/example_short_circuit_decorator.py took 0.147 seconds
[2024-02-21T13:53:30.040+0000] {processor.py:161} INFO - Started process (PID=4594) to work on /home/airflow/.local/lib/python3.8/site-packages/airflow/example_dags/example_short_circuit_decorator.py
[2024-02-21T13:53:30.041+0000] {processor.py:830} INFO - Processing file /home/airflow/.local/lib/python3.8/site-packages/airflow/example_dags/example_short_circuit_decorator.py for tasks to queue
[2024-02-21T13:53:30.042+0000] {logging_mixin.py:188} INFO - [2024-02-21T13:53:30.042+0000] {dagbag.py:538} INFO - Filling up the DagBag from /home/airflow/.local/lib/python3.8/site-packages/airflow/example_dags/example_short_circuit_decorator.py
[2024-02-21T13:53:30.056+0000] {processor.py:840} INFO - DAG(s) 'example_short_circuit_decorator' retrieved from /home/airflow/.local/lib/python3.8/site-packages/airflow/example_dags/example_short_circuit_decorator.py
[2024-02-21T13:53:30.097+0000] {logging_mixin.py:188} INFO - [2024-02-21T13:53:30.097+0000] {dag.py:3033} INFO - Sync 1 DAGs
[2024-02-21T13:53:30.134+0000] {logging_mixin.py:188} INFO - [2024-02-21T13:53:30.134+0000] {dag.py:3820} INFO - Setting next_dagrun for example_short_circuit_decorator to 2024-02-20T00:00:00+00:00, run_after=2024-02-21T00:00:00+00:00
[2024-02-21T13:53:30.165+0000] {processor.py:183} INFO - Processing /home/airflow/.local/lib/python3.8/site-packages/airflow/example_dags/example_short_circuit_decorator.py took 0.130 seconds
[2024-02-21T13:54:00.876+0000] {processor.py:161} INFO - Started process (PID=4657) to work on /home/airflow/.local/lib/python3.8/site-packages/airflow/example_dags/example_short_circuit_decorator.py
[2024-02-21T13:54:00.877+0000] {processor.py:830} INFO - Processing file /home/airflow/.local/lib/python3.8/site-packages/airflow/example_dags/example_short_circuit_decorator.py for tasks to queue
[2024-02-21T13:54:00.879+0000] {logging_mixin.py:188} INFO - [2024-02-21T13:54:00.878+0000] {dagbag.py:538} INFO - Filling up the DagBag from /home/airflow/.local/lib/python3.8/site-packages/airflow/example_dags/example_short_circuit_decorator.py
[2024-02-21T13:54:00.893+0000] {processor.py:840} INFO - DAG(s) 'example_short_circuit_decorator' retrieved from /home/airflow/.local/lib/python3.8/site-packages/airflow/example_dags/example_short_circuit_decorator.py
[2024-02-21T13:54:00.921+0000] {logging_mixin.py:188} INFO - [2024-02-21T13:54:00.921+0000] {dag.py:3033} INFO - Sync 1 DAGs
[2024-02-21T13:54:00.946+0000] {logging_mixin.py:188} INFO - [2024-02-21T13:54:00.946+0000] {dag.py:3820} INFO - Setting next_dagrun for example_short_circuit_decorator to 2024-02-20T00:00:00+00:00, run_after=2024-02-21T00:00:00+00:00
[2024-02-21T13:54:00.970+0000] {processor.py:183} INFO - Processing /home/airflow/.local/lib/python3.8/site-packages/airflow/example_dags/example_short_circuit_decorator.py took 0.098 seconds
[2024-02-21T13:54:31.135+0000] {processor.py:161} INFO - Started process (PID=4714) to work on /home/airflow/.local/lib/python3.8/site-packages/airflow/example_dags/example_short_circuit_decorator.py
[2024-02-21T13:54:31.136+0000] {processor.py:830} INFO - Processing file /home/airflow/.local/lib/python3.8/site-packages/airflow/example_dags/example_short_circuit_decorator.py for tasks to queue
[2024-02-21T13:54:31.137+0000] {logging_mixin.py:188} INFO - [2024-02-21T13:54:31.137+0000] {dagbag.py:538} INFO - Filling up the DagBag from /home/airflow/.local/lib/python3.8/site-packages/airflow/example_dags/example_short_circuit_decorator.py
[2024-02-21T13:54:31.151+0000] {processor.py:840} INFO - DAG(s) 'example_short_circuit_decorator' retrieved from /home/airflow/.local/lib/python3.8/site-packages/airflow/example_dags/example_short_circuit_decorator.py
[2024-02-21T13:54:31.182+0000] {logging_mixin.py:188} INFO - [2024-02-21T13:54:31.182+0000] {dag.py:3033} INFO - Sync 1 DAGs
[2024-02-21T13:54:31.213+0000] {logging_mixin.py:188} INFO - [2024-02-21T13:54:31.213+0000] {dag.py:3820} INFO - Setting next_dagrun for example_short_circuit_decorator to 2024-02-20T00:00:00+00:00, run_after=2024-02-21T00:00:00+00:00
[2024-02-21T13:54:31.238+0000] {processor.py:183} INFO - Processing /home/airflow/.local/lib/python3.8/site-packages/airflow/example_dags/example_short_circuit_decorator.py took 0.107 seconds
[2024-02-21T13:55:01.826+0000] {processor.py:161} INFO - Started process (PID=4771) to work on /home/airflow/.local/lib/python3.8/site-packages/airflow/example_dags/example_short_circuit_decorator.py
[2024-02-21T13:55:01.827+0000] {processor.py:830} INFO - Processing file /home/airflow/.local/lib/python3.8/site-packages/airflow/example_dags/example_short_circuit_decorator.py for tasks to queue
[2024-02-21T13:55:01.828+0000] {logging_mixin.py:188} INFO - [2024-02-21T13:55:01.828+0000] {dagbag.py:538} INFO - Filling up the DagBag from /home/airflow/.local/lib/python3.8/site-packages/airflow/example_dags/example_short_circuit_decorator.py
[2024-02-21T13:55:01.846+0000] {processor.py:840} INFO - DAG(s) 'example_short_circuit_decorator' retrieved from /home/airflow/.local/lib/python3.8/site-packages/airflow/example_dags/example_short_circuit_decorator.py
[2024-02-21T13:55:01.874+0000] {logging_mixin.py:188} INFO - [2024-02-21T13:55:01.874+0000] {dag.py:3033} INFO - Sync 1 DAGs
[2024-02-21T13:55:01.905+0000] {logging_mixin.py:188} INFO - [2024-02-21T13:55:01.904+0000] {dag.py:3820} INFO - Setting next_dagrun for example_short_circuit_decorator to 2024-02-20T00:00:00+00:00, run_after=2024-02-21T00:00:00+00:00
[2024-02-21T13:55:01.929+0000] {processor.py:183} INFO - Processing /home/airflow/.local/lib/python3.8/site-packages/airflow/example_dags/example_short_circuit_decorator.py took 0.108 seconds
[2024-02-21T13:55:33.074+0000] {processor.py:161} INFO - Started process (PID=4831) to work on /home/airflow/.local/lib/python3.8/site-packages/airflow/example_dags/example_short_circuit_decorator.py
[2024-02-21T13:55:33.075+0000] {processor.py:830} INFO - Processing file /home/airflow/.local/lib/python3.8/site-packages/airflow/example_dags/example_short_circuit_decorator.py for tasks to queue
[2024-02-21T13:55:33.076+0000] {logging_mixin.py:188} INFO - [2024-02-21T13:55:33.076+0000] {dagbag.py:538} INFO - Filling up the DagBag from /home/airflow/.local/lib/python3.8/site-packages/airflow/example_dags/example_short_circuit_decorator.py
[2024-02-21T13:55:33.089+0000] {processor.py:840} INFO - DAG(s) 'example_short_circuit_decorator' retrieved from /home/airflow/.local/lib/python3.8/site-packages/airflow/example_dags/example_short_circuit_decorator.py
[2024-02-21T13:55:33.124+0000] {logging_mixin.py:188} INFO - [2024-02-21T13:55:33.123+0000] {dag.py:3033} INFO - Sync 1 DAGs
[2024-02-21T13:55:33.160+0000] {logging_mixin.py:188} INFO - [2024-02-21T13:55:33.159+0000] {dag.py:3820} INFO - Setting next_dagrun for example_short_circuit_decorator to 2024-02-20T00:00:00+00:00, run_after=2024-02-21T00:00:00+00:00
[2024-02-21T13:55:33.218+0000] {processor.py:183} INFO - Processing /home/airflow/.local/lib/python3.8/site-packages/airflow/example_dags/example_short_circuit_decorator.py took 0.148 seconds
