[2024-02-21T13:50:55.713+0000] {processor.py:161} INFO - Started process (PID=4304) to work on /home/airflow/.local/lib/python3.8/site-packages/airflow/example_dags/example_latest_only_with_trigger.py
[2024-02-21T13:50:55.716+0000] {processor.py:830} INFO - Processing file /home/airflow/.local/lib/python3.8/site-packages/airflow/example_dags/example_latest_only_with_trigger.py for tasks to queue
[2024-02-21T13:50:55.723+0000] {logging_mixin.py:188} INFO - [2024-02-21T13:50:55.718+0000] {dagbag.py:538} INFO - Filling up the DagBag from /home/airflow/.local/lib/python3.8/site-packages/airflow/example_dags/example_latest_only_with_trigger.py
[2024-02-21T13:50:55.748+0000] {processor.py:840} INFO - DAG(s) 'latest_only_with_trigger' retrieved from /home/airflow/.local/lib/python3.8/site-packages/airflow/example_dags/example_latest_only_with_trigger.py
[2024-02-21T13:50:55.806+0000] {logging_mixin.py:188} INFO - [2024-02-21T13:50:55.806+0000] {dag.py:3033} INFO - Sync 1 DAGs
[2024-02-21T13:50:55.881+0000] {logging_mixin.py:188} INFO - [2024-02-21T13:50:55.880+0000] {dag.py:3820} INFO - Setting next_dagrun for latest_only_with_trigger to 2024-02-21T08:00:00+00:00, run_after=2024-02-21T12:00:00+00:00
[2024-02-21T13:50:55.939+0000] {processor.py:183} INFO - Processing /home/airflow/.local/lib/python3.8/site-packages/airflow/example_dags/example_latest_only_with_trigger.py took 0.243 seconds
[2024-02-21T13:51:26.317+0000] {processor.py:161} INFO - Started process (PID=4361) to work on /home/airflow/.local/lib/python3.8/site-packages/airflow/example_dags/example_latest_only_with_trigger.py
[2024-02-21T13:51:26.318+0000] {processor.py:830} INFO - Processing file /home/airflow/.local/lib/python3.8/site-packages/airflow/example_dags/example_latest_only_with_trigger.py for tasks to queue
[2024-02-21T13:51:26.320+0000] {logging_mixin.py:188} INFO - [2024-02-21T13:51:26.319+0000] {dagbag.py:538} INFO - Filling up the DagBag from /home/airflow/.local/lib/python3.8/site-packages/airflow/example_dags/example_latest_only_with_trigger.py
[2024-02-21T13:51:26.330+0000] {processor.py:840} INFO - DAG(s) 'latest_only_with_trigger' retrieved from /home/airflow/.local/lib/python3.8/site-packages/airflow/example_dags/example_latest_only_with_trigger.py
[2024-02-21T13:51:26.365+0000] {logging_mixin.py:188} INFO - [2024-02-21T13:51:26.365+0000] {dag.py:3033} INFO - Sync 1 DAGs
[2024-02-21T13:51:26.397+0000] {logging_mixin.py:188} INFO - [2024-02-21T13:51:26.397+0000] {dag.py:3820} INFO - Setting next_dagrun for latest_only_with_trigger to 2024-02-21T08:00:00+00:00, run_after=2024-02-21T12:00:00+00:00
[2024-02-21T13:51:26.424+0000] {processor.py:183} INFO - Processing /home/airflow/.local/lib/python3.8/site-packages/airflow/example_dags/example_latest_only_with_trigger.py took 0.113 seconds
[2024-02-21T13:51:57.454+0000] {processor.py:161} INFO - Started process (PID=4418) to work on /home/airflow/.local/lib/python3.8/site-packages/airflow/example_dags/example_latest_only_with_trigger.py
[2024-02-21T13:51:57.456+0000] {processor.py:830} INFO - Processing file /home/airflow/.local/lib/python3.8/site-packages/airflow/example_dags/example_latest_only_with_trigger.py for tasks to queue
[2024-02-21T13:51:57.457+0000] {logging_mixin.py:188} INFO - [2024-02-21T13:51:57.457+0000] {dagbag.py:538} INFO - Filling up the DagBag from /home/airflow/.local/lib/python3.8/site-packages/airflow/example_dags/example_latest_only_with_trigger.py
[2024-02-21T13:51:57.468+0000] {processor.py:840} INFO - DAG(s) 'latest_only_with_trigger' retrieved from /home/airflow/.local/lib/python3.8/site-packages/airflow/example_dags/example_latest_only_with_trigger.py
[2024-02-21T13:51:57.501+0000] {logging_mixin.py:188} INFO - [2024-02-21T13:51:57.500+0000] {dag.py:3033} INFO - Sync 1 DAGs
[2024-02-21T13:51:57.533+0000] {logging_mixin.py:188} INFO - [2024-02-21T13:51:57.533+0000] {dag.py:3820} INFO - Setting next_dagrun for latest_only_with_trigger to 2024-02-21T08:00:00+00:00, run_after=2024-02-21T12:00:00+00:00
[2024-02-21T13:51:57.560+0000] {processor.py:183} INFO - Processing /home/airflow/.local/lib/python3.8/site-packages/airflow/example_dags/example_latest_only_with_trigger.py took 0.110 seconds
[2024-02-21T13:52:28.403+0000] {processor.py:161} INFO - Started process (PID=4475) to work on /home/airflow/.local/lib/python3.8/site-packages/airflow/example_dags/example_latest_only_with_trigger.py
[2024-02-21T13:52:28.404+0000] {processor.py:830} INFO - Processing file /home/airflow/.local/lib/python3.8/site-packages/airflow/example_dags/example_latest_only_with_trigger.py for tasks to queue
[2024-02-21T13:52:28.406+0000] {logging_mixin.py:188} INFO - [2024-02-21T13:52:28.405+0000] {dagbag.py:538} INFO - Filling up the DagBag from /home/airflow/.local/lib/python3.8/site-packages/airflow/example_dags/example_latest_only_with_trigger.py
[2024-02-21T13:52:28.414+0000] {processor.py:840} INFO - DAG(s) 'latest_only_with_trigger' retrieved from /home/airflow/.local/lib/python3.8/site-packages/airflow/example_dags/example_latest_only_with_trigger.py
[2024-02-21T13:52:28.442+0000] {logging_mixin.py:188} INFO - [2024-02-21T13:52:28.441+0000] {dag.py:3033} INFO - Sync 1 DAGs
[2024-02-21T13:52:28.470+0000] {logging_mixin.py:188} INFO - [2024-02-21T13:52:28.470+0000] {dag.py:3820} INFO - Setting next_dagrun for latest_only_with_trigger to 2024-02-21T08:00:00+00:00, run_after=2024-02-21T12:00:00+00:00
[2024-02-21T13:52:28.526+0000] {processor.py:183} INFO - Processing /home/airflow/.local/lib/python3.8/site-packages/airflow/example_dags/example_latest_only_with_trigger.py took 0.127 seconds
[2024-02-21T13:52:58.818+0000] {processor.py:161} INFO - Started process (PID=4532) to work on /home/airflow/.local/lib/python3.8/site-packages/airflow/example_dags/example_latest_only_with_trigger.py
[2024-02-21T13:52:58.820+0000] {processor.py:830} INFO - Processing file /home/airflow/.local/lib/python3.8/site-packages/airflow/example_dags/example_latest_only_with_trigger.py for tasks to queue
[2024-02-21T13:52:58.821+0000] {logging_mixin.py:188} INFO - [2024-02-21T13:52:58.821+0000] {dagbag.py:538} INFO - Filling up the DagBag from /home/airflow/.local/lib/python3.8/site-packages/airflow/example_dags/example_latest_only_with_trigger.py
[2024-02-21T13:52:58.836+0000] {processor.py:840} INFO - DAG(s) 'latest_only_with_trigger' retrieved from /home/airflow/.local/lib/python3.8/site-packages/airflow/example_dags/example_latest_only_with_trigger.py
[2024-02-21T13:52:58.871+0000] {logging_mixin.py:188} INFO - [2024-02-21T13:52:58.870+0000] {dag.py:3033} INFO - Sync 1 DAGs
[2024-02-21T13:52:58.906+0000] {logging_mixin.py:188} INFO - [2024-02-21T13:52:58.906+0000] {dag.py:3820} INFO - Setting next_dagrun for latest_only_with_trigger to 2024-02-21T08:00:00+00:00, run_after=2024-02-21T12:00:00+00:00
[2024-02-21T13:52:58.927+0000] {processor.py:183} INFO - Processing /home/airflow/.local/lib/python3.8/site-packages/airflow/example_dags/example_latest_only_with_trigger.py took 0.115 seconds
[2024-02-21T13:53:29.449+0000] {processor.py:161} INFO - Started process (PID=4590) to work on /home/airflow/.local/lib/python3.8/site-packages/airflow/example_dags/example_latest_only_with_trigger.py
[2024-02-21T13:53:29.451+0000] {processor.py:830} INFO - Processing file /home/airflow/.local/lib/python3.8/site-packages/airflow/example_dags/example_latest_only_with_trigger.py for tasks to queue
[2024-02-21T13:53:29.452+0000] {logging_mixin.py:188} INFO - [2024-02-21T13:53:29.452+0000] {dagbag.py:538} INFO - Filling up the DagBag from /home/airflow/.local/lib/python3.8/site-packages/airflow/example_dags/example_latest_only_with_trigger.py
[2024-02-21T13:53:29.463+0000] {processor.py:840} INFO - DAG(s) 'latest_only_with_trigger' retrieved from /home/airflow/.local/lib/python3.8/site-packages/airflow/example_dags/example_latest_only_with_trigger.py
[2024-02-21T13:53:29.499+0000] {logging_mixin.py:188} INFO - [2024-02-21T13:53:29.498+0000] {dag.py:3033} INFO - Sync 1 DAGs
[2024-02-21T13:53:29.535+0000] {logging_mixin.py:188} INFO - [2024-02-21T13:53:29.535+0000] {dag.py:3820} INFO - Setting next_dagrun for latest_only_with_trigger to 2024-02-21T08:00:00+00:00, run_after=2024-02-21T12:00:00+00:00
[2024-02-21T13:53:29.603+0000] {processor.py:183} INFO - Processing /home/airflow/.local/lib/python3.8/site-packages/airflow/example_dags/example_latest_only_with_trigger.py took 0.160 seconds
[2024-02-21T13:54:00.599+0000] {processor.py:161} INFO - Started process (PID=4653) to work on /home/airflow/.local/lib/python3.8/site-packages/airflow/example_dags/example_latest_only_with_trigger.py
[2024-02-21T13:54:00.601+0000] {processor.py:830} INFO - Processing file /home/airflow/.local/lib/python3.8/site-packages/airflow/example_dags/example_latest_only_with_trigger.py for tasks to queue
[2024-02-21T13:54:00.602+0000] {logging_mixin.py:188} INFO - [2024-02-21T13:54:00.602+0000] {dagbag.py:538} INFO - Filling up the DagBag from /home/airflow/.local/lib/python3.8/site-packages/airflow/example_dags/example_latest_only_with_trigger.py
[2024-02-21T13:54:00.615+0000] {processor.py:840} INFO - DAG(s) 'latest_only_with_trigger' retrieved from /home/airflow/.local/lib/python3.8/site-packages/airflow/example_dags/example_latest_only_with_trigger.py
[2024-02-21T13:54:00.644+0000] {logging_mixin.py:188} INFO - [2024-02-21T13:54:00.644+0000] {dag.py:3033} INFO - Sync 1 DAGs
[2024-02-21T13:54:00.672+0000] {logging_mixin.py:188} INFO - [2024-02-21T13:54:00.672+0000] {dag.py:3820} INFO - Setting next_dagrun for latest_only_with_trigger to 2024-02-21T08:00:00+00:00, run_after=2024-02-21T12:00:00+00:00
[2024-02-21T13:54:00.696+0000] {processor.py:183} INFO - Processing /home/airflow/.local/lib/python3.8/site-packages/airflow/example_dags/example_latest_only_with_trigger.py took 0.102 seconds
[2024-02-21T13:54:30.854+0000] {processor.py:161} INFO - Started process (PID=4710) to work on /home/airflow/.local/lib/python3.8/site-packages/airflow/example_dags/example_latest_only_with_trigger.py
[2024-02-21T13:54:30.855+0000] {processor.py:830} INFO - Processing file /home/airflow/.local/lib/python3.8/site-packages/airflow/example_dags/example_latest_only_with_trigger.py for tasks to queue
[2024-02-21T13:54:30.856+0000] {logging_mixin.py:188} INFO - [2024-02-21T13:54:30.856+0000] {dagbag.py:538} INFO - Filling up the DagBag from /home/airflow/.local/lib/python3.8/site-packages/airflow/example_dags/example_latest_only_with_trigger.py
[2024-02-21T13:54:30.867+0000] {processor.py:840} INFO - DAG(s) 'latest_only_with_trigger' retrieved from /home/airflow/.local/lib/python3.8/site-packages/airflow/example_dags/example_latest_only_with_trigger.py
[2024-02-21T13:54:30.902+0000] {logging_mixin.py:188} INFO - [2024-02-21T13:54:30.902+0000] {dag.py:3033} INFO - Sync 1 DAGs
[2024-02-21T13:54:30.930+0000] {logging_mixin.py:188} INFO - [2024-02-21T13:54:30.930+0000] {dag.py:3820} INFO - Setting next_dagrun for latest_only_with_trigger to 2024-02-21T08:00:00+00:00, run_after=2024-02-21T12:00:00+00:00
[2024-02-21T13:54:30.957+0000] {processor.py:183} INFO - Processing /home/airflow/.local/lib/python3.8/site-packages/airflow/example_dags/example_latest_only_with_trigger.py took 0.109 seconds
[2024-02-21T13:55:01.519+0000] {processor.py:161} INFO - Started process (PID=4767) to work on /home/airflow/.local/lib/python3.8/site-packages/airflow/example_dags/example_latest_only_with_trigger.py
[2024-02-21T13:55:01.520+0000] {processor.py:830} INFO - Processing file /home/airflow/.local/lib/python3.8/site-packages/airflow/example_dags/example_latest_only_with_trigger.py for tasks to queue
[2024-02-21T13:55:01.522+0000] {logging_mixin.py:188} INFO - [2024-02-21T13:55:01.522+0000] {dagbag.py:538} INFO - Filling up the DagBag from /home/airflow/.local/lib/python3.8/site-packages/airflow/example_dags/example_latest_only_with_trigger.py
[2024-02-21T13:55:01.532+0000] {processor.py:840} INFO - DAG(s) 'latest_only_with_trigger' retrieved from /home/airflow/.local/lib/python3.8/site-packages/airflow/example_dags/example_latest_only_with_trigger.py
[2024-02-21T13:55:01.565+0000] {logging_mixin.py:188} INFO - [2024-02-21T13:55:01.565+0000] {dag.py:3033} INFO - Sync 1 DAGs
[2024-02-21T13:55:01.606+0000] {logging_mixin.py:188} INFO - [2024-02-21T13:55:01.606+0000] {dag.py:3820} INFO - Setting next_dagrun for latest_only_with_trigger to 2024-02-21T08:00:00+00:00, run_after=2024-02-21T12:00:00+00:00
[2024-02-21T13:55:01.632+0000] {processor.py:183} INFO - Processing /home/airflow/.local/lib/python3.8/site-packages/airflow/example_dags/example_latest_only_with_trigger.py took 0.117 seconds
[2024-02-21T13:55:32.763+0000] {processor.py:161} INFO - Started process (PID=4827) to work on /home/airflow/.local/lib/python3.8/site-packages/airflow/example_dags/example_latest_only_with_trigger.py
[2024-02-21T13:55:32.765+0000] {processor.py:830} INFO - Processing file /home/airflow/.local/lib/python3.8/site-packages/airflow/example_dags/example_latest_only_with_trigger.py for tasks to queue
[2024-02-21T13:55:32.766+0000] {logging_mixin.py:188} INFO - [2024-02-21T13:55:32.766+0000] {dagbag.py:538} INFO - Filling up the DagBag from /home/airflow/.local/lib/python3.8/site-packages/airflow/example_dags/example_latest_only_with_trigger.py
[2024-02-21T13:55:32.775+0000] {processor.py:840} INFO - DAG(s) 'latest_only_with_trigger' retrieved from /home/airflow/.local/lib/python3.8/site-packages/airflow/example_dags/example_latest_only_with_trigger.py
[2024-02-21T13:55:32.802+0000] {logging_mixin.py:188} INFO - [2024-02-21T13:55:32.801+0000] {dag.py:3033} INFO - Sync 1 DAGs
[2024-02-21T13:55:32.839+0000] {logging_mixin.py:188} INFO - [2024-02-21T13:55:32.839+0000] {dag.py:3820} INFO - Setting next_dagrun for latest_only_with_trigger to 2024-02-21T08:00:00+00:00, run_after=2024-02-21T12:00:00+00:00
[2024-02-21T13:55:32.866+0000] {processor.py:183} INFO - Processing /home/airflow/.local/lib/python3.8/site-packages/airflow/example_dags/example_latest_only_with_trigger.py took 0.107 seconds
