[2024-02-21T13:51:03.633+0000] {processor.py:161} INFO - Started process (PID=4348) to work on /home/airflow/.local/lib/python3.8/site-packages/airflow/example_dags/example_external_task_marker_dag.py
[2024-02-21T13:51:03.639+0000] {processor.py:830} INFO - Processing file /home/airflow/.local/lib/python3.8/site-packages/airflow/example_dags/example_external_task_marker_dag.py for tasks to queue
[2024-02-21T13:51:03.641+0000] {logging_mixin.py:188} INFO - [2024-02-21T13:51:03.640+0000] {dagbag.py:538} INFO - Filling up the DagBag from /home/airflow/.local/lib/python3.8/site-packages/airflow/example_dags/example_external_task_marker_dag.py
[2024-02-21T13:51:03.663+0000] {processor.py:840} INFO - DAG(s) 'example_external_task_marker_parent', 'example_external_task_marker_child' retrieved from /home/airflow/.local/lib/python3.8/site-packages/airflow/example_dags/example_external_task_marker_dag.py
[2024-02-21T13:51:03.758+0000] {logging_mixin.py:188} INFO - [2024-02-21T13:51:03.757+0000] {dag.py:3033} INFO - Sync 2 DAGs
[2024-02-21T13:51:03.831+0000] {logging_mixin.py:188} INFO - [2024-02-21T13:51:03.831+0000] {dag.py:3820} INFO - Setting next_dagrun for example_external_task_marker_child to None, run_after=None
[2024-02-21T13:51:03.851+0000] {logging_mixin.py:188} INFO - [2024-02-21T13:51:03.851+0000] {dag.py:3820} INFO - Setting next_dagrun for example_external_task_marker_parent to None, run_after=None
[2024-02-21T13:51:03.934+0000] {processor.py:183} INFO - Processing /home/airflow/.local/lib/python3.8/site-packages/airflow/example_dags/example_external_task_marker_dag.py took 0.312 seconds
[2024-02-21T13:51:34.786+0000] {processor.py:161} INFO - Started process (PID=4405) to work on /home/airflow/.local/lib/python3.8/site-packages/airflow/example_dags/example_external_task_marker_dag.py
[2024-02-21T13:51:34.787+0000] {processor.py:830} INFO - Processing file /home/airflow/.local/lib/python3.8/site-packages/airflow/example_dags/example_external_task_marker_dag.py for tasks to queue
[2024-02-21T13:51:34.789+0000] {logging_mixin.py:188} INFO - [2024-02-21T13:51:34.789+0000] {dagbag.py:538} INFO - Filling up the DagBag from /home/airflow/.local/lib/python3.8/site-packages/airflow/example_dags/example_external_task_marker_dag.py
[2024-02-21T13:51:34.798+0000] {processor.py:840} INFO - DAG(s) 'example_external_task_marker_child', 'example_external_task_marker_parent' retrieved from /home/airflow/.local/lib/python3.8/site-packages/airflow/example_dags/example_external_task_marker_dag.py
[2024-02-21T13:51:34.836+0000] {logging_mixin.py:188} INFO - [2024-02-21T13:51:34.836+0000] {dag.py:3033} INFO - Sync 2 DAGs
[2024-02-21T13:51:34.857+0000] {logging_mixin.py:188} INFO - [2024-02-21T13:51:34.857+0000] {dag.py:3820} INFO - Setting next_dagrun for example_external_task_marker_child to None, run_after=None
[2024-02-21T13:51:34.862+0000] {logging_mixin.py:188} INFO - [2024-02-21T13:51:34.862+0000] {dag.py:3820} INFO - Setting next_dagrun for example_external_task_marker_parent to None, run_after=None
[2024-02-21T13:51:34.889+0000] {processor.py:183} INFO - Processing /home/airflow/.local/lib/python3.8/site-packages/airflow/example_dags/example_external_task_marker_dag.py took 0.107 seconds
[2024-02-21T13:52:04.986+0000] {processor.py:161} INFO - Started process (PID=4462) to work on /home/airflow/.local/lib/python3.8/site-packages/airflow/example_dags/example_external_task_marker_dag.py
[2024-02-21T13:52:04.988+0000] {processor.py:830} INFO - Processing file /home/airflow/.local/lib/python3.8/site-packages/airflow/example_dags/example_external_task_marker_dag.py for tasks to queue
[2024-02-21T13:52:04.989+0000] {logging_mixin.py:188} INFO - [2024-02-21T13:52:04.989+0000] {dagbag.py:538} INFO - Filling up the DagBag from /home/airflow/.local/lib/python3.8/site-packages/airflow/example_dags/example_external_task_marker_dag.py
[2024-02-21T13:52:04.998+0000] {processor.py:840} INFO - DAG(s) 'example_external_task_marker_parent', 'example_external_task_marker_child' retrieved from /home/airflow/.local/lib/python3.8/site-packages/airflow/example_dags/example_external_task_marker_dag.py
[2024-02-21T13:52:05.033+0000] {logging_mixin.py:188} INFO - [2024-02-21T13:52:05.033+0000] {dag.py:3033} INFO - Sync 2 DAGs
[2024-02-21T13:52:05.053+0000] {logging_mixin.py:188} INFO - [2024-02-21T13:52:05.053+0000] {dag.py:3820} INFO - Setting next_dagrun for example_external_task_marker_child to None, run_after=None
[2024-02-21T13:52:05.058+0000] {logging_mixin.py:188} INFO - [2024-02-21T13:52:05.057+0000] {dag.py:3820} INFO - Setting next_dagrun for example_external_task_marker_parent to None, run_after=None
[2024-02-21T13:52:05.117+0000] {processor.py:183} INFO - Processing /home/airflow/.local/lib/python3.8/site-packages/airflow/example_dags/example_external_task_marker_dag.py took 0.136 seconds
[2024-02-21T13:52:35.478+0000] {processor.py:161} INFO - Started process (PID=4519) to work on /home/airflow/.local/lib/python3.8/site-packages/airflow/example_dags/example_external_task_marker_dag.py
[2024-02-21T13:52:35.479+0000] {processor.py:830} INFO - Processing file /home/airflow/.local/lib/python3.8/site-packages/airflow/example_dags/example_external_task_marker_dag.py for tasks to queue
[2024-02-21T13:52:35.481+0000] {logging_mixin.py:188} INFO - [2024-02-21T13:52:35.480+0000] {dagbag.py:538} INFO - Filling up the DagBag from /home/airflow/.local/lib/python3.8/site-packages/airflow/example_dags/example_external_task_marker_dag.py
[2024-02-21T13:52:35.489+0000] {processor.py:840} INFO - DAG(s) 'example_external_task_marker_parent', 'example_external_task_marker_child' retrieved from /home/airflow/.local/lib/python3.8/site-packages/airflow/example_dags/example_external_task_marker_dag.py
[2024-02-21T13:52:35.524+0000] {logging_mixin.py:188} INFO - [2024-02-21T13:52:35.524+0000] {dag.py:3033} INFO - Sync 2 DAGs
[2024-02-21T13:52:35.543+0000] {logging_mixin.py:188} INFO - [2024-02-21T13:52:35.543+0000] {dag.py:3820} INFO - Setting next_dagrun for example_external_task_marker_child to None, run_after=None
[2024-02-21T13:52:35.548+0000] {logging_mixin.py:188} INFO - [2024-02-21T13:52:35.547+0000] {dag.py:3820} INFO - Setting next_dagrun for example_external_task_marker_parent to None, run_after=None
[2024-02-21T13:52:35.573+0000] {processor.py:183} INFO - Processing /home/airflow/.local/lib/python3.8/site-packages/airflow/example_dags/example_external_task_marker_dag.py took 0.099 seconds
[2024-02-21T13:53:05.950+0000] {processor.py:161} INFO - Started process (PID=4576) to work on /home/airflow/.local/lib/python3.8/site-packages/airflow/example_dags/example_external_task_marker_dag.py
[2024-02-21T13:53:05.951+0000] {processor.py:830} INFO - Processing file /home/airflow/.local/lib/python3.8/site-packages/airflow/example_dags/example_external_task_marker_dag.py for tasks to queue
[2024-02-21T13:53:05.954+0000] {logging_mixin.py:188} INFO - [2024-02-21T13:53:05.953+0000] {dagbag.py:538} INFO - Filling up the DagBag from /home/airflow/.local/lib/python3.8/site-packages/airflow/example_dags/example_external_task_marker_dag.py
[2024-02-21T13:53:05.970+0000] {processor.py:840} INFO - DAG(s) 'example_external_task_marker_child', 'example_external_task_marker_parent' retrieved from /home/airflow/.local/lib/python3.8/site-packages/airflow/example_dags/example_external_task_marker_dag.py
[2024-02-21T13:53:06.008+0000] {logging_mixin.py:188} INFO - [2024-02-21T13:53:06.007+0000] {dag.py:3033} INFO - Sync 2 DAGs
[2024-02-21T13:53:06.028+0000] {logging_mixin.py:188} INFO - [2024-02-21T13:53:06.028+0000] {dag.py:3820} INFO - Setting next_dagrun for example_external_task_marker_child to None, run_after=None
[2024-02-21T13:53:06.032+0000] {logging_mixin.py:188} INFO - [2024-02-21T13:53:06.032+0000] {dag.py:3820} INFO - Setting next_dagrun for example_external_task_marker_parent to None, run_after=None
[2024-02-21T13:53:06.054+0000] {processor.py:183} INFO - Processing /home/airflow/.local/lib/python3.8/site-packages/airflow/example_dags/example_external_task_marker_dag.py took 0.109 seconds
[2024-02-21T13:53:36.232+0000] {processor.py:161} INFO - Started process (PID=4633) to work on /home/airflow/.local/lib/python3.8/site-packages/airflow/example_dags/example_external_task_marker_dag.py
[2024-02-21T13:53:36.233+0000] {processor.py:830} INFO - Processing file /home/airflow/.local/lib/python3.8/site-packages/airflow/example_dags/example_external_task_marker_dag.py for tasks to queue
[2024-02-21T13:53:36.234+0000] {logging_mixin.py:188} INFO - [2024-02-21T13:53:36.234+0000] {dagbag.py:538} INFO - Filling up the DagBag from /home/airflow/.local/lib/python3.8/site-packages/airflow/example_dags/example_external_task_marker_dag.py
[2024-02-21T13:53:36.242+0000] {processor.py:840} INFO - DAG(s) 'example_external_task_marker_child', 'example_external_task_marker_parent' retrieved from /home/airflow/.local/lib/python3.8/site-packages/airflow/example_dags/example_external_task_marker_dag.py
[2024-02-21T13:53:36.273+0000] {logging_mixin.py:188} INFO - [2024-02-21T13:53:36.273+0000] {dag.py:3033} INFO - Sync 2 DAGs
[2024-02-21T13:53:36.291+0000] {logging_mixin.py:188} INFO - [2024-02-21T13:53:36.291+0000] {dag.py:3820} INFO - Setting next_dagrun for example_external_task_marker_child to None, run_after=None
[2024-02-21T13:53:36.295+0000] {logging_mixin.py:188} INFO - [2024-02-21T13:53:36.295+0000] {dag.py:3820} INFO - Setting next_dagrun for example_external_task_marker_parent to None, run_after=None
[2024-02-21T13:53:36.316+0000] {processor.py:183} INFO - Processing /home/airflow/.local/lib/python3.8/site-packages/airflow/example_dags/example_external_task_marker_dag.py took 0.088 seconds
[2024-02-21T13:54:06.525+0000] {processor.py:161} INFO - Started process (PID=4690) to work on /home/airflow/.local/lib/python3.8/site-packages/airflow/example_dags/example_external_task_marker_dag.py
[2024-02-21T13:54:06.527+0000] {processor.py:830} INFO - Processing file /home/airflow/.local/lib/python3.8/site-packages/airflow/example_dags/example_external_task_marker_dag.py for tasks to queue
[2024-02-21T13:54:06.528+0000] {logging_mixin.py:188} INFO - [2024-02-21T13:54:06.528+0000] {dagbag.py:538} INFO - Filling up the DagBag from /home/airflow/.local/lib/python3.8/site-packages/airflow/example_dags/example_external_task_marker_dag.py
[2024-02-21T13:54:06.536+0000] {processor.py:840} INFO - DAG(s) 'example_external_task_marker_child', 'example_external_task_marker_parent' retrieved from /home/airflow/.local/lib/python3.8/site-packages/airflow/example_dags/example_external_task_marker_dag.py
[2024-02-21T13:54:06.566+0000] {logging_mixin.py:188} INFO - [2024-02-21T13:54:06.566+0000] {dag.py:3033} INFO - Sync 2 DAGs
[2024-02-21T13:54:06.589+0000] {logging_mixin.py:188} INFO - [2024-02-21T13:54:06.589+0000] {dag.py:3820} INFO - Setting next_dagrun for example_external_task_marker_child to None, run_after=None
[2024-02-21T13:54:06.594+0000] {logging_mixin.py:188} INFO - [2024-02-21T13:54:06.594+0000] {dag.py:3820} INFO - Setting next_dagrun for example_external_task_marker_parent to None, run_after=None
[2024-02-21T13:54:06.618+0000] {processor.py:183} INFO - Processing /home/airflow/.local/lib/python3.8/site-packages/airflow/example_dags/example_external_task_marker_dag.py took 0.096 seconds
[2024-02-21T13:54:37.237+0000] {processor.py:161} INFO - Started process (PID=4747) to work on /home/airflow/.local/lib/python3.8/site-packages/airflow/example_dags/example_external_task_marker_dag.py
[2024-02-21T13:54:37.238+0000] {processor.py:830} INFO - Processing file /home/airflow/.local/lib/python3.8/site-packages/airflow/example_dags/example_external_task_marker_dag.py for tasks to queue
[2024-02-21T13:54:37.240+0000] {logging_mixin.py:188} INFO - [2024-02-21T13:54:37.239+0000] {dagbag.py:538} INFO - Filling up the DagBag from /home/airflow/.local/lib/python3.8/site-packages/airflow/example_dags/example_external_task_marker_dag.py
[2024-02-21T13:54:37.248+0000] {processor.py:840} INFO - DAG(s) 'example_external_task_marker_child', 'example_external_task_marker_parent' retrieved from /home/airflow/.local/lib/python3.8/site-packages/airflow/example_dags/example_external_task_marker_dag.py
[2024-02-21T13:54:37.280+0000] {logging_mixin.py:188} INFO - [2024-02-21T13:54:37.280+0000] {dag.py:3033} INFO - Sync 2 DAGs
[2024-02-21T13:54:37.298+0000] {logging_mixin.py:188} INFO - [2024-02-21T13:54:37.298+0000] {dag.py:3820} INFO - Setting next_dagrun for example_external_task_marker_child to None, run_after=None
[2024-02-21T13:54:37.302+0000] {logging_mixin.py:188} INFO - [2024-02-21T13:54:37.302+0000] {dag.py:3820} INFO - Setting next_dagrun for example_external_task_marker_parent to None, run_after=None
[2024-02-21T13:54:37.325+0000] {processor.py:183} INFO - Processing /home/airflow/.local/lib/python3.8/site-packages/airflow/example_dags/example_external_task_marker_dag.py took 0.093 seconds
[2024-02-21T13:55:08.120+0000] {processor.py:161} INFO - Started process (PID=4804) to work on /home/airflow/.local/lib/python3.8/site-packages/airflow/example_dags/example_external_task_marker_dag.py
[2024-02-21T13:55:08.121+0000] {processor.py:830} INFO - Processing file /home/airflow/.local/lib/python3.8/site-packages/airflow/example_dags/example_external_task_marker_dag.py for tasks to queue
[2024-02-21T13:55:08.123+0000] {logging_mixin.py:188} INFO - [2024-02-21T13:55:08.122+0000] {dagbag.py:538} INFO - Filling up the DagBag from /home/airflow/.local/lib/python3.8/site-packages/airflow/example_dags/example_external_task_marker_dag.py
[2024-02-21T13:55:08.133+0000] {processor.py:840} INFO - DAG(s) 'example_external_task_marker_child', 'example_external_task_marker_parent' retrieved from /home/airflow/.local/lib/python3.8/site-packages/airflow/example_dags/example_external_task_marker_dag.py
[2024-02-21T13:55:08.165+0000] {logging_mixin.py:188} INFO - [2024-02-21T13:55:08.165+0000] {dag.py:3033} INFO - Sync 2 DAGs
[2024-02-21T13:55:08.183+0000] {logging_mixin.py:188} INFO - [2024-02-21T13:55:08.183+0000] {dag.py:3820} INFO - Setting next_dagrun for example_external_task_marker_child to None, run_after=None
[2024-02-21T13:55:08.188+0000] {logging_mixin.py:188} INFO - [2024-02-21T13:55:08.188+0000] {dag.py:3820} INFO - Setting next_dagrun for example_external_task_marker_parent to None, run_after=None
[2024-02-21T13:55:08.211+0000] {processor.py:183} INFO - Processing /home/airflow/.local/lib/python3.8/site-packages/airflow/example_dags/example_external_task_marker_dag.py took 0.095 seconds
[2024-02-21T13:55:38.584+0000] {processor.py:161} INFO - Started process (PID=4862) to work on /home/airflow/.local/lib/python3.8/site-packages/airflow/example_dags/example_external_task_marker_dag.py
[2024-02-21T13:55:38.586+0000] {processor.py:830} INFO - Processing file /home/airflow/.local/lib/python3.8/site-packages/airflow/example_dags/example_external_task_marker_dag.py for tasks to queue
[2024-02-21T13:55:38.587+0000] {logging_mixin.py:188} INFO - [2024-02-21T13:55:38.587+0000] {dagbag.py:538} INFO - Filling up the DagBag from /home/airflow/.local/lib/python3.8/site-packages/airflow/example_dags/example_external_task_marker_dag.py
[2024-02-21T13:55:38.595+0000] {processor.py:840} INFO - DAG(s) 'example_external_task_marker_parent', 'example_external_task_marker_child' retrieved from /home/airflow/.local/lib/python3.8/site-packages/airflow/example_dags/example_external_task_marker_dag.py
[2024-02-21T13:55:38.624+0000] {logging_mixin.py:188} INFO - [2024-02-21T13:55:38.624+0000] {dag.py:3033} INFO - Sync 2 DAGs
[2024-02-21T13:55:38.641+0000] {logging_mixin.py:188} INFO - [2024-02-21T13:55:38.641+0000] {dag.py:3820} INFO - Setting next_dagrun for example_external_task_marker_child to None, run_after=None
[2024-02-21T13:55:38.647+0000] {logging_mixin.py:188} INFO - [2024-02-21T13:55:38.646+0000] {dag.py:3820} INFO - Setting next_dagrun for example_external_task_marker_parent to None, run_after=None
[2024-02-21T13:55:38.670+0000] {processor.py:183} INFO - Processing /home/airflow/.local/lib/python3.8/site-packages/airflow/example_dags/example_external_task_marker_dag.py took 0.090 seconds
