[2024-02-21T13:50:58.196+0000] {processor.py:161} INFO - Started process (PID=4320) to work on /home/airflow/.local/lib/python3.8/site-packages/airflow/example_dags/example_short_circuit_operator.py
[2024-02-21T13:50:58.202+0000] {processor.py:830} INFO - Processing file /home/airflow/.local/lib/python3.8/site-packages/airflow/example_dags/example_short_circuit_operator.py for tasks to queue
[2024-02-21T13:50:58.204+0000] {logging_mixin.py:188} INFO - [2024-02-21T13:50:58.204+0000] {dagbag.py:538} INFO - Filling up the DagBag from /home/airflow/.local/lib/python3.8/site-packages/airflow/example_dags/example_short_circuit_operator.py
[2024-02-21T13:50:58.226+0000] {processor.py:840} INFO - DAG(s) 'example_short_circuit_operator' retrieved from /home/airflow/.local/lib/python3.8/site-packages/airflow/example_dags/example_short_circuit_operator.py
[2024-02-21T13:50:58.303+0000] {logging_mixin.py:188} INFO - [2024-02-21T13:50:58.303+0000] {dag.py:3033} INFO - Sync 1 DAGs
[2024-02-21T13:50:58.404+0000] {logging_mixin.py:188} INFO - [2024-02-21T13:50:58.404+0000] {dag.py:3820} INFO - Setting next_dagrun for example_short_circuit_operator to 2024-02-20T00:00:00+00:00, run_after=2024-02-21T00:00:00+00:00
[2024-02-21T13:50:58.460+0000] {processor.py:183} INFO - Processing /home/airflow/.local/lib/python3.8/site-packages/airflow/example_dags/example_short_circuit_operator.py took 0.271 seconds
[2024-02-21T13:51:29.313+0000] {processor.py:161} INFO - Started process (PID=4377) to work on /home/airflow/.local/lib/python3.8/site-packages/airflow/example_dags/example_short_circuit_operator.py
[2024-02-21T13:51:29.315+0000] {processor.py:830} INFO - Processing file /home/airflow/.local/lib/python3.8/site-packages/airflow/example_dags/example_short_circuit_operator.py for tasks to queue
[2024-02-21T13:51:29.316+0000] {logging_mixin.py:188} INFO - [2024-02-21T13:51:29.316+0000] {dagbag.py:538} INFO - Filling up the DagBag from /home/airflow/.local/lib/python3.8/site-packages/airflow/example_dags/example_short_circuit_operator.py
[2024-02-21T13:51:29.334+0000] {processor.py:840} INFO - DAG(s) 'example_short_circuit_operator' retrieved from /home/airflow/.local/lib/python3.8/site-packages/airflow/example_dags/example_short_circuit_operator.py
[2024-02-21T13:51:29.370+0000] {logging_mixin.py:188} INFO - [2024-02-21T13:51:29.370+0000] {dag.py:3033} INFO - Sync 1 DAGs
[2024-02-21T13:51:29.412+0000] {logging_mixin.py:188} INFO - [2024-02-21T13:51:29.412+0000] {dag.py:3820} INFO - Setting next_dagrun for example_short_circuit_operator to 2024-02-20T00:00:00+00:00, run_after=2024-02-21T00:00:00+00:00
[2024-02-21T13:51:29.446+0000] {processor.py:183} INFO - Processing /home/airflow/.local/lib/python3.8/site-packages/airflow/example_dags/example_short_circuit_operator.py took 0.139 seconds
[2024-02-21T13:51:59.906+0000] {processor.py:161} INFO - Started process (PID=4434) to work on /home/airflow/.local/lib/python3.8/site-packages/airflow/example_dags/example_short_circuit_operator.py
[2024-02-21T13:51:59.908+0000] {processor.py:830} INFO - Processing file /home/airflow/.local/lib/python3.8/site-packages/airflow/example_dags/example_short_circuit_operator.py for tasks to queue
[2024-02-21T13:51:59.909+0000] {logging_mixin.py:188} INFO - [2024-02-21T13:51:59.909+0000] {dagbag.py:538} INFO - Filling up the DagBag from /home/airflow/.local/lib/python3.8/site-packages/airflow/example_dags/example_short_circuit_operator.py
[2024-02-21T13:51:59.930+0000] {processor.py:840} INFO - DAG(s) 'example_short_circuit_operator' retrieved from /home/airflow/.local/lib/python3.8/site-packages/airflow/example_dags/example_short_circuit_operator.py
[2024-02-21T13:51:59.967+0000] {logging_mixin.py:188} INFO - [2024-02-21T13:51:59.966+0000] {dag.py:3033} INFO - Sync 1 DAGs
[2024-02-21T13:52:00.000+0000] {logging_mixin.py:188} INFO - [2024-02-21T13:52:00.000+0000] {dag.py:3820} INFO - Setting next_dagrun for example_short_circuit_operator to 2024-02-20T00:00:00+00:00, run_after=2024-02-21T00:00:00+00:00
[2024-02-21T13:52:00.036+0000] {processor.py:183} INFO - Processing /home/airflow/.local/lib/python3.8/site-packages/airflow/example_dags/example_short_circuit_operator.py took 0.138 seconds
[2024-02-21T13:52:30.779+0000] {processor.py:161} INFO - Started process (PID=4497) to work on /home/airflow/.local/lib/python3.8/site-packages/airflow/example_dags/example_short_circuit_operator.py
[2024-02-21T13:52:30.780+0000] {processor.py:830} INFO - Processing file /home/airflow/.local/lib/python3.8/site-packages/airflow/example_dags/example_short_circuit_operator.py for tasks to queue
[2024-02-21T13:52:30.781+0000] {logging_mixin.py:188} INFO - [2024-02-21T13:52:30.781+0000] {dagbag.py:538} INFO - Filling up the DagBag from /home/airflow/.local/lib/python3.8/site-packages/airflow/example_dags/example_short_circuit_operator.py
[2024-02-21T13:52:30.796+0000] {processor.py:840} INFO - DAG(s) 'example_short_circuit_operator' retrieved from /home/airflow/.local/lib/python3.8/site-packages/airflow/example_dags/example_short_circuit_operator.py
[2024-02-21T13:52:30.829+0000] {logging_mixin.py:188} INFO - [2024-02-21T13:52:30.829+0000] {dag.py:3033} INFO - Sync 1 DAGs
[2024-02-21T13:52:30.863+0000] {logging_mixin.py:188} INFO - [2024-02-21T13:52:30.863+0000] {dag.py:3820} INFO - Setting next_dagrun for example_short_circuit_operator to 2024-02-20T00:00:00+00:00, run_after=2024-02-21T00:00:00+00:00
[2024-02-21T13:52:30.891+0000] {processor.py:183} INFO - Processing /home/airflow/.local/lib/python3.8/site-packages/airflow/example_dags/example_short_circuit_operator.py took 0.116 seconds
[2024-02-21T13:53:01.069+0000] {processor.py:161} INFO - Started process (PID=4554) to work on /home/airflow/.local/lib/python3.8/site-packages/airflow/example_dags/example_short_circuit_operator.py
[2024-02-21T13:53:01.071+0000] {processor.py:830} INFO - Processing file /home/airflow/.local/lib/python3.8/site-packages/airflow/example_dags/example_short_circuit_operator.py for tasks to queue
[2024-02-21T13:53:01.072+0000] {logging_mixin.py:188} INFO - [2024-02-21T13:53:01.072+0000] {dagbag.py:538} INFO - Filling up the DagBag from /home/airflow/.local/lib/python3.8/site-packages/airflow/example_dags/example_short_circuit_operator.py
[2024-02-21T13:53:01.083+0000] {processor.py:840} INFO - DAG(s) 'example_short_circuit_operator' retrieved from /home/airflow/.local/lib/python3.8/site-packages/airflow/example_dags/example_short_circuit_operator.py
[2024-02-21T13:53:01.116+0000] {logging_mixin.py:188} INFO - [2024-02-21T13:53:01.116+0000] {dag.py:3033} INFO - Sync 1 DAGs
[2024-02-21T13:53:01.145+0000] {logging_mixin.py:188} INFO - [2024-02-21T13:53:01.145+0000] {dag.py:3820} INFO - Setting next_dagrun for example_short_circuit_operator to 2024-02-20T00:00:00+00:00, run_after=2024-02-21T00:00:00+00:00
[2024-02-21T13:53:01.205+0000] {processor.py:183} INFO - Processing /home/airflow/.local/lib/python3.8/site-packages/airflow/example_dags/example_short_circuit_operator.py took 0.142 seconds
[2024-02-21T13:53:32.173+0000] {processor.py:161} INFO - Started process (PID=4611) to work on /home/airflow/.local/lib/python3.8/site-packages/airflow/example_dags/example_short_circuit_operator.py
[2024-02-21T13:53:32.175+0000] {processor.py:830} INFO - Processing file /home/airflow/.local/lib/python3.8/site-packages/airflow/example_dags/example_short_circuit_operator.py for tasks to queue
[2024-02-21T13:53:32.177+0000] {logging_mixin.py:188} INFO - [2024-02-21T13:53:32.176+0000] {dagbag.py:538} INFO - Filling up the DagBag from /home/airflow/.local/lib/python3.8/site-packages/airflow/example_dags/example_short_circuit_operator.py
[2024-02-21T13:53:32.192+0000] {processor.py:840} INFO - DAG(s) 'example_short_circuit_operator' retrieved from /home/airflow/.local/lib/python3.8/site-packages/airflow/example_dags/example_short_circuit_operator.py
[2024-02-21T13:53:32.225+0000] {logging_mixin.py:188} INFO - [2024-02-21T13:53:32.225+0000] {dag.py:3033} INFO - Sync 1 DAGs
[2024-02-21T13:53:32.259+0000] {logging_mixin.py:188} INFO - [2024-02-21T13:53:32.259+0000] {dag.py:3820} INFO - Setting next_dagrun for example_short_circuit_operator to 2024-02-20T00:00:00+00:00, run_after=2024-02-21T00:00:00+00:00
[2024-02-21T13:53:32.325+0000] {processor.py:183} INFO - Processing /home/airflow/.local/lib/python3.8/site-packages/airflow/example_dags/example_short_circuit_operator.py took 0.158 seconds
[2024-02-21T13:54:02.735+0000] {processor.py:161} INFO - Started process (PID=4668) to work on /home/airflow/.local/lib/python3.8/site-packages/airflow/example_dags/example_short_circuit_operator.py
[2024-02-21T13:54:02.736+0000] {processor.py:830} INFO - Processing file /home/airflow/.local/lib/python3.8/site-packages/airflow/example_dags/example_short_circuit_operator.py for tasks to queue
[2024-02-21T13:54:02.737+0000] {logging_mixin.py:188} INFO - [2024-02-21T13:54:02.737+0000] {dagbag.py:538} INFO - Filling up the DagBag from /home/airflow/.local/lib/python3.8/site-packages/airflow/example_dags/example_short_circuit_operator.py
[2024-02-21T13:54:02.749+0000] {processor.py:840} INFO - DAG(s) 'example_short_circuit_operator' retrieved from /home/airflow/.local/lib/python3.8/site-packages/airflow/example_dags/example_short_circuit_operator.py
[2024-02-21T13:54:02.785+0000] {logging_mixin.py:188} INFO - [2024-02-21T13:54:02.784+0000] {dag.py:3033} INFO - Sync 1 DAGs
[2024-02-21T13:54:02.821+0000] {logging_mixin.py:188} INFO - [2024-02-21T13:54:02.821+0000] {dag.py:3820} INFO - Setting next_dagrun for example_short_circuit_operator to 2024-02-20T00:00:00+00:00, run_after=2024-02-21T00:00:00+00:00
[2024-02-21T13:54:02.848+0000] {processor.py:183} INFO - Processing /home/airflow/.local/lib/python3.8/site-packages/airflow/example_dags/example_short_circuit_operator.py took 0.118 seconds
[2024-02-21T13:54:33.447+0000] {processor.py:161} INFO - Started process (PID=4725) to work on /home/airflow/.local/lib/python3.8/site-packages/airflow/example_dags/example_short_circuit_operator.py
[2024-02-21T13:54:33.452+0000] {processor.py:830} INFO - Processing file /home/airflow/.local/lib/python3.8/site-packages/airflow/example_dags/example_short_circuit_operator.py for tasks to queue
[2024-02-21T13:54:33.453+0000] {logging_mixin.py:188} INFO - [2024-02-21T13:54:33.453+0000] {dagbag.py:538} INFO - Filling up the DagBag from /home/airflow/.local/lib/python3.8/site-packages/airflow/example_dags/example_short_circuit_operator.py
[2024-02-21T13:54:33.468+0000] {processor.py:840} INFO - DAG(s) 'example_short_circuit_operator' retrieved from /home/airflow/.local/lib/python3.8/site-packages/airflow/example_dags/example_short_circuit_operator.py
[2024-02-21T13:54:33.502+0000] {logging_mixin.py:188} INFO - [2024-02-21T13:54:33.502+0000] {dag.py:3033} INFO - Sync 1 DAGs
[2024-02-21T13:54:33.539+0000] {logging_mixin.py:188} INFO - [2024-02-21T13:54:33.539+0000] {dag.py:3820} INFO - Setting next_dagrun for example_short_circuit_operator to 2024-02-20T00:00:00+00:00, run_after=2024-02-21T00:00:00+00:00
[2024-02-21T13:54:33.567+0000] {processor.py:183} INFO - Processing /home/airflow/.local/lib/python3.8/site-packages/airflow/example_dags/example_short_circuit_operator.py took 0.126 seconds
[2024-02-21T13:55:04.500+0000] {processor.py:161} INFO - Started process (PID=4782) to work on /home/airflow/.local/lib/python3.8/site-packages/airflow/example_dags/example_short_circuit_operator.py
[2024-02-21T13:55:04.501+0000] {processor.py:830} INFO - Processing file /home/airflow/.local/lib/python3.8/site-packages/airflow/example_dags/example_short_circuit_operator.py for tasks to queue
[2024-02-21T13:55:04.502+0000] {logging_mixin.py:188} INFO - [2024-02-21T13:55:04.502+0000] {dagbag.py:538} INFO - Filling up the DagBag from /home/airflow/.local/lib/python3.8/site-packages/airflow/example_dags/example_short_circuit_operator.py
[2024-02-21T13:55:04.513+0000] {processor.py:840} INFO - DAG(s) 'example_short_circuit_operator' retrieved from /home/airflow/.local/lib/python3.8/site-packages/airflow/example_dags/example_short_circuit_operator.py
[2024-02-21T13:55:04.544+0000] {logging_mixin.py:188} INFO - [2024-02-21T13:55:04.544+0000] {dag.py:3033} INFO - Sync 1 DAGs
[2024-02-21T13:55:04.568+0000] {logging_mixin.py:188} INFO - [2024-02-21T13:55:04.568+0000] {dag.py:3820} INFO - Setting next_dagrun for example_short_circuit_operator to 2024-02-20T00:00:00+00:00, run_after=2024-02-21T00:00:00+00:00
[2024-02-21T13:55:04.590+0000] {processor.py:183} INFO - Processing /home/airflow/.local/lib/python3.8/site-packages/airflow/example_dags/example_short_circuit_operator.py took 0.095 seconds
[2024-02-21T13:55:34.803+0000] {processor.py:161} INFO - Started process (PID=4840) to work on /home/airflow/.local/lib/python3.8/site-packages/airflow/example_dags/example_short_circuit_operator.py
[2024-02-21T13:55:34.805+0000] {processor.py:830} INFO - Processing file /home/airflow/.local/lib/python3.8/site-packages/airflow/example_dags/example_short_circuit_operator.py for tasks to queue
[2024-02-21T13:55:34.806+0000] {logging_mixin.py:188} INFO - [2024-02-21T13:55:34.806+0000] {dagbag.py:538} INFO - Filling up the DagBag from /home/airflow/.local/lib/python3.8/site-packages/airflow/example_dags/example_short_circuit_operator.py
[2024-02-21T13:55:34.822+0000] {processor.py:840} INFO - DAG(s) 'example_short_circuit_operator' retrieved from /home/airflow/.local/lib/python3.8/site-packages/airflow/example_dags/example_short_circuit_operator.py
[2024-02-21T13:55:34.855+0000] {logging_mixin.py:188} INFO - [2024-02-21T13:55:34.854+0000] {dag.py:3033} INFO - Sync 1 DAGs
[2024-02-21T13:55:34.888+0000] {logging_mixin.py:188} INFO - [2024-02-21T13:55:34.888+0000] {dag.py:3820} INFO - Setting next_dagrun for example_short_circuit_operator to 2024-02-20T00:00:00+00:00, run_after=2024-02-21T00:00:00+00:00
[2024-02-21T13:55:34.935+0000] {processor.py:183} INFO - Processing /home/airflow/.local/lib/python3.8/site-packages/airflow/example_dags/example_short_circuit_operator.py took 0.145 seconds
[2024-02-21T15:52:09.189+0000] {processor.py:161} INFO - Started process (PID=4872) to work on /home/airflow/.local/lib/python3.8/site-packages/airflow/example_dags/example_short_circuit_operator.py
[2024-02-21T15:52:09.196+0000] {processor.py:830} INFO - Processing file /home/airflow/.local/lib/python3.8/site-packages/airflow/example_dags/example_short_circuit_operator.py for tasks to queue
[2024-02-21T15:52:09.205+0000] {logging_mixin.py:188} INFO - [2024-02-21T15:52:09.205+0000] {dagbag.py:538} INFO - Filling up the DagBag from /home/airflow/.local/lib/python3.8/site-packages/airflow/example_dags/example_short_circuit_operator.py
[2024-02-21T15:52:09.249+0000] {processor.py:840} INFO - DAG(s) 'example_short_circuit_operator' retrieved from /home/airflow/.local/lib/python3.8/site-packages/airflow/example_dags/example_short_circuit_operator.py
[2024-02-21T15:52:09.368+0000] {logging_mixin.py:188} INFO - [2024-02-21T15:52:09.368+0000] {dag.py:3033} INFO - Sync 1 DAGs
[2024-02-21T15:52:09.488+0000] {logging_mixin.py:188} INFO - [2024-02-21T15:52:09.488+0000] {dag.py:3820} INFO - Setting next_dagrun for example_short_circuit_operator to 2024-02-20T00:00:00+00:00, run_after=2024-02-21T00:00:00+00:00
[2024-02-21T15:52:09.592+0000] {processor.py:183} INFO - Processing /home/airflow/.local/lib/python3.8/site-packages/airflow/example_dags/example_short_circuit_operator.py took 0.410 seconds
