[2024-02-21T13:51:02.074+0000] {processor.py:161} INFO - Started process (PID=4340) to work on /home/airflow/.local/lib/python3.8/site-packages/airflow/example_dags/example_xcomargs.py
[2024-02-21T13:51:02.086+0000] {processor.py:830} INFO - Processing file /home/airflow/.local/lib/python3.8/site-packages/airflow/example_dags/example_xcomargs.py for tasks to queue
[2024-02-21T13:51:02.088+0000] {logging_mixin.py:188} INFO - [2024-02-21T13:51:02.087+0000] {dagbag.py:538} INFO - Filling up the DagBag from /home/airflow/.local/lib/python3.8/site-packages/airflow/example_dags/example_xcomargs.py
[2024-02-21T13:51:02.124+0000] {processor.py:840} INFO - DAG(s) 'example_xcom_args', 'example_xcom_args_with_operators' retrieved from /home/airflow/.local/lib/python3.8/site-packages/airflow/example_dags/example_xcomargs.py
[2024-02-21T13:51:02.208+0000] {logging_mixin.py:188} INFO - [2024-02-21T13:51:02.208+0000] {dag.py:3033} INFO - Sync 2 DAGs
[2024-02-21T13:51:02.269+0000] {logging_mixin.py:188} INFO - [2024-02-21T13:51:02.268+0000] {dag.py:3820} INFO - Setting next_dagrun for example_xcom_args to None, run_after=None
[2024-02-21T13:51:02.288+0000] {logging_mixin.py:188} INFO - [2024-02-21T13:51:02.287+0000] {dag.py:3820} INFO - Setting next_dagrun for example_xcom_args_with_operators to None, run_after=None
[2024-02-21T13:51:02.376+0000] {processor.py:183} INFO - Processing /home/airflow/.local/lib/python3.8/site-packages/airflow/example_dags/example_xcomargs.py took 0.309 seconds
[2024-02-21T13:51:32.960+0000] {processor.py:161} INFO - Started process (PID=4397) to work on /home/airflow/.local/lib/python3.8/site-packages/airflow/example_dags/example_xcomargs.py
[2024-02-21T13:51:32.962+0000] {processor.py:830} INFO - Processing file /home/airflow/.local/lib/python3.8/site-packages/airflow/example_dags/example_xcomargs.py for tasks to queue
[2024-02-21T13:51:32.964+0000] {logging_mixin.py:188} INFO - [2024-02-21T13:51:32.963+0000] {dagbag.py:538} INFO - Filling up the DagBag from /home/airflow/.local/lib/python3.8/site-packages/airflow/example_dags/example_xcomargs.py
[2024-02-21T13:51:32.983+0000] {processor.py:840} INFO - DAG(s) 'example_xcom_args_with_operators', 'example_xcom_args' retrieved from /home/airflow/.local/lib/python3.8/site-packages/airflow/example_dags/example_xcomargs.py
[2024-02-21T13:51:33.037+0000] {logging_mixin.py:188} INFO - [2024-02-21T13:51:33.037+0000] {dag.py:3033} INFO - Sync 2 DAGs
[2024-02-21T13:51:33.067+0000] {logging_mixin.py:188} INFO - [2024-02-21T13:51:33.067+0000] {dag.py:3820} INFO - Setting next_dagrun for example_xcom_args to None, run_after=None
[2024-02-21T13:51:33.073+0000] {logging_mixin.py:188} INFO - [2024-02-21T13:51:33.073+0000] {dag.py:3820} INFO - Setting next_dagrun for example_xcom_args_with_operators to None, run_after=None
[2024-02-21T13:51:33.101+0000] {processor.py:183} INFO - Processing /home/airflow/.local/lib/python3.8/site-packages/airflow/example_dags/example_xcomargs.py took 0.147 seconds
[2024-02-21T13:52:03.219+0000] {processor.py:161} INFO - Started process (PID=4454) to work on /home/airflow/.local/lib/python3.8/site-packages/airflow/example_dags/example_xcomargs.py
[2024-02-21T13:52:03.220+0000] {processor.py:830} INFO - Processing file /home/airflow/.local/lib/python3.8/site-packages/airflow/example_dags/example_xcomargs.py for tasks to queue
[2024-02-21T13:52:03.222+0000] {logging_mixin.py:188} INFO - [2024-02-21T13:52:03.221+0000] {dagbag.py:538} INFO - Filling up the DagBag from /home/airflow/.local/lib/python3.8/site-packages/airflow/example_dags/example_xcomargs.py
[2024-02-21T13:52:03.237+0000] {processor.py:840} INFO - DAG(s) 'example_xcom_args', 'example_xcom_args_with_operators' retrieved from /home/airflow/.local/lib/python3.8/site-packages/airflow/example_dags/example_xcomargs.py
[2024-02-21T13:52:03.276+0000] {logging_mixin.py:188} INFO - [2024-02-21T13:52:03.276+0000] {dag.py:3033} INFO - Sync 2 DAGs
[2024-02-21T13:52:03.298+0000] {logging_mixin.py:188} INFO - [2024-02-21T13:52:03.298+0000] {dag.py:3820} INFO - Setting next_dagrun for example_xcom_args to None, run_after=None
[2024-02-21T13:52:03.304+0000] {logging_mixin.py:188} INFO - [2024-02-21T13:52:03.304+0000] {dag.py:3820} INFO - Setting next_dagrun for example_xcom_args_with_operators to None, run_after=None
[2024-02-21T13:52:03.366+0000] {processor.py:183} INFO - Processing /home/airflow/.local/lib/python3.8/site-packages/airflow/example_dags/example_xcomargs.py took 0.155 seconds
[2024-02-21T13:52:33.851+0000] {processor.py:161} INFO - Started process (PID=4511) to work on /home/airflow/.local/lib/python3.8/site-packages/airflow/example_dags/example_xcomargs.py
[2024-02-21T13:52:33.853+0000] {processor.py:830} INFO - Processing file /home/airflow/.local/lib/python3.8/site-packages/airflow/example_dags/example_xcomargs.py for tasks to queue
[2024-02-21T13:52:33.854+0000] {logging_mixin.py:188} INFO - [2024-02-21T13:52:33.854+0000] {dagbag.py:538} INFO - Filling up the DagBag from /home/airflow/.local/lib/python3.8/site-packages/airflow/example_dags/example_xcomargs.py
[2024-02-21T13:52:33.864+0000] {processor.py:840} INFO - DAG(s) 'example_xcom_args', 'example_xcom_args_with_operators' retrieved from /home/airflow/.local/lib/python3.8/site-packages/airflow/example_dags/example_xcomargs.py
[2024-02-21T13:52:33.894+0000] {logging_mixin.py:188} INFO - [2024-02-21T13:52:33.894+0000] {dag.py:3033} INFO - Sync 2 DAGs
[2024-02-21T13:52:33.911+0000] {logging_mixin.py:188} INFO - [2024-02-21T13:52:33.911+0000] {dag.py:3820} INFO - Setting next_dagrun for example_xcom_args to None, run_after=None
[2024-02-21T13:52:33.916+0000] {logging_mixin.py:188} INFO - [2024-02-21T13:52:33.916+0000] {dag.py:3820} INFO - Setting next_dagrun for example_xcom_args_with_operators to None, run_after=None
[2024-02-21T13:52:33.971+0000] {processor.py:183} INFO - Processing /home/airflow/.local/lib/python3.8/site-packages/airflow/example_dags/example_xcomargs.py took 0.124 seconds
[2024-02-21T13:53:04.447+0000] {processor.py:161} INFO - Started process (PID=4568) to work on /home/airflow/.local/lib/python3.8/site-packages/airflow/example_dags/example_xcomargs.py
[2024-02-21T13:53:04.449+0000] {processor.py:830} INFO - Processing file /home/airflow/.local/lib/python3.8/site-packages/airflow/example_dags/example_xcomargs.py for tasks to queue
[2024-02-21T13:53:04.451+0000] {logging_mixin.py:188} INFO - [2024-02-21T13:53:04.450+0000] {dagbag.py:538} INFO - Filling up the DagBag from /home/airflow/.local/lib/python3.8/site-packages/airflow/example_dags/example_xcomargs.py
[2024-02-21T13:53:04.465+0000] {processor.py:840} INFO - DAG(s) 'example_xcom_args', 'example_xcom_args_with_operators' retrieved from /home/airflow/.local/lib/python3.8/site-packages/airflow/example_dags/example_xcomargs.py
[2024-02-21T13:53:04.500+0000] {logging_mixin.py:188} INFO - [2024-02-21T13:53:04.500+0000] {dag.py:3033} INFO - Sync 2 DAGs
[2024-02-21T13:53:04.520+0000] {logging_mixin.py:188} INFO - [2024-02-21T13:53:04.519+0000] {dag.py:3820} INFO - Setting next_dagrun for example_xcom_args to None, run_after=None
[2024-02-21T13:53:04.525+0000] {logging_mixin.py:188} INFO - [2024-02-21T13:53:04.525+0000] {dag.py:3820} INFO - Setting next_dagrun for example_xcom_args_with_operators to None, run_after=None
[2024-02-21T13:53:04.549+0000] {processor.py:183} INFO - Processing /home/airflow/.local/lib/python3.8/site-packages/airflow/example_dags/example_xcomargs.py took 0.108 seconds
[2024-02-21T13:53:35.572+0000] {processor.py:161} INFO - Started process (PID=4625) to work on /home/airflow/.local/lib/python3.8/site-packages/airflow/example_dags/example_xcomargs.py
[2024-02-21T13:53:35.573+0000] {processor.py:830} INFO - Processing file /home/airflow/.local/lib/python3.8/site-packages/airflow/example_dags/example_xcomargs.py for tasks to queue
[2024-02-21T13:53:35.575+0000] {logging_mixin.py:188} INFO - [2024-02-21T13:53:35.574+0000] {dagbag.py:538} INFO - Filling up the DagBag from /home/airflow/.local/lib/python3.8/site-packages/airflow/example_dags/example_xcomargs.py
[2024-02-21T13:53:35.586+0000] {processor.py:840} INFO - DAG(s) 'example_xcom_args_with_operators', 'example_xcom_args' retrieved from /home/airflow/.local/lib/python3.8/site-packages/airflow/example_dags/example_xcomargs.py
[2024-02-21T13:53:35.618+0000] {logging_mixin.py:188} INFO - [2024-02-21T13:53:35.617+0000] {dag.py:3033} INFO - Sync 2 DAGs
[2024-02-21T13:53:35.638+0000] {logging_mixin.py:188} INFO - [2024-02-21T13:53:35.638+0000] {dag.py:3820} INFO - Setting next_dagrun for example_xcom_args to None, run_after=None
[2024-02-21T13:53:35.643+0000] {logging_mixin.py:188} INFO - [2024-02-21T13:53:35.642+0000] {dag.py:3820} INFO - Setting next_dagrun for example_xcom_args_with_operators to None, run_after=None
[2024-02-21T13:53:35.670+0000] {processor.py:183} INFO - Processing /home/airflow/.local/lib/python3.8/site-packages/airflow/example_dags/example_xcomargs.py took 0.102 seconds
[2024-02-21T13:54:05.991+0000] {processor.py:161} INFO - Started process (PID=4682) to work on /home/airflow/.local/lib/python3.8/site-packages/airflow/example_dags/example_xcomargs.py
[2024-02-21T13:54:05.992+0000] {processor.py:830} INFO - Processing file /home/airflow/.local/lib/python3.8/site-packages/airflow/example_dags/example_xcomargs.py for tasks to queue
[2024-02-21T13:54:05.994+0000] {logging_mixin.py:188} INFO - [2024-02-21T13:54:05.993+0000] {dagbag.py:538} INFO - Filling up the DagBag from /home/airflow/.local/lib/python3.8/site-packages/airflow/example_dags/example_xcomargs.py
[2024-02-21T13:54:06.007+0000] {processor.py:840} INFO - DAG(s) 'example_xcom_args_with_operators', 'example_xcom_args' retrieved from /home/airflow/.local/lib/python3.8/site-packages/airflow/example_dags/example_xcomargs.py
[2024-02-21T13:54:06.055+0000] {logging_mixin.py:188} INFO - [2024-02-21T13:54:06.055+0000] {dag.py:3033} INFO - Sync 2 DAGs
[2024-02-21T13:54:06.073+0000] {logging_mixin.py:188} INFO - [2024-02-21T13:54:06.073+0000] {dag.py:3820} INFO - Setting next_dagrun for example_xcom_args to None, run_after=None
[2024-02-21T13:54:06.078+0000] {logging_mixin.py:188} INFO - [2024-02-21T13:54:06.077+0000] {dag.py:3820} INFO - Setting next_dagrun for example_xcom_args_with_operators to None, run_after=None
[2024-02-21T13:54:06.097+0000] {processor.py:183} INFO - Processing /home/airflow/.local/lib/python3.8/site-packages/airflow/example_dags/example_xcomargs.py took 0.111 seconds
[2024-02-21T13:54:36.576+0000] {processor.py:161} INFO - Started process (PID=4739) to work on /home/airflow/.local/lib/python3.8/site-packages/airflow/example_dags/example_xcomargs.py
[2024-02-21T13:54:36.577+0000] {processor.py:830} INFO - Processing file /home/airflow/.local/lib/python3.8/site-packages/airflow/example_dags/example_xcomargs.py for tasks to queue
[2024-02-21T13:54:36.578+0000] {logging_mixin.py:188} INFO - [2024-02-21T13:54:36.578+0000] {dagbag.py:538} INFO - Filling up the DagBag from /home/airflow/.local/lib/python3.8/site-packages/airflow/example_dags/example_xcomargs.py
[2024-02-21T13:54:36.590+0000] {processor.py:840} INFO - DAG(s) 'example_xcom_args_with_operators', 'example_xcom_args' retrieved from /home/airflow/.local/lib/python3.8/site-packages/airflow/example_dags/example_xcomargs.py
[2024-02-21T13:54:36.618+0000] {logging_mixin.py:188} INFO - [2024-02-21T13:54:36.618+0000] {dag.py:3033} INFO - Sync 2 DAGs
[2024-02-21T13:54:36.634+0000] {logging_mixin.py:188} INFO - [2024-02-21T13:54:36.634+0000] {dag.py:3820} INFO - Setting next_dagrun for example_xcom_args to None, run_after=None
[2024-02-21T13:54:36.640+0000] {logging_mixin.py:188} INFO - [2024-02-21T13:54:36.639+0000] {dag.py:3820} INFO - Setting next_dagrun for example_xcom_args_with_operators to None, run_after=None
[2024-02-21T13:54:36.665+0000] {processor.py:183} INFO - Processing /home/airflow/.local/lib/python3.8/site-packages/airflow/example_dags/example_xcomargs.py took 0.094 seconds
[2024-02-21T13:55:07.535+0000] {processor.py:161} INFO - Started process (PID=4796) to work on /home/airflow/.local/lib/python3.8/site-packages/airflow/example_dags/example_xcomargs.py
[2024-02-21T13:55:07.537+0000] {processor.py:830} INFO - Processing file /home/airflow/.local/lib/python3.8/site-packages/airflow/example_dags/example_xcomargs.py for tasks to queue
[2024-02-21T13:55:07.538+0000] {logging_mixin.py:188} INFO - [2024-02-21T13:55:07.538+0000] {dagbag.py:538} INFO - Filling up the DagBag from /home/airflow/.local/lib/python3.8/site-packages/airflow/example_dags/example_xcomargs.py
[2024-02-21T13:55:07.549+0000] {processor.py:840} INFO - DAG(s) 'example_xcom_args_with_operators', 'example_xcom_args' retrieved from /home/airflow/.local/lib/python3.8/site-packages/airflow/example_dags/example_xcomargs.py
[2024-02-21T13:55:07.583+0000] {logging_mixin.py:188} INFO - [2024-02-21T13:55:07.583+0000] {dag.py:3033} INFO - Sync 2 DAGs
[2024-02-21T13:55:07.598+0000] {logging_mixin.py:188} INFO - [2024-02-21T13:55:07.598+0000] {dag.py:3820} INFO - Setting next_dagrun for example_xcom_args to None, run_after=None
[2024-02-21T13:55:07.603+0000] {logging_mixin.py:188} INFO - [2024-02-21T13:55:07.603+0000] {dag.py:3820} INFO - Setting next_dagrun for example_xcom_args_with_operators to None, run_after=None
[2024-02-21T13:55:07.629+0000] {processor.py:183} INFO - Processing /home/airflow/.local/lib/python3.8/site-packages/airflow/example_dags/example_xcomargs.py took 0.098 seconds
[2024-02-21T13:55:38.050+0000] {processor.py:161} INFO - Started process (PID=4854) to work on /home/airflow/.local/lib/python3.8/site-packages/airflow/example_dags/example_xcomargs.py
[2024-02-21T13:55:38.051+0000] {processor.py:830} INFO - Processing file /home/airflow/.local/lib/python3.8/site-packages/airflow/example_dags/example_xcomargs.py for tasks to queue
[2024-02-21T13:55:38.053+0000] {logging_mixin.py:188} INFO - [2024-02-21T13:55:38.053+0000] {dagbag.py:538} INFO - Filling up the DagBag from /home/airflow/.local/lib/python3.8/site-packages/airflow/example_dags/example_xcomargs.py
[2024-02-21T13:55:38.064+0000] {processor.py:840} INFO - DAG(s) 'example_xcom_args_with_operators', 'example_xcom_args' retrieved from /home/airflow/.local/lib/python3.8/site-packages/airflow/example_dags/example_xcomargs.py
[2024-02-21T13:55:38.098+0000] {logging_mixin.py:188} INFO - [2024-02-21T13:55:38.098+0000] {dag.py:3033} INFO - Sync 2 DAGs
[2024-02-21T13:55:38.114+0000] {logging_mixin.py:188} INFO - [2024-02-21T13:55:38.113+0000] {dag.py:3820} INFO - Setting next_dagrun for example_xcom_args to None, run_after=None
[2024-02-21T13:55:38.118+0000] {logging_mixin.py:188} INFO - [2024-02-21T13:55:38.118+0000] {dag.py:3820} INFO - Setting next_dagrun for example_xcom_args_with_operators to None, run_after=None
[2024-02-21T13:55:38.137+0000] {processor.py:183} INFO - Processing /home/airflow/.local/lib/python3.8/site-packages/airflow/example_dags/example_xcomargs.py took 0.092 seconds
[2024-02-21T15:52:12.340+0000] {processor.py:161} INFO - Started process (PID=4886) to work on /home/airflow/.local/lib/python3.8/site-packages/airflow/example_dags/example_xcomargs.py
[2024-02-21T15:52:12.341+0000] {processor.py:830} INFO - Processing file /home/airflow/.local/lib/python3.8/site-packages/airflow/example_dags/example_xcomargs.py for tasks to queue
[2024-02-21T15:52:12.343+0000] {logging_mixin.py:188} INFO - [2024-02-21T15:52:12.342+0000] {dagbag.py:538} INFO - Filling up the DagBag from /home/airflow/.local/lib/python3.8/site-packages/airflow/example_dags/example_xcomargs.py
[2024-02-21T15:52:12.356+0000] {processor.py:840} INFO - DAG(s) 'example_xcom_args_with_operators', 'example_xcom_args' retrieved from /home/airflow/.local/lib/python3.8/site-packages/airflow/example_dags/example_xcomargs.py
[2024-02-21T15:52:12.392+0000] {logging_mixin.py:188} INFO - [2024-02-21T15:52:12.391+0000] {dag.py:3033} INFO - Sync 2 DAGs
[2024-02-21T15:52:12.417+0000] {logging_mixin.py:188} INFO - [2024-02-21T15:52:12.417+0000] {dag.py:3820} INFO - Setting next_dagrun for example_xcom_args to None, run_after=None
[2024-02-21T15:52:12.424+0000] {logging_mixin.py:188} INFO - [2024-02-21T15:52:12.424+0000] {dag.py:3820} INFO - Setting next_dagrun for example_xcom_args_with_operators to None, run_after=None
[2024-02-21T15:52:12.840+0000] {processor.py:183} INFO - Processing /home/airflow/.local/lib/python3.8/site-packages/airflow/example_dags/example_xcomargs.py took 0.508 seconds
