[2024-02-21T13:50:55.299+0000] {processor.py:161} INFO - Started process (PID=4302) to work on /home/airflow/.local/lib/python3.8/site-packages/airflow/example_dags/example_skip_dag.py
[2024-02-21T13:50:55.300+0000] {processor.py:830} INFO - Processing file /home/airflow/.local/lib/python3.8/site-packages/airflow/example_dags/example_skip_dag.py for tasks to queue
[2024-02-21T13:50:55.311+0000] {logging_mixin.py:188} INFO - [2024-02-21T13:50:55.302+0000] {dagbag.py:538} INFO - Filling up the DagBag from /home/airflow/.local/lib/python3.8/site-packages/airflow/example_dags/example_skip_dag.py
[2024-02-21T13:50:55.347+0000] {processor.py:840} INFO - DAG(s) 'example_skip_dag' retrieved from /home/airflow/.local/lib/python3.8/site-packages/airflow/example_dags/example_skip_dag.py
[2024-02-21T13:50:55.441+0000] {logging_mixin.py:188} INFO - [2024-02-21T13:50:55.441+0000] {dag.py:3033} INFO - Sync 1 DAGs
[2024-02-21T13:50:55.540+0000] {logging_mixin.py:188} INFO - [2024-02-21T13:50:55.540+0000] {dag.py:3820} INFO - Setting next_dagrun for example_skip_dag to 2024-02-20T00:00:00+00:00, run_after=2024-02-21T00:00:00+00:00
[2024-02-21T13:50:55.614+0000] {processor.py:183} INFO - Processing /home/airflow/.local/lib/python3.8/site-packages/airflow/example_dags/example_skip_dag.py took 0.329 seconds
[2024-02-21T13:51:26.176+0000] {processor.py:161} INFO - Started process (PID=4359) to work on /home/airflow/.local/lib/python3.8/site-packages/airflow/example_dags/example_skip_dag.py
[2024-02-21T13:51:26.177+0000] {processor.py:830} INFO - Processing file /home/airflow/.local/lib/python3.8/site-packages/airflow/example_dags/example_skip_dag.py for tasks to queue
[2024-02-21T13:51:26.179+0000] {logging_mixin.py:188} INFO - [2024-02-21T13:51:26.178+0000] {dagbag.py:538} INFO - Filling up the DagBag from /home/airflow/.local/lib/python3.8/site-packages/airflow/example_dags/example_skip_dag.py
[2024-02-21T13:51:26.191+0000] {processor.py:840} INFO - DAG(s) 'example_skip_dag' retrieved from /home/airflow/.local/lib/python3.8/site-packages/airflow/example_dags/example_skip_dag.py
[2024-02-21T13:51:26.223+0000] {logging_mixin.py:188} INFO - [2024-02-21T13:51:26.223+0000] {dag.py:3033} INFO - Sync 1 DAGs
[2024-02-21T13:51:26.256+0000] {logging_mixin.py:188} INFO - [2024-02-21T13:51:26.256+0000] {dag.py:3820} INFO - Setting next_dagrun for example_skip_dag to 2024-02-20T00:00:00+00:00, run_after=2024-02-21T00:00:00+00:00
[2024-02-21T13:51:26.284+0000] {processor.py:183} INFO - Processing /home/airflow/.local/lib/python3.8/site-packages/airflow/example_dags/example_skip_dag.py took 0.113 seconds
[2024-02-21T13:51:57.320+0000] {processor.py:161} INFO - Started process (PID=4416) to work on /home/airflow/.local/lib/python3.8/site-packages/airflow/example_dags/example_skip_dag.py
[2024-02-21T13:51:57.321+0000] {processor.py:830} INFO - Processing file /home/airflow/.local/lib/python3.8/site-packages/airflow/example_dags/example_skip_dag.py for tasks to queue
[2024-02-21T13:51:57.323+0000] {logging_mixin.py:188} INFO - [2024-02-21T13:51:57.322+0000] {dagbag.py:538} INFO - Filling up the DagBag from /home/airflow/.local/lib/python3.8/site-packages/airflow/example_dags/example_skip_dag.py
[2024-02-21T13:51:57.335+0000] {processor.py:840} INFO - DAG(s) 'example_skip_dag' retrieved from /home/airflow/.local/lib/python3.8/site-packages/airflow/example_dags/example_skip_dag.py
[2024-02-21T13:51:57.366+0000] {logging_mixin.py:188} INFO - [2024-02-21T13:51:57.366+0000] {dag.py:3033} INFO - Sync 1 DAGs
[2024-02-21T13:51:57.398+0000] {logging_mixin.py:188} INFO - [2024-02-21T13:51:57.398+0000] {dag.py:3820} INFO - Setting next_dagrun for example_skip_dag to 2024-02-20T00:00:00+00:00, run_after=2024-02-21T00:00:00+00:00
[2024-02-21T13:51:57.422+0000] {processor.py:183} INFO - Processing /home/airflow/.local/lib/python3.8/site-packages/airflow/example_dags/example_skip_dag.py took 0.107 seconds
[2024-02-21T13:52:28.288+0000] {processor.py:161} INFO - Started process (PID=4473) to work on /home/airflow/.local/lib/python3.8/site-packages/airflow/example_dags/example_skip_dag.py
[2024-02-21T13:52:28.289+0000] {processor.py:830} INFO - Processing file /home/airflow/.local/lib/python3.8/site-packages/airflow/example_dags/example_skip_dag.py for tasks to queue
[2024-02-21T13:52:28.290+0000] {logging_mixin.py:188} INFO - [2024-02-21T13:52:28.290+0000] {dagbag.py:538} INFO - Filling up the DagBag from /home/airflow/.local/lib/python3.8/site-packages/airflow/example_dags/example_skip_dag.py
[2024-02-21T13:52:28.298+0000] {processor.py:840} INFO - DAG(s) 'example_skip_dag' retrieved from /home/airflow/.local/lib/python3.8/site-packages/airflow/example_dags/example_skip_dag.py
[2024-02-21T13:52:28.322+0000] {logging_mixin.py:188} INFO - [2024-02-21T13:52:28.322+0000] {dag.py:3033} INFO - Sync 1 DAGs
[2024-02-21T13:52:28.346+0000] {logging_mixin.py:188} INFO - [2024-02-21T13:52:28.346+0000] {dag.py:3820} INFO - Setting next_dagrun for example_skip_dag to 2024-02-20T00:00:00+00:00, run_after=2024-02-21T00:00:00+00:00
[2024-02-21T13:52:28.366+0000] {processor.py:183} INFO - Processing /home/airflow/.local/lib/python3.8/site-packages/airflow/example_dags/example_skip_dag.py took 0.082 seconds
[2024-02-21T13:52:58.669+0000] {processor.py:161} INFO - Started process (PID=4530) to work on /home/airflow/.local/lib/python3.8/site-packages/airflow/example_dags/example_skip_dag.py
[2024-02-21T13:52:58.670+0000] {processor.py:830} INFO - Processing file /home/airflow/.local/lib/python3.8/site-packages/airflow/example_dags/example_skip_dag.py for tasks to queue
[2024-02-21T13:52:58.671+0000] {logging_mixin.py:188} INFO - [2024-02-21T13:52:58.671+0000] {dagbag.py:538} INFO - Filling up the DagBag from /home/airflow/.local/lib/python3.8/site-packages/airflow/example_dags/example_skip_dag.py
[2024-02-21T13:52:58.682+0000] {processor.py:840} INFO - DAG(s) 'example_skip_dag' retrieved from /home/airflow/.local/lib/python3.8/site-packages/airflow/example_dags/example_skip_dag.py
[2024-02-21T13:52:58.711+0000] {logging_mixin.py:188} INFO - [2024-02-21T13:52:58.711+0000] {dag.py:3033} INFO - Sync 1 DAGs
[2024-02-21T13:52:58.739+0000] {logging_mixin.py:188} INFO - [2024-02-21T13:52:58.739+0000] {dag.py:3820} INFO - Setting next_dagrun for example_skip_dag to 2024-02-20T00:00:00+00:00, run_after=2024-02-21T00:00:00+00:00
[2024-02-21T13:52:58.772+0000] {processor.py:183} INFO - Processing /home/airflow/.local/lib/python3.8/site-packages/airflow/example_dags/example_skip_dag.py took 0.108 seconds
[2024-02-21T13:53:29.105+0000] {processor.py:161} INFO - Started process (PID=4587) to work on /home/airflow/.local/lib/python3.8/site-packages/airflow/example_dags/example_skip_dag.py
[2024-02-21T13:53:29.106+0000] {processor.py:830} INFO - Processing file /home/airflow/.local/lib/python3.8/site-packages/airflow/example_dags/example_skip_dag.py for tasks to queue
[2024-02-21T13:53:29.108+0000] {logging_mixin.py:188} INFO - [2024-02-21T13:53:29.107+0000] {dagbag.py:538} INFO - Filling up the DagBag from /home/airflow/.local/lib/python3.8/site-packages/airflow/example_dags/example_skip_dag.py
[2024-02-21T13:53:29.117+0000] {processor.py:840} INFO - DAG(s) 'example_skip_dag' retrieved from /home/airflow/.local/lib/python3.8/site-packages/airflow/example_dags/example_skip_dag.py
[2024-02-21T13:53:29.142+0000] {logging_mixin.py:188} INFO - [2024-02-21T13:53:29.142+0000] {dag.py:3033} INFO - Sync 1 DAGs
[2024-02-21T13:53:29.172+0000] {logging_mixin.py:188} INFO - [2024-02-21T13:53:29.171+0000] {dag.py:3820} INFO - Setting next_dagrun for example_skip_dag to 2024-02-20T00:00:00+00:00, run_after=2024-02-21T00:00:00+00:00
[2024-02-21T13:53:29.198+0000] {processor.py:183} INFO - Processing /home/airflow/.local/lib/python3.8/site-packages/airflow/example_dags/example_skip_dag.py took 0.097 seconds
[2024-02-21T13:53:59.430+0000] {processor.py:161} INFO - Started process (PID=4644) to work on /home/airflow/.local/lib/python3.8/site-packages/airflow/example_dags/example_skip_dag.py
[2024-02-21T13:53:59.432+0000] {processor.py:830} INFO - Processing file /home/airflow/.local/lib/python3.8/site-packages/airflow/example_dags/example_skip_dag.py for tasks to queue
[2024-02-21T13:53:59.433+0000] {logging_mixin.py:188} INFO - [2024-02-21T13:53:59.433+0000] {dagbag.py:538} INFO - Filling up the DagBag from /home/airflow/.local/lib/python3.8/site-packages/airflow/example_dags/example_skip_dag.py
[2024-02-21T13:53:59.444+0000] {processor.py:840} INFO - DAG(s) 'example_skip_dag' retrieved from /home/airflow/.local/lib/python3.8/site-packages/airflow/example_dags/example_skip_dag.py
[2024-02-21T13:53:59.471+0000] {logging_mixin.py:188} INFO - [2024-02-21T13:53:59.471+0000] {dag.py:3033} INFO - Sync 1 DAGs
[2024-02-21T13:53:59.501+0000] {logging_mixin.py:188} INFO - [2024-02-21T13:53:59.500+0000] {dag.py:3820} INFO - Setting next_dagrun for example_skip_dag to 2024-02-20T00:00:00+00:00, run_after=2024-02-21T00:00:00+00:00
[2024-02-21T13:53:59.529+0000] {processor.py:183} INFO - Processing /home/airflow/.local/lib/python3.8/site-packages/airflow/example_dags/example_skip_dag.py took 0.104 seconds
[2024-02-21T13:54:29.691+0000] {processor.py:161} INFO - Started process (PID=4701) to work on /home/airflow/.local/lib/python3.8/site-packages/airflow/example_dags/example_skip_dag.py
[2024-02-21T13:54:29.692+0000] {processor.py:830} INFO - Processing file /home/airflow/.local/lib/python3.8/site-packages/airflow/example_dags/example_skip_dag.py for tasks to queue
[2024-02-21T13:54:29.694+0000] {logging_mixin.py:188} INFO - [2024-02-21T13:54:29.693+0000] {dagbag.py:538} INFO - Filling up the DagBag from /home/airflow/.local/lib/python3.8/site-packages/airflow/example_dags/example_skip_dag.py
[2024-02-21T13:54:29.704+0000] {processor.py:840} INFO - DAG(s) 'example_skip_dag' retrieved from /home/airflow/.local/lib/python3.8/site-packages/airflow/example_dags/example_skip_dag.py
[2024-02-21T13:54:29.732+0000] {logging_mixin.py:188} INFO - [2024-02-21T13:54:29.731+0000] {dag.py:3033} INFO - Sync 1 DAGs
[2024-02-21T13:54:29.761+0000] {logging_mixin.py:188} INFO - [2024-02-21T13:54:29.761+0000] {dag.py:3820} INFO - Setting next_dagrun for example_skip_dag to 2024-02-20T00:00:00+00:00, run_after=2024-02-21T00:00:00+00:00
[2024-02-21T13:54:29.787+0000] {processor.py:183} INFO - Processing /home/airflow/.local/lib/python3.8/site-packages/airflow/example_dags/example_skip_dag.py took 0.100 seconds
[2024-02-21T13:55:00.347+0000] {processor.py:161} INFO - Started process (PID=4764) to work on /home/airflow/.local/lib/python3.8/site-packages/airflow/example_dags/example_skip_dag.py
[2024-02-21T13:55:00.348+0000] {processor.py:830} INFO - Processing file /home/airflow/.local/lib/python3.8/site-packages/airflow/example_dags/example_skip_dag.py for tasks to queue
[2024-02-21T13:55:00.349+0000] {logging_mixin.py:188} INFO - [2024-02-21T13:55:00.349+0000] {dagbag.py:538} INFO - Filling up the DagBag from /home/airflow/.local/lib/python3.8/site-packages/airflow/example_dags/example_skip_dag.py
[2024-02-21T13:55:00.359+0000] {processor.py:840} INFO - DAG(s) 'example_skip_dag' retrieved from /home/airflow/.local/lib/python3.8/site-packages/airflow/example_dags/example_skip_dag.py
[2024-02-21T13:55:00.390+0000] {logging_mixin.py:188} INFO - [2024-02-21T13:55:00.389+0000] {dag.py:3033} INFO - Sync 1 DAGs
[2024-02-21T13:55:00.422+0000] {logging_mixin.py:188} INFO - [2024-02-21T13:55:00.422+0000] {dag.py:3820} INFO - Setting next_dagrun for example_skip_dag to 2024-02-20T00:00:00+00:00, run_after=2024-02-21T00:00:00+00:00
[2024-02-21T13:55:00.445+0000] {processor.py:183} INFO - Processing /home/airflow/.local/lib/python3.8/site-packages/airflow/example_dags/example_skip_dag.py took 0.102 seconds
[2024-02-21T13:55:31.292+0000] {processor.py:161} INFO - Started process (PID=4822) to work on /home/airflow/.local/lib/python3.8/site-packages/airflow/example_dags/example_skip_dag.py
[2024-02-21T13:55:31.293+0000] {processor.py:830} INFO - Processing file /home/airflow/.local/lib/python3.8/site-packages/airflow/example_dags/example_skip_dag.py for tasks to queue
[2024-02-21T13:55:31.294+0000] {logging_mixin.py:188} INFO - [2024-02-21T13:55:31.293+0000] {dagbag.py:538} INFO - Filling up the DagBag from /home/airflow/.local/lib/python3.8/site-packages/airflow/example_dags/example_skip_dag.py
[2024-02-21T13:55:31.304+0000] {processor.py:840} INFO - DAG(s) 'example_skip_dag' retrieved from /home/airflow/.local/lib/python3.8/site-packages/airflow/example_dags/example_skip_dag.py
[2024-02-21T13:55:31.330+0000] {logging_mixin.py:188} INFO - [2024-02-21T13:55:31.330+0000] {dag.py:3033} INFO - Sync 1 DAGs
[2024-02-21T13:55:31.359+0000] {logging_mixin.py:188} INFO - [2024-02-21T13:55:31.359+0000] {dag.py:3820} INFO - Setting next_dagrun for example_skip_dag to 2024-02-20T00:00:00+00:00, run_after=2024-02-21T00:00:00+00:00
[2024-02-21T13:55:31.379+0000] {processor.py:183} INFO - Processing /home/airflow/.local/lib/python3.8/site-packages/airflow/example_dags/example_skip_dag.py took 0.092 seconds
