[2024-02-21T13:51:21.243+0000] {processor.py:161} INFO - Started process (PID=4350) to work on /home/airflow/.local/lib/python3.8/site-packages/airflow/example_dags/example_datasets.py
[2024-02-21T13:51:21.244+0000] {processor.py:830} INFO - Processing file /home/airflow/.local/lib/python3.8/site-packages/airflow/example_dags/example_datasets.py for tasks to queue
[2024-02-21T13:51:21.246+0000] {logging_mixin.py:188} INFO - [2024-02-21T13:51:21.245+0000] {dagbag.py:538} INFO - Filling up the DagBag from /home/airflow/.local/lib/python3.8/site-packages/airflow/example_dags/example_datasets.py
[2024-02-21T13:51:21.263+0000] {processor.py:840} INFO - DAG(s) 'dataset_produces_2', 'dataset_consumes_1_and_2', 'dataset_produces_1', 'dataset_consumes_1_never_scheduled', 'dataset_consumes_1', 'dataset_consumes_unknown_never_scheduled' retrieved from /home/airflow/.local/lib/python3.8/site-packages/airflow/example_dags/example_datasets.py
[2024-02-21T13:51:21.533+0000] {logging_mixin.py:188} INFO - [2024-02-21T13:51:21.533+0000] {dag.py:3033} INFO - Sync 6 DAGs
[2024-02-21T13:51:21.576+0000] {logging_mixin.py:188} INFO - [2024-02-21T13:51:21.575+0000] {dag.py:3820} INFO - Setting next_dagrun for dataset_consumes_1 to None, run_after=None
[2024-02-21T13:51:21.582+0000] {logging_mixin.py:188} INFO - [2024-02-21T13:51:21.582+0000] {dag.py:3820} INFO - Setting next_dagrun for dataset_consumes_1_and_2 to None, run_after=None
[2024-02-21T13:51:21.584+0000] {logging_mixin.py:188} INFO - [2024-02-21T13:51:21.584+0000] {dag.py:3820} INFO - Setting next_dagrun for dataset_consumes_1_never_scheduled to None, run_after=None
[2024-02-21T13:51:21.587+0000] {logging_mixin.py:188} INFO - [2024-02-21T13:51:21.587+0000] {dag.py:3820} INFO - Setting next_dagrun for dataset_consumes_unknown_never_scheduled to None, run_after=None
[2024-02-21T13:51:21.592+0000] {logging_mixin.py:188} INFO - [2024-02-21T13:51:21.592+0000] {dag.py:3820} INFO - Setting next_dagrun for dataset_produces_1 to 2024-02-20T00:00:00+00:00, run_after=2024-02-21T00:00:00+00:00
[2024-02-21T13:51:21.595+0000] {logging_mixin.py:188} INFO - [2024-02-21T13:51:21.595+0000] {dag.py:3820} INFO - Setting next_dagrun for dataset_produces_2 to None, run_after=None
[2024-02-21T13:51:21.656+0000] {processor.py:183} INFO - Processing /home/airflow/.local/lib/python3.8/site-packages/airflow/example_dags/example_datasets.py took 0.419 seconds
[2024-02-21T13:51:52.143+0000] {processor.py:161} INFO - Started process (PID=4407) to work on /home/airflow/.local/lib/python3.8/site-packages/airflow/example_dags/example_datasets.py
[2024-02-21T13:51:52.145+0000] {processor.py:830} INFO - Processing file /home/airflow/.local/lib/python3.8/site-packages/airflow/example_dags/example_datasets.py for tasks to queue
[2024-02-21T13:51:52.146+0000] {logging_mixin.py:188} INFO - [2024-02-21T13:51:52.146+0000] {dagbag.py:538} INFO - Filling up the DagBag from /home/airflow/.local/lib/python3.8/site-packages/airflow/example_dags/example_datasets.py
[2024-02-21T13:51:52.163+0000] {processor.py:840} INFO - DAG(s) 'dataset_produces_2', 'dataset_produces_1', 'dataset_consumes_unknown_never_scheduled', 'dataset_consumes_1', 'dataset_consumes_1_and_2', 'dataset_consumes_1_never_scheduled' retrieved from /home/airflow/.local/lib/python3.8/site-packages/airflow/example_dags/example_datasets.py
[2024-02-21T13:51:52.229+0000] {logging_mixin.py:188} INFO - [2024-02-21T13:51:52.229+0000] {dag.py:3033} INFO - Sync 6 DAGs
[2024-02-21T13:51:52.263+0000] {logging_mixin.py:188} INFO - [2024-02-21T13:51:52.262+0000] {dag.py:3820} INFO - Setting next_dagrun for dataset_consumes_1 to None, run_after=None
[2024-02-21T13:51:52.267+0000] {logging_mixin.py:188} INFO - [2024-02-21T13:51:52.267+0000] {dag.py:3820} INFO - Setting next_dagrun for dataset_consumes_1_and_2 to None, run_after=None
[2024-02-21T13:51:52.269+0000] {logging_mixin.py:188} INFO - [2024-02-21T13:51:52.269+0000] {dag.py:3820} INFO - Setting next_dagrun for dataset_consumes_1_never_scheduled to None, run_after=None
[2024-02-21T13:51:52.272+0000] {logging_mixin.py:188} INFO - [2024-02-21T13:51:52.271+0000] {dag.py:3820} INFO - Setting next_dagrun for dataset_consumes_unknown_never_scheduled to None, run_after=None
[2024-02-21T13:51:52.276+0000] {logging_mixin.py:188} INFO - [2024-02-21T13:51:52.276+0000] {dag.py:3820} INFO - Setting next_dagrun for dataset_produces_1 to 2024-02-20T00:00:00+00:00, run_after=2024-02-21T00:00:00+00:00
[2024-02-21T13:51:52.278+0000] {logging_mixin.py:188} INFO - [2024-02-21T13:51:52.278+0000] {dag.py:3820} INFO - Setting next_dagrun for dataset_produces_2 to None, run_after=None
[2024-02-21T13:51:52.318+0000] {processor.py:183} INFO - Processing /home/airflow/.local/lib/python3.8/site-packages/airflow/example_dags/example_datasets.py took 0.180 seconds
[2024-02-21T13:52:22.508+0000] {processor.py:161} INFO - Started process (PID=4464) to work on /home/airflow/.local/lib/python3.8/site-packages/airflow/example_dags/example_datasets.py
[2024-02-21T13:52:22.510+0000] {processor.py:830} INFO - Processing file /home/airflow/.local/lib/python3.8/site-packages/airflow/example_dags/example_datasets.py for tasks to queue
[2024-02-21T13:52:22.511+0000] {logging_mixin.py:188} INFO - [2024-02-21T13:52:22.510+0000] {dagbag.py:538} INFO - Filling up the DagBag from /home/airflow/.local/lib/python3.8/site-packages/airflow/example_dags/example_datasets.py
[2024-02-21T13:52:22.522+0000] {processor.py:840} INFO - DAG(s) 'dataset_consumes_1', 'dataset_produces_2', 'dataset_consumes_1_and_2', 'dataset_produces_1', 'dataset_consumes_1_never_scheduled', 'dataset_consumes_unknown_never_scheduled' retrieved from /home/airflow/.local/lib/python3.8/site-packages/airflow/example_dags/example_datasets.py
[2024-02-21T13:52:22.560+0000] {logging_mixin.py:188} INFO - [2024-02-21T13:52:22.560+0000] {dag.py:3033} INFO - Sync 6 DAGs
[2024-02-21T13:52:22.586+0000] {logging_mixin.py:188} INFO - [2024-02-21T13:52:22.585+0000] {dag.py:3820} INFO - Setting next_dagrun for dataset_consumes_1 to None, run_after=None
[2024-02-21T13:52:22.591+0000] {logging_mixin.py:188} INFO - [2024-02-21T13:52:22.591+0000] {dag.py:3820} INFO - Setting next_dagrun for dataset_consumes_1_and_2 to None, run_after=None
[2024-02-21T13:52:22.593+0000] {logging_mixin.py:188} INFO - [2024-02-21T13:52:22.593+0000] {dag.py:3820} INFO - Setting next_dagrun for dataset_consumes_1_never_scheduled to None, run_after=None
[2024-02-21T13:52:22.595+0000] {logging_mixin.py:188} INFO - [2024-02-21T13:52:22.595+0000] {dag.py:3820} INFO - Setting next_dagrun for dataset_consumes_unknown_never_scheduled to None, run_after=None
[2024-02-21T13:52:22.598+0000] {logging_mixin.py:188} INFO - [2024-02-21T13:52:22.598+0000] {dag.py:3820} INFO - Setting next_dagrun for dataset_produces_1 to 2024-02-20T00:00:00+00:00, run_after=2024-02-21T00:00:00+00:00
[2024-02-21T13:52:22.600+0000] {logging_mixin.py:188} INFO - [2024-02-21T13:52:22.600+0000] {dag.py:3820} INFO - Setting next_dagrun for dataset_produces_2 to None, run_after=None
[2024-02-21T13:52:22.681+0000] {processor.py:183} INFO - Processing /home/airflow/.local/lib/python3.8/site-packages/airflow/example_dags/example_datasets.py took 0.177 seconds
[2024-02-21T13:52:52.867+0000] {processor.py:161} INFO - Started process (PID=4521) to work on /home/airflow/.local/lib/python3.8/site-packages/airflow/example_dags/example_datasets.py
[2024-02-21T13:52:52.868+0000] {processor.py:830} INFO - Processing file /home/airflow/.local/lib/python3.8/site-packages/airflow/example_dags/example_datasets.py for tasks to queue
[2024-02-21T13:52:52.869+0000] {logging_mixin.py:188} INFO - [2024-02-21T13:52:52.869+0000] {dagbag.py:538} INFO - Filling up the DagBag from /home/airflow/.local/lib/python3.8/site-packages/airflow/example_dags/example_datasets.py
[2024-02-21T13:52:52.883+0000] {processor.py:840} INFO - DAG(s) 'dataset_produces_1', 'dataset_consumes_1_and_2', 'dataset_consumes_1_never_scheduled', 'dataset_consumes_unknown_never_scheduled', 'dataset_produces_2', 'dataset_consumes_1' retrieved from /home/airflow/.local/lib/python3.8/site-packages/airflow/example_dags/example_datasets.py
[2024-02-21T13:52:52.927+0000] {logging_mixin.py:188} INFO - [2024-02-21T13:52:52.927+0000] {dag.py:3033} INFO - Sync 6 DAGs
[2024-02-21T13:52:52.955+0000] {logging_mixin.py:188} INFO - [2024-02-21T13:52:52.955+0000] {dag.py:3820} INFO - Setting next_dagrun for dataset_consumes_1 to None, run_after=None
[2024-02-21T13:52:52.961+0000] {logging_mixin.py:188} INFO - [2024-02-21T13:52:52.961+0000] {dag.py:3820} INFO - Setting next_dagrun for dataset_consumes_1_and_2 to None, run_after=None
[2024-02-21T13:52:52.963+0000] {logging_mixin.py:188} INFO - [2024-02-21T13:52:52.963+0000] {dag.py:3820} INFO - Setting next_dagrun for dataset_consumes_1_never_scheduled to None, run_after=None
[2024-02-21T13:52:52.965+0000] {logging_mixin.py:188} INFO - [2024-02-21T13:52:52.965+0000] {dag.py:3820} INFO - Setting next_dagrun for dataset_consumes_unknown_never_scheduled to None, run_after=None
[2024-02-21T13:52:52.971+0000] {logging_mixin.py:188} INFO - [2024-02-21T13:52:52.970+0000] {dag.py:3820} INFO - Setting next_dagrun for dataset_produces_1 to 2024-02-20T00:00:00+00:00, run_after=2024-02-21T00:00:00+00:00
[2024-02-21T13:52:52.973+0000] {logging_mixin.py:188} INFO - [2024-02-21T13:52:52.973+0000] {dag.py:3820} INFO - Setting next_dagrun for dataset_produces_2 to None, run_after=None
[2024-02-21T13:52:53.021+0000] {processor.py:183} INFO - Processing /home/airflow/.local/lib/python3.8/site-packages/airflow/example_dags/example_datasets.py took 0.158 seconds
[2024-02-21T13:53:23.299+0000] {processor.py:161} INFO - Started process (PID=4578) to work on /home/airflow/.local/lib/python3.8/site-packages/airflow/example_dags/example_datasets.py
[2024-02-21T13:53:23.301+0000] {processor.py:830} INFO - Processing file /home/airflow/.local/lib/python3.8/site-packages/airflow/example_dags/example_datasets.py for tasks to queue
[2024-02-21T13:53:23.303+0000] {logging_mixin.py:188} INFO - [2024-02-21T13:53:23.302+0000] {dagbag.py:538} INFO - Filling up the DagBag from /home/airflow/.local/lib/python3.8/site-packages/airflow/example_dags/example_datasets.py
[2024-02-21T13:53:23.317+0000] {processor.py:840} INFO - DAG(s) 'dataset_consumes_1', 'dataset_consumes_1_and_2', 'dataset_produces_1', 'dataset_produces_2', 'dataset_consumes_unknown_never_scheduled', 'dataset_consumes_1_never_scheduled' retrieved from /home/airflow/.local/lib/python3.8/site-packages/airflow/example_dags/example_datasets.py
[2024-02-21T13:53:23.364+0000] {logging_mixin.py:188} INFO - [2024-02-21T13:53:23.364+0000] {dag.py:3033} INFO - Sync 6 DAGs
[2024-02-21T13:53:23.390+0000] {logging_mixin.py:188} INFO - [2024-02-21T13:53:23.390+0000] {dag.py:3820} INFO - Setting next_dagrun for dataset_consumes_1 to None, run_after=None
[2024-02-21T13:53:23.394+0000] {logging_mixin.py:188} INFO - [2024-02-21T13:53:23.394+0000] {dag.py:3820} INFO - Setting next_dagrun for dataset_consumes_1_and_2 to None, run_after=None
[2024-02-21T13:53:23.396+0000] {logging_mixin.py:188} INFO - [2024-02-21T13:53:23.396+0000] {dag.py:3820} INFO - Setting next_dagrun for dataset_consumes_1_never_scheduled to None, run_after=None
[2024-02-21T13:53:23.398+0000] {logging_mixin.py:188} INFO - [2024-02-21T13:53:23.398+0000] {dag.py:3820} INFO - Setting next_dagrun for dataset_consumes_unknown_never_scheduled to None, run_after=None
[2024-02-21T13:53:23.402+0000] {logging_mixin.py:188} INFO - [2024-02-21T13:53:23.401+0000] {dag.py:3820} INFO - Setting next_dagrun for dataset_produces_1 to 2024-02-20T00:00:00+00:00, run_after=2024-02-21T00:00:00+00:00
[2024-02-21T13:53:23.404+0000] {logging_mixin.py:188} INFO - [2024-02-21T13:53:23.403+0000] {dag.py:3820} INFO - Setting next_dagrun for dataset_produces_2 to None, run_after=None
[2024-02-21T13:53:23.473+0000] {processor.py:183} INFO - Processing /home/airflow/.local/lib/python3.8/site-packages/airflow/example_dags/example_datasets.py took 0.179 seconds
[2024-02-21T13:53:53.594+0000] {processor.py:161} INFO - Started process (PID=4635) to work on /home/airflow/.local/lib/python3.8/site-packages/airflow/example_dags/example_datasets.py
[2024-02-21T13:53:53.595+0000] {processor.py:830} INFO - Processing file /home/airflow/.local/lib/python3.8/site-packages/airflow/example_dags/example_datasets.py for tasks to queue
[2024-02-21T13:53:53.597+0000] {logging_mixin.py:188} INFO - [2024-02-21T13:53:53.596+0000] {dagbag.py:538} INFO - Filling up the DagBag from /home/airflow/.local/lib/python3.8/site-packages/airflow/example_dags/example_datasets.py
[2024-02-21T13:53:53.611+0000] {processor.py:840} INFO - DAG(s) 'dataset_consumes_1_and_2', 'dataset_consumes_unknown_never_scheduled', 'dataset_produces_2', 'dataset_consumes_1', 'dataset_produces_1', 'dataset_consumes_1_never_scheduled' retrieved from /home/airflow/.local/lib/python3.8/site-packages/airflow/example_dags/example_datasets.py
[2024-02-21T13:53:53.658+0000] {logging_mixin.py:188} INFO - [2024-02-21T13:53:53.658+0000] {dag.py:3033} INFO - Sync 6 DAGs
[2024-02-21T13:53:53.694+0000] {logging_mixin.py:188} INFO - [2024-02-21T13:53:53.693+0000] {dag.py:3820} INFO - Setting next_dagrun for dataset_consumes_1 to None, run_after=None
[2024-02-21T13:53:53.700+0000] {logging_mixin.py:188} INFO - [2024-02-21T13:53:53.700+0000] {dag.py:3820} INFO - Setting next_dagrun for dataset_consumes_1_and_2 to None, run_after=None
[2024-02-21T13:53:53.702+0000] {logging_mixin.py:188} INFO - [2024-02-21T13:53:53.702+0000] {dag.py:3820} INFO - Setting next_dagrun for dataset_consumes_1_never_scheduled to None, run_after=None
[2024-02-21T13:53:53.704+0000] {logging_mixin.py:188} INFO - [2024-02-21T13:53:53.703+0000] {dag.py:3820} INFO - Setting next_dagrun for dataset_consumes_unknown_never_scheduled to None, run_after=None
[2024-02-21T13:53:53.707+0000] {logging_mixin.py:188} INFO - [2024-02-21T13:53:53.707+0000] {dag.py:3820} INFO - Setting next_dagrun for dataset_produces_1 to 2024-02-20T00:00:00+00:00, run_after=2024-02-21T00:00:00+00:00
[2024-02-21T13:53:53.709+0000] {logging_mixin.py:188} INFO - [2024-02-21T13:53:53.709+0000] {dag.py:3820} INFO - Setting next_dagrun for dataset_produces_2 to None, run_after=None
[2024-02-21T13:53:53.752+0000] {processor.py:183} INFO - Processing /home/airflow/.local/lib/python3.8/site-packages/airflow/example_dags/example_datasets.py took 0.162 seconds
[2024-02-21T13:54:23.812+0000] {processor.py:161} INFO - Started process (PID=4692) to work on /home/airflow/.local/lib/python3.8/site-packages/airflow/example_dags/example_datasets.py
[2024-02-21T13:54:23.813+0000] {processor.py:830} INFO - Processing file /home/airflow/.local/lib/python3.8/site-packages/airflow/example_dags/example_datasets.py for tasks to queue
[2024-02-21T13:54:23.814+0000] {logging_mixin.py:188} INFO - [2024-02-21T13:54:23.814+0000] {dagbag.py:538} INFO - Filling up the DagBag from /home/airflow/.local/lib/python3.8/site-packages/airflow/example_dags/example_datasets.py
[2024-02-21T13:54:23.826+0000] {processor.py:840} INFO - DAG(s) 'dataset_consumes_1', 'dataset_consumes_1_never_scheduled', 'dataset_produces_1', 'dataset_consumes_1_and_2', 'dataset_consumes_unknown_never_scheduled', 'dataset_produces_2' retrieved from /home/airflow/.local/lib/python3.8/site-packages/airflow/example_dags/example_datasets.py
[2024-02-21T13:54:23.874+0000] {logging_mixin.py:188} INFO - [2024-02-21T13:54:23.874+0000] {dag.py:3033} INFO - Sync 6 DAGs
[2024-02-21T13:54:23.903+0000] {logging_mixin.py:188} INFO - [2024-02-21T13:54:23.903+0000] {dag.py:3820} INFO - Setting next_dagrun for dataset_consumes_1 to None, run_after=None
[2024-02-21T13:54:23.908+0000] {logging_mixin.py:188} INFO - [2024-02-21T13:54:23.908+0000] {dag.py:3820} INFO - Setting next_dagrun for dataset_consumes_1_and_2 to None, run_after=None
[2024-02-21T13:54:23.910+0000] {logging_mixin.py:188} INFO - [2024-02-21T13:54:23.910+0000] {dag.py:3820} INFO - Setting next_dagrun for dataset_consumes_1_never_scheduled to None, run_after=None
[2024-02-21T13:54:23.912+0000] {logging_mixin.py:188} INFO - [2024-02-21T13:54:23.912+0000] {dag.py:3820} INFO - Setting next_dagrun for dataset_consumes_unknown_never_scheduled to None, run_after=None
[2024-02-21T13:54:23.917+0000] {logging_mixin.py:188} INFO - [2024-02-21T13:54:23.916+0000] {dag.py:3820} INFO - Setting next_dagrun for dataset_produces_1 to 2024-02-20T00:00:00+00:00, run_after=2024-02-21T00:00:00+00:00
[2024-02-21T13:54:23.920+0000] {logging_mixin.py:188} INFO - [2024-02-21T13:54:23.919+0000] {dag.py:3820} INFO - Setting next_dagrun for dataset_produces_2 to None, run_after=None
[2024-02-21T13:54:23.964+0000] {processor.py:183} INFO - Processing /home/airflow/.local/lib/python3.8/site-packages/airflow/example_dags/example_datasets.py took 0.157 seconds
[2024-02-21T13:54:54.445+0000] {processor.py:161} INFO - Started process (PID=4749) to work on /home/airflow/.local/lib/python3.8/site-packages/airflow/example_dags/example_datasets.py
[2024-02-21T13:54:54.446+0000] {processor.py:830} INFO - Processing file /home/airflow/.local/lib/python3.8/site-packages/airflow/example_dags/example_datasets.py for tasks to queue
[2024-02-21T13:54:54.447+0000] {logging_mixin.py:188} INFO - [2024-02-21T13:54:54.447+0000] {dagbag.py:538} INFO - Filling up the DagBag from /home/airflow/.local/lib/python3.8/site-packages/airflow/example_dags/example_datasets.py
[2024-02-21T13:54:54.459+0000] {processor.py:840} INFO - DAG(s) 'dataset_consumes_unknown_never_scheduled', 'dataset_consumes_1_and_2', 'dataset_produces_1', 'dataset_produces_2', 'dataset_consumes_1_never_scheduled', 'dataset_consumes_1' retrieved from /home/airflow/.local/lib/python3.8/site-packages/airflow/example_dags/example_datasets.py
[2024-02-21T13:54:54.504+0000] {logging_mixin.py:188} INFO - [2024-02-21T13:54:54.503+0000] {dag.py:3033} INFO - Sync 6 DAGs
[2024-02-21T13:54:54.536+0000] {logging_mixin.py:188} INFO - [2024-02-21T13:54:54.535+0000] {dag.py:3820} INFO - Setting next_dagrun for dataset_consumes_1 to None, run_after=None
[2024-02-21T13:54:54.540+0000] {logging_mixin.py:188} INFO - [2024-02-21T13:54:54.540+0000] {dag.py:3820} INFO - Setting next_dagrun for dataset_consumes_1_and_2 to None, run_after=None
[2024-02-21T13:54:54.542+0000] {logging_mixin.py:188} INFO - [2024-02-21T13:54:54.542+0000] {dag.py:3820} INFO - Setting next_dagrun for dataset_consumes_1_never_scheduled to None, run_after=None
[2024-02-21T13:54:54.543+0000] {logging_mixin.py:188} INFO - [2024-02-21T13:54:54.543+0000] {dag.py:3820} INFO - Setting next_dagrun for dataset_consumes_unknown_never_scheduled to None, run_after=None
[2024-02-21T13:54:54.547+0000] {logging_mixin.py:188} INFO - [2024-02-21T13:54:54.547+0000] {dag.py:3820} INFO - Setting next_dagrun for dataset_produces_1 to 2024-02-20T00:00:00+00:00, run_after=2024-02-21T00:00:00+00:00
[2024-02-21T13:54:54.549+0000] {logging_mixin.py:188} INFO - [2024-02-21T13:54:54.549+0000] {dag.py:3820} INFO - Setting next_dagrun for dataset_produces_2 to None, run_after=None
[2024-02-21T13:54:54.639+0000] {processor.py:183} INFO - Processing /home/airflow/.local/lib/python3.8/site-packages/airflow/example_dags/example_datasets.py took 0.198 seconds
[2024-02-21T13:55:25.433+0000] {processor.py:161} INFO - Started process (PID=4806) to work on /home/airflow/.local/lib/python3.8/site-packages/airflow/example_dags/example_datasets.py
[2024-02-21T13:55:25.434+0000] {processor.py:830} INFO - Processing file /home/airflow/.local/lib/python3.8/site-packages/airflow/example_dags/example_datasets.py for tasks to queue
[2024-02-21T13:55:25.435+0000] {logging_mixin.py:188} INFO - [2024-02-21T13:55:25.435+0000] {dagbag.py:538} INFO - Filling up the DagBag from /home/airflow/.local/lib/python3.8/site-packages/airflow/example_dags/example_datasets.py
[2024-02-21T13:55:25.448+0000] {processor.py:840} INFO - DAG(s) 'dataset_consumes_1_never_scheduled', 'dataset_produces_2', 'dataset_consumes_unknown_never_scheduled', 'dataset_consumes_1', 'dataset_consumes_1_and_2', 'dataset_produces_1' retrieved from /home/airflow/.local/lib/python3.8/site-packages/airflow/example_dags/example_datasets.py
[2024-02-21T13:55:25.492+0000] {logging_mixin.py:188} INFO - [2024-02-21T13:55:25.491+0000] {dag.py:3033} INFO - Sync 6 DAGs
[2024-02-21T13:55:25.525+0000] {logging_mixin.py:188} INFO - [2024-02-21T13:55:25.524+0000] {dag.py:3820} INFO - Setting next_dagrun for dataset_consumes_1 to None, run_after=None
[2024-02-21T13:55:25.529+0000] {logging_mixin.py:188} INFO - [2024-02-21T13:55:25.529+0000] {dag.py:3820} INFO - Setting next_dagrun for dataset_consumes_1_and_2 to None, run_after=None
[2024-02-21T13:55:25.531+0000] {logging_mixin.py:188} INFO - [2024-02-21T13:55:25.531+0000] {dag.py:3820} INFO - Setting next_dagrun for dataset_consumes_1_never_scheduled to None, run_after=None
[2024-02-21T13:55:25.532+0000] {logging_mixin.py:188} INFO - [2024-02-21T13:55:25.532+0000] {dag.py:3820} INFO - Setting next_dagrun for dataset_consumes_unknown_never_scheduled to None, run_after=None
[2024-02-21T13:55:25.536+0000] {logging_mixin.py:188} INFO - [2024-02-21T13:55:25.536+0000] {dag.py:3820} INFO - Setting next_dagrun for dataset_produces_1 to 2024-02-20T00:00:00+00:00, run_after=2024-02-21T00:00:00+00:00
[2024-02-21T13:55:25.538+0000] {logging_mixin.py:188} INFO - [2024-02-21T13:55:25.538+0000] {dag.py:3820} INFO - Setting next_dagrun for dataset_produces_2 to None, run_after=None
[2024-02-21T13:55:25.575+0000] {processor.py:183} INFO - Processing /home/airflow/.local/lib/python3.8/site-packages/airflow/example_dags/example_datasets.py took 0.146 seconds
