[2024-02-21T13:50:53.682+0000] {processor.py:161} INFO - Started process (PID=4298) to work on /home/airflow/.local/lib/python3.8/site-packages/airflow/example_dags/example_sensor_decorator.py
[2024-02-21T13:50:53.695+0000] {processor.py:830} INFO - Processing file /home/airflow/.local/lib/python3.8/site-packages/airflow/example_dags/example_sensor_decorator.py for tasks to queue
[2024-02-21T13:50:53.697+0000] {logging_mixin.py:188} INFO - [2024-02-21T13:50:53.696+0000] {dagbag.py:538} INFO - Filling up the DagBag from /home/airflow/.local/lib/python3.8/site-packages/airflow/example_dags/example_sensor_decorator.py
[2024-02-21T13:50:53.731+0000] {processor.py:840} INFO - DAG(s) 'example_sensor_decorator' retrieved from /home/airflow/.local/lib/python3.8/site-packages/airflow/example_dags/example_sensor_decorator.py
[2024-02-21T13:50:53.877+0000] {logging_mixin.py:188} INFO - [2024-02-21T13:50:53.868+0000] {dag.py:3033} INFO - Sync 1 DAGs
[2024-02-21T13:50:53.958+0000] {logging_mixin.py:188} INFO - [2024-02-21T13:50:53.957+0000] {dag.py:3820} INFO - Setting next_dagrun for example_sensor_decorator to None, run_after=None
[2024-02-21T13:50:54.091+0000] {processor.py:183} INFO - Processing /home/airflow/.local/lib/python3.8/site-packages/airflow/example_dags/example_sensor_decorator.py took 0.416 seconds
[2024-02-21T13:51:24.716+0000] {processor.py:161} INFO - Started process (PID=4355) to work on /home/airflow/.local/lib/python3.8/site-packages/airflow/example_dags/example_sensor_decorator.py
[2024-02-21T13:51:24.718+0000] {processor.py:830} INFO - Processing file /home/airflow/.local/lib/python3.8/site-packages/airflow/example_dags/example_sensor_decorator.py for tasks to queue
[2024-02-21T13:51:24.719+0000] {logging_mixin.py:188} INFO - [2024-02-21T13:51:24.719+0000] {dagbag.py:538} INFO - Filling up the DagBag from /home/airflow/.local/lib/python3.8/site-packages/airflow/example_dags/example_sensor_decorator.py
[2024-02-21T13:51:24.728+0000] {processor.py:840} INFO - DAG(s) 'example_sensor_decorator' retrieved from /home/airflow/.local/lib/python3.8/site-packages/airflow/example_dags/example_sensor_decorator.py
[2024-02-21T13:51:24.758+0000] {logging_mixin.py:188} INFO - [2024-02-21T13:51:24.758+0000] {dag.py:3033} INFO - Sync 1 DAGs
[2024-02-21T13:51:24.777+0000] {logging_mixin.py:188} INFO - [2024-02-21T13:51:24.776+0000] {dag.py:3820} INFO - Setting next_dagrun for example_sensor_decorator to None, run_after=None
[2024-02-21T13:51:24.804+0000] {processor.py:183} INFO - Processing /home/airflow/.local/lib/python3.8/site-packages/airflow/example_dags/example_sensor_decorator.py took 0.093 seconds
[2024-02-21T13:51:55.605+0000] {processor.py:161} INFO - Started process (PID=4412) to work on /home/airflow/.local/lib/python3.8/site-packages/airflow/example_dags/example_sensor_decorator.py
[2024-02-21T13:51:55.608+0000] {processor.py:830} INFO - Processing file /home/airflow/.local/lib/python3.8/site-packages/airflow/example_dags/example_sensor_decorator.py for tasks to queue
[2024-02-21T13:51:55.610+0000] {logging_mixin.py:188} INFO - [2024-02-21T13:51:55.609+0000] {dagbag.py:538} INFO - Filling up the DagBag from /home/airflow/.local/lib/python3.8/site-packages/airflow/example_dags/example_sensor_decorator.py
[2024-02-21T13:51:55.623+0000] {processor.py:840} INFO - DAG(s) 'example_sensor_decorator' retrieved from /home/airflow/.local/lib/python3.8/site-packages/airflow/example_dags/example_sensor_decorator.py
[2024-02-21T13:51:55.656+0000] {logging_mixin.py:188} INFO - [2024-02-21T13:51:55.655+0000] {dag.py:3033} INFO - Sync 1 DAGs
[2024-02-21T13:51:55.675+0000] {logging_mixin.py:188} INFO - [2024-02-21T13:51:55.675+0000] {dag.py:3820} INFO - Setting next_dagrun for example_sensor_decorator to None, run_after=None
[2024-02-21T13:51:55.715+0000] {processor.py:183} INFO - Processing /home/airflow/.local/lib/python3.8/site-packages/airflow/example_dags/example_sensor_decorator.py took 0.118 seconds
[2024-02-21T13:52:25.889+0000] {processor.py:161} INFO - Started process (PID=4468) to work on /home/airflow/.local/lib/python3.8/site-packages/airflow/example_dags/example_sensor_decorator.py
[2024-02-21T13:52:25.891+0000] {processor.py:830} INFO - Processing file /home/airflow/.local/lib/python3.8/site-packages/airflow/example_dags/example_sensor_decorator.py for tasks to queue
[2024-02-21T13:52:25.893+0000] {logging_mixin.py:188} INFO - [2024-02-21T13:52:25.892+0000] {dagbag.py:538} INFO - Filling up the DagBag from /home/airflow/.local/lib/python3.8/site-packages/airflow/example_dags/example_sensor_decorator.py
[2024-02-21T13:52:25.904+0000] {processor.py:840} INFO - DAG(s) 'example_sensor_decorator' retrieved from /home/airflow/.local/lib/python3.8/site-packages/airflow/example_dags/example_sensor_decorator.py
[2024-02-21T13:52:25.935+0000] {logging_mixin.py:188} INFO - [2024-02-21T13:52:25.935+0000] {dag.py:3033} INFO - Sync 1 DAGs
[2024-02-21T13:52:25.962+0000] {logging_mixin.py:188} INFO - [2024-02-21T13:52:25.962+0000] {dag.py:3820} INFO - Setting next_dagrun for example_sensor_decorator to None, run_after=None
[2024-02-21T13:52:25.986+0000] {processor.py:183} INFO - Processing /home/airflow/.local/lib/python3.8/site-packages/airflow/example_dags/example_sensor_decorator.py took 0.103 seconds
[2024-02-21T13:52:56.183+0000] {processor.py:161} INFO - Started process (PID=4525) to work on /home/airflow/.local/lib/python3.8/site-packages/airflow/example_dags/example_sensor_decorator.py
[2024-02-21T13:52:56.184+0000] {processor.py:830} INFO - Processing file /home/airflow/.local/lib/python3.8/site-packages/airflow/example_dags/example_sensor_decorator.py for tasks to queue
[2024-02-21T13:52:56.186+0000] {logging_mixin.py:188} INFO - [2024-02-21T13:52:56.185+0000] {dagbag.py:538} INFO - Filling up the DagBag from /home/airflow/.local/lib/python3.8/site-packages/airflow/example_dags/example_sensor_decorator.py
[2024-02-21T13:52:56.193+0000] {processor.py:840} INFO - DAG(s) 'example_sensor_decorator' retrieved from /home/airflow/.local/lib/python3.8/site-packages/airflow/example_dags/example_sensor_decorator.py
[2024-02-21T13:52:56.221+0000] {logging_mixin.py:188} INFO - [2024-02-21T13:52:56.221+0000] {dag.py:3033} INFO - Sync 1 DAGs
[2024-02-21T13:52:56.236+0000] {logging_mixin.py:188} INFO - [2024-02-21T13:52:56.235+0000] {dag.py:3820} INFO - Setting next_dagrun for example_sensor_decorator to None, run_after=None
[2024-02-21T13:52:56.259+0000] {processor.py:183} INFO - Processing /home/airflow/.local/lib/python3.8/site-packages/airflow/example_dags/example_sensor_decorator.py took 0.080 seconds
[2024-02-21T13:53:26.693+0000] {processor.py:161} INFO - Started process (PID=4582) to work on /home/airflow/.local/lib/python3.8/site-packages/airflow/example_dags/example_sensor_decorator.py
[2024-02-21T13:53:26.694+0000] {processor.py:830} INFO - Processing file /home/airflow/.local/lib/python3.8/site-packages/airflow/example_dags/example_sensor_decorator.py for tasks to queue
[2024-02-21T13:53:26.696+0000] {logging_mixin.py:188} INFO - [2024-02-21T13:53:26.695+0000] {dagbag.py:538} INFO - Filling up the DagBag from /home/airflow/.local/lib/python3.8/site-packages/airflow/example_dags/example_sensor_decorator.py
[2024-02-21T13:53:26.704+0000] {processor.py:840} INFO - DAG(s) 'example_sensor_decorator' retrieved from /home/airflow/.local/lib/python3.8/site-packages/airflow/example_dags/example_sensor_decorator.py
[2024-02-21T13:53:26.731+0000] {logging_mixin.py:188} INFO - [2024-02-21T13:53:26.731+0000] {dag.py:3033} INFO - Sync 1 DAGs
[2024-02-21T13:53:26.748+0000] {logging_mixin.py:188} INFO - [2024-02-21T13:53:26.748+0000] {dag.py:3820} INFO - Setting next_dagrun for example_sensor_decorator to None, run_after=None
[2024-02-21T13:53:26.773+0000] {processor.py:183} INFO - Processing /home/airflow/.local/lib/python3.8/site-packages/airflow/example_dags/example_sensor_decorator.py took 0.084 seconds
[2024-02-21T13:53:57.007+0000] {processor.py:161} INFO - Started process (PID=4639) to work on /home/airflow/.local/lib/python3.8/site-packages/airflow/example_dags/example_sensor_decorator.py
[2024-02-21T13:53:57.009+0000] {processor.py:830} INFO - Processing file /home/airflow/.local/lib/python3.8/site-packages/airflow/example_dags/example_sensor_decorator.py for tasks to queue
[2024-02-21T13:53:57.010+0000] {logging_mixin.py:188} INFO - [2024-02-21T13:53:57.010+0000] {dagbag.py:538} INFO - Filling up the DagBag from /home/airflow/.local/lib/python3.8/site-packages/airflow/example_dags/example_sensor_decorator.py
[2024-02-21T13:53:57.020+0000] {processor.py:840} INFO - DAG(s) 'example_sensor_decorator' retrieved from /home/airflow/.local/lib/python3.8/site-packages/airflow/example_dags/example_sensor_decorator.py
[2024-02-21T13:53:57.049+0000] {logging_mixin.py:188} INFO - [2024-02-21T13:53:57.049+0000] {dag.py:3033} INFO - Sync 1 DAGs
[2024-02-21T13:53:57.070+0000] {logging_mixin.py:188} INFO - [2024-02-21T13:53:57.069+0000] {dag.py:3820} INFO - Setting next_dagrun for example_sensor_decorator to None, run_after=None
[2024-02-21T13:53:57.104+0000] {processor.py:183} INFO - Processing /home/airflow/.local/lib/python3.8/site-packages/airflow/example_dags/example_sensor_decorator.py took 0.101 seconds
[2024-02-21T13:54:27.163+0000] {processor.py:161} INFO - Started process (PID=4696) to work on /home/airflow/.local/lib/python3.8/site-packages/airflow/example_dags/example_sensor_decorator.py
[2024-02-21T13:54:27.165+0000] {processor.py:830} INFO - Processing file /home/airflow/.local/lib/python3.8/site-packages/airflow/example_dags/example_sensor_decorator.py for tasks to queue
[2024-02-21T13:54:27.166+0000] {logging_mixin.py:188} INFO - [2024-02-21T13:54:27.165+0000] {dagbag.py:538} INFO - Filling up the DagBag from /home/airflow/.local/lib/python3.8/site-packages/airflow/example_dags/example_sensor_decorator.py
[2024-02-21T13:54:27.174+0000] {processor.py:840} INFO - DAG(s) 'example_sensor_decorator' retrieved from /home/airflow/.local/lib/python3.8/site-packages/airflow/example_dags/example_sensor_decorator.py
[2024-02-21T13:54:27.198+0000] {logging_mixin.py:188} INFO - [2024-02-21T13:54:27.198+0000] {dag.py:3033} INFO - Sync 1 DAGs
[2024-02-21T13:54:27.215+0000] {logging_mixin.py:188} INFO - [2024-02-21T13:54:27.214+0000] {dag.py:3820} INFO - Setting next_dagrun for example_sensor_decorator to None, run_after=None
[2024-02-21T13:54:27.239+0000] {processor.py:183} INFO - Processing /home/airflow/.local/lib/python3.8/site-packages/airflow/example_dags/example_sensor_decorator.py took 0.080 seconds
[2024-02-21T13:54:57.805+0000] {processor.py:161} INFO - Started process (PID=4753) to work on /home/airflow/.local/lib/python3.8/site-packages/airflow/example_dags/example_sensor_decorator.py
[2024-02-21T13:54:57.806+0000] {processor.py:830} INFO - Processing file /home/airflow/.local/lib/python3.8/site-packages/airflow/example_dags/example_sensor_decorator.py for tasks to queue
[2024-02-21T13:54:57.807+0000] {logging_mixin.py:188} INFO - [2024-02-21T13:54:57.807+0000] {dagbag.py:538} INFO - Filling up the DagBag from /home/airflow/.local/lib/python3.8/site-packages/airflow/example_dags/example_sensor_decorator.py
[2024-02-21T13:54:57.815+0000] {processor.py:840} INFO - DAG(s) 'example_sensor_decorator' retrieved from /home/airflow/.local/lib/python3.8/site-packages/airflow/example_dags/example_sensor_decorator.py
[2024-02-21T13:54:57.840+0000] {logging_mixin.py:188} INFO - [2024-02-21T13:54:57.840+0000] {dag.py:3033} INFO - Sync 1 DAGs
[2024-02-21T13:54:57.857+0000] {logging_mixin.py:188} INFO - [2024-02-21T13:54:57.857+0000] {dag.py:3820} INFO - Setting next_dagrun for example_sensor_decorator to None, run_after=None
[2024-02-21T13:54:57.915+0000] {processor.py:183} INFO - Processing /home/airflow/.local/lib/python3.8/site-packages/airflow/example_dags/example_sensor_decorator.py took 0.114 seconds
[2024-02-21T13:55:28.776+0000] {processor.py:161} INFO - Started process (PID=4810) to work on /home/airflow/.local/lib/python3.8/site-packages/airflow/example_dags/example_sensor_decorator.py
[2024-02-21T13:55:28.777+0000] {processor.py:830} INFO - Processing file /home/airflow/.local/lib/python3.8/site-packages/airflow/example_dags/example_sensor_decorator.py for tasks to queue
[2024-02-21T13:55:28.778+0000] {logging_mixin.py:188} INFO - [2024-02-21T13:55:28.778+0000] {dagbag.py:538} INFO - Filling up the DagBag from /home/airflow/.local/lib/python3.8/site-packages/airflow/example_dags/example_sensor_decorator.py
[2024-02-21T13:55:28.786+0000] {processor.py:840} INFO - DAG(s) 'example_sensor_decorator' retrieved from /home/airflow/.local/lib/python3.8/site-packages/airflow/example_dags/example_sensor_decorator.py
[2024-02-21T13:55:28.813+0000] {logging_mixin.py:188} INFO - [2024-02-21T13:55:28.813+0000] {dag.py:3033} INFO - Sync 1 DAGs
[2024-02-21T13:55:28.826+0000] {logging_mixin.py:188} INFO - [2024-02-21T13:55:28.826+0000] {dag.py:3820} INFO - Setting next_dagrun for example_sensor_decorator to None, run_after=None
[2024-02-21T13:55:28.881+0000] {processor.py:183} INFO - Processing /home/airflow/.local/lib/python3.8/site-packages/airflow/example_dags/example_sensor_decorator.py took 0.109 seconds
