[2024-02-21T13:51:03.526+0000] {processor.py:161} INFO - Started process (PID=4347) to work on /home/airflow/.local/lib/python3.8/site-packages/airflow/example_dags/example_branch_python_dop_operator_3.py
[2024-02-21T13:51:03.528+0000] {processor.py:830} INFO - Processing file /home/airflow/.local/lib/python3.8/site-packages/airflow/example_dags/example_branch_python_dop_operator_3.py for tasks to queue
[2024-02-21T13:51:03.530+0000] {logging_mixin.py:188} INFO - [2024-02-21T13:51:03.530+0000] {dagbag.py:538} INFO - Filling up the DagBag from /home/airflow/.local/lib/python3.8/site-packages/airflow/example_dags/example_branch_python_dop_operator_3.py
[2024-02-21T13:51:03.553+0000] {processor.py:840} INFO - DAG(s) 'example_branch_dop_operator_v3' retrieved from /home/airflow/.local/lib/python3.8/site-packages/airflow/example_dags/example_branch_python_dop_operator_3.py
[2024-02-21T13:51:03.599+0000] {logging_mixin.py:188} INFO - [2024-02-21T13:51:03.598+0000] {dag.py:3033} INFO - Sync 1 DAGs
[2024-02-21T13:51:03.698+0000] {logging_mixin.py:188} INFO - [2024-02-21T13:51:03.698+0000] {dag.py:3820} INFO - Setting next_dagrun for example_branch_dop_operator_v3 to 2024-02-21T13:50:00+00:00, run_after=2024-02-21T13:51:00+00:00
[2024-02-21T13:51:03.809+0000] {processor.py:183} INFO - Processing /home/airflow/.local/lib/python3.8/site-packages/airflow/example_dags/example_branch_python_dop_operator_3.py took 0.290 seconds
[2024-02-21T13:51:34.786+0000] {processor.py:161} INFO - Started process (PID=4404) to work on /home/airflow/.local/lib/python3.8/site-packages/airflow/example_dags/example_branch_python_dop_operator_3.py
[2024-02-21T13:51:34.787+0000] {processor.py:830} INFO - Processing file /home/airflow/.local/lib/python3.8/site-packages/airflow/example_dags/example_branch_python_dop_operator_3.py for tasks to queue
[2024-02-21T13:51:34.789+0000] {logging_mixin.py:188} INFO - [2024-02-21T13:51:34.789+0000] {dagbag.py:538} INFO - Filling up the DagBag from /home/airflow/.local/lib/python3.8/site-packages/airflow/example_dags/example_branch_python_dop_operator_3.py
[2024-02-21T13:51:34.803+0000] {processor.py:840} INFO - DAG(s) 'example_branch_dop_operator_v3' retrieved from /home/airflow/.local/lib/python3.8/site-packages/airflow/example_dags/example_branch_python_dop_operator_3.py
[2024-02-21T13:51:34.833+0000] {logging_mixin.py:188} INFO - [2024-02-21T13:51:34.833+0000] {dag.py:3033} INFO - Sync 1 DAGs
[2024-02-21T13:51:34.877+0000] {logging_mixin.py:188} INFO - [2024-02-21T13:51:34.876+0000] {dag.py:3820} INFO - Setting next_dagrun for example_branch_dop_operator_v3 to 2024-02-21T13:50:00+00:00, run_after=2024-02-21T13:51:00+00:00
[2024-02-21T13:51:34.907+0000] {processor.py:183} INFO - Processing /home/airflow/.local/lib/python3.8/site-packages/airflow/example_dags/example_branch_python_dop_operator_3.py took 0.126 seconds
[2024-02-21T13:52:04.984+0000] {processor.py:161} INFO - Started process (PID=4461) to work on /home/airflow/.local/lib/python3.8/site-packages/airflow/example_dags/example_branch_python_dop_operator_3.py
[2024-02-21T13:52:04.985+0000] {processor.py:830} INFO - Processing file /home/airflow/.local/lib/python3.8/site-packages/airflow/example_dags/example_branch_python_dop_operator_3.py for tasks to queue
[2024-02-21T13:52:04.987+0000] {logging_mixin.py:188} INFO - [2024-02-21T13:52:04.986+0000] {dagbag.py:538} INFO - Filling up the DagBag from /home/airflow/.local/lib/python3.8/site-packages/airflow/example_dags/example_branch_python_dop_operator_3.py
[2024-02-21T13:52:04.999+0000] {processor.py:840} INFO - DAG(s) 'example_branch_dop_operator_v3' retrieved from /home/airflow/.local/lib/python3.8/site-packages/airflow/example_dags/example_branch_python_dop_operator_3.py
[2024-02-21T13:52:05.028+0000] {logging_mixin.py:188} INFO - [2024-02-21T13:52:05.028+0000] {dag.py:3033} INFO - Sync 1 DAGs
[2024-02-21T13:52:05.066+0000] {logging_mixin.py:188} INFO - [2024-02-21T13:52:05.066+0000] {dag.py:3820} INFO - Setting next_dagrun for example_branch_dop_operator_v3 to 2024-02-21T13:51:00+00:00, run_after=2024-02-21T13:52:00+00:00
[2024-02-21T13:52:05.118+0000] {processor.py:183} INFO - Processing /home/airflow/.local/lib/python3.8/site-packages/airflow/example_dags/example_branch_python_dop_operator_3.py took 0.139 seconds
[2024-02-21T13:52:35.477+0000] {processor.py:161} INFO - Started process (PID=4518) to work on /home/airflow/.local/lib/python3.8/site-packages/airflow/example_dags/example_branch_python_dop_operator_3.py
[2024-02-21T13:52:35.478+0000] {processor.py:830} INFO - Processing file /home/airflow/.local/lib/python3.8/site-packages/airflow/example_dags/example_branch_python_dop_operator_3.py for tasks to queue
[2024-02-21T13:52:35.479+0000] {logging_mixin.py:188} INFO - [2024-02-21T13:52:35.479+0000] {dagbag.py:538} INFO - Filling up the DagBag from /home/airflow/.local/lib/python3.8/site-packages/airflow/example_dags/example_branch_python_dop_operator_3.py
[2024-02-21T13:52:35.492+0000] {processor.py:840} INFO - DAG(s) 'example_branch_dop_operator_v3' retrieved from /home/airflow/.local/lib/python3.8/site-packages/airflow/example_dags/example_branch_python_dop_operator_3.py
[2024-02-21T13:52:35.521+0000] {logging_mixin.py:188} INFO - [2024-02-21T13:52:35.521+0000] {dag.py:3033} INFO - Sync 1 DAGs
[2024-02-21T13:52:35.563+0000] {logging_mixin.py:188} INFO - [2024-02-21T13:52:35.562+0000] {dag.py:3820} INFO - Setting next_dagrun for example_branch_dop_operator_v3 to 2024-02-21T13:51:00+00:00, run_after=2024-02-21T13:52:00+00:00
[2024-02-21T13:52:35.589+0000] {processor.py:183} INFO - Processing /home/airflow/.local/lib/python3.8/site-packages/airflow/example_dags/example_branch_python_dop_operator_3.py took 0.116 seconds
[2024-02-21T13:53:05.949+0000] {processor.py:161} INFO - Started process (PID=4575) to work on /home/airflow/.local/lib/python3.8/site-packages/airflow/example_dags/example_branch_python_dop_operator_3.py
[2024-02-21T13:53:05.951+0000] {processor.py:830} INFO - Processing file /home/airflow/.local/lib/python3.8/site-packages/airflow/example_dags/example_branch_python_dop_operator_3.py for tasks to queue
[2024-02-21T13:53:05.953+0000] {logging_mixin.py:188} INFO - [2024-02-21T13:53:05.952+0000] {dagbag.py:538} INFO - Filling up the DagBag from /home/airflow/.local/lib/python3.8/site-packages/airflow/example_dags/example_branch_python_dop_operator_3.py
[2024-02-21T13:53:05.972+0000] {processor.py:840} INFO - DAG(s) 'example_branch_dop_operator_v3' retrieved from /home/airflow/.local/lib/python3.8/site-packages/airflow/example_dags/example_branch_python_dop_operator_3.py
[2024-02-21T13:53:06.000+0000] {logging_mixin.py:188} INFO - [2024-02-21T13:53:06.000+0000] {dag.py:3033} INFO - Sync 1 DAGs
[2024-02-21T13:53:06.040+0000] {logging_mixin.py:188} INFO - [2024-02-21T13:53:06.040+0000] {dag.py:3820} INFO - Setting next_dagrun for example_branch_dop_operator_v3 to 2024-02-21T13:52:00+00:00, run_after=2024-02-21T13:53:00+00:00
[2024-02-21T13:53:06.063+0000] {processor.py:183} INFO - Processing /home/airflow/.local/lib/python3.8/site-packages/airflow/example_dags/example_branch_python_dop_operator_3.py took 0.119 seconds
[2024-02-21T13:53:36.174+0000] {processor.py:161} INFO - Started process (PID=4632) to work on /home/airflow/.local/lib/python3.8/site-packages/airflow/example_dags/example_branch_python_dop_operator_3.py
[2024-02-21T13:53:36.175+0000] {processor.py:830} INFO - Processing file /home/airflow/.local/lib/python3.8/site-packages/airflow/example_dags/example_branch_python_dop_operator_3.py for tasks to queue
[2024-02-21T13:53:36.177+0000] {logging_mixin.py:188} INFO - [2024-02-21T13:53:36.176+0000] {dagbag.py:538} INFO - Filling up the DagBag from /home/airflow/.local/lib/python3.8/site-packages/airflow/example_dags/example_branch_python_dop_operator_3.py
[2024-02-21T13:53:36.191+0000] {processor.py:840} INFO - DAG(s) 'example_branch_dop_operator_v3' retrieved from /home/airflow/.local/lib/python3.8/site-packages/airflow/example_dags/example_branch_python_dop_operator_3.py
[2024-02-21T13:53:36.221+0000] {logging_mixin.py:188} INFO - [2024-02-21T13:53:36.220+0000] {dag.py:3033} INFO - Sync 1 DAGs
[2024-02-21T13:53:36.262+0000] {logging_mixin.py:188} INFO - [2024-02-21T13:53:36.261+0000] {dag.py:3820} INFO - Setting next_dagrun for example_branch_dop_operator_v3 to 2024-02-21T13:52:00+00:00, run_after=2024-02-21T13:53:00+00:00
[2024-02-21T13:53:36.287+0000] {processor.py:183} INFO - Processing /home/airflow/.local/lib/python3.8/site-packages/airflow/example_dags/example_branch_python_dop_operator_3.py took 0.117 seconds
[2024-02-21T13:54:06.493+0000] {processor.py:161} INFO - Started process (PID=4689) to work on /home/airflow/.local/lib/python3.8/site-packages/airflow/example_dags/example_branch_python_dop_operator_3.py
[2024-02-21T13:54:06.495+0000] {processor.py:830} INFO - Processing file /home/airflow/.local/lib/python3.8/site-packages/airflow/example_dags/example_branch_python_dop_operator_3.py for tasks to queue
[2024-02-21T13:54:06.496+0000] {logging_mixin.py:188} INFO - [2024-02-21T13:54:06.496+0000] {dagbag.py:538} INFO - Filling up the DagBag from /home/airflow/.local/lib/python3.8/site-packages/airflow/example_dags/example_branch_python_dop_operator_3.py
[2024-02-21T13:54:06.508+0000] {processor.py:840} INFO - DAG(s) 'example_branch_dop_operator_v3' retrieved from /home/airflow/.local/lib/python3.8/site-packages/airflow/example_dags/example_branch_python_dop_operator_3.py
[2024-02-21T13:54:06.532+0000] {logging_mixin.py:188} INFO - [2024-02-21T13:54:06.532+0000] {dag.py:3033} INFO - Sync 1 DAGs
[2024-02-21T13:54:06.566+0000] {logging_mixin.py:188} INFO - [2024-02-21T13:54:06.565+0000] {dag.py:3820} INFO - Setting next_dagrun for example_branch_dop_operator_v3 to 2024-02-21T13:53:00+00:00, run_after=2024-02-21T13:54:00+00:00
[2024-02-21T13:54:06.594+0000] {processor.py:183} INFO - Processing /home/airflow/.local/lib/python3.8/site-packages/airflow/example_dags/example_branch_python_dop_operator_3.py took 0.104 seconds
[2024-02-21T13:54:37.107+0000] {processor.py:161} INFO - Started process (PID=4746) to work on /home/airflow/.local/lib/python3.8/site-packages/airflow/example_dags/example_branch_python_dop_operator_3.py
[2024-02-21T13:54:37.108+0000] {processor.py:830} INFO - Processing file /home/airflow/.local/lib/python3.8/site-packages/airflow/example_dags/example_branch_python_dop_operator_3.py for tasks to queue
[2024-02-21T13:54:37.110+0000] {logging_mixin.py:188} INFO - [2024-02-21T13:54:37.109+0000] {dagbag.py:538} INFO - Filling up the DagBag from /home/airflow/.local/lib/python3.8/site-packages/airflow/example_dags/example_branch_python_dop_operator_3.py
[2024-02-21T13:54:37.120+0000] {processor.py:840} INFO - DAG(s) 'example_branch_dop_operator_v3' retrieved from /home/airflow/.local/lib/python3.8/site-packages/airflow/example_dags/example_branch_python_dop_operator_3.py
[2024-02-21T13:54:37.145+0000] {logging_mixin.py:188} INFO - [2024-02-21T13:54:37.145+0000] {dag.py:3033} INFO - Sync 1 DAGs
[2024-02-21T13:54:37.173+0000] {logging_mixin.py:188} INFO - [2024-02-21T13:54:37.173+0000] {dag.py:3820} INFO - Setting next_dagrun for example_branch_dop_operator_v3 to 2024-02-21T13:53:00+00:00, run_after=2024-02-21T13:54:00+00:00
[2024-02-21T13:54:37.196+0000] {processor.py:183} INFO - Processing /home/airflow/.local/lib/python3.8/site-packages/airflow/example_dags/example_branch_python_dop_operator_3.py took 0.094 seconds
[2024-02-21T13:55:08.080+0000] {processor.py:161} INFO - Started process (PID=4803) to work on /home/airflow/.local/lib/python3.8/site-packages/airflow/example_dags/example_branch_python_dop_operator_3.py
[2024-02-21T13:55:08.081+0000] {processor.py:830} INFO - Processing file /home/airflow/.local/lib/python3.8/site-packages/airflow/example_dags/example_branch_python_dop_operator_3.py for tasks to queue
[2024-02-21T13:55:08.082+0000] {logging_mixin.py:188} INFO - [2024-02-21T13:55:08.082+0000] {dagbag.py:538} INFO - Filling up the DagBag from /home/airflow/.local/lib/python3.8/site-packages/airflow/example_dags/example_branch_python_dop_operator_3.py
[2024-02-21T13:55:08.095+0000] {processor.py:840} INFO - DAG(s) 'example_branch_dop_operator_v3' retrieved from /home/airflow/.local/lib/python3.8/site-packages/airflow/example_dags/example_branch_python_dop_operator_3.py
[2024-02-21T13:55:08.122+0000] {logging_mixin.py:188} INFO - [2024-02-21T13:55:08.121+0000] {dag.py:3033} INFO - Sync 1 DAGs
[2024-02-21T13:55:08.157+0000] {logging_mixin.py:188} INFO - [2024-02-21T13:55:08.157+0000] {dag.py:3820} INFO - Setting next_dagrun for example_branch_dop_operator_v3 to 2024-02-21T13:54:00+00:00, run_after=2024-02-21T13:55:00+00:00
[2024-02-21T13:55:08.181+0000] {processor.py:183} INFO - Processing /home/airflow/.local/lib/python3.8/site-packages/airflow/example_dags/example_branch_python_dop_operator_3.py took 0.106 seconds
[2024-02-21T13:55:38.560+0000] {processor.py:161} INFO - Started process (PID=4861) to work on /home/airflow/.local/lib/python3.8/site-packages/airflow/example_dags/example_branch_python_dop_operator_3.py
[2024-02-21T13:55:38.561+0000] {processor.py:830} INFO - Processing file /home/airflow/.local/lib/python3.8/site-packages/airflow/example_dags/example_branch_python_dop_operator_3.py for tasks to queue
[2024-02-21T13:55:38.563+0000] {logging_mixin.py:188} INFO - [2024-02-21T13:55:38.562+0000] {dagbag.py:538} INFO - Filling up the DagBag from /home/airflow/.local/lib/python3.8/site-packages/airflow/example_dags/example_branch_python_dop_operator_3.py
[2024-02-21T13:55:38.574+0000] {processor.py:840} INFO - DAG(s) 'example_branch_dop_operator_v3' retrieved from /home/airflow/.local/lib/python3.8/site-packages/airflow/example_dags/example_branch_python_dop_operator_3.py
[2024-02-21T13:55:38.599+0000] {logging_mixin.py:188} INFO - [2024-02-21T13:55:38.599+0000] {dag.py:3033} INFO - Sync 1 DAGs
[2024-02-21T13:55:38.630+0000] {logging_mixin.py:188} INFO - [2024-02-21T13:55:38.630+0000] {dag.py:3820} INFO - Setting next_dagrun for example_branch_dop_operator_v3 to 2024-02-21T13:54:00+00:00, run_after=2024-02-21T13:55:00+00:00
[2024-02-21T13:55:38.655+0000] {processor.py:183} INFO - Processing /home/airflow/.local/lib/python3.8/site-packages/airflow/example_dags/example_branch_python_dop_operator_3.py took 0.099 seconds
