[2024-02-21T13:50:56.878+0000] {processor.py:161} INFO - Started process (PID=4311) to work on /home/airflow/.local/lib/python3.8/site-packages/airflow/example_dags/example_nested_branch_dag.py
[2024-02-21T13:50:56.881+0000] {processor.py:830} INFO - Processing file /home/airflow/.local/lib/python3.8/site-packages/airflow/example_dags/example_nested_branch_dag.py for tasks to queue
[2024-02-21T13:50:56.883+0000] {logging_mixin.py:188} INFO - [2024-02-21T13:50:56.882+0000] {dagbag.py:538} INFO - Filling up the DagBag from /home/airflow/.local/lib/python3.8/site-packages/airflow/example_dags/example_nested_branch_dag.py
[2024-02-21T13:50:56.908+0000] {processor.py:840} INFO - DAG(s) 'example_nested_branch_dag' retrieved from /home/airflow/.local/lib/python3.8/site-packages/airflow/example_dags/example_nested_branch_dag.py
[2024-02-21T13:50:56.967+0000] {logging_mixin.py:188} INFO - [2024-02-21T13:50:56.966+0000] {dag.py:3033} INFO - Sync 1 DAGs
[2024-02-21T13:50:57.034+0000] {logging_mixin.py:188} INFO - [2024-02-21T13:50:57.034+0000] {dag.py:3820} INFO - Setting next_dagrun for example_nested_branch_dag to 2024-02-20T00:00:00+00:00, run_after=2024-02-21T00:00:00+00:00
[2024-02-21T13:50:57.120+0000] {processor.py:183} INFO - Processing /home/airflow/.local/lib/python3.8/site-packages/airflow/example_dags/example_nested_branch_dag.py took 0.248 seconds
[2024-02-21T13:51:27.805+0000] {processor.py:161} INFO - Started process (PID=4368) to work on /home/airflow/.local/lib/python3.8/site-packages/airflow/example_dags/example_nested_branch_dag.py
[2024-02-21T13:51:27.807+0000] {processor.py:830} INFO - Processing file /home/airflow/.local/lib/python3.8/site-packages/airflow/example_dags/example_nested_branch_dag.py for tasks to queue
[2024-02-21T13:51:27.808+0000] {logging_mixin.py:188} INFO - [2024-02-21T13:51:27.808+0000] {dagbag.py:538} INFO - Filling up the DagBag from /home/airflow/.local/lib/python3.8/site-packages/airflow/example_dags/example_nested_branch_dag.py
[2024-02-21T13:51:27.825+0000] {processor.py:840} INFO - DAG(s) 'example_nested_branch_dag' retrieved from /home/airflow/.local/lib/python3.8/site-packages/airflow/example_dags/example_nested_branch_dag.py
[2024-02-21T13:51:27.859+0000] {logging_mixin.py:188} INFO - [2024-02-21T13:51:27.859+0000] {dag.py:3033} INFO - Sync 1 DAGs
[2024-02-21T13:51:27.893+0000] {logging_mixin.py:188} INFO - [2024-02-21T13:51:27.893+0000] {dag.py:3820} INFO - Setting next_dagrun for example_nested_branch_dag to 2024-02-20T00:00:00+00:00, run_after=2024-02-21T00:00:00+00:00
[2024-02-21T13:51:27.920+0000] {processor.py:183} INFO - Processing /home/airflow/.local/lib/python3.8/site-packages/airflow/example_dags/example_nested_branch_dag.py took 0.119 seconds
[2024-02-21T13:51:58.485+0000] {processor.py:161} INFO - Started process (PID=4427) to work on /home/airflow/.local/lib/python3.8/site-packages/airflow/example_dags/example_nested_branch_dag.py
[2024-02-21T13:51:58.487+0000] {processor.py:830} INFO - Processing file /home/airflow/.local/lib/python3.8/site-packages/airflow/example_dags/example_nested_branch_dag.py for tasks to queue
[2024-02-21T13:51:58.489+0000] {logging_mixin.py:188} INFO - [2024-02-21T13:51:58.488+0000] {dagbag.py:538} INFO - Filling up the DagBag from /home/airflow/.local/lib/python3.8/site-packages/airflow/example_dags/example_nested_branch_dag.py
[2024-02-21T13:51:58.507+0000] {processor.py:840} INFO - DAG(s) 'example_nested_branch_dag' retrieved from /home/airflow/.local/lib/python3.8/site-packages/airflow/example_dags/example_nested_branch_dag.py
[2024-02-21T13:51:58.543+0000] {logging_mixin.py:188} INFO - [2024-02-21T13:51:58.543+0000] {dag.py:3033} INFO - Sync 1 DAGs
[2024-02-21T13:51:58.577+0000] {logging_mixin.py:188} INFO - [2024-02-21T13:51:58.577+0000] {dag.py:3820} INFO - Setting next_dagrun for example_nested_branch_dag to 2024-02-20T00:00:00+00:00, run_after=2024-02-21T00:00:00+00:00
[2024-02-21T13:51:58.603+0000] {processor.py:183} INFO - Processing /home/airflow/.local/lib/python3.8/site-packages/airflow/example_dags/example_nested_branch_dag.py took 0.123 seconds
[2024-02-21T13:52:29.445+0000] {processor.py:161} INFO - Started process (PID=4485) to work on /home/airflow/.local/lib/python3.8/site-packages/airflow/example_dags/example_nested_branch_dag.py
[2024-02-21T13:52:29.446+0000] {processor.py:830} INFO - Processing file /home/airflow/.local/lib/python3.8/site-packages/airflow/example_dags/example_nested_branch_dag.py for tasks to queue
[2024-02-21T13:52:29.448+0000] {logging_mixin.py:188} INFO - [2024-02-21T13:52:29.447+0000] {dagbag.py:538} INFO - Filling up the DagBag from /home/airflow/.local/lib/python3.8/site-packages/airflow/example_dags/example_nested_branch_dag.py
[2024-02-21T13:52:29.461+0000] {processor.py:840} INFO - DAG(s) 'example_nested_branch_dag' retrieved from /home/airflow/.local/lib/python3.8/site-packages/airflow/example_dags/example_nested_branch_dag.py
[2024-02-21T13:52:29.490+0000] {logging_mixin.py:188} INFO - [2024-02-21T13:52:29.489+0000] {dag.py:3033} INFO - Sync 1 DAGs
[2024-02-21T13:52:29.529+0000] {logging_mixin.py:188} INFO - [2024-02-21T13:52:29.529+0000] {dag.py:3820} INFO - Setting next_dagrun for example_nested_branch_dag to 2024-02-20T00:00:00+00:00, run_after=2024-02-21T00:00:00+00:00
[2024-02-21T13:52:29.554+0000] {processor.py:183} INFO - Processing /home/airflow/.local/lib/python3.8/site-packages/airflow/example_dags/example_nested_branch_dag.py took 0.114 seconds
[2024-02-21T13:52:59.720+0000] {processor.py:161} INFO - Started process (PID=4542) to work on /home/airflow/.local/lib/python3.8/site-packages/airflow/example_dags/example_nested_branch_dag.py
[2024-02-21T13:52:59.721+0000] {processor.py:830} INFO - Processing file /home/airflow/.local/lib/python3.8/site-packages/airflow/example_dags/example_nested_branch_dag.py for tasks to queue
[2024-02-21T13:52:59.723+0000] {logging_mixin.py:188} INFO - [2024-02-21T13:52:59.723+0000] {dagbag.py:538} INFO - Filling up the DagBag from /home/airflow/.local/lib/python3.8/site-packages/airflow/example_dags/example_nested_branch_dag.py
[2024-02-21T13:52:59.741+0000] {processor.py:840} INFO - DAG(s) 'example_nested_branch_dag' retrieved from /home/airflow/.local/lib/python3.8/site-packages/airflow/example_dags/example_nested_branch_dag.py
[2024-02-21T13:52:59.773+0000] {logging_mixin.py:188} INFO - [2024-02-21T13:52:59.773+0000] {dag.py:3033} INFO - Sync 1 DAGs
[2024-02-21T13:52:59.804+0000] {logging_mixin.py:188} INFO - [2024-02-21T13:52:59.804+0000] {dag.py:3820} INFO - Setting next_dagrun for example_nested_branch_dag to 2024-02-20T00:00:00+00:00, run_after=2024-02-21T00:00:00+00:00
[2024-02-21T13:52:59.865+0000] {processor.py:183} INFO - Processing /home/airflow/.local/lib/python3.8/site-packages/airflow/example_dags/example_nested_branch_dag.py took 0.152 seconds
[2024-02-21T13:53:30.774+0000] {processor.py:161} INFO - Started process (PID=4605) to work on /home/airflow/.local/lib/python3.8/site-packages/airflow/example_dags/example_nested_branch_dag.py
[2024-02-21T13:53:30.776+0000] {processor.py:830} INFO - Processing file /home/airflow/.local/lib/python3.8/site-packages/airflow/example_dags/example_nested_branch_dag.py for tasks to queue
[2024-02-21T13:53:30.777+0000] {logging_mixin.py:188} INFO - [2024-02-21T13:53:30.777+0000] {dagbag.py:538} INFO - Filling up the DagBag from /home/airflow/.local/lib/python3.8/site-packages/airflow/example_dags/example_nested_branch_dag.py
[2024-02-21T13:53:30.793+0000] {processor.py:840} INFO - DAG(s) 'example_nested_branch_dag' retrieved from /home/airflow/.local/lib/python3.8/site-packages/airflow/example_dags/example_nested_branch_dag.py
[2024-02-21T13:53:30.828+0000] {logging_mixin.py:188} INFO - [2024-02-21T13:53:30.828+0000] {dag.py:3033} INFO - Sync 1 DAGs
[2024-02-21T13:53:30.864+0000] {logging_mixin.py:188} INFO - [2024-02-21T13:53:30.863+0000] {dag.py:3820} INFO - Setting next_dagrun for example_nested_branch_dag to 2024-02-20T00:00:00+00:00, run_after=2024-02-21T00:00:00+00:00
[2024-02-21T13:53:30.932+0000] {processor.py:183} INFO - Processing /home/airflow/.local/lib/python3.8/site-packages/airflow/example_dags/example_nested_branch_dag.py took 0.163 seconds
[2024-02-21T13:54:01.433+0000] {processor.py:161} INFO - Started process (PID=4662) to work on /home/airflow/.local/lib/python3.8/site-packages/airflow/example_dags/example_nested_branch_dag.py
[2024-02-21T13:54:01.435+0000] {processor.py:830} INFO - Processing file /home/airflow/.local/lib/python3.8/site-packages/airflow/example_dags/example_nested_branch_dag.py for tasks to queue
[2024-02-21T13:54:01.437+0000] {logging_mixin.py:188} INFO - [2024-02-21T13:54:01.436+0000] {dagbag.py:538} INFO - Filling up the DagBag from /home/airflow/.local/lib/python3.8/site-packages/airflow/example_dags/example_nested_branch_dag.py
[2024-02-21T13:54:01.450+0000] {processor.py:840} INFO - DAG(s) 'example_nested_branch_dag' retrieved from /home/airflow/.local/lib/python3.8/site-packages/airflow/example_dags/example_nested_branch_dag.py
[2024-02-21T13:54:01.481+0000] {logging_mixin.py:188} INFO - [2024-02-21T13:54:01.481+0000] {dag.py:3033} INFO - Sync 1 DAGs
[2024-02-21T13:54:01.510+0000] {logging_mixin.py:188} INFO - [2024-02-21T13:54:01.510+0000] {dag.py:3820} INFO - Setting next_dagrun for example_nested_branch_dag to 2024-02-20T00:00:00+00:00, run_after=2024-02-21T00:00:00+00:00
[2024-02-21T13:54:01.538+0000] {processor.py:183} INFO - Processing /home/airflow/.local/lib/python3.8/site-packages/airflow/example_dags/example_nested_branch_dag.py took 0.110 seconds
[2024-02-21T13:54:31.676+0000] {processor.py:161} INFO - Started process (PID=4719) to work on /home/airflow/.local/lib/python3.8/site-packages/airflow/example_dags/example_nested_branch_dag.py
[2024-02-21T13:54:31.677+0000] {processor.py:830} INFO - Processing file /home/airflow/.local/lib/python3.8/site-packages/airflow/example_dags/example_nested_branch_dag.py for tasks to queue
[2024-02-21T13:54:31.678+0000] {logging_mixin.py:188} INFO - [2024-02-21T13:54:31.678+0000] {dagbag.py:538} INFO - Filling up the DagBag from /home/airflow/.local/lib/python3.8/site-packages/airflow/example_dags/example_nested_branch_dag.py
[2024-02-21T13:54:31.695+0000] {processor.py:840} INFO - DAG(s) 'example_nested_branch_dag' retrieved from /home/airflow/.local/lib/python3.8/site-packages/airflow/example_dags/example_nested_branch_dag.py
[2024-02-21T13:54:31.725+0000] {logging_mixin.py:188} INFO - [2024-02-21T13:54:31.724+0000] {dag.py:3033} INFO - Sync 1 DAGs
[2024-02-21T13:54:31.761+0000] {logging_mixin.py:188} INFO - [2024-02-21T13:54:31.760+0000] {dag.py:3820} INFO - Setting next_dagrun for example_nested_branch_dag to 2024-02-20T00:00:00+00:00, run_after=2024-02-21T00:00:00+00:00
[2024-02-21T13:54:31.800+0000] {processor.py:183} INFO - Processing /home/airflow/.local/lib/python3.8/site-packages/airflow/example_dags/example_nested_branch_dag.py took 0.130 seconds
[2024-02-21T13:55:02.204+0000] {processor.py:161} INFO - Started process (PID=4776) to work on /home/airflow/.local/lib/python3.8/site-packages/airflow/example_dags/example_nested_branch_dag.py
[2024-02-21T13:55:02.205+0000] {processor.py:830} INFO - Processing file /home/airflow/.local/lib/python3.8/site-packages/airflow/example_dags/example_nested_branch_dag.py for tasks to queue
[2024-02-21T13:55:02.206+0000] {logging_mixin.py:188} INFO - [2024-02-21T13:55:02.206+0000] {dagbag.py:538} INFO - Filling up the DagBag from /home/airflow/.local/lib/python3.8/site-packages/airflow/example_dags/example_nested_branch_dag.py
[2024-02-21T13:55:02.224+0000] {processor.py:840} INFO - DAG(s) 'example_nested_branch_dag' retrieved from /home/airflow/.local/lib/python3.8/site-packages/airflow/example_dags/example_nested_branch_dag.py
[2024-02-21T13:55:02.253+0000] {logging_mixin.py:188} INFO - [2024-02-21T13:55:02.253+0000] {dag.py:3033} INFO - Sync 1 DAGs
[2024-02-21T13:55:02.285+0000] {logging_mixin.py:188} INFO - [2024-02-21T13:55:02.285+0000] {dag.py:3820} INFO - Setting next_dagrun for example_nested_branch_dag to 2024-02-20T00:00:00+00:00, run_after=2024-02-21T00:00:00+00:00
[2024-02-21T13:55:02.311+0000] {processor.py:183} INFO - Processing /home/airflow/.local/lib/python3.8/site-packages/airflow/example_dags/example_nested_branch_dag.py took 0.111 seconds
[2024-02-21T13:55:33.437+0000] {processor.py:161} INFO - Started process (PID=4834) to work on /home/airflow/.local/lib/python3.8/site-packages/airflow/example_dags/example_nested_branch_dag.py
[2024-02-21T13:55:33.439+0000] {processor.py:830} INFO - Processing file /home/airflow/.local/lib/python3.8/site-packages/airflow/example_dags/example_nested_branch_dag.py for tasks to queue
[2024-02-21T13:55:33.440+0000] {logging_mixin.py:188} INFO - [2024-02-21T13:55:33.440+0000] {dagbag.py:538} INFO - Filling up the DagBag from /home/airflow/.local/lib/python3.8/site-packages/airflow/example_dags/example_nested_branch_dag.py
[2024-02-21T13:55:33.454+0000] {processor.py:840} INFO - DAG(s) 'example_nested_branch_dag' retrieved from /home/airflow/.local/lib/python3.8/site-packages/airflow/example_dags/example_nested_branch_dag.py
[2024-02-21T13:55:33.483+0000] {logging_mixin.py:188} INFO - [2024-02-21T13:55:33.483+0000] {dag.py:3033} INFO - Sync 1 DAGs
[2024-02-21T13:55:33.527+0000] {logging_mixin.py:188} INFO - [2024-02-21T13:55:33.527+0000] {dag.py:3820} INFO - Setting next_dagrun for example_nested_branch_dag to 2024-02-20T00:00:00+00:00, run_after=2024-02-21T00:00:00+00:00
[2024-02-21T13:55:33.552+0000] {processor.py:183} INFO - Processing /home/airflow/.local/lib/python3.8/site-packages/airflow/example_dags/example_nested_branch_dag.py took 0.120 seconds
