[2024-02-21T13:50:52.410+0000] {processor.py:161} INFO - Started process (PID=4296) to work on /home/airflow/.local/lib/python3.8/site-packages/airflow/example_dags/example_branch_day_of_week_operator.py
[2024-02-21T13:50:52.414+0000] {processor.py:830} INFO - Processing file /home/airflow/.local/lib/python3.8/site-packages/airflow/example_dags/example_branch_day_of_week_operator.py for tasks to queue
[2024-02-21T13:50:52.416+0000] {logging_mixin.py:188} INFO - [2024-02-21T13:50:52.416+0000] {dagbag.py:538} INFO - Filling up the DagBag from /home/airflow/.local/lib/python3.8/site-packages/airflow/example_dags/example_branch_day_of_week_operator.py
[2024-02-21T13:50:52.467+0000] {processor.py:840} INFO - DAG(s) 'example_weekday_branch_operator' retrieved from /home/airflow/.local/lib/python3.8/site-packages/airflow/example_dags/example_branch_day_of_week_operator.py
[2024-02-21T13:50:52.578+0000] {logging_mixin.py:188} INFO - [2024-02-21T13:50:52.578+0000] {dag.py:3033} INFO - Sync 1 DAGs
[2024-02-21T13:50:52.731+0000] {logging_mixin.py:188} INFO - [2024-02-21T13:50:52.731+0000] {dag.py:3820} INFO - Setting next_dagrun for example_weekday_branch_operator to 2024-02-20T00:00:00+00:00, run_after=2024-02-21T00:00:00+00:00
[2024-02-21T13:50:52.838+0000] {processor.py:183} INFO - Processing /home/airflow/.local/lib/python3.8/site-packages/airflow/example_dags/example_branch_day_of_week_operator.py took 0.480 seconds
[2024-02-21T13:51:23.487+0000] {processor.py:161} INFO - Started process (PID=4352) to work on /home/airflow/.local/lib/python3.8/site-packages/airflow/example_dags/example_branch_day_of_week_operator.py
[2024-02-21T13:51:23.490+0000] {processor.py:830} INFO - Processing file /home/airflow/.local/lib/python3.8/site-packages/airflow/example_dags/example_branch_day_of_week_operator.py for tasks to queue
[2024-02-21T13:51:23.491+0000] {logging_mixin.py:188} INFO - [2024-02-21T13:51:23.491+0000] {dagbag.py:538} INFO - Filling up the DagBag from /home/airflow/.local/lib/python3.8/site-packages/airflow/example_dags/example_branch_day_of_week_operator.py
[2024-02-21T13:51:23.509+0000] {processor.py:840} INFO - DAG(s) 'example_weekday_branch_operator' retrieved from /home/airflow/.local/lib/python3.8/site-packages/airflow/example_dags/example_branch_day_of_week_operator.py
[2024-02-21T13:51:23.571+0000] {logging_mixin.py:188} INFO - [2024-02-21T13:51:23.571+0000] {dag.py:3033} INFO - Sync 1 DAGs
[2024-02-21T13:51:23.624+0000] {logging_mixin.py:188} INFO - [2024-02-21T13:51:23.624+0000] {dag.py:3820} INFO - Setting next_dagrun for example_weekday_branch_operator to 2024-02-20T00:00:00+00:00, run_after=2024-02-21T00:00:00+00:00
[2024-02-21T13:51:23.652+0000] {processor.py:183} INFO - Processing /home/airflow/.local/lib/python3.8/site-packages/airflow/example_dags/example_branch_day_of_week_operator.py took 0.172 seconds
[2024-02-21T13:51:54.392+0000] {processor.py:161} INFO - Started process (PID=4409) to work on /home/airflow/.local/lib/python3.8/site-packages/airflow/example_dags/example_branch_day_of_week_operator.py
[2024-02-21T13:51:54.393+0000] {processor.py:830} INFO - Processing file /home/airflow/.local/lib/python3.8/site-packages/airflow/example_dags/example_branch_day_of_week_operator.py for tasks to queue
[2024-02-21T13:51:54.395+0000] {logging_mixin.py:188} INFO - [2024-02-21T13:51:54.394+0000] {dagbag.py:538} INFO - Filling up the DagBag from /home/airflow/.local/lib/python3.8/site-packages/airflow/example_dags/example_branch_day_of_week_operator.py
[2024-02-21T13:51:54.409+0000] {processor.py:840} INFO - DAG(s) 'example_weekday_branch_operator' retrieved from /home/airflow/.local/lib/python3.8/site-packages/airflow/example_dags/example_branch_day_of_week_operator.py
[2024-02-21T13:51:54.454+0000] {logging_mixin.py:188} INFO - [2024-02-21T13:51:54.454+0000] {dag.py:3033} INFO - Sync 1 DAGs
[2024-02-21T13:51:54.511+0000] {logging_mixin.py:188} INFO - [2024-02-21T13:51:54.511+0000] {dag.py:3820} INFO - Setting next_dagrun for example_weekday_branch_operator to 2024-02-20T00:00:00+00:00, run_after=2024-02-21T00:00:00+00:00
[2024-02-21T13:51:54.547+0000] {processor.py:183} INFO - Processing /home/airflow/.local/lib/python3.8/site-packages/airflow/example_dags/example_branch_day_of_week_operator.py took 0.162 seconds
[2024-02-21T13:52:24.716+0000] {processor.py:161} INFO - Started process (PID=4466) to work on /home/airflow/.local/lib/python3.8/site-packages/airflow/example_dags/example_branch_day_of_week_operator.py
[2024-02-21T13:52:24.717+0000] {processor.py:830} INFO - Processing file /home/airflow/.local/lib/python3.8/site-packages/airflow/example_dags/example_branch_day_of_week_operator.py for tasks to queue
[2024-02-21T13:52:24.718+0000] {logging_mixin.py:188} INFO - [2024-02-21T13:52:24.718+0000] {dagbag.py:538} INFO - Filling up the DagBag from /home/airflow/.local/lib/python3.8/site-packages/airflow/example_dags/example_branch_day_of_week_operator.py
[2024-02-21T13:52:24.728+0000] {processor.py:840} INFO - DAG(s) 'example_weekday_branch_operator' retrieved from /home/airflow/.local/lib/python3.8/site-packages/airflow/example_dags/example_branch_day_of_week_operator.py
[2024-02-21T13:52:24.757+0000] {logging_mixin.py:188} INFO - [2024-02-21T13:52:24.756+0000] {dag.py:3033} INFO - Sync 1 DAGs
[2024-02-21T13:52:24.784+0000] {logging_mixin.py:188} INFO - [2024-02-21T13:52:24.784+0000] {dag.py:3820} INFO - Setting next_dagrun for example_weekday_branch_operator to 2024-02-20T00:00:00+00:00, run_after=2024-02-21T00:00:00+00:00
[2024-02-21T13:52:24.837+0000] {processor.py:183} INFO - Processing /home/airflow/.local/lib/python3.8/site-packages/airflow/example_dags/example_branch_day_of_week_operator.py took 0.125 seconds
[2024-02-21T13:52:55.089+0000] {processor.py:161} INFO - Started process (PID=4523) to work on /home/airflow/.local/lib/python3.8/site-packages/airflow/example_dags/example_branch_day_of_week_operator.py
[2024-02-21T13:52:55.090+0000] {processor.py:830} INFO - Processing file /home/airflow/.local/lib/python3.8/site-packages/airflow/example_dags/example_branch_day_of_week_operator.py for tasks to queue
[2024-02-21T13:52:55.092+0000] {logging_mixin.py:188} INFO - [2024-02-21T13:52:55.092+0000] {dagbag.py:538} INFO - Filling up the DagBag from /home/airflow/.local/lib/python3.8/site-packages/airflow/example_dags/example_branch_day_of_week_operator.py
[2024-02-21T13:52:55.104+0000] {processor.py:840} INFO - DAG(s) 'example_weekday_branch_operator' retrieved from /home/airflow/.local/lib/python3.8/site-packages/airflow/example_dags/example_branch_day_of_week_operator.py
[2024-02-21T13:52:55.135+0000] {logging_mixin.py:188} INFO - [2024-02-21T13:52:55.135+0000] {dag.py:3033} INFO - Sync 1 DAGs
[2024-02-21T13:52:55.171+0000] {logging_mixin.py:188} INFO - [2024-02-21T13:52:55.171+0000] {dag.py:3820} INFO - Setting next_dagrun for example_weekday_branch_operator to 2024-02-20T00:00:00+00:00, run_after=2024-02-21T00:00:00+00:00
[2024-02-21T13:52:55.196+0000] {processor.py:183} INFO - Processing /home/airflow/.local/lib/python3.8/site-packages/airflow/example_dags/example_branch_day_of_week_operator.py took 0.112 seconds
[2024-02-21T13:53:25.553+0000] {processor.py:161} INFO - Started process (PID=4580) to work on /home/airflow/.local/lib/python3.8/site-packages/airflow/example_dags/example_branch_day_of_week_operator.py
[2024-02-21T13:53:25.555+0000] {processor.py:830} INFO - Processing file /home/airflow/.local/lib/python3.8/site-packages/airflow/example_dags/example_branch_day_of_week_operator.py for tasks to queue
[2024-02-21T13:53:25.556+0000] {logging_mixin.py:188} INFO - [2024-02-21T13:53:25.556+0000] {dagbag.py:538} INFO - Filling up the DagBag from /home/airflow/.local/lib/python3.8/site-packages/airflow/example_dags/example_branch_day_of_week_operator.py
[2024-02-21T13:53:25.565+0000] {processor.py:840} INFO - DAG(s) 'example_weekday_branch_operator' retrieved from /home/airflow/.local/lib/python3.8/site-packages/airflow/example_dags/example_branch_day_of_week_operator.py
[2024-02-21T13:53:25.595+0000] {logging_mixin.py:188} INFO - [2024-02-21T13:53:25.595+0000] {dag.py:3033} INFO - Sync 1 DAGs
[2024-02-21T13:53:25.624+0000] {logging_mixin.py:188} INFO - [2024-02-21T13:53:25.624+0000] {dag.py:3820} INFO - Setting next_dagrun for example_weekday_branch_operator to 2024-02-20T00:00:00+00:00, run_after=2024-02-21T00:00:00+00:00
[2024-02-21T13:53:25.649+0000] {processor.py:183} INFO - Processing /home/airflow/.local/lib/python3.8/site-packages/airflow/example_dags/example_branch_day_of_week_operator.py took 0.101 seconds
[2024-02-21T13:53:55.812+0000] {processor.py:161} INFO - Started process (PID=4637) to work on /home/airflow/.local/lib/python3.8/site-packages/airflow/example_dags/example_branch_day_of_week_operator.py
[2024-02-21T13:53:55.814+0000] {processor.py:830} INFO - Processing file /home/airflow/.local/lib/python3.8/site-packages/airflow/example_dags/example_branch_day_of_week_operator.py for tasks to queue
[2024-02-21T13:53:55.815+0000] {logging_mixin.py:188} INFO - [2024-02-21T13:53:55.815+0000] {dagbag.py:538} INFO - Filling up the DagBag from /home/airflow/.local/lib/python3.8/site-packages/airflow/example_dags/example_branch_day_of_week_operator.py
[2024-02-21T13:53:55.830+0000] {processor.py:840} INFO - DAG(s) 'example_weekday_branch_operator' retrieved from /home/airflow/.local/lib/python3.8/site-packages/airflow/example_dags/example_branch_day_of_week_operator.py
[2024-02-21T13:53:55.870+0000] {logging_mixin.py:188} INFO - [2024-02-21T13:53:55.870+0000] {dag.py:3033} INFO - Sync 1 DAGs
[2024-02-21T13:53:55.916+0000] {logging_mixin.py:188} INFO - [2024-02-21T13:53:55.916+0000] {dag.py:3820} INFO - Setting next_dagrun for example_weekday_branch_operator to 2024-02-20T00:00:00+00:00, run_after=2024-02-21T00:00:00+00:00
[2024-02-21T13:53:55.961+0000] {processor.py:183} INFO - Processing /home/airflow/.local/lib/python3.8/site-packages/airflow/example_dags/example_branch_day_of_week_operator.py took 0.153 seconds
[2024-02-21T13:54:26.026+0000] {processor.py:161} INFO - Started process (PID=4694) to work on /home/airflow/.local/lib/python3.8/site-packages/airflow/example_dags/example_branch_day_of_week_operator.py
[2024-02-21T13:54:26.027+0000] {processor.py:830} INFO - Processing file /home/airflow/.local/lib/python3.8/site-packages/airflow/example_dags/example_branch_day_of_week_operator.py for tasks to queue
[2024-02-21T13:54:26.029+0000] {logging_mixin.py:188} INFO - [2024-02-21T13:54:26.029+0000] {dagbag.py:538} INFO - Filling up the DagBag from /home/airflow/.local/lib/python3.8/site-packages/airflow/example_dags/example_branch_day_of_week_operator.py
[2024-02-21T13:54:26.038+0000] {processor.py:840} INFO - DAG(s) 'example_weekday_branch_operator' retrieved from /home/airflow/.local/lib/python3.8/site-packages/airflow/example_dags/example_branch_day_of_week_operator.py
[2024-02-21T13:54:26.068+0000] {logging_mixin.py:188} INFO - [2024-02-21T13:54:26.068+0000] {dag.py:3033} INFO - Sync 1 DAGs
[2024-02-21T13:54:26.099+0000] {logging_mixin.py:188} INFO - [2024-02-21T13:54:26.099+0000] {dag.py:3820} INFO - Setting next_dagrun for example_weekday_branch_operator to 2024-02-20T00:00:00+00:00, run_after=2024-02-21T00:00:00+00:00
[2024-02-21T13:54:26.124+0000] {processor.py:183} INFO - Processing /home/airflow/.local/lib/python3.8/site-packages/airflow/example_dags/example_branch_day_of_week_operator.py took 0.103 seconds
[2024-02-21T13:54:56.717+0000] {processor.py:161} INFO - Started process (PID=4751) to work on /home/airflow/.local/lib/python3.8/site-packages/airflow/example_dags/example_branch_day_of_week_operator.py
[2024-02-21T13:54:56.719+0000] {processor.py:830} INFO - Processing file /home/airflow/.local/lib/python3.8/site-packages/airflow/example_dags/example_branch_day_of_week_operator.py for tasks to queue
[2024-02-21T13:54:56.720+0000] {logging_mixin.py:188} INFO - [2024-02-21T13:54:56.719+0000] {dagbag.py:538} INFO - Filling up the DagBag from /home/airflow/.local/lib/python3.8/site-packages/airflow/example_dags/example_branch_day_of_week_operator.py
[2024-02-21T13:54:56.729+0000] {processor.py:840} INFO - DAG(s) 'example_weekday_branch_operator' retrieved from /home/airflow/.local/lib/python3.8/site-packages/airflow/example_dags/example_branch_day_of_week_operator.py
[2024-02-21T13:54:56.757+0000] {logging_mixin.py:188} INFO - [2024-02-21T13:54:56.757+0000] {dag.py:3033} INFO - Sync 1 DAGs
[2024-02-21T13:54:56.786+0000] {logging_mixin.py:188} INFO - [2024-02-21T13:54:56.786+0000] {dag.py:3820} INFO - Setting next_dagrun for example_weekday_branch_operator to 2024-02-20T00:00:00+00:00, run_after=2024-02-21T00:00:00+00:00
[2024-02-21T13:54:56.853+0000] {processor.py:183} INFO - Processing /home/airflow/.local/lib/python3.8/site-packages/airflow/example_dags/example_branch_day_of_week_operator.py took 0.139 seconds
[2024-02-21T13:55:27.652+0000] {processor.py:161} INFO - Started process (PID=4808) to work on /home/airflow/.local/lib/python3.8/site-packages/airflow/example_dags/example_branch_day_of_week_operator.py
[2024-02-21T13:55:27.653+0000] {processor.py:830} INFO - Processing file /home/airflow/.local/lib/python3.8/site-packages/airflow/example_dags/example_branch_day_of_week_operator.py for tasks to queue
[2024-02-21T13:55:27.654+0000] {logging_mixin.py:188} INFO - [2024-02-21T13:55:27.654+0000] {dagbag.py:538} INFO - Filling up the DagBag from /home/airflow/.local/lib/python3.8/site-packages/airflow/example_dags/example_branch_day_of_week_operator.py
[2024-02-21T13:55:27.664+0000] {processor.py:840} INFO - DAG(s) 'example_weekday_branch_operator' retrieved from /home/airflow/.local/lib/python3.8/site-packages/airflow/example_dags/example_branch_day_of_week_operator.py
[2024-02-21T13:55:27.692+0000] {logging_mixin.py:188} INFO - [2024-02-21T13:55:27.692+0000] {dag.py:3033} INFO - Sync 1 DAGs
[2024-02-21T13:55:27.722+0000] {logging_mixin.py:188} INFO - [2024-02-21T13:55:27.722+0000] {dag.py:3820} INFO - Setting next_dagrun for example_weekday_branch_operator to 2024-02-20T00:00:00+00:00, run_after=2024-02-21T00:00:00+00:00
[2024-02-21T13:55:27.786+0000] {processor.py:183} INFO - Processing /home/airflow/.local/lib/python3.8/site-packages/airflow/example_dags/example_branch_day_of_week_operator.py took 0.139 seconds
