[2024-02-24T09:35:45.852+0000] {processor.py:161} INFO - Started process (PID=8542) to work on /home/airflow/.local/lib/python3.8/site-packages/airflow/example_dags/example_bash_operator.py
[2024-02-24T09:35:45.853+0000] {processor.py:830} INFO - Processing file /home/airflow/.local/lib/python3.8/site-packages/airflow/example_dags/example_bash_operator.py for tasks to queue
[2024-02-24T09:35:45.856+0000] {logging_mixin.py:188} INFO - [2024-02-24T09:35:45.856+0000] {dagbag.py:538} INFO - Filling up the DagBag from /home/airflow/.local/lib/python3.8/site-packages/airflow/example_dags/example_bash_operator.py
[2024-02-24T09:35:45.869+0000] {processor.py:840} INFO - DAG(s) 'example_bash_operator' retrieved from /home/airflow/.local/lib/python3.8/site-packages/airflow/example_dags/example_bash_operator.py
[2024-02-24T09:35:45.899+0000] {logging_mixin.py:188} INFO - [2024-02-24T09:35:45.899+0000] {dag.py:3033} INFO - Sync 1 DAGs
[2024-02-24T09:35:45.922+0000] {logging_mixin.py:188} INFO - [2024-02-24T09:35:45.922+0000] {dag.py:3820} INFO - Setting next_dagrun for example_bash_operator to 2024-02-23T00:00:00+00:00, run_after=2024-02-24T00:00:00+00:00
[2024-02-24T09:35:45.941+0000] {processor.py:183} INFO - Processing /home/airflow/.local/lib/python3.8/site-packages/airflow/example_dags/example_bash_operator.py took 0.094 seconds
[2024-02-24T09:36:15.975+0000] {processor.py:161} INFO - Started process (PID=8599) to work on /home/airflow/.local/lib/python3.8/site-packages/airflow/example_dags/example_bash_operator.py
[2024-02-24T09:36:15.976+0000] {processor.py:830} INFO - Processing file /home/airflow/.local/lib/python3.8/site-packages/airflow/example_dags/example_bash_operator.py for tasks to queue
[2024-02-24T09:36:15.978+0000] {logging_mixin.py:188} INFO - [2024-02-24T09:36:15.978+0000] {dagbag.py:538} INFO - Filling up the DagBag from /home/airflow/.local/lib/python3.8/site-packages/airflow/example_dags/example_bash_operator.py
[2024-02-24T09:36:15.990+0000] {processor.py:840} INFO - DAG(s) 'example_bash_operator' retrieved from /home/airflow/.local/lib/python3.8/site-packages/airflow/example_dags/example_bash_operator.py
[2024-02-24T09:36:16.017+0000] {logging_mixin.py:188} INFO - [2024-02-24T09:36:16.017+0000] {dag.py:3033} INFO - Sync 1 DAGs
[2024-02-24T09:36:16.038+0000] {logging_mixin.py:188} INFO - [2024-02-24T09:36:16.037+0000] {dag.py:3820} INFO - Setting next_dagrun for example_bash_operator to 2024-02-23T00:00:00+00:00, run_after=2024-02-24T00:00:00+00:00
[2024-02-24T09:36:16.054+0000] {processor.py:183} INFO - Processing /home/airflow/.local/lib/python3.8/site-packages/airflow/example_dags/example_bash_operator.py took 0.083 seconds
[2024-02-24T09:36:46.556+0000] {processor.py:161} INFO - Started process (PID=8656) to work on /home/airflow/.local/lib/python3.8/site-packages/airflow/example_dags/example_bash_operator.py
[2024-02-24T09:36:46.557+0000] {processor.py:830} INFO - Processing file /home/airflow/.local/lib/python3.8/site-packages/airflow/example_dags/example_bash_operator.py for tasks to queue
[2024-02-24T09:36:46.560+0000] {logging_mixin.py:188} INFO - [2024-02-24T09:36:46.559+0000] {dagbag.py:538} INFO - Filling up the DagBag from /home/airflow/.local/lib/python3.8/site-packages/airflow/example_dags/example_bash_operator.py
[2024-02-24T09:36:46.573+0000] {processor.py:840} INFO - DAG(s) 'example_bash_operator' retrieved from /home/airflow/.local/lib/python3.8/site-packages/airflow/example_dags/example_bash_operator.py
[2024-02-24T09:36:46.603+0000] {logging_mixin.py:188} INFO - [2024-02-24T09:36:46.602+0000] {dag.py:3033} INFO - Sync 1 DAGs
[2024-02-24T09:36:46.626+0000] {logging_mixin.py:188} INFO - [2024-02-24T09:36:46.626+0000] {dag.py:3820} INFO - Setting next_dagrun for example_bash_operator to 2024-02-23T00:00:00+00:00, run_after=2024-02-24T00:00:00+00:00
[2024-02-24T09:36:46.646+0000] {processor.py:183} INFO - Processing /home/airflow/.local/lib/python3.8/site-packages/airflow/example_dags/example_bash_operator.py took 0.093 seconds
[2024-02-24T09:37:16.741+0000] {processor.py:161} INFO - Started process (PID=8713) to work on /home/airflow/.local/lib/python3.8/site-packages/airflow/example_dags/example_bash_operator.py
[2024-02-24T09:37:16.742+0000] {processor.py:830} INFO - Processing file /home/airflow/.local/lib/python3.8/site-packages/airflow/example_dags/example_bash_operator.py for tasks to queue
[2024-02-24T09:37:16.745+0000] {logging_mixin.py:188} INFO - [2024-02-24T09:37:16.745+0000] {dagbag.py:538} INFO - Filling up the DagBag from /home/airflow/.local/lib/python3.8/site-packages/airflow/example_dags/example_bash_operator.py
[2024-02-24T09:37:16.756+0000] {processor.py:840} INFO - DAG(s) 'example_bash_operator' retrieved from /home/airflow/.local/lib/python3.8/site-packages/airflow/example_dags/example_bash_operator.py
[2024-02-24T09:37:16.785+0000] {logging_mixin.py:188} INFO - [2024-02-24T09:37:16.785+0000] {dag.py:3033} INFO - Sync 1 DAGs
[2024-02-24T09:37:16.805+0000] {logging_mixin.py:188} INFO - [2024-02-24T09:37:16.805+0000] {dag.py:3820} INFO - Setting next_dagrun for example_bash_operator to 2024-02-23T00:00:00+00:00, run_after=2024-02-24T00:00:00+00:00
[2024-02-24T09:37:16.822+0000] {processor.py:183} INFO - Processing /home/airflow/.local/lib/python3.8/site-packages/airflow/example_dags/example_bash_operator.py took 0.084 seconds
[2024-02-24T09:37:47.332+0000] {processor.py:161} INFO - Started process (PID=8770) to work on /home/airflow/.local/lib/python3.8/site-packages/airflow/example_dags/example_bash_operator.py
[2024-02-24T09:37:47.333+0000] {processor.py:830} INFO - Processing file /home/airflow/.local/lib/python3.8/site-packages/airflow/example_dags/example_bash_operator.py for tasks to queue
[2024-02-24T09:37:47.335+0000] {logging_mixin.py:188} INFO - [2024-02-24T09:37:47.335+0000] {dagbag.py:538} INFO - Filling up the DagBag from /home/airflow/.local/lib/python3.8/site-packages/airflow/example_dags/example_bash_operator.py
[2024-02-24T09:37:47.347+0000] {processor.py:840} INFO - DAG(s) 'example_bash_operator' retrieved from /home/airflow/.local/lib/python3.8/site-packages/airflow/example_dags/example_bash_operator.py
[2024-02-24T09:37:47.375+0000] {logging_mixin.py:188} INFO - [2024-02-24T09:37:47.375+0000] {dag.py:3033} INFO - Sync 1 DAGs
[2024-02-24T09:37:47.398+0000] {logging_mixin.py:188} INFO - [2024-02-24T09:37:47.398+0000] {dag.py:3820} INFO - Setting next_dagrun for example_bash_operator to 2024-02-23T00:00:00+00:00, run_after=2024-02-24T00:00:00+00:00
[2024-02-24T09:37:47.417+0000] {processor.py:183} INFO - Processing /home/airflow/.local/lib/python3.8/site-packages/airflow/example_dags/example_bash_operator.py took 0.089 seconds
[2024-02-24T09:38:17.698+0000] {processor.py:161} INFO - Started process (PID=8827) to work on /home/airflow/.local/lib/python3.8/site-packages/airflow/example_dags/example_bash_operator.py
[2024-02-24T09:38:17.700+0000] {processor.py:830} INFO - Processing file /home/airflow/.local/lib/python3.8/site-packages/airflow/example_dags/example_bash_operator.py for tasks to queue
[2024-02-24T09:38:17.703+0000] {logging_mixin.py:188} INFO - [2024-02-24T09:38:17.703+0000] {dagbag.py:538} INFO - Filling up the DagBag from /home/airflow/.local/lib/python3.8/site-packages/airflow/example_dags/example_bash_operator.py
[2024-02-24T09:38:17.722+0000] {processor.py:840} INFO - DAG(s) 'example_bash_operator' retrieved from /home/airflow/.local/lib/python3.8/site-packages/airflow/example_dags/example_bash_operator.py
[2024-02-24T09:38:17.761+0000] {logging_mixin.py:188} INFO - [2024-02-24T09:38:17.761+0000] {dag.py:3033} INFO - Sync 1 DAGs
[2024-02-24T09:38:17.788+0000] {logging_mixin.py:188} INFO - [2024-02-24T09:38:17.788+0000] {dag.py:3820} INFO - Setting next_dagrun for example_bash_operator to 2024-02-23T00:00:00+00:00, run_after=2024-02-24T00:00:00+00:00
[2024-02-24T09:38:17.810+0000] {processor.py:183} INFO - Processing /home/airflow/.local/lib/python3.8/site-packages/airflow/example_dags/example_bash_operator.py took 0.117 seconds
[2024-02-24T09:38:48.453+0000] {processor.py:161} INFO - Started process (PID=8884) to work on /home/airflow/.local/lib/python3.8/site-packages/airflow/example_dags/example_bash_operator.py
[2024-02-24T09:38:48.455+0000] {processor.py:830} INFO - Processing file /home/airflow/.local/lib/python3.8/site-packages/airflow/example_dags/example_bash_operator.py for tasks to queue
[2024-02-24T09:38:48.458+0000] {logging_mixin.py:188} INFO - [2024-02-24T09:38:48.457+0000] {dagbag.py:538} INFO - Filling up the DagBag from /home/airflow/.local/lib/python3.8/site-packages/airflow/example_dags/example_bash_operator.py
[2024-02-24T09:38:48.476+0000] {processor.py:840} INFO - DAG(s) 'example_bash_operator' retrieved from /home/airflow/.local/lib/python3.8/site-packages/airflow/example_dags/example_bash_operator.py
[2024-02-24T09:38:48.516+0000] {logging_mixin.py:188} INFO - [2024-02-24T09:38:48.516+0000] {dag.py:3033} INFO - Sync 1 DAGs
[2024-02-24T09:38:48.554+0000] {logging_mixin.py:188} INFO - [2024-02-24T09:38:48.554+0000] {dag.py:3820} INFO - Setting next_dagrun for example_bash_operator to 2024-02-23T00:00:00+00:00, run_after=2024-02-24T00:00:00+00:00
[2024-02-24T09:38:48.586+0000] {processor.py:183} INFO - Processing /home/airflow/.local/lib/python3.8/site-packages/airflow/example_dags/example_bash_operator.py took 0.136 seconds
[2024-02-24T09:39:18.671+0000] {processor.py:161} INFO - Started process (PID=8941) to work on /home/airflow/.local/lib/python3.8/site-packages/airflow/example_dags/example_bash_operator.py
[2024-02-24T09:39:18.672+0000] {processor.py:830} INFO - Processing file /home/airflow/.local/lib/python3.8/site-packages/airflow/example_dags/example_bash_operator.py for tasks to queue
[2024-02-24T09:39:18.675+0000] {logging_mixin.py:188} INFO - [2024-02-24T09:39:18.674+0000] {dagbag.py:538} INFO - Filling up the DagBag from /home/airflow/.local/lib/python3.8/site-packages/airflow/example_dags/example_bash_operator.py
[2024-02-24T09:39:18.686+0000] {processor.py:840} INFO - DAG(s) 'example_bash_operator' retrieved from /home/airflow/.local/lib/python3.8/site-packages/airflow/example_dags/example_bash_operator.py
[2024-02-24T09:39:18.715+0000] {logging_mixin.py:188} INFO - [2024-02-24T09:39:18.714+0000] {dag.py:3033} INFO - Sync 1 DAGs
[2024-02-24T09:39:18.734+0000] {logging_mixin.py:188} INFO - [2024-02-24T09:39:18.734+0000] {dag.py:3820} INFO - Setting next_dagrun for example_bash_operator to 2024-02-23T00:00:00+00:00, run_after=2024-02-24T00:00:00+00:00
[2024-02-24T09:39:18.753+0000] {processor.py:183} INFO - Processing /home/airflow/.local/lib/python3.8/site-packages/airflow/example_dags/example_bash_operator.py took 0.085 seconds
[2024-02-24T09:39:49.429+0000] {processor.py:161} INFO - Started process (PID=8998) to work on /home/airflow/.local/lib/python3.8/site-packages/airflow/example_dags/example_bash_operator.py
[2024-02-24T09:39:49.430+0000] {processor.py:830} INFO - Processing file /home/airflow/.local/lib/python3.8/site-packages/airflow/example_dags/example_bash_operator.py for tasks to queue
[2024-02-24T09:39:49.432+0000] {logging_mixin.py:188} INFO - [2024-02-24T09:39:49.432+0000] {dagbag.py:538} INFO - Filling up the DagBag from /home/airflow/.local/lib/python3.8/site-packages/airflow/example_dags/example_bash_operator.py
[2024-02-24T09:39:49.445+0000] {processor.py:840} INFO - DAG(s) 'example_bash_operator' retrieved from /home/airflow/.local/lib/python3.8/site-packages/airflow/example_dags/example_bash_operator.py
[2024-02-24T09:39:49.476+0000] {logging_mixin.py:188} INFO - [2024-02-24T09:39:49.476+0000] {dag.py:3033} INFO - Sync 1 DAGs
[2024-02-24T09:39:49.497+0000] {logging_mixin.py:188} INFO - [2024-02-24T09:39:49.497+0000] {dag.py:3820} INFO - Setting next_dagrun for example_bash_operator to 2024-02-23T00:00:00+00:00, run_after=2024-02-24T00:00:00+00:00
[2024-02-24T09:39:49.516+0000] {processor.py:183} INFO - Processing /home/airflow/.local/lib/python3.8/site-packages/airflow/example_dags/example_bash_operator.py took 0.090 seconds
[2024-02-24T09:40:20.956+0000] {processor.py:161} INFO - Started process (PID=9055) to work on /home/airflow/.local/lib/python3.8/site-packages/airflow/example_dags/example_bash_operator.py
[2024-02-24T09:40:20.957+0000] {processor.py:830} INFO - Processing file /home/airflow/.local/lib/python3.8/site-packages/airflow/example_dags/example_bash_operator.py for tasks to queue
[2024-02-24T09:40:20.960+0000] {logging_mixin.py:188} INFO - [2024-02-24T09:40:20.960+0000] {dagbag.py:538} INFO - Filling up the DagBag from /home/airflow/.local/lib/python3.8/site-packages/airflow/example_dags/example_bash_operator.py
[2024-02-24T09:40:20.974+0000] {processor.py:840} INFO - DAG(s) 'example_bash_operator' retrieved from /home/airflow/.local/lib/python3.8/site-packages/airflow/example_dags/example_bash_operator.py
[2024-02-24T09:40:21.037+0000] {logging_mixin.py:188} INFO - [2024-02-24T09:40:21.037+0000] {dag.py:3033} INFO - Sync 1 DAGs
[2024-02-24T09:40:21.071+0000] {logging_mixin.py:188} INFO - [2024-02-24T09:40:21.071+0000] {dag.py:3820} INFO - Setting next_dagrun for example_bash_operator to 2024-02-23T00:00:00+00:00, run_after=2024-02-24T00:00:00+00:00
[2024-02-24T09:40:21.098+0000] {processor.py:183} INFO - Processing /home/airflow/.local/lib/python3.8/site-packages/airflow/example_dags/example_bash_operator.py took 0.146 seconds
[2024-02-24T09:40:53.263+0000] {processor.py:161} INFO - Started process (PID=9118) to work on /home/airflow/.local/lib/python3.8/site-packages/airflow/example_dags/example_bash_operator.py
[2024-02-24T09:40:53.272+0000] {processor.py:830} INFO - Processing file /home/airflow/.local/lib/python3.8/site-packages/airflow/example_dags/example_bash_operator.py for tasks to queue
[2024-02-24T09:40:53.275+0000] {logging_mixin.py:188} INFO - [2024-02-24T09:40:53.274+0000] {dagbag.py:538} INFO - Filling up the DagBag from /home/airflow/.local/lib/python3.8/site-packages/airflow/example_dags/example_bash_operator.py
[2024-02-24T09:40:53.320+0000] {processor.py:840} INFO - DAG(s) 'example_bash_operator' retrieved from /home/airflow/.local/lib/python3.8/site-packages/airflow/example_dags/example_bash_operator.py
[2024-02-24T09:40:53.401+0000] {logging_mixin.py:188} INFO - [2024-02-24T09:40:53.401+0000] {dag.py:3033} INFO - Sync 1 DAGs
[2024-02-24T09:40:53.468+0000] {logging_mixin.py:188} INFO - [2024-02-24T09:40:53.468+0000] {dag.py:3820} INFO - Setting next_dagrun for example_bash_operator to 2024-02-23T00:00:00+00:00, run_after=2024-02-24T00:00:00+00:00
[2024-02-24T09:40:53.517+0000] {processor.py:183} INFO - Processing /home/airflow/.local/lib/python3.8/site-packages/airflow/example_dags/example_bash_operator.py took 0.258 seconds
[2024-02-24T09:41:24.113+0000] {processor.py:161} INFO - Started process (PID=9175) to work on /home/airflow/.local/lib/python3.8/site-packages/airflow/example_dags/example_bash_operator.py
[2024-02-24T09:41:24.114+0000] {processor.py:830} INFO - Processing file /home/airflow/.local/lib/python3.8/site-packages/airflow/example_dags/example_bash_operator.py for tasks to queue
[2024-02-24T09:41:24.117+0000] {logging_mixin.py:188} INFO - [2024-02-24T09:41:24.116+0000] {dagbag.py:538} INFO - Filling up the DagBag from /home/airflow/.local/lib/python3.8/site-packages/airflow/example_dags/example_bash_operator.py
[2024-02-24T09:41:24.128+0000] {processor.py:840} INFO - DAG(s) 'example_bash_operator' retrieved from /home/airflow/.local/lib/python3.8/site-packages/airflow/example_dags/example_bash_operator.py
[2024-02-24T09:41:24.164+0000] {logging_mixin.py:188} INFO - [2024-02-24T09:41:24.163+0000] {dag.py:3033} INFO - Sync 1 DAGs
[2024-02-24T09:41:24.187+0000] {logging_mixin.py:188} INFO - [2024-02-24T09:41:24.187+0000] {dag.py:3820} INFO - Setting next_dagrun for example_bash_operator to 2024-02-23T00:00:00+00:00, run_after=2024-02-24T00:00:00+00:00
[2024-02-24T09:41:24.205+0000] {processor.py:183} INFO - Processing /home/airflow/.local/lib/python3.8/site-packages/airflow/example_dags/example_bash_operator.py took 0.095 seconds
[2024-02-24T09:41:54.841+0000] {processor.py:161} INFO - Started process (PID=9232) to work on /home/airflow/.local/lib/python3.8/site-packages/airflow/example_dags/example_bash_operator.py
[2024-02-24T09:41:54.842+0000] {processor.py:830} INFO - Processing file /home/airflow/.local/lib/python3.8/site-packages/airflow/example_dags/example_bash_operator.py for tasks to queue
[2024-02-24T09:41:54.844+0000] {logging_mixin.py:188} INFO - [2024-02-24T09:41:54.844+0000] {dagbag.py:538} INFO - Filling up the DagBag from /home/airflow/.local/lib/python3.8/site-packages/airflow/example_dags/example_bash_operator.py
[2024-02-24T09:41:54.855+0000] {processor.py:840} INFO - DAG(s) 'example_bash_operator' retrieved from /home/airflow/.local/lib/python3.8/site-packages/airflow/example_dags/example_bash_operator.py
[2024-02-24T09:41:54.881+0000] {logging_mixin.py:188} INFO - [2024-02-24T09:41:54.881+0000] {dag.py:3033} INFO - Sync 1 DAGs
[2024-02-24T09:41:54.902+0000] {logging_mixin.py:188} INFO - [2024-02-24T09:41:54.902+0000] {dag.py:3820} INFO - Setting next_dagrun for example_bash_operator to 2024-02-23T00:00:00+00:00, run_after=2024-02-24T00:00:00+00:00
[2024-02-24T09:41:54.920+0000] {processor.py:183} INFO - Processing /home/airflow/.local/lib/python3.8/site-packages/airflow/example_dags/example_bash_operator.py took 0.082 seconds
[2024-02-24T09:42:25.500+0000] {processor.py:161} INFO - Started process (PID=9289) to work on /home/airflow/.local/lib/python3.8/site-packages/airflow/example_dags/example_bash_operator.py
[2024-02-24T09:42:25.501+0000] {processor.py:830} INFO - Processing file /home/airflow/.local/lib/python3.8/site-packages/airflow/example_dags/example_bash_operator.py for tasks to queue
[2024-02-24T09:42:25.503+0000] {logging_mixin.py:188} INFO - [2024-02-24T09:42:25.503+0000] {dagbag.py:538} INFO - Filling up the DagBag from /home/airflow/.local/lib/python3.8/site-packages/airflow/example_dags/example_bash_operator.py
[2024-02-24T09:42:25.514+0000] {processor.py:840} INFO - DAG(s) 'example_bash_operator' retrieved from /home/airflow/.local/lib/python3.8/site-packages/airflow/example_dags/example_bash_operator.py
[2024-02-24T09:42:25.546+0000] {logging_mixin.py:188} INFO - [2024-02-24T09:42:25.546+0000] {dag.py:3033} INFO - Sync 1 DAGs
[2024-02-24T09:42:25.566+0000] {logging_mixin.py:188} INFO - [2024-02-24T09:42:25.566+0000] {dag.py:3820} INFO - Setting next_dagrun for example_bash_operator to 2024-02-23T00:00:00+00:00, run_after=2024-02-24T00:00:00+00:00
[2024-02-24T09:42:25.584+0000] {processor.py:183} INFO - Processing /home/airflow/.local/lib/python3.8/site-packages/airflow/example_dags/example_bash_operator.py took 0.087 seconds
[2024-02-24T09:42:56.221+0000] {processor.py:161} INFO - Started process (PID=9346) to work on /home/airflow/.local/lib/python3.8/site-packages/airflow/example_dags/example_bash_operator.py
[2024-02-24T09:42:56.222+0000] {processor.py:830} INFO - Processing file /home/airflow/.local/lib/python3.8/site-packages/airflow/example_dags/example_bash_operator.py for tasks to queue
[2024-02-24T09:42:56.225+0000] {logging_mixin.py:188} INFO - [2024-02-24T09:42:56.225+0000] {dagbag.py:538} INFO - Filling up the DagBag from /home/airflow/.local/lib/python3.8/site-packages/airflow/example_dags/example_bash_operator.py
[2024-02-24T09:42:56.237+0000] {processor.py:840} INFO - DAG(s) 'example_bash_operator' retrieved from /home/airflow/.local/lib/python3.8/site-packages/airflow/example_dags/example_bash_operator.py
[2024-02-24T09:42:56.263+0000] {logging_mixin.py:188} INFO - [2024-02-24T09:42:56.263+0000] {dag.py:3033} INFO - Sync 1 DAGs
[2024-02-24T09:42:56.283+0000] {logging_mixin.py:188} INFO - [2024-02-24T09:42:56.282+0000] {dag.py:3820} INFO - Setting next_dagrun for example_bash_operator to 2024-02-23T00:00:00+00:00, run_after=2024-02-24T00:00:00+00:00
[2024-02-24T09:42:56.299+0000] {processor.py:183} INFO - Processing /home/airflow/.local/lib/python3.8/site-packages/airflow/example_dags/example_bash_operator.py took 0.081 seconds
[2024-02-24T09:43:26.992+0000] {processor.py:161} INFO - Started process (PID=9403) to work on /home/airflow/.local/lib/python3.8/site-packages/airflow/example_dags/example_bash_operator.py
[2024-02-24T09:43:26.992+0000] {processor.py:830} INFO - Processing file /home/airflow/.local/lib/python3.8/site-packages/airflow/example_dags/example_bash_operator.py for tasks to queue
[2024-02-24T09:43:26.995+0000] {logging_mixin.py:188} INFO - [2024-02-24T09:43:26.994+0000] {dagbag.py:538} INFO - Filling up the DagBag from /home/airflow/.local/lib/python3.8/site-packages/airflow/example_dags/example_bash_operator.py
[2024-02-24T09:43:27.006+0000] {processor.py:840} INFO - DAG(s) 'example_bash_operator' retrieved from /home/airflow/.local/lib/python3.8/site-packages/airflow/example_dags/example_bash_operator.py
[2024-02-24T09:43:27.032+0000] {logging_mixin.py:188} INFO - [2024-02-24T09:43:27.032+0000] {dag.py:3033} INFO - Sync 1 DAGs
[2024-02-24T09:43:27.052+0000] {logging_mixin.py:188} INFO - [2024-02-24T09:43:27.052+0000] {dag.py:3820} INFO - Setting next_dagrun for example_bash_operator to 2024-02-23T00:00:00+00:00, run_after=2024-02-24T00:00:00+00:00
[2024-02-24T09:43:27.068+0000] {processor.py:183} INFO - Processing /home/airflow/.local/lib/python3.8/site-packages/airflow/example_dags/example_bash_operator.py took 0.080 seconds
[2024-02-24T09:43:57.676+0000] {processor.py:161} INFO - Started process (PID=9460) to work on /home/airflow/.local/lib/python3.8/site-packages/airflow/example_dags/example_bash_operator.py
[2024-02-24T09:43:57.677+0000] {processor.py:830} INFO - Processing file /home/airflow/.local/lib/python3.8/site-packages/airflow/example_dags/example_bash_operator.py for tasks to queue
[2024-02-24T09:43:57.679+0000] {logging_mixin.py:188} INFO - [2024-02-24T09:43:57.679+0000] {dagbag.py:538} INFO - Filling up the DagBag from /home/airflow/.local/lib/python3.8/site-packages/airflow/example_dags/example_bash_operator.py
[2024-02-24T09:43:57.690+0000] {processor.py:840} INFO - DAG(s) 'example_bash_operator' retrieved from /home/airflow/.local/lib/python3.8/site-packages/airflow/example_dags/example_bash_operator.py
[2024-02-24T09:43:57.716+0000] {logging_mixin.py:188} INFO - [2024-02-24T09:43:57.716+0000] {dag.py:3033} INFO - Sync 1 DAGs
[2024-02-24T09:43:57.735+0000] {logging_mixin.py:188} INFO - [2024-02-24T09:43:57.735+0000] {dag.py:3820} INFO - Setting next_dagrun for example_bash_operator to 2024-02-23T00:00:00+00:00, run_after=2024-02-24T00:00:00+00:00
[2024-02-24T09:43:57.752+0000] {processor.py:183} INFO - Processing /home/airflow/.local/lib/python3.8/site-packages/airflow/example_dags/example_bash_operator.py took 0.078 seconds
[2024-02-24T09:44:28.583+0000] {processor.py:161} INFO - Started process (PID=9517) to work on /home/airflow/.local/lib/python3.8/site-packages/airflow/example_dags/example_bash_operator.py
[2024-02-24T09:44:28.584+0000] {processor.py:830} INFO - Processing file /home/airflow/.local/lib/python3.8/site-packages/airflow/example_dags/example_bash_operator.py for tasks to queue
[2024-02-24T09:44:28.586+0000] {logging_mixin.py:188} INFO - [2024-02-24T09:44:28.586+0000] {dagbag.py:538} INFO - Filling up the DagBag from /home/airflow/.local/lib/python3.8/site-packages/airflow/example_dags/example_bash_operator.py
[2024-02-24T09:44:28.600+0000] {processor.py:840} INFO - DAG(s) 'example_bash_operator' retrieved from /home/airflow/.local/lib/python3.8/site-packages/airflow/example_dags/example_bash_operator.py
[2024-02-24T09:44:28.635+0000] {logging_mixin.py:188} INFO - [2024-02-24T09:44:28.635+0000] {dag.py:3033} INFO - Sync 1 DAGs
[2024-02-24T09:44:28.661+0000] {logging_mixin.py:188} INFO - [2024-02-24T09:44:28.660+0000] {dag.py:3820} INFO - Setting next_dagrun for example_bash_operator to 2024-02-23T00:00:00+00:00, run_after=2024-02-24T00:00:00+00:00
[2024-02-24T09:44:28.681+0000] {processor.py:183} INFO - Processing /home/airflow/.local/lib/python3.8/site-packages/airflow/example_dags/example_bash_operator.py took 0.102 seconds
[2024-02-24T09:44:59.226+0000] {processor.py:161} INFO - Started process (PID=9574) to work on /home/airflow/.local/lib/python3.8/site-packages/airflow/example_dags/example_bash_operator.py
[2024-02-24T09:44:59.227+0000] {processor.py:830} INFO - Processing file /home/airflow/.local/lib/python3.8/site-packages/airflow/example_dags/example_bash_operator.py for tasks to queue
[2024-02-24T09:44:59.229+0000] {logging_mixin.py:188} INFO - [2024-02-24T09:44:59.229+0000] {dagbag.py:538} INFO - Filling up the DagBag from /home/airflow/.local/lib/python3.8/site-packages/airflow/example_dags/example_bash_operator.py
[2024-02-24T09:44:59.240+0000] {processor.py:840} INFO - DAG(s) 'example_bash_operator' retrieved from /home/airflow/.local/lib/python3.8/site-packages/airflow/example_dags/example_bash_operator.py
[2024-02-24T09:44:59.267+0000] {logging_mixin.py:188} INFO - [2024-02-24T09:44:59.267+0000] {dag.py:3033} INFO - Sync 1 DAGs
[2024-02-24T09:44:59.287+0000] {logging_mixin.py:188} INFO - [2024-02-24T09:44:59.286+0000] {dag.py:3820} INFO - Setting next_dagrun for example_bash_operator to 2024-02-23T00:00:00+00:00, run_after=2024-02-24T00:00:00+00:00
[2024-02-24T09:44:59.303+0000] {processor.py:183} INFO - Processing /home/airflow/.local/lib/python3.8/site-packages/airflow/example_dags/example_bash_operator.py took 0.080 seconds
[2024-02-24T09:45:30.077+0000] {processor.py:161} INFO - Started process (PID=9631) to work on /home/airflow/.local/lib/python3.8/site-packages/airflow/example_dags/example_bash_operator.py
[2024-02-24T09:45:30.078+0000] {processor.py:830} INFO - Processing file /home/airflow/.local/lib/python3.8/site-packages/airflow/example_dags/example_bash_operator.py for tasks to queue
[2024-02-24T09:45:30.080+0000] {logging_mixin.py:188} INFO - [2024-02-24T09:45:30.080+0000] {dagbag.py:538} INFO - Filling up the DagBag from /home/airflow/.local/lib/python3.8/site-packages/airflow/example_dags/example_bash_operator.py
[2024-02-24T09:45:30.091+0000] {processor.py:840} INFO - DAG(s) 'example_bash_operator' retrieved from /home/airflow/.local/lib/python3.8/site-packages/airflow/example_dags/example_bash_operator.py
[2024-02-24T09:45:30.117+0000] {logging_mixin.py:188} INFO - [2024-02-24T09:45:30.117+0000] {dag.py:3033} INFO - Sync 1 DAGs
[2024-02-24T09:45:30.136+0000] {logging_mixin.py:188} INFO - [2024-02-24T09:45:30.136+0000] {dag.py:3820} INFO - Setting next_dagrun for example_bash_operator to 2024-02-23T00:00:00+00:00, run_after=2024-02-24T00:00:00+00:00
[2024-02-24T09:45:30.153+0000] {processor.py:183} INFO - Processing /home/airflow/.local/lib/python3.8/site-packages/airflow/example_dags/example_bash_operator.py took 0.079 seconds
[2024-02-24T09:46:00.988+0000] {processor.py:161} INFO - Started process (PID=9688) to work on /home/airflow/.local/lib/python3.8/site-packages/airflow/example_dags/example_bash_operator.py
[2024-02-24T09:46:00.989+0000] {processor.py:830} INFO - Processing file /home/airflow/.local/lib/python3.8/site-packages/airflow/example_dags/example_bash_operator.py for tasks to queue
[2024-02-24T09:46:00.991+0000] {logging_mixin.py:188} INFO - [2024-02-24T09:46:00.991+0000] {dagbag.py:538} INFO - Filling up the DagBag from /home/airflow/.local/lib/python3.8/site-packages/airflow/example_dags/example_bash_operator.py
[2024-02-24T09:46:01.003+0000] {processor.py:840} INFO - DAG(s) 'example_bash_operator' retrieved from /home/airflow/.local/lib/python3.8/site-packages/airflow/example_dags/example_bash_operator.py
[2024-02-24T09:46:01.029+0000] {logging_mixin.py:188} INFO - [2024-02-24T09:46:01.029+0000] {dag.py:3033} INFO - Sync 1 DAGs
[2024-02-24T09:46:01.049+0000] {logging_mixin.py:188} INFO - [2024-02-24T09:46:01.048+0000] {dag.py:3820} INFO - Setting next_dagrun for example_bash_operator to 2024-02-23T00:00:00+00:00, run_after=2024-02-24T00:00:00+00:00
[2024-02-24T09:46:01.065+0000] {processor.py:183} INFO - Processing /home/airflow/.local/lib/python3.8/site-packages/airflow/example_dags/example_bash_operator.py took 0.080 seconds
[2024-02-24T09:46:31.709+0000] {processor.py:161} INFO - Started process (PID=9745) to work on /home/airflow/.local/lib/python3.8/site-packages/airflow/example_dags/example_bash_operator.py
[2024-02-24T09:46:31.709+0000] {processor.py:830} INFO - Processing file /home/airflow/.local/lib/python3.8/site-packages/airflow/example_dags/example_bash_operator.py for tasks to queue
[2024-02-24T09:46:31.711+0000] {logging_mixin.py:188} INFO - [2024-02-24T09:46:31.711+0000] {dagbag.py:538} INFO - Filling up the DagBag from /home/airflow/.local/lib/python3.8/site-packages/airflow/example_dags/example_bash_operator.py
[2024-02-24T09:46:31.723+0000] {processor.py:840} INFO - DAG(s) 'example_bash_operator' retrieved from /home/airflow/.local/lib/python3.8/site-packages/airflow/example_dags/example_bash_operator.py
[2024-02-24T09:46:31.751+0000] {logging_mixin.py:188} INFO - [2024-02-24T09:46:31.751+0000] {dag.py:3033} INFO - Sync 1 DAGs
[2024-02-24T09:46:31.772+0000] {logging_mixin.py:188} INFO - [2024-02-24T09:46:31.771+0000] {dag.py:3820} INFO - Setting next_dagrun for example_bash_operator to 2024-02-23T00:00:00+00:00, run_after=2024-02-24T00:00:00+00:00
[2024-02-24T09:46:31.790+0000] {processor.py:183} INFO - Processing /home/airflow/.local/lib/python3.8/site-packages/airflow/example_dags/example_bash_operator.py took 0.085 seconds
[2024-02-24T09:47:02.542+0000] {processor.py:161} INFO - Started process (PID=9802) to work on /home/airflow/.local/lib/python3.8/site-packages/airflow/example_dags/example_bash_operator.py
[2024-02-24T09:47:02.543+0000] {processor.py:830} INFO - Processing file /home/airflow/.local/lib/python3.8/site-packages/airflow/example_dags/example_bash_operator.py for tasks to queue
[2024-02-24T09:47:02.545+0000] {logging_mixin.py:188} INFO - [2024-02-24T09:47:02.545+0000] {dagbag.py:538} INFO - Filling up the DagBag from /home/airflow/.local/lib/python3.8/site-packages/airflow/example_dags/example_bash_operator.py
[2024-02-24T09:47:02.556+0000] {processor.py:840} INFO - DAG(s) 'example_bash_operator' retrieved from /home/airflow/.local/lib/python3.8/site-packages/airflow/example_dags/example_bash_operator.py
[2024-02-24T09:47:02.583+0000] {logging_mixin.py:188} INFO - [2024-02-24T09:47:02.583+0000] {dag.py:3033} INFO - Sync 1 DAGs
[2024-02-24T09:47:02.603+0000] {logging_mixin.py:188} INFO - [2024-02-24T09:47:02.603+0000] {dag.py:3820} INFO - Setting next_dagrun for example_bash_operator to 2024-02-23T00:00:00+00:00, run_after=2024-02-24T00:00:00+00:00
[2024-02-24T09:47:02.621+0000] {processor.py:183} INFO - Processing /home/airflow/.local/lib/python3.8/site-packages/airflow/example_dags/example_bash_operator.py took 0.082 seconds
[2024-02-24T09:47:33.347+0000] {processor.py:161} INFO - Started process (PID=9859) to work on /home/airflow/.local/lib/python3.8/site-packages/airflow/example_dags/example_bash_operator.py
[2024-02-24T09:47:33.348+0000] {processor.py:830} INFO - Processing file /home/airflow/.local/lib/python3.8/site-packages/airflow/example_dags/example_bash_operator.py for tasks to queue
[2024-02-24T09:47:33.350+0000] {logging_mixin.py:188} INFO - [2024-02-24T09:47:33.350+0000] {dagbag.py:538} INFO - Filling up the DagBag from /home/airflow/.local/lib/python3.8/site-packages/airflow/example_dags/example_bash_operator.py
[2024-02-24T09:47:33.362+0000] {processor.py:840} INFO - DAG(s) 'example_bash_operator' retrieved from /home/airflow/.local/lib/python3.8/site-packages/airflow/example_dags/example_bash_operator.py
[2024-02-24T09:47:33.391+0000] {logging_mixin.py:188} INFO - [2024-02-24T09:47:33.391+0000] {dag.py:3033} INFO - Sync 1 DAGs
[2024-02-24T09:47:33.411+0000] {logging_mixin.py:188} INFO - [2024-02-24T09:47:33.411+0000] {dag.py:3820} INFO - Setting next_dagrun for example_bash_operator to 2024-02-23T00:00:00+00:00, run_after=2024-02-24T00:00:00+00:00
[2024-02-24T09:47:33.427+0000] {processor.py:183} INFO - Processing /home/airflow/.local/lib/python3.8/site-packages/airflow/example_dags/example_bash_operator.py took 0.084 seconds
[2024-02-24T09:48:04.358+0000] {processor.py:161} INFO - Started process (PID=9916) to work on /home/airflow/.local/lib/python3.8/site-packages/airflow/example_dags/example_bash_operator.py
[2024-02-24T09:48:04.359+0000] {processor.py:830} INFO - Processing file /home/airflow/.local/lib/python3.8/site-packages/airflow/example_dags/example_bash_operator.py for tasks to queue
[2024-02-24T09:48:04.361+0000] {logging_mixin.py:188} INFO - [2024-02-24T09:48:04.361+0000] {dagbag.py:538} INFO - Filling up the DagBag from /home/airflow/.local/lib/python3.8/site-packages/airflow/example_dags/example_bash_operator.py
[2024-02-24T09:48:04.372+0000] {processor.py:840} INFO - DAG(s) 'example_bash_operator' retrieved from /home/airflow/.local/lib/python3.8/site-packages/airflow/example_dags/example_bash_operator.py
[2024-02-24T09:48:04.400+0000] {logging_mixin.py:188} INFO - [2024-02-24T09:48:04.399+0000] {dag.py:3033} INFO - Sync 1 DAGs
[2024-02-24T09:48:04.419+0000] {logging_mixin.py:188} INFO - [2024-02-24T09:48:04.419+0000] {dag.py:3820} INFO - Setting next_dagrun for example_bash_operator to 2024-02-23T00:00:00+00:00, run_after=2024-02-24T00:00:00+00:00
[2024-02-24T09:48:04.436+0000] {processor.py:183} INFO - Processing /home/airflow/.local/lib/python3.8/site-packages/airflow/example_dags/example_bash_operator.py took 0.081 seconds
[2024-02-24T09:48:34.714+0000] {processor.py:161} INFO - Started process (PID=9973) to work on /home/airflow/.local/lib/python3.8/site-packages/airflow/example_dags/example_bash_operator.py
[2024-02-24T09:48:34.716+0000] {processor.py:830} INFO - Processing file /home/airflow/.local/lib/python3.8/site-packages/airflow/example_dags/example_bash_operator.py for tasks to queue
[2024-02-24T09:48:34.719+0000] {logging_mixin.py:188} INFO - [2024-02-24T09:48:34.718+0000] {dagbag.py:538} INFO - Filling up the DagBag from /home/airflow/.local/lib/python3.8/site-packages/airflow/example_dags/example_bash_operator.py
[2024-02-24T09:48:34.730+0000] {processor.py:840} INFO - DAG(s) 'example_bash_operator' retrieved from /home/airflow/.local/lib/python3.8/site-packages/airflow/example_dags/example_bash_operator.py
[2024-02-24T09:48:34.763+0000] {logging_mixin.py:188} INFO - [2024-02-24T09:48:34.762+0000] {dag.py:3033} INFO - Sync 1 DAGs
[2024-02-24T09:48:34.787+0000] {logging_mixin.py:188} INFO - [2024-02-24T09:48:34.786+0000] {dag.py:3820} INFO - Setting next_dagrun for example_bash_operator to 2024-02-23T00:00:00+00:00, run_after=2024-02-24T00:00:00+00:00
[2024-02-24T09:48:34.809+0000] {processor.py:183} INFO - Processing /home/airflow/.local/lib/python3.8/site-packages/airflow/example_dags/example_bash_operator.py took 0.098 seconds
[2024-02-24T09:49:05.251+0000] {processor.py:161} INFO - Started process (PID=10030) to work on /home/airflow/.local/lib/python3.8/site-packages/airflow/example_dags/example_bash_operator.py
[2024-02-24T09:49:05.252+0000] {processor.py:830} INFO - Processing file /home/airflow/.local/lib/python3.8/site-packages/airflow/example_dags/example_bash_operator.py for tasks to queue
[2024-02-24T09:49:05.255+0000] {logging_mixin.py:188} INFO - [2024-02-24T09:49:05.255+0000] {dagbag.py:538} INFO - Filling up the DagBag from /home/airflow/.local/lib/python3.8/site-packages/airflow/example_dags/example_bash_operator.py
[2024-02-24T09:49:05.269+0000] {processor.py:840} INFO - DAG(s) 'example_bash_operator' retrieved from /home/airflow/.local/lib/python3.8/site-packages/airflow/example_dags/example_bash_operator.py
[2024-02-24T09:49:05.305+0000] {logging_mixin.py:188} INFO - [2024-02-24T09:49:05.304+0000] {dag.py:3033} INFO - Sync 1 DAGs
[2024-02-24T09:49:05.332+0000] {logging_mixin.py:188} INFO - [2024-02-24T09:49:05.332+0000] {dag.py:3820} INFO - Setting next_dagrun for example_bash_operator to 2024-02-23T00:00:00+00:00, run_after=2024-02-24T00:00:00+00:00
[2024-02-24T09:49:05.358+0000] {processor.py:183} INFO - Processing /home/airflow/.local/lib/python3.8/site-packages/airflow/example_dags/example_bash_operator.py took 0.111 seconds
