[2024-02-24T09:35:41.954+0000] {processor.py:161} INFO - Started process (PID=8510) to work on /home/airflow/.local/lib/python3.8/site-packages/airflow/example_dags/example_latest_only.py
[2024-02-24T09:35:41.956+0000] {processor.py:830} INFO - Processing file /home/airflow/.local/lib/python3.8/site-packages/airflow/example_dags/example_latest_only.py for tasks to queue
[2024-02-24T09:35:41.960+0000] {logging_mixin.py:188} INFO - [2024-02-24T09:35:41.960+0000] {dagbag.py:538} INFO - Filling up the DagBag from /home/airflow/.local/lib/python3.8/site-packages/airflow/example_dags/example_latest_only.py
[2024-02-24T09:35:41.975+0000] {processor.py:840} INFO - DAG(s) 'latest_only' retrieved from /home/airflow/.local/lib/python3.8/site-packages/airflow/example_dags/example_latest_only.py
[2024-02-24T09:35:42.047+0000] {logging_mixin.py:188} INFO - [2024-02-24T09:35:42.045+0000] {dag.py:3033} INFO - Sync 1 DAGs
[2024-02-24T09:35:42.093+0000] {logging_mixin.py:188} INFO - [2024-02-24T09:35:42.092+0000] {dag.py:3820} INFO - Setting next_dagrun for latest_only to 2024-02-24T04:00:00+00:00, run_after=2024-02-24T08:00:00+00:00
[2024-02-24T09:35:42.165+0000] {processor.py:183} INFO - Processing /home/airflow/.local/lib/python3.8/site-packages/airflow/example_dags/example_latest_only.py took 0.215 seconds
[2024-02-24T09:36:13.032+0000] {processor.py:161} INFO - Started process (PID=8567) to work on /home/airflow/.local/lib/python3.8/site-packages/airflow/example_dags/example_latest_only.py
[2024-02-24T09:36:13.032+0000] {processor.py:830} INFO - Processing file /home/airflow/.local/lib/python3.8/site-packages/airflow/example_dags/example_latest_only.py for tasks to queue
[2024-02-24T09:36:13.034+0000] {logging_mixin.py:188} INFO - [2024-02-24T09:36:13.034+0000] {dagbag.py:538} INFO - Filling up the DagBag from /home/airflow/.local/lib/python3.8/site-packages/airflow/example_dags/example_latest_only.py
[2024-02-24T09:36:13.039+0000] {processor.py:840} INFO - DAG(s) 'latest_only' retrieved from /home/airflow/.local/lib/python3.8/site-packages/airflow/example_dags/example_latest_only.py
[2024-02-24T09:36:13.058+0000] {logging_mixin.py:188} INFO - [2024-02-24T09:36:13.058+0000] {dag.py:3033} INFO - Sync 1 DAGs
[2024-02-24T09:36:13.078+0000] {logging_mixin.py:188} INFO - [2024-02-24T09:36:13.077+0000] {dag.py:3820} INFO - Setting next_dagrun for latest_only to 2024-02-24T04:00:00+00:00, run_after=2024-02-24T08:00:00+00:00
[2024-02-24T09:36:13.095+0000] {processor.py:183} INFO - Processing /home/airflow/.local/lib/python3.8/site-packages/airflow/example_dags/example_latest_only.py took 0.066 seconds
[2024-02-24T09:36:43.393+0000] {processor.py:161} INFO - Started process (PID=8624) to work on /home/airflow/.local/lib/python3.8/site-packages/airflow/example_dags/example_latest_only.py
[2024-02-24T09:36:43.394+0000] {processor.py:830} INFO - Processing file /home/airflow/.local/lib/python3.8/site-packages/airflow/example_dags/example_latest_only.py for tasks to queue
[2024-02-24T09:36:43.398+0000] {logging_mixin.py:188} INFO - [2024-02-24T09:36:43.397+0000] {dagbag.py:538} INFO - Filling up the DagBag from /home/airflow/.local/lib/python3.8/site-packages/airflow/example_dags/example_latest_only.py
[2024-02-24T09:36:43.405+0000] {processor.py:840} INFO - DAG(s) 'latest_only' retrieved from /home/airflow/.local/lib/python3.8/site-packages/airflow/example_dags/example_latest_only.py
[2024-02-24T09:36:43.429+0000] {logging_mixin.py:188} INFO - [2024-02-24T09:36:43.428+0000] {dag.py:3033} INFO - Sync 1 DAGs
[2024-02-24T09:36:43.453+0000] {logging_mixin.py:188} INFO - [2024-02-24T09:36:43.453+0000] {dag.py:3820} INFO - Setting next_dagrun for latest_only to 2024-02-24T04:00:00+00:00, run_after=2024-02-24T08:00:00+00:00
[2024-02-24T09:36:43.478+0000] {processor.py:183} INFO - Processing /home/airflow/.local/lib/python3.8/site-packages/airflow/example_dags/example_latest_only.py took 0.089 seconds
[2024-02-24T09:37:13.786+0000] {processor.py:161} INFO - Started process (PID=8681) to work on /home/airflow/.local/lib/python3.8/site-packages/airflow/example_dags/example_latest_only.py
[2024-02-24T09:37:13.786+0000] {processor.py:830} INFO - Processing file /home/airflow/.local/lib/python3.8/site-packages/airflow/example_dags/example_latest_only.py for tasks to queue
[2024-02-24T09:37:13.789+0000] {logging_mixin.py:188} INFO - [2024-02-24T09:37:13.788+0000] {dagbag.py:538} INFO - Filling up the DagBag from /home/airflow/.local/lib/python3.8/site-packages/airflow/example_dags/example_latest_only.py
[2024-02-24T09:37:13.794+0000] {processor.py:840} INFO - DAG(s) 'latest_only' retrieved from /home/airflow/.local/lib/python3.8/site-packages/airflow/example_dags/example_latest_only.py
[2024-02-24T09:37:13.813+0000] {logging_mixin.py:188} INFO - [2024-02-24T09:37:13.813+0000] {dag.py:3033} INFO - Sync 1 DAGs
[2024-02-24T09:37:13.836+0000] {logging_mixin.py:188} INFO - [2024-02-24T09:37:13.835+0000] {dag.py:3820} INFO - Setting next_dagrun for latest_only to 2024-02-24T04:00:00+00:00, run_after=2024-02-24T08:00:00+00:00
[2024-02-24T09:37:13.857+0000] {processor.py:183} INFO - Processing /home/airflow/.local/lib/python3.8/site-packages/airflow/example_dags/example_latest_only.py took 0.074 seconds
[2024-02-24T09:37:44.006+0000] {processor.py:161} INFO - Started process (PID=8738) to work on /home/airflow/.local/lib/python3.8/site-packages/airflow/example_dags/example_latest_only.py
[2024-02-24T09:37:44.008+0000] {processor.py:830} INFO - Processing file /home/airflow/.local/lib/python3.8/site-packages/airflow/example_dags/example_latest_only.py for tasks to queue
[2024-02-24T09:37:44.012+0000] {logging_mixin.py:188} INFO - [2024-02-24T09:37:44.011+0000] {dagbag.py:538} INFO - Filling up the DagBag from /home/airflow/.local/lib/python3.8/site-packages/airflow/example_dags/example_latest_only.py
[2024-02-24T09:37:44.019+0000] {processor.py:840} INFO - DAG(s) 'latest_only' retrieved from /home/airflow/.local/lib/python3.8/site-packages/airflow/example_dags/example_latest_only.py
[2024-02-24T09:37:44.045+0000] {logging_mixin.py:188} INFO - [2024-02-24T09:37:44.045+0000] {dag.py:3033} INFO - Sync 1 DAGs
[2024-02-24T09:37:44.073+0000] {logging_mixin.py:188} INFO - [2024-02-24T09:37:44.072+0000] {dag.py:3820} INFO - Setting next_dagrun for latest_only to 2024-02-24T04:00:00+00:00, run_after=2024-02-24T08:00:00+00:00
[2024-02-24T09:37:44.099+0000] {processor.py:183} INFO - Processing /home/airflow/.local/lib/python3.8/site-packages/airflow/example_dags/example_latest_only.py took 0.096 seconds
[2024-02-24T09:38:14.383+0000] {processor.py:161} INFO - Started process (PID=8795) to work on /home/airflow/.local/lib/python3.8/site-packages/airflow/example_dags/example_latest_only.py
[2024-02-24T09:38:14.383+0000] {processor.py:830} INFO - Processing file /home/airflow/.local/lib/python3.8/site-packages/airflow/example_dags/example_latest_only.py for tasks to queue
[2024-02-24T09:38:14.386+0000] {logging_mixin.py:188} INFO - [2024-02-24T09:38:14.386+0000] {dagbag.py:538} INFO - Filling up the DagBag from /home/airflow/.local/lib/python3.8/site-packages/airflow/example_dags/example_latest_only.py
[2024-02-24T09:38:14.394+0000] {processor.py:840} INFO - DAG(s) 'latest_only' retrieved from /home/airflow/.local/lib/python3.8/site-packages/airflow/example_dags/example_latest_only.py
[2024-02-24T09:38:14.421+0000] {logging_mixin.py:188} INFO - [2024-02-24T09:38:14.420+0000] {dag.py:3033} INFO - Sync 1 DAGs
[2024-02-24T09:38:14.450+0000] {logging_mixin.py:188} INFO - [2024-02-24T09:38:14.450+0000] {dag.py:3820} INFO - Setting next_dagrun for latest_only to 2024-02-24T04:00:00+00:00, run_after=2024-02-24T08:00:00+00:00
[2024-02-24T09:38:14.495+0000] {processor.py:183} INFO - Processing /home/airflow/.local/lib/python3.8/site-packages/airflow/example_dags/example_latest_only.py took 0.117 seconds
[2024-02-24T09:38:45.175+0000] {processor.py:161} INFO - Started process (PID=8852) to work on /home/airflow/.local/lib/python3.8/site-packages/airflow/example_dags/example_latest_only.py
[2024-02-24T09:38:45.176+0000] {processor.py:830} INFO - Processing file /home/airflow/.local/lib/python3.8/site-packages/airflow/example_dags/example_latest_only.py for tasks to queue
[2024-02-24T09:38:45.179+0000] {logging_mixin.py:188} INFO - [2024-02-24T09:38:45.178+0000] {dagbag.py:538} INFO - Filling up the DagBag from /home/airflow/.local/lib/python3.8/site-packages/airflow/example_dags/example_latest_only.py
[2024-02-24T09:38:45.184+0000] {processor.py:840} INFO - DAG(s) 'latest_only' retrieved from /home/airflow/.local/lib/python3.8/site-packages/airflow/example_dags/example_latest_only.py
[2024-02-24T09:38:45.207+0000] {logging_mixin.py:188} INFO - [2024-02-24T09:38:45.206+0000] {dag.py:3033} INFO - Sync 1 DAGs
[2024-02-24T09:38:45.232+0000] {logging_mixin.py:188} INFO - [2024-02-24T09:38:45.232+0000] {dag.py:3820} INFO - Setting next_dagrun for latest_only to 2024-02-24T04:00:00+00:00, run_after=2024-02-24T08:00:00+00:00
[2024-02-24T09:38:45.256+0000] {processor.py:183} INFO - Processing /home/airflow/.local/lib/python3.8/site-packages/airflow/example_dags/example_latest_only.py took 0.085 seconds
[2024-02-24T09:39:15.808+0000] {processor.py:161} INFO - Started process (PID=8909) to work on /home/airflow/.local/lib/python3.8/site-packages/airflow/example_dags/example_latest_only.py
[2024-02-24T09:39:15.809+0000] {processor.py:830} INFO - Processing file /home/airflow/.local/lib/python3.8/site-packages/airflow/example_dags/example_latest_only.py for tasks to queue
[2024-02-24T09:39:15.812+0000] {logging_mixin.py:188} INFO - [2024-02-24T09:39:15.812+0000] {dagbag.py:538} INFO - Filling up the DagBag from /home/airflow/.local/lib/python3.8/site-packages/airflow/example_dags/example_latest_only.py
[2024-02-24T09:39:15.817+0000] {processor.py:840} INFO - DAG(s) 'latest_only' retrieved from /home/airflow/.local/lib/python3.8/site-packages/airflow/example_dags/example_latest_only.py
[2024-02-24T09:39:15.837+0000] {logging_mixin.py:188} INFO - [2024-02-24T09:39:15.837+0000] {dag.py:3033} INFO - Sync 1 DAGs
[2024-02-24T09:39:15.861+0000] {logging_mixin.py:188} INFO - [2024-02-24T09:39:15.860+0000] {dag.py:3820} INFO - Setting next_dagrun for latest_only to 2024-02-24T04:00:00+00:00, run_after=2024-02-24T08:00:00+00:00
[2024-02-24T09:39:15.883+0000] {processor.py:183} INFO - Processing /home/airflow/.local/lib/python3.8/site-packages/airflow/example_dags/example_latest_only.py took 0.079 seconds
[2024-02-24T09:39:46.672+0000] {processor.py:161} INFO - Started process (PID=8966) to work on /home/airflow/.local/lib/python3.8/site-packages/airflow/example_dags/example_latest_only.py
[2024-02-24T09:39:46.673+0000] {processor.py:830} INFO - Processing file /home/airflow/.local/lib/python3.8/site-packages/airflow/example_dags/example_latest_only.py for tasks to queue
[2024-02-24T09:39:46.675+0000] {logging_mixin.py:188} INFO - [2024-02-24T09:39:46.675+0000] {dagbag.py:538} INFO - Filling up the DagBag from /home/airflow/.local/lib/python3.8/site-packages/airflow/example_dags/example_latest_only.py
[2024-02-24T09:39:46.681+0000] {processor.py:840} INFO - DAG(s) 'latest_only' retrieved from /home/airflow/.local/lib/python3.8/site-packages/airflow/example_dags/example_latest_only.py
[2024-02-24T09:39:46.703+0000] {logging_mixin.py:188} INFO - [2024-02-24T09:39:46.702+0000] {dag.py:3033} INFO - Sync 1 DAGs
[2024-02-24T09:39:46.724+0000] {logging_mixin.py:188} INFO - [2024-02-24T09:39:46.724+0000] {dag.py:3820} INFO - Setting next_dagrun for latest_only to 2024-02-24T04:00:00+00:00, run_after=2024-02-24T08:00:00+00:00
[2024-02-24T09:39:46.747+0000] {processor.py:183} INFO - Processing /home/airflow/.local/lib/python3.8/site-packages/airflow/example_dags/example_latest_only.py took 0.078 seconds
[2024-02-24T09:40:17.438+0000] {processor.py:161} INFO - Started process (PID=9023) to work on /home/airflow/.local/lib/python3.8/site-packages/airflow/example_dags/example_latest_only.py
[2024-02-24T09:40:17.439+0000] {processor.py:830} INFO - Processing file /home/airflow/.local/lib/python3.8/site-packages/airflow/example_dags/example_latest_only.py for tasks to queue
[2024-02-24T09:40:17.441+0000] {logging_mixin.py:188} INFO - [2024-02-24T09:40:17.441+0000] {dagbag.py:538} INFO - Filling up the DagBag from /home/airflow/.local/lib/python3.8/site-packages/airflow/example_dags/example_latest_only.py
[2024-02-24T09:40:17.446+0000] {processor.py:840} INFO - DAG(s) 'latest_only' retrieved from /home/airflow/.local/lib/python3.8/site-packages/airflow/example_dags/example_latest_only.py
[2024-02-24T09:40:17.466+0000] {logging_mixin.py:188} INFO - [2024-02-24T09:40:17.465+0000] {dag.py:3033} INFO - Sync 1 DAGs
[2024-02-24T09:40:17.486+0000] {logging_mixin.py:188} INFO - [2024-02-24T09:40:17.486+0000] {dag.py:3820} INFO - Setting next_dagrun for latest_only to 2024-02-24T04:00:00+00:00, run_after=2024-02-24T08:00:00+00:00
[2024-02-24T09:40:17.506+0000] {processor.py:183} INFO - Processing /home/airflow/.local/lib/python3.8/site-packages/airflow/example_dags/example_latest_only.py took 0.071 seconds
[2024-02-24T09:40:48.082+0000] {processor.py:161} INFO - Started process (PID=9080) to work on /home/airflow/.local/lib/python3.8/site-packages/airflow/example_dags/example_latest_only.py
[2024-02-24T09:40:48.083+0000] {processor.py:830} INFO - Processing file /home/airflow/.local/lib/python3.8/site-packages/airflow/example_dags/example_latest_only.py for tasks to queue
[2024-02-24T09:40:48.086+0000] {logging_mixin.py:188} INFO - [2024-02-24T09:40:48.086+0000] {dagbag.py:538} INFO - Filling up the DagBag from /home/airflow/.local/lib/python3.8/site-packages/airflow/example_dags/example_latest_only.py
[2024-02-24T09:40:48.113+0000] {processor.py:840} INFO - DAG(s) 'latest_only' retrieved from /home/airflow/.local/lib/python3.8/site-packages/airflow/example_dags/example_latest_only.py
[2024-02-24T09:40:48.163+0000] {logging_mixin.py:188} INFO - [2024-02-24T09:40:48.163+0000] {dag.py:3033} INFO - Sync 1 DAGs
[2024-02-24T09:40:48.229+0000] {logging_mixin.py:188} INFO - [2024-02-24T09:40:48.228+0000] {dag.py:3820} INFO - Setting next_dagrun for latest_only to 2024-02-24T04:00:00+00:00, run_after=2024-02-24T08:00:00+00:00
[2024-02-24T09:40:48.278+0000] {processor.py:183} INFO - Processing /home/airflow/.local/lib/python3.8/site-packages/airflow/example_dags/example_latest_only.py took 0.200 seconds
[2024-02-24T09:41:18.958+0000] {processor.py:161} INFO - Started process (PID=9137) to work on /home/airflow/.local/lib/python3.8/site-packages/airflow/example_dags/example_latest_only.py
[2024-02-24T09:41:18.959+0000] {processor.py:830} INFO - Processing file /home/airflow/.local/lib/python3.8/site-packages/airflow/example_dags/example_latest_only.py for tasks to queue
[2024-02-24T09:41:18.962+0000] {logging_mixin.py:188} INFO - [2024-02-24T09:41:18.962+0000] {dagbag.py:538} INFO - Filling up the DagBag from /home/airflow/.local/lib/python3.8/site-packages/airflow/example_dags/example_latest_only.py
[2024-02-24T09:41:18.971+0000] {processor.py:840} INFO - DAG(s) 'latest_only' retrieved from /home/airflow/.local/lib/python3.8/site-packages/airflow/example_dags/example_latest_only.py
[2024-02-24T09:41:19.000+0000] {logging_mixin.py:188} INFO - [2024-02-24T09:41:18.999+0000] {dag.py:3033} INFO - Sync 1 DAGs
[2024-02-24T09:41:19.022+0000] {logging_mixin.py:188} INFO - [2024-02-24T09:41:19.022+0000] {dag.py:3820} INFO - Setting next_dagrun for latest_only to 2024-02-24T04:00:00+00:00, run_after=2024-02-24T08:00:00+00:00
[2024-02-24T09:41:19.038+0000] {processor.py:183} INFO - Processing /home/airflow/.local/lib/python3.8/site-packages/airflow/example_dags/example_latest_only.py took 0.084 seconds
[2024-02-24T09:41:49.240+0000] {processor.py:161} INFO - Started process (PID=9194) to work on /home/airflow/.local/lib/python3.8/site-packages/airflow/example_dags/example_latest_only.py
[2024-02-24T09:41:49.241+0000] {processor.py:830} INFO - Processing file /home/airflow/.local/lib/python3.8/site-packages/airflow/example_dags/example_latest_only.py for tasks to queue
[2024-02-24T09:41:49.243+0000] {logging_mixin.py:188} INFO - [2024-02-24T09:41:49.243+0000] {dagbag.py:538} INFO - Filling up the DagBag from /home/airflow/.local/lib/python3.8/site-packages/airflow/example_dags/example_latest_only.py
[2024-02-24T09:41:49.248+0000] {processor.py:840} INFO - DAG(s) 'latest_only' retrieved from /home/airflow/.local/lib/python3.8/site-packages/airflow/example_dags/example_latest_only.py
[2024-02-24T09:41:49.268+0000] {logging_mixin.py:188} INFO - [2024-02-24T09:41:49.267+0000] {dag.py:3033} INFO - Sync 1 DAGs
[2024-02-24T09:41:49.288+0000] {logging_mixin.py:188} INFO - [2024-02-24T09:41:49.288+0000] {dag.py:3820} INFO - Setting next_dagrun for latest_only to 2024-02-24T04:00:00+00:00, run_after=2024-02-24T08:00:00+00:00
[2024-02-24T09:41:49.306+0000] {processor.py:183} INFO - Processing /home/airflow/.local/lib/python3.8/site-packages/airflow/example_dags/example_latest_only.py took 0.069 seconds
[2024-02-24T09:42:19.914+0000] {processor.py:161} INFO - Started process (PID=9251) to work on /home/airflow/.local/lib/python3.8/site-packages/airflow/example_dags/example_latest_only.py
[2024-02-24T09:42:19.915+0000] {processor.py:830} INFO - Processing file /home/airflow/.local/lib/python3.8/site-packages/airflow/example_dags/example_latest_only.py for tasks to queue
[2024-02-24T09:42:19.918+0000] {logging_mixin.py:188} INFO - [2024-02-24T09:42:19.917+0000] {dagbag.py:538} INFO - Filling up the DagBag from /home/airflow/.local/lib/python3.8/site-packages/airflow/example_dags/example_latest_only.py
[2024-02-24T09:42:19.922+0000] {processor.py:840} INFO - DAG(s) 'latest_only' retrieved from /home/airflow/.local/lib/python3.8/site-packages/airflow/example_dags/example_latest_only.py
[2024-02-24T09:42:19.943+0000] {logging_mixin.py:188} INFO - [2024-02-24T09:42:19.942+0000] {dag.py:3033} INFO - Sync 1 DAGs
[2024-02-24T09:42:19.961+0000] {logging_mixin.py:188} INFO - [2024-02-24T09:42:19.961+0000] {dag.py:3820} INFO - Setting next_dagrun for latest_only to 2024-02-24T04:00:00+00:00, run_after=2024-02-24T08:00:00+00:00
[2024-02-24T09:42:19.979+0000] {processor.py:183} INFO - Processing /home/airflow/.local/lib/python3.8/site-packages/airflow/example_dags/example_latest_only.py took 0.068 seconds
[2024-02-24T09:42:50.674+0000] {processor.py:161} INFO - Started process (PID=9308) to work on /home/airflow/.local/lib/python3.8/site-packages/airflow/example_dags/example_latest_only.py
[2024-02-24T09:42:50.675+0000] {processor.py:830} INFO - Processing file /home/airflow/.local/lib/python3.8/site-packages/airflow/example_dags/example_latest_only.py for tasks to queue
[2024-02-24T09:42:50.677+0000] {logging_mixin.py:188} INFO - [2024-02-24T09:42:50.677+0000] {dagbag.py:538} INFO - Filling up the DagBag from /home/airflow/.local/lib/python3.8/site-packages/airflow/example_dags/example_latest_only.py
[2024-02-24T09:42:50.682+0000] {processor.py:840} INFO - DAG(s) 'latest_only' retrieved from /home/airflow/.local/lib/python3.8/site-packages/airflow/example_dags/example_latest_only.py
[2024-02-24T09:42:50.700+0000] {logging_mixin.py:188} INFO - [2024-02-24T09:42:50.699+0000] {dag.py:3033} INFO - Sync 1 DAGs
[2024-02-24T09:42:50.718+0000] {logging_mixin.py:188} INFO - [2024-02-24T09:42:50.717+0000] {dag.py:3820} INFO - Setting next_dagrun for latest_only to 2024-02-24T04:00:00+00:00, run_after=2024-02-24T08:00:00+00:00
[2024-02-24T09:42:50.734+0000] {processor.py:183} INFO - Processing /home/airflow/.local/lib/python3.8/site-packages/airflow/example_dags/example_latest_only.py took 0.063 seconds
[2024-02-24T09:43:21.377+0000] {processor.py:161} INFO - Started process (PID=9365) to work on /home/airflow/.local/lib/python3.8/site-packages/airflow/example_dags/example_latest_only.py
[2024-02-24T09:43:21.378+0000] {processor.py:830} INFO - Processing file /home/airflow/.local/lib/python3.8/site-packages/airflow/example_dags/example_latest_only.py for tasks to queue
[2024-02-24T09:43:21.380+0000] {logging_mixin.py:188} INFO - [2024-02-24T09:43:21.380+0000] {dagbag.py:538} INFO - Filling up the DagBag from /home/airflow/.local/lib/python3.8/site-packages/airflow/example_dags/example_latest_only.py
[2024-02-24T09:43:21.386+0000] {processor.py:840} INFO - DAG(s) 'latest_only' retrieved from /home/airflow/.local/lib/python3.8/site-packages/airflow/example_dags/example_latest_only.py
[2024-02-24T09:43:21.404+0000] {logging_mixin.py:188} INFO - [2024-02-24T09:43:21.404+0000] {dag.py:3033} INFO - Sync 1 DAGs
[2024-02-24T09:43:21.423+0000] {logging_mixin.py:188} INFO - [2024-02-24T09:43:21.423+0000] {dag.py:3820} INFO - Setting next_dagrun for latest_only to 2024-02-24T04:00:00+00:00, run_after=2024-02-24T08:00:00+00:00
[2024-02-24T09:43:21.441+0000] {processor.py:183} INFO - Processing /home/airflow/.local/lib/python3.8/site-packages/airflow/example_dags/example_latest_only.py took 0.067 seconds
[2024-02-24T09:43:52.067+0000] {processor.py:161} INFO - Started process (PID=9422) to work on /home/airflow/.local/lib/python3.8/site-packages/airflow/example_dags/example_latest_only.py
[2024-02-24T09:43:52.068+0000] {processor.py:830} INFO - Processing file /home/airflow/.local/lib/python3.8/site-packages/airflow/example_dags/example_latest_only.py for tasks to queue
[2024-02-24T09:43:52.071+0000] {logging_mixin.py:188} INFO - [2024-02-24T09:43:52.071+0000] {dagbag.py:538} INFO - Filling up the DagBag from /home/airflow/.local/lib/python3.8/site-packages/airflow/example_dags/example_latest_only.py
[2024-02-24T09:43:52.076+0000] {processor.py:840} INFO - DAG(s) 'latest_only' retrieved from /home/airflow/.local/lib/python3.8/site-packages/airflow/example_dags/example_latest_only.py
[2024-02-24T09:43:52.099+0000] {logging_mixin.py:188} INFO - [2024-02-24T09:43:52.098+0000] {dag.py:3033} INFO - Sync 1 DAGs
[2024-02-24T09:43:52.125+0000] {logging_mixin.py:188} INFO - [2024-02-24T09:43:52.124+0000] {dag.py:3820} INFO - Setting next_dagrun for latest_only to 2024-02-24T04:00:00+00:00, run_after=2024-02-24T08:00:00+00:00
[2024-02-24T09:43:52.144+0000] {processor.py:183} INFO - Processing /home/airflow/.local/lib/python3.8/site-packages/airflow/example_dags/example_latest_only.py took 0.080 seconds
[2024-02-24T09:44:22.957+0000] {processor.py:161} INFO - Started process (PID=9485) to work on /home/airflow/.local/lib/python3.8/site-packages/airflow/example_dags/example_latest_only.py
[2024-02-24T09:44:22.958+0000] {processor.py:830} INFO - Processing file /home/airflow/.local/lib/python3.8/site-packages/airflow/example_dags/example_latest_only.py for tasks to queue
[2024-02-24T09:44:22.960+0000] {logging_mixin.py:188} INFO - [2024-02-24T09:44:22.960+0000] {dagbag.py:538} INFO - Filling up the DagBag from /home/airflow/.local/lib/python3.8/site-packages/airflow/example_dags/example_latest_only.py
[2024-02-24T09:44:22.965+0000] {processor.py:840} INFO - DAG(s) 'latest_only' retrieved from /home/airflow/.local/lib/python3.8/site-packages/airflow/example_dags/example_latest_only.py
[2024-02-24T09:44:22.983+0000] {logging_mixin.py:188} INFO - [2024-02-24T09:44:22.982+0000] {dag.py:3033} INFO - Sync 1 DAGs
[2024-02-24T09:44:23.001+0000] {logging_mixin.py:188} INFO - [2024-02-24T09:44:23.000+0000] {dag.py:3820} INFO - Setting next_dagrun for latest_only to 2024-02-24T04:00:00+00:00, run_after=2024-02-24T08:00:00+00:00
[2024-02-24T09:44:23.018+0000] {processor.py:183} INFO - Processing /home/airflow/.local/lib/python3.8/site-packages/airflow/example_dags/example_latest_only.py took 0.063 seconds
[2024-02-24T09:44:53.642+0000] {processor.py:161} INFO - Started process (PID=9542) to work on /home/airflow/.local/lib/python3.8/site-packages/airflow/example_dags/example_latest_only.py
[2024-02-24T09:44:53.643+0000] {processor.py:830} INFO - Processing file /home/airflow/.local/lib/python3.8/site-packages/airflow/example_dags/example_latest_only.py for tasks to queue
[2024-02-24T09:44:53.645+0000] {logging_mixin.py:188} INFO - [2024-02-24T09:44:53.645+0000] {dagbag.py:538} INFO - Filling up the DagBag from /home/airflow/.local/lib/python3.8/site-packages/airflow/example_dags/example_latest_only.py
[2024-02-24T09:44:53.650+0000] {processor.py:840} INFO - DAG(s) 'latest_only' retrieved from /home/airflow/.local/lib/python3.8/site-packages/airflow/example_dags/example_latest_only.py
[2024-02-24T09:44:53.668+0000] {logging_mixin.py:188} INFO - [2024-02-24T09:44:53.667+0000] {dag.py:3033} INFO - Sync 1 DAGs
[2024-02-24T09:44:53.686+0000] {logging_mixin.py:188} INFO - [2024-02-24T09:44:53.686+0000] {dag.py:3820} INFO - Setting next_dagrun for latest_only to 2024-02-24T04:00:00+00:00, run_after=2024-02-24T08:00:00+00:00
[2024-02-24T09:44:53.702+0000] {processor.py:183} INFO - Processing /home/airflow/.local/lib/python3.8/site-packages/airflow/example_dags/example_latest_only.py took 0.063 seconds
[2024-02-24T09:45:24.363+0000] {processor.py:161} INFO - Started process (PID=9599) to work on /home/airflow/.local/lib/python3.8/site-packages/airflow/example_dags/example_latest_only.py
[2024-02-24T09:45:24.364+0000] {processor.py:830} INFO - Processing file /home/airflow/.local/lib/python3.8/site-packages/airflow/example_dags/example_latest_only.py for tasks to queue
[2024-02-24T09:45:24.366+0000] {logging_mixin.py:188} INFO - [2024-02-24T09:45:24.366+0000] {dagbag.py:538} INFO - Filling up the DagBag from /home/airflow/.local/lib/python3.8/site-packages/airflow/example_dags/example_latest_only.py
[2024-02-24T09:45:24.371+0000] {processor.py:840} INFO - DAG(s) 'latest_only' retrieved from /home/airflow/.local/lib/python3.8/site-packages/airflow/example_dags/example_latest_only.py
[2024-02-24T09:45:24.389+0000] {logging_mixin.py:188} INFO - [2024-02-24T09:45:24.389+0000] {dag.py:3033} INFO - Sync 1 DAGs
[2024-02-24T09:45:24.408+0000] {logging_mixin.py:188} INFO - [2024-02-24T09:45:24.408+0000] {dag.py:3820} INFO - Setting next_dagrun for latest_only to 2024-02-24T04:00:00+00:00, run_after=2024-02-24T08:00:00+00:00
[2024-02-24T09:45:24.427+0000] {processor.py:183} INFO - Processing /home/airflow/.local/lib/python3.8/site-packages/airflow/example_dags/example_latest_only.py took 0.067 seconds
[2024-02-24T09:45:55.277+0000] {processor.py:161} INFO - Started process (PID=9656) to work on /home/airflow/.local/lib/python3.8/site-packages/airflow/example_dags/example_latest_only.py
[2024-02-24T09:45:55.278+0000] {processor.py:830} INFO - Processing file /home/airflow/.local/lib/python3.8/site-packages/airflow/example_dags/example_latest_only.py for tasks to queue
[2024-02-24T09:45:55.281+0000] {logging_mixin.py:188} INFO - [2024-02-24T09:45:55.280+0000] {dagbag.py:538} INFO - Filling up the DagBag from /home/airflow/.local/lib/python3.8/site-packages/airflow/example_dags/example_latest_only.py
[2024-02-24T09:45:55.287+0000] {processor.py:840} INFO - DAG(s) 'latest_only' retrieved from /home/airflow/.local/lib/python3.8/site-packages/airflow/example_dags/example_latest_only.py
[2024-02-24T09:45:55.307+0000] {logging_mixin.py:188} INFO - [2024-02-24T09:45:55.307+0000] {dag.py:3033} INFO - Sync 1 DAGs
[2024-02-24T09:45:55.329+0000] {logging_mixin.py:188} INFO - [2024-02-24T09:45:55.329+0000] {dag.py:3820} INFO - Setting next_dagrun for latest_only to 2024-02-24T04:00:00+00:00, run_after=2024-02-24T08:00:00+00:00
[2024-02-24T09:45:55.348+0000] {processor.py:183} INFO - Processing /home/airflow/.local/lib/python3.8/site-packages/airflow/example_dags/example_latest_only.py took 0.073 seconds
[2024-02-24T09:46:26.189+0000] {processor.py:161} INFO - Started process (PID=9713) to work on /home/airflow/.local/lib/python3.8/site-packages/airflow/example_dags/example_latest_only.py
[2024-02-24T09:46:26.190+0000] {processor.py:830} INFO - Processing file /home/airflow/.local/lib/python3.8/site-packages/airflow/example_dags/example_latest_only.py for tasks to queue
[2024-02-24T09:46:26.192+0000] {logging_mixin.py:188} INFO - [2024-02-24T09:46:26.192+0000] {dagbag.py:538} INFO - Filling up the DagBag from /home/airflow/.local/lib/python3.8/site-packages/airflow/example_dags/example_latest_only.py
[2024-02-24T09:46:26.197+0000] {processor.py:840} INFO - DAG(s) 'latest_only' retrieved from /home/airflow/.local/lib/python3.8/site-packages/airflow/example_dags/example_latest_only.py
[2024-02-24T09:46:26.215+0000] {logging_mixin.py:188} INFO - [2024-02-24T09:46:26.215+0000] {dag.py:3033} INFO - Sync 1 DAGs
[2024-02-24T09:46:26.234+0000] {logging_mixin.py:188} INFO - [2024-02-24T09:46:26.234+0000] {dag.py:3820} INFO - Setting next_dagrun for latest_only to 2024-02-24T04:00:00+00:00, run_after=2024-02-24T08:00:00+00:00
[2024-02-24T09:46:26.252+0000] {processor.py:183} INFO - Processing /home/airflow/.local/lib/python3.8/site-packages/airflow/example_dags/example_latest_only.py took 0.066 seconds
[2024-02-24T09:46:56.953+0000] {processor.py:161} INFO - Started process (PID=9770) to work on /home/airflow/.local/lib/python3.8/site-packages/airflow/example_dags/example_latest_only.py
[2024-02-24T09:46:56.954+0000] {processor.py:830} INFO - Processing file /home/airflow/.local/lib/python3.8/site-packages/airflow/example_dags/example_latest_only.py for tasks to queue
[2024-02-24T09:46:56.957+0000] {logging_mixin.py:188} INFO - [2024-02-24T09:46:56.957+0000] {dagbag.py:538} INFO - Filling up the DagBag from /home/airflow/.local/lib/python3.8/site-packages/airflow/example_dags/example_latest_only.py
[2024-02-24T09:46:56.963+0000] {processor.py:840} INFO - DAG(s) 'latest_only' retrieved from /home/airflow/.local/lib/python3.8/site-packages/airflow/example_dags/example_latest_only.py
[2024-02-24T09:46:56.987+0000] {logging_mixin.py:188} INFO - [2024-02-24T09:46:56.986+0000] {dag.py:3033} INFO - Sync 1 DAGs
[2024-02-24T09:46:57.009+0000] {logging_mixin.py:188} INFO - [2024-02-24T09:46:57.009+0000] {dag.py:3820} INFO - Setting next_dagrun for latest_only to 2024-02-24T04:00:00+00:00, run_after=2024-02-24T08:00:00+00:00
[2024-02-24T09:46:57.030+0000] {processor.py:183} INFO - Processing /home/airflow/.local/lib/python3.8/site-packages/airflow/example_dags/example_latest_only.py took 0.080 seconds
[2024-02-24T09:47:27.653+0000] {processor.py:161} INFO - Started process (PID=9827) to work on /home/airflow/.local/lib/python3.8/site-packages/airflow/example_dags/example_latest_only.py
[2024-02-24T09:47:27.654+0000] {processor.py:830} INFO - Processing file /home/airflow/.local/lib/python3.8/site-packages/airflow/example_dags/example_latest_only.py for tasks to queue
[2024-02-24T09:47:27.656+0000] {logging_mixin.py:188} INFO - [2024-02-24T09:47:27.656+0000] {dagbag.py:538} INFO - Filling up the DagBag from /home/airflow/.local/lib/python3.8/site-packages/airflow/example_dags/example_latest_only.py
[2024-02-24T09:47:27.662+0000] {processor.py:840} INFO - DAG(s) 'latest_only' retrieved from /home/airflow/.local/lib/python3.8/site-packages/airflow/example_dags/example_latest_only.py
[2024-02-24T09:47:27.681+0000] {logging_mixin.py:188} INFO - [2024-02-24T09:47:27.681+0000] {dag.py:3033} INFO - Sync 1 DAGs
[2024-02-24T09:47:27.701+0000] {logging_mixin.py:188} INFO - [2024-02-24T09:47:27.701+0000] {dag.py:3820} INFO - Setting next_dagrun for latest_only to 2024-02-24T04:00:00+00:00, run_after=2024-02-24T08:00:00+00:00
[2024-02-24T09:47:27.719+0000] {processor.py:183} INFO - Processing /home/airflow/.local/lib/python3.8/site-packages/airflow/example_dags/example_latest_only.py took 0.069 seconds
[2024-02-24T09:47:58.445+0000] {processor.py:161} INFO - Started process (PID=9884) to work on /home/airflow/.local/lib/python3.8/site-packages/airflow/example_dags/example_latest_only.py
[2024-02-24T09:47:58.446+0000] {processor.py:830} INFO - Processing file /home/airflow/.local/lib/python3.8/site-packages/airflow/example_dags/example_latest_only.py for tasks to queue
[2024-02-24T09:47:58.448+0000] {logging_mixin.py:188} INFO - [2024-02-24T09:47:58.448+0000] {dagbag.py:538} INFO - Filling up the DagBag from /home/airflow/.local/lib/python3.8/site-packages/airflow/example_dags/example_latest_only.py
[2024-02-24T09:47:58.454+0000] {processor.py:840} INFO - DAG(s) 'latest_only' retrieved from /home/airflow/.local/lib/python3.8/site-packages/airflow/example_dags/example_latest_only.py
[2024-02-24T09:47:58.476+0000] {logging_mixin.py:188} INFO - [2024-02-24T09:47:58.475+0000] {dag.py:3033} INFO - Sync 1 DAGs
[2024-02-24T09:47:58.499+0000] {logging_mixin.py:188} INFO - [2024-02-24T09:47:58.498+0000] {dag.py:3820} INFO - Setting next_dagrun for latest_only to 2024-02-24T04:00:00+00:00, run_after=2024-02-24T08:00:00+00:00
[2024-02-24T09:47:58.520+0000] {processor.py:183} INFO - Processing /home/airflow/.local/lib/python3.8/site-packages/airflow/example_dags/example_latest_only.py took 0.079 seconds
[2024-02-24T09:48:28.642+0000] {processor.py:161} INFO - Started process (PID=9941) to work on /home/airflow/.local/lib/python3.8/site-packages/airflow/example_dags/example_latest_only.py
[2024-02-24T09:48:28.643+0000] {processor.py:830} INFO - Processing file /home/airflow/.local/lib/python3.8/site-packages/airflow/example_dags/example_latest_only.py for tasks to queue
[2024-02-24T09:48:28.647+0000] {logging_mixin.py:188} INFO - [2024-02-24T09:48:28.646+0000] {dagbag.py:538} INFO - Filling up the DagBag from /home/airflow/.local/lib/python3.8/site-packages/airflow/example_dags/example_latest_only.py
[2024-02-24T09:48:28.654+0000] {processor.py:840} INFO - DAG(s) 'latest_only' retrieved from /home/airflow/.local/lib/python3.8/site-packages/airflow/example_dags/example_latest_only.py
[2024-02-24T09:48:28.677+0000] {logging_mixin.py:188} INFO - [2024-02-24T09:48:28.676+0000] {dag.py:3033} INFO - Sync 1 DAGs
[2024-02-24T09:48:28.701+0000] {logging_mixin.py:188} INFO - [2024-02-24T09:48:28.701+0000] {dag.py:3820} INFO - Setting next_dagrun for latest_only to 2024-02-24T04:00:00+00:00, run_after=2024-02-24T08:00:00+00:00
[2024-02-24T09:48:28.722+0000] {processor.py:183} INFO - Processing /home/airflow/.local/lib/python3.8/site-packages/airflow/example_dags/example_latest_only.py took 0.084 seconds
[2024-02-24T09:48:59.039+0000] {processor.py:161} INFO - Started process (PID=9998) to work on /home/airflow/.local/lib/python3.8/site-packages/airflow/example_dags/example_latest_only.py
[2024-02-24T09:48:59.040+0000] {processor.py:830} INFO - Processing file /home/airflow/.local/lib/python3.8/site-packages/airflow/example_dags/example_latest_only.py for tasks to queue
[2024-02-24T09:48:59.043+0000] {logging_mixin.py:188} INFO - [2024-02-24T09:48:59.043+0000] {dagbag.py:538} INFO - Filling up the DagBag from /home/airflow/.local/lib/python3.8/site-packages/airflow/example_dags/example_latest_only.py
[2024-02-24T09:48:59.051+0000] {processor.py:840} INFO - DAG(s) 'latest_only' retrieved from /home/airflow/.local/lib/python3.8/site-packages/airflow/example_dags/example_latest_only.py
[2024-02-24T09:48:59.074+0000] {logging_mixin.py:188} INFO - [2024-02-24T09:48:59.073+0000] {dag.py:3033} INFO - Sync 1 DAGs
[2024-02-24T09:48:59.098+0000] {logging_mixin.py:188} INFO - [2024-02-24T09:48:59.098+0000] {dag.py:3820} INFO - Setting next_dagrun for latest_only to 2024-02-24T04:00:00+00:00, run_after=2024-02-24T08:00:00+00:00
[2024-02-24T09:48:59.120+0000] {processor.py:183} INFO - Processing /home/airflow/.local/lib/python3.8/site-packages/airflow/example_dags/example_latest_only.py took 0.084 seconds
