[2024-02-24T09:35:46.119+0000] {processor.py:161} INFO - Started process (PID=8547) to work on /home/airflow/.local/lib/python3.8/site-packages/airflow/example_dags/example_setup_teardown_taskflow.py
[2024-02-24T09:35:46.120+0000] {processor.py:830} INFO - Processing file /home/airflow/.local/lib/python3.8/site-packages/airflow/example_dags/example_setup_teardown_taskflow.py for tasks to queue
[2024-02-24T09:35:46.123+0000] {logging_mixin.py:188} INFO - [2024-02-24T09:35:46.122+0000] {dagbag.py:538} INFO - Filling up the DagBag from /home/airflow/.local/lib/python3.8/site-packages/airflow/example_dags/example_setup_teardown_taskflow.py
[2024-02-24T09:35:46.133+0000] {processor.py:840} INFO - DAG(s) 'example_setup_teardown_taskflow' retrieved from /home/airflow/.local/lib/python3.8/site-packages/airflow/example_dags/example_setup_teardown_taskflow.py
[2024-02-24T09:35:46.154+0000] {logging_mixin.py:188} INFO - [2024-02-24T09:35:46.154+0000] {dag.py:3033} INFO - Sync 1 DAGs
[2024-02-24T09:35:46.174+0000] {logging_mixin.py:188} INFO - [2024-02-24T09:35:46.174+0000] {dag.py:3820} INFO - Setting next_dagrun for example_setup_teardown_taskflow to 2024-02-23T00:00:00+00:00, run_after=2024-02-24T00:00:00+00:00
[2024-02-24T09:35:46.203+0000] {processor.py:183} INFO - Processing /home/airflow/.local/lib/python3.8/site-packages/airflow/example_dags/example_setup_teardown_taskflow.py took 0.089 seconds
[2024-02-24T09:36:16.244+0000] {processor.py:161} INFO - Started process (PID=8604) to work on /home/airflow/.local/lib/python3.8/site-packages/airflow/example_dags/example_setup_teardown_taskflow.py
[2024-02-24T09:36:16.245+0000] {processor.py:830} INFO - Processing file /home/airflow/.local/lib/python3.8/site-packages/airflow/example_dags/example_setup_teardown_taskflow.py for tasks to queue
[2024-02-24T09:36:16.248+0000] {logging_mixin.py:188} INFO - [2024-02-24T09:36:16.247+0000] {dagbag.py:538} INFO - Filling up the DagBag from /home/airflow/.local/lib/python3.8/site-packages/airflow/example_dags/example_setup_teardown_taskflow.py
[2024-02-24T09:36:16.257+0000] {processor.py:840} INFO - DAG(s) 'example_setup_teardown_taskflow' retrieved from /home/airflow/.local/lib/python3.8/site-packages/airflow/example_dags/example_setup_teardown_taskflow.py
[2024-02-24T09:36:16.276+0000] {logging_mixin.py:188} INFO - [2024-02-24T09:36:16.276+0000] {dag.py:3033} INFO - Sync 1 DAGs
[2024-02-24T09:36:16.294+0000] {logging_mixin.py:188} INFO - [2024-02-24T09:36:16.294+0000] {dag.py:3820} INFO - Setting next_dagrun for example_setup_teardown_taskflow to 2024-02-23T00:00:00+00:00, run_after=2024-02-24T00:00:00+00:00
[2024-02-24T09:36:16.311+0000] {processor.py:183} INFO - Processing /home/airflow/.local/lib/python3.8/site-packages/airflow/example_dags/example_setup_teardown_taskflow.py took 0.070 seconds
[2024-02-24T09:36:46.840+0000] {processor.py:161} INFO - Started process (PID=8661) to work on /home/airflow/.local/lib/python3.8/site-packages/airflow/example_dags/example_setup_teardown_taskflow.py
[2024-02-24T09:36:46.841+0000] {processor.py:830} INFO - Processing file /home/airflow/.local/lib/python3.8/site-packages/airflow/example_dags/example_setup_teardown_taskflow.py for tasks to queue
[2024-02-24T09:36:46.843+0000] {logging_mixin.py:188} INFO - [2024-02-24T09:36:46.843+0000] {dagbag.py:538} INFO - Filling up the DagBag from /home/airflow/.local/lib/python3.8/site-packages/airflow/example_dags/example_setup_teardown_taskflow.py
[2024-02-24T09:36:46.861+0000] {processor.py:840} INFO - DAG(s) 'example_setup_teardown_taskflow' retrieved from /home/airflow/.local/lib/python3.8/site-packages/airflow/example_dags/example_setup_teardown_taskflow.py
[2024-02-24T09:36:46.898+0000] {logging_mixin.py:188} INFO - [2024-02-24T09:36:46.897+0000] {dag.py:3033} INFO - Sync 1 DAGs
[2024-02-24T09:36:46.939+0000] {logging_mixin.py:188} INFO - [2024-02-24T09:36:46.939+0000] {dag.py:3820} INFO - Setting next_dagrun for example_setup_teardown_taskflow to 2024-02-23T00:00:00+00:00, run_after=2024-02-24T00:00:00+00:00
[2024-02-24T09:36:46.981+0000] {processor.py:183} INFO - Processing /home/airflow/.local/lib/python3.8/site-packages/airflow/example_dags/example_setup_teardown_taskflow.py took 0.145 seconds
[2024-02-24T09:37:17.032+0000] {processor.py:161} INFO - Started process (PID=8719) to work on /home/airflow/.local/lib/python3.8/site-packages/airflow/example_dags/example_setup_teardown_taskflow.py
[2024-02-24T09:37:17.033+0000] {processor.py:830} INFO - Processing file /home/airflow/.local/lib/python3.8/site-packages/airflow/example_dags/example_setup_teardown_taskflow.py for tasks to queue
[2024-02-24T09:37:17.035+0000] {logging_mixin.py:188} INFO - [2024-02-24T09:37:17.035+0000] {dagbag.py:538} INFO - Filling up the DagBag from /home/airflow/.local/lib/python3.8/site-packages/airflow/example_dags/example_setup_teardown_taskflow.py
[2024-02-24T09:37:17.045+0000] {processor.py:840} INFO - DAG(s) 'example_setup_teardown_taskflow' retrieved from /home/airflow/.local/lib/python3.8/site-packages/airflow/example_dags/example_setup_teardown_taskflow.py
[2024-02-24T09:37:17.065+0000] {logging_mixin.py:188} INFO - [2024-02-24T09:37:17.064+0000] {dag.py:3033} INFO - Sync 1 DAGs
[2024-02-24T09:37:17.084+0000] {logging_mixin.py:188} INFO - [2024-02-24T09:37:17.084+0000] {dag.py:3820} INFO - Setting next_dagrun for example_setup_teardown_taskflow to 2024-02-23T00:00:00+00:00, run_after=2024-02-24T00:00:00+00:00
[2024-02-24T09:37:17.101+0000] {processor.py:183} INFO - Processing /home/airflow/.local/lib/python3.8/site-packages/airflow/example_dags/example_setup_teardown_taskflow.py took 0.072 seconds
[2024-02-24T09:37:47.588+0000] {processor.py:161} INFO - Started process (PID=8775) to work on /home/airflow/.local/lib/python3.8/site-packages/airflow/example_dags/example_setup_teardown_taskflow.py
[2024-02-24T09:37:47.589+0000] {processor.py:830} INFO - Processing file /home/airflow/.local/lib/python3.8/site-packages/airflow/example_dags/example_setup_teardown_taskflow.py for tasks to queue
[2024-02-24T09:37:47.592+0000] {logging_mixin.py:188} INFO - [2024-02-24T09:37:47.592+0000] {dagbag.py:538} INFO - Filling up the DagBag from /home/airflow/.local/lib/python3.8/site-packages/airflow/example_dags/example_setup_teardown_taskflow.py
[2024-02-24T09:37:47.604+0000] {processor.py:840} INFO - DAG(s) 'example_setup_teardown_taskflow' retrieved from /home/airflow/.local/lib/python3.8/site-packages/airflow/example_dags/example_setup_teardown_taskflow.py
[2024-02-24T09:37:47.629+0000] {logging_mixin.py:188} INFO - [2024-02-24T09:37:47.628+0000] {dag.py:3033} INFO - Sync 1 DAGs
[2024-02-24T09:37:47.652+0000] {logging_mixin.py:188} INFO - [2024-02-24T09:37:47.652+0000] {dag.py:3820} INFO - Setting next_dagrun for example_setup_teardown_taskflow to 2024-02-23T00:00:00+00:00, run_after=2024-02-24T00:00:00+00:00
[2024-02-24T09:37:47.672+0000] {processor.py:183} INFO - Processing /home/airflow/.local/lib/python3.8/site-packages/airflow/example_dags/example_setup_teardown_taskflow.py took 0.089 seconds
[2024-02-24T09:38:18.155+0000] {processor.py:161} INFO - Started process (PID=8833) to work on /home/airflow/.local/lib/python3.8/site-packages/airflow/example_dags/example_setup_teardown_taskflow.py
[2024-02-24T09:38:18.156+0000] {processor.py:830} INFO - Processing file /home/airflow/.local/lib/python3.8/site-packages/airflow/example_dags/example_setup_teardown_taskflow.py for tasks to queue
[2024-02-24T09:38:18.160+0000] {logging_mixin.py:188} INFO - [2024-02-24T09:38:18.159+0000] {dagbag.py:538} INFO - Filling up the DagBag from /home/airflow/.local/lib/python3.8/site-packages/airflow/example_dags/example_setup_teardown_taskflow.py
[2024-02-24T09:38:18.178+0000] {processor.py:840} INFO - DAG(s) 'example_setup_teardown_taskflow' retrieved from /home/airflow/.local/lib/python3.8/site-packages/airflow/example_dags/example_setup_teardown_taskflow.py
[2024-02-24T09:38:18.217+0000] {logging_mixin.py:188} INFO - [2024-02-24T09:38:18.216+0000] {dag.py:3033} INFO - Sync 1 DAGs
[2024-02-24T09:38:18.270+0000] {logging_mixin.py:188} INFO - [2024-02-24T09:38:18.269+0000] {dag.py:3820} INFO - Setting next_dagrun for example_setup_teardown_taskflow to 2024-02-23T00:00:00+00:00, run_after=2024-02-24T00:00:00+00:00
[2024-02-24T09:38:18.326+0000] {processor.py:183} INFO - Processing /home/airflow/.local/lib/python3.8/site-packages/airflow/example_dags/example_setup_teardown_taskflow.py took 0.176 seconds
[2024-02-24T09:38:48.823+0000] {processor.py:161} INFO - Started process (PID=8889) to work on /home/airflow/.local/lib/python3.8/site-packages/airflow/example_dags/example_setup_teardown_taskflow.py
[2024-02-24T09:38:48.824+0000] {processor.py:830} INFO - Processing file /home/airflow/.local/lib/python3.8/site-packages/airflow/example_dags/example_setup_teardown_taskflow.py for tasks to queue
[2024-02-24T09:38:48.826+0000] {logging_mixin.py:188} INFO - [2024-02-24T09:38:48.826+0000] {dagbag.py:538} INFO - Filling up the DagBag from /home/airflow/.local/lib/python3.8/site-packages/airflow/example_dags/example_setup_teardown_taskflow.py
[2024-02-24T09:38:48.838+0000] {processor.py:840} INFO - DAG(s) 'example_setup_teardown_taskflow' retrieved from /home/airflow/.local/lib/python3.8/site-packages/airflow/example_dags/example_setup_teardown_taskflow.py
[2024-02-24T09:38:48.862+0000] {logging_mixin.py:188} INFO - [2024-02-24T09:38:48.861+0000] {dag.py:3033} INFO - Sync 1 DAGs
[2024-02-24T09:38:48.890+0000] {logging_mixin.py:188} INFO - [2024-02-24T09:38:48.890+0000] {dag.py:3820} INFO - Setting next_dagrun for example_setup_teardown_taskflow to 2024-02-23T00:00:00+00:00, run_after=2024-02-24T00:00:00+00:00
[2024-02-24T09:38:48.916+0000] {processor.py:183} INFO - Processing /home/airflow/.local/lib/python3.8/site-packages/airflow/example_dags/example_setup_teardown_taskflow.py took 0.098 seconds
[2024-02-24T09:39:19.876+0000] {processor.py:161} INFO - Started process (PID=8946) to work on /home/airflow/.local/lib/python3.8/site-packages/airflow/example_dags/example_setup_teardown_taskflow.py
[2024-02-24T09:39:19.876+0000] {processor.py:830} INFO - Processing file /home/airflow/.local/lib/python3.8/site-packages/airflow/example_dags/example_setup_teardown_taskflow.py for tasks to queue
[2024-02-24T09:39:19.879+0000] {logging_mixin.py:188} INFO - [2024-02-24T09:39:19.879+0000] {dagbag.py:538} INFO - Filling up the DagBag from /home/airflow/.local/lib/python3.8/site-packages/airflow/example_dags/example_setup_teardown_taskflow.py
[2024-02-24T09:39:19.890+0000] {processor.py:840} INFO - DAG(s) 'example_setup_teardown_taskflow' retrieved from /home/airflow/.local/lib/python3.8/site-packages/airflow/example_dags/example_setup_teardown_taskflow.py
[2024-02-24T09:39:19.912+0000] {logging_mixin.py:188} INFO - [2024-02-24T09:39:19.911+0000] {dag.py:3033} INFO - Sync 1 DAGs
[2024-02-24T09:39:19.933+0000] {logging_mixin.py:188} INFO - [2024-02-24T09:39:19.933+0000] {dag.py:3820} INFO - Setting next_dagrun for example_setup_teardown_taskflow to 2024-02-23T00:00:00+00:00, run_after=2024-02-24T00:00:00+00:00
[2024-02-24T09:39:19.953+0000] {processor.py:183} INFO - Processing /home/airflow/.local/lib/python3.8/site-packages/airflow/example_dags/example_setup_teardown_taskflow.py took 0.081 seconds
[2024-02-24T09:39:50.653+0000] {processor.py:161} INFO - Started process (PID=9003) to work on /home/airflow/.local/lib/python3.8/site-packages/airflow/example_dags/example_setup_teardown_taskflow.py
[2024-02-24T09:39:50.654+0000] {processor.py:830} INFO - Processing file /home/airflow/.local/lib/python3.8/site-packages/airflow/example_dags/example_setup_teardown_taskflow.py for tasks to queue
[2024-02-24T09:39:50.656+0000] {logging_mixin.py:188} INFO - [2024-02-24T09:39:50.656+0000] {dagbag.py:538} INFO - Filling up the DagBag from /home/airflow/.local/lib/python3.8/site-packages/airflow/example_dags/example_setup_teardown_taskflow.py
[2024-02-24T09:39:50.666+0000] {processor.py:840} INFO - DAG(s) 'example_setup_teardown_taskflow' retrieved from /home/airflow/.local/lib/python3.8/site-packages/airflow/example_dags/example_setup_teardown_taskflow.py
[2024-02-24T09:39:50.688+0000] {logging_mixin.py:188} INFO - [2024-02-24T09:39:50.687+0000] {dag.py:3033} INFO - Sync 1 DAGs
[2024-02-24T09:39:50.707+0000] {logging_mixin.py:188} INFO - [2024-02-24T09:39:50.707+0000] {dag.py:3820} INFO - Setting next_dagrun for example_setup_teardown_taskflow to 2024-02-23T00:00:00+00:00, run_after=2024-02-24T00:00:00+00:00
[2024-02-24T09:39:50.725+0000] {processor.py:183} INFO - Processing /home/airflow/.local/lib/python3.8/site-packages/airflow/example_dags/example_setup_teardown_taskflow.py took 0.076 seconds
[2024-02-24T09:40:21.300+0000] {processor.py:161} INFO - Started process (PID=9060) to work on /home/airflow/.local/lib/python3.8/site-packages/airflow/example_dags/example_setup_teardown_taskflow.py
[2024-02-24T09:40:21.300+0000] {processor.py:830} INFO - Processing file /home/airflow/.local/lib/python3.8/site-packages/airflow/example_dags/example_setup_teardown_taskflow.py for tasks to queue
[2024-02-24T09:40:21.303+0000] {logging_mixin.py:188} INFO - [2024-02-24T09:40:21.303+0000] {dagbag.py:538} INFO - Filling up the DagBag from /home/airflow/.local/lib/python3.8/site-packages/airflow/example_dags/example_setup_teardown_taskflow.py
[2024-02-24T09:40:21.313+0000] {processor.py:840} INFO - DAG(s) 'example_setup_teardown_taskflow' retrieved from /home/airflow/.local/lib/python3.8/site-packages/airflow/example_dags/example_setup_teardown_taskflow.py
[2024-02-24T09:40:21.334+0000] {logging_mixin.py:188} INFO - [2024-02-24T09:40:21.334+0000] {dag.py:3033} INFO - Sync 1 DAGs
[2024-02-24T09:40:21.354+0000] {logging_mixin.py:188} INFO - [2024-02-24T09:40:21.353+0000] {dag.py:3820} INFO - Setting next_dagrun for example_setup_teardown_taskflow to 2024-02-23T00:00:00+00:00, run_after=2024-02-24T00:00:00+00:00
[2024-02-24T09:40:21.370+0000] {processor.py:183} INFO - Processing /home/airflow/.local/lib/python3.8/site-packages/airflow/example_dags/example_setup_teardown_taskflow.py took 0.074 seconds
[2024-02-24T09:40:53.928+0000] {processor.py:161} INFO - Started process (PID=9123) to work on /home/airflow/.local/lib/python3.8/site-packages/airflow/example_dags/example_setup_teardown_taskflow.py
[2024-02-24T09:40:53.929+0000] {processor.py:830} INFO - Processing file /home/airflow/.local/lib/python3.8/site-packages/airflow/example_dags/example_setup_teardown_taskflow.py for tasks to queue
[2024-02-24T09:40:53.942+0000] {logging_mixin.py:188} INFO - [2024-02-24T09:40:53.941+0000] {dagbag.py:538} INFO - Filling up the DagBag from /home/airflow/.local/lib/python3.8/site-packages/airflow/example_dags/example_setup_teardown_taskflow.py
[2024-02-24T09:40:53.973+0000] {processor.py:840} INFO - DAG(s) 'example_setup_teardown_taskflow' retrieved from /home/airflow/.local/lib/python3.8/site-packages/airflow/example_dags/example_setup_teardown_taskflow.py
[2024-02-24T09:40:54.033+0000] {logging_mixin.py:188} INFO - [2024-02-24T09:40:54.032+0000] {dag.py:3033} INFO - Sync 1 DAGs
[2024-02-24T09:40:54.115+0000] {logging_mixin.py:188} INFO - [2024-02-24T09:40:54.115+0000] {dag.py:3820} INFO - Setting next_dagrun for example_setup_teardown_taskflow to 2024-02-23T00:00:00+00:00, run_after=2024-02-24T00:00:00+00:00
[2024-02-24T09:40:54.162+0000] {processor.py:183} INFO - Processing /home/airflow/.local/lib/python3.8/site-packages/airflow/example_dags/example_setup_teardown_taskflow.py took 0.239 seconds
[2024-02-24T09:41:24.423+0000] {processor.py:161} INFO - Started process (PID=9180) to work on /home/airflow/.local/lib/python3.8/site-packages/airflow/example_dags/example_setup_teardown_taskflow.py
[2024-02-24T09:41:24.424+0000] {processor.py:830} INFO - Processing file /home/airflow/.local/lib/python3.8/site-packages/airflow/example_dags/example_setup_teardown_taskflow.py for tasks to queue
[2024-02-24T09:41:24.428+0000] {logging_mixin.py:188} INFO - [2024-02-24T09:41:24.428+0000] {dagbag.py:538} INFO - Filling up the DagBag from /home/airflow/.local/lib/python3.8/site-packages/airflow/example_dags/example_setup_teardown_taskflow.py
[2024-02-24T09:41:24.439+0000] {processor.py:840} INFO - DAG(s) 'example_setup_teardown_taskflow' retrieved from /home/airflow/.local/lib/python3.8/site-packages/airflow/example_dags/example_setup_teardown_taskflow.py
[2024-02-24T09:41:24.459+0000] {logging_mixin.py:188} INFO - [2024-02-24T09:41:24.459+0000] {dag.py:3033} INFO - Sync 1 DAGs
[2024-02-24T09:41:24.479+0000] {logging_mixin.py:188} INFO - [2024-02-24T09:41:24.478+0000] {dag.py:3820} INFO - Setting next_dagrun for example_setup_teardown_taskflow to 2024-02-23T00:00:00+00:00, run_after=2024-02-24T00:00:00+00:00
[2024-02-24T09:41:24.495+0000] {processor.py:183} INFO - Processing /home/airflow/.local/lib/python3.8/site-packages/airflow/example_dags/example_setup_teardown_taskflow.py took 0.076 seconds
[2024-02-24T09:41:55.102+0000] {processor.py:161} INFO - Started process (PID=9237) to work on /home/airflow/.local/lib/python3.8/site-packages/airflow/example_dags/example_setup_teardown_taskflow.py
[2024-02-24T09:41:55.103+0000] {processor.py:830} INFO - Processing file /home/airflow/.local/lib/python3.8/site-packages/airflow/example_dags/example_setup_teardown_taskflow.py for tasks to queue
[2024-02-24T09:41:55.105+0000] {logging_mixin.py:188} INFO - [2024-02-24T09:41:55.105+0000] {dagbag.py:538} INFO - Filling up the DagBag from /home/airflow/.local/lib/python3.8/site-packages/airflow/example_dags/example_setup_teardown_taskflow.py
[2024-02-24T09:41:55.114+0000] {processor.py:840} INFO - DAG(s) 'example_setup_teardown_taskflow' retrieved from /home/airflow/.local/lib/python3.8/site-packages/airflow/example_dags/example_setup_teardown_taskflow.py
[2024-02-24T09:41:55.134+0000] {logging_mixin.py:188} INFO - [2024-02-24T09:41:55.133+0000] {dag.py:3033} INFO - Sync 1 DAGs
[2024-02-24T09:41:55.154+0000] {logging_mixin.py:188} INFO - [2024-02-24T09:41:55.154+0000] {dag.py:3820} INFO - Setting next_dagrun for example_setup_teardown_taskflow to 2024-02-23T00:00:00+00:00, run_after=2024-02-24T00:00:00+00:00
[2024-02-24T09:41:55.172+0000] {processor.py:183} INFO - Processing /home/airflow/.local/lib/python3.8/site-packages/airflow/example_dags/example_setup_teardown_taskflow.py took 0.073 seconds
[2024-02-24T09:42:25.765+0000] {processor.py:161} INFO - Started process (PID=9294) to work on /home/airflow/.local/lib/python3.8/site-packages/airflow/example_dags/example_setup_teardown_taskflow.py
[2024-02-24T09:42:25.766+0000] {processor.py:830} INFO - Processing file /home/airflow/.local/lib/python3.8/site-packages/airflow/example_dags/example_setup_teardown_taskflow.py for tasks to queue
[2024-02-24T09:42:25.768+0000] {logging_mixin.py:188} INFO - [2024-02-24T09:42:25.768+0000] {dagbag.py:538} INFO - Filling up the DagBag from /home/airflow/.local/lib/python3.8/site-packages/airflow/example_dags/example_setup_teardown_taskflow.py
[2024-02-24T09:42:25.777+0000] {processor.py:840} INFO - DAG(s) 'example_setup_teardown_taskflow' retrieved from /home/airflow/.local/lib/python3.8/site-packages/airflow/example_dags/example_setup_teardown_taskflow.py
[2024-02-24T09:42:25.796+0000] {logging_mixin.py:188} INFO - [2024-02-24T09:42:25.796+0000] {dag.py:3033} INFO - Sync 1 DAGs
[2024-02-24T09:42:25.813+0000] {logging_mixin.py:188} INFO - [2024-02-24T09:42:25.813+0000] {dag.py:3820} INFO - Setting next_dagrun for example_setup_teardown_taskflow to 2024-02-23T00:00:00+00:00, run_after=2024-02-24T00:00:00+00:00
[2024-02-24T09:42:25.831+0000] {processor.py:183} INFO - Processing /home/airflow/.local/lib/python3.8/site-packages/airflow/example_dags/example_setup_teardown_taskflow.py took 0.069 seconds
[2024-02-24T09:42:56.484+0000] {processor.py:161} INFO - Started process (PID=9351) to work on /home/airflow/.local/lib/python3.8/site-packages/airflow/example_dags/example_setup_teardown_taskflow.py
[2024-02-24T09:42:56.485+0000] {processor.py:830} INFO - Processing file /home/airflow/.local/lib/python3.8/site-packages/airflow/example_dags/example_setup_teardown_taskflow.py for tasks to queue
[2024-02-24T09:42:56.487+0000] {logging_mixin.py:188} INFO - [2024-02-24T09:42:56.487+0000] {dagbag.py:538} INFO - Filling up the DagBag from /home/airflow/.local/lib/python3.8/site-packages/airflow/example_dags/example_setup_teardown_taskflow.py
[2024-02-24T09:42:56.496+0000] {processor.py:840} INFO - DAG(s) 'example_setup_teardown_taskflow' retrieved from /home/airflow/.local/lib/python3.8/site-packages/airflow/example_dags/example_setup_teardown_taskflow.py
[2024-02-24T09:42:56.516+0000] {logging_mixin.py:188} INFO - [2024-02-24T09:42:56.515+0000] {dag.py:3033} INFO - Sync 1 DAGs
[2024-02-24T09:42:56.535+0000] {logging_mixin.py:188} INFO - [2024-02-24T09:42:56.534+0000] {dag.py:3820} INFO - Setting next_dagrun for example_setup_teardown_taskflow to 2024-02-23T00:00:00+00:00, run_after=2024-02-24T00:00:00+00:00
[2024-02-24T09:42:56.551+0000] {processor.py:183} INFO - Processing /home/airflow/.local/lib/python3.8/site-packages/airflow/example_dags/example_setup_teardown_taskflow.py took 0.070 seconds
[2024-02-24T09:43:27.253+0000] {processor.py:161} INFO - Started process (PID=9408) to work on /home/airflow/.local/lib/python3.8/site-packages/airflow/example_dags/example_setup_teardown_taskflow.py
[2024-02-24T09:43:27.254+0000] {processor.py:830} INFO - Processing file /home/airflow/.local/lib/python3.8/site-packages/airflow/example_dags/example_setup_teardown_taskflow.py for tasks to queue
[2024-02-24T09:43:27.256+0000] {logging_mixin.py:188} INFO - [2024-02-24T09:43:27.255+0000] {dagbag.py:538} INFO - Filling up the DagBag from /home/airflow/.local/lib/python3.8/site-packages/airflow/example_dags/example_setup_teardown_taskflow.py
[2024-02-24T09:43:27.265+0000] {processor.py:840} INFO - DAG(s) 'example_setup_teardown_taskflow' retrieved from /home/airflow/.local/lib/python3.8/site-packages/airflow/example_dags/example_setup_teardown_taskflow.py
[2024-02-24T09:43:27.284+0000] {logging_mixin.py:188} INFO - [2024-02-24T09:43:27.283+0000] {dag.py:3033} INFO - Sync 1 DAGs
[2024-02-24T09:43:27.302+0000] {logging_mixin.py:188} INFO - [2024-02-24T09:43:27.302+0000] {dag.py:3820} INFO - Setting next_dagrun for example_setup_teardown_taskflow to 2024-02-23T00:00:00+00:00, run_after=2024-02-24T00:00:00+00:00
[2024-02-24T09:43:27.319+0000] {processor.py:183} INFO - Processing /home/airflow/.local/lib/python3.8/site-packages/airflow/example_dags/example_setup_teardown_taskflow.py took 0.069 seconds
[2024-02-24T09:43:57.933+0000] {processor.py:161} INFO - Started process (PID=9465) to work on /home/airflow/.local/lib/python3.8/site-packages/airflow/example_dags/example_setup_teardown_taskflow.py
[2024-02-24T09:43:57.934+0000] {processor.py:830} INFO - Processing file /home/airflow/.local/lib/python3.8/site-packages/airflow/example_dags/example_setup_teardown_taskflow.py for tasks to queue
[2024-02-24T09:43:57.937+0000] {logging_mixin.py:188} INFO - [2024-02-24T09:43:57.936+0000] {dagbag.py:538} INFO - Filling up the DagBag from /home/airflow/.local/lib/python3.8/site-packages/airflow/example_dags/example_setup_teardown_taskflow.py
[2024-02-24T09:43:57.945+0000] {processor.py:840} INFO - DAG(s) 'example_setup_teardown_taskflow' retrieved from /home/airflow/.local/lib/python3.8/site-packages/airflow/example_dags/example_setup_teardown_taskflow.py
[2024-02-24T09:43:57.964+0000] {logging_mixin.py:188} INFO - [2024-02-24T09:43:57.964+0000] {dag.py:3033} INFO - Sync 1 DAGs
[2024-02-24T09:43:57.982+0000] {logging_mixin.py:188} INFO - [2024-02-24T09:43:57.982+0000] {dag.py:3820} INFO - Setting next_dagrun for example_setup_teardown_taskflow to 2024-02-23T00:00:00+00:00, run_after=2024-02-24T00:00:00+00:00
[2024-02-24T09:43:57.997+0000] {processor.py:183} INFO - Processing /home/airflow/.local/lib/python3.8/site-packages/airflow/example_dags/example_setup_teardown_taskflow.py took 0.067 seconds
[2024-02-24T09:44:28.846+0000] {processor.py:161} INFO - Started process (PID=9522) to work on /home/airflow/.local/lib/python3.8/site-packages/airflow/example_dags/example_setup_teardown_taskflow.py
[2024-02-24T09:44:28.847+0000] {processor.py:830} INFO - Processing file /home/airflow/.local/lib/python3.8/site-packages/airflow/example_dags/example_setup_teardown_taskflow.py for tasks to queue
[2024-02-24T09:44:28.849+0000] {logging_mixin.py:188} INFO - [2024-02-24T09:44:28.849+0000] {dagbag.py:538} INFO - Filling up the DagBag from /home/airflow/.local/lib/python3.8/site-packages/airflow/example_dags/example_setup_teardown_taskflow.py
[2024-02-24T09:44:28.859+0000] {processor.py:840} INFO - DAG(s) 'example_setup_teardown_taskflow' retrieved from /home/airflow/.local/lib/python3.8/site-packages/airflow/example_dags/example_setup_teardown_taskflow.py
[2024-02-24T09:44:28.883+0000] {logging_mixin.py:188} INFO - [2024-02-24T09:44:28.882+0000] {dag.py:3033} INFO - Sync 1 DAGs
[2024-02-24T09:44:28.906+0000] {logging_mixin.py:188} INFO - [2024-02-24T09:44:28.905+0000] {dag.py:3820} INFO - Setting next_dagrun for example_setup_teardown_taskflow to 2024-02-23T00:00:00+00:00, run_after=2024-02-24T00:00:00+00:00
[2024-02-24T09:44:28.926+0000] {processor.py:183} INFO - Processing /home/airflow/.local/lib/python3.8/site-packages/airflow/example_dags/example_setup_teardown_taskflow.py took 0.083 seconds
[2024-02-24T09:44:59.484+0000] {processor.py:161} INFO - Started process (PID=9579) to work on /home/airflow/.local/lib/python3.8/site-packages/airflow/example_dags/example_setup_teardown_taskflow.py
[2024-02-24T09:44:59.484+0000] {processor.py:830} INFO - Processing file /home/airflow/.local/lib/python3.8/site-packages/airflow/example_dags/example_setup_teardown_taskflow.py for tasks to queue
[2024-02-24T09:44:59.487+0000] {logging_mixin.py:188} INFO - [2024-02-24T09:44:59.487+0000] {dagbag.py:538} INFO - Filling up the DagBag from /home/airflow/.local/lib/python3.8/site-packages/airflow/example_dags/example_setup_teardown_taskflow.py
[2024-02-24T09:44:59.496+0000] {processor.py:840} INFO - DAG(s) 'example_setup_teardown_taskflow' retrieved from /home/airflow/.local/lib/python3.8/site-packages/airflow/example_dags/example_setup_teardown_taskflow.py
[2024-02-24T09:44:59.515+0000] {logging_mixin.py:188} INFO - [2024-02-24T09:44:59.515+0000] {dag.py:3033} INFO - Sync 1 DAGs
[2024-02-24T09:44:59.534+0000] {logging_mixin.py:188} INFO - [2024-02-24T09:44:59.534+0000] {dag.py:3820} INFO - Setting next_dagrun for example_setup_teardown_taskflow to 2024-02-23T00:00:00+00:00, run_after=2024-02-24T00:00:00+00:00
[2024-02-24T09:44:59.550+0000] {processor.py:183} INFO - Processing /home/airflow/.local/lib/python3.8/site-packages/airflow/example_dags/example_setup_teardown_taskflow.py took 0.069 seconds
[2024-02-24T09:45:30.337+0000] {processor.py:161} INFO - Started process (PID=9636) to work on /home/airflow/.local/lib/python3.8/site-packages/airflow/example_dags/example_setup_teardown_taskflow.py
[2024-02-24T09:45:30.338+0000] {processor.py:830} INFO - Processing file /home/airflow/.local/lib/python3.8/site-packages/airflow/example_dags/example_setup_teardown_taskflow.py for tasks to queue
[2024-02-24T09:45:30.340+0000] {logging_mixin.py:188} INFO - [2024-02-24T09:45:30.340+0000] {dagbag.py:538} INFO - Filling up the DagBag from /home/airflow/.local/lib/python3.8/site-packages/airflow/example_dags/example_setup_teardown_taskflow.py
[2024-02-24T09:45:30.349+0000] {processor.py:840} INFO - DAG(s) 'example_setup_teardown_taskflow' retrieved from /home/airflow/.local/lib/python3.8/site-packages/airflow/example_dags/example_setup_teardown_taskflow.py
[2024-02-24T09:45:30.369+0000] {logging_mixin.py:188} INFO - [2024-02-24T09:45:30.368+0000] {dag.py:3033} INFO - Sync 1 DAGs
[2024-02-24T09:45:30.387+0000] {logging_mixin.py:188} INFO - [2024-02-24T09:45:30.387+0000] {dag.py:3820} INFO - Setting next_dagrun for example_setup_teardown_taskflow to 2024-02-23T00:00:00+00:00, run_after=2024-02-24T00:00:00+00:00
[2024-02-24T09:45:30.403+0000] {processor.py:183} INFO - Processing /home/airflow/.local/lib/python3.8/site-packages/airflow/example_dags/example_setup_teardown_taskflow.py took 0.069 seconds
[2024-02-24T09:46:01.260+0000] {processor.py:161} INFO - Started process (PID=9693) to work on /home/airflow/.local/lib/python3.8/site-packages/airflow/example_dags/example_setup_teardown_taskflow.py
[2024-02-24T09:46:01.261+0000] {processor.py:830} INFO - Processing file /home/airflow/.local/lib/python3.8/site-packages/airflow/example_dags/example_setup_teardown_taskflow.py for tasks to queue
[2024-02-24T09:46:01.263+0000] {logging_mixin.py:188} INFO - [2024-02-24T09:46:01.263+0000] {dagbag.py:538} INFO - Filling up the DagBag from /home/airflow/.local/lib/python3.8/site-packages/airflow/example_dags/example_setup_teardown_taskflow.py
[2024-02-24T09:46:01.273+0000] {processor.py:840} INFO - DAG(s) 'example_setup_teardown_taskflow' retrieved from /home/airflow/.local/lib/python3.8/site-packages/airflow/example_dags/example_setup_teardown_taskflow.py
[2024-02-24T09:46:01.292+0000] {logging_mixin.py:188} INFO - [2024-02-24T09:46:01.292+0000] {dag.py:3033} INFO - Sync 1 DAGs
[2024-02-24T09:46:01.312+0000] {logging_mixin.py:188} INFO - [2024-02-24T09:46:01.312+0000] {dag.py:3820} INFO - Setting next_dagrun for example_setup_teardown_taskflow to 2024-02-23T00:00:00+00:00, run_after=2024-02-24T00:00:00+00:00
[2024-02-24T09:46:01.328+0000] {processor.py:183} INFO - Processing /home/airflow/.local/lib/python3.8/site-packages/airflow/example_dags/example_setup_teardown_taskflow.py took 0.072 seconds
[2024-02-24T09:46:31.973+0000] {processor.py:161} INFO - Started process (PID=9750) to work on /home/airflow/.local/lib/python3.8/site-packages/airflow/example_dags/example_setup_teardown_taskflow.py
[2024-02-24T09:46:31.974+0000] {processor.py:830} INFO - Processing file /home/airflow/.local/lib/python3.8/site-packages/airflow/example_dags/example_setup_teardown_taskflow.py for tasks to queue
[2024-02-24T09:46:31.976+0000] {logging_mixin.py:188} INFO - [2024-02-24T09:46:31.976+0000] {dagbag.py:538} INFO - Filling up the DagBag from /home/airflow/.local/lib/python3.8/site-packages/airflow/example_dags/example_setup_teardown_taskflow.py
[2024-02-24T09:46:31.985+0000] {processor.py:840} INFO - DAG(s) 'example_setup_teardown_taskflow' retrieved from /home/airflow/.local/lib/python3.8/site-packages/airflow/example_dags/example_setup_teardown_taskflow.py
[2024-02-24T09:46:32.005+0000] {logging_mixin.py:188} INFO - [2024-02-24T09:46:32.004+0000] {dag.py:3033} INFO - Sync 1 DAGs
[2024-02-24T09:46:32.025+0000] {logging_mixin.py:188} INFO - [2024-02-24T09:46:32.024+0000] {dag.py:3820} INFO - Setting next_dagrun for example_setup_teardown_taskflow to 2024-02-23T00:00:00+00:00, run_after=2024-02-24T00:00:00+00:00
[2024-02-24T09:46:32.044+0000] {processor.py:183} INFO - Processing /home/airflow/.local/lib/python3.8/site-packages/airflow/example_dags/example_setup_teardown_taskflow.py took 0.074 seconds
[2024-02-24T09:47:02.809+0000] {processor.py:161} INFO - Started process (PID=9807) to work on /home/airflow/.local/lib/python3.8/site-packages/airflow/example_dags/example_setup_teardown_taskflow.py
[2024-02-24T09:47:02.810+0000] {processor.py:830} INFO - Processing file /home/airflow/.local/lib/python3.8/site-packages/airflow/example_dags/example_setup_teardown_taskflow.py for tasks to queue
[2024-02-24T09:47:02.812+0000] {logging_mixin.py:188} INFO - [2024-02-24T09:47:02.812+0000] {dagbag.py:538} INFO - Filling up the DagBag from /home/airflow/.local/lib/python3.8/site-packages/airflow/example_dags/example_setup_teardown_taskflow.py
[2024-02-24T09:47:02.822+0000] {processor.py:840} INFO - DAG(s) 'example_setup_teardown_taskflow' retrieved from /home/airflow/.local/lib/python3.8/site-packages/airflow/example_dags/example_setup_teardown_taskflow.py
[2024-02-24T09:47:02.841+0000] {logging_mixin.py:188} INFO - [2024-02-24T09:47:02.841+0000] {dag.py:3033} INFO - Sync 1 DAGs
[2024-02-24T09:47:02.859+0000] {logging_mixin.py:188} INFO - [2024-02-24T09:47:02.859+0000] {dag.py:3820} INFO - Setting next_dagrun for example_setup_teardown_taskflow to 2024-02-23T00:00:00+00:00, run_after=2024-02-24T00:00:00+00:00
[2024-02-24T09:47:02.877+0000] {processor.py:183} INFO - Processing /home/airflow/.local/lib/python3.8/site-packages/airflow/example_dags/example_setup_teardown_taskflow.py took 0.071 seconds
[2024-02-24T09:47:33.611+0000] {processor.py:161} INFO - Started process (PID=9864) to work on /home/airflow/.local/lib/python3.8/site-packages/airflow/example_dags/example_setup_teardown_taskflow.py
[2024-02-24T09:47:33.611+0000] {processor.py:830} INFO - Processing file /home/airflow/.local/lib/python3.8/site-packages/airflow/example_dags/example_setup_teardown_taskflow.py for tasks to queue
[2024-02-24T09:47:33.614+0000] {logging_mixin.py:188} INFO - [2024-02-24T09:47:33.614+0000] {dagbag.py:538} INFO - Filling up the DagBag from /home/airflow/.local/lib/python3.8/site-packages/airflow/example_dags/example_setup_teardown_taskflow.py
[2024-02-24T09:47:33.623+0000] {processor.py:840} INFO - DAG(s) 'example_setup_teardown_taskflow' retrieved from /home/airflow/.local/lib/python3.8/site-packages/airflow/example_dags/example_setup_teardown_taskflow.py
[2024-02-24T09:47:33.644+0000] {logging_mixin.py:188} INFO - [2024-02-24T09:47:33.643+0000] {dag.py:3033} INFO - Sync 1 DAGs
[2024-02-24T09:47:33.662+0000] {logging_mixin.py:188} INFO - [2024-02-24T09:47:33.662+0000] {dag.py:3820} INFO - Setting next_dagrun for example_setup_teardown_taskflow to 2024-02-23T00:00:00+00:00, run_after=2024-02-24T00:00:00+00:00
[2024-02-24T09:47:33.678+0000] {processor.py:183} INFO - Processing /home/airflow/.local/lib/python3.8/site-packages/airflow/example_dags/example_setup_teardown_taskflow.py took 0.071 seconds
[2024-02-24T09:48:04.633+0000] {processor.py:161} INFO - Started process (PID=9921) to work on /home/airflow/.local/lib/python3.8/site-packages/airflow/example_dags/example_setup_teardown_taskflow.py
[2024-02-24T09:48:04.634+0000] {processor.py:830} INFO - Processing file /home/airflow/.local/lib/python3.8/site-packages/airflow/example_dags/example_setup_teardown_taskflow.py for tasks to queue
[2024-02-24T09:48:04.638+0000] {logging_mixin.py:188} INFO - [2024-02-24T09:48:04.637+0000] {dagbag.py:538} INFO - Filling up the DagBag from /home/airflow/.local/lib/python3.8/site-packages/airflow/example_dags/example_setup_teardown_taskflow.py
[2024-02-24T09:48:04.651+0000] {processor.py:840} INFO - DAG(s) 'example_setup_teardown_taskflow' retrieved from /home/airflow/.local/lib/python3.8/site-packages/airflow/example_dags/example_setup_teardown_taskflow.py
[2024-02-24T09:48:04.679+0000] {logging_mixin.py:188} INFO - [2024-02-24T09:48:04.678+0000] {dag.py:3033} INFO - Sync 1 DAGs
[2024-02-24T09:48:04.705+0000] {logging_mixin.py:188} INFO - [2024-02-24T09:48:04.705+0000] {dag.py:3820} INFO - Setting next_dagrun for example_setup_teardown_taskflow to 2024-02-23T00:00:00+00:00, run_after=2024-02-24T00:00:00+00:00
[2024-02-24T09:48:04.727+0000] {processor.py:183} INFO - Processing /home/airflow/.local/lib/python3.8/site-packages/airflow/example_dags/example_setup_teardown_taskflow.py took 0.098 seconds
[2024-02-24T09:48:35.073+0000] {processor.py:161} INFO - Started process (PID=9978) to work on /home/airflow/.local/lib/python3.8/site-packages/airflow/example_dags/example_setup_teardown_taskflow.py
[2024-02-24T09:48:35.074+0000] {processor.py:830} INFO - Processing file /home/airflow/.local/lib/python3.8/site-packages/airflow/example_dags/example_setup_teardown_taskflow.py for tasks to queue
[2024-02-24T09:48:35.077+0000] {logging_mixin.py:188} INFO - [2024-02-24T09:48:35.077+0000] {dagbag.py:538} INFO - Filling up the DagBag from /home/airflow/.local/lib/python3.8/site-packages/airflow/example_dags/example_setup_teardown_taskflow.py
[2024-02-24T09:48:35.089+0000] {processor.py:840} INFO - DAG(s) 'example_setup_teardown_taskflow' retrieved from /home/airflow/.local/lib/python3.8/site-packages/airflow/example_dags/example_setup_teardown_taskflow.py
[2024-02-24T09:48:35.113+0000] {logging_mixin.py:188} INFO - [2024-02-24T09:48:35.112+0000] {dag.py:3033} INFO - Sync 1 DAGs
[2024-02-24T09:48:35.143+0000] {logging_mixin.py:188} INFO - [2024-02-24T09:48:35.143+0000] {dag.py:3820} INFO - Setting next_dagrun for example_setup_teardown_taskflow to 2024-02-23T00:00:00+00:00, run_after=2024-02-24T00:00:00+00:00
[2024-02-24T09:48:35.163+0000] {processor.py:183} INFO - Processing /home/airflow/.local/lib/python3.8/site-packages/airflow/example_dags/example_setup_teardown_taskflow.py took 0.093 seconds
[2024-02-24T09:49:05.632+0000] {processor.py:161} INFO - Started process (PID=10035) to work on /home/airflow/.local/lib/python3.8/site-packages/airflow/example_dags/example_setup_teardown_taskflow.py
[2024-02-24T09:49:05.633+0000] {processor.py:830} INFO - Processing file /home/airflow/.local/lib/python3.8/site-packages/airflow/example_dags/example_setup_teardown_taskflow.py for tasks to queue
[2024-02-24T09:49:05.636+0000] {logging_mixin.py:188} INFO - [2024-02-24T09:49:05.636+0000] {dagbag.py:538} INFO - Filling up the DagBag from /home/airflow/.local/lib/python3.8/site-packages/airflow/example_dags/example_setup_teardown_taskflow.py
[2024-02-24T09:49:05.650+0000] {processor.py:840} INFO - DAG(s) 'example_setup_teardown_taskflow' retrieved from /home/airflow/.local/lib/python3.8/site-packages/airflow/example_dags/example_setup_teardown_taskflow.py
[2024-02-24T09:49:05.681+0000] {logging_mixin.py:188} INFO - [2024-02-24T09:49:05.681+0000] {dag.py:3033} INFO - Sync 1 DAGs
[2024-02-24T09:49:05.720+0000] {logging_mixin.py:188} INFO - [2024-02-24T09:49:05.719+0000] {dag.py:3820} INFO - Setting next_dagrun for example_setup_teardown_taskflow to 2024-02-23T00:00:00+00:00, run_after=2024-02-24T00:00:00+00:00
[2024-02-24T09:49:05.756+0000] {processor.py:183} INFO - Processing /home/airflow/.local/lib/python3.8/site-packages/airflow/example_dags/example_setup_teardown_taskflow.py took 0.130 seconds
