[2024-02-24T09:35:45.182+0000] {processor.py:161} INFO - Started process (PID=8532) to work on /home/airflow/.local/lib/python3.8/site-packages/airflow/example_dags/example_python_operator.py
[2024-02-24T09:35:45.183+0000] {processor.py:830} INFO - Processing file /home/airflow/.local/lib/python3.8/site-packages/airflow/example_dags/example_python_operator.py for tasks to queue
[2024-02-24T09:35:45.187+0000] {logging_mixin.py:188} INFO - [2024-02-24T09:35:45.186+0000] {dagbag.py:538} INFO - Filling up the DagBag from /home/airflow/.local/lib/python3.8/site-packages/airflow/example_dags/example_python_operator.py
[2024-02-24T09:35:45.199+0000] {processor.py:840} INFO - DAG(s) 'example_python_operator' retrieved from /home/airflow/.local/lib/python3.8/site-packages/airflow/example_dags/example_python_operator.py
[2024-02-24T09:35:45.227+0000] {logging_mixin.py:188} INFO - [2024-02-24T09:35:45.226+0000] {dag.py:3033} INFO - Sync 1 DAGs
[2024-02-24T09:35:45.241+0000] {logging_mixin.py:188} INFO - [2024-02-24T09:35:45.241+0000] {dag.py:3820} INFO - Setting next_dagrun for example_python_operator to None, run_after=None
[2024-02-24T09:35:45.270+0000] {processor.py:183} INFO - Processing /home/airflow/.local/lib/python3.8/site-packages/airflow/example_dags/example_python_operator.py took 0.092 seconds
[2024-02-24T09:36:15.340+0000] {processor.py:161} INFO - Started process (PID=8589) to work on /home/airflow/.local/lib/python3.8/site-packages/airflow/example_dags/example_python_operator.py
[2024-02-24T09:36:15.341+0000] {processor.py:830} INFO - Processing file /home/airflow/.local/lib/python3.8/site-packages/airflow/example_dags/example_python_operator.py for tasks to queue
[2024-02-24T09:36:15.343+0000] {logging_mixin.py:188} INFO - [2024-02-24T09:36:15.343+0000] {dagbag.py:538} INFO - Filling up the DagBag from /home/airflow/.local/lib/python3.8/site-packages/airflow/example_dags/example_python_operator.py
[2024-02-24T09:36:15.354+0000] {processor.py:840} INFO - DAG(s) 'example_python_operator' retrieved from /home/airflow/.local/lib/python3.8/site-packages/airflow/example_dags/example_python_operator.py
[2024-02-24T09:36:15.374+0000] {logging_mixin.py:188} INFO - [2024-02-24T09:36:15.374+0000] {dag.py:3033} INFO - Sync 1 DAGs
[2024-02-24T09:36:15.386+0000] {logging_mixin.py:188} INFO - [2024-02-24T09:36:15.386+0000] {dag.py:3820} INFO - Setting next_dagrun for example_python_operator to None, run_after=None
[2024-02-24T09:36:15.403+0000] {processor.py:183} INFO - Processing /home/airflow/.local/lib/python3.8/site-packages/airflow/example_dags/example_python_operator.py took 0.066 seconds
[2024-02-24T09:36:45.973+0000] {processor.py:161} INFO - Started process (PID=8646) to work on /home/airflow/.local/lib/python3.8/site-packages/airflow/example_dags/example_python_operator.py
[2024-02-24T09:36:45.974+0000] {processor.py:830} INFO - Processing file /home/airflow/.local/lib/python3.8/site-packages/airflow/example_dags/example_python_operator.py for tasks to queue
[2024-02-24T09:36:45.976+0000] {logging_mixin.py:188} INFO - [2024-02-24T09:36:45.976+0000] {dagbag.py:538} INFO - Filling up the DagBag from /home/airflow/.local/lib/python3.8/site-packages/airflow/example_dags/example_python_operator.py
[2024-02-24T09:36:45.988+0000] {processor.py:840} INFO - DAG(s) 'example_python_operator' retrieved from /home/airflow/.local/lib/python3.8/site-packages/airflow/example_dags/example_python_operator.py
[2024-02-24T09:36:46.013+0000] {logging_mixin.py:188} INFO - [2024-02-24T09:36:46.013+0000] {dag.py:3033} INFO - Sync 1 DAGs
[2024-02-24T09:36:46.028+0000] {logging_mixin.py:188} INFO - [2024-02-24T09:36:46.027+0000] {dag.py:3820} INFO - Setting next_dagrun for example_python_operator to None, run_after=None
[2024-02-24T09:36:46.049+0000] {processor.py:183} INFO - Processing /home/airflow/.local/lib/python3.8/site-packages/airflow/example_dags/example_python_operator.py took 0.080 seconds
[2024-02-24T09:37:16.216+0000] {processor.py:161} INFO - Started process (PID=8703) to work on /home/airflow/.local/lib/python3.8/site-packages/airflow/example_dags/example_python_operator.py
[2024-02-24T09:37:16.217+0000] {processor.py:830} INFO - Processing file /home/airflow/.local/lib/python3.8/site-packages/airflow/example_dags/example_python_operator.py for tasks to queue
[2024-02-24T09:37:16.219+0000] {logging_mixin.py:188} INFO - [2024-02-24T09:37:16.219+0000] {dagbag.py:538} INFO - Filling up the DagBag from /home/airflow/.local/lib/python3.8/site-packages/airflow/example_dags/example_python_operator.py
[2024-02-24T09:37:16.229+0000] {processor.py:840} INFO - DAG(s) 'example_python_operator' retrieved from /home/airflow/.local/lib/python3.8/site-packages/airflow/example_dags/example_python_operator.py
[2024-02-24T09:37:16.248+0000] {logging_mixin.py:188} INFO - [2024-02-24T09:37:16.248+0000] {dag.py:3033} INFO - Sync 1 DAGs
[2024-02-24T09:37:16.260+0000] {logging_mixin.py:188} INFO - [2024-02-24T09:37:16.260+0000] {dag.py:3820} INFO - Setting next_dagrun for example_python_operator to None, run_after=None
[2024-02-24T09:37:16.276+0000] {processor.py:183} INFO - Processing /home/airflow/.local/lib/python3.8/site-packages/airflow/example_dags/example_python_operator.py took 0.063 seconds
[2024-02-24T09:37:46.715+0000] {processor.py:161} INFO - Started process (PID=8760) to work on /home/airflow/.local/lib/python3.8/site-packages/airflow/example_dags/example_python_operator.py
[2024-02-24T09:37:46.716+0000] {processor.py:830} INFO - Processing file /home/airflow/.local/lib/python3.8/site-packages/airflow/example_dags/example_python_operator.py for tasks to queue
[2024-02-24T09:37:46.719+0000] {logging_mixin.py:188} INFO - [2024-02-24T09:37:46.719+0000] {dagbag.py:538} INFO - Filling up the DagBag from /home/airflow/.local/lib/python3.8/site-packages/airflow/example_dags/example_python_operator.py
[2024-02-24T09:37:46.734+0000] {processor.py:840} INFO - DAG(s) 'example_python_operator' retrieved from /home/airflow/.local/lib/python3.8/site-packages/airflow/example_dags/example_python_operator.py
[2024-02-24T09:37:46.759+0000] {logging_mixin.py:188} INFO - [2024-02-24T09:37:46.759+0000] {dag.py:3033} INFO - Sync 1 DAGs
[2024-02-24T09:37:46.774+0000] {logging_mixin.py:188} INFO - [2024-02-24T09:37:46.774+0000] {dag.py:3820} INFO - Setting next_dagrun for example_python_operator to None, run_after=None
[2024-02-24T09:37:46.797+0000] {processor.py:183} INFO - Processing /home/airflow/.local/lib/python3.8/site-packages/airflow/example_dags/example_python_operator.py took 0.085 seconds
[2024-02-24T09:38:16.954+0000] {processor.py:161} INFO - Started process (PID=8818) to work on /home/airflow/.local/lib/python3.8/site-packages/airflow/example_dags/example_python_operator.py
[2024-02-24T09:38:16.955+0000] {processor.py:830} INFO - Processing file /home/airflow/.local/lib/python3.8/site-packages/airflow/example_dags/example_python_operator.py for tasks to queue
[2024-02-24T09:38:16.958+0000] {logging_mixin.py:188} INFO - [2024-02-24T09:38:16.958+0000] {dagbag.py:538} INFO - Filling up the DagBag from /home/airflow/.local/lib/python3.8/site-packages/airflow/example_dags/example_python_operator.py
[2024-02-24T09:38:16.970+0000] {processor.py:840} INFO - DAG(s) 'example_python_operator' retrieved from /home/airflow/.local/lib/python3.8/site-packages/airflow/example_dags/example_python_operator.py
[2024-02-24T09:38:16.996+0000] {logging_mixin.py:188} INFO - [2024-02-24T09:38:16.995+0000] {dag.py:3033} INFO - Sync 1 DAGs
[2024-02-24T09:38:17.014+0000] {logging_mixin.py:188} INFO - [2024-02-24T09:38:17.014+0000] {dag.py:3820} INFO - Setting next_dagrun for example_python_operator to None, run_after=None
[2024-02-24T09:38:17.033+0000] {processor.py:183} INFO - Processing /home/airflow/.local/lib/python3.8/site-packages/airflow/example_dags/example_python_operator.py took 0.082 seconds
[2024-02-24T09:38:47.685+0000] {processor.py:161} INFO - Started process (PID=8874) to work on /home/airflow/.local/lib/python3.8/site-packages/airflow/example_dags/example_python_operator.py
[2024-02-24T09:38:47.686+0000] {processor.py:830} INFO - Processing file /home/airflow/.local/lib/python3.8/site-packages/airflow/example_dags/example_python_operator.py for tasks to queue
[2024-02-24T09:38:47.688+0000] {logging_mixin.py:188} INFO - [2024-02-24T09:38:47.688+0000] {dagbag.py:538} INFO - Filling up the DagBag from /home/airflow/.local/lib/python3.8/site-packages/airflow/example_dags/example_python_operator.py
[2024-02-24T09:38:47.702+0000] {processor.py:840} INFO - DAG(s) 'example_python_operator' retrieved from /home/airflow/.local/lib/python3.8/site-packages/airflow/example_dags/example_python_operator.py
[2024-02-24T09:38:47.725+0000] {logging_mixin.py:188} INFO - [2024-02-24T09:38:47.724+0000] {dag.py:3033} INFO - Sync 1 DAGs
[2024-02-24T09:38:47.740+0000] {logging_mixin.py:188} INFO - [2024-02-24T09:38:47.740+0000] {dag.py:3820} INFO - Setting next_dagrun for example_python_operator to None, run_after=None
[2024-02-24T09:38:47.761+0000] {processor.py:183} INFO - Processing /home/airflow/.local/lib/python3.8/site-packages/airflow/example_dags/example_python_operator.py took 0.081 seconds
[2024-02-24T09:39:18.029+0000] {processor.py:161} INFO - Started process (PID=8931) to work on /home/airflow/.local/lib/python3.8/site-packages/airflow/example_dags/example_python_operator.py
[2024-02-24T09:39:18.030+0000] {processor.py:830} INFO - Processing file /home/airflow/.local/lib/python3.8/site-packages/airflow/example_dags/example_python_operator.py for tasks to queue
[2024-02-24T09:39:18.032+0000] {logging_mixin.py:188} INFO - [2024-02-24T09:39:18.032+0000] {dagbag.py:538} INFO - Filling up the DagBag from /home/airflow/.local/lib/python3.8/site-packages/airflow/example_dags/example_python_operator.py
[2024-02-24T09:39:18.043+0000] {processor.py:840} INFO - DAG(s) 'example_python_operator' retrieved from /home/airflow/.local/lib/python3.8/site-packages/airflow/example_dags/example_python_operator.py
[2024-02-24T09:39:18.064+0000] {logging_mixin.py:188} INFO - [2024-02-24T09:39:18.063+0000] {dag.py:3033} INFO - Sync 1 DAGs
[2024-02-24T09:39:18.076+0000] {logging_mixin.py:188} INFO - [2024-02-24T09:39:18.076+0000] {dag.py:3820} INFO - Setting next_dagrun for example_python_operator to None, run_after=None
[2024-02-24T09:39:18.096+0000] {processor.py:183} INFO - Processing /home/airflow/.local/lib/python3.8/site-packages/airflow/example_dags/example_python_operator.py took 0.070 seconds
[2024-02-24T09:39:48.853+0000] {processor.py:161} INFO - Started process (PID=8988) to work on /home/airflow/.local/lib/python3.8/site-packages/airflow/example_dags/example_python_operator.py
[2024-02-24T09:39:48.854+0000] {processor.py:830} INFO - Processing file /home/airflow/.local/lib/python3.8/site-packages/airflow/example_dags/example_python_operator.py for tasks to queue
[2024-02-24T09:39:48.856+0000] {logging_mixin.py:188} INFO - [2024-02-24T09:39:48.856+0000] {dagbag.py:538} INFO - Filling up the DagBag from /home/airflow/.local/lib/python3.8/site-packages/airflow/example_dags/example_python_operator.py
[2024-02-24T09:39:48.866+0000] {processor.py:840} INFO - DAG(s) 'example_python_operator' retrieved from /home/airflow/.local/lib/python3.8/site-packages/airflow/example_dags/example_python_operator.py
[2024-02-24T09:39:48.886+0000] {logging_mixin.py:188} INFO - [2024-02-24T09:39:48.886+0000] {dag.py:3033} INFO - Sync 1 DAGs
[2024-02-24T09:39:48.898+0000] {logging_mixin.py:188} INFO - [2024-02-24T09:39:48.898+0000] {dag.py:3820} INFO - Setting next_dagrun for example_python_operator to None, run_after=None
[2024-02-24T09:39:48.915+0000] {processor.py:183} INFO - Processing /home/airflow/.local/lib/python3.8/site-packages/airflow/example_dags/example_python_operator.py took 0.064 seconds
[2024-02-24T09:40:20.155+0000] {processor.py:161} INFO - Started process (PID=9045) to work on /home/airflow/.local/lib/python3.8/site-packages/airflow/example_dags/example_python_operator.py
[2024-02-24T09:40:20.156+0000] {processor.py:830} INFO - Processing file /home/airflow/.local/lib/python3.8/site-packages/airflow/example_dags/example_python_operator.py for tasks to queue
[2024-02-24T09:40:20.159+0000] {logging_mixin.py:188} INFO - [2024-02-24T09:40:20.159+0000] {dagbag.py:538} INFO - Filling up the DagBag from /home/airflow/.local/lib/python3.8/site-packages/airflow/example_dags/example_python_operator.py
[2024-02-24T09:40:20.172+0000] {processor.py:840} INFO - DAG(s) 'example_python_operator' retrieved from /home/airflow/.local/lib/python3.8/site-packages/airflow/example_dags/example_python_operator.py
[2024-02-24T09:40:20.201+0000] {logging_mixin.py:188} INFO - [2024-02-24T09:40:20.200+0000] {dag.py:3033} INFO - Sync 1 DAGs
[2024-02-24T09:40:20.216+0000] {logging_mixin.py:188} INFO - [2024-02-24T09:40:20.216+0000] {dag.py:3820} INFO - Setting next_dagrun for example_python_operator to None, run_after=None
[2024-02-24T09:40:20.253+0000] {processor.py:183} INFO - Processing /home/airflow/.local/lib/python3.8/site-packages/airflow/example_dags/example_python_operator.py took 0.101 seconds
[2024-02-24T09:40:51.821+0000] {processor.py:161} INFO - Started process (PID=9102) to work on /home/airflow/.local/lib/python3.8/site-packages/airflow/example_dags/example_python_operator.py
[2024-02-24T09:40:51.822+0000] {processor.py:830} INFO - Processing file /home/airflow/.local/lib/python3.8/site-packages/airflow/example_dags/example_python_operator.py for tasks to queue
[2024-02-24T09:40:51.834+0000] {logging_mixin.py:188} INFO - [2024-02-24T09:40:51.834+0000] {dagbag.py:538} INFO - Filling up the DagBag from /home/airflow/.local/lib/python3.8/site-packages/airflow/example_dags/example_python_operator.py
[2024-02-24T09:40:51.868+0000] {processor.py:840} INFO - DAG(s) 'example_python_operator' retrieved from /home/airflow/.local/lib/python3.8/site-packages/airflow/example_dags/example_python_operator.py
[2024-02-24T09:40:51.938+0000] {logging_mixin.py:188} INFO - [2024-02-24T09:40:51.937+0000] {dag.py:3033} INFO - Sync 1 DAGs
[2024-02-24T09:40:51.986+0000] {logging_mixin.py:188} INFO - [2024-02-24T09:40:51.986+0000] {dag.py:3820} INFO - Setting next_dagrun for example_python_operator to None, run_after=None
[2024-02-24T09:40:52.035+0000] {processor.py:183} INFO - Processing /home/airflow/.local/lib/python3.8/site-packages/airflow/example_dags/example_python_operator.py took 0.219 seconds
[2024-02-24T09:41:22.104+0000] {processor.py:161} INFO - Started process (PID=9164) to work on /home/airflow/.local/lib/python3.8/site-packages/airflow/example_dags/example_python_operator.py
[2024-02-24T09:41:22.106+0000] {processor.py:830} INFO - Processing file /home/airflow/.local/lib/python3.8/site-packages/airflow/example_dags/example_python_operator.py for tasks to queue
[2024-02-24T09:41:22.109+0000] {logging_mixin.py:188} INFO - [2024-02-24T09:41:22.109+0000] {dagbag.py:538} INFO - Filling up the DagBag from /home/airflow/.local/lib/python3.8/site-packages/airflow/example_dags/example_python_operator.py
[2024-02-24T09:41:22.124+0000] {processor.py:840} INFO - DAG(s) 'example_python_operator' retrieved from /home/airflow/.local/lib/python3.8/site-packages/airflow/example_dags/example_python_operator.py
[2024-02-24T09:41:22.153+0000] {logging_mixin.py:188} INFO - [2024-02-24T09:41:22.152+0000] {dag.py:3033} INFO - Sync 1 DAGs
[2024-02-24T09:41:22.166+0000] {logging_mixin.py:188} INFO - [2024-02-24T09:41:22.166+0000] {dag.py:3820} INFO - Setting next_dagrun for example_python_operator to None, run_after=None
[2024-02-24T09:41:22.183+0000] {processor.py:183} INFO - Processing /home/airflow/.local/lib/python3.8/site-packages/airflow/example_dags/example_python_operator.py took 0.083 seconds
[2024-02-24T09:41:52.282+0000] {processor.py:161} INFO - Started process (PID=9221) to work on /home/airflow/.local/lib/python3.8/site-packages/airflow/example_dags/example_python_operator.py
[2024-02-24T09:41:52.282+0000] {processor.py:830} INFO - Processing file /home/airflow/.local/lib/python3.8/site-packages/airflow/example_dags/example_python_operator.py for tasks to queue
[2024-02-24T09:41:52.285+0000] {logging_mixin.py:188} INFO - [2024-02-24T09:41:52.285+0000] {dagbag.py:538} INFO - Filling up the DagBag from /home/airflow/.local/lib/python3.8/site-packages/airflow/example_dags/example_python_operator.py
[2024-02-24T09:41:52.295+0000] {processor.py:840} INFO - DAG(s) 'example_python_operator' retrieved from /home/airflow/.local/lib/python3.8/site-packages/airflow/example_dags/example_python_operator.py
[2024-02-24T09:41:52.314+0000] {logging_mixin.py:188} INFO - [2024-02-24T09:41:52.313+0000] {dag.py:3033} INFO - Sync 1 DAGs
[2024-02-24T09:41:52.325+0000] {logging_mixin.py:188} INFO - [2024-02-24T09:41:52.324+0000] {dag.py:3820} INFO - Setting next_dagrun for example_python_operator to None, run_after=None
[2024-02-24T09:41:52.339+0000] {processor.py:183} INFO - Processing /home/airflow/.local/lib/python3.8/site-packages/airflow/example_dags/example_python_operator.py took 0.061 seconds
[2024-02-24T09:42:22.933+0000] {processor.py:161} INFO - Started process (PID=9278) to work on /home/airflow/.local/lib/python3.8/site-packages/airflow/example_dags/example_python_operator.py
[2024-02-24T09:42:22.934+0000] {processor.py:830} INFO - Processing file /home/airflow/.local/lib/python3.8/site-packages/airflow/example_dags/example_python_operator.py for tasks to queue
[2024-02-24T09:42:22.936+0000] {logging_mixin.py:188} INFO - [2024-02-24T09:42:22.936+0000] {dagbag.py:538} INFO - Filling up the DagBag from /home/airflow/.local/lib/python3.8/site-packages/airflow/example_dags/example_python_operator.py
[2024-02-24T09:42:22.946+0000] {processor.py:840} INFO - DAG(s) 'example_python_operator' retrieved from /home/airflow/.local/lib/python3.8/site-packages/airflow/example_dags/example_python_operator.py
[2024-02-24T09:42:22.965+0000] {logging_mixin.py:188} INFO - [2024-02-24T09:42:22.964+0000] {dag.py:3033} INFO - Sync 1 DAGs
[2024-02-24T09:42:22.979+0000] {logging_mixin.py:188} INFO - [2024-02-24T09:42:22.978+0000] {dag.py:3820} INFO - Setting next_dagrun for example_python_operator to None, run_after=None
[2024-02-24T09:42:22.993+0000] {processor.py:183} INFO - Processing /home/airflow/.local/lib/python3.8/site-packages/airflow/example_dags/example_python_operator.py took 0.063 seconds
[2024-02-24T09:42:53.698+0000] {processor.py:161} INFO - Started process (PID=9335) to work on /home/airflow/.local/lib/python3.8/site-packages/airflow/example_dags/example_python_operator.py
[2024-02-24T09:42:53.699+0000] {processor.py:830} INFO - Processing file /home/airflow/.local/lib/python3.8/site-packages/airflow/example_dags/example_python_operator.py for tasks to queue
[2024-02-24T09:42:53.702+0000] {logging_mixin.py:188} INFO - [2024-02-24T09:42:53.701+0000] {dagbag.py:538} INFO - Filling up the DagBag from /home/airflow/.local/lib/python3.8/site-packages/airflow/example_dags/example_python_operator.py
[2024-02-24T09:42:53.712+0000] {processor.py:840} INFO - DAG(s) 'example_python_operator' retrieved from /home/airflow/.local/lib/python3.8/site-packages/airflow/example_dags/example_python_operator.py
[2024-02-24T09:42:53.731+0000] {logging_mixin.py:188} INFO - [2024-02-24T09:42:53.730+0000] {dag.py:3033} INFO - Sync 1 DAGs
[2024-02-24T09:42:53.741+0000] {logging_mixin.py:188} INFO - [2024-02-24T09:42:53.741+0000] {dag.py:3820} INFO - Setting next_dagrun for example_python_operator to None, run_after=None
[2024-02-24T09:42:53.757+0000] {processor.py:183} INFO - Processing /home/airflow/.local/lib/python3.8/site-packages/airflow/example_dags/example_python_operator.py took 0.062 seconds
[2024-02-24T09:43:24.383+0000] {processor.py:161} INFO - Started process (PID=9392) to work on /home/airflow/.local/lib/python3.8/site-packages/airflow/example_dags/example_python_operator.py
[2024-02-24T09:43:24.383+0000] {processor.py:830} INFO - Processing file /home/airflow/.local/lib/python3.8/site-packages/airflow/example_dags/example_python_operator.py for tasks to queue
[2024-02-24T09:43:24.386+0000] {logging_mixin.py:188} INFO - [2024-02-24T09:43:24.385+0000] {dagbag.py:538} INFO - Filling up the DagBag from /home/airflow/.local/lib/python3.8/site-packages/airflow/example_dags/example_python_operator.py
[2024-02-24T09:43:24.396+0000] {processor.py:840} INFO - DAG(s) 'example_python_operator' retrieved from /home/airflow/.local/lib/python3.8/site-packages/airflow/example_dags/example_python_operator.py
[2024-02-24T09:43:24.416+0000] {logging_mixin.py:188} INFO - [2024-02-24T09:43:24.416+0000] {dag.py:3033} INFO - Sync 1 DAGs
[2024-02-24T09:43:24.429+0000] {logging_mixin.py:188} INFO - [2024-02-24T09:43:24.429+0000] {dag.py:3820} INFO - Setting next_dagrun for example_python_operator to None, run_after=None
[2024-02-24T09:43:24.445+0000] {processor.py:183} INFO - Processing /home/airflow/.local/lib/python3.8/site-packages/airflow/example_dags/example_python_operator.py took 0.065 seconds
[2024-02-24T09:43:55.121+0000] {processor.py:161} INFO - Started process (PID=9449) to work on /home/airflow/.local/lib/python3.8/site-packages/airflow/example_dags/example_python_operator.py
[2024-02-24T09:43:55.122+0000] {processor.py:830} INFO - Processing file /home/airflow/.local/lib/python3.8/site-packages/airflow/example_dags/example_python_operator.py for tasks to queue
[2024-02-24T09:43:55.125+0000] {logging_mixin.py:188} INFO - [2024-02-24T09:43:55.124+0000] {dagbag.py:538} INFO - Filling up the DagBag from /home/airflow/.local/lib/python3.8/site-packages/airflow/example_dags/example_python_operator.py
[2024-02-24T09:43:55.135+0000] {processor.py:840} INFO - DAG(s) 'example_python_operator' retrieved from /home/airflow/.local/lib/python3.8/site-packages/airflow/example_dags/example_python_operator.py
[2024-02-24T09:43:55.154+0000] {logging_mixin.py:188} INFO - [2024-02-24T09:43:55.153+0000] {dag.py:3033} INFO - Sync 1 DAGs
[2024-02-24T09:43:55.165+0000] {logging_mixin.py:188} INFO - [2024-02-24T09:43:55.164+0000] {dag.py:3820} INFO - Setting next_dagrun for example_python_operator to None, run_after=None
[2024-02-24T09:43:55.180+0000] {processor.py:183} INFO - Processing /home/airflow/.local/lib/python3.8/site-packages/airflow/example_dags/example_python_operator.py took 0.062 seconds
[2024-02-24T09:44:25.982+0000] {processor.py:161} INFO - Started process (PID=9506) to work on /home/airflow/.local/lib/python3.8/site-packages/airflow/example_dags/example_python_operator.py
[2024-02-24T09:44:25.983+0000] {processor.py:830} INFO - Processing file /home/airflow/.local/lib/python3.8/site-packages/airflow/example_dags/example_python_operator.py for tasks to queue
[2024-02-24T09:44:25.985+0000] {logging_mixin.py:188} INFO - [2024-02-24T09:44:25.985+0000] {dagbag.py:538} INFO - Filling up the DagBag from /home/airflow/.local/lib/python3.8/site-packages/airflow/example_dags/example_python_operator.py
[2024-02-24T09:44:25.995+0000] {processor.py:840} INFO - DAG(s) 'example_python_operator' retrieved from /home/airflow/.local/lib/python3.8/site-packages/airflow/example_dags/example_python_operator.py
[2024-02-24T09:44:26.014+0000] {logging_mixin.py:188} INFO - [2024-02-24T09:44:26.013+0000] {dag.py:3033} INFO - Sync 1 DAGs
[2024-02-24T09:44:26.024+0000] {logging_mixin.py:188} INFO - [2024-02-24T09:44:26.024+0000] {dag.py:3820} INFO - Setting next_dagrun for example_python_operator to None, run_after=None
[2024-02-24T09:44:26.039+0000] {processor.py:183} INFO - Processing /home/airflow/.local/lib/python3.8/site-packages/airflow/example_dags/example_python_operator.py took 0.061 seconds
[2024-02-24T09:44:56.659+0000] {processor.py:161} INFO - Started process (PID=9563) to work on /home/airflow/.local/lib/python3.8/site-packages/airflow/example_dags/example_python_operator.py
[2024-02-24T09:44:56.660+0000] {processor.py:830} INFO - Processing file /home/airflow/.local/lib/python3.8/site-packages/airflow/example_dags/example_python_operator.py for tasks to queue
[2024-02-24T09:44:56.662+0000] {logging_mixin.py:188} INFO - [2024-02-24T09:44:56.662+0000] {dagbag.py:538} INFO - Filling up the DagBag from /home/airflow/.local/lib/python3.8/site-packages/airflow/example_dags/example_python_operator.py
[2024-02-24T09:44:56.673+0000] {processor.py:840} INFO - DAG(s) 'example_python_operator' retrieved from /home/airflow/.local/lib/python3.8/site-packages/airflow/example_dags/example_python_operator.py
[2024-02-24T09:44:56.693+0000] {logging_mixin.py:188} INFO - [2024-02-24T09:44:56.693+0000] {dag.py:3033} INFO - Sync 1 DAGs
[2024-02-24T09:44:56.704+0000] {logging_mixin.py:188} INFO - [2024-02-24T09:44:56.704+0000] {dag.py:3820} INFO - Setting next_dagrun for example_python_operator to None, run_after=None
[2024-02-24T09:44:56.720+0000] {processor.py:183} INFO - Processing /home/airflow/.local/lib/python3.8/site-packages/airflow/example_dags/example_python_operator.py took 0.064 seconds
[2024-02-24T09:45:27.425+0000] {processor.py:161} INFO - Started process (PID=9620) to work on /home/airflow/.local/lib/python3.8/site-packages/airflow/example_dags/example_python_operator.py
[2024-02-24T09:45:27.426+0000] {processor.py:830} INFO - Processing file /home/airflow/.local/lib/python3.8/site-packages/airflow/example_dags/example_python_operator.py for tasks to queue
[2024-02-24T09:45:27.428+0000] {logging_mixin.py:188} INFO - [2024-02-24T09:45:27.427+0000] {dagbag.py:538} INFO - Filling up the DagBag from /home/airflow/.local/lib/python3.8/site-packages/airflow/example_dags/example_python_operator.py
[2024-02-24T09:45:27.438+0000] {processor.py:840} INFO - DAG(s) 'example_python_operator' retrieved from /home/airflow/.local/lib/python3.8/site-packages/airflow/example_dags/example_python_operator.py
[2024-02-24T09:45:27.457+0000] {logging_mixin.py:188} INFO - [2024-02-24T09:45:27.456+0000] {dag.py:3033} INFO - Sync 1 DAGs
[2024-02-24T09:45:27.468+0000] {logging_mixin.py:188} INFO - [2024-02-24T09:45:27.468+0000] {dag.py:3820} INFO - Setting next_dagrun for example_python_operator to None, run_after=None
[2024-02-24T09:45:27.485+0000] {processor.py:183} INFO - Processing /home/airflow/.local/lib/python3.8/site-packages/airflow/example_dags/example_python_operator.py took 0.063 seconds
[2024-02-24T09:45:58.338+0000] {processor.py:161} INFO - Started process (PID=9677) to work on /home/airflow/.local/lib/python3.8/site-packages/airflow/example_dags/example_python_operator.py
[2024-02-24T09:45:58.339+0000] {processor.py:830} INFO - Processing file /home/airflow/.local/lib/python3.8/site-packages/airflow/example_dags/example_python_operator.py for tasks to queue
[2024-02-24T09:45:58.341+0000] {logging_mixin.py:188} INFO - [2024-02-24T09:45:58.341+0000] {dagbag.py:538} INFO - Filling up the DagBag from /home/airflow/.local/lib/python3.8/site-packages/airflow/example_dags/example_python_operator.py
[2024-02-24T09:45:58.353+0000] {processor.py:840} INFO - DAG(s) 'example_python_operator' retrieved from /home/airflow/.local/lib/python3.8/site-packages/airflow/example_dags/example_python_operator.py
[2024-02-24T09:45:58.373+0000] {logging_mixin.py:188} INFO - [2024-02-24T09:45:58.372+0000] {dag.py:3033} INFO - Sync 1 DAGs
[2024-02-24T09:45:58.384+0000] {logging_mixin.py:188} INFO - [2024-02-24T09:45:58.384+0000] {dag.py:3820} INFO - Setting next_dagrun for example_python_operator to None, run_after=None
[2024-02-24T09:45:58.402+0000] {processor.py:183} INFO - Processing /home/airflow/.local/lib/python3.8/site-packages/airflow/example_dags/example_python_operator.py took 0.067 seconds
[2024-02-24T09:46:29.189+0000] {processor.py:161} INFO - Started process (PID=9734) to work on /home/airflow/.local/lib/python3.8/site-packages/airflow/example_dags/example_python_operator.py
[2024-02-24T09:46:29.190+0000] {processor.py:830} INFO - Processing file /home/airflow/.local/lib/python3.8/site-packages/airflow/example_dags/example_python_operator.py for tasks to queue
[2024-02-24T09:46:29.192+0000] {logging_mixin.py:188} INFO - [2024-02-24T09:46:29.192+0000] {dagbag.py:538} INFO - Filling up the DagBag from /home/airflow/.local/lib/python3.8/site-packages/airflow/example_dags/example_python_operator.py
[2024-02-24T09:46:29.203+0000] {processor.py:840} INFO - DAG(s) 'example_python_operator' retrieved from /home/airflow/.local/lib/python3.8/site-packages/airflow/example_dags/example_python_operator.py
[2024-02-24T09:46:29.224+0000] {logging_mixin.py:188} INFO - [2024-02-24T09:46:29.224+0000] {dag.py:3033} INFO - Sync 1 DAGs
[2024-02-24T09:46:29.236+0000] {logging_mixin.py:188} INFO - [2024-02-24T09:46:29.236+0000] {dag.py:3820} INFO - Setting next_dagrun for example_python_operator to None, run_after=None
[2024-02-24T09:46:29.254+0000] {processor.py:183} INFO - Processing /home/airflow/.local/lib/python3.8/site-packages/airflow/example_dags/example_python_operator.py took 0.068 seconds
[2024-02-24T09:47:00.001+0000] {processor.py:161} INFO - Started process (PID=9791) to work on /home/airflow/.local/lib/python3.8/site-packages/airflow/example_dags/example_python_operator.py
[2024-02-24T09:47:00.002+0000] {processor.py:830} INFO - Processing file /home/airflow/.local/lib/python3.8/site-packages/airflow/example_dags/example_python_operator.py for tasks to queue
[2024-02-24T09:47:00.005+0000] {logging_mixin.py:188} INFO - [2024-02-24T09:47:00.004+0000] {dagbag.py:538} INFO - Filling up the DagBag from /home/airflow/.local/lib/python3.8/site-packages/airflow/example_dags/example_python_operator.py
[2024-02-24T09:47:00.016+0000] {processor.py:840} INFO - DAG(s) 'example_python_operator' retrieved from /home/airflow/.local/lib/python3.8/site-packages/airflow/example_dags/example_python_operator.py
[2024-02-24T09:47:00.037+0000] {logging_mixin.py:188} INFO - [2024-02-24T09:47:00.037+0000] {dag.py:3033} INFO - Sync 1 DAGs
[2024-02-24T09:47:00.049+0000] {logging_mixin.py:188} INFO - [2024-02-24T09:47:00.049+0000] {dag.py:3820} INFO - Setting next_dagrun for example_python_operator to None, run_after=None
[2024-02-24T09:47:00.067+0000] {processor.py:183} INFO - Processing /home/airflow/.local/lib/python3.8/site-packages/airflow/example_dags/example_python_operator.py took 0.069 seconds
[2024-02-24T09:47:30.759+0000] {processor.py:161} INFO - Started process (PID=9848) to work on /home/airflow/.local/lib/python3.8/site-packages/airflow/example_dags/example_python_operator.py
[2024-02-24T09:47:30.760+0000] {processor.py:830} INFO - Processing file /home/airflow/.local/lib/python3.8/site-packages/airflow/example_dags/example_python_operator.py for tasks to queue
[2024-02-24T09:47:30.763+0000] {logging_mixin.py:188} INFO - [2024-02-24T09:47:30.762+0000] {dagbag.py:538} INFO - Filling up the DagBag from /home/airflow/.local/lib/python3.8/site-packages/airflow/example_dags/example_python_operator.py
[2024-02-24T09:47:30.773+0000] {processor.py:840} INFO - DAG(s) 'example_python_operator' retrieved from /home/airflow/.local/lib/python3.8/site-packages/airflow/example_dags/example_python_operator.py
[2024-02-24T09:47:30.793+0000] {logging_mixin.py:188} INFO - [2024-02-24T09:47:30.792+0000] {dag.py:3033} INFO - Sync 1 DAGs
[2024-02-24T09:47:30.804+0000] {logging_mixin.py:188} INFO - [2024-02-24T09:47:30.804+0000] {dag.py:3820} INFO - Setting next_dagrun for example_python_operator to None, run_after=None
[2024-02-24T09:47:30.818+0000] {processor.py:183} INFO - Processing /home/airflow/.local/lib/python3.8/site-packages/airflow/example_dags/example_python_operator.py took 0.062 seconds
[2024-02-24T09:48:01.702+0000] {processor.py:161} INFO - Started process (PID=9905) to work on /home/airflow/.local/lib/python3.8/site-packages/airflow/example_dags/example_python_operator.py
[2024-02-24T09:48:01.704+0000] {processor.py:830} INFO - Processing file /home/airflow/.local/lib/python3.8/site-packages/airflow/example_dags/example_python_operator.py for tasks to queue
[2024-02-24T09:48:01.707+0000] {logging_mixin.py:188} INFO - [2024-02-24T09:48:01.707+0000] {dagbag.py:538} INFO - Filling up the DagBag from /home/airflow/.local/lib/python3.8/site-packages/airflow/example_dags/example_python_operator.py
[2024-02-24T09:48:01.724+0000] {processor.py:840} INFO - DAG(s) 'example_python_operator' retrieved from /home/airflow/.local/lib/python3.8/site-packages/airflow/example_dags/example_python_operator.py
[2024-02-24T09:48:01.755+0000] {logging_mixin.py:188} INFO - [2024-02-24T09:48:01.755+0000] {dag.py:3033} INFO - Sync 1 DAGs
[2024-02-24T09:48:01.775+0000] {logging_mixin.py:188} INFO - [2024-02-24T09:48:01.774+0000] {dag.py:3820} INFO - Setting next_dagrun for example_python_operator to None, run_after=None
[2024-02-24T09:48:01.797+0000] {processor.py:183} INFO - Processing /home/airflow/.local/lib/python3.8/site-packages/airflow/example_dags/example_python_operator.py took 0.100 seconds
[2024-02-24T09:48:31.988+0000] {processor.py:161} INFO - Started process (PID=9962) to work on /home/airflow/.local/lib/python3.8/site-packages/airflow/example_dags/example_python_operator.py
[2024-02-24T09:48:31.989+0000] {processor.py:830} INFO - Processing file /home/airflow/.local/lib/python3.8/site-packages/airflow/example_dags/example_python_operator.py for tasks to queue
[2024-02-24T09:48:31.992+0000] {logging_mixin.py:188} INFO - [2024-02-24T09:48:31.992+0000] {dagbag.py:538} INFO - Filling up the DagBag from /home/airflow/.local/lib/python3.8/site-packages/airflow/example_dags/example_python_operator.py
[2024-02-24T09:48:32.005+0000] {processor.py:840} INFO - DAG(s) 'example_python_operator' retrieved from /home/airflow/.local/lib/python3.8/site-packages/airflow/example_dags/example_python_operator.py
[2024-02-24T09:48:32.031+0000] {logging_mixin.py:188} INFO - [2024-02-24T09:48:32.030+0000] {dag.py:3033} INFO - Sync 1 DAGs
[2024-02-24T09:48:32.046+0000] {logging_mixin.py:188} INFO - [2024-02-24T09:48:32.045+0000] {dag.py:3820} INFO - Setting next_dagrun for example_python_operator to None, run_after=None
[2024-02-24T09:48:32.066+0000] {processor.py:183} INFO - Processing /home/airflow/.local/lib/python3.8/site-packages/airflow/example_dags/example_python_operator.py took 0.081 seconds
[2024-02-24T09:49:02.547+0000] {processor.py:161} INFO - Started process (PID=10019) to work on /home/airflow/.local/lib/python3.8/site-packages/airflow/example_dags/example_python_operator.py
[2024-02-24T09:49:02.548+0000] {processor.py:830} INFO - Processing file /home/airflow/.local/lib/python3.8/site-packages/airflow/example_dags/example_python_operator.py for tasks to queue
[2024-02-24T09:49:02.550+0000] {logging_mixin.py:188} INFO - [2024-02-24T09:49:02.550+0000] {dagbag.py:538} INFO - Filling up the DagBag from /home/airflow/.local/lib/python3.8/site-packages/airflow/example_dags/example_python_operator.py
[2024-02-24T09:49:02.560+0000] {processor.py:840} INFO - DAG(s) 'example_python_operator' retrieved from /home/airflow/.local/lib/python3.8/site-packages/airflow/example_dags/example_python_operator.py
[2024-02-24T09:49:02.580+0000] {logging_mixin.py:188} INFO - [2024-02-24T09:49:02.579+0000] {dag.py:3033} INFO - Sync 1 DAGs
[2024-02-24T09:49:02.592+0000] {logging_mixin.py:188} INFO - [2024-02-24T09:49:02.591+0000] {dag.py:3820} INFO - Setting next_dagrun for example_python_operator to None, run_after=None
[2024-02-24T09:49:02.608+0000] {processor.py:183} INFO - Processing /home/airflow/.local/lib/python3.8/site-packages/airflow/example_dags/example_python_operator.py took 0.064 seconds
