[2024-02-24T09:35:41.557+0000] {processor.py:161} INFO - Started process (PID=8508) to work on /home/airflow/.local/lib/python3.8/site-packages/airflow/example_dags/example_sla_dag.py
[2024-02-24T09:35:41.558+0000] {processor.py:830} INFO - Processing file /home/airflow/.local/lib/python3.8/site-packages/airflow/example_dags/example_sla_dag.py for tasks to queue
[2024-02-24T09:35:41.562+0000] {logging_mixin.py:188} INFO - [2024-02-24T09:35:41.561+0000] {dagbag.py:538} INFO - Filling up the DagBag from /home/airflow/.local/lib/python3.8/site-packages/airflow/example_dags/example_sla_dag.py
[2024-02-24T09:35:41.581+0000] {processor.py:840} INFO - DAG(s) 'example_sla_dag' retrieved from /home/airflow/.local/lib/python3.8/site-packages/airflow/example_dags/example_sla_dag.py
[2024-02-24T09:35:41.637+0000] {logging_mixin.py:188} INFO - [2024-02-24T09:35:41.636+0000] {dag.py:3033} INFO - Sync 1 DAGs
[2024-02-24T09:35:41.695+0000] {logging_mixin.py:188} INFO - [2024-02-24T09:35:41.695+0000] {dag.py:3820} INFO - Setting next_dagrun for example_sla_dag to 2024-02-24T09:32:00+00:00, run_after=2024-02-24T09:34:00+00:00
[2024-02-24T09:35:41.746+0000] {processor.py:183} INFO - Processing /home/airflow/.local/lib/python3.8/site-packages/airflow/example_dags/example_sla_dag.py took 0.197 seconds
[2024-02-24T09:36:12.004+0000] {processor.py:161} INFO - Started process (PID=8565) to work on /home/airflow/.local/lib/python3.8/site-packages/airflow/example_dags/example_sla_dag.py
[2024-02-24T09:36:12.004+0000] {processor.py:830} INFO - Processing file /home/airflow/.local/lib/python3.8/site-packages/airflow/example_dags/example_sla_dag.py for tasks to queue
[2024-02-24T09:36:12.007+0000] {logging_mixin.py:188} INFO - [2024-02-24T09:36:12.006+0000] {dagbag.py:538} INFO - Filling up the DagBag from /home/airflow/.local/lib/python3.8/site-packages/airflow/example_dags/example_sla_dag.py
[2024-02-24T09:36:12.014+0000] {processor.py:840} INFO - DAG(s) 'example_sla_dag' retrieved from /home/airflow/.local/lib/python3.8/site-packages/airflow/example_dags/example_sla_dag.py
[2024-02-24T09:36:12.031+0000] {logging_mixin.py:188} INFO - [2024-02-24T09:36:12.031+0000] {dag.py:3033} INFO - Sync 1 DAGs
[2024-02-24T09:36:12.051+0000] {logging_mixin.py:188} INFO - [2024-02-24T09:36:12.051+0000] {dag.py:3820} INFO - Setting next_dagrun for example_sla_dag to 2024-02-24T09:34:00+00:00, run_after=2024-02-24T09:36:00+00:00
[2024-02-24T09:36:12.069+0000] {processor.py:183} INFO - Processing /home/airflow/.local/lib/python3.8/site-packages/airflow/example_dags/example_sla_dag.py took 0.068 seconds
[2024-02-24T09:36:42.258+0000] {processor.py:161} INFO - Started process (PID=8622) to work on /home/airflow/.local/lib/python3.8/site-packages/airflow/example_dags/example_sla_dag.py
[2024-02-24T09:36:42.260+0000] {processor.py:830} INFO - Processing file /home/airflow/.local/lib/python3.8/site-packages/airflow/example_dags/example_sla_dag.py for tasks to queue
[2024-02-24T09:36:42.265+0000] {logging_mixin.py:188} INFO - [2024-02-24T09:36:42.264+0000] {dagbag.py:538} INFO - Filling up the DagBag from /home/airflow/.local/lib/python3.8/site-packages/airflow/example_dags/example_sla_dag.py
[2024-02-24T09:36:42.280+0000] {processor.py:840} INFO - DAG(s) 'example_sla_dag' retrieved from /home/airflow/.local/lib/python3.8/site-packages/airflow/example_dags/example_sla_dag.py
[2024-02-24T09:36:42.320+0000] {logging_mixin.py:188} INFO - [2024-02-24T09:36:42.319+0000] {dag.py:3033} INFO - Sync 1 DAGs
[2024-02-24T09:36:42.371+0000] {logging_mixin.py:188} INFO - [2024-02-24T09:36:42.370+0000] {dag.py:3820} INFO - Setting next_dagrun for example_sla_dag to 2024-02-24T09:34:00+00:00, run_after=2024-02-24T09:36:00+00:00
[2024-02-24T09:36:42.392+0000] {processor.py:183} INFO - Processing /home/airflow/.local/lib/python3.8/site-packages/airflow/example_dags/example_sla_dag.py took 0.138 seconds
[2024-02-24T09:37:12.687+0000] {processor.py:161} INFO - Started process (PID=8679) to work on /home/airflow/.local/lib/python3.8/site-packages/airflow/example_dags/example_sla_dag.py
[2024-02-24T09:37:12.688+0000] {processor.py:830} INFO - Processing file /home/airflow/.local/lib/python3.8/site-packages/airflow/example_dags/example_sla_dag.py for tasks to queue
[2024-02-24T09:37:12.690+0000] {logging_mixin.py:188} INFO - [2024-02-24T09:37:12.690+0000] {dagbag.py:538} INFO - Filling up the DagBag from /home/airflow/.local/lib/python3.8/site-packages/airflow/example_dags/example_sla_dag.py
[2024-02-24T09:37:12.698+0000] {processor.py:840} INFO - DAG(s) 'example_sla_dag' retrieved from /home/airflow/.local/lib/python3.8/site-packages/airflow/example_dags/example_sla_dag.py
[2024-02-24T09:37:12.715+0000] {logging_mixin.py:188} INFO - [2024-02-24T09:37:12.715+0000] {dag.py:3033} INFO - Sync 1 DAGs
[2024-02-24T09:37:12.738+0000] {logging_mixin.py:188} INFO - [2024-02-24T09:37:12.738+0000] {dag.py:3820} INFO - Setting next_dagrun for example_sla_dag to 2024-02-24T09:34:00+00:00, run_after=2024-02-24T09:36:00+00:00
[2024-02-24T09:37:12.754+0000] {processor.py:183} INFO - Processing /home/airflow/.local/lib/python3.8/site-packages/airflow/example_dags/example_sla_dag.py took 0.070 seconds
[2024-02-24T09:37:42.875+0000] {processor.py:161} INFO - Started process (PID=8736) to work on /home/airflow/.local/lib/python3.8/site-packages/airflow/example_dags/example_sla_dag.py
[2024-02-24T09:37:42.876+0000] {processor.py:830} INFO - Processing file /home/airflow/.local/lib/python3.8/site-packages/airflow/example_dags/example_sla_dag.py for tasks to queue
[2024-02-24T09:37:42.879+0000] {logging_mixin.py:188} INFO - [2024-02-24T09:37:42.878+0000] {dagbag.py:538} INFO - Filling up the DagBag from /home/airflow/.local/lib/python3.8/site-packages/airflow/example_dags/example_sla_dag.py
[2024-02-24T09:37:42.887+0000] {processor.py:840} INFO - DAG(s) 'example_sla_dag' retrieved from /home/airflow/.local/lib/python3.8/site-packages/airflow/example_dags/example_sla_dag.py
[2024-02-24T09:37:42.909+0000] {logging_mixin.py:188} INFO - [2024-02-24T09:37:42.908+0000] {dag.py:3033} INFO - Sync 1 DAGs
[2024-02-24T09:37:42.935+0000] {logging_mixin.py:188} INFO - [2024-02-24T09:37:42.934+0000] {dag.py:3820} INFO - Setting next_dagrun for example_sla_dag to 2024-02-24T09:34:00+00:00, run_after=2024-02-24T09:36:00+00:00
[2024-02-24T09:37:42.954+0000] {processor.py:183} INFO - Processing /home/airflow/.local/lib/python3.8/site-packages/airflow/example_dags/example_sla_dag.py took 0.082 seconds
[2024-02-24T09:38:13.309+0000] {processor.py:161} INFO - Started process (PID=8793) to work on /home/airflow/.local/lib/python3.8/site-packages/airflow/example_dags/example_sla_dag.py
[2024-02-24T09:38:13.310+0000] {processor.py:830} INFO - Processing file /home/airflow/.local/lib/python3.8/site-packages/airflow/example_dags/example_sla_dag.py for tasks to queue
[2024-02-24T09:38:13.312+0000] {logging_mixin.py:188} INFO - [2024-02-24T09:38:13.312+0000] {dagbag.py:538} INFO - Filling up the DagBag from /home/airflow/.local/lib/python3.8/site-packages/airflow/example_dags/example_sla_dag.py
[2024-02-24T09:38:13.319+0000] {processor.py:840} INFO - DAG(s) 'example_sla_dag' retrieved from /home/airflow/.local/lib/python3.8/site-packages/airflow/example_dags/example_sla_dag.py
[2024-02-24T09:38:13.337+0000] {logging_mixin.py:188} INFO - [2024-02-24T09:38:13.337+0000] {dag.py:3033} INFO - Sync 1 DAGs
[2024-02-24T09:38:13.358+0000] {logging_mixin.py:188} INFO - [2024-02-24T09:38:13.358+0000] {dag.py:3820} INFO - Setting next_dagrun for example_sla_dag to 2024-02-24T09:36:00+00:00, run_after=2024-02-24T09:38:00+00:00
[2024-02-24T09:38:13.375+0000] {processor.py:183} INFO - Processing /home/airflow/.local/lib/python3.8/site-packages/airflow/example_dags/example_sla_dag.py took 0.069 seconds
[2024-02-24T09:38:44.045+0000] {processor.py:161} INFO - Started process (PID=8850) to work on /home/airflow/.local/lib/python3.8/site-packages/airflow/example_dags/example_sla_dag.py
[2024-02-24T09:38:44.046+0000] {processor.py:830} INFO - Processing file /home/airflow/.local/lib/python3.8/site-packages/airflow/example_dags/example_sla_dag.py for tasks to queue
[2024-02-24T09:38:44.049+0000] {logging_mixin.py:188} INFO - [2024-02-24T09:38:44.049+0000] {dagbag.py:538} INFO - Filling up the DagBag from /home/airflow/.local/lib/python3.8/site-packages/airflow/example_dags/example_sla_dag.py
[2024-02-24T09:38:44.060+0000] {processor.py:840} INFO - DAG(s) 'example_sla_dag' retrieved from /home/airflow/.local/lib/python3.8/site-packages/airflow/example_dags/example_sla_dag.py
[2024-02-24T09:38:44.086+0000] {logging_mixin.py:188} INFO - [2024-02-24T09:38:44.086+0000] {dag.py:3033} INFO - Sync 1 DAGs
[2024-02-24T09:38:44.118+0000] {logging_mixin.py:188} INFO - [2024-02-24T09:38:44.117+0000] {dag.py:3820} INFO - Setting next_dagrun for example_sla_dag to 2024-02-24T09:36:00+00:00, run_after=2024-02-24T09:38:00+00:00
[2024-02-24T09:38:44.146+0000] {processor.py:183} INFO - Processing /home/airflow/.local/lib/python3.8/site-packages/airflow/example_dags/example_sla_dag.py took 0.105 seconds
[2024-02-24T09:39:14.703+0000] {processor.py:161} INFO - Started process (PID=8907) to work on /home/airflow/.local/lib/python3.8/site-packages/airflow/example_dags/example_sla_dag.py
[2024-02-24T09:39:14.704+0000] {processor.py:830} INFO - Processing file /home/airflow/.local/lib/python3.8/site-packages/airflow/example_dags/example_sla_dag.py for tasks to queue
[2024-02-24T09:39:14.707+0000] {logging_mixin.py:188} INFO - [2024-02-24T09:39:14.707+0000] {dagbag.py:538} INFO - Filling up the DagBag from /home/airflow/.local/lib/python3.8/site-packages/airflow/example_dags/example_sla_dag.py
[2024-02-24T09:39:14.715+0000] {processor.py:840} INFO - DAG(s) 'example_sla_dag' retrieved from /home/airflow/.local/lib/python3.8/site-packages/airflow/example_dags/example_sla_dag.py
[2024-02-24T09:39:14.735+0000] {logging_mixin.py:188} INFO - [2024-02-24T09:39:14.735+0000] {dag.py:3033} INFO - Sync 1 DAGs
[2024-02-24T09:39:14.758+0000] {logging_mixin.py:188} INFO - [2024-02-24T09:39:14.757+0000] {dag.py:3820} INFO - Setting next_dagrun for example_sla_dag to 2024-02-24T09:36:00+00:00, run_after=2024-02-24T09:38:00+00:00
[2024-02-24T09:39:14.776+0000] {processor.py:183} INFO - Processing /home/airflow/.local/lib/python3.8/site-packages/airflow/example_dags/example_sla_dag.py took 0.076 seconds
[2024-02-24T09:39:45.635+0000] {processor.py:161} INFO - Started process (PID=8964) to work on /home/airflow/.local/lib/python3.8/site-packages/airflow/example_dags/example_sla_dag.py
[2024-02-24T09:39:45.636+0000] {processor.py:830} INFO - Processing file /home/airflow/.local/lib/python3.8/site-packages/airflow/example_dags/example_sla_dag.py for tasks to queue
[2024-02-24T09:39:45.638+0000] {logging_mixin.py:188} INFO - [2024-02-24T09:39:45.638+0000] {dagbag.py:538} INFO - Filling up the DagBag from /home/airflow/.local/lib/python3.8/site-packages/airflow/example_dags/example_sla_dag.py
[2024-02-24T09:39:45.645+0000] {processor.py:840} INFO - DAG(s) 'example_sla_dag' retrieved from /home/airflow/.local/lib/python3.8/site-packages/airflow/example_dags/example_sla_dag.py
[2024-02-24T09:39:45.663+0000] {logging_mixin.py:188} INFO - [2024-02-24T09:39:45.662+0000] {dag.py:3033} INFO - Sync 1 DAGs
[2024-02-24T09:39:45.687+0000] {logging_mixin.py:188} INFO - [2024-02-24T09:39:45.686+0000] {dag.py:3820} INFO - Setting next_dagrun for example_sla_dag to 2024-02-24T09:36:00+00:00, run_after=2024-02-24T09:38:00+00:00
[2024-02-24T09:39:45.704+0000] {processor.py:183} INFO - Processing /home/airflow/.local/lib/python3.8/site-packages/airflow/example_dags/example_sla_dag.py took 0.074 seconds
[2024-02-24T09:40:16.402+0000] {processor.py:161} INFO - Started process (PID=9021) to work on /home/airflow/.local/lib/python3.8/site-packages/airflow/example_dags/example_sla_dag.py
[2024-02-24T09:40:16.403+0000] {processor.py:830} INFO - Processing file /home/airflow/.local/lib/python3.8/site-packages/airflow/example_dags/example_sla_dag.py for tasks to queue
[2024-02-24T09:40:16.405+0000] {logging_mixin.py:188} INFO - [2024-02-24T09:40:16.404+0000] {dagbag.py:538} INFO - Filling up the DagBag from /home/airflow/.local/lib/python3.8/site-packages/airflow/example_dags/example_sla_dag.py
[2024-02-24T09:40:16.413+0000] {processor.py:840} INFO - DAG(s) 'example_sla_dag' retrieved from /home/airflow/.local/lib/python3.8/site-packages/airflow/example_dags/example_sla_dag.py
[2024-02-24T09:40:16.430+0000] {logging_mixin.py:188} INFO - [2024-02-24T09:40:16.430+0000] {dag.py:3033} INFO - Sync 1 DAGs
[2024-02-24T09:40:16.451+0000] {logging_mixin.py:188} INFO - [2024-02-24T09:40:16.451+0000] {dag.py:3820} INFO - Setting next_dagrun for example_sla_dag to 2024-02-24T09:38:00+00:00, run_after=2024-02-24T09:40:00+00:00
[2024-02-24T09:40:16.467+0000] {processor.py:183} INFO - Processing /home/airflow/.local/lib/python3.8/site-packages/airflow/example_dags/example_sla_dag.py took 0.068 seconds
[2024-02-24T09:40:47.819+0000] {processor.py:161} INFO - Started process (PID=9078) to work on /home/airflow/.local/lib/python3.8/site-packages/airflow/example_dags/example_sla_dag.py
[2024-02-24T09:40:47.826+0000] {processor.py:830} INFO - Processing file /home/airflow/.local/lib/python3.8/site-packages/airflow/example_dags/example_sla_dag.py for tasks to queue
[2024-02-24T09:40:47.829+0000] {logging_mixin.py:188} INFO - [2024-02-24T09:40:47.829+0000] {dagbag.py:538} INFO - Filling up the DagBag from /home/airflow/.local/lib/python3.8/site-packages/airflow/example_dags/example_sla_dag.py
[2024-02-24T09:40:47.849+0000] {processor.py:840} INFO - DAG(s) 'example_sla_dag' retrieved from /home/airflow/.local/lib/python3.8/site-packages/airflow/example_dags/example_sla_dag.py
[2024-02-24T09:40:47.909+0000] {logging_mixin.py:188} INFO - [2024-02-24T09:40:47.909+0000] {dag.py:3033} INFO - Sync 1 DAGs
[2024-02-24T09:40:47.974+0000] {logging_mixin.py:188} INFO - [2024-02-24T09:40:47.974+0000] {dag.py:3820} INFO - Setting next_dagrun for example_sla_dag to 2024-02-24T09:38:00+00:00, run_after=2024-02-24T09:40:00+00:00
[2024-02-24T09:40:48.030+0000] {processor.py:183} INFO - Processing /home/airflow/.local/lib/python3.8/site-packages/airflow/example_dags/example_sla_dag.py took 0.215 seconds
[2024-02-24T09:41:18.857+0000] {processor.py:161} INFO - Started process (PID=9135) to work on /home/airflow/.local/lib/python3.8/site-packages/airflow/example_dags/example_sla_dag.py
[2024-02-24T09:41:18.858+0000] {processor.py:830} INFO - Processing file /home/airflow/.local/lib/python3.8/site-packages/airflow/example_dags/example_sla_dag.py for tasks to queue
[2024-02-24T09:41:18.860+0000] {logging_mixin.py:188} INFO - [2024-02-24T09:41:18.860+0000] {dagbag.py:538} INFO - Filling up the DagBag from /home/airflow/.local/lib/python3.8/site-packages/airflow/example_dags/example_sla_dag.py
[2024-02-24T09:41:18.868+0000] {processor.py:840} INFO - DAG(s) 'example_sla_dag' retrieved from /home/airflow/.local/lib/python3.8/site-packages/airflow/example_dags/example_sla_dag.py
[2024-02-24T09:41:18.887+0000] {logging_mixin.py:188} INFO - [2024-02-24T09:41:18.886+0000] {dag.py:3033} INFO - Sync 1 DAGs
[2024-02-24T09:41:18.909+0000] {logging_mixin.py:188} INFO - [2024-02-24T09:41:18.909+0000] {dag.py:3820} INFO - Setting next_dagrun for example_sla_dag to 2024-02-24T09:38:00+00:00, run_after=2024-02-24T09:40:00+00:00
[2024-02-24T09:41:18.927+0000] {processor.py:183} INFO - Processing /home/airflow/.local/lib/python3.8/site-packages/airflow/example_dags/example_sla_dag.py took 0.073 seconds
[2024-02-24T09:41:49.146+0000] {processor.py:161} INFO - Started process (PID=9192) to work on /home/airflow/.local/lib/python3.8/site-packages/airflow/example_dags/example_sla_dag.py
[2024-02-24T09:41:49.146+0000] {processor.py:830} INFO - Processing file /home/airflow/.local/lib/python3.8/site-packages/airflow/example_dags/example_sla_dag.py for tasks to queue
[2024-02-24T09:41:49.148+0000] {logging_mixin.py:188} INFO - [2024-02-24T09:41:49.148+0000] {dagbag.py:538} INFO - Filling up the DagBag from /home/airflow/.local/lib/python3.8/site-packages/airflow/example_dags/example_sla_dag.py
[2024-02-24T09:41:49.156+0000] {processor.py:840} INFO - DAG(s) 'example_sla_dag' retrieved from /home/airflow/.local/lib/python3.8/site-packages/airflow/example_dags/example_sla_dag.py
[2024-02-24T09:41:49.173+0000] {logging_mixin.py:188} INFO - [2024-02-24T09:41:49.173+0000] {dag.py:3033} INFO - Sync 1 DAGs
[2024-02-24T09:41:49.195+0000] {logging_mixin.py:188} INFO - [2024-02-24T09:41:49.195+0000] {dag.py:3820} INFO - Setting next_dagrun for example_sla_dag to 2024-02-24T09:38:00+00:00, run_after=2024-02-24T09:40:00+00:00
[2024-02-24T09:41:49.214+0000] {processor.py:183} INFO - Processing /home/airflow/.local/lib/python3.8/site-packages/airflow/example_dags/example_sla_dag.py took 0.072 seconds
[2024-02-24T09:42:19.822+0000] {processor.py:161} INFO - Started process (PID=9249) to work on /home/airflow/.local/lib/python3.8/site-packages/airflow/example_dags/example_sla_dag.py
[2024-02-24T09:42:19.823+0000] {processor.py:830} INFO - Processing file /home/airflow/.local/lib/python3.8/site-packages/airflow/example_dags/example_sla_dag.py for tasks to queue
[2024-02-24T09:42:19.825+0000] {logging_mixin.py:188} INFO - [2024-02-24T09:42:19.825+0000] {dagbag.py:538} INFO - Filling up the DagBag from /home/airflow/.local/lib/python3.8/site-packages/airflow/example_dags/example_sla_dag.py
[2024-02-24T09:42:19.832+0000] {processor.py:840} INFO - DAG(s) 'example_sla_dag' retrieved from /home/airflow/.local/lib/python3.8/site-packages/airflow/example_dags/example_sla_dag.py
[2024-02-24T09:42:19.850+0000] {logging_mixin.py:188} INFO - [2024-02-24T09:42:19.849+0000] {dag.py:3033} INFO - Sync 1 DAGs
[2024-02-24T09:42:19.871+0000] {logging_mixin.py:188} INFO - [2024-02-24T09:42:19.871+0000] {dag.py:3820} INFO - Setting next_dagrun for example_sla_dag to 2024-02-24T09:40:00+00:00, run_after=2024-02-24T09:42:00+00:00
[2024-02-24T09:42:19.889+0000] {processor.py:183} INFO - Processing /home/airflow/.local/lib/python3.8/site-packages/airflow/example_dags/example_sla_dag.py took 0.070 seconds
[2024-02-24T09:42:50.499+0000] {processor.py:161} INFO - Started process (PID=9306) to work on /home/airflow/.local/lib/python3.8/site-packages/airflow/example_dags/example_sla_dag.py
[2024-02-24T09:42:50.499+0000] {processor.py:830} INFO - Processing file /home/airflow/.local/lib/python3.8/site-packages/airflow/example_dags/example_sla_dag.py for tasks to queue
[2024-02-24T09:42:50.502+0000] {logging_mixin.py:188} INFO - [2024-02-24T09:42:50.501+0000] {dagbag.py:538} INFO - Filling up the DagBag from /home/airflow/.local/lib/python3.8/site-packages/airflow/example_dags/example_sla_dag.py
[2024-02-24T09:42:50.509+0000] {processor.py:840} INFO - DAG(s) 'example_sla_dag' retrieved from /home/airflow/.local/lib/python3.8/site-packages/airflow/example_dags/example_sla_dag.py
[2024-02-24T09:42:50.528+0000] {logging_mixin.py:188} INFO - [2024-02-24T09:42:50.527+0000] {dag.py:3033} INFO - Sync 1 DAGs
[2024-02-24T09:42:50.549+0000] {logging_mixin.py:188} INFO - [2024-02-24T09:42:50.549+0000] {dag.py:3820} INFO - Setting next_dagrun for example_sla_dag to 2024-02-24T09:40:00+00:00, run_after=2024-02-24T09:42:00+00:00
[2024-02-24T09:42:50.567+0000] {processor.py:183} INFO - Processing /home/airflow/.local/lib/python3.8/site-packages/airflow/example_dags/example_sla_dag.py took 0.071 seconds
[2024-02-24T09:43:21.287+0000] {processor.py:161} INFO - Started process (PID=9363) to work on /home/airflow/.local/lib/python3.8/site-packages/airflow/example_dags/example_sla_dag.py
[2024-02-24T09:43:21.288+0000] {processor.py:830} INFO - Processing file /home/airflow/.local/lib/python3.8/site-packages/airflow/example_dags/example_sla_dag.py for tasks to queue
[2024-02-24T09:43:21.290+0000] {logging_mixin.py:188} INFO - [2024-02-24T09:43:21.290+0000] {dagbag.py:538} INFO - Filling up the DagBag from /home/airflow/.local/lib/python3.8/site-packages/airflow/example_dags/example_sla_dag.py
[2024-02-24T09:43:21.297+0000] {processor.py:840} INFO - DAG(s) 'example_sla_dag' retrieved from /home/airflow/.local/lib/python3.8/site-packages/airflow/example_dags/example_sla_dag.py
[2024-02-24T09:43:21.315+0000] {logging_mixin.py:188} INFO - [2024-02-24T09:43:21.314+0000] {dag.py:3033} INFO - Sync 1 DAGs
[2024-02-24T09:43:21.335+0000] {logging_mixin.py:188} INFO - [2024-02-24T09:43:21.335+0000] {dag.py:3820} INFO - Setting next_dagrun for example_sla_dag to 2024-02-24T09:40:00+00:00, run_after=2024-02-24T09:42:00+00:00
[2024-02-24T09:43:21.351+0000] {processor.py:183} INFO - Processing /home/airflow/.local/lib/python3.8/site-packages/airflow/example_dags/example_sla_dag.py took 0.067 seconds
[2024-02-24T09:43:51.957+0000] {processor.py:161} INFO - Started process (PID=9420) to work on /home/airflow/.local/lib/python3.8/site-packages/airflow/example_dags/example_sla_dag.py
[2024-02-24T09:43:51.957+0000] {processor.py:830} INFO - Processing file /home/airflow/.local/lib/python3.8/site-packages/airflow/example_dags/example_sla_dag.py for tasks to queue
[2024-02-24T09:43:51.960+0000] {logging_mixin.py:188} INFO - [2024-02-24T09:43:51.960+0000] {dagbag.py:538} INFO - Filling up the DagBag from /home/airflow/.local/lib/python3.8/site-packages/airflow/example_dags/example_sla_dag.py
[2024-02-24T09:43:51.969+0000] {processor.py:840} INFO - DAG(s) 'example_sla_dag' retrieved from /home/airflow/.local/lib/python3.8/site-packages/airflow/example_dags/example_sla_dag.py
[2024-02-24T09:43:51.991+0000] {logging_mixin.py:188} INFO - [2024-02-24T09:43:51.990+0000] {dag.py:3033} INFO - Sync 1 DAGs
[2024-02-24T09:43:52.017+0000] {logging_mixin.py:188} INFO - [2024-02-24T09:43:52.017+0000] {dag.py:3820} INFO - Setting next_dagrun for example_sla_dag to 2024-02-24T09:40:00+00:00, run_after=2024-02-24T09:42:00+00:00
[2024-02-24T09:43:52.035+0000] {processor.py:183} INFO - Processing /home/airflow/.local/lib/python3.8/site-packages/airflow/example_dags/example_sla_dag.py took 0.081 seconds
[2024-02-24T09:44:22.780+0000] {processor.py:161} INFO - Started process (PID=9483) to work on /home/airflow/.local/lib/python3.8/site-packages/airflow/example_dags/example_sla_dag.py
[2024-02-24T09:44:22.781+0000] {processor.py:830} INFO - Processing file /home/airflow/.local/lib/python3.8/site-packages/airflow/example_dags/example_sla_dag.py for tasks to queue
[2024-02-24T09:44:22.783+0000] {logging_mixin.py:188} INFO - [2024-02-24T09:44:22.783+0000] {dagbag.py:538} INFO - Filling up the DagBag from /home/airflow/.local/lib/python3.8/site-packages/airflow/example_dags/example_sla_dag.py
[2024-02-24T09:44:22.791+0000] {processor.py:840} INFO - DAG(s) 'example_sla_dag' retrieved from /home/airflow/.local/lib/python3.8/site-packages/airflow/example_dags/example_sla_dag.py
[2024-02-24T09:44:22.809+0000] {logging_mixin.py:188} INFO - [2024-02-24T09:44:22.808+0000] {dag.py:3033} INFO - Sync 1 DAGs
[2024-02-24T09:44:22.832+0000] {logging_mixin.py:188} INFO - [2024-02-24T09:44:22.832+0000] {dag.py:3820} INFO - Setting next_dagrun for example_sla_dag to 2024-02-24T09:42:00+00:00, run_after=2024-02-24T09:44:00+00:00
[2024-02-24T09:44:22.861+0000] {processor.py:183} INFO - Processing /home/airflow/.local/lib/python3.8/site-packages/airflow/example_dags/example_sla_dag.py took 0.084 seconds
[2024-02-24T09:44:53.551+0000] {processor.py:161} INFO - Started process (PID=9540) to work on /home/airflow/.local/lib/python3.8/site-packages/airflow/example_dags/example_sla_dag.py
[2024-02-24T09:44:53.552+0000] {processor.py:830} INFO - Processing file /home/airflow/.local/lib/python3.8/site-packages/airflow/example_dags/example_sla_dag.py for tasks to queue
[2024-02-24T09:44:53.554+0000] {logging_mixin.py:188} INFO - [2024-02-24T09:44:53.554+0000] {dagbag.py:538} INFO - Filling up the DagBag from /home/airflow/.local/lib/python3.8/site-packages/airflow/example_dags/example_sla_dag.py
[2024-02-24T09:44:53.561+0000] {processor.py:840} INFO - DAG(s) 'example_sla_dag' retrieved from /home/airflow/.local/lib/python3.8/site-packages/airflow/example_dags/example_sla_dag.py
[2024-02-24T09:44:53.579+0000] {logging_mixin.py:188} INFO - [2024-02-24T09:44:53.578+0000] {dag.py:3033} INFO - Sync 1 DAGs
[2024-02-24T09:44:53.600+0000] {logging_mixin.py:188} INFO - [2024-02-24T09:44:53.600+0000] {dag.py:3820} INFO - Setting next_dagrun for example_sla_dag to 2024-02-24T09:42:00+00:00, run_after=2024-02-24T09:44:00+00:00
[2024-02-24T09:44:53.617+0000] {processor.py:183} INFO - Processing /home/airflow/.local/lib/python3.8/site-packages/airflow/example_dags/example_sla_dag.py took 0.070 seconds
[2024-02-24T09:45:24.271+0000] {processor.py:161} INFO - Started process (PID=9597) to work on /home/airflow/.local/lib/python3.8/site-packages/airflow/example_dags/example_sla_dag.py
[2024-02-24T09:45:24.272+0000] {processor.py:830} INFO - Processing file /home/airflow/.local/lib/python3.8/site-packages/airflow/example_dags/example_sla_dag.py for tasks to queue
[2024-02-24T09:45:24.275+0000] {logging_mixin.py:188} INFO - [2024-02-24T09:45:24.274+0000] {dagbag.py:538} INFO - Filling up the DagBag from /home/airflow/.local/lib/python3.8/site-packages/airflow/example_dags/example_sla_dag.py
[2024-02-24T09:45:24.282+0000] {processor.py:840} INFO - DAG(s) 'example_sla_dag' retrieved from /home/airflow/.local/lib/python3.8/site-packages/airflow/example_dags/example_sla_dag.py
[2024-02-24T09:45:24.300+0000] {logging_mixin.py:188} INFO - [2024-02-24T09:45:24.300+0000] {dag.py:3033} INFO - Sync 1 DAGs
[2024-02-24T09:45:24.322+0000] {logging_mixin.py:188} INFO - [2024-02-24T09:45:24.321+0000] {dag.py:3820} INFO - Setting next_dagrun for example_sla_dag to 2024-02-24T09:42:00+00:00, run_after=2024-02-24T09:44:00+00:00
[2024-02-24T09:45:24.338+0000] {processor.py:183} INFO - Processing /home/airflow/.local/lib/python3.8/site-packages/airflow/example_dags/example_sla_dag.py took 0.070 seconds
[2024-02-24T09:45:55.179+0000] {processor.py:161} INFO - Started process (PID=9654) to work on /home/airflow/.local/lib/python3.8/site-packages/airflow/example_dags/example_sla_dag.py
[2024-02-24T09:45:55.180+0000] {processor.py:830} INFO - Processing file /home/airflow/.local/lib/python3.8/site-packages/airflow/example_dags/example_sla_dag.py for tasks to queue
[2024-02-24T09:45:55.183+0000] {logging_mixin.py:188} INFO - [2024-02-24T09:45:55.183+0000] {dagbag.py:538} INFO - Filling up the DagBag from /home/airflow/.local/lib/python3.8/site-packages/airflow/example_dags/example_sla_dag.py
[2024-02-24T09:45:55.192+0000] {processor.py:840} INFO - DAG(s) 'example_sla_dag' retrieved from /home/airflow/.local/lib/python3.8/site-packages/airflow/example_dags/example_sla_dag.py
[2024-02-24T09:45:55.211+0000] {logging_mixin.py:188} INFO - [2024-02-24T09:45:55.210+0000] {dag.py:3033} INFO - Sync 1 DAGs
[2024-02-24T09:45:55.232+0000] {logging_mixin.py:188} INFO - [2024-02-24T09:45:55.232+0000] {dag.py:3820} INFO - Setting next_dagrun for example_sla_dag to 2024-02-24T09:42:00+00:00, run_after=2024-02-24T09:44:00+00:00
[2024-02-24T09:45:55.249+0000] {processor.py:183} INFO - Processing /home/airflow/.local/lib/python3.8/site-packages/airflow/example_dags/example_sla_dag.py took 0.073 seconds
[2024-02-24T09:46:26.014+0000] {processor.py:161} INFO - Started process (PID=9711) to work on /home/airflow/.local/lib/python3.8/site-packages/airflow/example_dags/example_sla_dag.py
[2024-02-24T09:46:26.014+0000] {processor.py:830} INFO - Processing file /home/airflow/.local/lib/python3.8/site-packages/airflow/example_dags/example_sla_dag.py for tasks to queue
[2024-02-24T09:46:26.017+0000] {logging_mixin.py:188} INFO - [2024-02-24T09:46:26.016+0000] {dagbag.py:538} INFO - Filling up the DagBag from /home/airflow/.local/lib/python3.8/site-packages/airflow/example_dags/example_sla_dag.py
[2024-02-24T09:46:26.024+0000] {processor.py:840} INFO - DAG(s) 'example_sla_dag' retrieved from /home/airflow/.local/lib/python3.8/site-packages/airflow/example_dags/example_sla_dag.py
[2024-02-24T09:46:26.041+0000] {logging_mixin.py:188} INFO - [2024-02-24T09:46:26.041+0000] {dag.py:3033} INFO - Sync 1 DAGs
[2024-02-24T09:46:26.063+0000] {logging_mixin.py:188} INFO - [2024-02-24T09:46:26.063+0000] {dag.py:3820} INFO - Setting next_dagrun for example_sla_dag to 2024-02-24T09:44:00+00:00, run_after=2024-02-24T09:46:00+00:00
[2024-02-24T09:46:26.082+0000] {processor.py:183} INFO - Processing /home/airflow/.local/lib/python3.8/site-packages/airflow/example_dags/example_sla_dag.py took 0.072 seconds
[2024-02-24T09:46:56.752+0000] {processor.py:161} INFO - Started process (PID=9768) to work on /home/airflow/.local/lib/python3.8/site-packages/airflow/example_dags/example_sla_dag.py
[2024-02-24T09:46:56.753+0000] {processor.py:830} INFO - Processing file /home/airflow/.local/lib/python3.8/site-packages/airflow/example_dags/example_sla_dag.py for tasks to queue
[2024-02-24T09:46:56.755+0000] {logging_mixin.py:188} INFO - [2024-02-24T09:46:56.755+0000] {dagbag.py:538} INFO - Filling up the DagBag from /home/airflow/.local/lib/python3.8/site-packages/airflow/example_dags/example_sla_dag.py
[2024-02-24T09:46:56.763+0000] {processor.py:840} INFO - DAG(s) 'example_sla_dag' retrieved from /home/airflow/.local/lib/python3.8/site-packages/airflow/example_dags/example_sla_dag.py
[2024-02-24T09:46:56.783+0000] {logging_mixin.py:188} INFO - [2024-02-24T09:46:56.783+0000] {dag.py:3033} INFO - Sync 1 DAGs
[2024-02-24T09:46:56.807+0000] {logging_mixin.py:188} INFO - [2024-02-24T09:46:56.807+0000] {dag.py:3820} INFO - Setting next_dagrun for example_sla_dag to 2024-02-24T09:44:00+00:00, run_after=2024-02-24T09:46:00+00:00
[2024-02-24T09:46:56.825+0000] {processor.py:183} INFO - Processing /home/airflow/.local/lib/python3.8/site-packages/airflow/example_dags/example_sla_dag.py took 0.076 seconds
[2024-02-24T09:47:27.558+0000] {processor.py:161} INFO - Started process (PID=9825) to work on /home/airflow/.local/lib/python3.8/site-packages/airflow/example_dags/example_sla_dag.py
[2024-02-24T09:47:27.559+0000] {processor.py:830} INFO - Processing file /home/airflow/.local/lib/python3.8/site-packages/airflow/example_dags/example_sla_dag.py for tasks to queue
[2024-02-24T09:47:27.561+0000] {logging_mixin.py:188} INFO - [2024-02-24T09:47:27.561+0000] {dagbag.py:538} INFO - Filling up the DagBag from /home/airflow/.local/lib/python3.8/site-packages/airflow/example_dags/example_sla_dag.py
[2024-02-24T09:47:27.568+0000] {processor.py:840} INFO - DAG(s) 'example_sla_dag' retrieved from /home/airflow/.local/lib/python3.8/site-packages/airflow/example_dags/example_sla_dag.py
[2024-02-24T09:47:27.587+0000] {logging_mixin.py:188} INFO - [2024-02-24T09:47:27.587+0000] {dag.py:3033} INFO - Sync 1 DAGs
[2024-02-24T09:47:27.609+0000] {logging_mixin.py:188} INFO - [2024-02-24T09:47:27.609+0000] {dag.py:3820} INFO - Setting next_dagrun for example_sla_dag to 2024-02-24T09:44:00+00:00, run_after=2024-02-24T09:46:00+00:00
[2024-02-24T09:47:27.627+0000] {processor.py:183} INFO - Processing /home/airflow/.local/lib/python3.8/site-packages/airflow/example_dags/example_sla_dag.py took 0.073 seconds
[2024-02-24T09:47:58.339+0000] {processor.py:161} INFO - Started process (PID=9882) to work on /home/airflow/.local/lib/python3.8/site-packages/airflow/example_dags/example_sla_dag.py
[2024-02-24T09:47:58.340+0000] {processor.py:830} INFO - Processing file /home/airflow/.local/lib/python3.8/site-packages/airflow/example_dags/example_sla_dag.py for tasks to queue
[2024-02-24T09:47:58.343+0000] {logging_mixin.py:188} INFO - [2024-02-24T09:47:58.343+0000] {dagbag.py:538} INFO - Filling up the DagBag from /home/airflow/.local/lib/python3.8/site-packages/airflow/example_dags/example_sla_dag.py
[2024-02-24T09:47:58.352+0000] {processor.py:840} INFO - DAG(s) 'example_sla_dag' retrieved from /home/airflow/.local/lib/python3.8/site-packages/airflow/example_dags/example_sla_dag.py
[2024-02-24T09:47:58.370+0000] {logging_mixin.py:188} INFO - [2024-02-24T09:47:58.369+0000] {dag.py:3033} INFO - Sync 1 DAGs
[2024-02-24T09:47:58.392+0000] {logging_mixin.py:188} INFO - [2024-02-24T09:47:58.392+0000] {dag.py:3820} INFO - Setting next_dagrun for example_sla_dag to 2024-02-24T09:44:00+00:00, run_after=2024-02-24T09:46:00+00:00
[2024-02-24T09:47:58.415+0000] {processor.py:183} INFO - Processing /home/airflow/.local/lib/python3.8/site-packages/airflow/example_dags/example_sla_dag.py took 0.081 seconds
[2024-02-24T09:48:28.497+0000] {processor.py:161} INFO - Started process (PID=9939) to work on /home/airflow/.local/lib/python3.8/site-packages/airflow/example_dags/example_sla_dag.py
[2024-02-24T09:48:28.498+0000] {processor.py:830} INFO - Processing file /home/airflow/.local/lib/python3.8/site-packages/airflow/example_dags/example_sla_dag.py for tasks to queue
[2024-02-24T09:48:28.502+0000] {logging_mixin.py:188} INFO - [2024-02-24T09:48:28.502+0000] {dagbag.py:538} INFO - Filling up the DagBag from /home/airflow/.local/lib/python3.8/site-packages/airflow/example_dags/example_sla_dag.py
[2024-02-24T09:48:28.514+0000] {processor.py:840} INFO - DAG(s) 'example_sla_dag' retrieved from /home/airflow/.local/lib/python3.8/site-packages/airflow/example_dags/example_sla_dag.py
[2024-02-24T09:48:28.544+0000] {logging_mixin.py:188} INFO - [2024-02-24T09:48:28.543+0000] {dag.py:3033} INFO - Sync 1 DAGs
[2024-02-24T09:48:28.579+0000] {logging_mixin.py:188} INFO - [2024-02-24T09:48:28.579+0000] {dag.py:3820} INFO - Setting next_dagrun for example_sla_dag to 2024-02-24T09:46:00+00:00, run_after=2024-02-24T09:48:00+00:00
[2024-02-24T09:48:28.610+0000] {processor.py:183} INFO - Processing /home/airflow/.local/lib/python3.8/site-packages/airflow/example_dags/example_sla_dag.py took 0.117 seconds
[2024-02-24T09:48:58.914+0000] {processor.py:161} INFO - Started process (PID=9996) to work on /home/airflow/.local/lib/python3.8/site-packages/airflow/example_dags/example_sla_dag.py
[2024-02-24T09:48:58.915+0000] {processor.py:830} INFO - Processing file /home/airflow/.local/lib/python3.8/site-packages/airflow/example_dags/example_sla_dag.py for tasks to queue
[2024-02-24T09:48:58.917+0000] {logging_mixin.py:188} INFO - [2024-02-24T09:48:58.917+0000] {dagbag.py:538} INFO - Filling up the DagBag from /home/airflow/.local/lib/python3.8/site-packages/airflow/example_dags/example_sla_dag.py
[2024-02-24T09:48:58.924+0000] {processor.py:840} INFO - DAG(s) 'example_sla_dag' retrieved from /home/airflow/.local/lib/python3.8/site-packages/airflow/example_dags/example_sla_dag.py
[2024-02-24T09:48:58.943+0000] {logging_mixin.py:188} INFO - [2024-02-24T09:48:58.943+0000] {dag.py:3033} INFO - Sync 1 DAGs
[2024-02-24T09:48:58.972+0000] {logging_mixin.py:188} INFO - [2024-02-24T09:48:58.972+0000] {dag.py:3820} INFO - Setting next_dagrun for example_sla_dag to 2024-02-24T09:46:00+00:00, run_after=2024-02-24T09:48:00+00:00
[2024-02-24T09:48:59.002+0000] {processor.py:183} INFO - Processing /home/airflow/.local/lib/python3.8/site-packages/airflow/example_dags/example_sla_dag.py took 0.091 seconds
