[2024-02-24T09:35:42.201+0000] {processor.py:161} INFO - Started process (PID=8511) to work on /home/airflow/.local/lib/python3.8/site-packages/airflow/example_dags/example_branch_operator.py
[2024-02-24T09:35:42.203+0000] {processor.py:830} INFO - Processing file /home/airflow/.local/lib/python3.8/site-packages/airflow/example_dags/example_branch_operator.py for tasks to queue
[2024-02-24T09:35:42.209+0000] {logging_mixin.py:188} INFO - [2024-02-24T09:35:42.207+0000] {dagbag.py:538} INFO - Filling up the DagBag from /home/airflow/.local/lib/python3.8/site-packages/airflow/example_dags/example_branch_operator.py
[2024-02-24T09:35:42.253+0000] {processor.py:840} INFO - DAG(s) 'example_branch_operator' retrieved from /home/airflow/.local/lib/python3.8/site-packages/airflow/example_dags/example_branch_operator.py
[2024-02-24T09:35:42.311+0000] {logging_mixin.py:188} INFO - [2024-02-24T09:35:42.310+0000] {dag.py:3033} INFO - Sync 1 DAGs
[2024-02-24T09:35:42.368+0000] {logging_mixin.py:188} INFO - [2024-02-24T09:35:42.368+0000] {dag.py:3820} INFO - Setting next_dagrun for example_branch_operator to 2024-02-23T00:00:00+00:00, run_after=2024-02-24T00:00:00+00:00
[2024-02-24T09:35:42.440+0000] {processor.py:183} INFO - Processing /home/airflow/.local/lib/python3.8/site-packages/airflow/example_dags/example_branch_operator.py took 0.246 seconds
[2024-02-24T09:36:13.122+0000] {processor.py:161} INFO - Started process (PID=8568) to work on /home/airflow/.local/lib/python3.8/site-packages/airflow/example_dags/example_branch_operator.py
[2024-02-24T09:36:13.122+0000] {processor.py:830} INFO - Processing file /home/airflow/.local/lib/python3.8/site-packages/airflow/example_dags/example_branch_operator.py for tasks to queue
[2024-02-24T09:36:13.124+0000] {logging_mixin.py:188} INFO - [2024-02-24T09:36:13.124+0000] {dagbag.py:538} INFO - Filling up the DagBag from /home/airflow/.local/lib/python3.8/site-packages/airflow/example_dags/example_branch_operator.py
[2024-02-24T09:36:13.140+0000] {processor.py:840} INFO - DAG(s) 'example_branch_operator' retrieved from /home/airflow/.local/lib/python3.8/site-packages/airflow/example_dags/example_branch_operator.py
[2024-02-24T09:36:13.166+0000] {logging_mixin.py:188} INFO - [2024-02-24T09:36:13.165+0000] {dag.py:3033} INFO - Sync 1 DAGs
[2024-02-24T09:36:13.185+0000] {logging_mixin.py:188} INFO - [2024-02-24T09:36:13.185+0000] {dag.py:3820} INFO - Setting next_dagrun for example_branch_operator to 2024-02-23T00:00:00+00:00, run_after=2024-02-24T00:00:00+00:00
[2024-02-24T09:36:13.201+0000] {processor.py:183} INFO - Processing /home/airflow/.local/lib/python3.8/site-packages/airflow/example_dags/example_branch_operator.py took 0.082 seconds
[2024-02-24T09:36:43.508+0000] {processor.py:161} INFO - Started process (PID=8625) to work on /home/airflow/.local/lib/python3.8/site-packages/airflow/example_dags/example_branch_operator.py
[2024-02-24T09:36:43.510+0000] {processor.py:830} INFO - Processing file /home/airflow/.local/lib/python3.8/site-packages/airflow/example_dags/example_branch_operator.py for tasks to queue
[2024-02-24T09:36:43.513+0000] {logging_mixin.py:188} INFO - [2024-02-24T09:36:43.513+0000] {dagbag.py:538} INFO - Filling up the DagBag from /home/airflow/.local/lib/python3.8/site-packages/airflow/example_dags/example_branch_operator.py
[2024-02-24T09:36:43.537+0000] {processor.py:840} INFO - DAG(s) 'example_branch_operator' retrieved from /home/airflow/.local/lib/python3.8/site-packages/airflow/example_dags/example_branch_operator.py
[2024-02-24T09:36:43.565+0000] {logging_mixin.py:188} INFO - [2024-02-24T09:36:43.565+0000] {dag.py:3033} INFO - Sync 1 DAGs
[2024-02-24T09:36:43.594+0000] {logging_mixin.py:188} INFO - [2024-02-24T09:36:43.594+0000] {dag.py:3820} INFO - Setting next_dagrun for example_branch_operator to 2024-02-23T00:00:00+00:00, run_after=2024-02-24T00:00:00+00:00
[2024-02-24T09:36:43.617+0000] {processor.py:183} INFO - Processing /home/airflow/.local/lib/python3.8/site-packages/airflow/example_dags/example_branch_operator.py took 0.114 seconds
[2024-02-24T09:37:13.879+0000] {processor.py:161} INFO - Started process (PID=8682) to work on /home/airflow/.local/lib/python3.8/site-packages/airflow/example_dags/example_branch_operator.py
[2024-02-24T09:37:13.880+0000] {processor.py:830} INFO - Processing file /home/airflow/.local/lib/python3.8/site-packages/airflow/example_dags/example_branch_operator.py for tasks to queue
[2024-02-24T09:37:13.882+0000] {logging_mixin.py:188} INFO - [2024-02-24T09:37:13.882+0000] {dagbag.py:538} INFO - Filling up the DagBag from /home/airflow/.local/lib/python3.8/site-packages/airflow/example_dags/example_branch_operator.py
[2024-02-24T09:37:13.898+0000] {processor.py:840} INFO - DAG(s) 'example_branch_operator' retrieved from /home/airflow/.local/lib/python3.8/site-packages/airflow/example_dags/example_branch_operator.py
[2024-02-24T09:37:13.925+0000] {logging_mixin.py:188} INFO - [2024-02-24T09:37:13.924+0000] {dag.py:3033} INFO - Sync 1 DAGs
[2024-02-24T09:37:13.946+0000] {logging_mixin.py:188} INFO - [2024-02-24T09:37:13.945+0000] {dag.py:3820} INFO - Setting next_dagrun for example_branch_operator to 2024-02-23T00:00:00+00:00, run_after=2024-02-24T00:00:00+00:00
[2024-02-24T09:37:13.962+0000] {processor.py:183} INFO - Processing /home/airflow/.local/lib/python3.8/site-packages/airflow/example_dags/example_branch_operator.py took 0.087 seconds
[2024-02-24T09:37:44.131+0000] {processor.py:161} INFO - Started process (PID=8739) to work on /home/airflow/.local/lib/python3.8/site-packages/airflow/example_dags/example_branch_operator.py
[2024-02-24T09:37:44.132+0000] {processor.py:830} INFO - Processing file /home/airflow/.local/lib/python3.8/site-packages/airflow/example_dags/example_branch_operator.py for tasks to queue
[2024-02-24T09:37:44.137+0000] {logging_mixin.py:188} INFO - [2024-02-24T09:37:44.136+0000] {dagbag.py:538} INFO - Filling up the DagBag from /home/airflow/.local/lib/python3.8/site-packages/airflow/example_dags/example_branch_operator.py
[2024-02-24T09:37:44.163+0000] {processor.py:840} INFO - DAG(s) 'example_branch_operator' retrieved from /home/airflow/.local/lib/python3.8/site-packages/airflow/example_dags/example_branch_operator.py
[2024-02-24T09:37:44.203+0000] {logging_mixin.py:188} INFO - [2024-02-24T09:37:44.202+0000] {dag.py:3033} INFO - Sync 1 DAGs
[2024-02-24T09:37:44.228+0000] {logging_mixin.py:188} INFO - [2024-02-24T09:37:44.228+0000] {dag.py:3820} INFO - Setting next_dagrun for example_branch_operator to 2024-02-23T00:00:00+00:00, run_after=2024-02-24T00:00:00+00:00
[2024-02-24T09:37:44.251+0000] {processor.py:183} INFO - Processing /home/airflow/.local/lib/python3.8/site-packages/airflow/example_dags/example_branch_operator.py took 0.124 seconds
[2024-02-24T09:38:14.525+0000] {processor.py:161} INFO - Started process (PID=8796) to work on /home/airflow/.local/lib/python3.8/site-packages/airflow/example_dags/example_branch_operator.py
[2024-02-24T09:38:14.526+0000] {processor.py:830} INFO - Processing file /home/airflow/.local/lib/python3.8/site-packages/airflow/example_dags/example_branch_operator.py for tasks to queue
[2024-02-24T09:38:14.530+0000] {logging_mixin.py:188} INFO - [2024-02-24T09:38:14.529+0000] {dagbag.py:538} INFO - Filling up the DagBag from /home/airflow/.local/lib/python3.8/site-packages/airflow/example_dags/example_branch_operator.py
[2024-02-24T09:38:14.569+0000] {processor.py:840} INFO - DAG(s) 'example_branch_operator' retrieved from /home/airflow/.local/lib/python3.8/site-packages/airflow/example_dags/example_branch_operator.py
[2024-02-24T09:38:14.616+0000] {logging_mixin.py:188} INFO - [2024-02-24T09:38:14.615+0000] {dag.py:3033} INFO - Sync 1 DAGs
[2024-02-24T09:38:14.644+0000] {logging_mixin.py:188} INFO - [2024-02-24T09:38:14.644+0000] {dag.py:3820} INFO - Setting next_dagrun for example_branch_operator to 2024-02-23T00:00:00+00:00, run_after=2024-02-24T00:00:00+00:00
[2024-02-24T09:38:14.667+0000] {processor.py:183} INFO - Processing /home/airflow/.local/lib/python3.8/site-packages/airflow/example_dags/example_branch_operator.py took 0.149 seconds
[2024-02-24T09:38:45.287+0000] {processor.py:161} INFO - Started process (PID=8853) to work on /home/airflow/.local/lib/python3.8/site-packages/airflow/example_dags/example_branch_operator.py
[2024-02-24T09:38:45.288+0000] {processor.py:830} INFO - Processing file /home/airflow/.local/lib/python3.8/site-packages/airflow/example_dags/example_branch_operator.py for tasks to queue
[2024-02-24T09:38:45.291+0000] {logging_mixin.py:188} INFO - [2024-02-24T09:38:45.291+0000] {dagbag.py:538} INFO - Filling up the DagBag from /home/airflow/.local/lib/python3.8/site-packages/airflow/example_dags/example_branch_operator.py
[2024-02-24T09:38:45.316+0000] {processor.py:840} INFO - DAG(s) 'example_branch_operator' retrieved from /home/airflow/.local/lib/python3.8/site-packages/airflow/example_dags/example_branch_operator.py
[2024-02-24T09:38:45.355+0000] {logging_mixin.py:188} INFO - [2024-02-24T09:38:45.353+0000] {dag.py:3033} INFO - Sync 1 DAGs
[2024-02-24T09:38:45.378+0000] {logging_mixin.py:188} INFO - [2024-02-24T09:38:45.378+0000] {dag.py:3820} INFO - Setting next_dagrun for example_branch_operator to 2024-02-23T00:00:00+00:00, run_after=2024-02-24T00:00:00+00:00
[2024-02-24T09:38:45.397+0000] {processor.py:183} INFO - Processing /home/airflow/.local/lib/python3.8/site-packages/airflow/example_dags/example_branch_operator.py took 0.115 seconds
[2024-02-24T09:39:15.901+0000] {processor.py:161} INFO - Started process (PID=8910) to work on /home/airflow/.local/lib/python3.8/site-packages/airflow/example_dags/example_branch_operator.py
[2024-02-24T09:39:15.902+0000] {processor.py:830} INFO - Processing file /home/airflow/.local/lib/python3.8/site-packages/airflow/example_dags/example_branch_operator.py for tasks to queue
[2024-02-24T09:39:15.904+0000] {logging_mixin.py:188} INFO - [2024-02-24T09:39:15.904+0000] {dagbag.py:538} INFO - Filling up the DagBag from /home/airflow/.local/lib/python3.8/site-packages/airflow/example_dags/example_branch_operator.py
[2024-02-24T09:39:15.920+0000] {processor.py:840} INFO - DAG(s) 'example_branch_operator' retrieved from /home/airflow/.local/lib/python3.8/site-packages/airflow/example_dags/example_branch_operator.py
[2024-02-24T09:39:15.950+0000] {logging_mixin.py:188} INFO - [2024-02-24T09:39:15.949+0000] {dag.py:3033} INFO - Sync 1 DAGs
[2024-02-24T09:39:15.971+0000] {logging_mixin.py:188} INFO - [2024-02-24T09:39:15.971+0000] {dag.py:3820} INFO - Setting next_dagrun for example_branch_operator to 2024-02-23T00:00:00+00:00, run_after=2024-02-24T00:00:00+00:00
[2024-02-24T09:39:15.989+0000] {processor.py:183} INFO - Processing /home/airflow/.local/lib/python3.8/site-packages/airflow/example_dags/example_branch_operator.py took 0.090 seconds
[2024-02-24T09:39:46.767+0000] {processor.py:161} INFO - Started process (PID=8967) to work on /home/airflow/.local/lib/python3.8/site-packages/airflow/example_dags/example_branch_operator.py
[2024-02-24T09:39:46.768+0000] {processor.py:830} INFO - Processing file /home/airflow/.local/lib/python3.8/site-packages/airflow/example_dags/example_branch_operator.py for tasks to queue
[2024-02-24T09:39:46.770+0000] {logging_mixin.py:188} INFO - [2024-02-24T09:39:46.770+0000] {dagbag.py:538} INFO - Filling up the DagBag from /home/airflow/.local/lib/python3.8/site-packages/airflow/example_dags/example_branch_operator.py
[2024-02-24T09:39:46.790+0000] {processor.py:840} INFO - DAG(s) 'example_branch_operator' retrieved from /home/airflow/.local/lib/python3.8/site-packages/airflow/example_dags/example_branch_operator.py
[2024-02-24T09:39:46.817+0000] {logging_mixin.py:188} INFO - [2024-02-24T09:39:46.816+0000] {dag.py:3033} INFO - Sync 1 DAGs
[2024-02-24T09:39:46.837+0000] {logging_mixin.py:188} INFO - [2024-02-24T09:39:46.837+0000] {dag.py:3820} INFO - Setting next_dagrun for example_branch_operator to 2024-02-23T00:00:00+00:00, run_after=2024-02-24T00:00:00+00:00
[2024-02-24T09:39:46.855+0000] {processor.py:183} INFO - Processing /home/airflow/.local/lib/python3.8/site-packages/airflow/example_dags/example_branch_operator.py took 0.090 seconds
[2024-02-24T09:40:17.526+0000] {processor.py:161} INFO - Started process (PID=9024) to work on /home/airflow/.local/lib/python3.8/site-packages/airflow/example_dags/example_branch_operator.py
[2024-02-24T09:40:17.526+0000] {processor.py:830} INFO - Processing file /home/airflow/.local/lib/python3.8/site-packages/airflow/example_dags/example_branch_operator.py for tasks to queue
[2024-02-24T09:40:17.529+0000] {logging_mixin.py:188} INFO - [2024-02-24T09:40:17.528+0000] {dagbag.py:538} INFO - Filling up the DagBag from /home/airflow/.local/lib/python3.8/site-packages/airflow/example_dags/example_branch_operator.py
[2024-02-24T09:40:17.547+0000] {processor.py:840} INFO - DAG(s) 'example_branch_operator' retrieved from /home/airflow/.local/lib/python3.8/site-packages/airflow/example_dags/example_branch_operator.py
[2024-02-24T09:40:17.572+0000] {logging_mixin.py:188} INFO - [2024-02-24T09:40:17.572+0000] {dag.py:3033} INFO - Sync 1 DAGs
[2024-02-24T09:40:17.592+0000] {logging_mixin.py:188} INFO - [2024-02-24T09:40:17.592+0000] {dag.py:3820} INFO - Setting next_dagrun for example_branch_operator to 2024-02-23T00:00:00+00:00, run_after=2024-02-24T00:00:00+00:00
[2024-02-24T09:40:17.611+0000] {processor.py:183} INFO - Processing /home/airflow/.local/lib/python3.8/site-packages/airflow/example_dags/example_branch_operator.py took 0.088 seconds
[2024-02-24T09:40:48.286+0000] {processor.py:161} INFO - Started process (PID=9081) to work on /home/airflow/.local/lib/python3.8/site-packages/airflow/example_dags/example_branch_operator.py
[2024-02-24T09:40:48.287+0000] {processor.py:830} INFO - Processing file /home/airflow/.local/lib/python3.8/site-packages/airflow/example_dags/example_branch_operator.py for tasks to queue
[2024-02-24T09:40:48.317+0000] {logging_mixin.py:188} INFO - [2024-02-24T09:40:48.317+0000] {dagbag.py:538} INFO - Filling up the DagBag from /home/airflow/.local/lib/python3.8/site-packages/airflow/example_dags/example_branch_operator.py
[2024-02-24T09:40:48.369+0000] {processor.py:840} INFO - DAG(s) 'example_branch_operator' retrieved from /home/airflow/.local/lib/python3.8/site-packages/airflow/example_dags/example_branch_operator.py
[2024-02-24T09:40:48.464+0000] {logging_mixin.py:188} INFO - [2024-02-24T09:40:48.464+0000] {dag.py:3033} INFO - Sync 1 DAGs
[2024-02-24T09:40:48.542+0000] {logging_mixin.py:188} INFO - [2024-02-24T09:40:48.542+0000] {dag.py:3820} INFO - Setting next_dagrun for example_branch_operator to 2024-02-23T00:00:00+00:00, run_after=2024-02-24T00:00:00+00:00
[2024-02-24T09:40:48.593+0000] {processor.py:183} INFO - Processing /home/airflow/.local/lib/python3.8/site-packages/airflow/example_dags/example_branch_operator.py took 0.311 seconds
[2024-02-24T09:41:19.041+0000] {processor.py:161} INFO - Started process (PID=9138) to work on /home/airflow/.local/lib/python3.8/site-packages/airflow/example_dags/example_branch_operator.py
[2024-02-24T09:41:19.042+0000] {processor.py:830} INFO - Processing file /home/airflow/.local/lib/python3.8/site-packages/airflow/example_dags/example_branch_operator.py for tasks to queue
[2024-02-24T09:41:19.044+0000] {logging_mixin.py:188} INFO - [2024-02-24T09:41:19.043+0000] {dagbag.py:538} INFO - Filling up the DagBag from /home/airflow/.local/lib/python3.8/site-packages/airflow/example_dags/example_branch_operator.py
[2024-02-24T09:41:19.060+0000] {processor.py:840} INFO - DAG(s) 'example_branch_operator' retrieved from /home/airflow/.local/lib/python3.8/site-packages/airflow/example_dags/example_branch_operator.py
[2024-02-24T09:41:19.085+0000] {logging_mixin.py:188} INFO - [2024-02-24T09:41:19.085+0000] {dag.py:3033} INFO - Sync 1 DAGs
[2024-02-24T09:41:19.104+0000] {logging_mixin.py:188} INFO - [2024-02-24T09:41:19.104+0000] {dag.py:3820} INFO - Setting next_dagrun for example_branch_operator to 2024-02-23T00:00:00+00:00, run_after=2024-02-24T00:00:00+00:00
[2024-02-24T09:41:19.120+0000] {processor.py:183} INFO - Processing /home/airflow/.local/lib/python3.8/site-packages/airflow/example_dags/example_branch_operator.py took 0.083 seconds
[2024-02-24T09:41:49.310+0000] {processor.py:161} INFO - Started process (PID=9195) to work on /home/airflow/.local/lib/python3.8/site-packages/airflow/example_dags/example_branch_operator.py
[2024-02-24T09:41:49.311+0000] {processor.py:830} INFO - Processing file /home/airflow/.local/lib/python3.8/site-packages/airflow/example_dags/example_branch_operator.py for tasks to queue
[2024-02-24T09:41:49.313+0000] {logging_mixin.py:188} INFO - [2024-02-24T09:41:49.313+0000] {dagbag.py:538} INFO - Filling up the DagBag from /home/airflow/.local/lib/python3.8/site-packages/airflow/example_dags/example_branch_operator.py
[2024-02-24T09:41:49.329+0000] {processor.py:840} INFO - DAG(s) 'example_branch_operator' retrieved from /home/airflow/.local/lib/python3.8/site-packages/airflow/example_dags/example_branch_operator.py
[2024-02-24T09:41:49.353+0000] {logging_mixin.py:188} INFO - [2024-02-24T09:41:49.352+0000] {dag.py:3033} INFO - Sync 1 DAGs
[2024-02-24T09:41:49.373+0000] {logging_mixin.py:188} INFO - [2024-02-24T09:41:49.372+0000] {dag.py:3820} INFO - Setting next_dagrun for example_branch_operator to 2024-02-23T00:00:00+00:00, run_after=2024-02-24T00:00:00+00:00
[2024-02-24T09:41:49.389+0000] {processor.py:183} INFO - Processing /home/airflow/.local/lib/python3.8/site-packages/airflow/example_dags/example_branch_operator.py took 0.083 seconds
[2024-02-24T09:42:19.989+0000] {processor.py:161} INFO - Started process (PID=9252) to work on /home/airflow/.local/lib/python3.8/site-packages/airflow/example_dags/example_branch_operator.py
[2024-02-24T09:42:19.989+0000] {processor.py:830} INFO - Processing file /home/airflow/.local/lib/python3.8/site-packages/airflow/example_dags/example_branch_operator.py for tasks to queue
[2024-02-24T09:42:19.992+0000] {logging_mixin.py:188} INFO - [2024-02-24T09:42:19.991+0000] {dagbag.py:538} INFO - Filling up the DagBag from /home/airflow/.local/lib/python3.8/site-packages/airflow/example_dags/example_branch_operator.py
[2024-02-24T09:42:20.008+0000] {processor.py:840} INFO - DAG(s) 'example_branch_operator' retrieved from /home/airflow/.local/lib/python3.8/site-packages/airflow/example_dags/example_branch_operator.py
[2024-02-24T09:42:20.033+0000] {logging_mixin.py:188} INFO - [2024-02-24T09:42:20.032+0000] {dag.py:3033} INFO - Sync 1 DAGs
[2024-02-24T09:42:20.052+0000] {logging_mixin.py:188} INFO - [2024-02-24T09:42:20.052+0000] {dag.py:3820} INFO - Setting next_dagrun for example_branch_operator to 2024-02-23T00:00:00+00:00, run_after=2024-02-24T00:00:00+00:00
[2024-02-24T09:42:20.069+0000] {processor.py:183} INFO - Processing /home/airflow/.local/lib/python3.8/site-packages/airflow/example_dags/example_branch_operator.py took 0.083 seconds
[2024-02-24T09:42:50.678+0000] {processor.py:161} INFO - Started process (PID=9309) to work on /home/airflow/.local/lib/python3.8/site-packages/airflow/example_dags/example_branch_operator.py
[2024-02-24T09:42:50.678+0000] {processor.py:830} INFO - Processing file /home/airflow/.local/lib/python3.8/site-packages/airflow/example_dags/example_branch_operator.py for tasks to queue
[2024-02-24T09:42:50.680+0000] {logging_mixin.py:188} INFO - [2024-02-24T09:42:50.680+0000] {dagbag.py:538} INFO - Filling up the DagBag from /home/airflow/.local/lib/python3.8/site-packages/airflow/example_dags/example_branch_operator.py
[2024-02-24T09:42:50.696+0000] {processor.py:840} INFO - DAG(s) 'example_branch_operator' retrieved from /home/airflow/.local/lib/python3.8/site-packages/airflow/example_dags/example_branch_operator.py
[2024-02-24T09:42:50.721+0000] {logging_mixin.py:188} INFO - [2024-02-24T09:42:50.720+0000] {dag.py:3033} INFO - Sync 1 DAGs
[2024-02-24T09:42:50.740+0000] {logging_mixin.py:188} INFO - [2024-02-24T09:42:50.740+0000] {dag.py:3820} INFO - Setting next_dagrun for example_branch_operator to 2024-02-23T00:00:00+00:00, run_after=2024-02-24T00:00:00+00:00
[2024-02-24T09:42:50.758+0000] {processor.py:183} INFO - Processing /home/airflow/.local/lib/python3.8/site-packages/airflow/example_dags/example_branch_operator.py took 0.083 seconds
[2024-02-24T09:43:21.449+0000] {processor.py:161} INFO - Started process (PID=9366) to work on /home/airflow/.local/lib/python3.8/site-packages/airflow/example_dags/example_branch_operator.py
[2024-02-24T09:43:21.450+0000] {processor.py:830} INFO - Processing file /home/airflow/.local/lib/python3.8/site-packages/airflow/example_dags/example_branch_operator.py for tasks to queue
[2024-02-24T09:43:21.452+0000] {logging_mixin.py:188} INFO - [2024-02-24T09:43:21.452+0000] {dagbag.py:538} INFO - Filling up the DagBag from /home/airflow/.local/lib/python3.8/site-packages/airflow/example_dags/example_branch_operator.py
[2024-02-24T09:43:21.468+0000] {processor.py:840} INFO - DAG(s) 'example_branch_operator' retrieved from /home/airflow/.local/lib/python3.8/site-packages/airflow/example_dags/example_branch_operator.py
[2024-02-24T09:43:21.492+0000] {logging_mixin.py:188} INFO - [2024-02-24T09:43:21.492+0000] {dag.py:3033} INFO - Sync 1 DAGs
[2024-02-24T09:43:21.512+0000] {logging_mixin.py:188} INFO - [2024-02-24T09:43:21.512+0000] {dag.py:3820} INFO - Setting next_dagrun for example_branch_operator to 2024-02-23T00:00:00+00:00, run_after=2024-02-24T00:00:00+00:00
[2024-02-24T09:43:21.529+0000] {processor.py:183} INFO - Processing /home/airflow/.local/lib/python3.8/site-packages/airflow/example_dags/example_branch_operator.py took 0.083 seconds
[2024-02-24T09:43:52.149+0000] {processor.py:161} INFO - Started process (PID=9429) to work on /home/airflow/.local/lib/python3.8/site-packages/airflow/example_dags/example_branch_operator.py
[2024-02-24T09:43:52.150+0000] {processor.py:830} INFO - Processing file /home/airflow/.local/lib/python3.8/site-packages/airflow/example_dags/example_branch_operator.py for tasks to queue
[2024-02-24T09:43:52.152+0000] {logging_mixin.py:188} INFO - [2024-02-24T09:43:52.152+0000] {dagbag.py:538} INFO - Filling up the DagBag from /home/airflow/.local/lib/python3.8/site-packages/airflow/example_dags/example_branch_operator.py
[2024-02-24T09:43:52.169+0000] {processor.py:840} INFO - DAG(s) 'example_branch_operator' retrieved from /home/airflow/.local/lib/python3.8/site-packages/airflow/example_dags/example_branch_operator.py
[2024-02-24T09:43:52.193+0000] {logging_mixin.py:188} INFO - [2024-02-24T09:43:52.192+0000] {dag.py:3033} INFO - Sync 1 DAGs
[2024-02-24T09:43:52.212+0000] {logging_mixin.py:188} INFO - [2024-02-24T09:43:52.212+0000] {dag.py:3820} INFO - Setting next_dagrun for example_branch_operator to 2024-02-23T00:00:00+00:00, run_after=2024-02-24T00:00:00+00:00
[2024-02-24T09:43:52.230+0000] {processor.py:183} INFO - Processing /home/airflow/.local/lib/python3.8/site-packages/airflow/example_dags/example_branch_operator.py took 0.084 seconds
[2024-02-24T09:44:22.962+0000] {processor.py:161} INFO - Started process (PID=9486) to work on /home/airflow/.local/lib/python3.8/site-packages/airflow/example_dags/example_branch_operator.py
[2024-02-24T09:44:22.963+0000] {processor.py:830} INFO - Processing file /home/airflow/.local/lib/python3.8/site-packages/airflow/example_dags/example_branch_operator.py for tasks to queue
[2024-02-24T09:44:22.965+0000] {logging_mixin.py:188} INFO - [2024-02-24T09:44:22.965+0000] {dagbag.py:538} INFO - Filling up the DagBag from /home/airflow/.local/lib/python3.8/site-packages/airflow/example_dags/example_branch_operator.py
[2024-02-24T09:44:22.981+0000] {processor.py:840} INFO - DAG(s) 'example_branch_operator' retrieved from /home/airflow/.local/lib/python3.8/site-packages/airflow/example_dags/example_branch_operator.py
[2024-02-24T09:44:23.007+0000] {logging_mixin.py:188} INFO - [2024-02-24T09:44:23.006+0000] {dag.py:3033} INFO - Sync 1 DAGs
[2024-02-24T09:44:23.027+0000] {logging_mixin.py:188} INFO - [2024-02-24T09:44:23.027+0000] {dag.py:3820} INFO - Setting next_dagrun for example_branch_operator to 2024-02-23T00:00:00+00:00, run_after=2024-02-24T00:00:00+00:00
[2024-02-24T09:44:23.045+0000] {processor.py:183} INFO - Processing /home/airflow/.local/lib/python3.8/site-packages/airflow/example_dags/example_branch_operator.py took 0.085 seconds
[2024-02-24T09:44:53.710+0000] {processor.py:161} INFO - Started process (PID=9543) to work on /home/airflow/.local/lib/python3.8/site-packages/airflow/example_dags/example_branch_operator.py
[2024-02-24T09:44:53.711+0000] {processor.py:830} INFO - Processing file /home/airflow/.local/lib/python3.8/site-packages/airflow/example_dags/example_branch_operator.py for tasks to queue
[2024-02-24T09:44:53.713+0000] {logging_mixin.py:188} INFO - [2024-02-24T09:44:53.713+0000] {dagbag.py:538} INFO - Filling up the DagBag from /home/airflow/.local/lib/python3.8/site-packages/airflow/example_dags/example_branch_operator.py
[2024-02-24T09:44:53.730+0000] {processor.py:840} INFO - DAG(s) 'example_branch_operator' retrieved from /home/airflow/.local/lib/python3.8/site-packages/airflow/example_dags/example_branch_operator.py
[2024-02-24T09:44:53.754+0000] {logging_mixin.py:188} INFO - [2024-02-24T09:44:53.753+0000] {dag.py:3033} INFO - Sync 1 DAGs
[2024-02-24T09:44:53.774+0000] {logging_mixin.py:188} INFO - [2024-02-24T09:44:53.774+0000] {dag.py:3820} INFO - Setting next_dagrun for example_branch_operator to 2024-02-23T00:00:00+00:00, run_after=2024-02-24T00:00:00+00:00
[2024-02-24T09:44:53.793+0000] {processor.py:183} INFO - Processing /home/airflow/.local/lib/python3.8/site-packages/airflow/example_dags/example_branch_operator.py took 0.085 seconds
[2024-02-24T09:45:24.432+0000] {processor.py:161} INFO - Started process (PID=9600) to work on /home/airflow/.local/lib/python3.8/site-packages/airflow/example_dags/example_branch_operator.py
[2024-02-24T09:45:24.432+0000] {processor.py:830} INFO - Processing file /home/airflow/.local/lib/python3.8/site-packages/airflow/example_dags/example_branch_operator.py for tasks to queue
[2024-02-24T09:45:24.435+0000] {logging_mixin.py:188} INFO - [2024-02-24T09:45:24.434+0000] {dagbag.py:538} INFO - Filling up the DagBag from /home/airflow/.local/lib/python3.8/site-packages/airflow/example_dags/example_branch_operator.py
[2024-02-24T09:45:24.452+0000] {processor.py:840} INFO - DAG(s) 'example_branch_operator' retrieved from /home/airflow/.local/lib/python3.8/site-packages/airflow/example_dags/example_branch_operator.py
[2024-02-24T09:45:24.476+0000] {logging_mixin.py:188} INFO - [2024-02-24T09:45:24.475+0000] {dag.py:3033} INFO - Sync 1 DAGs
[2024-02-24T09:45:24.495+0000] {logging_mixin.py:188} INFO - [2024-02-24T09:45:24.494+0000] {dag.py:3820} INFO - Setting next_dagrun for example_branch_operator to 2024-02-23T00:00:00+00:00, run_after=2024-02-24T00:00:00+00:00
[2024-02-24T09:45:24.511+0000] {processor.py:183} INFO - Processing /home/airflow/.local/lib/python3.8/site-packages/airflow/example_dags/example_branch_operator.py took 0.082 seconds
[2024-02-24T09:45:55.349+0000] {processor.py:161} INFO - Started process (PID=9657) to work on /home/airflow/.local/lib/python3.8/site-packages/airflow/example_dags/example_branch_operator.py
[2024-02-24T09:45:55.350+0000] {processor.py:830} INFO - Processing file /home/airflow/.local/lib/python3.8/site-packages/airflow/example_dags/example_branch_operator.py for tasks to queue
[2024-02-24T09:45:55.352+0000] {logging_mixin.py:188} INFO - [2024-02-24T09:45:55.352+0000] {dagbag.py:538} INFO - Filling up the DagBag from /home/airflow/.local/lib/python3.8/site-packages/airflow/example_dags/example_branch_operator.py
[2024-02-24T09:45:55.370+0000] {processor.py:840} INFO - DAG(s) 'example_branch_operator' retrieved from /home/airflow/.local/lib/python3.8/site-packages/airflow/example_dags/example_branch_operator.py
[2024-02-24T09:45:55.397+0000] {logging_mixin.py:188} INFO - [2024-02-24T09:45:55.396+0000] {dag.py:3033} INFO - Sync 1 DAGs
[2024-02-24T09:45:55.419+0000] {logging_mixin.py:188} INFO - [2024-02-24T09:45:55.419+0000] {dag.py:3820} INFO - Setting next_dagrun for example_branch_operator to 2024-02-23T00:00:00+00:00, run_after=2024-02-24T00:00:00+00:00
[2024-02-24T09:45:55.437+0000] {processor.py:183} INFO - Processing /home/airflow/.local/lib/python3.8/site-packages/airflow/example_dags/example_branch_operator.py took 0.091 seconds
[2024-02-24T09:46:26.192+0000] {processor.py:161} INFO - Started process (PID=9714) to work on /home/airflow/.local/lib/python3.8/site-packages/airflow/example_dags/example_branch_operator.py
[2024-02-24T09:46:26.192+0000] {processor.py:830} INFO - Processing file /home/airflow/.local/lib/python3.8/site-packages/airflow/example_dags/example_branch_operator.py for tasks to queue
[2024-02-24T09:46:26.195+0000] {logging_mixin.py:188} INFO - [2024-02-24T09:46:26.194+0000] {dagbag.py:538} INFO - Filling up the DagBag from /home/airflow/.local/lib/python3.8/site-packages/airflow/example_dags/example_branch_operator.py
[2024-02-24T09:46:26.212+0000] {processor.py:840} INFO - DAG(s) 'example_branch_operator' retrieved from /home/airflow/.local/lib/python3.8/site-packages/airflow/example_dags/example_branch_operator.py
[2024-02-24T09:46:26.242+0000] {logging_mixin.py:188} INFO - [2024-02-24T09:46:26.241+0000] {dag.py:3033} INFO - Sync 1 DAGs
[2024-02-24T09:46:26.265+0000] {logging_mixin.py:188} INFO - [2024-02-24T09:46:26.265+0000] {dag.py:3820} INFO - Setting next_dagrun for example_branch_operator to 2024-02-23T00:00:00+00:00, run_after=2024-02-24T00:00:00+00:00
[2024-02-24T09:46:26.286+0000] {processor.py:183} INFO - Processing /home/airflow/.local/lib/python3.8/site-packages/airflow/example_dags/example_branch_operator.py took 0.097 seconds
[2024-02-24T09:46:56.957+0000] {processor.py:161} INFO - Started process (PID=9771) to work on /home/airflow/.local/lib/python3.8/site-packages/airflow/example_dags/example_branch_operator.py
[2024-02-24T09:46:56.958+0000] {processor.py:830} INFO - Processing file /home/airflow/.local/lib/python3.8/site-packages/airflow/example_dags/example_branch_operator.py for tasks to queue
[2024-02-24T09:46:56.960+0000] {logging_mixin.py:188} INFO - [2024-02-24T09:46:56.960+0000] {dagbag.py:538} INFO - Filling up the DagBag from /home/airflow/.local/lib/python3.8/site-packages/airflow/example_dags/example_branch_operator.py
[2024-02-24T09:46:56.986+0000] {processor.py:840} INFO - DAG(s) 'example_branch_operator' retrieved from /home/airflow/.local/lib/python3.8/site-packages/airflow/example_dags/example_branch_operator.py
[2024-02-24T09:46:57.017+0000] {logging_mixin.py:188} INFO - [2024-02-24T09:46:57.017+0000] {dag.py:3033} INFO - Sync 1 DAGs
[2024-02-24T09:46:57.045+0000] {logging_mixin.py:188} INFO - [2024-02-24T09:46:57.045+0000] {dag.py:3820} INFO - Setting next_dagrun for example_branch_operator to 2024-02-23T00:00:00+00:00, run_after=2024-02-24T00:00:00+00:00
[2024-02-24T09:46:57.067+0000] {processor.py:183} INFO - Processing /home/airflow/.local/lib/python3.8/site-packages/airflow/example_dags/example_branch_operator.py took 0.114 seconds
[2024-02-24T09:47:27.725+0000] {processor.py:161} INFO - Started process (PID=9828) to work on /home/airflow/.local/lib/python3.8/site-packages/airflow/example_dags/example_branch_operator.py
[2024-02-24T09:47:27.726+0000] {processor.py:830} INFO - Processing file /home/airflow/.local/lib/python3.8/site-packages/airflow/example_dags/example_branch_operator.py for tasks to queue
[2024-02-24T09:47:27.728+0000] {logging_mixin.py:188} INFO - [2024-02-24T09:47:27.728+0000] {dagbag.py:538} INFO - Filling up the DagBag from /home/airflow/.local/lib/python3.8/site-packages/airflow/example_dags/example_branch_operator.py
[2024-02-24T09:47:27.744+0000] {processor.py:840} INFO - DAG(s) 'example_branch_operator' retrieved from /home/airflow/.local/lib/python3.8/site-packages/airflow/example_dags/example_branch_operator.py
[2024-02-24T09:47:27.772+0000] {logging_mixin.py:188} INFO - [2024-02-24T09:47:27.771+0000] {dag.py:3033} INFO - Sync 1 DAGs
[2024-02-24T09:47:27.794+0000] {logging_mixin.py:188} INFO - [2024-02-24T09:47:27.794+0000] {dag.py:3820} INFO - Setting next_dagrun for example_branch_operator to 2024-02-23T00:00:00+00:00, run_after=2024-02-24T00:00:00+00:00
[2024-02-24T09:47:27.811+0000] {processor.py:183} INFO - Processing /home/airflow/.local/lib/python3.8/site-packages/airflow/example_dags/example_branch_operator.py took 0.089 seconds
[2024-02-24T09:47:58.524+0000] {processor.py:161} INFO - Started process (PID=9885) to work on /home/airflow/.local/lib/python3.8/site-packages/airflow/example_dags/example_branch_operator.py
[2024-02-24T09:47:58.525+0000] {processor.py:830} INFO - Processing file /home/airflow/.local/lib/python3.8/site-packages/airflow/example_dags/example_branch_operator.py for tasks to queue
[2024-02-24T09:47:58.527+0000] {logging_mixin.py:188} INFO - [2024-02-24T09:47:58.526+0000] {dagbag.py:538} INFO - Filling up the DagBag from /home/airflow/.local/lib/python3.8/site-packages/airflow/example_dags/example_branch_operator.py
[2024-02-24T09:47:58.544+0000] {processor.py:840} INFO - DAG(s) 'example_branch_operator' retrieved from /home/airflow/.local/lib/python3.8/site-packages/airflow/example_dags/example_branch_operator.py
[2024-02-24T09:47:58.573+0000] {logging_mixin.py:188} INFO - [2024-02-24T09:47:58.573+0000] {dag.py:3033} INFO - Sync 1 DAGs
[2024-02-24T09:47:58.596+0000] {logging_mixin.py:188} INFO - [2024-02-24T09:47:58.596+0000] {dag.py:3820} INFO - Setting next_dagrun for example_branch_operator to 2024-02-23T00:00:00+00:00, run_after=2024-02-24T00:00:00+00:00
[2024-02-24T09:47:58.615+0000] {processor.py:183} INFO - Processing /home/airflow/.local/lib/python3.8/site-packages/airflow/example_dags/example_branch_operator.py took 0.095 seconds
[2024-02-24T09:48:28.690+0000] {processor.py:161} INFO - Started process (PID=9942) to work on /home/airflow/.local/lib/python3.8/site-packages/airflow/example_dags/example_branch_operator.py
[2024-02-24T09:48:28.691+0000] {processor.py:830} INFO - Processing file /home/airflow/.local/lib/python3.8/site-packages/airflow/example_dags/example_branch_operator.py for tasks to queue
[2024-02-24T09:48:28.694+0000] {logging_mixin.py:188} INFO - [2024-02-24T09:48:28.694+0000] {dagbag.py:538} INFO - Filling up the DagBag from /home/airflow/.local/lib/python3.8/site-packages/airflow/example_dags/example_branch_operator.py
[2024-02-24T09:48:28.719+0000] {processor.py:840} INFO - DAG(s) 'example_branch_operator' retrieved from /home/airflow/.local/lib/python3.8/site-packages/airflow/example_dags/example_branch_operator.py
[2024-02-24T09:48:28.752+0000] {logging_mixin.py:188} INFO - [2024-02-24T09:48:28.751+0000] {dag.py:3033} INFO - Sync 1 DAGs
[2024-02-24T09:48:28.780+0000] {logging_mixin.py:188} INFO - [2024-02-24T09:48:28.780+0000] {dag.py:3820} INFO - Setting next_dagrun for example_branch_operator to 2024-02-23T00:00:00+00:00, run_after=2024-02-24T00:00:00+00:00
[2024-02-24T09:48:28.803+0000] {processor.py:183} INFO - Processing /home/airflow/.local/lib/python3.8/site-packages/airflow/example_dags/example_branch_operator.py took 0.119 seconds
[2024-02-24T09:48:59.123+0000] {processor.py:161} INFO - Started process (PID=9999) to work on /home/airflow/.local/lib/python3.8/site-packages/airflow/example_dags/example_branch_operator.py
[2024-02-24T09:48:59.124+0000] {processor.py:830} INFO - Processing file /home/airflow/.local/lib/python3.8/site-packages/airflow/example_dags/example_branch_operator.py for tasks to queue
[2024-02-24T09:48:59.127+0000] {logging_mixin.py:188} INFO - [2024-02-24T09:48:59.126+0000] {dagbag.py:538} INFO - Filling up the DagBag from /home/airflow/.local/lib/python3.8/site-packages/airflow/example_dags/example_branch_operator.py
[2024-02-24T09:48:59.143+0000] {processor.py:840} INFO - DAG(s) 'example_branch_operator' retrieved from /home/airflow/.local/lib/python3.8/site-packages/airflow/example_dags/example_branch_operator.py
[2024-02-24T09:48:59.176+0000] {logging_mixin.py:188} INFO - [2024-02-24T09:48:59.174+0000] {dag.py:3033} INFO - Sync 1 DAGs
[2024-02-24T09:48:59.202+0000] {logging_mixin.py:188} INFO - [2024-02-24T09:48:59.202+0000] {dag.py:3820} INFO - Setting next_dagrun for example_branch_operator to 2024-02-23T00:00:00+00:00, run_after=2024-02-24T00:00:00+00:00
[2024-02-24T09:48:59.222+0000] {processor.py:183} INFO - Processing /home/airflow/.local/lib/python3.8/site-packages/airflow/example_dags/example_branch_operator.py took 0.103 seconds
