[2024-02-24T09:35:44.874+0000] {processor.py:161} INFO - Started process (PID=8529) to work on /home/airflow/.local/lib/python3.8/site-packages/airflow/example_dags/example_branch_operator_decorator.py
[2024-02-24T09:35:44.876+0000] {processor.py:830} INFO - Processing file /home/airflow/.local/lib/python3.8/site-packages/airflow/example_dags/example_branch_operator_decorator.py for tasks to queue
[2024-02-24T09:35:44.879+0000] {logging_mixin.py:188} INFO - [2024-02-24T09:35:44.879+0000] {dagbag.py:538} INFO - Filling up the DagBag from /home/airflow/.local/lib/python3.8/site-packages/airflow/example_dags/example_branch_operator_decorator.py
[2024-02-24T09:35:44.914+0000] {processor.py:840} INFO - DAG(s) 'example_branch_python_operator_decorator' retrieved from /home/airflow/.local/lib/python3.8/site-packages/airflow/example_dags/example_branch_operator_decorator.py
[2024-02-24T09:35:44.951+0000] {logging_mixin.py:188} INFO - [2024-02-24T09:35:44.950+0000] {dag.py:3033} INFO - Sync 1 DAGs
[2024-02-24T09:35:44.980+0000] {logging_mixin.py:188} INFO - [2024-02-24T09:35:44.980+0000] {dag.py:3820} INFO - Setting next_dagrun for example_branch_python_operator_decorator to 2024-02-23T00:00:00+00:00, run_after=2024-02-24T00:00:00+00:00
[2024-02-24T09:35:45.010+0000] {processor.py:183} INFO - Processing /home/airflow/.local/lib/python3.8/site-packages/airflow/example_dags/example_branch_operator_decorator.py took 0.143 seconds
[2024-02-24T09:36:15.136+0000] {processor.py:161} INFO - Started process (PID=8586) to work on /home/airflow/.local/lib/python3.8/site-packages/airflow/example_dags/example_branch_operator_decorator.py
[2024-02-24T09:36:15.136+0000] {processor.py:830} INFO - Processing file /home/airflow/.local/lib/python3.8/site-packages/airflow/example_dags/example_branch_operator_decorator.py for tasks to queue
[2024-02-24T09:36:15.139+0000] {logging_mixin.py:188} INFO - [2024-02-24T09:36:15.139+0000] {dagbag.py:538} INFO - Filling up the DagBag from /home/airflow/.local/lib/python3.8/site-packages/airflow/example_dags/example_branch_operator_decorator.py
[2024-02-24T09:36:15.157+0000] {processor.py:840} INFO - DAG(s) 'example_branch_python_operator_decorator' retrieved from /home/airflow/.local/lib/python3.8/site-packages/airflow/example_dags/example_branch_operator_decorator.py
[2024-02-24T09:36:15.181+0000] {logging_mixin.py:188} INFO - [2024-02-24T09:36:15.180+0000] {dag.py:3033} INFO - Sync 1 DAGs
[2024-02-24T09:36:15.200+0000] {logging_mixin.py:188} INFO - [2024-02-24T09:36:15.200+0000] {dag.py:3820} INFO - Setting next_dagrun for example_branch_python_operator_decorator to 2024-02-23T00:00:00+00:00, run_after=2024-02-24T00:00:00+00:00
[2024-02-24T09:36:15.217+0000] {processor.py:183} INFO - Processing /home/airflow/.local/lib/python3.8/site-packages/airflow/example_dags/example_branch_operator_decorator.py took 0.085 seconds
[2024-02-24T09:36:45.707+0000] {processor.py:161} INFO - Started process (PID=8643) to work on /home/airflow/.local/lib/python3.8/site-packages/airflow/example_dags/example_branch_operator_decorator.py
[2024-02-24T09:36:45.708+0000] {processor.py:830} INFO - Processing file /home/airflow/.local/lib/python3.8/site-packages/airflow/example_dags/example_branch_operator_decorator.py for tasks to queue
[2024-02-24T09:36:45.710+0000] {logging_mixin.py:188} INFO - [2024-02-24T09:36:45.710+0000] {dagbag.py:538} INFO - Filling up the DagBag from /home/airflow/.local/lib/python3.8/site-packages/airflow/example_dags/example_branch_operator_decorator.py
[2024-02-24T09:36:45.731+0000] {processor.py:840} INFO - DAG(s) 'example_branch_python_operator_decorator' retrieved from /home/airflow/.local/lib/python3.8/site-packages/airflow/example_dags/example_branch_operator_decorator.py
[2024-02-24T09:36:45.762+0000] {logging_mixin.py:188} INFO - [2024-02-24T09:36:45.761+0000] {dag.py:3033} INFO - Sync 1 DAGs
[2024-02-24T09:36:45.787+0000] {logging_mixin.py:188} INFO - [2024-02-24T09:36:45.786+0000] {dag.py:3820} INFO - Setting next_dagrun for example_branch_python_operator_decorator to 2024-02-23T00:00:00+00:00, run_after=2024-02-24T00:00:00+00:00
[2024-02-24T09:36:45.811+0000] {processor.py:183} INFO - Processing /home/airflow/.local/lib/python3.8/site-packages/airflow/example_dags/example_branch_operator_decorator.py took 0.108 seconds
[2024-02-24T09:37:16.016+0000] {processor.py:161} INFO - Started process (PID=8700) to work on /home/airflow/.local/lib/python3.8/site-packages/airflow/example_dags/example_branch_operator_decorator.py
[2024-02-24T09:37:16.017+0000] {processor.py:830} INFO - Processing file /home/airflow/.local/lib/python3.8/site-packages/airflow/example_dags/example_branch_operator_decorator.py for tasks to queue
[2024-02-24T09:37:16.019+0000] {logging_mixin.py:188} INFO - [2024-02-24T09:37:16.018+0000] {dagbag.py:538} INFO - Filling up the DagBag from /home/airflow/.local/lib/python3.8/site-packages/airflow/example_dags/example_branch_operator_decorator.py
[2024-02-24T09:37:16.035+0000] {processor.py:840} INFO - DAG(s) 'example_branch_python_operator_decorator' retrieved from /home/airflow/.local/lib/python3.8/site-packages/airflow/example_dags/example_branch_operator_decorator.py
[2024-02-24T09:37:16.062+0000] {logging_mixin.py:188} INFO - [2024-02-24T09:37:16.061+0000] {dag.py:3033} INFO - Sync 1 DAGs
[2024-02-24T09:37:16.084+0000] {logging_mixin.py:188} INFO - [2024-02-24T09:37:16.084+0000] {dag.py:3820} INFO - Setting next_dagrun for example_branch_python_operator_decorator to 2024-02-23T00:00:00+00:00, run_after=2024-02-24T00:00:00+00:00
[2024-02-24T09:37:16.103+0000] {processor.py:183} INFO - Processing /home/airflow/.local/lib/python3.8/site-packages/airflow/example_dags/example_branch_operator_decorator.py took 0.090 seconds
[2024-02-24T09:37:46.284+0000] {processor.py:161} INFO - Started process (PID=8757) to work on /home/airflow/.local/lib/python3.8/site-packages/airflow/example_dags/example_branch_operator_decorator.py
[2024-02-24T09:37:46.285+0000] {processor.py:830} INFO - Processing file /home/airflow/.local/lib/python3.8/site-packages/airflow/example_dags/example_branch_operator_decorator.py for tasks to queue
[2024-02-24T09:37:46.287+0000] {logging_mixin.py:188} INFO - [2024-02-24T09:37:46.287+0000] {dagbag.py:538} INFO - Filling up the DagBag from /home/airflow/.local/lib/python3.8/site-packages/airflow/example_dags/example_branch_operator_decorator.py
[2024-02-24T09:37:46.310+0000] {processor.py:840} INFO - DAG(s) 'example_branch_python_operator_decorator' retrieved from /home/airflow/.local/lib/python3.8/site-packages/airflow/example_dags/example_branch_operator_decorator.py
[2024-02-24T09:37:46.348+0000] {logging_mixin.py:188} INFO - [2024-02-24T09:37:46.347+0000] {dag.py:3033} INFO - Sync 1 DAGs
[2024-02-24T09:37:46.376+0000] {logging_mixin.py:188} INFO - [2024-02-24T09:37:46.376+0000] {dag.py:3820} INFO - Setting next_dagrun for example_branch_python_operator_decorator to 2024-02-23T00:00:00+00:00, run_after=2024-02-24T00:00:00+00:00
[2024-02-24T09:37:46.400+0000] {processor.py:183} INFO - Processing /home/airflow/.local/lib/python3.8/site-packages/airflow/example_dags/example_branch_operator_decorator.py took 0.119 seconds
[2024-02-24T09:38:16.686+0000] {processor.py:161} INFO - Started process (PID=8814) to work on /home/airflow/.local/lib/python3.8/site-packages/airflow/example_dags/example_branch_operator_decorator.py
[2024-02-24T09:38:16.687+0000] {processor.py:830} INFO - Processing file /home/airflow/.local/lib/python3.8/site-packages/airflow/example_dags/example_branch_operator_decorator.py for tasks to queue
[2024-02-24T09:38:16.689+0000] {logging_mixin.py:188} INFO - [2024-02-24T09:38:16.689+0000] {dagbag.py:538} INFO - Filling up the DagBag from /home/airflow/.local/lib/python3.8/site-packages/airflow/example_dags/example_branch_operator_decorator.py
[2024-02-24T09:38:16.715+0000] {processor.py:840} INFO - DAG(s) 'example_branch_python_operator_decorator' retrieved from /home/airflow/.local/lib/python3.8/site-packages/airflow/example_dags/example_branch_operator_decorator.py
[2024-02-24T09:38:16.746+0000] {logging_mixin.py:188} INFO - [2024-02-24T09:38:16.745+0000] {dag.py:3033} INFO - Sync 1 DAGs
[2024-02-24T09:38:16.771+0000] {logging_mixin.py:188} INFO - [2024-02-24T09:38:16.771+0000] {dag.py:3820} INFO - Setting next_dagrun for example_branch_python_operator_decorator to 2024-02-23T00:00:00+00:00, run_after=2024-02-24T00:00:00+00:00
[2024-02-24T09:38:16.793+0000] {processor.py:183} INFO - Processing /home/airflow/.local/lib/python3.8/site-packages/airflow/example_dags/example_branch_operator_decorator.py took 0.112 seconds
[2024-02-24T09:38:47.432+0000] {processor.py:161} INFO - Started process (PID=8871) to work on /home/airflow/.local/lib/python3.8/site-packages/airflow/example_dags/example_branch_operator_decorator.py
[2024-02-24T09:38:47.434+0000] {processor.py:830} INFO - Processing file /home/airflow/.local/lib/python3.8/site-packages/airflow/example_dags/example_branch_operator_decorator.py for tasks to queue
[2024-02-24T09:38:47.437+0000] {logging_mixin.py:188} INFO - [2024-02-24T09:38:47.437+0000] {dagbag.py:538} INFO - Filling up the DagBag from /home/airflow/.local/lib/python3.8/site-packages/airflow/example_dags/example_branch_operator_decorator.py
[2024-02-24T09:38:47.461+0000] {processor.py:840} INFO - DAG(s) 'example_branch_python_operator_decorator' retrieved from /home/airflow/.local/lib/python3.8/site-packages/airflow/example_dags/example_branch_operator_decorator.py
[2024-02-24T09:38:47.495+0000] {logging_mixin.py:188} INFO - [2024-02-24T09:38:47.495+0000] {dag.py:3033} INFO - Sync 1 DAGs
[2024-02-24T09:38:47.522+0000] {logging_mixin.py:188} INFO - [2024-02-24T09:38:47.522+0000] {dag.py:3820} INFO - Setting next_dagrun for example_branch_python_operator_decorator to 2024-02-23T00:00:00+00:00, run_after=2024-02-24T00:00:00+00:00
[2024-02-24T09:38:47.540+0000] {processor.py:183} INFO - Processing /home/airflow/.local/lib/python3.8/site-packages/airflow/example_dags/example_branch_operator_decorator.py took 0.112 seconds
[2024-02-24T09:39:17.825+0000] {processor.py:161} INFO - Started process (PID=8928) to work on /home/airflow/.local/lib/python3.8/site-packages/airflow/example_dags/example_branch_operator_decorator.py
[2024-02-24T09:39:17.826+0000] {processor.py:830} INFO - Processing file /home/airflow/.local/lib/python3.8/site-packages/airflow/example_dags/example_branch_operator_decorator.py for tasks to queue
[2024-02-24T09:39:17.829+0000] {logging_mixin.py:188} INFO - [2024-02-24T09:39:17.828+0000] {dagbag.py:538} INFO - Filling up the DagBag from /home/airflow/.local/lib/python3.8/site-packages/airflow/example_dags/example_branch_operator_decorator.py
[2024-02-24T09:39:17.847+0000] {processor.py:840} INFO - DAG(s) 'example_branch_python_operator_decorator' retrieved from /home/airflow/.local/lib/python3.8/site-packages/airflow/example_dags/example_branch_operator_decorator.py
[2024-02-24T09:39:17.873+0000] {logging_mixin.py:188} INFO - [2024-02-24T09:39:17.872+0000] {dag.py:3033} INFO - Sync 1 DAGs
[2024-02-24T09:39:17.893+0000] {logging_mixin.py:188} INFO - [2024-02-24T09:39:17.892+0000] {dag.py:3820} INFO - Setting next_dagrun for example_branch_python_operator_decorator to 2024-02-23T00:00:00+00:00, run_after=2024-02-24T00:00:00+00:00
[2024-02-24T09:39:17.909+0000] {processor.py:183} INFO - Processing /home/airflow/.local/lib/python3.8/site-packages/airflow/example_dags/example_branch_operator_decorator.py took 0.087 seconds
[2024-02-24T09:39:48.712+0000] {processor.py:161} INFO - Started process (PID=8985) to work on /home/airflow/.local/lib/python3.8/site-packages/airflow/example_dags/example_branch_operator_decorator.py
[2024-02-24T09:39:48.713+0000] {processor.py:830} INFO - Processing file /home/airflow/.local/lib/python3.8/site-packages/airflow/example_dags/example_branch_operator_decorator.py for tasks to queue
[2024-02-24T09:39:48.716+0000] {logging_mixin.py:188} INFO - [2024-02-24T09:39:48.716+0000] {dagbag.py:538} INFO - Filling up the DagBag from /home/airflow/.local/lib/python3.8/site-packages/airflow/example_dags/example_branch_operator_decorator.py
[2024-02-24T09:39:48.738+0000] {processor.py:840} INFO - DAG(s) 'example_branch_python_operator_decorator' retrieved from /home/airflow/.local/lib/python3.8/site-packages/airflow/example_dags/example_branch_operator_decorator.py
[2024-02-24T09:39:48.765+0000] {logging_mixin.py:188} INFO - [2024-02-24T09:39:48.764+0000] {dag.py:3033} INFO - Sync 1 DAGs
[2024-02-24T09:39:48.787+0000] {logging_mixin.py:188} INFO - [2024-02-24T09:39:48.787+0000] {dag.py:3820} INFO - Setting next_dagrun for example_branch_python_operator_decorator to 2024-02-23T00:00:00+00:00, run_after=2024-02-24T00:00:00+00:00
[2024-02-24T09:39:48.807+0000] {processor.py:183} INFO - Processing /home/airflow/.local/lib/python3.8/site-packages/airflow/example_dags/example_branch_operator_decorator.py took 0.098 seconds
[2024-02-24T09:40:19.664+0000] {processor.py:161} INFO - Started process (PID=9042) to work on /home/airflow/.local/lib/python3.8/site-packages/airflow/example_dags/example_branch_operator_decorator.py
[2024-02-24T09:40:19.665+0000] {processor.py:830} INFO - Processing file /home/airflow/.local/lib/python3.8/site-packages/airflow/example_dags/example_branch_operator_decorator.py for tasks to queue
[2024-02-24T09:40:19.667+0000] {logging_mixin.py:188} INFO - [2024-02-24T09:40:19.667+0000] {dagbag.py:538} INFO - Filling up the DagBag from /home/airflow/.local/lib/python3.8/site-packages/airflow/example_dags/example_branch_operator_decorator.py
[2024-02-24T09:40:19.687+0000] {processor.py:840} INFO - DAG(s) 'example_branch_python_operator_decorator' retrieved from /home/airflow/.local/lib/python3.8/site-packages/airflow/example_dags/example_branch_operator_decorator.py
[2024-02-24T09:40:19.735+0000] {logging_mixin.py:188} INFO - [2024-02-24T09:40:19.734+0000] {dag.py:3033} INFO - Sync 1 DAGs
[2024-02-24T09:40:19.768+0000] {logging_mixin.py:188} INFO - [2024-02-24T09:40:19.767+0000] {dag.py:3820} INFO - Setting next_dagrun for example_branch_python_operator_decorator to 2024-02-23T00:00:00+00:00, run_after=2024-02-24T00:00:00+00:00
[2024-02-24T09:40:19.791+0000] {processor.py:183} INFO - Processing /home/airflow/.local/lib/python3.8/site-packages/airflow/example_dags/example_branch_operator_decorator.py took 0.130 seconds
[2024-02-24T09:40:51.200+0000] {processor.py:161} INFO - Started process (PID=9099) to work on /home/airflow/.local/lib/python3.8/site-packages/airflow/example_dags/example_branch_operator_decorator.py
[2024-02-24T09:40:51.201+0000] {processor.py:830} INFO - Processing file /home/airflow/.local/lib/python3.8/site-packages/airflow/example_dags/example_branch_operator_decorator.py for tasks to queue
[2024-02-24T09:40:51.205+0000] {logging_mixin.py:188} INFO - [2024-02-24T09:40:51.204+0000] {dagbag.py:538} INFO - Filling up the DagBag from /home/airflow/.local/lib/python3.8/site-packages/airflow/example_dags/example_branch_operator_decorator.py
[2024-02-24T09:40:51.268+0000] {processor.py:840} INFO - DAG(s) 'example_branch_python_operator_decorator' retrieved from /home/airflow/.local/lib/python3.8/site-packages/airflow/example_dags/example_branch_operator_decorator.py
[2024-02-24T09:40:51.377+0000] {logging_mixin.py:188} INFO - [2024-02-24T09:40:51.366+0000] {dag.py:3033} INFO - Sync 1 DAGs
[2024-02-24T09:40:51.431+0000] {logging_mixin.py:188} INFO - [2024-02-24T09:40:51.430+0000] {dag.py:3820} INFO - Setting next_dagrun for example_branch_python_operator_decorator to 2024-02-23T00:00:00+00:00, run_after=2024-02-24T00:00:00+00:00
[2024-02-24T09:40:51.492+0000] {processor.py:183} INFO - Processing /home/airflow/.local/lib/python3.8/site-packages/airflow/example_dags/example_branch_operator_decorator.py took 0.306 seconds
[2024-02-24T09:41:21.952+0000] {processor.py:161} INFO - Started process (PID=9156) to work on /home/airflow/.local/lib/python3.8/site-packages/airflow/example_dags/example_branch_operator_decorator.py
[2024-02-24T09:41:21.955+0000] {processor.py:830} INFO - Processing file /home/airflow/.local/lib/python3.8/site-packages/airflow/example_dags/example_branch_operator_decorator.py for tasks to queue
[2024-02-24T09:41:21.961+0000] {logging_mixin.py:188} INFO - [2024-02-24T09:41:21.960+0000] {dagbag.py:538} INFO - Filling up the DagBag from /home/airflow/.local/lib/python3.8/site-packages/airflow/example_dags/example_branch_operator_decorator.py
[2024-02-24T09:41:21.994+0000] {processor.py:840} INFO - DAG(s) 'example_branch_python_operator_decorator' retrieved from /home/airflow/.local/lib/python3.8/site-packages/airflow/example_dags/example_branch_operator_decorator.py
[2024-02-24T09:41:22.028+0000] {logging_mixin.py:188} INFO - [2024-02-24T09:41:22.027+0000] {dag.py:3033} INFO - Sync 1 DAGs
[2024-02-24T09:41:22.051+0000] {logging_mixin.py:188} INFO - [2024-02-24T09:41:22.051+0000] {dag.py:3820} INFO - Setting next_dagrun for example_branch_python_operator_decorator to 2024-02-23T00:00:00+00:00, run_after=2024-02-24T00:00:00+00:00
[2024-02-24T09:41:22.072+0000] {processor.py:183} INFO - Processing /home/airflow/.local/lib/python3.8/site-packages/airflow/example_dags/example_branch_operator_decorator.py took 0.125 seconds
[2024-02-24T09:41:52.163+0000] {processor.py:161} INFO - Started process (PID=9219) to work on /home/airflow/.local/lib/python3.8/site-packages/airflow/example_dags/example_branch_operator_decorator.py
[2024-02-24T09:41:52.164+0000] {processor.py:830} INFO - Processing file /home/airflow/.local/lib/python3.8/site-packages/airflow/example_dags/example_branch_operator_decorator.py for tasks to queue
[2024-02-24T09:41:52.168+0000] {logging_mixin.py:188} INFO - [2024-02-24T09:41:52.167+0000] {dagbag.py:538} INFO - Filling up the DagBag from /home/airflow/.local/lib/python3.8/site-packages/airflow/example_dags/example_branch_operator_decorator.py
[2024-02-24T09:41:52.189+0000] {processor.py:840} INFO - DAG(s) 'example_branch_python_operator_decorator' retrieved from /home/airflow/.local/lib/python3.8/site-packages/airflow/example_dags/example_branch_operator_decorator.py
[2024-02-24T09:41:52.218+0000] {logging_mixin.py:188} INFO - [2024-02-24T09:41:52.217+0000] {dag.py:3033} INFO - Sync 1 DAGs
[2024-02-24T09:41:52.237+0000] {logging_mixin.py:188} INFO - [2024-02-24T09:41:52.237+0000] {dag.py:3820} INFO - Setting next_dagrun for example_branch_python_operator_decorator to 2024-02-23T00:00:00+00:00, run_after=2024-02-24T00:00:00+00:00
[2024-02-24T09:41:52.253+0000] {processor.py:183} INFO - Processing /home/airflow/.local/lib/python3.8/site-packages/airflow/example_dags/example_branch_operator_decorator.py took 0.095 seconds
[2024-02-24T09:42:22.828+0000] {processor.py:161} INFO - Started process (PID=9276) to work on /home/airflow/.local/lib/python3.8/site-packages/airflow/example_dags/example_branch_operator_decorator.py
[2024-02-24T09:42:22.829+0000] {processor.py:830} INFO - Processing file /home/airflow/.local/lib/python3.8/site-packages/airflow/example_dags/example_branch_operator_decorator.py for tasks to queue
[2024-02-24T09:42:22.831+0000] {logging_mixin.py:188} INFO - [2024-02-24T09:42:22.831+0000] {dagbag.py:538} INFO - Filling up the DagBag from /home/airflow/.local/lib/python3.8/site-packages/airflow/example_dags/example_branch_operator_decorator.py
[2024-02-24T09:42:22.848+0000] {processor.py:840} INFO - DAG(s) 'example_branch_python_operator_decorator' retrieved from /home/airflow/.local/lib/python3.8/site-packages/airflow/example_dags/example_branch_operator_decorator.py
[2024-02-24T09:42:22.873+0000] {logging_mixin.py:188} INFO - [2024-02-24T09:42:22.872+0000] {dag.py:3033} INFO - Sync 1 DAGs
[2024-02-24T09:42:22.893+0000] {logging_mixin.py:188} INFO - [2024-02-24T09:42:22.893+0000] {dag.py:3820} INFO - Setting next_dagrun for example_branch_python_operator_decorator to 2024-02-23T00:00:00+00:00, run_after=2024-02-24T00:00:00+00:00
[2024-02-24T09:42:22.910+0000] {processor.py:183} INFO - Processing /home/airflow/.local/lib/python3.8/site-packages/airflow/example_dags/example_branch_operator_decorator.py took 0.085 seconds
[2024-02-24T09:42:53.593+0000] {processor.py:161} INFO - Started process (PID=9333) to work on /home/airflow/.local/lib/python3.8/site-packages/airflow/example_dags/example_branch_operator_decorator.py
[2024-02-24T09:42:53.593+0000] {processor.py:830} INFO - Processing file /home/airflow/.local/lib/python3.8/site-packages/airflow/example_dags/example_branch_operator_decorator.py for tasks to queue
[2024-02-24T09:42:53.596+0000] {logging_mixin.py:188} INFO - [2024-02-24T09:42:53.595+0000] {dagbag.py:538} INFO - Filling up the DagBag from /home/airflow/.local/lib/python3.8/site-packages/airflow/example_dags/example_branch_operator_decorator.py
[2024-02-24T09:42:53.613+0000] {processor.py:840} INFO - DAG(s) 'example_branch_python_operator_decorator' retrieved from /home/airflow/.local/lib/python3.8/site-packages/airflow/example_dags/example_branch_operator_decorator.py
[2024-02-24T09:42:53.640+0000] {logging_mixin.py:188} INFO - [2024-02-24T09:42:53.639+0000] {dag.py:3033} INFO - Sync 1 DAGs
[2024-02-24T09:42:53.659+0000] {logging_mixin.py:188} INFO - [2024-02-24T09:42:53.659+0000] {dag.py:3820} INFO - Setting next_dagrun for example_branch_python_operator_decorator to 2024-02-23T00:00:00+00:00, run_after=2024-02-24T00:00:00+00:00
[2024-02-24T09:42:53.675+0000] {processor.py:183} INFO - Processing /home/airflow/.local/lib/python3.8/site-packages/airflow/example_dags/example_branch_operator_decorator.py took 0.086 seconds
[2024-02-24T09:43:24.277+0000] {processor.py:161} INFO - Started process (PID=9390) to work on /home/airflow/.local/lib/python3.8/site-packages/airflow/example_dags/example_branch_operator_decorator.py
[2024-02-24T09:43:24.278+0000] {processor.py:830} INFO - Processing file /home/airflow/.local/lib/python3.8/site-packages/airflow/example_dags/example_branch_operator_decorator.py for tasks to queue
[2024-02-24T09:43:24.280+0000] {logging_mixin.py:188} INFO - [2024-02-24T09:43:24.280+0000] {dagbag.py:538} INFO - Filling up the DagBag from /home/airflow/.local/lib/python3.8/site-packages/airflow/example_dags/example_branch_operator_decorator.py
[2024-02-24T09:43:24.297+0000] {processor.py:840} INFO - DAG(s) 'example_branch_python_operator_decorator' retrieved from /home/airflow/.local/lib/python3.8/site-packages/airflow/example_dags/example_branch_operator_decorator.py
[2024-02-24T09:43:24.322+0000] {logging_mixin.py:188} INFO - [2024-02-24T09:43:24.321+0000] {dag.py:3033} INFO - Sync 1 DAGs
[2024-02-24T09:43:24.342+0000] {logging_mixin.py:188} INFO - [2024-02-24T09:43:24.342+0000] {dag.py:3820} INFO - Setting next_dagrun for example_branch_python_operator_decorator to 2024-02-23T00:00:00+00:00, run_after=2024-02-24T00:00:00+00:00
[2024-02-24T09:43:24.358+0000] {processor.py:183} INFO - Processing /home/airflow/.local/lib/python3.8/site-packages/airflow/example_dags/example_branch_operator_decorator.py took 0.084 seconds
[2024-02-24T09:43:55.018+0000] {processor.py:161} INFO - Started process (PID=9447) to work on /home/airflow/.local/lib/python3.8/site-packages/airflow/example_dags/example_branch_operator_decorator.py
[2024-02-24T09:43:55.019+0000] {processor.py:830} INFO - Processing file /home/airflow/.local/lib/python3.8/site-packages/airflow/example_dags/example_branch_operator_decorator.py for tasks to queue
[2024-02-24T09:43:55.021+0000] {logging_mixin.py:188} INFO - [2024-02-24T09:43:55.021+0000] {dagbag.py:538} INFO - Filling up the DagBag from /home/airflow/.local/lib/python3.8/site-packages/airflow/example_dags/example_branch_operator_decorator.py
[2024-02-24T09:43:55.038+0000] {processor.py:840} INFO - DAG(s) 'example_branch_python_operator_decorator' retrieved from /home/airflow/.local/lib/python3.8/site-packages/airflow/example_dags/example_branch_operator_decorator.py
[2024-02-24T09:43:55.063+0000] {logging_mixin.py:188} INFO - [2024-02-24T09:43:55.062+0000] {dag.py:3033} INFO - Sync 1 DAGs
[2024-02-24T09:43:55.082+0000] {logging_mixin.py:188} INFO - [2024-02-24T09:43:55.082+0000] {dag.py:3820} INFO - Setting next_dagrun for example_branch_python_operator_decorator to 2024-02-23T00:00:00+00:00, run_after=2024-02-24T00:00:00+00:00
[2024-02-24T09:43:55.098+0000] {processor.py:183} INFO - Processing /home/airflow/.local/lib/python3.8/site-packages/airflow/example_dags/example_branch_operator_decorator.py took 0.083 seconds
[2024-02-24T09:44:25.875+0000] {processor.py:161} INFO - Started process (PID=9504) to work on /home/airflow/.local/lib/python3.8/site-packages/airflow/example_dags/example_branch_operator_decorator.py
[2024-02-24T09:44:25.876+0000] {processor.py:830} INFO - Processing file /home/airflow/.local/lib/python3.8/site-packages/airflow/example_dags/example_branch_operator_decorator.py for tasks to queue
[2024-02-24T09:44:25.878+0000] {logging_mixin.py:188} INFO - [2024-02-24T09:44:25.878+0000] {dagbag.py:538} INFO - Filling up the DagBag from /home/airflow/.local/lib/python3.8/site-packages/airflow/example_dags/example_branch_operator_decorator.py
[2024-02-24T09:44:25.896+0000] {processor.py:840} INFO - DAG(s) 'example_branch_python_operator_decorator' retrieved from /home/airflow/.local/lib/python3.8/site-packages/airflow/example_dags/example_branch_operator_decorator.py
[2024-02-24T09:44:25.921+0000] {logging_mixin.py:188} INFO - [2024-02-24T09:44:25.920+0000] {dag.py:3033} INFO - Sync 1 DAGs
[2024-02-24T09:44:25.941+0000] {logging_mixin.py:188} INFO - [2024-02-24T09:44:25.941+0000] {dag.py:3820} INFO - Setting next_dagrun for example_branch_python_operator_decorator to 2024-02-23T00:00:00+00:00, run_after=2024-02-24T00:00:00+00:00
[2024-02-24T09:44:25.957+0000] {processor.py:183} INFO - Processing /home/airflow/.local/lib/python3.8/site-packages/airflow/example_dags/example_branch_operator_decorator.py took 0.085 seconds
[2024-02-24T09:44:56.550+0000] {processor.py:161} INFO - Started process (PID=9561) to work on /home/airflow/.local/lib/python3.8/site-packages/airflow/example_dags/example_branch_operator_decorator.py
[2024-02-24T09:44:56.551+0000] {processor.py:830} INFO - Processing file /home/airflow/.local/lib/python3.8/site-packages/airflow/example_dags/example_branch_operator_decorator.py for tasks to queue
[2024-02-24T09:44:56.553+0000] {logging_mixin.py:188} INFO - [2024-02-24T09:44:56.553+0000] {dagbag.py:538} INFO - Filling up the DagBag from /home/airflow/.local/lib/python3.8/site-packages/airflow/example_dags/example_branch_operator_decorator.py
[2024-02-24T09:44:56.573+0000] {processor.py:840} INFO - DAG(s) 'example_branch_python_operator_decorator' retrieved from /home/airflow/.local/lib/python3.8/site-packages/airflow/example_dags/example_branch_operator_decorator.py
[2024-02-24T09:44:56.598+0000] {logging_mixin.py:188} INFO - [2024-02-24T09:44:56.597+0000] {dag.py:3033} INFO - Sync 1 DAGs
[2024-02-24T09:44:56.619+0000] {logging_mixin.py:188} INFO - [2024-02-24T09:44:56.619+0000] {dag.py:3820} INFO - Setting next_dagrun for example_branch_python_operator_decorator to 2024-02-23T00:00:00+00:00, run_after=2024-02-24T00:00:00+00:00
[2024-02-24T09:44:56.635+0000] {processor.py:183} INFO - Processing /home/airflow/.local/lib/python3.8/site-packages/airflow/example_dags/example_branch_operator_decorator.py took 0.089 seconds
[2024-02-24T09:45:27.318+0000] {processor.py:161} INFO - Started process (PID=9618) to work on /home/airflow/.local/lib/python3.8/site-packages/airflow/example_dags/example_branch_operator_decorator.py
[2024-02-24T09:45:27.319+0000] {processor.py:830} INFO - Processing file /home/airflow/.local/lib/python3.8/site-packages/airflow/example_dags/example_branch_operator_decorator.py for tasks to queue
[2024-02-24T09:45:27.321+0000] {logging_mixin.py:188} INFO - [2024-02-24T09:45:27.321+0000] {dagbag.py:538} INFO - Filling up the DagBag from /home/airflow/.local/lib/python3.8/site-packages/airflow/example_dags/example_branch_operator_decorator.py
[2024-02-24T09:45:27.338+0000] {processor.py:840} INFO - DAG(s) 'example_branch_python_operator_decorator' retrieved from /home/airflow/.local/lib/python3.8/site-packages/airflow/example_dags/example_branch_operator_decorator.py
[2024-02-24T09:45:27.364+0000] {logging_mixin.py:188} INFO - [2024-02-24T09:45:27.363+0000] {dag.py:3033} INFO - Sync 1 DAGs
[2024-02-24T09:45:27.383+0000] {logging_mixin.py:188} INFO - [2024-02-24T09:45:27.383+0000] {dag.py:3820} INFO - Setting next_dagrun for example_branch_python_operator_decorator to 2024-02-23T00:00:00+00:00, run_after=2024-02-24T00:00:00+00:00
[2024-02-24T09:45:27.400+0000] {processor.py:183} INFO - Processing /home/airflow/.local/lib/python3.8/site-packages/airflow/example_dags/example_branch_operator_decorator.py took 0.085 seconds
[2024-02-24T09:45:58.217+0000] {processor.py:161} INFO - Started process (PID=9675) to work on /home/airflow/.local/lib/python3.8/site-packages/airflow/example_dags/example_branch_operator_decorator.py
[2024-02-24T09:45:58.218+0000] {processor.py:830} INFO - Processing file /home/airflow/.local/lib/python3.8/site-packages/airflow/example_dags/example_branch_operator_decorator.py for tasks to queue
[2024-02-24T09:45:58.221+0000] {logging_mixin.py:188} INFO - [2024-02-24T09:45:58.221+0000] {dagbag.py:538} INFO - Filling up the DagBag from /home/airflow/.local/lib/python3.8/site-packages/airflow/example_dags/example_branch_operator_decorator.py
[2024-02-24T09:45:58.243+0000] {processor.py:840} INFO - DAG(s) 'example_branch_python_operator_decorator' retrieved from /home/airflow/.local/lib/python3.8/site-packages/airflow/example_dags/example_branch_operator_decorator.py
[2024-02-24T09:45:58.271+0000] {logging_mixin.py:188} INFO - [2024-02-24T09:45:58.270+0000] {dag.py:3033} INFO - Sync 1 DAGs
[2024-02-24T09:45:58.295+0000] {logging_mixin.py:188} INFO - [2024-02-24T09:45:58.295+0000] {dag.py:3820} INFO - Setting next_dagrun for example_branch_python_operator_decorator to 2024-02-23T00:00:00+00:00, run_after=2024-02-24T00:00:00+00:00
[2024-02-24T09:45:58.314+0000] {processor.py:183} INFO - Processing /home/airflow/.local/lib/python3.8/site-packages/airflow/example_dags/example_branch_operator_decorator.py took 0.100 seconds
[2024-02-24T09:46:29.081+0000] {processor.py:161} INFO - Started process (PID=9732) to work on /home/airflow/.local/lib/python3.8/site-packages/airflow/example_dags/example_branch_operator_decorator.py
[2024-02-24T09:46:29.082+0000] {processor.py:830} INFO - Processing file /home/airflow/.local/lib/python3.8/site-packages/airflow/example_dags/example_branch_operator_decorator.py for tasks to queue
[2024-02-24T09:46:29.085+0000] {logging_mixin.py:188} INFO - [2024-02-24T09:46:29.084+0000] {dagbag.py:538} INFO - Filling up the DagBag from /home/airflow/.local/lib/python3.8/site-packages/airflow/example_dags/example_branch_operator_decorator.py
[2024-02-24T09:46:29.102+0000] {processor.py:840} INFO - DAG(s) 'example_branch_python_operator_decorator' retrieved from /home/airflow/.local/lib/python3.8/site-packages/airflow/example_dags/example_branch_operator_decorator.py
[2024-02-24T09:46:29.128+0000] {logging_mixin.py:188} INFO - [2024-02-24T09:46:29.127+0000] {dag.py:3033} INFO - Sync 1 DAGs
[2024-02-24T09:46:29.148+0000] {logging_mixin.py:188} INFO - [2024-02-24T09:46:29.148+0000] {dag.py:3820} INFO - Setting next_dagrun for example_branch_python_operator_decorator to 2024-02-23T00:00:00+00:00, run_after=2024-02-24T00:00:00+00:00
[2024-02-24T09:46:29.165+0000] {processor.py:183} INFO - Processing /home/airflow/.local/lib/python3.8/site-packages/airflow/example_dags/example_branch_operator_decorator.py took 0.086 seconds
[2024-02-24T09:46:59.889+0000] {processor.py:161} INFO - Started process (PID=9789) to work on /home/airflow/.local/lib/python3.8/site-packages/airflow/example_dags/example_branch_operator_decorator.py
[2024-02-24T09:46:59.890+0000] {processor.py:830} INFO - Processing file /home/airflow/.local/lib/python3.8/site-packages/airflow/example_dags/example_branch_operator_decorator.py for tasks to queue
[2024-02-24T09:46:59.892+0000] {logging_mixin.py:188} INFO - [2024-02-24T09:46:59.892+0000] {dagbag.py:538} INFO - Filling up the DagBag from /home/airflow/.local/lib/python3.8/site-packages/airflow/example_dags/example_branch_operator_decorator.py
[2024-02-24T09:46:59.913+0000] {processor.py:840} INFO - DAG(s) 'example_branch_python_operator_decorator' retrieved from /home/airflow/.local/lib/python3.8/site-packages/airflow/example_dags/example_branch_operator_decorator.py
[2024-02-24T09:46:59.939+0000] {logging_mixin.py:188} INFO - [2024-02-24T09:46:59.938+0000] {dag.py:3033} INFO - Sync 1 DAGs
[2024-02-24T09:46:59.959+0000] {logging_mixin.py:188} INFO - [2024-02-24T09:46:59.959+0000] {dag.py:3820} INFO - Setting next_dagrun for example_branch_python_operator_decorator to 2024-02-23T00:00:00+00:00, run_after=2024-02-24T00:00:00+00:00
[2024-02-24T09:46:59.977+0000] {processor.py:183} INFO - Processing /home/airflow/.local/lib/python3.8/site-packages/airflow/example_dags/example_branch_operator_decorator.py took 0.092 seconds
[2024-02-24T09:47:30.649+0000] {processor.py:161} INFO - Started process (PID=9846) to work on /home/airflow/.local/lib/python3.8/site-packages/airflow/example_dags/example_branch_operator_decorator.py
[2024-02-24T09:47:30.650+0000] {processor.py:830} INFO - Processing file /home/airflow/.local/lib/python3.8/site-packages/airflow/example_dags/example_branch_operator_decorator.py for tasks to queue
[2024-02-24T09:47:30.653+0000] {logging_mixin.py:188} INFO - [2024-02-24T09:47:30.652+0000] {dagbag.py:538} INFO - Filling up the DagBag from /home/airflow/.local/lib/python3.8/site-packages/airflow/example_dags/example_branch_operator_decorator.py
[2024-02-24T09:47:30.671+0000] {processor.py:840} INFO - DAG(s) 'example_branch_python_operator_decorator' retrieved from /home/airflow/.local/lib/python3.8/site-packages/airflow/example_dags/example_branch_operator_decorator.py
[2024-02-24T09:47:30.698+0000] {logging_mixin.py:188} INFO - [2024-02-24T09:47:30.697+0000] {dag.py:3033} INFO - Sync 1 DAGs
[2024-02-24T09:47:30.719+0000] {logging_mixin.py:188} INFO - [2024-02-24T09:47:30.719+0000] {dag.py:3820} INFO - Setting next_dagrun for example_branch_python_operator_decorator to 2024-02-23T00:00:00+00:00, run_after=2024-02-24T00:00:00+00:00
[2024-02-24T09:47:30.735+0000] {processor.py:183} INFO - Processing /home/airflow/.local/lib/python3.8/site-packages/airflow/example_dags/example_branch_operator_decorator.py took 0.089 seconds
[2024-02-24T09:48:01.547+0000] {processor.py:161} INFO - Started process (PID=9903) to work on /home/airflow/.local/lib/python3.8/site-packages/airflow/example_dags/example_branch_operator_decorator.py
[2024-02-24T09:48:01.548+0000] {processor.py:830} INFO - Processing file /home/airflow/.local/lib/python3.8/site-packages/airflow/example_dags/example_branch_operator_decorator.py for tasks to queue
[2024-02-24T09:48:01.552+0000] {logging_mixin.py:188} INFO - [2024-02-24T09:48:01.551+0000] {dagbag.py:538} INFO - Filling up the DagBag from /home/airflow/.local/lib/python3.8/site-packages/airflow/example_dags/example_branch_operator_decorator.py
[2024-02-24T09:48:01.575+0000] {processor.py:840} INFO - DAG(s) 'example_branch_python_operator_decorator' retrieved from /home/airflow/.local/lib/python3.8/site-packages/airflow/example_dags/example_branch_operator_decorator.py
[2024-02-24T09:48:01.613+0000] {logging_mixin.py:188} INFO - [2024-02-24T09:48:01.612+0000] {dag.py:3033} INFO - Sync 1 DAGs
[2024-02-24T09:48:01.642+0000] {logging_mixin.py:188} INFO - [2024-02-24T09:48:01.642+0000] {dag.py:3820} INFO - Setting next_dagrun for example_branch_python_operator_decorator to 2024-02-23T00:00:00+00:00, run_after=2024-02-24T00:00:00+00:00
[2024-02-24T09:48:01.665+0000] {processor.py:183} INFO - Processing /home/airflow/.local/lib/python3.8/site-packages/airflow/example_dags/example_branch_operator_decorator.py took 0.122 seconds
[2024-02-24T09:48:31.821+0000] {processor.py:161} INFO - Started process (PID=9960) to work on /home/airflow/.local/lib/python3.8/site-packages/airflow/example_dags/example_branch_operator_decorator.py
[2024-02-24T09:48:31.822+0000] {processor.py:830} INFO - Processing file /home/airflow/.local/lib/python3.8/site-packages/airflow/example_dags/example_branch_operator_decorator.py for tasks to queue
[2024-02-24T09:48:31.830+0000] {logging_mixin.py:188} INFO - [2024-02-24T09:48:31.828+0000] {dagbag.py:538} INFO - Filling up the DagBag from /home/airflow/.local/lib/python3.8/site-packages/airflow/example_dags/example_branch_operator_decorator.py
[2024-02-24T09:48:31.856+0000] {processor.py:840} INFO - DAG(s) 'example_branch_python_operator_decorator' retrieved from /home/airflow/.local/lib/python3.8/site-packages/airflow/example_dags/example_branch_operator_decorator.py
[2024-02-24T09:48:31.897+0000] {logging_mixin.py:188} INFO - [2024-02-24T09:48:31.896+0000] {dag.py:3033} INFO - Sync 1 DAGs
[2024-02-24T09:48:31.925+0000] {logging_mixin.py:188} INFO - [2024-02-24T09:48:31.924+0000] {dag.py:3820} INFO - Setting next_dagrun for example_branch_python_operator_decorator to 2024-02-23T00:00:00+00:00, run_after=2024-02-24T00:00:00+00:00
[2024-02-24T09:48:31.950+0000] {processor.py:183} INFO - Processing /home/airflow/.local/lib/python3.8/site-packages/airflow/example_dags/example_branch_operator_decorator.py took 0.133 seconds
[2024-02-24T09:49:02.383+0000] {processor.py:161} INFO - Started process (PID=10017) to work on /home/airflow/.local/lib/python3.8/site-packages/airflow/example_dags/example_branch_operator_decorator.py
[2024-02-24T09:49:02.385+0000] {processor.py:830} INFO - Processing file /home/airflow/.local/lib/python3.8/site-packages/airflow/example_dags/example_branch_operator_decorator.py for tasks to queue
[2024-02-24T09:49:02.389+0000] {logging_mixin.py:188} INFO - [2024-02-24T09:49:02.389+0000] {dagbag.py:538} INFO - Filling up the DagBag from /home/airflow/.local/lib/python3.8/site-packages/airflow/example_dags/example_branch_operator_decorator.py
[2024-02-24T09:49:02.421+0000] {processor.py:840} INFO - DAG(s) 'example_branch_python_operator_decorator' retrieved from /home/airflow/.local/lib/python3.8/site-packages/airflow/example_dags/example_branch_operator_decorator.py
[2024-02-24T09:49:02.473+0000] {logging_mixin.py:188} INFO - [2024-02-24T09:49:02.472+0000] {dag.py:3033} INFO - Sync 1 DAGs
[2024-02-24T09:49:02.499+0000] {logging_mixin.py:188} INFO - [2024-02-24T09:49:02.499+0000] {dag.py:3820} INFO - Setting next_dagrun for example_branch_python_operator_decorator to 2024-02-23T00:00:00+00:00, run_after=2024-02-24T00:00:00+00:00
[2024-02-24T09:49:02.520+0000] {processor.py:183} INFO - Processing /home/airflow/.local/lib/python3.8/site-packages/airflow/example_dags/example_branch_operator_decorator.py took 0.143 seconds
