[2024-02-24T09:35:46.066+0000] {processor.py:161} INFO - Started process (PID=8546) to work on /home/airflow/.local/lib/python3.8/site-packages/airflow/example_dags/example_nested_branch_dag.py
[2024-02-24T09:35:46.067+0000] {processor.py:830} INFO - Processing file /home/airflow/.local/lib/python3.8/site-packages/airflow/example_dags/example_nested_branch_dag.py for tasks to queue
[2024-02-24T09:35:46.070+0000] {logging_mixin.py:188} INFO - [2024-02-24T09:35:46.070+0000] {dagbag.py:538} INFO - Filling up the DagBag from /home/airflow/.local/lib/python3.8/site-packages/airflow/example_dags/example_nested_branch_dag.py
[2024-02-24T09:35:46.080+0000] {processor.py:840} INFO - DAG(s) 'example_nested_branch_dag' retrieved from /home/airflow/.local/lib/python3.8/site-packages/airflow/example_dags/example_nested_branch_dag.py
[2024-02-24T09:35:46.103+0000] {logging_mixin.py:188} INFO - [2024-02-24T09:35:46.102+0000] {dag.py:3033} INFO - Sync 1 DAGs
[2024-02-24T09:35:46.126+0000] {logging_mixin.py:188} INFO - [2024-02-24T09:35:46.126+0000] {dag.py:3820} INFO - Setting next_dagrun for example_nested_branch_dag to 2024-02-23T00:00:00+00:00, run_after=2024-02-24T00:00:00+00:00
[2024-02-24T09:35:46.144+0000] {processor.py:183} INFO - Processing /home/airflow/.local/lib/python3.8/site-packages/airflow/example_dags/example_nested_branch_dag.py took 0.081 seconds
[2024-02-24T09:36:16.241+0000] {processor.py:161} INFO - Started process (PID=8603) to work on /home/airflow/.local/lib/python3.8/site-packages/airflow/example_dags/example_nested_branch_dag.py
[2024-02-24T09:36:16.242+0000] {processor.py:830} INFO - Processing file /home/airflow/.local/lib/python3.8/site-packages/airflow/example_dags/example_nested_branch_dag.py for tasks to queue
[2024-02-24T09:36:16.245+0000] {logging_mixin.py:188} INFO - [2024-02-24T09:36:16.244+0000] {dagbag.py:538} INFO - Filling up the DagBag from /home/airflow/.local/lib/python3.8/site-packages/airflow/example_dags/example_nested_branch_dag.py
[2024-02-24T09:36:16.253+0000] {processor.py:840} INFO - DAG(s) 'example_nested_branch_dag' retrieved from /home/airflow/.local/lib/python3.8/site-packages/airflow/example_dags/example_nested_branch_dag.py
[2024-02-24T09:36:16.273+0000] {logging_mixin.py:188} INFO - [2024-02-24T09:36:16.273+0000] {dag.py:3033} INFO - Sync 1 DAGs
[2024-02-24T09:36:16.293+0000] {logging_mixin.py:188} INFO - [2024-02-24T09:36:16.292+0000] {dag.py:3820} INFO - Setting next_dagrun for example_nested_branch_dag to 2024-02-23T00:00:00+00:00, run_after=2024-02-24T00:00:00+00:00
[2024-02-24T09:36:16.310+0000] {processor.py:183} INFO - Processing /home/airflow/.local/lib/python3.8/site-packages/airflow/example_dags/example_nested_branch_dag.py took 0.072 seconds
[2024-02-24T09:36:46.769+0000] {processor.py:161} INFO - Started process (PID=8660) to work on /home/airflow/.local/lib/python3.8/site-packages/airflow/example_dags/example_nested_branch_dag.py
[2024-02-24T09:36:46.770+0000] {processor.py:830} INFO - Processing file /home/airflow/.local/lib/python3.8/site-packages/airflow/example_dags/example_nested_branch_dag.py for tasks to queue
[2024-02-24T09:36:46.773+0000] {logging_mixin.py:188} INFO - [2024-02-24T09:36:46.772+0000] {dagbag.py:538} INFO - Filling up the DagBag from /home/airflow/.local/lib/python3.8/site-packages/airflow/example_dags/example_nested_branch_dag.py
[2024-02-24T09:36:46.784+0000] {processor.py:840} INFO - DAG(s) 'example_nested_branch_dag' retrieved from /home/airflow/.local/lib/python3.8/site-packages/airflow/example_dags/example_nested_branch_dag.py
[2024-02-24T09:36:46.812+0000] {logging_mixin.py:188} INFO - [2024-02-24T09:36:46.811+0000] {dag.py:3033} INFO - Sync 1 DAGs
[2024-02-24T09:36:46.841+0000] {logging_mixin.py:188} INFO - [2024-02-24T09:36:46.840+0000] {dag.py:3820} INFO - Setting next_dagrun for example_nested_branch_dag to 2024-02-23T00:00:00+00:00, run_after=2024-02-24T00:00:00+00:00
[2024-02-24T09:36:46.869+0000] {processor.py:183} INFO - Processing /home/airflow/.local/lib/python3.8/site-packages/airflow/example_dags/example_nested_branch_dag.py took 0.105 seconds
[2024-02-24T09:37:16.935+0000] {processor.py:161} INFO - Started process (PID=8717) to work on /home/airflow/.local/lib/python3.8/site-packages/airflow/example_dags/example_nested_branch_dag.py
[2024-02-24T09:37:16.936+0000] {processor.py:830} INFO - Processing file /home/airflow/.local/lib/python3.8/site-packages/airflow/example_dags/example_nested_branch_dag.py for tasks to queue
[2024-02-24T09:37:16.940+0000] {logging_mixin.py:188} INFO - [2024-02-24T09:37:16.939+0000] {dagbag.py:538} INFO - Filling up the DagBag from /home/airflow/.local/lib/python3.8/site-packages/airflow/example_dags/example_nested_branch_dag.py
[2024-02-24T09:37:16.949+0000] {processor.py:840} INFO - DAG(s) 'example_nested_branch_dag' retrieved from /home/airflow/.local/lib/python3.8/site-packages/airflow/example_dags/example_nested_branch_dag.py
[2024-02-24T09:37:16.970+0000] {logging_mixin.py:188} INFO - [2024-02-24T09:37:16.970+0000] {dag.py:3033} INFO - Sync 1 DAGs
[2024-02-24T09:37:16.991+0000] {logging_mixin.py:188} INFO - [2024-02-24T09:37:16.991+0000] {dag.py:3820} INFO - Setting next_dagrun for example_nested_branch_dag to 2024-02-23T00:00:00+00:00, run_after=2024-02-24T00:00:00+00:00
[2024-02-24T09:37:17.008+0000] {processor.py:183} INFO - Processing /home/airflow/.local/lib/python3.8/site-packages/airflow/example_dags/example_nested_branch_dag.py took 0.076 seconds
[2024-02-24T09:37:47.532+0000] {processor.py:161} INFO - Started process (PID=8774) to work on /home/airflow/.local/lib/python3.8/site-packages/airflow/example_dags/example_nested_branch_dag.py
[2024-02-24T09:37:47.533+0000] {processor.py:830} INFO - Processing file /home/airflow/.local/lib/python3.8/site-packages/airflow/example_dags/example_nested_branch_dag.py for tasks to queue
[2024-02-24T09:37:47.536+0000] {logging_mixin.py:188} INFO - [2024-02-24T09:37:47.536+0000] {dagbag.py:538} INFO - Filling up the DagBag from /home/airflow/.local/lib/python3.8/site-packages/airflow/example_dags/example_nested_branch_dag.py
[2024-02-24T09:37:47.544+0000] {processor.py:840} INFO - DAG(s) 'example_nested_branch_dag' retrieved from /home/airflow/.local/lib/python3.8/site-packages/airflow/example_dags/example_nested_branch_dag.py
[2024-02-24T09:37:47.565+0000] {logging_mixin.py:188} INFO - [2024-02-24T09:37:47.564+0000] {dag.py:3033} INFO - Sync 1 DAGs
[2024-02-24T09:37:47.589+0000] {logging_mixin.py:188} INFO - [2024-02-24T09:37:47.588+0000] {dag.py:3820} INFO - Setting next_dagrun for example_nested_branch_dag to 2024-02-23T00:00:00+00:00, run_after=2024-02-24T00:00:00+00:00
[2024-02-24T09:37:47.614+0000] {processor.py:183} INFO - Processing /home/airflow/.local/lib/python3.8/site-packages/airflow/example_dags/example_nested_branch_dag.py took 0.085 seconds
[2024-02-24T09:38:17.966+0000] {processor.py:161} INFO - Started process (PID=8831) to work on /home/airflow/.local/lib/python3.8/site-packages/airflow/example_dags/example_nested_branch_dag.py
[2024-02-24T09:38:17.967+0000] {processor.py:830} INFO - Processing file /home/airflow/.local/lib/python3.8/site-packages/airflow/example_dags/example_nested_branch_dag.py for tasks to queue
[2024-02-24T09:38:17.971+0000] {logging_mixin.py:188} INFO - [2024-02-24T09:38:17.970+0000] {dagbag.py:538} INFO - Filling up the DagBag from /home/airflow/.local/lib/python3.8/site-packages/airflow/example_dags/example_nested_branch_dag.py
[2024-02-24T09:38:17.982+0000] {processor.py:840} INFO - DAG(s) 'example_nested_branch_dag' retrieved from /home/airflow/.local/lib/python3.8/site-packages/airflow/example_dags/example_nested_branch_dag.py
[2024-02-24T09:38:18.009+0000] {logging_mixin.py:188} INFO - [2024-02-24T09:38:18.009+0000] {dag.py:3033} INFO - Sync 1 DAGs
[2024-02-24T09:38:18.037+0000] {logging_mixin.py:188} INFO - [2024-02-24T09:38:18.037+0000] {dag.py:3820} INFO - Setting next_dagrun for example_nested_branch_dag to 2024-02-23T00:00:00+00:00, run_after=2024-02-24T00:00:00+00:00
[2024-02-24T09:38:18.061+0000] {processor.py:183} INFO - Processing /home/airflow/.local/lib/python3.8/site-packages/airflow/example_dags/example_nested_branch_dag.py took 0.099 seconds
[2024-02-24T09:38:48.817+0000] {processor.py:161} INFO - Started process (PID=8888) to work on /home/airflow/.local/lib/python3.8/site-packages/airflow/example_dags/example_nested_branch_dag.py
[2024-02-24T09:38:48.818+0000] {processor.py:830} INFO - Processing file /home/airflow/.local/lib/python3.8/site-packages/airflow/example_dags/example_nested_branch_dag.py for tasks to queue
[2024-02-24T09:38:48.822+0000] {logging_mixin.py:188} INFO - [2024-02-24T09:38:48.821+0000] {dagbag.py:538} INFO - Filling up the DagBag from /home/airflow/.local/lib/python3.8/site-packages/airflow/example_dags/example_nested_branch_dag.py
[2024-02-24T09:38:48.833+0000] {processor.py:840} INFO - DAG(s) 'example_nested_branch_dag' retrieved from /home/airflow/.local/lib/python3.8/site-packages/airflow/example_dags/example_nested_branch_dag.py
[2024-02-24T09:38:48.861+0000] {logging_mixin.py:188} INFO - [2024-02-24T09:38:48.860+0000] {dag.py:3033} INFO - Sync 1 DAGs
[2024-02-24T09:38:48.889+0000] {logging_mixin.py:188} INFO - [2024-02-24T09:38:48.888+0000] {dag.py:3820} INFO - Setting next_dagrun for example_nested_branch_dag to 2024-02-23T00:00:00+00:00, run_after=2024-02-24T00:00:00+00:00
[2024-02-24T09:38:48.922+0000] {processor.py:183} INFO - Processing /home/airflow/.local/lib/python3.8/site-packages/airflow/example_dags/example_nested_branch_dag.py took 0.110 seconds
[2024-02-24T09:39:19.873+0000] {processor.py:161} INFO - Started process (PID=8945) to work on /home/airflow/.local/lib/python3.8/site-packages/airflow/example_dags/example_nested_branch_dag.py
[2024-02-24T09:39:19.873+0000] {processor.py:830} INFO - Processing file /home/airflow/.local/lib/python3.8/site-packages/airflow/example_dags/example_nested_branch_dag.py for tasks to queue
[2024-02-24T09:39:19.876+0000] {logging_mixin.py:188} INFO - [2024-02-24T09:39:19.876+0000] {dagbag.py:538} INFO - Filling up the DagBag from /home/airflow/.local/lib/python3.8/site-packages/airflow/example_dags/example_nested_branch_dag.py
[2024-02-24T09:39:19.885+0000] {processor.py:840} INFO - DAG(s) 'example_nested_branch_dag' retrieved from /home/airflow/.local/lib/python3.8/site-packages/airflow/example_dags/example_nested_branch_dag.py
[2024-02-24T09:39:19.906+0000] {logging_mixin.py:188} INFO - [2024-02-24T09:39:19.906+0000] {dag.py:3033} INFO - Sync 1 DAGs
[2024-02-24T09:39:19.929+0000] {logging_mixin.py:188} INFO - [2024-02-24T09:39:19.928+0000] {dag.py:3820} INFO - Setting next_dagrun for example_nested_branch_dag to 2024-02-23T00:00:00+00:00, run_after=2024-02-24T00:00:00+00:00
[2024-02-24T09:39:19.949+0000] {processor.py:183} INFO - Processing /home/airflow/.local/lib/python3.8/site-packages/airflow/example_dags/example_nested_branch_dag.py took 0.079 seconds
[2024-02-24T09:39:50.649+0000] {processor.py:161} INFO - Started process (PID=9002) to work on /home/airflow/.local/lib/python3.8/site-packages/airflow/example_dags/example_nested_branch_dag.py
[2024-02-24T09:39:50.650+0000] {processor.py:830} INFO - Processing file /home/airflow/.local/lib/python3.8/site-packages/airflow/example_dags/example_nested_branch_dag.py for tasks to queue
[2024-02-24T09:39:50.653+0000] {logging_mixin.py:188} INFO - [2024-02-24T09:39:50.652+0000] {dagbag.py:538} INFO - Filling up the DagBag from /home/airflow/.local/lib/python3.8/site-packages/airflow/example_dags/example_nested_branch_dag.py
[2024-02-24T09:39:50.662+0000] {processor.py:840} INFO - DAG(s) 'example_nested_branch_dag' retrieved from /home/airflow/.local/lib/python3.8/site-packages/airflow/example_dags/example_nested_branch_dag.py
[2024-02-24T09:39:50.687+0000] {logging_mixin.py:188} INFO - [2024-02-24T09:39:50.687+0000] {dag.py:3033} INFO - Sync 1 DAGs
[2024-02-24T09:39:50.709+0000] {logging_mixin.py:188} INFO - [2024-02-24T09:39:50.709+0000] {dag.py:3820} INFO - Setting next_dagrun for example_nested_branch_dag to 2024-02-23T00:00:00+00:00, run_after=2024-02-24T00:00:00+00:00
[2024-02-24T09:39:50.727+0000] {processor.py:183} INFO - Processing /home/airflow/.local/lib/python3.8/site-packages/airflow/example_dags/example_nested_branch_dag.py took 0.081 seconds
[2024-02-24T09:40:21.249+0000] {processor.py:161} INFO - Started process (PID=9059) to work on /home/airflow/.local/lib/python3.8/site-packages/airflow/example_dags/example_nested_branch_dag.py
[2024-02-24T09:40:21.250+0000] {processor.py:830} INFO - Processing file /home/airflow/.local/lib/python3.8/site-packages/airflow/example_dags/example_nested_branch_dag.py for tasks to queue
[2024-02-24T09:40:21.253+0000] {logging_mixin.py:188} INFO - [2024-02-24T09:40:21.253+0000] {dagbag.py:538} INFO - Filling up the DagBag from /home/airflow/.local/lib/python3.8/site-packages/airflow/example_dags/example_nested_branch_dag.py
[2024-02-24T09:40:21.264+0000] {processor.py:840} INFO - DAG(s) 'example_nested_branch_dag' retrieved from /home/airflow/.local/lib/python3.8/site-packages/airflow/example_dags/example_nested_branch_dag.py
[2024-02-24T09:40:21.286+0000] {logging_mixin.py:188} INFO - [2024-02-24T09:40:21.285+0000] {dag.py:3033} INFO - Sync 1 DAGs
[2024-02-24T09:40:21.307+0000] {logging_mixin.py:188} INFO - [2024-02-24T09:40:21.306+0000] {dag.py:3820} INFO - Setting next_dagrun for example_nested_branch_dag to 2024-02-23T00:00:00+00:00, run_after=2024-02-24T00:00:00+00:00
[2024-02-24T09:40:21.326+0000] {processor.py:183} INFO - Processing /home/airflow/.local/lib/python3.8/site-packages/airflow/example_dags/example_nested_branch_dag.py took 0.081 seconds
[2024-02-24T09:40:53.827+0000] {processor.py:161} INFO - Started process (PID=9122) to work on /home/airflow/.local/lib/python3.8/site-packages/airflow/example_dags/example_nested_branch_dag.py
[2024-02-24T09:40:53.828+0000] {processor.py:830} INFO - Processing file /home/airflow/.local/lib/python3.8/site-packages/airflow/example_dags/example_nested_branch_dag.py for tasks to queue
[2024-02-24T09:40:53.831+0000] {logging_mixin.py:188} INFO - [2024-02-24T09:40:53.831+0000] {dagbag.py:538} INFO - Filling up the DagBag from /home/airflow/.local/lib/python3.8/site-packages/airflow/example_dags/example_nested_branch_dag.py
[2024-02-24T09:40:53.863+0000] {processor.py:840} INFO - DAG(s) 'example_nested_branch_dag' retrieved from /home/airflow/.local/lib/python3.8/site-packages/airflow/example_dags/example_nested_branch_dag.py
[2024-02-24T09:40:53.934+0000] {logging_mixin.py:188} INFO - [2024-02-24T09:40:53.923+0000] {dag.py:3033} INFO - Sync 1 DAGs
[2024-02-24T09:40:53.996+0000] {logging_mixin.py:188} INFO - [2024-02-24T09:40:53.996+0000] {dag.py:3820} INFO - Setting next_dagrun for example_nested_branch_dag to 2024-02-23T00:00:00+00:00, run_after=2024-02-24T00:00:00+00:00
[2024-02-24T09:40:54.022+0000] {processor.py:183} INFO - Processing /home/airflow/.local/lib/python3.8/site-packages/airflow/example_dags/example_nested_branch_dag.py took 0.207 seconds
[2024-02-24T09:41:24.419+0000] {processor.py:161} INFO - Started process (PID=9179) to work on /home/airflow/.local/lib/python3.8/site-packages/airflow/example_dags/example_nested_branch_dag.py
[2024-02-24T09:41:24.420+0000] {processor.py:830} INFO - Processing file /home/airflow/.local/lib/python3.8/site-packages/airflow/example_dags/example_nested_branch_dag.py for tasks to queue
[2024-02-24T09:41:24.424+0000] {logging_mixin.py:188} INFO - [2024-02-24T09:41:24.424+0000] {dagbag.py:538} INFO - Filling up the DagBag from /home/airflow/.local/lib/python3.8/site-packages/airflow/example_dags/example_nested_branch_dag.py
[2024-02-24T09:41:24.434+0000] {processor.py:840} INFO - DAG(s) 'example_nested_branch_dag' retrieved from /home/airflow/.local/lib/python3.8/site-packages/airflow/example_dags/example_nested_branch_dag.py
[2024-02-24T09:41:24.456+0000] {logging_mixin.py:188} INFO - [2024-02-24T09:41:24.455+0000] {dag.py:3033} INFO - Sync 1 DAGs
[2024-02-24T09:41:24.477+0000] {logging_mixin.py:188} INFO - [2024-02-24T09:41:24.477+0000] {dag.py:3820} INFO - Setting next_dagrun for example_nested_branch_dag to 2024-02-23T00:00:00+00:00, run_after=2024-02-24T00:00:00+00:00
[2024-02-24T09:41:24.494+0000] {processor.py:183} INFO - Processing /home/airflow/.local/lib/python3.8/site-packages/airflow/example_dags/example_nested_branch_dag.py took 0.078 seconds
[2024-02-24T09:41:55.101+0000] {processor.py:161} INFO - Started process (PID=9236) to work on /home/airflow/.local/lib/python3.8/site-packages/airflow/example_dags/example_nested_branch_dag.py
[2024-02-24T09:41:55.102+0000] {processor.py:830} INFO - Processing file /home/airflow/.local/lib/python3.8/site-packages/airflow/example_dags/example_nested_branch_dag.py for tasks to queue
[2024-02-24T09:41:55.104+0000] {logging_mixin.py:188} INFO - [2024-02-24T09:41:55.104+0000] {dagbag.py:538} INFO - Filling up the DagBag from /home/airflow/.local/lib/python3.8/site-packages/airflow/example_dags/example_nested_branch_dag.py
[2024-02-24T09:41:55.113+0000] {processor.py:840} INFO - DAG(s) 'example_nested_branch_dag' retrieved from /home/airflow/.local/lib/python3.8/site-packages/airflow/example_dags/example_nested_branch_dag.py
[2024-02-24T09:41:55.132+0000] {logging_mixin.py:188} INFO - [2024-02-24T09:41:55.132+0000] {dag.py:3033} INFO - Sync 1 DAGs
[2024-02-24T09:41:55.155+0000] {logging_mixin.py:188} INFO - [2024-02-24T09:41:55.155+0000] {dag.py:3820} INFO - Setting next_dagrun for example_nested_branch_dag to 2024-02-23T00:00:00+00:00, run_after=2024-02-24T00:00:00+00:00
[2024-02-24T09:41:55.172+0000] {processor.py:183} INFO - Processing /home/airflow/.local/lib/python3.8/site-packages/airflow/example_dags/example_nested_branch_dag.py took 0.074 seconds
[2024-02-24T09:42:25.763+0000] {processor.py:161} INFO - Started process (PID=9293) to work on /home/airflow/.local/lib/python3.8/site-packages/airflow/example_dags/example_nested_branch_dag.py
[2024-02-24T09:42:25.764+0000] {processor.py:830} INFO - Processing file /home/airflow/.local/lib/python3.8/site-packages/airflow/example_dags/example_nested_branch_dag.py for tasks to queue
[2024-02-24T09:42:25.767+0000] {logging_mixin.py:188} INFO - [2024-02-24T09:42:25.766+0000] {dagbag.py:538} INFO - Filling up the DagBag from /home/airflow/.local/lib/python3.8/site-packages/airflow/example_dags/example_nested_branch_dag.py
[2024-02-24T09:42:25.775+0000] {processor.py:840} INFO - DAG(s) 'example_nested_branch_dag' retrieved from /home/airflow/.local/lib/python3.8/site-packages/airflow/example_dags/example_nested_branch_dag.py
[2024-02-24T09:42:25.795+0000] {logging_mixin.py:188} INFO - [2024-02-24T09:42:25.794+0000] {dag.py:3033} INFO - Sync 1 DAGs
[2024-02-24T09:42:25.814+0000] {logging_mixin.py:188} INFO - [2024-02-24T09:42:25.814+0000] {dag.py:3820} INFO - Setting next_dagrun for example_nested_branch_dag to 2024-02-23T00:00:00+00:00, run_after=2024-02-24T00:00:00+00:00
[2024-02-24T09:42:25.831+0000] {processor.py:183} INFO - Processing /home/airflow/.local/lib/python3.8/site-packages/airflow/example_dags/example_nested_branch_dag.py took 0.071 seconds
[2024-02-24T09:42:56.409+0000] {processor.py:161} INFO - Started process (PID=9350) to work on /home/airflow/.local/lib/python3.8/site-packages/airflow/example_dags/example_nested_branch_dag.py
[2024-02-24T09:42:56.410+0000] {processor.py:830} INFO - Processing file /home/airflow/.local/lib/python3.8/site-packages/airflow/example_dags/example_nested_branch_dag.py for tasks to queue
[2024-02-24T09:42:56.412+0000] {logging_mixin.py:188} INFO - [2024-02-24T09:42:56.412+0000] {dagbag.py:538} INFO - Filling up the DagBag from /home/airflow/.local/lib/python3.8/site-packages/airflow/example_dags/example_nested_branch_dag.py
[2024-02-24T09:42:56.421+0000] {processor.py:840} INFO - DAG(s) 'example_nested_branch_dag' retrieved from /home/airflow/.local/lib/python3.8/site-packages/airflow/example_dags/example_nested_branch_dag.py
[2024-02-24T09:42:56.440+0000] {logging_mixin.py:188} INFO - [2024-02-24T09:42:56.440+0000] {dag.py:3033} INFO - Sync 1 DAGs
[2024-02-24T09:42:56.460+0000] {logging_mixin.py:188} INFO - [2024-02-24T09:42:56.460+0000] {dag.py:3820} INFO - Setting next_dagrun for example_nested_branch_dag to 2024-02-23T00:00:00+00:00, run_after=2024-02-24T00:00:00+00:00
[2024-02-24T09:42:56.478+0000] {processor.py:183} INFO - Processing /home/airflow/.local/lib/python3.8/site-packages/airflow/example_dags/example_nested_branch_dag.py took 0.072 seconds
[2024-02-24T09:43:27.248+0000] {processor.py:161} INFO - Started process (PID=9407) to work on /home/airflow/.local/lib/python3.8/site-packages/airflow/example_dags/example_nested_branch_dag.py
[2024-02-24T09:43:27.249+0000] {processor.py:830} INFO - Processing file /home/airflow/.local/lib/python3.8/site-packages/airflow/example_dags/example_nested_branch_dag.py for tasks to queue
[2024-02-24T09:43:27.252+0000] {logging_mixin.py:188} INFO - [2024-02-24T09:43:27.251+0000] {dagbag.py:538} INFO - Filling up the DagBag from /home/airflow/.local/lib/python3.8/site-packages/airflow/example_dags/example_nested_branch_dag.py
[2024-02-24T09:43:27.260+0000] {processor.py:840} INFO - DAG(s) 'example_nested_branch_dag' retrieved from /home/airflow/.local/lib/python3.8/site-packages/airflow/example_dags/example_nested_branch_dag.py
[2024-02-24T09:43:27.279+0000] {logging_mixin.py:188} INFO - [2024-02-24T09:43:27.279+0000] {dag.py:3033} INFO - Sync 1 DAGs
[2024-02-24T09:43:27.299+0000] {logging_mixin.py:188} INFO - [2024-02-24T09:43:27.299+0000] {dag.py:3820} INFO - Setting next_dagrun for example_nested_branch_dag to 2024-02-23T00:00:00+00:00, run_after=2024-02-24T00:00:00+00:00
[2024-02-24T09:43:27.316+0000] {processor.py:183} INFO - Processing /home/airflow/.local/lib/python3.8/site-packages/airflow/example_dags/example_nested_branch_dag.py took 0.071 seconds
[2024-02-24T09:43:57.931+0000] {processor.py:161} INFO - Started process (PID=9464) to work on /home/airflow/.local/lib/python3.8/site-packages/airflow/example_dags/example_nested_branch_dag.py
[2024-02-24T09:43:57.931+0000] {processor.py:830} INFO - Processing file /home/airflow/.local/lib/python3.8/site-packages/airflow/example_dags/example_nested_branch_dag.py for tasks to queue
[2024-02-24T09:43:57.934+0000] {logging_mixin.py:188} INFO - [2024-02-24T09:43:57.934+0000] {dagbag.py:538} INFO - Filling up the DagBag from /home/airflow/.local/lib/python3.8/site-packages/airflow/example_dags/example_nested_branch_dag.py
[2024-02-24T09:43:57.942+0000] {processor.py:840} INFO - DAG(s) 'example_nested_branch_dag' retrieved from /home/airflow/.local/lib/python3.8/site-packages/airflow/example_dags/example_nested_branch_dag.py
[2024-02-24T09:43:57.962+0000] {logging_mixin.py:188} INFO - [2024-02-24T09:43:57.961+0000] {dag.py:3033} INFO - Sync 1 DAGs
[2024-02-24T09:43:57.981+0000] {logging_mixin.py:188} INFO - [2024-02-24T09:43:57.981+0000] {dag.py:3820} INFO - Setting next_dagrun for example_nested_branch_dag to 2024-02-23T00:00:00+00:00, run_after=2024-02-24T00:00:00+00:00
[2024-02-24T09:43:57.997+0000] {processor.py:183} INFO - Processing /home/airflow/.local/lib/python3.8/site-packages/airflow/example_dags/example_nested_branch_dag.py took 0.069 seconds
[2024-02-24T09:44:28.784+0000] {processor.py:161} INFO - Started process (PID=9521) to work on /home/airflow/.local/lib/python3.8/site-packages/airflow/example_dags/example_nested_branch_dag.py
[2024-02-24T09:44:28.785+0000] {processor.py:830} INFO - Processing file /home/airflow/.local/lib/python3.8/site-packages/airflow/example_dags/example_nested_branch_dag.py for tasks to queue
[2024-02-24T09:44:28.787+0000] {logging_mixin.py:188} INFO - [2024-02-24T09:44:28.787+0000] {dagbag.py:538} INFO - Filling up the DagBag from /home/airflow/.local/lib/python3.8/site-packages/airflow/example_dags/example_nested_branch_dag.py
[2024-02-24T09:44:28.796+0000] {processor.py:840} INFO - DAG(s) 'example_nested_branch_dag' retrieved from /home/airflow/.local/lib/python3.8/site-packages/airflow/example_dags/example_nested_branch_dag.py
[2024-02-24T09:44:28.815+0000] {logging_mixin.py:188} INFO - [2024-02-24T09:44:28.814+0000] {dag.py:3033} INFO - Sync 1 DAGs
[2024-02-24T09:44:28.835+0000] {logging_mixin.py:188} INFO - [2024-02-24T09:44:28.835+0000] {dag.py:3820} INFO - Setting next_dagrun for example_nested_branch_dag to 2024-02-23T00:00:00+00:00, run_after=2024-02-24T00:00:00+00:00
[2024-02-24T09:44:28.851+0000] {processor.py:183} INFO - Processing /home/airflow/.local/lib/python3.8/site-packages/airflow/example_dags/example_nested_branch_dag.py took 0.070 seconds
[2024-02-24T09:44:59.481+0000] {processor.py:161} INFO - Started process (PID=9578) to work on /home/airflow/.local/lib/python3.8/site-packages/airflow/example_dags/example_nested_branch_dag.py
[2024-02-24T09:44:59.482+0000] {processor.py:830} INFO - Processing file /home/airflow/.local/lib/python3.8/site-packages/airflow/example_dags/example_nested_branch_dag.py for tasks to queue
[2024-02-24T09:44:59.484+0000] {logging_mixin.py:188} INFO - [2024-02-24T09:44:59.484+0000] {dagbag.py:538} INFO - Filling up the DagBag from /home/airflow/.local/lib/python3.8/site-packages/airflow/example_dags/example_nested_branch_dag.py
[2024-02-24T09:44:59.493+0000] {processor.py:840} INFO - DAG(s) 'example_nested_branch_dag' retrieved from /home/airflow/.local/lib/python3.8/site-packages/airflow/example_dags/example_nested_branch_dag.py
[2024-02-24T09:44:59.512+0000] {logging_mixin.py:188} INFO - [2024-02-24T09:44:59.512+0000] {dag.py:3033} INFO - Sync 1 DAGs
[2024-02-24T09:44:59.532+0000] {logging_mixin.py:188} INFO - [2024-02-24T09:44:59.532+0000] {dag.py:3820} INFO - Setting next_dagrun for example_nested_branch_dag to 2024-02-23T00:00:00+00:00, run_after=2024-02-24T00:00:00+00:00
[2024-02-24T09:44:59.549+0000] {processor.py:183} INFO - Processing /home/airflow/.local/lib/python3.8/site-packages/airflow/example_dags/example_nested_branch_dag.py took 0.071 seconds
[2024-02-24T09:45:30.334+0000] {processor.py:161} INFO - Started process (PID=9635) to work on /home/airflow/.local/lib/python3.8/site-packages/airflow/example_dags/example_nested_branch_dag.py
[2024-02-24T09:45:30.335+0000] {processor.py:830} INFO - Processing file /home/airflow/.local/lib/python3.8/site-packages/airflow/example_dags/example_nested_branch_dag.py for tasks to queue
[2024-02-24T09:45:30.337+0000] {logging_mixin.py:188} INFO - [2024-02-24T09:45:30.337+0000] {dagbag.py:538} INFO - Filling up the DagBag from /home/airflow/.local/lib/python3.8/site-packages/airflow/example_dags/example_nested_branch_dag.py
[2024-02-24T09:45:30.345+0000] {processor.py:840} INFO - DAG(s) 'example_nested_branch_dag' retrieved from /home/airflow/.local/lib/python3.8/site-packages/airflow/example_dags/example_nested_branch_dag.py
[2024-02-24T09:45:30.365+0000] {logging_mixin.py:188} INFO - [2024-02-24T09:45:30.364+0000] {dag.py:3033} INFO - Sync 1 DAGs
[2024-02-24T09:45:30.385+0000] {logging_mixin.py:188} INFO - [2024-02-24T09:45:30.385+0000] {dag.py:3820} INFO - Setting next_dagrun for example_nested_branch_dag to 2024-02-23T00:00:00+00:00, run_after=2024-02-24T00:00:00+00:00
[2024-02-24T09:45:30.402+0000] {processor.py:183} INFO - Processing /home/airflow/.local/lib/python3.8/site-packages/airflow/example_dags/example_nested_branch_dag.py took 0.071 seconds
[2024-02-24T09:46:01.177+0000] {processor.py:161} INFO - Started process (PID=9692) to work on /home/airflow/.local/lib/python3.8/site-packages/airflow/example_dags/example_nested_branch_dag.py
[2024-02-24T09:46:01.178+0000] {processor.py:830} INFO - Processing file /home/airflow/.local/lib/python3.8/site-packages/airflow/example_dags/example_nested_branch_dag.py for tasks to queue
[2024-02-24T09:46:01.181+0000] {logging_mixin.py:188} INFO - [2024-02-24T09:46:01.181+0000] {dagbag.py:538} INFO - Filling up the DagBag from /home/airflow/.local/lib/python3.8/site-packages/airflow/example_dags/example_nested_branch_dag.py
[2024-02-24T09:46:01.189+0000] {processor.py:840} INFO - DAG(s) 'example_nested_branch_dag' retrieved from /home/airflow/.local/lib/python3.8/site-packages/airflow/example_dags/example_nested_branch_dag.py
[2024-02-24T09:46:01.209+0000] {logging_mixin.py:188} INFO - [2024-02-24T09:46:01.209+0000] {dag.py:3033} INFO - Sync 1 DAGs
[2024-02-24T09:46:01.230+0000] {logging_mixin.py:188} INFO - [2024-02-24T09:46:01.230+0000] {dag.py:3820} INFO - Setting next_dagrun for example_nested_branch_dag to 2024-02-23T00:00:00+00:00, run_after=2024-02-24T00:00:00+00:00
[2024-02-24T09:46:01.248+0000] {processor.py:183} INFO - Processing /home/airflow/.local/lib/python3.8/site-packages/airflow/example_dags/example_nested_branch_dag.py took 0.074 seconds
[2024-02-24T09:46:31.970+0000] {processor.py:161} INFO - Started process (PID=9749) to work on /home/airflow/.local/lib/python3.8/site-packages/airflow/example_dags/example_nested_branch_dag.py
[2024-02-24T09:46:31.971+0000] {processor.py:830} INFO - Processing file /home/airflow/.local/lib/python3.8/site-packages/airflow/example_dags/example_nested_branch_dag.py for tasks to queue
[2024-02-24T09:46:31.975+0000] {logging_mixin.py:188} INFO - [2024-02-24T09:46:31.974+0000] {dagbag.py:538} INFO - Filling up the DagBag from /home/airflow/.local/lib/python3.8/site-packages/airflow/example_dags/example_nested_branch_dag.py
[2024-02-24T09:46:31.985+0000] {processor.py:840} INFO - DAG(s) 'example_nested_branch_dag' retrieved from /home/airflow/.local/lib/python3.8/site-packages/airflow/example_dags/example_nested_branch_dag.py
[2024-02-24T09:46:32.005+0000] {logging_mixin.py:188} INFO - [2024-02-24T09:46:32.004+0000] {dag.py:3033} INFO - Sync 1 DAGs
[2024-02-24T09:46:32.026+0000] {logging_mixin.py:188} INFO - [2024-02-24T09:46:32.026+0000] {dag.py:3820} INFO - Setting next_dagrun for example_nested_branch_dag to 2024-02-23T00:00:00+00:00, run_after=2024-02-24T00:00:00+00:00
[2024-02-24T09:46:32.045+0000] {processor.py:183} INFO - Processing /home/airflow/.local/lib/python3.8/site-packages/airflow/example_dags/example_nested_branch_dag.py took 0.079 seconds
[2024-02-24T09:47:02.804+0000] {processor.py:161} INFO - Started process (PID=9806) to work on /home/airflow/.local/lib/python3.8/site-packages/airflow/example_dags/example_nested_branch_dag.py
[2024-02-24T09:47:02.805+0000] {processor.py:830} INFO - Processing file /home/airflow/.local/lib/python3.8/site-packages/airflow/example_dags/example_nested_branch_dag.py for tasks to queue
[2024-02-24T09:47:02.807+0000] {logging_mixin.py:188} INFO - [2024-02-24T09:47:02.807+0000] {dagbag.py:538} INFO - Filling up the DagBag from /home/airflow/.local/lib/python3.8/site-packages/airflow/example_dags/example_nested_branch_dag.py
[2024-02-24T09:47:02.816+0000] {processor.py:840} INFO - DAG(s) 'example_nested_branch_dag' retrieved from /home/airflow/.local/lib/python3.8/site-packages/airflow/example_dags/example_nested_branch_dag.py
[2024-02-24T09:47:02.836+0000] {logging_mixin.py:188} INFO - [2024-02-24T09:47:02.835+0000] {dag.py:3033} INFO - Sync 1 DAGs
[2024-02-24T09:47:02.856+0000] {logging_mixin.py:188} INFO - [2024-02-24T09:47:02.855+0000] {dag.py:3820} INFO - Setting next_dagrun for example_nested_branch_dag to 2024-02-23T00:00:00+00:00, run_after=2024-02-24T00:00:00+00:00
[2024-02-24T09:47:02.872+0000] {processor.py:183} INFO - Processing /home/airflow/.local/lib/python3.8/site-packages/airflow/example_dags/example_nested_branch_dag.py took 0.071 seconds
[2024-02-24T09:47:33.607+0000] {processor.py:161} INFO - Started process (PID=9863) to work on /home/airflow/.local/lib/python3.8/site-packages/airflow/example_dags/example_nested_branch_dag.py
[2024-02-24T09:47:33.608+0000] {processor.py:830} INFO - Processing file /home/airflow/.local/lib/python3.8/site-packages/airflow/example_dags/example_nested_branch_dag.py for tasks to queue
[2024-02-24T09:47:33.611+0000] {logging_mixin.py:188} INFO - [2024-02-24T09:47:33.610+0000] {dagbag.py:538} INFO - Filling up the DagBag from /home/airflow/.local/lib/python3.8/site-packages/airflow/example_dags/example_nested_branch_dag.py
[2024-02-24T09:47:33.619+0000] {processor.py:840} INFO - DAG(s) 'example_nested_branch_dag' retrieved from /home/airflow/.local/lib/python3.8/site-packages/airflow/example_dags/example_nested_branch_dag.py
[2024-02-24T09:47:33.639+0000] {logging_mixin.py:188} INFO - [2024-02-24T09:47:33.639+0000] {dag.py:3033} INFO - Sync 1 DAGs
[2024-02-24T09:47:33.659+0000] {logging_mixin.py:188} INFO - [2024-02-24T09:47:33.659+0000] {dag.py:3820} INFO - Setting next_dagrun for example_nested_branch_dag to 2024-02-23T00:00:00+00:00, run_after=2024-02-24T00:00:00+00:00
[2024-02-24T09:47:33.675+0000] {processor.py:183} INFO - Processing /home/airflow/.local/lib/python3.8/site-packages/airflow/example_dags/example_nested_branch_dag.py took 0.070 seconds
[2024-02-24T09:48:04.628+0000] {processor.py:161} INFO - Started process (PID=9920) to work on /home/airflow/.local/lib/python3.8/site-packages/airflow/example_dags/example_nested_branch_dag.py
[2024-02-24T09:48:04.629+0000] {processor.py:830} INFO - Processing file /home/airflow/.local/lib/python3.8/site-packages/airflow/example_dags/example_nested_branch_dag.py for tasks to queue
[2024-02-24T09:48:04.632+0000] {logging_mixin.py:188} INFO - [2024-02-24T09:48:04.631+0000] {dagbag.py:538} INFO - Filling up the DagBag from /home/airflow/.local/lib/python3.8/site-packages/airflow/example_dags/example_nested_branch_dag.py
[2024-02-24T09:48:04.643+0000] {processor.py:840} INFO - DAG(s) 'example_nested_branch_dag' retrieved from /home/airflow/.local/lib/python3.8/site-packages/airflow/example_dags/example_nested_branch_dag.py
[2024-02-24T09:48:04.671+0000] {logging_mixin.py:188} INFO - [2024-02-24T09:48:04.670+0000] {dag.py:3033} INFO - Sync 1 DAGs
[2024-02-24T09:48:04.698+0000] {logging_mixin.py:188} INFO - [2024-02-24T09:48:04.698+0000] {dag.py:3820} INFO - Setting next_dagrun for example_nested_branch_dag to 2024-02-23T00:00:00+00:00, run_after=2024-02-24T00:00:00+00:00
[2024-02-24T09:48:04.721+0000] {processor.py:183} INFO - Processing /home/airflow/.local/lib/python3.8/site-packages/airflow/example_dags/example_nested_branch_dag.py took 0.097 seconds
[2024-02-24T09:48:35.067+0000] {processor.py:161} INFO - Started process (PID=9977) to work on /home/airflow/.local/lib/python3.8/site-packages/airflow/example_dags/example_nested_branch_dag.py
[2024-02-24T09:48:35.068+0000] {processor.py:830} INFO - Processing file /home/airflow/.local/lib/python3.8/site-packages/airflow/example_dags/example_nested_branch_dag.py for tasks to queue
[2024-02-24T09:48:35.071+0000] {logging_mixin.py:188} INFO - [2024-02-24T09:48:35.070+0000] {dagbag.py:538} INFO - Filling up the DagBag from /home/airflow/.local/lib/python3.8/site-packages/airflow/example_dags/example_nested_branch_dag.py
[2024-02-24T09:48:35.081+0000] {processor.py:840} INFO - DAG(s) 'example_nested_branch_dag' retrieved from /home/airflow/.local/lib/python3.8/site-packages/airflow/example_dags/example_nested_branch_dag.py
[2024-02-24T09:48:35.106+0000] {logging_mixin.py:188} INFO - [2024-02-24T09:48:35.106+0000] {dag.py:3033} INFO - Sync 1 DAGs
[2024-02-24T09:48:35.128+0000] {logging_mixin.py:188} INFO - [2024-02-24T09:48:35.128+0000] {dag.py:3820} INFO - Setting next_dagrun for example_nested_branch_dag to 2024-02-23T00:00:00+00:00, run_after=2024-02-24T00:00:00+00:00
[2024-02-24T09:48:35.149+0000] {processor.py:183} INFO - Processing /home/airflow/.local/lib/python3.8/site-packages/airflow/example_dags/example_nested_branch_dag.py took 0.087 seconds
[2024-02-24T09:49:05.624+0000] {processor.py:161} INFO - Started process (PID=10034) to work on /home/airflow/.local/lib/python3.8/site-packages/airflow/example_dags/example_nested_branch_dag.py
[2024-02-24T09:49:05.626+0000] {processor.py:830} INFO - Processing file /home/airflow/.local/lib/python3.8/site-packages/airflow/example_dags/example_nested_branch_dag.py for tasks to queue
[2024-02-24T09:49:05.629+0000] {logging_mixin.py:188} INFO - [2024-02-24T09:49:05.629+0000] {dagbag.py:538} INFO - Filling up the DagBag from /home/airflow/.local/lib/python3.8/site-packages/airflow/example_dags/example_nested_branch_dag.py
[2024-02-24T09:49:05.643+0000] {processor.py:840} INFO - DAG(s) 'example_nested_branch_dag' retrieved from /home/airflow/.local/lib/python3.8/site-packages/airflow/example_dags/example_nested_branch_dag.py
[2024-02-24T09:49:05.673+0000] {logging_mixin.py:188} INFO - [2024-02-24T09:49:05.673+0000] {dag.py:3033} INFO - Sync 1 DAGs
[2024-02-24T09:49:05.704+0000] {logging_mixin.py:188} INFO - [2024-02-24T09:49:05.704+0000] {dag.py:3820} INFO - Setting next_dagrun for example_nested_branch_dag to 2024-02-23T00:00:00+00:00, run_after=2024-02-24T00:00:00+00:00
[2024-02-24T09:49:05.743+0000] {processor.py:183} INFO - Processing /home/airflow/.local/lib/python3.8/site-packages/airflow/example_dags/example_nested_branch_dag.py took 0.124 seconds
