[2024-02-24T09:35:41.170+0000] {processor.py:161} INFO - Started process (PID=8506) to work on /home/airflow/.local/lib/python3.8/site-packages/airflow/example_dags/example_task_group_decorator.py
[2024-02-24T09:35:41.172+0000] {processor.py:830} INFO - Processing file /home/airflow/.local/lib/python3.8/site-packages/airflow/example_dags/example_task_group_decorator.py for tasks to queue
[2024-02-24T09:35:41.185+0000] {logging_mixin.py:188} INFO - [2024-02-24T09:35:41.174+0000] {dagbag.py:538} INFO - Filling up the DagBag from /home/airflow/.local/lib/python3.8/site-packages/airflow/example_dags/example_task_group_decorator.py
[2024-02-24T09:35:41.228+0000] {processor.py:840} INFO - DAG(s) 'example_task_group_decorator' retrieved from /home/airflow/.local/lib/python3.8/site-packages/airflow/example_dags/example_task_group_decorator.py
[2024-02-24T09:35:41.304+0000] {logging_mixin.py:188} INFO - [2024-02-24T09:35:41.303+0000] {dag.py:3033} INFO - Sync 1 DAGs
[2024-02-24T09:35:41.375+0000] {logging_mixin.py:188} INFO - [2024-02-24T09:35:41.374+0000] {dag.py:3820} INFO - Setting next_dagrun for example_task_group_decorator to 2024-02-23T00:00:00+00:00, run_after=2024-02-24T00:00:00+00:00
[2024-02-24T09:35:41.464+0000] {processor.py:183} INFO - Processing /home/airflow/.local/lib/python3.8/site-packages/airflow/example_dags/example_task_group_decorator.py took 0.298 seconds
[2024-02-24T09:36:11.912+0000] {processor.py:161} INFO - Started process (PID=8563) to work on /home/airflow/.local/lib/python3.8/site-packages/airflow/example_dags/example_task_group_decorator.py
[2024-02-24T09:36:11.912+0000] {processor.py:830} INFO - Processing file /home/airflow/.local/lib/python3.8/site-packages/airflow/example_dags/example_task_group_decorator.py for tasks to queue
[2024-02-24T09:36:11.914+0000] {logging_mixin.py:188} INFO - [2024-02-24T09:36:11.914+0000] {dagbag.py:538} INFO - Filling up the DagBag from /home/airflow/.local/lib/python3.8/site-packages/airflow/example_dags/example_task_group_decorator.py
[2024-02-24T09:36:11.929+0000] {processor.py:840} INFO - DAG(s) 'example_task_group_decorator' retrieved from /home/airflow/.local/lib/python3.8/site-packages/airflow/example_dags/example_task_group_decorator.py
[2024-02-24T09:36:11.952+0000] {logging_mixin.py:188} INFO - [2024-02-24T09:36:11.952+0000] {dag.py:3033} INFO - Sync 1 DAGs
[2024-02-24T09:36:11.973+0000] {logging_mixin.py:188} INFO - [2024-02-24T09:36:11.973+0000] {dag.py:3820} INFO - Setting next_dagrun for example_task_group_decorator to 2024-02-23T00:00:00+00:00, run_after=2024-02-24T00:00:00+00:00
[2024-02-24T09:36:11.992+0000] {processor.py:183} INFO - Processing /home/airflow/.local/lib/python3.8/site-packages/airflow/example_dags/example_task_group_decorator.py took 0.083 seconds
[2024-02-24T09:36:42.106+0000] {processor.py:161} INFO - Started process (PID=8620) to work on /home/airflow/.local/lib/python3.8/site-packages/airflow/example_dags/example_task_group_decorator.py
[2024-02-24T09:36:42.107+0000] {processor.py:830} INFO - Processing file /home/airflow/.local/lib/python3.8/site-packages/airflow/example_dags/example_task_group_decorator.py for tasks to queue
[2024-02-24T09:36:42.110+0000] {logging_mixin.py:188} INFO - [2024-02-24T09:36:42.109+0000] {dagbag.py:538} INFO - Filling up the DagBag from /home/airflow/.local/lib/python3.8/site-packages/airflow/example_dags/example_task_group_decorator.py
[2024-02-24T09:36:42.128+0000] {processor.py:840} INFO - DAG(s) 'example_task_group_decorator' retrieved from /home/airflow/.local/lib/python3.8/site-packages/airflow/example_dags/example_task_group_decorator.py
[2024-02-24T09:36:42.159+0000] {logging_mixin.py:188} INFO - [2024-02-24T09:36:42.158+0000] {dag.py:3033} INFO - Sync 1 DAGs
[2024-02-24T09:36:42.183+0000] {logging_mixin.py:188} INFO - [2024-02-24T09:36:42.183+0000] {dag.py:3820} INFO - Setting next_dagrun for example_task_group_decorator to 2024-02-23T00:00:00+00:00, run_after=2024-02-24T00:00:00+00:00
[2024-02-24T09:36:42.210+0000] {processor.py:183} INFO - Processing /home/airflow/.local/lib/python3.8/site-packages/airflow/example_dags/example_task_group_decorator.py took 0.108 seconds
[2024-02-24T09:37:12.578+0000] {processor.py:161} INFO - Started process (PID=8677) to work on /home/airflow/.local/lib/python3.8/site-packages/airflow/example_dags/example_task_group_decorator.py
[2024-02-24T09:37:12.579+0000] {processor.py:830} INFO - Processing file /home/airflow/.local/lib/python3.8/site-packages/airflow/example_dags/example_task_group_decorator.py for tasks to queue
[2024-02-24T09:37:12.581+0000] {logging_mixin.py:188} INFO - [2024-02-24T09:37:12.581+0000] {dagbag.py:538} INFO - Filling up the DagBag from /home/airflow/.local/lib/python3.8/site-packages/airflow/example_dags/example_task_group_decorator.py
[2024-02-24T09:37:12.596+0000] {processor.py:840} INFO - DAG(s) 'example_task_group_decorator' retrieved from /home/airflow/.local/lib/python3.8/site-packages/airflow/example_dags/example_task_group_decorator.py
[2024-02-24T09:37:12.620+0000] {logging_mixin.py:188} INFO - [2024-02-24T09:37:12.619+0000] {dag.py:3033} INFO - Sync 1 DAGs
[2024-02-24T09:37:12.639+0000] {logging_mixin.py:188} INFO - [2024-02-24T09:37:12.638+0000] {dag.py:3820} INFO - Setting next_dagrun for example_task_group_decorator to 2024-02-23T00:00:00+00:00, run_after=2024-02-24T00:00:00+00:00
[2024-02-24T09:37:12.656+0000] {processor.py:183} INFO - Processing /home/airflow/.local/lib/python3.8/site-packages/airflow/example_dags/example_task_group_decorator.py took 0.081 seconds
[2024-02-24T09:37:42.753+0000] {processor.py:161} INFO - Started process (PID=8734) to work on /home/airflow/.local/lib/python3.8/site-packages/airflow/example_dags/example_task_group_decorator.py
[2024-02-24T09:37:42.754+0000] {processor.py:830} INFO - Processing file /home/airflow/.local/lib/python3.8/site-packages/airflow/example_dags/example_task_group_decorator.py for tasks to queue
[2024-02-24T09:37:42.756+0000] {logging_mixin.py:188} INFO - [2024-02-24T09:37:42.756+0000] {dagbag.py:538} INFO - Filling up the DagBag from /home/airflow/.local/lib/python3.8/site-packages/airflow/example_dags/example_task_group_decorator.py
[2024-02-24T09:37:42.774+0000] {processor.py:840} INFO - DAG(s) 'example_task_group_decorator' retrieved from /home/airflow/.local/lib/python3.8/site-packages/airflow/example_dags/example_task_group_decorator.py
[2024-02-24T09:37:42.801+0000] {logging_mixin.py:188} INFO - [2024-02-24T09:37:42.801+0000] {dag.py:3033} INFO - Sync 1 DAGs
[2024-02-24T09:37:42.823+0000] {logging_mixin.py:188} INFO - [2024-02-24T09:37:42.823+0000] {dag.py:3820} INFO - Setting next_dagrun for example_task_group_decorator to 2024-02-23T00:00:00+00:00, run_after=2024-02-24T00:00:00+00:00
[2024-02-24T09:37:42.842+0000] {processor.py:183} INFO - Processing /home/airflow/.local/lib/python3.8/site-packages/airflow/example_dags/example_task_group_decorator.py took 0.092 seconds
[2024-02-24T09:38:13.204+0000] {processor.py:161} INFO - Started process (PID=8791) to work on /home/airflow/.local/lib/python3.8/site-packages/airflow/example_dags/example_task_group_decorator.py
[2024-02-24T09:38:13.205+0000] {processor.py:830} INFO - Processing file /home/airflow/.local/lib/python3.8/site-packages/airflow/example_dags/example_task_group_decorator.py for tasks to queue
[2024-02-24T09:38:13.207+0000] {logging_mixin.py:188} INFO - [2024-02-24T09:38:13.207+0000] {dagbag.py:538} INFO - Filling up the DagBag from /home/airflow/.local/lib/python3.8/site-packages/airflow/example_dags/example_task_group_decorator.py
[2024-02-24T09:38:13.223+0000] {processor.py:840} INFO - DAG(s) 'example_task_group_decorator' retrieved from /home/airflow/.local/lib/python3.8/site-packages/airflow/example_dags/example_task_group_decorator.py
[2024-02-24T09:38:13.247+0000] {logging_mixin.py:188} INFO - [2024-02-24T09:38:13.246+0000] {dag.py:3033} INFO - Sync 1 DAGs
[2024-02-24T09:38:13.268+0000] {logging_mixin.py:188} INFO - [2024-02-24T09:38:13.267+0000] {dag.py:3820} INFO - Setting next_dagrun for example_task_group_decorator to 2024-02-23T00:00:00+00:00, run_after=2024-02-24T00:00:00+00:00
[2024-02-24T09:38:13.285+0000] {processor.py:183} INFO - Processing /home/airflow/.local/lib/python3.8/site-packages/airflow/example_dags/example_task_group_decorator.py took 0.085 seconds
[2024-02-24T09:38:43.913+0000] {processor.py:161} INFO - Started process (PID=8848) to work on /home/airflow/.local/lib/python3.8/site-packages/airflow/example_dags/example_task_group_decorator.py
[2024-02-24T09:38:43.914+0000] {processor.py:830} INFO - Processing file /home/airflow/.local/lib/python3.8/site-packages/airflow/example_dags/example_task_group_decorator.py for tasks to queue
[2024-02-24T09:38:43.917+0000] {logging_mixin.py:188} INFO - [2024-02-24T09:38:43.917+0000] {dagbag.py:538} INFO - Filling up the DagBag from /home/airflow/.local/lib/python3.8/site-packages/airflow/example_dags/example_task_group_decorator.py
[2024-02-24T09:38:43.939+0000] {processor.py:840} INFO - DAG(s) 'example_task_group_decorator' retrieved from /home/airflow/.local/lib/python3.8/site-packages/airflow/example_dags/example_task_group_decorator.py
[2024-02-24T09:38:43.965+0000] {logging_mixin.py:188} INFO - [2024-02-24T09:38:43.964+0000] {dag.py:3033} INFO - Sync 1 DAGs
[2024-02-24T09:38:43.988+0000] {logging_mixin.py:188} INFO - [2024-02-24T09:38:43.988+0000] {dag.py:3820} INFO - Setting next_dagrun for example_task_group_decorator to 2024-02-23T00:00:00+00:00, run_after=2024-02-24T00:00:00+00:00
[2024-02-24T09:38:44.008+0000] {processor.py:183} INFO - Processing /home/airflow/.local/lib/python3.8/site-packages/airflow/example_dags/example_task_group_decorator.py took 0.099 seconds
[2024-02-24T09:39:14.600+0000] {processor.py:161} INFO - Started process (PID=8905) to work on /home/airflow/.local/lib/python3.8/site-packages/airflow/example_dags/example_task_group_decorator.py
[2024-02-24T09:39:14.601+0000] {processor.py:830} INFO - Processing file /home/airflow/.local/lib/python3.8/site-packages/airflow/example_dags/example_task_group_decorator.py for tasks to queue
[2024-02-24T09:39:14.603+0000] {logging_mixin.py:188} INFO - [2024-02-24T09:39:14.603+0000] {dagbag.py:538} INFO - Filling up the DagBag from /home/airflow/.local/lib/python3.8/site-packages/airflow/example_dags/example_task_group_decorator.py
[2024-02-24T09:39:14.617+0000] {processor.py:840} INFO - DAG(s) 'example_task_group_decorator' retrieved from /home/airflow/.local/lib/python3.8/site-packages/airflow/example_dags/example_task_group_decorator.py
[2024-02-24T09:39:14.640+0000] {logging_mixin.py:188} INFO - [2024-02-24T09:39:14.639+0000] {dag.py:3033} INFO - Sync 1 DAGs
[2024-02-24T09:39:14.658+0000] {logging_mixin.py:188} INFO - [2024-02-24T09:39:14.658+0000] {dag.py:3820} INFO - Setting next_dagrun for example_task_group_decorator to 2024-02-23T00:00:00+00:00, run_after=2024-02-24T00:00:00+00:00
[2024-02-24T09:39:14.675+0000] {processor.py:183} INFO - Processing /home/airflow/.local/lib/python3.8/site-packages/airflow/example_dags/example_task_group_decorator.py took 0.078 seconds
[2024-02-24T09:39:45.544+0000] {processor.py:161} INFO - Started process (PID=8962) to work on /home/airflow/.local/lib/python3.8/site-packages/airflow/example_dags/example_task_group_decorator.py
[2024-02-24T09:39:45.545+0000] {processor.py:830} INFO - Processing file /home/airflow/.local/lib/python3.8/site-packages/airflow/example_dags/example_task_group_decorator.py for tasks to queue
[2024-02-24T09:39:45.547+0000] {logging_mixin.py:188} INFO - [2024-02-24T09:39:45.547+0000] {dagbag.py:538} INFO - Filling up the DagBag from /home/airflow/.local/lib/python3.8/site-packages/airflow/example_dags/example_task_group_decorator.py
[2024-02-24T09:39:45.566+0000] {processor.py:840} INFO - DAG(s) 'example_task_group_decorator' retrieved from /home/airflow/.local/lib/python3.8/site-packages/airflow/example_dags/example_task_group_decorator.py
[2024-02-24T09:39:45.591+0000] {logging_mixin.py:188} INFO - [2024-02-24T09:39:45.591+0000] {dag.py:3033} INFO - Sync 1 DAGs
[2024-02-24T09:39:45.612+0000] {logging_mixin.py:188} INFO - [2024-02-24T09:39:45.611+0000] {dag.py:3820} INFO - Setting next_dagrun for example_task_group_decorator to 2024-02-23T00:00:00+00:00, run_after=2024-02-24T00:00:00+00:00
[2024-02-24T09:39:45.629+0000] {processor.py:183} INFO - Processing /home/airflow/.local/lib/python3.8/site-packages/airflow/example_dags/example_task_group_decorator.py took 0.088 seconds
[2024-02-24T09:40:16.317+0000] {processor.py:161} INFO - Started process (PID=9019) to work on /home/airflow/.local/lib/python3.8/site-packages/airflow/example_dags/example_task_group_decorator.py
[2024-02-24T09:40:16.318+0000] {processor.py:830} INFO - Processing file /home/airflow/.local/lib/python3.8/site-packages/airflow/example_dags/example_task_group_decorator.py for tasks to queue
[2024-02-24T09:40:16.320+0000] {logging_mixin.py:188} INFO - [2024-02-24T09:40:16.320+0000] {dagbag.py:538} INFO - Filling up the DagBag from /home/airflow/.local/lib/python3.8/site-packages/airflow/example_dags/example_task_group_decorator.py
[2024-02-24T09:40:16.337+0000] {processor.py:840} INFO - DAG(s) 'example_task_group_decorator' retrieved from /home/airflow/.local/lib/python3.8/site-packages/airflow/example_dags/example_task_group_decorator.py
[2024-02-24T09:40:16.360+0000] {logging_mixin.py:188} INFO - [2024-02-24T09:40:16.360+0000] {dag.py:3033} INFO - Sync 1 DAGs
[2024-02-24T09:40:16.381+0000] {logging_mixin.py:188} INFO - [2024-02-24T09:40:16.380+0000] {dag.py:3820} INFO - Setting next_dagrun for example_task_group_decorator to 2024-02-23T00:00:00+00:00, run_after=2024-02-24T00:00:00+00:00
[2024-02-24T09:40:16.398+0000] {processor.py:183} INFO - Processing /home/airflow/.local/lib/python3.8/site-packages/airflow/example_dags/example_task_group_decorator.py took 0.084 seconds
[2024-02-24T09:40:47.506+0000] {processor.py:161} INFO - Started process (PID=9076) to work on /home/airflow/.local/lib/python3.8/site-packages/airflow/example_dags/example_task_group_decorator.py
[2024-02-24T09:40:47.507+0000] {processor.py:830} INFO - Processing file /home/airflow/.local/lib/python3.8/site-packages/airflow/example_dags/example_task_group_decorator.py for tasks to queue
[2024-02-24T09:40:47.521+0000] {logging_mixin.py:188} INFO - [2024-02-24T09:40:47.510+0000] {dagbag.py:538} INFO - Filling up the DagBag from /home/airflow/.local/lib/python3.8/site-packages/airflow/example_dags/example_task_group_decorator.py
[2024-02-24T09:40:47.570+0000] {processor.py:840} INFO - DAG(s) 'example_task_group_decorator' retrieved from /home/airflow/.local/lib/python3.8/site-packages/airflow/example_dags/example_task_group_decorator.py
[2024-02-24T09:40:47.649+0000] {logging_mixin.py:188} INFO - [2024-02-24T09:40:47.649+0000] {dag.py:3033} INFO - Sync 1 DAGs
[2024-02-24T09:40:47.713+0000] {logging_mixin.py:188} INFO - [2024-02-24T09:40:47.713+0000] {dag.py:3820} INFO - Setting next_dagrun for example_task_group_decorator to 2024-02-23T00:00:00+00:00, run_after=2024-02-24T00:00:00+00:00
[2024-02-24T09:40:47.762+0000] {processor.py:183} INFO - Processing /home/airflow/.local/lib/python3.8/site-packages/airflow/example_dags/example_task_group_decorator.py took 0.266 seconds
[2024-02-24T09:41:17.843+0000] {processor.py:161} INFO - Started process (PID=9133) to work on /home/airflow/.local/lib/python3.8/site-packages/airflow/example_dags/example_task_group_decorator.py
[2024-02-24T09:41:17.844+0000] {processor.py:830} INFO - Processing file /home/airflow/.local/lib/python3.8/site-packages/airflow/example_dags/example_task_group_decorator.py for tasks to queue
[2024-02-24T09:41:17.846+0000] {logging_mixin.py:188} INFO - [2024-02-24T09:41:17.846+0000] {dagbag.py:538} INFO - Filling up the DagBag from /home/airflow/.local/lib/python3.8/site-packages/airflow/example_dags/example_task_group_decorator.py
[2024-02-24T09:41:17.860+0000] {processor.py:840} INFO - DAG(s) 'example_task_group_decorator' retrieved from /home/airflow/.local/lib/python3.8/site-packages/airflow/example_dags/example_task_group_decorator.py
[2024-02-24T09:41:17.881+0000] {logging_mixin.py:188} INFO - [2024-02-24T09:41:17.881+0000] {dag.py:3033} INFO - Sync 1 DAGs
[2024-02-24T09:41:17.899+0000] {logging_mixin.py:188} INFO - [2024-02-24T09:41:17.899+0000] {dag.py:3820} INFO - Setting next_dagrun for example_task_group_decorator to 2024-02-23T00:00:00+00:00, run_after=2024-02-24T00:00:00+00:00
[2024-02-24T09:41:17.915+0000] {processor.py:183} INFO - Processing /home/airflow/.local/lib/python3.8/site-packages/airflow/example_dags/example_task_group_decorator.py took 0.075 seconds
[2024-02-24T09:41:48.130+0000] {processor.py:161} INFO - Started process (PID=9190) to work on /home/airflow/.local/lib/python3.8/site-packages/airflow/example_dags/example_task_group_decorator.py
[2024-02-24T09:41:48.131+0000] {processor.py:830} INFO - Processing file /home/airflow/.local/lib/python3.8/site-packages/airflow/example_dags/example_task_group_decorator.py for tasks to queue
[2024-02-24T09:41:48.133+0000] {logging_mixin.py:188} INFO - [2024-02-24T09:41:48.133+0000] {dagbag.py:538} INFO - Filling up the DagBag from /home/airflow/.local/lib/python3.8/site-packages/airflow/example_dags/example_task_group_decorator.py
[2024-02-24T09:41:48.147+0000] {processor.py:840} INFO - DAG(s) 'example_task_group_decorator' retrieved from /home/airflow/.local/lib/python3.8/site-packages/airflow/example_dags/example_task_group_decorator.py
[2024-02-24T09:41:48.169+0000] {logging_mixin.py:188} INFO - [2024-02-24T09:41:48.169+0000] {dag.py:3033} INFO - Sync 1 DAGs
[2024-02-24T09:41:48.187+0000] {logging_mixin.py:188} INFO - [2024-02-24T09:41:48.187+0000] {dag.py:3820} INFO - Setting next_dagrun for example_task_group_decorator to 2024-02-23T00:00:00+00:00, run_after=2024-02-24T00:00:00+00:00
[2024-02-24T09:41:48.203+0000] {processor.py:183} INFO - Processing /home/airflow/.local/lib/python3.8/site-packages/airflow/example_dags/example_task_group_decorator.py took 0.076 seconds
[2024-02-24T09:42:18.799+0000] {processor.py:161} INFO - Started process (PID=9247) to work on /home/airflow/.local/lib/python3.8/site-packages/airflow/example_dags/example_task_group_decorator.py
[2024-02-24T09:42:18.800+0000] {processor.py:830} INFO - Processing file /home/airflow/.local/lib/python3.8/site-packages/airflow/example_dags/example_task_group_decorator.py for tasks to queue
[2024-02-24T09:42:18.802+0000] {logging_mixin.py:188} INFO - [2024-02-24T09:42:18.802+0000] {dagbag.py:538} INFO - Filling up the DagBag from /home/airflow/.local/lib/python3.8/site-packages/airflow/example_dags/example_task_group_decorator.py
[2024-02-24T09:42:18.816+0000] {processor.py:840} INFO - DAG(s) 'example_task_group_decorator' retrieved from /home/airflow/.local/lib/python3.8/site-packages/airflow/example_dags/example_task_group_decorator.py
[2024-02-24T09:42:18.838+0000] {logging_mixin.py:188} INFO - [2024-02-24T09:42:18.837+0000] {dag.py:3033} INFO - Sync 1 DAGs
[2024-02-24T09:42:18.855+0000] {logging_mixin.py:188} INFO - [2024-02-24T09:42:18.855+0000] {dag.py:3820} INFO - Setting next_dagrun for example_task_group_decorator to 2024-02-23T00:00:00+00:00, run_after=2024-02-24T00:00:00+00:00
[2024-02-24T09:42:18.870+0000] {processor.py:183} INFO - Processing /home/airflow/.local/lib/python3.8/site-packages/airflow/example_dags/example_task_group_decorator.py took 0.074 seconds
[2024-02-24T09:42:49.471+0000] {processor.py:161} INFO - Started process (PID=9304) to work on /home/airflow/.local/lib/python3.8/site-packages/airflow/example_dags/example_task_group_decorator.py
[2024-02-24T09:42:49.472+0000] {processor.py:830} INFO - Processing file /home/airflow/.local/lib/python3.8/site-packages/airflow/example_dags/example_task_group_decorator.py for tasks to queue
[2024-02-24T09:42:49.474+0000] {logging_mixin.py:188} INFO - [2024-02-24T09:42:49.474+0000] {dagbag.py:538} INFO - Filling up the DagBag from /home/airflow/.local/lib/python3.8/site-packages/airflow/example_dags/example_task_group_decorator.py
[2024-02-24T09:42:49.488+0000] {processor.py:840} INFO - DAG(s) 'example_task_group_decorator' retrieved from /home/airflow/.local/lib/python3.8/site-packages/airflow/example_dags/example_task_group_decorator.py
[2024-02-24T09:42:49.510+0000] {logging_mixin.py:188} INFO - [2024-02-24T09:42:49.509+0000] {dag.py:3033} INFO - Sync 1 DAGs
[2024-02-24T09:42:49.528+0000] {logging_mixin.py:188} INFO - [2024-02-24T09:42:49.528+0000] {dag.py:3820} INFO - Setting next_dagrun for example_task_group_decorator to 2024-02-23T00:00:00+00:00, run_after=2024-02-24T00:00:00+00:00
[2024-02-24T09:42:49.545+0000] {processor.py:183} INFO - Processing /home/airflow/.local/lib/python3.8/site-packages/airflow/example_dags/example_task_group_decorator.py took 0.077 seconds
[2024-02-24T09:43:20.271+0000] {processor.py:161} INFO - Started process (PID=9361) to work on /home/airflow/.local/lib/python3.8/site-packages/airflow/example_dags/example_task_group_decorator.py
[2024-02-24T09:43:20.272+0000] {processor.py:830} INFO - Processing file /home/airflow/.local/lib/python3.8/site-packages/airflow/example_dags/example_task_group_decorator.py for tasks to queue
[2024-02-24T09:43:20.274+0000] {logging_mixin.py:188} INFO - [2024-02-24T09:43:20.274+0000] {dagbag.py:538} INFO - Filling up the DagBag from /home/airflow/.local/lib/python3.8/site-packages/airflow/example_dags/example_task_group_decorator.py
[2024-02-24T09:43:20.288+0000] {processor.py:840} INFO - DAG(s) 'example_task_group_decorator' retrieved from /home/airflow/.local/lib/python3.8/site-packages/airflow/example_dags/example_task_group_decorator.py
[2024-02-24T09:43:20.311+0000] {logging_mixin.py:188} INFO - [2024-02-24T09:43:20.311+0000] {dag.py:3033} INFO - Sync 1 DAGs
[2024-02-24T09:43:20.329+0000] {logging_mixin.py:188} INFO - [2024-02-24T09:43:20.329+0000] {dag.py:3820} INFO - Setting next_dagrun for example_task_group_decorator to 2024-02-23T00:00:00+00:00, run_after=2024-02-24T00:00:00+00:00
[2024-02-24T09:43:20.344+0000] {processor.py:183} INFO - Processing /home/airflow/.local/lib/python3.8/site-packages/airflow/example_dags/example_task_group_decorator.py took 0.076 seconds
[2024-02-24T09:43:50.916+0000] {processor.py:161} INFO - Started process (PID=9418) to work on /home/airflow/.local/lib/python3.8/site-packages/airflow/example_dags/example_task_group_decorator.py
[2024-02-24T09:43:50.917+0000] {processor.py:830} INFO - Processing file /home/airflow/.local/lib/python3.8/site-packages/airflow/example_dags/example_task_group_decorator.py for tasks to queue
[2024-02-24T09:43:50.919+0000] {logging_mixin.py:188} INFO - [2024-02-24T09:43:50.918+0000] {dagbag.py:538} INFO - Filling up the DagBag from /home/airflow/.local/lib/python3.8/site-packages/airflow/example_dags/example_task_group_decorator.py
[2024-02-24T09:43:50.933+0000] {processor.py:840} INFO - DAG(s) 'example_task_group_decorator' retrieved from /home/airflow/.local/lib/python3.8/site-packages/airflow/example_dags/example_task_group_decorator.py
[2024-02-24T09:43:50.956+0000] {logging_mixin.py:188} INFO - [2024-02-24T09:43:50.955+0000] {dag.py:3033} INFO - Sync 1 DAGs
[2024-02-24T09:43:50.974+0000] {logging_mixin.py:188} INFO - [2024-02-24T09:43:50.974+0000] {dag.py:3820} INFO - Setting next_dagrun for example_task_group_decorator to 2024-02-23T00:00:00+00:00, run_after=2024-02-24T00:00:00+00:00
[2024-02-24T09:43:50.992+0000] {processor.py:183} INFO - Processing /home/airflow/.local/lib/python3.8/site-packages/airflow/example_dags/example_task_group_decorator.py took 0.080 seconds
[2024-02-24T09:44:21.759+0000] {processor.py:161} INFO - Started process (PID=9475) to work on /home/airflow/.local/lib/python3.8/site-packages/airflow/example_dags/example_task_group_decorator.py
[2024-02-24T09:44:21.760+0000] {processor.py:830} INFO - Processing file /home/airflow/.local/lib/python3.8/site-packages/airflow/example_dags/example_task_group_decorator.py for tasks to queue
[2024-02-24T09:44:21.762+0000] {logging_mixin.py:188} INFO - [2024-02-24T09:44:21.761+0000] {dagbag.py:538} INFO - Filling up the DagBag from /home/airflow/.local/lib/python3.8/site-packages/airflow/example_dags/example_task_group_decorator.py
[2024-02-24T09:44:21.777+0000] {processor.py:840} INFO - DAG(s) 'example_task_group_decorator' retrieved from /home/airflow/.local/lib/python3.8/site-packages/airflow/example_dags/example_task_group_decorator.py
[2024-02-24T09:44:21.802+0000] {logging_mixin.py:188} INFO - [2024-02-24T09:44:21.802+0000] {dag.py:3033} INFO - Sync 1 DAGs
[2024-02-24T09:44:21.820+0000] {logging_mixin.py:188} INFO - [2024-02-24T09:44:21.820+0000] {dag.py:3820} INFO - Setting next_dagrun for example_task_group_decorator to 2024-02-23T00:00:00+00:00, run_after=2024-02-24T00:00:00+00:00
[2024-02-24T09:44:21.835+0000] {processor.py:183} INFO - Processing /home/airflow/.local/lib/python3.8/site-packages/airflow/example_dags/example_task_group_decorator.py took 0.079 seconds
[2024-02-24T09:44:52.508+0000] {processor.py:161} INFO - Started process (PID=9538) to work on /home/airflow/.local/lib/python3.8/site-packages/airflow/example_dags/example_task_group_decorator.py
[2024-02-24T09:44:52.509+0000] {processor.py:830} INFO - Processing file /home/airflow/.local/lib/python3.8/site-packages/airflow/example_dags/example_task_group_decorator.py for tasks to queue
[2024-02-24T09:44:52.511+0000] {logging_mixin.py:188} INFO - [2024-02-24T09:44:52.511+0000] {dagbag.py:538} INFO - Filling up the DagBag from /home/airflow/.local/lib/python3.8/site-packages/airflow/example_dags/example_task_group_decorator.py
[2024-02-24T09:44:52.525+0000] {processor.py:840} INFO - DAG(s) 'example_task_group_decorator' retrieved from /home/airflow/.local/lib/python3.8/site-packages/airflow/example_dags/example_task_group_decorator.py
[2024-02-24T09:44:52.548+0000] {logging_mixin.py:188} INFO - [2024-02-24T09:44:52.548+0000] {dag.py:3033} INFO - Sync 1 DAGs
[2024-02-24T09:44:52.566+0000] {logging_mixin.py:188} INFO - [2024-02-24T09:44:52.566+0000] {dag.py:3820} INFO - Setting next_dagrun for example_task_group_decorator to 2024-02-23T00:00:00+00:00, run_after=2024-02-24T00:00:00+00:00
[2024-02-24T09:44:52.583+0000] {processor.py:183} INFO - Processing /home/airflow/.local/lib/python3.8/site-packages/airflow/example_dags/example_task_group_decorator.py took 0.078 seconds
[2024-02-24T09:45:23.232+0000] {processor.py:161} INFO - Started process (PID=9595) to work on /home/airflow/.local/lib/python3.8/site-packages/airflow/example_dags/example_task_group_decorator.py
[2024-02-24T09:45:23.233+0000] {processor.py:830} INFO - Processing file /home/airflow/.local/lib/python3.8/site-packages/airflow/example_dags/example_task_group_decorator.py for tasks to queue
[2024-02-24T09:45:23.235+0000] {logging_mixin.py:188} INFO - [2024-02-24T09:45:23.235+0000] {dagbag.py:538} INFO - Filling up the DagBag from /home/airflow/.local/lib/python3.8/site-packages/airflow/example_dags/example_task_group_decorator.py
[2024-02-24T09:45:23.249+0000] {processor.py:840} INFO - DAG(s) 'example_task_group_decorator' retrieved from /home/airflow/.local/lib/python3.8/site-packages/airflow/example_dags/example_task_group_decorator.py
[2024-02-24T09:45:23.271+0000] {logging_mixin.py:188} INFO - [2024-02-24T09:45:23.271+0000] {dag.py:3033} INFO - Sync 1 DAGs
[2024-02-24T09:45:23.289+0000] {logging_mixin.py:188} INFO - [2024-02-24T09:45:23.289+0000] {dag.py:3820} INFO - Setting next_dagrun for example_task_group_decorator to 2024-02-23T00:00:00+00:00, run_after=2024-02-24T00:00:00+00:00
[2024-02-24T09:45:23.304+0000] {processor.py:183} INFO - Processing /home/airflow/.local/lib/python3.8/site-packages/airflow/example_dags/example_task_group_decorator.py took 0.075 seconds
[2024-02-24T09:45:54.078+0000] {processor.py:161} INFO - Started process (PID=9652) to work on /home/airflow/.local/lib/python3.8/site-packages/airflow/example_dags/example_task_group_decorator.py
[2024-02-24T09:45:54.079+0000] {processor.py:830} INFO - Processing file /home/airflow/.local/lib/python3.8/site-packages/airflow/example_dags/example_task_group_decorator.py for tasks to queue
[2024-02-24T09:45:54.081+0000] {logging_mixin.py:188} INFO - [2024-02-24T09:45:54.081+0000] {dagbag.py:538} INFO - Filling up the DagBag from /home/airflow/.local/lib/python3.8/site-packages/airflow/example_dags/example_task_group_decorator.py
[2024-02-24T09:45:54.097+0000] {processor.py:840} INFO - DAG(s) 'example_task_group_decorator' retrieved from /home/airflow/.local/lib/python3.8/site-packages/airflow/example_dags/example_task_group_decorator.py
[2024-02-24T09:45:54.120+0000] {logging_mixin.py:188} INFO - [2024-02-24T09:45:54.120+0000] {dag.py:3033} INFO - Sync 1 DAGs
[2024-02-24T09:45:54.142+0000] {logging_mixin.py:188} INFO - [2024-02-24T09:45:54.142+0000] {dag.py:3820} INFO - Setting next_dagrun for example_task_group_decorator to 2024-02-23T00:00:00+00:00, run_after=2024-02-24T00:00:00+00:00
[2024-02-24T09:45:54.163+0000] {processor.py:183} INFO - Processing /home/airflow/.local/lib/python3.8/site-packages/airflow/example_dags/example_task_group_decorator.py took 0.088 seconds
[2024-02-24T09:46:24.974+0000] {processor.py:161} INFO - Started process (PID=9709) to work on /home/airflow/.local/lib/python3.8/site-packages/airflow/example_dags/example_task_group_decorator.py
[2024-02-24T09:46:24.975+0000] {processor.py:830} INFO - Processing file /home/airflow/.local/lib/python3.8/site-packages/airflow/example_dags/example_task_group_decorator.py for tasks to queue
[2024-02-24T09:46:24.977+0000] {logging_mixin.py:188} INFO - [2024-02-24T09:46:24.976+0000] {dagbag.py:538} INFO - Filling up the DagBag from /home/airflow/.local/lib/python3.8/site-packages/airflow/example_dags/example_task_group_decorator.py
[2024-02-24T09:46:24.991+0000] {processor.py:840} INFO - DAG(s) 'example_task_group_decorator' retrieved from /home/airflow/.local/lib/python3.8/site-packages/airflow/example_dags/example_task_group_decorator.py
[2024-02-24T09:46:25.012+0000] {logging_mixin.py:188} INFO - [2024-02-24T09:46:25.012+0000] {dag.py:3033} INFO - Sync 1 DAGs
[2024-02-24T09:46:25.031+0000] {logging_mixin.py:188} INFO - [2024-02-24T09:46:25.030+0000] {dag.py:3820} INFO - Setting next_dagrun for example_task_group_decorator to 2024-02-23T00:00:00+00:00, run_after=2024-02-24T00:00:00+00:00
[2024-02-24T09:46:25.048+0000] {processor.py:183} INFO - Processing /home/airflow/.local/lib/python3.8/site-packages/airflow/example_dags/example_task_group_decorator.py took 0.077 seconds
[2024-02-24T09:46:55.737+0000] {processor.py:161} INFO - Started process (PID=9766) to work on /home/airflow/.local/lib/python3.8/site-packages/airflow/example_dags/example_task_group_decorator.py
[2024-02-24T09:46:55.738+0000] {processor.py:830} INFO - Processing file /home/airflow/.local/lib/python3.8/site-packages/airflow/example_dags/example_task_group_decorator.py for tasks to queue
[2024-02-24T09:46:55.740+0000] {logging_mixin.py:188} INFO - [2024-02-24T09:46:55.740+0000] {dagbag.py:538} INFO - Filling up the DagBag from /home/airflow/.local/lib/python3.8/site-packages/airflow/example_dags/example_task_group_decorator.py
[2024-02-24T09:46:55.755+0000] {processor.py:840} INFO - DAG(s) 'example_task_group_decorator' retrieved from /home/airflow/.local/lib/python3.8/site-packages/airflow/example_dags/example_task_group_decorator.py
[2024-02-24T09:46:55.777+0000] {logging_mixin.py:188} INFO - [2024-02-24T09:46:55.777+0000] {dag.py:3033} INFO - Sync 1 DAGs
[2024-02-24T09:46:55.795+0000] {logging_mixin.py:188} INFO - [2024-02-24T09:46:55.795+0000] {dag.py:3820} INFO - Setting next_dagrun for example_task_group_decorator to 2024-02-23T00:00:00+00:00, run_after=2024-02-24T00:00:00+00:00
[2024-02-24T09:46:55.811+0000] {processor.py:183} INFO - Processing /home/airflow/.local/lib/python3.8/site-packages/airflow/example_dags/example_task_group_decorator.py took 0.077 seconds
[2024-02-24T09:47:26.540+0000] {processor.py:161} INFO - Started process (PID=9823) to work on /home/airflow/.local/lib/python3.8/site-packages/airflow/example_dags/example_task_group_decorator.py
[2024-02-24T09:47:26.541+0000] {processor.py:830} INFO - Processing file /home/airflow/.local/lib/python3.8/site-packages/airflow/example_dags/example_task_group_decorator.py for tasks to queue
[2024-02-24T09:47:26.543+0000] {logging_mixin.py:188} INFO - [2024-02-24T09:47:26.543+0000] {dagbag.py:538} INFO - Filling up the DagBag from /home/airflow/.local/lib/python3.8/site-packages/airflow/example_dags/example_task_group_decorator.py
[2024-02-24T09:47:26.557+0000] {processor.py:840} INFO - DAG(s) 'example_task_group_decorator' retrieved from /home/airflow/.local/lib/python3.8/site-packages/airflow/example_dags/example_task_group_decorator.py
[2024-02-24T09:47:26.580+0000] {logging_mixin.py:188} INFO - [2024-02-24T09:47:26.579+0000] {dag.py:3033} INFO - Sync 1 DAGs
[2024-02-24T09:47:26.598+0000] {logging_mixin.py:188} INFO - [2024-02-24T09:47:26.598+0000] {dag.py:3820} INFO - Setting next_dagrun for example_task_group_decorator to 2024-02-23T00:00:00+00:00, run_after=2024-02-24T00:00:00+00:00
[2024-02-24T09:47:26.615+0000] {processor.py:183} INFO - Processing /home/airflow/.local/lib/python3.8/site-packages/airflow/example_dags/example_task_group_decorator.py took 0.077 seconds
[2024-02-24T09:47:57.250+0000] {processor.py:161} INFO - Started process (PID=9880) to work on /home/airflow/.local/lib/python3.8/site-packages/airflow/example_dags/example_task_group_decorator.py
[2024-02-24T09:47:57.251+0000] {processor.py:830} INFO - Processing file /home/airflow/.local/lib/python3.8/site-packages/airflow/example_dags/example_task_group_decorator.py for tasks to queue
[2024-02-24T09:47:57.254+0000] {logging_mixin.py:188} INFO - [2024-02-24T09:47:57.254+0000] {dagbag.py:538} INFO - Filling up the DagBag from /home/airflow/.local/lib/python3.8/site-packages/airflow/example_dags/example_task_group_decorator.py
[2024-02-24T09:47:57.271+0000] {processor.py:840} INFO - DAG(s) 'example_task_group_decorator' retrieved from /home/airflow/.local/lib/python3.8/site-packages/airflow/example_dags/example_task_group_decorator.py
[2024-02-24T09:47:57.294+0000] {logging_mixin.py:188} INFO - [2024-02-24T09:47:57.293+0000] {dag.py:3033} INFO - Sync 1 DAGs
[2024-02-24T09:47:57.312+0000] {logging_mixin.py:188} INFO - [2024-02-24T09:47:57.312+0000] {dag.py:3820} INFO - Setting next_dagrun for example_task_group_decorator to 2024-02-23T00:00:00+00:00, run_after=2024-02-24T00:00:00+00:00
[2024-02-24T09:47:57.328+0000] {processor.py:183} INFO - Processing /home/airflow/.local/lib/python3.8/site-packages/airflow/example_dags/example_task_group_decorator.py took 0.081 seconds
[2024-02-24T09:48:28.347+0000] {processor.py:161} INFO - Started process (PID=9937) to work on /home/airflow/.local/lib/python3.8/site-packages/airflow/example_dags/example_task_group_decorator.py
[2024-02-24T09:48:28.349+0000] {processor.py:830} INFO - Processing file /home/airflow/.local/lib/python3.8/site-packages/airflow/example_dags/example_task_group_decorator.py for tasks to queue
[2024-02-24T09:48:28.351+0000] {logging_mixin.py:188} INFO - [2024-02-24T09:48:28.351+0000] {dagbag.py:538} INFO - Filling up the DagBag from /home/airflow/.local/lib/python3.8/site-packages/airflow/example_dags/example_task_group_decorator.py
[2024-02-24T09:48:28.368+0000] {processor.py:840} INFO - DAG(s) 'example_task_group_decorator' retrieved from /home/airflow/.local/lib/python3.8/site-packages/airflow/example_dags/example_task_group_decorator.py
[2024-02-24T09:48:28.404+0000] {logging_mixin.py:188} INFO - [2024-02-24T09:48:28.403+0000] {dag.py:3033} INFO - Sync 1 DAGs
[2024-02-24T09:48:28.434+0000] {logging_mixin.py:188} INFO - [2024-02-24T09:48:28.433+0000] {dag.py:3820} INFO - Setting next_dagrun for example_task_group_decorator to 2024-02-23T00:00:00+00:00, run_after=2024-02-24T00:00:00+00:00
[2024-02-24T09:48:28.460+0000] {processor.py:183} INFO - Processing /home/airflow/.local/lib/python3.8/site-packages/airflow/example_dags/example_task_group_decorator.py took 0.117 seconds
[2024-02-24T09:48:58.810+0000] {processor.py:161} INFO - Started process (PID=9994) to work on /home/airflow/.local/lib/python3.8/site-packages/airflow/example_dags/example_task_group_decorator.py
[2024-02-24T09:48:58.811+0000] {processor.py:830} INFO - Processing file /home/airflow/.local/lib/python3.8/site-packages/airflow/example_dags/example_task_group_decorator.py for tasks to queue
[2024-02-24T09:48:58.813+0000] {logging_mixin.py:188} INFO - [2024-02-24T09:48:58.813+0000] {dagbag.py:538} INFO - Filling up the DagBag from /home/airflow/.local/lib/python3.8/site-packages/airflow/example_dags/example_task_group_decorator.py
[2024-02-24T09:48:58.827+0000] {processor.py:840} INFO - DAG(s) 'example_task_group_decorator' retrieved from /home/airflow/.local/lib/python3.8/site-packages/airflow/example_dags/example_task_group_decorator.py
[2024-02-24T09:48:58.850+0000] {logging_mixin.py:188} INFO - [2024-02-24T09:48:58.850+0000] {dag.py:3033} INFO - Sync 1 DAGs
[2024-02-24T09:48:58.868+0000] {logging_mixin.py:188} INFO - [2024-02-24T09:48:58.868+0000] {dag.py:3820} INFO - Setting next_dagrun for example_task_group_decorator to 2024-02-23T00:00:00+00:00, run_after=2024-02-24T00:00:00+00:00
[2024-02-24T09:48:58.885+0000] {processor.py:183} INFO - Processing /home/airflow/.local/lib/python3.8/site-packages/airflow/example_dags/example_task_group_decorator.py took 0.078 seconds
