[2024-02-24T09:35:40.913+0000] {processor.py:161} INFO - Started process (PID=8504) to work on /home/airflow/.local/lib/python3.8/site-packages/airflow/example_dags/example_short_circuit_operator.py
[2024-02-24T09:35:40.914+0000] {processor.py:830} INFO - Processing file /home/airflow/.local/lib/python3.8/site-packages/airflow/example_dags/example_short_circuit_operator.py for tasks to queue
[2024-02-24T09:35:40.917+0000] {logging_mixin.py:188} INFO - [2024-02-24T09:35:40.917+0000] {dagbag.py:538} INFO - Filling up the DagBag from /home/airflow/.local/lib/python3.8/site-packages/airflow/example_dags/example_short_circuit_operator.py
[2024-02-24T09:35:40.934+0000] {processor.py:840} INFO - DAG(s) 'example_short_circuit_operator' retrieved from /home/airflow/.local/lib/python3.8/site-packages/airflow/example_dags/example_short_circuit_operator.py
[2024-02-24T09:35:41.005+0000] {logging_mixin.py:188} INFO - [2024-02-24T09:35:41.004+0000] {dag.py:3033} INFO - Sync 1 DAGs
[2024-02-24T09:35:41.061+0000] {logging_mixin.py:188} INFO - [2024-02-24T09:35:41.061+0000] {dag.py:3820} INFO - Setting next_dagrun for example_short_circuit_operator to 2024-02-23T00:00:00+00:00, run_after=2024-02-24T00:00:00+00:00
[2024-02-24T09:35:41.108+0000] {processor.py:183} INFO - Processing /home/airflow/.local/lib/python3.8/site-packages/airflow/example_dags/example_short_circuit_operator.py took 0.204 seconds
[2024-02-24T09:36:11.699+0000] {processor.py:161} INFO - Started process (PID=8561) to work on /home/airflow/.local/lib/python3.8/site-packages/airflow/example_dags/example_short_circuit_operator.py
[2024-02-24T09:36:11.700+0000] {processor.py:830} INFO - Processing file /home/airflow/.local/lib/python3.8/site-packages/airflow/example_dags/example_short_circuit_operator.py for tasks to queue
[2024-02-24T09:36:11.702+0000] {logging_mixin.py:188} INFO - [2024-02-24T09:36:11.702+0000] {dagbag.py:538} INFO - Filling up the DagBag from /home/airflow/.local/lib/python3.8/site-packages/airflow/example_dags/example_short_circuit_operator.py
[2024-02-24T09:36:11.713+0000] {processor.py:840} INFO - DAG(s) 'example_short_circuit_operator' retrieved from /home/airflow/.local/lib/python3.8/site-packages/airflow/example_dags/example_short_circuit_operator.py
[2024-02-24T09:36:11.748+0000] {logging_mixin.py:188} INFO - [2024-02-24T09:36:11.748+0000] {dag.py:3033} INFO - Sync 1 DAGs
[2024-02-24T09:36:11.773+0000] {logging_mixin.py:188} INFO - [2024-02-24T09:36:11.773+0000] {dag.py:3820} INFO - Setting next_dagrun for example_short_circuit_operator to 2024-02-23T00:00:00+00:00, run_after=2024-02-24T00:00:00+00:00
[2024-02-24T09:36:11.796+0000] {processor.py:183} INFO - Processing /home/airflow/.local/lib/python3.8/site-packages/airflow/example_dags/example_short_circuit_operator.py took 0.101 seconds
[2024-02-24T09:36:41.964+0000] {processor.py:161} INFO - Started process (PID=8618) to work on /home/airflow/.local/lib/python3.8/site-packages/airflow/example_dags/example_short_circuit_operator.py
[2024-02-24T09:36:41.965+0000] {processor.py:830} INFO - Processing file /home/airflow/.local/lib/python3.8/site-packages/airflow/example_dags/example_short_circuit_operator.py for tasks to queue
[2024-02-24T09:36:41.970+0000] {logging_mixin.py:188} INFO - [2024-02-24T09:36:41.970+0000] {dagbag.py:538} INFO - Filling up the DagBag from /home/airflow/.local/lib/python3.8/site-packages/airflow/example_dags/example_short_circuit_operator.py
[2024-02-24T09:36:41.983+0000] {processor.py:840} INFO - DAG(s) 'example_short_circuit_operator' retrieved from /home/airflow/.local/lib/python3.8/site-packages/airflow/example_dags/example_short_circuit_operator.py
[2024-02-24T09:36:42.018+0000] {logging_mixin.py:188} INFO - [2024-02-24T09:36:42.017+0000] {dag.py:3033} INFO - Sync 1 DAGs
[2024-02-24T09:36:42.043+0000] {logging_mixin.py:188} INFO - [2024-02-24T09:36:42.043+0000] {dag.py:3820} INFO - Setting next_dagrun for example_short_circuit_operator to 2024-02-23T00:00:00+00:00, run_after=2024-02-24T00:00:00+00:00
[2024-02-24T09:36:42.065+0000] {processor.py:183} INFO - Processing /home/airflow/.local/lib/python3.8/site-packages/airflow/example_dags/example_short_circuit_operator.py took 0.106 seconds
[2024-02-24T09:37:12.484+0000] {processor.py:161} INFO - Started process (PID=8675) to work on /home/airflow/.local/lib/python3.8/site-packages/airflow/example_dags/example_short_circuit_operator.py
[2024-02-24T09:37:12.485+0000] {processor.py:830} INFO - Processing file /home/airflow/.local/lib/python3.8/site-packages/airflow/example_dags/example_short_circuit_operator.py for tasks to queue
[2024-02-24T09:37:12.487+0000] {logging_mixin.py:188} INFO - [2024-02-24T09:37:12.487+0000] {dagbag.py:538} INFO - Filling up the DagBag from /home/airflow/.local/lib/python3.8/site-packages/airflow/example_dags/example_short_circuit_operator.py
[2024-02-24T09:37:12.495+0000] {processor.py:840} INFO - DAG(s) 'example_short_circuit_operator' retrieved from /home/airflow/.local/lib/python3.8/site-packages/airflow/example_dags/example_short_circuit_operator.py
[2024-02-24T09:37:12.515+0000] {logging_mixin.py:188} INFO - [2024-02-24T09:37:12.515+0000] {dag.py:3033} INFO - Sync 1 DAGs
[2024-02-24T09:37:12.533+0000] {logging_mixin.py:188} INFO - [2024-02-24T09:37:12.533+0000] {dag.py:3820} INFO - Setting next_dagrun for example_short_circuit_operator to 2024-02-23T00:00:00+00:00, run_after=2024-02-24T00:00:00+00:00
[2024-02-24T09:37:12.551+0000] {processor.py:183} INFO - Processing /home/airflow/.local/lib/python3.8/site-packages/airflow/example_dags/example_short_circuit_operator.py took 0.070 seconds
[2024-02-24T09:37:42.638+0000] {processor.py:161} INFO - Started process (PID=8732) to work on /home/airflow/.local/lib/python3.8/site-packages/airflow/example_dags/example_short_circuit_operator.py
[2024-02-24T09:37:42.639+0000] {processor.py:830} INFO - Processing file /home/airflow/.local/lib/python3.8/site-packages/airflow/example_dags/example_short_circuit_operator.py for tasks to queue
[2024-02-24T09:37:42.641+0000] {logging_mixin.py:188} INFO - [2024-02-24T09:37:42.641+0000] {dagbag.py:538} INFO - Filling up the DagBag from /home/airflow/.local/lib/python3.8/site-packages/airflow/example_dags/example_short_circuit_operator.py
[2024-02-24T09:37:42.649+0000] {processor.py:840} INFO - DAG(s) 'example_short_circuit_operator' retrieved from /home/airflow/.local/lib/python3.8/site-packages/airflow/example_dags/example_short_circuit_operator.py
[2024-02-24T09:37:42.677+0000] {logging_mixin.py:188} INFO - [2024-02-24T09:37:42.676+0000] {dag.py:3033} INFO - Sync 1 DAGs
[2024-02-24T09:37:42.700+0000] {logging_mixin.py:188} INFO - [2024-02-24T09:37:42.700+0000] {dag.py:3820} INFO - Setting next_dagrun for example_short_circuit_operator to 2024-02-23T00:00:00+00:00, run_after=2024-02-24T00:00:00+00:00
[2024-02-24T09:37:42.719+0000] {processor.py:183} INFO - Processing /home/airflow/.local/lib/python3.8/site-packages/airflow/example_dags/example_short_circuit_operator.py took 0.084 seconds
[2024-02-24T09:38:13.103+0000] {processor.py:161} INFO - Started process (PID=8789) to work on /home/airflow/.local/lib/python3.8/site-packages/airflow/example_dags/example_short_circuit_operator.py
[2024-02-24T09:38:13.104+0000] {processor.py:830} INFO - Processing file /home/airflow/.local/lib/python3.8/site-packages/airflow/example_dags/example_short_circuit_operator.py for tasks to queue
[2024-02-24T09:38:13.106+0000] {logging_mixin.py:188} INFO - [2024-02-24T09:38:13.106+0000] {dagbag.py:538} INFO - Filling up the DagBag from /home/airflow/.local/lib/python3.8/site-packages/airflow/example_dags/example_short_circuit_operator.py
[2024-02-24T09:38:13.114+0000] {processor.py:840} INFO - DAG(s) 'example_short_circuit_operator' retrieved from /home/airflow/.local/lib/python3.8/site-packages/airflow/example_dags/example_short_circuit_operator.py
[2024-02-24T09:38:13.136+0000] {logging_mixin.py:188} INFO - [2024-02-24T09:38:13.136+0000] {dag.py:3033} INFO - Sync 1 DAGs
[2024-02-24T09:38:13.156+0000] {logging_mixin.py:188} INFO - [2024-02-24T09:38:13.156+0000] {dag.py:3820} INFO - Setting next_dagrun for example_short_circuit_operator to 2024-02-23T00:00:00+00:00, run_after=2024-02-24T00:00:00+00:00
[2024-02-24T09:38:13.174+0000] {processor.py:183} INFO - Processing /home/airflow/.local/lib/python3.8/site-packages/airflow/example_dags/example_short_circuit_operator.py took 0.074 seconds
[2024-02-24T09:38:43.787+0000] {processor.py:161} INFO - Started process (PID=8846) to work on /home/airflow/.local/lib/python3.8/site-packages/airflow/example_dags/example_short_circuit_operator.py
[2024-02-24T09:38:43.788+0000] {processor.py:830} INFO - Processing file /home/airflow/.local/lib/python3.8/site-packages/airflow/example_dags/example_short_circuit_operator.py for tasks to queue
[2024-02-24T09:38:43.790+0000] {logging_mixin.py:188} INFO - [2024-02-24T09:38:43.790+0000] {dagbag.py:538} INFO - Filling up the DagBag from /home/airflow/.local/lib/python3.8/site-packages/airflow/example_dags/example_short_circuit_operator.py
[2024-02-24T09:38:43.799+0000] {processor.py:840} INFO - DAG(s) 'example_short_circuit_operator' retrieved from /home/airflow/.local/lib/python3.8/site-packages/airflow/example_dags/example_short_circuit_operator.py
[2024-02-24T09:38:43.824+0000] {logging_mixin.py:188} INFO - [2024-02-24T09:38:43.824+0000] {dag.py:3033} INFO - Sync 1 DAGs
[2024-02-24T09:38:43.854+0000] {logging_mixin.py:188} INFO - [2024-02-24T09:38:43.853+0000] {dag.py:3820} INFO - Setting next_dagrun for example_short_circuit_operator to 2024-02-23T00:00:00+00:00, run_after=2024-02-24T00:00:00+00:00
[2024-02-24T09:38:43.875+0000] {processor.py:183} INFO - Processing /home/airflow/.local/lib/python3.8/site-packages/airflow/example_dags/example_short_circuit_operator.py took 0.092 seconds
[2024-02-24T09:39:14.490+0000] {processor.py:161} INFO - Started process (PID=8903) to work on /home/airflow/.local/lib/python3.8/site-packages/airflow/example_dags/example_short_circuit_operator.py
[2024-02-24T09:39:14.491+0000] {processor.py:830} INFO - Processing file /home/airflow/.local/lib/python3.8/site-packages/airflow/example_dags/example_short_circuit_operator.py for tasks to queue
[2024-02-24T09:39:14.494+0000] {logging_mixin.py:188} INFO - [2024-02-24T09:39:14.494+0000] {dagbag.py:538} INFO - Filling up the DagBag from /home/airflow/.local/lib/python3.8/site-packages/airflow/example_dags/example_short_circuit_operator.py
[2024-02-24T09:39:14.503+0000] {processor.py:840} INFO - DAG(s) 'example_short_circuit_operator' retrieved from /home/airflow/.local/lib/python3.8/site-packages/airflow/example_dags/example_short_circuit_operator.py
[2024-02-24T09:39:14.531+0000] {logging_mixin.py:188} INFO - [2024-02-24T09:39:14.531+0000] {dag.py:3033} INFO - Sync 1 DAGs
[2024-02-24T09:39:14.556+0000] {logging_mixin.py:188} INFO - [2024-02-24T09:39:14.555+0000] {dag.py:3820} INFO - Setting next_dagrun for example_short_circuit_operator to 2024-02-23T00:00:00+00:00, run_after=2024-02-24T00:00:00+00:00
[2024-02-24T09:39:14.573+0000] {processor.py:183} INFO - Processing /home/airflow/.local/lib/python3.8/site-packages/airflow/example_dags/example_short_circuit_operator.py took 0.087 seconds
[2024-02-24T09:39:45.437+0000] {processor.py:161} INFO - Started process (PID=8960) to work on /home/airflow/.local/lib/python3.8/site-packages/airflow/example_dags/example_short_circuit_operator.py
[2024-02-24T09:39:45.438+0000] {processor.py:830} INFO - Processing file /home/airflow/.local/lib/python3.8/site-packages/airflow/example_dags/example_short_circuit_operator.py for tasks to queue
[2024-02-24T09:39:45.441+0000] {logging_mixin.py:188} INFO - [2024-02-24T09:39:45.440+0000] {dagbag.py:538} INFO - Filling up the DagBag from /home/airflow/.local/lib/python3.8/site-packages/airflow/example_dags/example_short_circuit_operator.py
[2024-02-24T09:39:45.449+0000] {processor.py:840} INFO - DAG(s) 'example_short_circuit_operator' retrieved from /home/airflow/.local/lib/python3.8/site-packages/airflow/example_dags/example_short_circuit_operator.py
[2024-02-24T09:39:45.475+0000] {logging_mixin.py:188} INFO - [2024-02-24T09:39:45.475+0000] {dag.py:3033} INFO - Sync 1 DAGs
[2024-02-24T09:39:45.497+0000] {logging_mixin.py:188} INFO - [2024-02-24T09:39:45.496+0000] {dag.py:3820} INFO - Setting next_dagrun for example_short_circuit_operator to 2024-02-23T00:00:00+00:00, run_after=2024-02-24T00:00:00+00:00
[2024-02-24T09:39:45.514+0000] {processor.py:183} INFO - Processing /home/airflow/.local/lib/python3.8/site-packages/airflow/example_dags/example_short_circuit_operator.py took 0.079 seconds
[2024-02-24T09:40:16.216+0000] {processor.py:161} INFO - Started process (PID=9017) to work on /home/airflow/.local/lib/python3.8/site-packages/airflow/example_dags/example_short_circuit_operator.py
[2024-02-24T09:40:16.217+0000] {processor.py:830} INFO - Processing file /home/airflow/.local/lib/python3.8/site-packages/airflow/example_dags/example_short_circuit_operator.py for tasks to queue
[2024-02-24T09:40:16.220+0000] {logging_mixin.py:188} INFO - [2024-02-24T09:40:16.219+0000] {dagbag.py:538} INFO - Filling up the DagBag from /home/airflow/.local/lib/python3.8/site-packages/airflow/example_dags/example_short_circuit_operator.py
[2024-02-24T09:40:16.228+0000] {processor.py:840} INFO - DAG(s) 'example_short_circuit_operator' retrieved from /home/airflow/.local/lib/python3.8/site-packages/airflow/example_dags/example_short_circuit_operator.py
[2024-02-24T09:40:16.251+0000] {logging_mixin.py:188} INFO - [2024-02-24T09:40:16.250+0000] {dag.py:3033} INFO - Sync 1 DAGs
[2024-02-24T09:40:16.270+0000] {logging_mixin.py:188} INFO - [2024-02-24T09:40:16.270+0000] {dag.py:3820} INFO - Setting next_dagrun for example_short_circuit_operator to 2024-02-23T00:00:00+00:00, run_after=2024-02-24T00:00:00+00:00
[2024-02-24T09:40:16.289+0000] {processor.py:183} INFO - Processing /home/airflow/.local/lib/python3.8/site-packages/airflow/example_dags/example_short_circuit_operator.py took 0.076 seconds
[2024-02-24T09:40:47.236+0000] {processor.py:161} INFO - Started process (PID=9074) to work on /home/airflow/.local/lib/python3.8/site-packages/airflow/example_dags/example_short_circuit_operator.py
[2024-02-24T09:40:47.237+0000] {processor.py:830} INFO - Processing file /home/airflow/.local/lib/python3.8/site-packages/airflow/example_dags/example_short_circuit_operator.py for tasks to queue
[2024-02-24T09:40:47.251+0000] {logging_mixin.py:188} INFO - [2024-02-24T09:40:47.240+0000] {dagbag.py:538} INFO - Filling up the DagBag from /home/airflow/.local/lib/python3.8/site-packages/airflow/example_dags/example_short_circuit_operator.py
[2024-02-24T09:40:47.270+0000] {processor.py:840} INFO - DAG(s) 'example_short_circuit_operator' retrieved from /home/airflow/.local/lib/python3.8/site-packages/airflow/example_dags/example_short_circuit_operator.py
[2024-02-24T09:40:47.336+0000] {logging_mixin.py:188} INFO - [2024-02-24T09:40:47.335+0000] {dag.py:3033} INFO - Sync 1 DAGs
[2024-02-24T09:40:47.400+0000] {logging_mixin.py:188} INFO - [2024-02-24T09:40:47.399+0000] {dag.py:3820} INFO - Setting next_dagrun for example_short_circuit_operator to 2024-02-23T00:00:00+00:00, run_after=2024-02-24T00:00:00+00:00
[2024-02-24T09:40:47.448+0000] {processor.py:183} INFO - Processing /home/airflow/.local/lib/python3.8/site-packages/airflow/example_dags/example_short_circuit_operator.py took 0.218 seconds
[2024-02-24T09:41:17.660+0000] {processor.py:161} INFO - Started process (PID=9131) to work on /home/airflow/.local/lib/python3.8/site-packages/airflow/example_dags/example_short_circuit_operator.py
[2024-02-24T09:41:17.661+0000] {processor.py:830} INFO - Processing file /home/airflow/.local/lib/python3.8/site-packages/airflow/example_dags/example_short_circuit_operator.py for tasks to queue
[2024-02-24T09:41:17.663+0000] {logging_mixin.py:188} INFO - [2024-02-24T09:41:17.663+0000] {dagbag.py:538} INFO - Filling up the DagBag from /home/airflow/.local/lib/python3.8/site-packages/airflow/example_dags/example_short_circuit_operator.py
[2024-02-24T09:41:17.670+0000] {processor.py:840} INFO - DAG(s) 'example_short_circuit_operator' retrieved from /home/airflow/.local/lib/python3.8/site-packages/airflow/example_dags/example_short_circuit_operator.py
[2024-02-24T09:41:17.692+0000] {logging_mixin.py:188} INFO - [2024-02-24T09:41:17.691+0000] {dag.py:3033} INFO - Sync 1 DAGs
[2024-02-24T09:41:17.713+0000] {logging_mixin.py:188} INFO - [2024-02-24T09:41:17.712+0000] {dag.py:3820} INFO - Setting next_dagrun for example_short_circuit_operator to 2024-02-23T00:00:00+00:00, run_after=2024-02-24T00:00:00+00:00
[2024-02-24T09:41:17.729+0000] {processor.py:183} INFO - Processing /home/airflow/.local/lib/python3.8/site-packages/airflow/example_dags/example_short_circuit_operator.py took 0.073 seconds
[2024-02-24T09:41:48.038+0000] {processor.py:161} INFO - Started process (PID=9188) to work on /home/airflow/.local/lib/python3.8/site-packages/airflow/example_dags/example_short_circuit_operator.py
[2024-02-24T09:41:48.039+0000] {processor.py:830} INFO - Processing file /home/airflow/.local/lib/python3.8/site-packages/airflow/example_dags/example_short_circuit_operator.py for tasks to queue
[2024-02-24T09:41:48.041+0000] {logging_mixin.py:188} INFO - [2024-02-24T09:41:48.041+0000] {dagbag.py:538} INFO - Filling up the DagBag from /home/airflow/.local/lib/python3.8/site-packages/airflow/example_dags/example_short_circuit_operator.py
[2024-02-24T09:41:48.049+0000] {processor.py:840} INFO - DAG(s) 'example_short_circuit_operator' retrieved from /home/airflow/.local/lib/python3.8/site-packages/airflow/example_dags/example_short_circuit_operator.py
[2024-02-24T09:41:48.069+0000] {logging_mixin.py:188} INFO - [2024-02-24T09:41:48.069+0000] {dag.py:3033} INFO - Sync 1 DAGs
[2024-02-24T09:41:48.087+0000] {logging_mixin.py:188} INFO - [2024-02-24T09:41:48.087+0000] {dag.py:3820} INFO - Setting next_dagrun for example_short_circuit_operator to 2024-02-23T00:00:00+00:00, run_after=2024-02-24T00:00:00+00:00
[2024-02-24T09:41:48.102+0000] {processor.py:183} INFO - Processing /home/airflow/.local/lib/python3.8/site-packages/airflow/example_dags/example_short_circuit_operator.py took 0.067 seconds
[2024-02-24T09:42:18.698+0000] {processor.py:161} INFO - Started process (PID=9245) to work on /home/airflow/.local/lib/python3.8/site-packages/airflow/example_dags/example_short_circuit_operator.py
[2024-02-24T09:42:18.698+0000] {processor.py:830} INFO - Processing file /home/airflow/.local/lib/python3.8/site-packages/airflow/example_dags/example_short_circuit_operator.py for tasks to queue
[2024-02-24T09:42:18.701+0000] {logging_mixin.py:188} INFO - [2024-02-24T09:42:18.700+0000] {dagbag.py:538} INFO - Filling up the DagBag from /home/airflow/.local/lib/python3.8/site-packages/airflow/example_dags/example_short_circuit_operator.py
[2024-02-24T09:42:18.708+0000] {processor.py:840} INFO - DAG(s) 'example_short_circuit_operator' retrieved from /home/airflow/.local/lib/python3.8/site-packages/airflow/example_dags/example_short_circuit_operator.py
[2024-02-24T09:42:18.733+0000] {logging_mixin.py:188} INFO - [2024-02-24T09:42:18.733+0000] {dag.py:3033} INFO - Sync 1 DAGs
[2024-02-24T09:42:18.755+0000] {logging_mixin.py:188} INFO - [2024-02-24T09:42:18.754+0000] {dag.py:3820} INFO - Setting next_dagrun for example_short_circuit_operator to 2024-02-23T00:00:00+00:00, run_after=2024-02-24T00:00:00+00:00
[2024-02-24T09:42:18.773+0000] {processor.py:183} INFO - Processing /home/airflow/.local/lib/python3.8/site-packages/airflow/example_dags/example_short_circuit_operator.py took 0.079 seconds
[2024-02-24T09:42:49.377+0000] {processor.py:161} INFO - Started process (PID=9302) to work on /home/airflow/.local/lib/python3.8/site-packages/airflow/example_dags/example_short_circuit_operator.py
[2024-02-24T09:42:49.378+0000] {processor.py:830} INFO - Processing file /home/airflow/.local/lib/python3.8/site-packages/airflow/example_dags/example_short_circuit_operator.py for tasks to queue
[2024-02-24T09:42:49.380+0000] {logging_mixin.py:188} INFO - [2024-02-24T09:42:49.379+0000] {dagbag.py:538} INFO - Filling up the DagBag from /home/airflow/.local/lib/python3.8/site-packages/airflow/example_dags/example_short_circuit_operator.py
[2024-02-24T09:42:49.387+0000] {processor.py:840} INFO - DAG(s) 'example_short_circuit_operator' retrieved from /home/airflow/.local/lib/python3.8/site-packages/airflow/example_dags/example_short_circuit_operator.py
[2024-02-24T09:42:49.408+0000] {logging_mixin.py:188} INFO - [2024-02-24T09:42:49.408+0000] {dag.py:3033} INFO - Sync 1 DAGs
[2024-02-24T09:42:49.426+0000] {logging_mixin.py:188} INFO - [2024-02-24T09:42:49.426+0000] {dag.py:3820} INFO - Setting next_dagrun for example_short_circuit_operator to 2024-02-23T00:00:00+00:00, run_after=2024-02-24T00:00:00+00:00
[2024-02-24T09:42:49.443+0000] {processor.py:183} INFO - Processing /home/airflow/.local/lib/python3.8/site-packages/airflow/example_dags/example_short_circuit_operator.py took 0.069 seconds
[2024-02-24T09:43:20.101+0000] {processor.py:161} INFO - Started process (PID=9359) to work on /home/airflow/.local/lib/python3.8/site-packages/airflow/example_dags/example_short_circuit_operator.py
[2024-02-24T09:43:20.102+0000] {processor.py:830} INFO - Processing file /home/airflow/.local/lib/python3.8/site-packages/airflow/example_dags/example_short_circuit_operator.py for tasks to queue
[2024-02-24T09:43:20.104+0000] {logging_mixin.py:188} INFO - [2024-02-24T09:43:20.104+0000] {dagbag.py:538} INFO - Filling up the DagBag from /home/airflow/.local/lib/python3.8/site-packages/airflow/example_dags/example_short_circuit_operator.py
[2024-02-24T09:43:20.112+0000] {processor.py:840} INFO - DAG(s) 'example_short_circuit_operator' retrieved from /home/airflow/.local/lib/python3.8/site-packages/airflow/example_dags/example_short_circuit_operator.py
[2024-02-24T09:43:20.132+0000] {logging_mixin.py:188} INFO - [2024-02-24T09:43:20.132+0000] {dag.py:3033} INFO - Sync 1 DAGs
[2024-02-24T09:43:20.150+0000] {logging_mixin.py:188} INFO - [2024-02-24T09:43:20.150+0000] {dag.py:3820} INFO - Setting next_dagrun for example_short_circuit_operator to 2024-02-23T00:00:00+00:00, run_after=2024-02-24T00:00:00+00:00
[2024-02-24T09:43:20.166+0000] {processor.py:183} INFO - Processing /home/airflow/.local/lib/python3.8/site-packages/airflow/example_dags/example_short_circuit_operator.py took 0.067 seconds
[2024-02-24T09:43:50.819+0000] {processor.py:161} INFO - Started process (PID=9416) to work on /home/airflow/.local/lib/python3.8/site-packages/airflow/example_dags/example_short_circuit_operator.py
[2024-02-24T09:43:50.820+0000] {processor.py:830} INFO - Processing file /home/airflow/.local/lib/python3.8/site-packages/airflow/example_dags/example_short_circuit_operator.py for tasks to queue
[2024-02-24T09:43:50.822+0000] {logging_mixin.py:188} INFO - [2024-02-24T09:43:50.822+0000] {dagbag.py:538} INFO - Filling up the DagBag from /home/airflow/.local/lib/python3.8/site-packages/airflow/example_dags/example_short_circuit_operator.py
[2024-02-24T09:43:50.830+0000] {processor.py:840} INFO - DAG(s) 'example_short_circuit_operator' retrieved from /home/airflow/.local/lib/python3.8/site-packages/airflow/example_dags/example_short_circuit_operator.py
[2024-02-24T09:43:50.852+0000] {logging_mixin.py:188} INFO - [2024-02-24T09:43:50.851+0000] {dag.py:3033} INFO - Sync 1 DAGs
[2024-02-24T09:43:50.870+0000] {logging_mixin.py:188} INFO - [2024-02-24T09:43:50.870+0000] {dag.py:3820} INFO - Setting next_dagrun for example_short_circuit_operator to 2024-02-23T00:00:00+00:00, run_after=2024-02-24T00:00:00+00:00
[2024-02-24T09:43:50.888+0000] {processor.py:183} INFO - Processing /home/airflow/.local/lib/python3.8/site-packages/airflow/example_dags/example_short_circuit_operator.py took 0.072 seconds
[2024-02-24T09:44:21.664+0000] {processor.py:161} INFO - Started process (PID=9473) to work on /home/airflow/.local/lib/python3.8/site-packages/airflow/example_dags/example_short_circuit_operator.py
[2024-02-24T09:44:21.665+0000] {processor.py:830} INFO - Processing file /home/airflow/.local/lib/python3.8/site-packages/airflow/example_dags/example_short_circuit_operator.py for tasks to queue
[2024-02-24T09:44:21.667+0000] {logging_mixin.py:188} INFO - [2024-02-24T09:44:21.667+0000] {dagbag.py:538} INFO - Filling up the DagBag from /home/airflow/.local/lib/python3.8/site-packages/airflow/example_dags/example_short_circuit_operator.py
[2024-02-24T09:44:21.674+0000] {processor.py:840} INFO - DAG(s) 'example_short_circuit_operator' retrieved from /home/airflow/.local/lib/python3.8/site-packages/airflow/example_dags/example_short_circuit_operator.py
[2024-02-24T09:44:21.696+0000] {logging_mixin.py:188} INFO - [2024-02-24T09:44:21.695+0000] {dag.py:3033} INFO - Sync 1 DAGs
[2024-02-24T09:44:21.714+0000] {logging_mixin.py:188} INFO - [2024-02-24T09:44:21.714+0000] {dag.py:3820} INFO - Setting next_dagrun for example_short_circuit_operator to 2024-02-23T00:00:00+00:00, run_after=2024-02-24T00:00:00+00:00
[2024-02-24T09:44:21.732+0000] {processor.py:183} INFO - Processing /home/airflow/.local/lib/python3.8/site-packages/airflow/example_dags/example_short_circuit_operator.py took 0.071 seconds
[2024-02-24T09:44:52.415+0000] {processor.py:161} INFO - Started process (PID=9536) to work on /home/airflow/.local/lib/python3.8/site-packages/airflow/example_dags/example_short_circuit_operator.py
[2024-02-24T09:44:52.416+0000] {processor.py:830} INFO - Processing file /home/airflow/.local/lib/python3.8/site-packages/airflow/example_dags/example_short_circuit_operator.py for tasks to queue
[2024-02-24T09:44:52.418+0000] {logging_mixin.py:188} INFO - [2024-02-24T09:44:52.418+0000] {dagbag.py:538} INFO - Filling up the DagBag from /home/airflow/.local/lib/python3.8/site-packages/airflow/example_dags/example_short_circuit_operator.py
[2024-02-24T09:44:52.425+0000] {processor.py:840} INFO - DAG(s) 'example_short_circuit_operator' retrieved from /home/airflow/.local/lib/python3.8/site-packages/airflow/example_dags/example_short_circuit_operator.py
[2024-02-24T09:44:52.446+0000] {logging_mixin.py:188} INFO - [2024-02-24T09:44:52.445+0000] {dag.py:3033} INFO - Sync 1 DAGs
[2024-02-24T09:44:52.464+0000] {logging_mixin.py:188} INFO - [2024-02-24T09:44:52.464+0000] {dag.py:3820} INFO - Setting next_dagrun for example_short_circuit_operator to 2024-02-23T00:00:00+00:00, run_after=2024-02-24T00:00:00+00:00
[2024-02-24T09:44:52.480+0000] {processor.py:183} INFO - Processing /home/airflow/.local/lib/python3.8/site-packages/airflow/example_dags/example_short_circuit_operator.py took 0.069 seconds
[2024-02-24T09:45:23.131+0000] {processor.py:161} INFO - Started process (PID=9593) to work on /home/airflow/.local/lib/python3.8/site-packages/airflow/example_dags/example_short_circuit_operator.py
[2024-02-24T09:45:23.132+0000] {processor.py:830} INFO - Processing file /home/airflow/.local/lib/python3.8/site-packages/airflow/example_dags/example_short_circuit_operator.py for tasks to queue
[2024-02-24T09:45:23.134+0000] {logging_mixin.py:188} INFO - [2024-02-24T09:45:23.134+0000] {dagbag.py:538} INFO - Filling up the DagBag from /home/airflow/.local/lib/python3.8/site-packages/airflow/example_dags/example_short_circuit_operator.py
[2024-02-24T09:45:23.142+0000] {processor.py:840} INFO - DAG(s) 'example_short_circuit_operator' retrieved from /home/airflow/.local/lib/python3.8/site-packages/airflow/example_dags/example_short_circuit_operator.py
[2024-02-24T09:45:23.166+0000] {logging_mixin.py:188} INFO - [2024-02-24T09:45:23.166+0000] {dag.py:3033} INFO - Sync 1 DAGs
[2024-02-24T09:45:23.187+0000] {logging_mixin.py:188} INFO - [2024-02-24T09:45:23.186+0000] {dag.py:3820} INFO - Setting next_dagrun for example_short_circuit_operator to 2024-02-23T00:00:00+00:00, run_after=2024-02-24T00:00:00+00:00
[2024-02-24T09:45:23.207+0000] {processor.py:183} INFO - Processing /home/airflow/.local/lib/python3.8/site-packages/airflow/example_dags/example_short_circuit_operator.py took 0.079 seconds
[2024-02-24T09:45:53.979+0000] {processor.py:161} INFO - Started process (PID=9650) to work on /home/airflow/.local/lib/python3.8/site-packages/airflow/example_dags/example_short_circuit_operator.py
[2024-02-24T09:45:53.980+0000] {processor.py:830} INFO - Processing file /home/airflow/.local/lib/python3.8/site-packages/airflow/example_dags/example_short_circuit_operator.py for tasks to queue
[2024-02-24T09:45:53.983+0000] {logging_mixin.py:188} INFO - [2024-02-24T09:45:53.982+0000] {dagbag.py:538} INFO - Filling up the DagBag from /home/airflow/.local/lib/python3.8/site-packages/airflow/example_dags/example_short_circuit_operator.py
[2024-02-24T09:45:53.992+0000] {processor.py:840} INFO - DAG(s) 'example_short_circuit_operator' retrieved from /home/airflow/.local/lib/python3.8/site-packages/airflow/example_dags/example_short_circuit_operator.py
[2024-02-24T09:45:54.014+0000] {logging_mixin.py:188} INFO - [2024-02-24T09:45:54.013+0000] {dag.py:3033} INFO - Sync 1 DAGs
[2024-02-24T09:45:54.033+0000] {logging_mixin.py:188} INFO - [2024-02-24T09:45:54.033+0000] {dag.py:3820} INFO - Setting next_dagrun for example_short_circuit_operator to 2024-02-23T00:00:00+00:00, run_after=2024-02-24T00:00:00+00:00
[2024-02-24T09:45:54.052+0000] {processor.py:183} INFO - Processing /home/airflow/.local/lib/python3.8/site-packages/airflow/example_dags/example_short_circuit_operator.py took 0.077 seconds
[2024-02-24T09:46:24.862+0000] {processor.py:161} INFO - Started process (PID=9707) to work on /home/airflow/.local/lib/python3.8/site-packages/airflow/example_dags/example_short_circuit_operator.py
[2024-02-24T09:46:24.863+0000] {processor.py:830} INFO - Processing file /home/airflow/.local/lib/python3.8/site-packages/airflow/example_dags/example_short_circuit_operator.py for tasks to queue
[2024-02-24T09:46:24.866+0000] {logging_mixin.py:188} INFO - [2024-02-24T09:46:24.866+0000] {dagbag.py:538} INFO - Filling up the DagBag from /home/airflow/.local/lib/python3.8/site-packages/airflow/example_dags/example_short_circuit_operator.py
[2024-02-24T09:46:24.876+0000] {processor.py:840} INFO - DAG(s) 'example_short_circuit_operator' retrieved from /home/airflow/.local/lib/python3.8/site-packages/airflow/example_dags/example_short_circuit_operator.py
[2024-02-24T09:46:24.905+0000] {logging_mixin.py:188} INFO - [2024-02-24T09:46:24.905+0000] {dag.py:3033} INFO - Sync 1 DAGs
[2024-02-24T09:46:24.928+0000] {logging_mixin.py:188} INFO - [2024-02-24T09:46:24.928+0000] {dag.py:3820} INFO - Setting next_dagrun for example_short_circuit_operator to 2024-02-23T00:00:00+00:00, run_after=2024-02-24T00:00:00+00:00
[2024-02-24T09:46:24.945+0000] {processor.py:183} INFO - Processing /home/airflow/.local/lib/python3.8/site-packages/airflow/example_dags/example_short_circuit_operator.py took 0.087 seconds
[2024-02-24T09:46:55.637+0000] {processor.py:161} INFO - Started process (PID=9764) to work on /home/airflow/.local/lib/python3.8/site-packages/airflow/example_dags/example_short_circuit_operator.py
[2024-02-24T09:46:55.638+0000] {processor.py:830} INFO - Processing file /home/airflow/.local/lib/python3.8/site-packages/airflow/example_dags/example_short_circuit_operator.py for tasks to queue
[2024-02-24T09:46:55.640+0000] {logging_mixin.py:188} INFO - [2024-02-24T09:46:55.640+0000] {dagbag.py:538} INFO - Filling up the DagBag from /home/airflow/.local/lib/python3.8/site-packages/airflow/example_dags/example_short_circuit_operator.py
[2024-02-24T09:46:55.647+0000] {processor.py:840} INFO - DAG(s) 'example_short_circuit_operator' retrieved from /home/airflow/.local/lib/python3.8/site-packages/airflow/example_dags/example_short_circuit_operator.py
[2024-02-24T09:46:55.670+0000] {logging_mixin.py:188} INFO - [2024-02-24T09:46:55.669+0000] {dag.py:3033} INFO - Sync 1 DAGs
[2024-02-24T09:46:55.689+0000] {logging_mixin.py:188} INFO - [2024-02-24T09:46:55.689+0000] {dag.py:3820} INFO - Setting next_dagrun for example_short_circuit_operator to 2024-02-23T00:00:00+00:00, run_after=2024-02-24T00:00:00+00:00
[2024-02-24T09:46:55.708+0000] {processor.py:183} INFO - Processing /home/airflow/.local/lib/python3.8/site-packages/airflow/example_dags/example_short_circuit_operator.py took 0.074 seconds
[2024-02-24T09:47:26.440+0000] {processor.py:161} INFO - Started process (PID=9821) to work on /home/airflow/.local/lib/python3.8/site-packages/airflow/example_dags/example_short_circuit_operator.py
[2024-02-24T09:47:26.441+0000] {processor.py:830} INFO - Processing file /home/airflow/.local/lib/python3.8/site-packages/airflow/example_dags/example_short_circuit_operator.py for tasks to queue
[2024-02-24T09:47:26.443+0000] {logging_mixin.py:188} INFO - [2024-02-24T09:47:26.443+0000] {dagbag.py:538} INFO - Filling up the DagBag from /home/airflow/.local/lib/python3.8/site-packages/airflow/example_dags/example_short_circuit_operator.py
[2024-02-24T09:47:26.451+0000] {processor.py:840} INFO - DAG(s) 'example_short_circuit_operator' retrieved from /home/airflow/.local/lib/python3.8/site-packages/airflow/example_dags/example_short_circuit_operator.py
[2024-02-24T09:47:26.473+0000] {logging_mixin.py:188} INFO - [2024-02-24T09:47:26.472+0000] {dag.py:3033} INFO - Sync 1 DAGs
[2024-02-24T09:47:26.495+0000] {logging_mixin.py:188} INFO - [2024-02-24T09:47:26.494+0000] {dag.py:3820} INFO - Setting next_dagrun for example_short_circuit_operator to 2024-02-23T00:00:00+00:00, run_after=2024-02-24T00:00:00+00:00
[2024-02-24T09:47:26.515+0000] {processor.py:183} INFO - Processing /home/airflow/.local/lib/python3.8/site-packages/airflow/example_dags/example_short_circuit_operator.py took 0.077 seconds
[2024-02-24T09:47:57.149+0000] {processor.py:161} INFO - Started process (PID=9878) to work on /home/airflow/.local/lib/python3.8/site-packages/airflow/example_dags/example_short_circuit_operator.py
[2024-02-24T09:47:57.150+0000] {processor.py:830} INFO - Processing file /home/airflow/.local/lib/python3.8/site-packages/airflow/example_dags/example_short_circuit_operator.py for tasks to queue
[2024-02-24T09:47:57.153+0000] {logging_mixin.py:188} INFO - [2024-02-24T09:47:57.152+0000] {dagbag.py:538} INFO - Filling up the DagBag from /home/airflow/.local/lib/python3.8/site-packages/airflow/example_dags/example_short_circuit_operator.py
[2024-02-24T09:47:57.161+0000] {processor.py:840} INFO - DAG(s) 'example_short_circuit_operator' retrieved from /home/airflow/.local/lib/python3.8/site-packages/airflow/example_dags/example_short_circuit_operator.py
[2024-02-24T09:47:57.183+0000] {logging_mixin.py:188} INFO - [2024-02-24T09:47:57.183+0000] {dag.py:3033} INFO - Sync 1 DAGs
[2024-02-24T09:47:57.204+0000] {logging_mixin.py:188} INFO - [2024-02-24T09:47:57.204+0000] {dag.py:3820} INFO - Setting next_dagrun for example_short_circuit_operator to 2024-02-23T00:00:00+00:00, run_after=2024-02-24T00:00:00+00:00
[2024-02-24T09:47:57.224+0000] {processor.py:183} INFO - Processing /home/airflow/.local/lib/python3.8/site-packages/airflow/example_dags/example_short_circuit_operator.py took 0.078 seconds
[2024-02-24T09:48:28.200+0000] {processor.py:161} INFO - Started process (PID=9935) to work on /home/airflow/.local/lib/python3.8/site-packages/airflow/example_dags/example_short_circuit_operator.py
[2024-02-24T09:48:28.201+0000] {processor.py:830} INFO - Processing file /home/airflow/.local/lib/python3.8/site-packages/airflow/example_dags/example_short_circuit_operator.py for tasks to queue
[2024-02-24T09:48:28.204+0000] {logging_mixin.py:188} INFO - [2024-02-24T09:48:28.204+0000] {dagbag.py:538} INFO - Filling up the DagBag from /home/airflow/.local/lib/python3.8/site-packages/airflow/example_dags/example_short_circuit_operator.py
[2024-02-24T09:48:28.215+0000] {processor.py:840} INFO - DAG(s) 'example_short_circuit_operator' retrieved from /home/airflow/.local/lib/python3.8/site-packages/airflow/example_dags/example_short_circuit_operator.py
[2024-02-24T09:48:28.240+0000] {logging_mixin.py:188} INFO - [2024-02-24T09:48:28.240+0000] {dag.py:3033} INFO - Sync 1 DAGs
[2024-02-24T09:48:28.274+0000] {logging_mixin.py:188} INFO - [2024-02-24T09:48:28.273+0000] {dag.py:3820} INFO - Setting next_dagrun for example_short_circuit_operator to 2024-02-23T00:00:00+00:00, run_after=2024-02-24T00:00:00+00:00
[2024-02-24T09:48:28.314+0000] {processor.py:183} INFO - Processing /home/airflow/.local/lib/python3.8/site-packages/airflow/example_dags/example_short_circuit_operator.py took 0.118 seconds
[2024-02-24T09:48:58.710+0000] {processor.py:161} INFO - Started process (PID=9992) to work on /home/airflow/.local/lib/python3.8/site-packages/airflow/example_dags/example_short_circuit_operator.py
[2024-02-24T09:48:58.711+0000] {processor.py:830} INFO - Processing file /home/airflow/.local/lib/python3.8/site-packages/airflow/example_dags/example_short_circuit_operator.py for tasks to queue
[2024-02-24T09:48:58.713+0000] {logging_mixin.py:188} INFO - [2024-02-24T09:48:58.713+0000] {dagbag.py:538} INFO - Filling up the DagBag from /home/airflow/.local/lib/python3.8/site-packages/airflow/example_dags/example_short_circuit_operator.py
[2024-02-24T09:48:58.722+0000] {processor.py:840} INFO - DAG(s) 'example_short_circuit_operator' retrieved from /home/airflow/.local/lib/python3.8/site-packages/airflow/example_dags/example_short_circuit_operator.py
[2024-02-24T09:48:58.747+0000] {logging_mixin.py:188} INFO - [2024-02-24T09:48:58.747+0000] {dag.py:3033} INFO - Sync 1 DAGs
[2024-02-24T09:48:58.769+0000] {logging_mixin.py:188} INFO - [2024-02-24T09:48:58.769+0000] {dag.py:3820} INFO - Setting next_dagrun for example_short_circuit_operator to 2024-02-23T00:00:00+00:00, run_after=2024-02-24T00:00:00+00:00
[2024-02-24T09:48:58.789+0000] {processor.py:183} INFO - Processing /home/airflow/.local/lib/python3.8/site-packages/airflow/example_dags/example_short_circuit_operator.py took 0.084 seconds
