[2024-02-23T17:20:17.213+0000] {processor.py:161} INFO - Started process (PID=4945) to work on /home/airflow/.local/lib/python3.8/site-packages/airflow/example_dags/example_complex.py
[2024-02-23T17:20:17.216+0000] {processor.py:830} INFO - Processing file /home/airflow/.local/lib/python3.8/site-packages/airflow/example_dags/example_complex.py for tasks to queue
[2024-02-23T17:20:17.218+0000] {logging_mixin.py:188} INFO - [2024-02-23T17:20:17.217+0000] {dagbag.py:538} INFO - Filling up the DagBag from /home/airflow/.local/lib/python3.8/site-packages/airflow/example_dags/example_complex.py
[2024-02-23T17:20:17.255+0000] {processor.py:840} INFO - DAG(s) 'example_complex' retrieved from /home/airflow/.local/lib/python3.8/site-packages/airflow/example_dags/example_complex.py
[2024-02-23T17:20:17.334+0000] {logging_mixin.py:188} INFO - [2024-02-23T17:20:17.334+0000] {dag.py:3033} INFO - Sync 1 DAGs
[2024-02-23T17:20:17.366+0000] {logging_mixin.py:188} INFO - [2024-02-23T17:20:17.366+0000] {dag.py:3820} INFO - Setting next_dagrun for example_complex to None, run_after=None
[2024-02-23T17:20:17.427+0000] {processor.py:183} INFO - Processing /home/airflow/.local/lib/python3.8/site-packages/airflow/example_dags/example_complex.py took 0.223 seconds
[2024-02-23T17:20:49.510+0000] {processor.py:161} INFO - Started process (PID=5002) to work on /home/airflow/.local/lib/python3.8/site-packages/airflow/example_dags/example_complex.py
[2024-02-23T17:20:49.511+0000] {processor.py:830} INFO - Processing file /home/airflow/.local/lib/python3.8/site-packages/airflow/example_dags/example_complex.py for tasks to queue
[2024-02-23T17:20:49.513+0000] {logging_mixin.py:188} INFO - [2024-02-23T17:20:49.512+0000] {dagbag.py:538} INFO - Filling up the DagBag from /home/airflow/.local/lib/python3.8/site-packages/airflow/example_dags/example_complex.py
[2024-02-23T17:20:49.532+0000] {processor.py:840} INFO - DAG(s) 'example_complex' retrieved from /home/airflow/.local/lib/python3.8/site-packages/airflow/example_dags/example_complex.py
[2024-02-23T17:20:49.581+0000] {logging_mixin.py:188} INFO - [2024-02-23T17:20:49.581+0000] {dag.py:3033} INFO - Sync 1 DAGs
[2024-02-23T17:20:49.607+0000] {logging_mixin.py:188} INFO - [2024-02-23T17:20:49.607+0000] {dag.py:3820} INFO - Setting next_dagrun for example_complex to None, run_after=None
[2024-02-23T17:20:49.639+0000] {processor.py:183} INFO - Processing /home/airflow/.local/lib/python3.8/site-packages/airflow/example_dags/example_complex.py took 0.134 seconds
[2024-02-23T17:21:20.445+0000] {processor.py:161} INFO - Started process (PID=5059) to work on /home/airflow/.local/lib/python3.8/site-packages/airflow/example_dags/example_complex.py
[2024-02-23T17:21:20.446+0000] {processor.py:830} INFO - Processing file /home/airflow/.local/lib/python3.8/site-packages/airflow/example_dags/example_complex.py for tasks to queue
[2024-02-23T17:21:20.448+0000] {logging_mixin.py:188} INFO - [2024-02-23T17:21:20.447+0000] {dagbag.py:538} INFO - Filling up the DagBag from /home/airflow/.local/lib/python3.8/site-packages/airflow/example_dags/example_complex.py
[2024-02-23T17:21:20.472+0000] {processor.py:840} INFO - DAG(s) 'example_complex' retrieved from /home/airflow/.local/lib/python3.8/site-packages/airflow/example_dags/example_complex.py
[2024-02-23T17:21:20.548+0000] {logging_mixin.py:188} INFO - [2024-02-23T17:21:20.547+0000] {dag.py:3033} INFO - Sync 1 DAGs
[2024-02-23T17:21:20.579+0000] {logging_mixin.py:188} INFO - [2024-02-23T17:21:20.578+0000] {dag.py:3820} INFO - Setting next_dagrun for example_complex to None, run_after=None
[2024-02-23T17:21:20.616+0000] {processor.py:183} INFO - Processing /home/airflow/.local/lib/python3.8/site-packages/airflow/example_dags/example_complex.py took 0.177 seconds
[2024-02-23T17:21:51.247+0000] {processor.py:161} INFO - Started process (PID=5116) to work on /home/airflow/.local/lib/python3.8/site-packages/airflow/example_dags/example_complex.py
[2024-02-23T17:21:51.248+0000] {processor.py:830} INFO - Processing file /home/airflow/.local/lib/python3.8/site-packages/airflow/example_dags/example_complex.py for tasks to queue
[2024-02-23T17:21:51.250+0000] {logging_mixin.py:188} INFO - [2024-02-23T17:21:51.249+0000] {dagbag.py:538} INFO - Filling up the DagBag from /home/airflow/.local/lib/python3.8/site-packages/airflow/example_dags/example_complex.py
[2024-02-23T17:21:51.269+0000] {processor.py:840} INFO - DAG(s) 'example_complex' retrieved from /home/airflow/.local/lib/python3.8/site-packages/airflow/example_dags/example_complex.py
[2024-02-23T17:21:51.321+0000] {logging_mixin.py:188} INFO - [2024-02-23T17:21:51.320+0000] {dag.py:3033} INFO - Sync 1 DAGs
[2024-02-23T17:21:51.345+0000] {logging_mixin.py:188} INFO - [2024-02-23T17:21:51.345+0000] {dag.py:3820} INFO - Setting next_dagrun for example_complex to None, run_after=None
[2024-02-23T17:21:51.380+0000] {processor.py:183} INFO - Processing /home/airflow/.local/lib/python3.8/site-packages/airflow/example_dags/example_complex.py took 0.140 seconds
[2024-02-23T17:22:21.718+0000] {processor.py:161} INFO - Started process (PID=5174) to work on /home/airflow/.local/lib/python3.8/site-packages/airflow/example_dags/example_complex.py
[2024-02-23T17:22:21.721+0000] {processor.py:830} INFO - Processing file /home/airflow/.local/lib/python3.8/site-packages/airflow/example_dags/example_complex.py for tasks to queue
[2024-02-23T17:22:21.723+0000] {logging_mixin.py:188} INFO - [2024-02-23T17:22:21.722+0000] {dagbag.py:538} INFO - Filling up the DagBag from /home/airflow/.local/lib/python3.8/site-packages/airflow/example_dags/example_complex.py
[2024-02-23T17:22:21.749+0000] {processor.py:840} INFO - DAG(s) 'example_complex' retrieved from /home/airflow/.local/lib/python3.8/site-packages/airflow/example_dags/example_complex.py
[2024-02-23T17:22:21.797+0000] {logging_mixin.py:188} INFO - [2024-02-23T17:22:21.796+0000] {dag.py:3033} INFO - Sync 1 DAGs
[2024-02-23T17:22:21.817+0000] {logging_mixin.py:188} INFO - [2024-02-23T17:22:21.817+0000] {dag.py:3820} INFO - Setting next_dagrun for example_complex to None, run_after=None
[2024-02-23T17:22:21.852+0000] {processor.py:183} INFO - Processing /home/airflow/.local/lib/python3.8/site-packages/airflow/example_dags/example_complex.py took 0.144 seconds
[2024-02-23T17:22:52.395+0000] {processor.py:161} INFO - Started process (PID=5231) to work on /home/airflow/.local/lib/python3.8/site-packages/airflow/example_dags/example_complex.py
[2024-02-23T17:22:52.397+0000] {processor.py:830} INFO - Processing file /home/airflow/.local/lib/python3.8/site-packages/airflow/example_dags/example_complex.py for tasks to queue
[2024-02-23T17:22:52.398+0000] {logging_mixin.py:188} INFO - [2024-02-23T17:22:52.398+0000] {dagbag.py:538} INFO - Filling up the DagBag from /home/airflow/.local/lib/python3.8/site-packages/airflow/example_dags/example_complex.py
[2024-02-23T17:22:52.419+0000] {processor.py:840} INFO - DAG(s) 'example_complex' retrieved from /home/airflow/.local/lib/python3.8/site-packages/airflow/example_dags/example_complex.py
[2024-02-23T17:22:52.483+0000] {logging_mixin.py:188} INFO - [2024-02-23T17:22:52.483+0000] {dag.py:3033} INFO - Sync 1 DAGs
[2024-02-23T17:22:52.503+0000] {logging_mixin.py:188} INFO - [2024-02-23T17:22:52.502+0000] {dag.py:3820} INFO - Setting next_dagrun for example_complex to None, run_after=None
[2024-02-23T17:22:52.539+0000] {processor.py:183} INFO - Processing /home/airflow/.local/lib/python3.8/site-packages/airflow/example_dags/example_complex.py took 0.148 seconds
[2024-02-23T17:23:22.692+0000] {processor.py:161} INFO - Started process (PID=5288) to work on /home/airflow/.local/lib/python3.8/site-packages/airflow/example_dags/example_complex.py
[2024-02-23T17:23:22.694+0000] {processor.py:830} INFO - Processing file /home/airflow/.local/lib/python3.8/site-packages/airflow/example_dags/example_complex.py for tasks to queue
[2024-02-23T17:23:22.695+0000] {logging_mixin.py:188} INFO - [2024-02-23T17:23:22.694+0000] {dagbag.py:538} INFO - Filling up the DagBag from /home/airflow/.local/lib/python3.8/site-packages/airflow/example_dags/example_complex.py
[2024-02-23T17:23:22.710+0000] {processor.py:840} INFO - DAG(s) 'example_complex' retrieved from /home/airflow/.local/lib/python3.8/site-packages/airflow/example_dags/example_complex.py
[2024-02-23T17:23:22.757+0000] {logging_mixin.py:188} INFO - [2024-02-23T17:23:22.757+0000] {dag.py:3033} INFO - Sync 1 DAGs
[2024-02-23T17:23:22.776+0000] {logging_mixin.py:188} INFO - [2024-02-23T17:23:22.775+0000] {dag.py:3820} INFO - Setting next_dagrun for example_complex to None, run_after=None
[2024-02-23T17:23:22.802+0000] {processor.py:183} INFO - Processing /home/airflow/.local/lib/python3.8/site-packages/airflow/example_dags/example_complex.py took 0.116 seconds
[2024-02-23T17:23:53.099+0000] {processor.py:161} INFO - Started process (PID=5345) to work on /home/airflow/.local/lib/python3.8/site-packages/airflow/example_dags/example_complex.py
[2024-02-23T17:23:53.100+0000] {processor.py:830} INFO - Processing file /home/airflow/.local/lib/python3.8/site-packages/airflow/example_dags/example_complex.py for tasks to queue
[2024-02-23T17:23:53.102+0000] {logging_mixin.py:188} INFO - [2024-02-23T17:23:53.102+0000] {dagbag.py:538} INFO - Filling up the DagBag from /home/airflow/.local/lib/python3.8/site-packages/airflow/example_dags/example_complex.py
[2024-02-23T17:23:53.125+0000] {processor.py:840} INFO - DAG(s) 'example_complex' retrieved from /home/airflow/.local/lib/python3.8/site-packages/airflow/example_dags/example_complex.py
[2024-02-23T17:23:53.186+0000] {logging_mixin.py:188} INFO - [2024-02-23T17:23:53.186+0000] {dag.py:3033} INFO - Sync 1 DAGs
[2024-02-23T17:23:53.208+0000] {logging_mixin.py:188} INFO - [2024-02-23T17:23:53.208+0000] {dag.py:3820} INFO - Setting next_dagrun for example_complex to None, run_after=None
[2024-02-23T17:23:53.237+0000] {processor.py:183} INFO - Processing /home/airflow/.local/lib/python3.8/site-packages/airflow/example_dags/example_complex.py took 0.144 seconds
[2024-02-23T17:24:23.396+0000] {processor.py:161} INFO - Started process (PID=5402) to work on /home/airflow/.local/lib/python3.8/site-packages/airflow/example_dags/example_complex.py
[2024-02-23T17:24:23.398+0000] {processor.py:830} INFO - Processing file /home/airflow/.local/lib/python3.8/site-packages/airflow/example_dags/example_complex.py for tasks to queue
[2024-02-23T17:24:23.399+0000] {logging_mixin.py:188} INFO - [2024-02-23T17:24:23.399+0000] {dagbag.py:538} INFO - Filling up the DagBag from /home/airflow/.local/lib/python3.8/site-packages/airflow/example_dags/example_complex.py
[2024-02-23T17:24:23.417+0000] {processor.py:840} INFO - DAG(s) 'example_complex' retrieved from /home/airflow/.local/lib/python3.8/site-packages/airflow/example_dags/example_complex.py
[2024-02-23T17:24:23.460+0000] {logging_mixin.py:188} INFO - [2024-02-23T17:24:23.459+0000] {dag.py:3033} INFO - Sync 1 DAGs
[2024-02-23T17:24:23.476+0000] {logging_mixin.py:188} INFO - [2024-02-23T17:24:23.475+0000] {dag.py:3820} INFO - Setting next_dagrun for example_complex to None, run_after=None
[2024-02-23T17:24:23.520+0000] {processor.py:183} INFO - Processing /home/airflow/.local/lib/python3.8/site-packages/airflow/example_dags/example_complex.py took 0.128 seconds
[2024-02-23T17:24:54.535+0000] {processor.py:161} INFO - Started process (PID=5459) to work on /home/airflow/.local/lib/python3.8/site-packages/airflow/example_dags/example_complex.py
[2024-02-23T17:24:54.536+0000] {processor.py:830} INFO - Processing file /home/airflow/.local/lib/python3.8/site-packages/airflow/example_dags/example_complex.py for tasks to queue
[2024-02-23T17:24:54.537+0000] {logging_mixin.py:188} INFO - [2024-02-23T17:24:54.537+0000] {dagbag.py:538} INFO - Filling up the DagBag from /home/airflow/.local/lib/python3.8/site-packages/airflow/example_dags/example_complex.py
[2024-02-23T17:24:54.551+0000] {processor.py:840} INFO - DAG(s) 'example_complex' retrieved from /home/airflow/.local/lib/python3.8/site-packages/airflow/example_dags/example_complex.py
[2024-02-23T17:24:54.589+0000] {logging_mixin.py:188} INFO - [2024-02-23T17:24:54.588+0000] {dag.py:3033} INFO - Sync 1 DAGs
[2024-02-23T17:24:54.604+0000] {logging_mixin.py:188} INFO - [2024-02-23T17:24:54.604+0000] {dag.py:3820} INFO - Setting next_dagrun for example_complex to None, run_after=None
[2024-02-23T17:24:54.654+0000] {processor.py:183} INFO - Processing /home/airflow/.local/lib/python3.8/site-packages/airflow/example_dags/example_complex.py took 0.125 seconds
[2024-02-23T17:25:24.886+0000] {processor.py:161} INFO - Started process (PID=5517) to work on /home/airflow/.local/lib/python3.8/site-packages/airflow/example_dags/example_complex.py
[2024-02-23T17:25:24.887+0000] {processor.py:830} INFO - Processing file /home/airflow/.local/lib/python3.8/site-packages/airflow/example_dags/example_complex.py for tasks to queue
[2024-02-23T17:25:24.888+0000] {logging_mixin.py:188} INFO - [2024-02-23T17:25:24.888+0000] {dagbag.py:538} INFO - Filling up the DagBag from /home/airflow/.local/lib/python3.8/site-packages/airflow/example_dags/example_complex.py
[2024-02-23T17:25:24.905+0000] {processor.py:840} INFO - DAG(s) 'example_complex' retrieved from /home/airflow/.local/lib/python3.8/site-packages/airflow/example_dags/example_complex.py
[2024-02-23T17:25:24.948+0000] {logging_mixin.py:188} INFO - [2024-02-23T17:25:24.948+0000] {dag.py:3033} INFO - Sync 1 DAGs
[2024-02-23T17:25:24.968+0000] {logging_mixin.py:188} INFO - [2024-02-23T17:25:24.967+0000] {dag.py:3820} INFO - Setting next_dagrun for example_complex to None, run_after=None
[2024-02-23T17:25:25.017+0000] {processor.py:183} INFO - Processing /home/airflow/.local/lib/python3.8/site-packages/airflow/example_dags/example_complex.py took 0.137 seconds
[2024-02-23T17:25:55.416+0000] {processor.py:161} INFO - Started process (PID=5574) to work on /home/airflow/.local/lib/python3.8/site-packages/airflow/example_dags/example_complex.py
[2024-02-23T17:25:55.418+0000] {processor.py:830} INFO - Processing file /home/airflow/.local/lib/python3.8/site-packages/airflow/example_dags/example_complex.py for tasks to queue
[2024-02-23T17:25:55.420+0000] {logging_mixin.py:188} INFO - [2024-02-23T17:25:55.419+0000] {dagbag.py:538} INFO - Filling up the DagBag from /home/airflow/.local/lib/python3.8/site-packages/airflow/example_dags/example_complex.py
[2024-02-23T17:25:55.438+0000] {processor.py:840} INFO - DAG(s) 'example_complex' retrieved from /home/airflow/.local/lib/python3.8/site-packages/airflow/example_dags/example_complex.py
[2024-02-23T17:25:55.483+0000] {logging_mixin.py:188} INFO - [2024-02-23T17:25:55.482+0000] {dag.py:3033} INFO - Sync 1 DAGs
[2024-02-23T17:25:55.503+0000] {logging_mixin.py:188} INFO - [2024-02-23T17:25:55.502+0000] {dag.py:3820} INFO - Setting next_dagrun for example_complex to None, run_after=None
[2024-02-23T17:25:55.533+0000] {processor.py:183} INFO - Processing /home/airflow/.local/lib/python3.8/site-packages/airflow/example_dags/example_complex.py took 0.123 seconds
[2024-02-23T17:26:25.765+0000] {processor.py:161} INFO - Started process (PID=5631) to work on /home/airflow/.local/lib/python3.8/site-packages/airflow/example_dags/example_complex.py
[2024-02-23T17:26:25.767+0000] {processor.py:830} INFO - Processing file /home/airflow/.local/lib/python3.8/site-packages/airflow/example_dags/example_complex.py for tasks to queue
[2024-02-23T17:26:25.768+0000] {logging_mixin.py:188} INFO - [2024-02-23T17:26:25.768+0000] {dagbag.py:538} INFO - Filling up the DagBag from /home/airflow/.local/lib/python3.8/site-packages/airflow/example_dags/example_complex.py
[2024-02-23T17:26:25.784+0000] {processor.py:840} INFO - DAG(s) 'example_complex' retrieved from /home/airflow/.local/lib/python3.8/site-packages/airflow/example_dags/example_complex.py
[2024-02-23T17:26:25.826+0000] {logging_mixin.py:188} INFO - [2024-02-23T17:26:25.825+0000] {dag.py:3033} INFO - Sync 1 DAGs
[2024-02-23T17:26:25.843+0000] {logging_mixin.py:188} INFO - [2024-02-23T17:26:25.843+0000] {dag.py:3820} INFO - Setting next_dagrun for example_complex to None, run_after=None
[2024-02-23T17:26:25.874+0000] {processor.py:183} INFO - Processing /home/airflow/.local/lib/python3.8/site-packages/airflow/example_dags/example_complex.py took 0.113 seconds
[2024-02-23T17:26:56.414+0000] {processor.py:161} INFO - Started process (PID=5688) to work on /home/airflow/.local/lib/python3.8/site-packages/airflow/example_dags/example_complex.py
[2024-02-23T17:26:56.415+0000] {processor.py:830} INFO - Processing file /home/airflow/.local/lib/python3.8/site-packages/airflow/example_dags/example_complex.py for tasks to queue
[2024-02-23T17:26:56.416+0000] {logging_mixin.py:188} INFO - [2024-02-23T17:26:56.416+0000] {dagbag.py:538} INFO - Filling up the DagBag from /home/airflow/.local/lib/python3.8/site-packages/airflow/example_dags/example_complex.py
[2024-02-23T17:26:56.432+0000] {processor.py:840} INFO - DAG(s) 'example_complex' retrieved from /home/airflow/.local/lib/python3.8/site-packages/airflow/example_dags/example_complex.py
[2024-02-23T17:26:56.470+0000] {logging_mixin.py:188} INFO - [2024-02-23T17:26:56.470+0000] {dag.py:3033} INFO - Sync 1 DAGs
[2024-02-23T17:26:56.485+0000] {logging_mixin.py:188} INFO - [2024-02-23T17:26:56.485+0000] {dag.py:3820} INFO - Setting next_dagrun for example_complex to None, run_after=None
[2024-02-23T17:26:56.510+0000] {processor.py:183} INFO - Processing /home/airflow/.local/lib/python3.8/site-packages/airflow/example_dags/example_complex.py took 0.101 seconds
[2024-02-23T17:27:26.758+0000] {processor.py:161} INFO - Started process (PID=5745) to work on /home/airflow/.local/lib/python3.8/site-packages/airflow/example_dags/example_complex.py
[2024-02-23T17:27:26.759+0000] {processor.py:830} INFO - Processing file /home/airflow/.local/lib/python3.8/site-packages/airflow/example_dags/example_complex.py for tasks to queue
[2024-02-23T17:27:26.760+0000] {logging_mixin.py:188} INFO - [2024-02-23T17:27:26.760+0000] {dagbag.py:538} INFO - Filling up the DagBag from /home/airflow/.local/lib/python3.8/site-packages/airflow/example_dags/example_complex.py
[2024-02-23T17:27:26.776+0000] {processor.py:840} INFO - DAG(s) 'example_complex' retrieved from /home/airflow/.local/lib/python3.8/site-packages/airflow/example_dags/example_complex.py
[2024-02-23T17:27:26.823+0000] {logging_mixin.py:188} INFO - [2024-02-23T17:27:26.822+0000] {dag.py:3033} INFO - Sync 1 DAGs
[2024-02-23T17:27:26.840+0000] {logging_mixin.py:188} INFO - [2024-02-23T17:27:26.840+0000] {dag.py:3820} INFO - Setting next_dagrun for example_complex to None, run_after=None
[2024-02-23T17:27:26.866+0000] {processor.py:183} INFO - Processing /home/airflow/.local/lib/python3.8/site-packages/airflow/example_dags/example_complex.py took 0.112 seconds
[2024-02-23T17:27:57.063+0000] {processor.py:161} INFO - Started process (PID=5802) to work on /home/airflow/.local/lib/python3.8/site-packages/airflow/example_dags/example_complex.py
[2024-02-23T17:27:57.065+0000] {processor.py:830} INFO - Processing file /home/airflow/.local/lib/python3.8/site-packages/airflow/example_dags/example_complex.py for tasks to queue
[2024-02-23T17:27:57.066+0000] {logging_mixin.py:188} INFO - [2024-02-23T17:27:57.065+0000] {dagbag.py:538} INFO - Filling up the DagBag from /home/airflow/.local/lib/python3.8/site-packages/airflow/example_dags/example_complex.py
[2024-02-23T17:27:57.082+0000] {processor.py:840} INFO - DAG(s) 'example_complex' retrieved from /home/airflow/.local/lib/python3.8/site-packages/airflow/example_dags/example_complex.py
[2024-02-23T17:27:57.124+0000] {logging_mixin.py:188} INFO - [2024-02-23T17:27:57.124+0000] {dag.py:3033} INFO - Sync 1 DAGs
[2024-02-23T17:27:57.140+0000] {logging_mixin.py:188} INFO - [2024-02-23T17:27:57.140+0000] {dag.py:3820} INFO - Setting next_dagrun for example_complex to None, run_after=None
[2024-02-23T17:27:57.164+0000] {processor.py:183} INFO - Processing /home/airflow/.local/lib/python3.8/site-packages/airflow/example_dags/example_complex.py took 0.105 seconds
[2024-02-23T17:28:27.726+0000] {processor.py:161} INFO - Started process (PID=5859) to work on /home/airflow/.local/lib/python3.8/site-packages/airflow/example_dags/example_complex.py
[2024-02-23T17:28:27.727+0000] {processor.py:830} INFO - Processing file /home/airflow/.local/lib/python3.8/site-packages/airflow/example_dags/example_complex.py for tasks to queue
[2024-02-23T17:28:27.728+0000] {logging_mixin.py:188} INFO - [2024-02-23T17:28:27.728+0000] {dagbag.py:538} INFO - Filling up the DagBag from /home/airflow/.local/lib/python3.8/site-packages/airflow/example_dags/example_complex.py
[2024-02-23T17:28:27.746+0000] {processor.py:840} INFO - DAG(s) 'example_complex' retrieved from /home/airflow/.local/lib/python3.8/site-packages/airflow/example_dags/example_complex.py
[2024-02-23T17:28:27.791+0000] {logging_mixin.py:188} INFO - [2024-02-23T17:28:27.790+0000] {dag.py:3033} INFO - Sync 1 DAGs
[2024-02-23T17:28:27.809+0000] {logging_mixin.py:188} INFO - [2024-02-23T17:28:27.809+0000] {dag.py:3820} INFO - Setting next_dagrun for example_complex to None, run_after=None
[2024-02-23T17:28:27.854+0000] {processor.py:183} INFO - Processing /home/airflow/.local/lib/python3.8/site-packages/airflow/example_dags/example_complex.py took 0.134 seconds
[2024-02-23T17:28:58.222+0000] {processor.py:161} INFO - Started process (PID=5916) to work on /home/airflow/.local/lib/python3.8/site-packages/airflow/example_dags/example_complex.py
[2024-02-23T17:28:58.224+0000] {processor.py:830} INFO - Processing file /home/airflow/.local/lib/python3.8/site-packages/airflow/example_dags/example_complex.py for tasks to queue
[2024-02-23T17:28:58.225+0000] {logging_mixin.py:188} INFO - [2024-02-23T17:28:58.225+0000] {dagbag.py:538} INFO - Filling up the DagBag from /home/airflow/.local/lib/python3.8/site-packages/airflow/example_dags/example_complex.py
[2024-02-23T17:28:58.240+0000] {processor.py:840} INFO - DAG(s) 'example_complex' retrieved from /home/airflow/.local/lib/python3.8/site-packages/airflow/example_dags/example_complex.py
[2024-02-23T17:28:58.282+0000] {logging_mixin.py:188} INFO - [2024-02-23T17:28:58.282+0000] {dag.py:3033} INFO - Sync 1 DAGs
[2024-02-23T17:28:58.300+0000] {logging_mixin.py:188} INFO - [2024-02-23T17:28:58.299+0000] {dag.py:3820} INFO - Setting next_dagrun for example_complex to None, run_after=None
[2024-02-23T17:28:58.328+0000] {processor.py:183} INFO - Processing /home/airflow/.local/lib/python3.8/site-packages/airflow/example_dags/example_complex.py took 0.110 seconds
[2024-02-23T17:29:28.770+0000] {processor.py:161} INFO - Started process (PID=5973) to work on /home/airflow/.local/lib/python3.8/site-packages/airflow/example_dags/example_complex.py
[2024-02-23T17:29:28.772+0000] {processor.py:830} INFO - Processing file /home/airflow/.local/lib/python3.8/site-packages/airflow/example_dags/example_complex.py for tasks to queue
[2024-02-23T17:29:28.773+0000] {logging_mixin.py:188} INFO - [2024-02-23T17:29:28.773+0000] {dagbag.py:538} INFO - Filling up the DagBag from /home/airflow/.local/lib/python3.8/site-packages/airflow/example_dags/example_complex.py
[2024-02-23T17:29:28.787+0000] {processor.py:840} INFO - DAG(s) 'example_complex' retrieved from /home/airflow/.local/lib/python3.8/site-packages/airflow/example_dags/example_complex.py
[2024-02-23T17:29:28.824+0000] {logging_mixin.py:188} INFO - [2024-02-23T17:29:28.823+0000] {dag.py:3033} INFO - Sync 1 DAGs
[2024-02-23T17:29:28.839+0000] {logging_mixin.py:188} INFO - [2024-02-23T17:29:28.839+0000] {dag.py:3820} INFO - Setting next_dagrun for example_complex to None, run_after=None
[2024-02-23T17:29:28.888+0000] {processor.py:183} INFO - Processing /home/airflow/.local/lib/python3.8/site-packages/airflow/example_dags/example_complex.py took 0.122 seconds
[2024-02-23T17:29:59.097+0000] {processor.py:161} INFO - Started process (PID=6030) to work on /home/airflow/.local/lib/python3.8/site-packages/airflow/example_dags/example_complex.py
[2024-02-23T17:29:59.098+0000] {processor.py:830} INFO - Processing file /home/airflow/.local/lib/python3.8/site-packages/airflow/example_dags/example_complex.py for tasks to queue
[2024-02-23T17:29:59.100+0000] {logging_mixin.py:188} INFO - [2024-02-23T17:29:59.100+0000] {dagbag.py:538} INFO - Filling up the DagBag from /home/airflow/.local/lib/python3.8/site-packages/airflow/example_dags/example_complex.py
[2024-02-23T17:29:59.116+0000] {processor.py:840} INFO - DAG(s) 'example_complex' retrieved from /home/airflow/.local/lib/python3.8/site-packages/airflow/example_dags/example_complex.py
[2024-02-23T17:29:59.159+0000] {logging_mixin.py:188} INFO - [2024-02-23T17:29:59.159+0000] {dag.py:3033} INFO - Sync 1 DAGs
[2024-02-23T17:29:59.176+0000] {logging_mixin.py:188} INFO - [2024-02-23T17:29:59.176+0000] {dag.py:3820} INFO - Setting next_dagrun for example_complex to None, run_after=None
[2024-02-23T17:29:59.237+0000] {processor.py:183} INFO - Processing /home/airflow/.local/lib/python3.8/site-packages/airflow/example_dags/example_complex.py took 0.144 seconds
[2024-02-23T17:30:29.516+0000] {processor.py:161} INFO - Started process (PID=6087) to work on /home/airflow/.local/lib/python3.8/site-packages/airflow/example_dags/example_complex.py
[2024-02-23T17:30:29.518+0000] {processor.py:830} INFO - Processing file /home/airflow/.local/lib/python3.8/site-packages/airflow/example_dags/example_complex.py for tasks to queue
[2024-02-23T17:30:29.520+0000] {logging_mixin.py:188} INFO - [2024-02-23T17:30:29.520+0000] {dagbag.py:538} INFO - Filling up the DagBag from /home/airflow/.local/lib/python3.8/site-packages/airflow/example_dags/example_complex.py
[2024-02-23T17:30:29.543+0000] {processor.py:840} INFO - DAG(s) 'example_complex' retrieved from /home/airflow/.local/lib/python3.8/site-packages/airflow/example_dags/example_complex.py
[2024-02-23T17:30:29.594+0000] {logging_mixin.py:188} INFO - [2024-02-23T17:30:29.593+0000] {dag.py:3033} INFO - Sync 1 DAGs
[2024-02-23T17:30:29.616+0000] {logging_mixin.py:188} INFO - [2024-02-23T17:30:29.615+0000] {dag.py:3820} INFO - Setting next_dagrun for example_complex to None, run_after=None
[2024-02-23T17:30:29.646+0000] {processor.py:183} INFO - Processing /home/airflow/.local/lib/python3.8/site-packages/airflow/example_dags/example_complex.py took 0.136 seconds
[2024-02-23T17:30:59.844+0000] {processor.py:161} INFO - Started process (PID=6144) to work on /home/airflow/.local/lib/python3.8/site-packages/airflow/example_dags/example_complex.py
[2024-02-23T17:30:59.845+0000] {processor.py:830} INFO - Processing file /home/airflow/.local/lib/python3.8/site-packages/airflow/example_dags/example_complex.py for tasks to queue
[2024-02-23T17:30:59.846+0000] {logging_mixin.py:188} INFO - [2024-02-23T17:30:59.846+0000] {dagbag.py:538} INFO - Filling up the DagBag from /home/airflow/.local/lib/python3.8/site-packages/airflow/example_dags/example_complex.py
[2024-02-23T17:30:59.861+0000] {processor.py:840} INFO - DAG(s) 'example_complex' retrieved from /home/airflow/.local/lib/python3.8/site-packages/airflow/example_dags/example_complex.py
[2024-02-23T17:30:59.899+0000] {logging_mixin.py:188} INFO - [2024-02-23T17:30:59.899+0000] {dag.py:3033} INFO - Sync 1 DAGs
[2024-02-23T17:30:59.917+0000] {logging_mixin.py:188} INFO - [2024-02-23T17:30:59.916+0000] {dag.py:3820} INFO - Setting next_dagrun for example_complex to None, run_after=None
[2024-02-23T17:30:59.978+0000] {processor.py:183} INFO - Processing /home/airflow/.local/lib/python3.8/site-packages/airflow/example_dags/example_complex.py took 0.137 seconds
[2024-02-23T17:31:30.180+0000] {processor.py:161} INFO - Started process (PID=6201) to work on /home/airflow/.local/lib/python3.8/site-packages/airflow/example_dags/example_complex.py
[2024-02-23T17:31:30.181+0000] {processor.py:830} INFO - Processing file /home/airflow/.local/lib/python3.8/site-packages/airflow/example_dags/example_complex.py for tasks to queue
[2024-02-23T17:31:30.182+0000] {logging_mixin.py:188} INFO - [2024-02-23T17:31:30.182+0000] {dagbag.py:538} INFO - Filling up the DagBag from /home/airflow/.local/lib/python3.8/site-packages/airflow/example_dags/example_complex.py
[2024-02-23T17:31:30.197+0000] {processor.py:840} INFO - DAG(s) 'example_complex' retrieved from /home/airflow/.local/lib/python3.8/site-packages/airflow/example_dags/example_complex.py
[2024-02-23T17:31:30.238+0000] {logging_mixin.py:188} INFO - [2024-02-23T17:31:30.238+0000] {dag.py:3033} INFO - Sync 1 DAGs
[2024-02-23T17:31:30.258+0000] {logging_mixin.py:188} INFO - [2024-02-23T17:31:30.258+0000] {dag.py:3820} INFO - Setting next_dagrun for example_complex to None, run_after=None
[2024-02-23T17:31:30.284+0000] {processor.py:183} INFO - Processing /home/airflow/.local/lib/python3.8/site-packages/airflow/example_dags/example_complex.py took 0.109 seconds
[2024-02-23T17:32:01.147+0000] {processor.py:161} INFO - Started process (PID=6258) to work on /home/airflow/.local/lib/python3.8/site-packages/airflow/example_dags/example_complex.py
[2024-02-23T17:32:01.149+0000] {processor.py:830} INFO - Processing file /home/airflow/.local/lib/python3.8/site-packages/airflow/example_dags/example_complex.py for tasks to queue
[2024-02-23T17:32:01.150+0000] {logging_mixin.py:188} INFO - [2024-02-23T17:32:01.150+0000] {dagbag.py:538} INFO - Filling up the DagBag from /home/airflow/.local/lib/python3.8/site-packages/airflow/example_dags/example_complex.py
[2024-02-23T17:32:01.166+0000] {processor.py:840} INFO - DAG(s) 'example_complex' retrieved from /home/airflow/.local/lib/python3.8/site-packages/airflow/example_dags/example_complex.py
[2024-02-23T17:32:01.207+0000] {logging_mixin.py:188} INFO - [2024-02-23T17:32:01.207+0000] {dag.py:3033} INFO - Sync 1 DAGs
[2024-02-23T17:32:01.223+0000] {logging_mixin.py:188} INFO - [2024-02-23T17:32:01.223+0000] {dag.py:3820} INFO - Setting next_dagrun for example_complex to None, run_after=None
[2024-02-23T17:32:01.248+0000] {processor.py:183} INFO - Processing /home/airflow/.local/lib/python3.8/site-packages/airflow/example_dags/example_complex.py took 0.105 seconds
[2024-02-23T17:32:31.338+0000] {processor.py:161} INFO - Started process (PID=6315) to work on /home/airflow/.local/lib/python3.8/site-packages/airflow/example_dags/example_complex.py
[2024-02-23T17:32:31.340+0000] {processor.py:830} INFO - Processing file /home/airflow/.local/lib/python3.8/site-packages/airflow/example_dags/example_complex.py for tasks to queue
[2024-02-23T17:32:31.341+0000] {logging_mixin.py:188} INFO - [2024-02-23T17:32:31.341+0000] {dagbag.py:538} INFO - Filling up the DagBag from /home/airflow/.local/lib/python3.8/site-packages/airflow/example_dags/example_complex.py
[2024-02-23T17:32:31.358+0000] {processor.py:840} INFO - DAG(s) 'example_complex' retrieved from /home/airflow/.local/lib/python3.8/site-packages/airflow/example_dags/example_complex.py
[2024-02-23T17:32:31.395+0000] {logging_mixin.py:188} INFO - [2024-02-23T17:32:31.395+0000] {dag.py:3033} INFO - Sync 1 DAGs
[2024-02-23T17:32:31.411+0000] {logging_mixin.py:188} INFO - [2024-02-23T17:32:31.410+0000] {dag.py:3820} INFO - Setting next_dagrun for example_complex to None, run_after=None
[2024-02-23T17:32:31.453+0000] {processor.py:183} INFO - Processing /home/airflow/.local/lib/python3.8/site-packages/airflow/example_dags/example_complex.py took 0.121 seconds
[2024-02-23T17:33:02.144+0000] {processor.py:161} INFO - Started process (PID=6372) to work on /home/airflow/.local/lib/python3.8/site-packages/airflow/example_dags/example_complex.py
[2024-02-23T17:33:02.145+0000] {processor.py:830} INFO - Processing file /home/airflow/.local/lib/python3.8/site-packages/airflow/example_dags/example_complex.py for tasks to queue
[2024-02-23T17:33:02.146+0000] {logging_mixin.py:188} INFO - [2024-02-23T17:33:02.146+0000] {dagbag.py:538} INFO - Filling up the DagBag from /home/airflow/.local/lib/python3.8/site-packages/airflow/example_dags/example_complex.py
[2024-02-23T17:33:02.162+0000] {processor.py:840} INFO - DAG(s) 'example_complex' retrieved from /home/airflow/.local/lib/python3.8/site-packages/airflow/example_dags/example_complex.py
[2024-02-23T17:33:02.204+0000] {logging_mixin.py:188} INFO - [2024-02-23T17:33:02.204+0000] {dag.py:3033} INFO - Sync 1 DAGs
[2024-02-23T17:33:02.221+0000] {logging_mixin.py:188} INFO - [2024-02-23T17:33:02.220+0000] {dag.py:3820} INFO - Setting next_dagrun for example_complex to None, run_after=None
[2024-02-23T17:33:02.280+0000] {processor.py:183} INFO - Processing /home/airflow/.local/lib/python3.8/site-packages/airflow/example_dags/example_complex.py took 0.140 seconds
[2024-02-23T17:33:32.625+0000] {processor.py:161} INFO - Started process (PID=6429) to work on /home/airflow/.local/lib/python3.8/site-packages/airflow/example_dags/example_complex.py
[2024-02-23T17:33:32.627+0000] {processor.py:830} INFO - Processing file /home/airflow/.local/lib/python3.8/site-packages/airflow/example_dags/example_complex.py for tasks to queue
[2024-02-23T17:33:32.628+0000] {logging_mixin.py:188} INFO - [2024-02-23T17:33:32.628+0000] {dagbag.py:538} INFO - Filling up the DagBag from /home/airflow/.local/lib/python3.8/site-packages/airflow/example_dags/example_complex.py
[2024-02-23T17:33:32.651+0000] {processor.py:840} INFO - DAG(s) 'example_complex' retrieved from /home/airflow/.local/lib/python3.8/site-packages/airflow/example_dags/example_complex.py
[2024-02-23T17:33:32.705+0000] {logging_mixin.py:188} INFO - [2024-02-23T17:33:32.705+0000] {dag.py:3033} INFO - Sync 1 DAGs
[2024-02-23T17:33:32.724+0000] {logging_mixin.py:188} INFO - [2024-02-23T17:33:32.724+0000] {dag.py:3820} INFO - Setting next_dagrun for example_complex to None, run_after=None
[2024-02-23T17:33:32.756+0000] {processor.py:183} INFO - Processing /home/airflow/.local/lib/python3.8/site-packages/airflow/example_dags/example_complex.py took 0.136 seconds
[2024-02-23T17:34:03.683+0000] {processor.py:161} INFO - Started process (PID=6486) to work on /home/airflow/.local/lib/python3.8/site-packages/airflow/example_dags/example_complex.py
[2024-02-23T17:34:03.684+0000] {processor.py:830} INFO - Processing file /home/airflow/.local/lib/python3.8/site-packages/airflow/example_dags/example_complex.py for tasks to queue
[2024-02-23T17:34:03.685+0000] {logging_mixin.py:188} INFO - [2024-02-23T17:34:03.685+0000] {dagbag.py:538} INFO - Filling up the DagBag from /home/airflow/.local/lib/python3.8/site-packages/airflow/example_dags/example_complex.py
[2024-02-23T17:34:03.705+0000] {processor.py:840} INFO - DAG(s) 'example_complex' retrieved from /home/airflow/.local/lib/python3.8/site-packages/airflow/example_dags/example_complex.py
[2024-02-23T17:34:03.757+0000] {logging_mixin.py:188} INFO - [2024-02-23T17:34:03.757+0000] {dag.py:3033} INFO - Sync 1 DAGs
[2024-02-23T17:34:03.776+0000] {logging_mixin.py:188} INFO - [2024-02-23T17:34:03.776+0000] {dag.py:3820} INFO - Setting next_dagrun for example_complex to None, run_after=None
[2024-02-23T17:34:03.799+0000] {processor.py:183} INFO - Processing /home/airflow/.local/lib/python3.8/site-packages/airflow/example_dags/example_complex.py took 0.126 seconds
[2024-02-23T17:34:34.502+0000] {processor.py:161} INFO - Started process (PID=6544) to work on /home/airflow/.local/lib/python3.8/site-packages/airflow/example_dags/example_complex.py
[2024-02-23T17:34:34.503+0000] {processor.py:830} INFO - Processing file /home/airflow/.local/lib/python3.8/site-packages/airflow/example_dags/example_complex.py for tasks to queue
[2024-02-23T17:34:34.505+0000] {logging_mixin.py:188} INFO - [2024-02-23T17:34:34.504+0000] {dagbag.py:538} INFO - Filling up the DagBag from /home/airflow/.local/lib/python3.8/site-packages/airflow/example_dags/example_complex.py
[2024-02-23T17:34:34.527+0000] {processor.py:840} INFO - DAG(s) 'example_complex' retrieved from /home/airflow/.local/lib/python3.8/site-packages/airflow/example_dags/example_complex.py
[2024-02-23T17:34:34.570+0000] {logging_mixin.py:188} INFO - [2024-02-23T17:34:34.570+0000] {dag.py:3033} INFO - Sync 1 DAGs
[2024-02-23T17:34:34.587+0000] {logging_mixin.py:188} INFO - [2024-02-23T17:34:34.587+0000] {dag.py:3820} INFO - Setting next_dagrun for example_complex to None, run_after=None
[2024-02-23T17:34:34.611+0000] {processor.py:183} INFO - Processing /home/airflow/.local/lib/python3.8/site-packages/airflow/example_dags/example_complex.py took 0.116 seconds
[2024-02-23T17:35:04.852+0000] {processor.py:161} INFO - Started process (PID=6600) to work on /home/airflow/.local/lib/python3.8/site-packages/airflow/example_dags/example_complex.py
[2024-02-23T17:35:04.853+0000] {processor.py:830} INFO - Processing file /home/airflow/.local/lib/python3.8/site-packages/airflow/example_dags/example_complex.py for tasks to queue
[2024-02-23T17:35:04.855+0000] {logging_mixin.py:188} INFO - [2024-02-23T17:35:04.855+0000] {dagbag.py:538} INFO - Filling up the DagBag from /home/airflow/.local/lib/python3.8/site-packages/airflow/example_dags/example_complex.py
[2024-02-23T17:35:04.872+0000] {processor.py:840} INFO - DAG(s) 'example_complex' retrieved from /home/airflow/.local/lib/python3.8/site-packages/airflow/example_dags/example_complex.py
[2024-02-23T17:35:04.914+0000] {logging_mixin.py:188} INFO - [2024-02-23T17:35:04.914+0000] {dag.py:3033} INFO - Sync 1 DAGs
[2024-02-23T17:35:04.932+0000] {logging_mixin.py:188} INFO - [2024-02-23T17:35:04.931+0000] {dag.py:3820} INFO - Setting next_dagrun for example_complex to None, run_after=None
[2024-02-23T17:35:04.997+0000] {processor.py:183} INFO - Processing /home/airflow/.local/lib/python3.8/site-packages/airflow/example_dags/example_complex.py took 0.150 seconds
[2024-02-23T17:35:35.069+0000] {processor.py:161} INFO - Started process (PID=6657) to work on /home/airflow/.local/lib/python3.8/site-packages/airflow/example_dags/example_complex.py
[2024-02-23T17:35:35.070+0000] {processor.py:830} INFO - Processing file /home/airflow/.local/lib/python3.8/site-packages/airflow/example_dags/example_complex.py for tasks to queue
[2024-02-23T17:35:35.071+0000] {logging_mixin.py:188} INFO - [2024-02-23T17:35:35.071+0000] {dagbag.py:538} INFO - Filling up the DagBag from /home/airflow/.local/lib/python3.8/site-packages/airflow/example_dags/example_complex.py
[2024-02-23T17:35:35.087+0000] {processor.py:840} INFO - DAG(s) 'example_complex' retrieved from /home/airflow/.local/lib/python3.8/site-packages/airflow/example_dags/example_complex.py
[2024-02-23T17:35:35.125+0000] {logging_mixin.py:188} INFO - [2024-02-23T17:35:35.125+0000] {dag.py:3033} INFO - Sync 1 DAGs
[2024-02-23T17:35:35.140+0000] {logging_mixin.py:188} INFO - [2024-02-23T17:35:35.140+0000] {dag.py:3820} INFO - Setting next_dagrun for example_complex to None, run_after=None
[2024-02-23T17:35:35.162+0000] {processor.py:183} INFO - Processing /home/airflow/.local/lib/python3.8/site-packages/airflow/example_dags/example_complex.py took 0.097 seconds
[2024-02-23T17:36:05.516+0000] {processor.py:161} INFO - Started process (PID=6714) to work on /home/airflow/.local/lib/python3.8/site-packages/airflow/example_dags/example_complex.py
[2024-02-23T17:36:05.518+0000] {processor.py:830} INFO - Processing file /home/airflow/.local/lib/python3.8/site-packages/airflow/example_dags/example_complex.py for tasks to queue
[2024-02-23T17:36:05.519+0000] {logging_mixin.py:188} INFO - [2024-02-23T17:36:05.519+0000] {dagbag.py:538} INFO - Filling up the DagBag from /home/airflow/.local/lib/python3.8/site-packages/airflow/example_dags/example_complex.py
[2024-02-23T17:36:05.536+0000] {processor.py:840} INFO - DAG(s) 'example_complex' retrieved from /home/airflow/.local/lib/python3.8/site-packages/airflow/example_dags/example_complex.py
[2024-02-23T17:36:05.577+0000] {logging_mixin.py:188} INFO - [2024-02-23T17:36:05.577+0000] {dag.py:3033} INFO - Sync 1 DAGs
[2024-02-23T17:36:05.596+0000] {logging_mixin.py:188} INFO - [2024-02-23T17:36:05.595+0000] {dag.py:3820} INFO - Setting next_dagrun for example_complex to None, run_after=None
[2024-02-23T17:36:05.621+0000] {processor.py:183} INFO - Processing /home/airflow/.local/lib/python3.8/site-packages/airflow/example_dags/example_complex.py took 0.111 seconds
[2024-02-23T17:36:36.121+0000] {processor.py:161} INFO - Started process (PID=6772) to work on /home/airflow/.local/lib/python3.8/site-packages/airflow/example_dags/example_complex.py
[2024-02-23T17:36:36.123+0000] {processor.py:830} INFO - Processing file /home/airflow/.local/lib/python3.8/site-packages/airflow/example_dags/example_complex.py for tasks to queue
[2024-02-23T17:36:36.124+0000] {logging_mixin.py:188} INFO - [2024-02-23T17:36:36.124+0000] {dagbag.py:538} INFO - Filling up the DagBag from /home/airflow/.local/lib/python3.8/site-packages/airflow/example_dags/example_complex.py
[2024-02-23T17:36:36.139+0000] {processor.py:840} INFO - DAG(s) 'example_complex' retrieved from /home/airflow/.local/lib/python3.8/site-packages/airflow/example_dags/example_complex.py
[2024-02-23T17:36:36.184+0000] {logging_mixin.py:188} INFO - [2024-02-23T17:36:36.184+0000] {dag.py:3033} INFO - Sync 1 DAGs
[2024-02-23T17:36:36.202+0000] {logging_mixin.py:188} INFO - [2024-02-23T17:36:36.202+0000] {dag.py:3820} INFO - Setting next_dagrun for example_complex to None, run_after=None
[2024-02-23T17:36:36.226+0000] {processor.py:183} INFO - Processing /home/airflow/.local/lib/python3.8/site-packages/airflow/example_dags/example_complex.py took 0.110 seconds
[2024-02-23T17:37:07.232+0000] {processor.py:161} INFO - Started process (PID=6829) to work on /home/airflow/.local/lib/python3.8/site-packages/airflow/example_dags/example_complex.py
[2024-02-23T17:37:07.234+0000] {processor.py:830} INFO - Processing file /home/airflow/.local/lib/python3.8/site-packages/airflow/example_dags/example_complex.py for tasks to queue
[2024-02-23T17:37:07.235+0000] {logging_mixin.py:188} INFO - [2024-02-23T17:37:07.235+0000] {dagbag.py:538} INFO - Filling up the DagBag from /home/airflow/.local/lib/python3.8/site-packages/airflow/example_dags/example_complex.py
[2024-02-23T17:37:07.252+0000] {processor.py:840} INFO - DAG(s) 'example_complex' retrieved from /home/airflow/.local/lib/python3.8/site-packages/airflow/example_dags/example_complex.py
[2024-02-23T17:37:07.295+0000] {logging_mixin.py:188} INFO - [2024-02-23T17:37:07.295+0000] {dag.py:3033} INFO - Sync 1 DAGs
[2024-02-23T17:37:07.310+0000] {logging_mixin.py:188} INFO - [2024-02-23T17:37:07.310+0000] {dag.py:3820} INFO - Setting next_dagrun for example_complex to None, run_after=None
[2024-02-23T17:37:07.333+0000] {processor.py:183} INFO - Processing /home/airflow/.local/lib/python3.8/site-packages/airflow/example_dags/example_complex.py took 0.105 seconds
[2024-02-23T17:37:37.520+0000] {processor.py:161} INFO - Started process (PID=6886) to work on /home/airflow/.local/lib/python3.8/site-packages/airflow/example_dags/example_complex.py
[2024-02-23T17:37:37.521+0000] {processor.py:830} INFO - Processing file /home/airflow/.local/lib/python3.8/site-packages/airflow/example_dags/example_complex.py for tasks to queue
[2024-02-23T17:37:37.522+0000] {logging_mixin.py:188} INFO - [2024-02-23T17:37:37.522+0000] {dagbag.py:538} INFO - Filling up the DagBag from /home/airflow/.local/lib/python3.8/site-packages/airflow/example_dags/example_complex.py
[2024-02-23T17:37:37.538+0000] {processor.py:840} INFO - DAG(s) 'example_complex' retrieved from /home/airflow/.local/lib/python3.8/site-packages/airflow/example_dags/example_complex.py
[2024-02-23T17:37:37.580+0000] {logging_mixin.py:188} INFO - [2024-02-23T17:37:37.580+0000] {dag.py:3033} INFO - Sync 1 DAGs
[2024-02-23T17:37:37.599+0000] {logging_mixin.py:188} INFO - [2024-02-23T17:37:37.598+0000] {dag.py:3820} INFO - Setting next_dagrun for example_complex to None, run_after=None
[2024-02-23T17:37:37.630+0000] {processor.py:183} INFO - Processing /home/airflow/.local/lib/python3.8/site-packages/airflow/example_dags/example_complex.py took 0.115 seconds
[2024-02-23T17:38:07.923+0000] {processor.py:161} INFO - Started process (PID=6943) to work on /home/airflow/.local/lib/python3.8/site-packages/airflow/example_dags/example_complex.py
[2024-02-23T17:38:07.924+0000] {processor.py:830} INFO - Processing file /home/airflow/.local/lib/python3.8/site-packages/airflow/example_dags/example_complex.py for tasks to queue
[2024-02-23T17:38:07.926+0000] {logging_mixin.py:188} INFO - [2024-02-23T17:38:07.925+0000] {dagbag.py:538} INFO - Filling up the DagBag from /home/airflow/.local/lib/python3.8/site-packages/airflow/example_dags/example_complex.py
[2024-02-23T17:38:07.942+0000] {processor.py:840} INFO - DAG(s) 'example_complex' retrieved from /home/airflow/.local/lib/python3.8/site-packages/airflow/example_dags/example_complex.py
[2024-02-23T17:38:07.986+0000] {logging_mixin.py:188} INFO - [2024-02-23T17:38:07.986+0000] {dag.py:3033} INFO - Sync 1 DAGs
[2024-02-23T17:38:08.002+0000] {logging_mixin.py:188} INFO - [2024-02-23T17:38:08.002+0000] {dag.py:3820} INFO - Setting next_dagrun for example_complex to None, run_after=None
[2024-02-23T17:38:08.024+0000] {processor.py:183} INFO - Processing /home/airflow/.local/lib/python3.8/site-packages/airflow/example_dags/example_complex.py took 0.106 seconds
[2024-02-23T17:38:38.464+0000] {processor.py:161} INFO - Started process (PID=7000) to work on /home/airflow/.local/lib/python3.8/site-packages/airflow/example_dags/example_complex.py
[2024-02-23T17:38:38.465+0000] {processor.py:830} INFO - Processing file /home/airflow/.local/lib/python3.8/site-packages/airflow/example_dags/example_complex.py for tasks to queue
[2024-02-23T17:38:38.466+0000] {logging_mixin.py:188} INFO - [2024-02-23T17:38:38.466+0000] {dagbag.py:538} INFO - Filling up the DagBag from /home/airflow/.local/lib/python3.8/site-packages/airflow/example_dags/example_complex.py
[2024-02-23T17:38:38.482+0000] {processor.py:840} INFO - DAG(s) 'example_complex' retrieved from /home/airflow/.local/lib/python3.8/site-packages/airflow/example_dags/example_complex.py
[2024-02-23T17:38:38.523+0000] {logging_mixin.py:188} INFO - [2024-02-23T17:38:38.523+0000] {dag.py:3033} INFO - Sync 1 DAGs
[2024-02-23T17:38:38.539+0000] {logging_mixin.py:188} INFO - [2024-02-23T17:38:38.539+0000] {dag.py:3820} INFO - Setting next_dagrun for example_complex to None, run_after=None
[2024-02-23T17:38:38.562+0000] {processor.py:183} INFO - Processing /home/airflow/.local/lib/python3.8/site-packages/airflow/example_dags/example_complex.py took 0.102 seconds
[2024-02-23T17:39:08.656+0000] {processor.py:161} INFO - Started process (PID=7057) to work on /home/airflow/.local/lib/python3.8/site-packages/airflow/example_dags/example_complex.py
[2024-02-23T17:39:08.657+0000] {processor.py:830} INFO - Processing file /home/airflow/.local/lib/python3.8/site-packages/airflow/example_dags/example_complex.py for tasks to queue
[2024-02-23T17:39:08.658+0000] {logging_mixin.py:188} INFO - [2024-02-23T17:39:08.658+0000] {dagbag.py:538} INFO - Filling up the DagBag from /home/airflow/.local/lib/python3.8/site-packages/airflow/example_dags/example_complex.py
[2024-02-23T17:39:08.673+0000] {processor.py:840} INFO - DAG(s) 'example_complex' retrieved from /home/airflow/.local/lib/python3.8/site-packages/airflow/example_dags/example_complex.py
[2024-02-23T17:39:08.715+0000] {logging_mixin.py:188} INFO - [2024-02-23T17:39:08.714+0000] {dag.py:3033} INFO - Sync 1 DAGs
[2024-02-23T17:39:08.734+0000] {logging_mixin.py:188} INFO - [2024-02-23T17:39:08.734+0000] {dag.py:3820} INFO - Setting next_dagrun for example_complex to None, run_after=None
[2024-02-23T17:39:08.758+0000] {processor.py:183} INFO - Processing /home/airflow/.local/lib/python3.8/site-packages/airflow/example_dags/example_complex.py took 0.107 seconds
[2024-02-23T17:39:39.073+0000] {processor.py:161} INFO - Started process (PID=7114) to work on /home/airflow/.local/lib/python3.8/site-packages/airflow/example_dags/example_complex.py
[2024-02-23T17:39:39.075+0000] {processor.py:830} INFO - Processing file /home/airflow/.local/lib/python3.8/site-packages/airflow/example_dags/example_complex.py for tasks to queue
[2024-02-23T17:39:39.076+0000] {logging_mixin.py:188} INFO - [2024-02-23T17:39:39.076+0000] {dagbag.py:538} INFO - Filling up the DagBag from /home/airflow/.local/lib/python3.8/site-packages/airflow/example_dags/example_complex.py
[2024-02-23T17:39:39.094+0000] {processor.py:840} INFO - DAG(s) 'example_complex' retrieved from /home/airflow/.local/lib/python3.8/site-packages/airflow/example_dags/example_complex.py
[2024-02-23T17:39:39.136+0000] {logging_mixin.py:188} INFO - [2024-02-23T17:39:39.136+0000] {dag.py:3033} INFO - Sync 1 DAGs
[2024-02-23T17:39:39.152+0000] {logging_mixin.py:188} INFO - [2024-02-23T17:39:39.151+0000] {dag.py:3820} INFO - Setting next_dagrun for example_complex to None, run_after=None
[2024-02-23T17:39:39.175+0000] {processor.py:183} INFO - Processing /home/airflow/.local/lib/python3.8/site-packages/airflow/example_dags/example_complex.py took 0.107 seconds
[2024-02-23T17:40:09.693+0000] {processor.py:161} INFO - Started process (PID=7171) to work on /home/airflow/.local/lib/python3.8/site-packages/airflow/example_dags/example_complex.py
[2024-02-23T17:40:09.694+0000] {processor.py:830} INFO - Processing file /home/airflow/.local/lib/python3.8/site-packages/airflow/example_dags/example_complex.py for tasks to queue
[2024-02-23T17:40:09.696+0000] {logging_mixin.py:188} INFO - [2024-02-23T17:40:09.695+0000] {dagbag.py:538} INFO - Filling up the DagBag from /home/airflow/.local/lib/python3.8/site-packages/airflow/example_dags/example_complex.py
[2024-02-23T17:40:09.712+0000] {processor.py:840} INFO - DAG(s) 'example_complex' retrieved from /home/airflow/.local/lib/python3.8/site-packages/airflow/example_dags/example_complex.py
[2024-02-23T17:40:09.755+0000] {logging_mixin.py:188} INFO - [2024-02-23T17:40:09.754+0000] {dag.py:3033} INFO - Sync 1 DAGs
[2024-02-23T17:40:09.771+0000] {logging_mixin.py:188} INFO - [2024-02-23T17:40:09.771+0000] {dag.py:3820} INFO - Setting next_dagrun for example_complex to None, run_after=None
[2024-02-23T17:40:09.831+0000] {processor.py:183} INFO - Processing /home/airflow/.local/lib/python3.8/site-packages/airflow/example_dags/example_complex.py took 0.143 seconds
[2024-02-23T17:40:40.194+0000] {processor.py:161} INFO - Started process (PID=7228) to work on /home/airflow/.local/lib/python3.8/site-packages/airflow/example_dags/example_complex.py
[2024-02-23T17:40:40.195+0000] {processor.py:830} INFO - Processing file /home/airflow/.local/lib/python3.8/site-packages/airflow/example_dags/example_complex.py for tasks to queue
[2024-02-23T17:40:40.196+0000] {logging_mixin.py:188} INFO - [2024-02-23T17:40:40.196+0000] {dagbag.py:538} INFO - Filling up the DagBag from /home/airflow/.local/lib/python3.8/site-packages/airflow/example_dags/example_complex.py
[2024-02-23T17:40:40.212+0000] {processor.py:840} INFO - DAG(s) 'example_complex' retrieved from /home/airflow/.local/lib/python3.8/site-packages/airflow/example_dags/example_complex.py
[2024-02-23T17:40:40.257+0000] {logging_mixin.py:188} INFO - [2024-02-23T17:40:40.257+0000] {dag.py:3033} INFO - Sync 1 DAGs
[2024-02-23T17:40:40.279+0000] {logging_mixin.py:188} INFO - [2024-02-23T17:40:40.279+0000] {dag.py:3820} INFO - Setting next_dagrun for example_complex to None, run_after=None
[2024-02-23T17:40:40.306+0000] {processor.py:183} INFO - Processing /home/airflow/.local/lib/python3.8/site-packages/airflow/example_dags/example_complex.py took 0.117 seconds
[2024-02-23T17:41:11.358+0000] {processor.py:161} INFO - Started process (PID=7285) to work on /home/airflow/.local/lib/python3.8/site-packages/airflow/example_dags/example_complex.py
[2024-02-23T17:41:11.359+0000] {processor.py:830} INFO - Processing file /home/airflow/.local/lib/python3.8/site-packages/airflow/example_dags/example_complex.py for tasks to queue
[2024-02-23T17:41:11.360+0000] {logging_mixin.py:188} INFO - [2024-02-23T17:41:11.360+0000] {dagbag.py:538} INFO - Filling up the DagBag from /home/airflow/.local/lib/python3.8/site-packages/airflow/example_dags/example_complex.py
[2024-02-23T17:41:11.378+0000] {processor.py:840} INFO - DAG(s) 'example_complex' retrieved from /home/airflow/.local/lib/python3.8/site-packages/airflow/example_dags/example_complex.py
[2024-02-23T17:41:11.422+0000] {logging_mixin.py:188} INFO - [2024-02-23T17:41:11.421+0000] {dag.py:3033} INFO - Sync 1 DAGs
[2024-02-23T17:41:11.439+0000] {logging_mixin.py:188} INFO - [2024-02-23T17:41:11.439+0000] {dag.py:3820} INFO - Setting next_dagrun for example_complex to None, run_after=None
[2024-02-23T17:41:11.467+0000] {processor.py:183} INFO - Processing /home/airflow/.local/lib/python3.8/site-packages/airflow/example_dags/example_complex.py took 0.113 seconds
[2024-02-23T17:41:41.741+0000] {processor.py:161} INFO - Started process (PID=7343) to work on /home/airflow/.local/lib/python3.8/site-packages/airflow/example_dags/example_complex.py
[2024-02-23T17:41:41.742+0000] {processor.py:830} INFO - Processing file /home/airflow/.local/lib/python3.8/site-packages/airflow/example_dags/example_complex.py for tasks to queue
[2024-02-23T17:41:41.743+0000] {logging_mixin.py:188} INFO - [2024-02-23T17:41:41.743+0000] {dagbag.py:538} INFO - Filling up the DagBag from /home/airflow/.local/lib/python3.8/site-packages/airflow/example_dags/example_complex.py
[2024-02-23T17:41:41.757+0000] {processor.py:840} INFO - DAG(s) 'example_complex' retrieved from /home/airflow/.local/lib/python3.8/site-packages/airflow/example_dags/example_complex.py
[2024-02-23T17:41:41.801+0000] {logging_mixin.py:188} INFO - [2024-02-23T17:41:41.801+0000] {dag.py:3033} INFO - Sync 1 DAGs
[2024-02-23T17:41:41.817+0000] {logging_mixin.py:188} INFO - [2024-02-23T17:41:41.817+0000] {dag.py:3820} INFO - Setting next_dagrun for example_complex to None, run_after=None
[2024-02-23T17:41:41.874+0000] {processor.py:183} INFO - Processing /home/airflow/.local/lib/python3.8/site-packages/airflow/example_dags/example_complex.py took 0.138 seconds
[2024-02-23T17:42:12.280+0000] {processor.py:161} INFO - Started process (PID=7400) to work on /home/airflow/.local/lib/python3.8/site-packages/airflow/example_dags/example_complex.py
[2024-02-23T17:42:12.282+0000] {processor.py:830} INFO - Processing file /home/airflow/.local/lib/python3.8/site-packages/airflow/example_dags/example_complex.py for tasks to queue
[2024-02-23T17:42:12.283+0000] {logging_mixin.py:188} INFO - [2024-02-23T17:42:12.283+0000] {dagbag.py:538} INFO - Filling up the DagBag from /home/airflow/.local/lib/python3.8/site-packages/airflow/example_dags/example_complex.py
[2024-02-23T17:42:12.298+0000] {processor.py:840} INFO - DAG(s) 'example_complex' retrieved from /home/airflow/.local/lib/python3.8/site-packages/airflow/example_dags/example_complex.py
[2024-02-23T17:42:12.343+0000] {logging_mixin.py:188} INFO - [2024-02-23T17:42:12.343+0000] {dag.py:3033} INFO - Sync 1 DAGs
[2024-02-23T17:42:12.361+0000] {logging_mixin.py:188} INFO - [2024-02-23T17:42:12.361+0000] {dag.py:3820} INFO - Setting next_dagrun for example_complex to None, run_after=None
[2024-02-23T17:42:12.425+0000] {processor.py:183} INFO - Processing /home/airflow/.local/lib/python3.8/site-packages/airflow/example_dags/example_complex.py took 0.150 seconds
[2024-02-23T17:42:42.933+0000] {processor.py:161} INFO - Started process (PID=7457) to work on /home/airflow/.local/lib/python3.8/site-packages/airflow/example_dags/example_complex.py
[2024-02-23T17:42:42.934+0000] {processor.py:830} INFO - Processing file /home/airflow/.local/lib/python3.8/site-packages/airflow/example_dags/example_complex.py for tasks to queue
[2024-02-23T17:42:42.935+0000] {logging_mixin.py:188} INFO - [2024-02-23T17:42:42.935+0000] {dagbag.py:538} INFO - Filling up the DagBag from /home/airflow/.local/lib/python3.8/site-packages/airflow/example_dags/example_complex.py
[2024-02-23T17:42:42.954+0000] {processor.py:840} INFO - DAG(s) 'example_complex' retrieved from /home/airflow/.local/lib/python3.8/site-packages/airflow/example_dags/example_complex.py
[2024-02-23T17:42:42.993+0000] {logging_mixin.py:188} INFO - [2024-02-23T17:42:42.993+0000] {dag.py:3033} INFO - Sync 1 DAGs
[2024-02-23T17:42:43.011+0000] {logging_mixin.py:188} INFO - [2024-02-23T17:42:43.011+0000] {dag.py:3820} INFO - Setting next_dagrun for example_complex to None, run_after=None
[2024-02-23T17:42:43.034+0000] {processor.py:183} INFO - Processing /home/airflow/.local/lib/python3.8/site-packages/airflow/example_dags/example_complex.py took 0.105 seconds
[2024-02-23T17:43:13.164+0000] {processor.py:161} INFO - Started process (PID=7514) to work on /home/airflow/.local/lib/python3.8/site-packages/airflow/example_dags/example_complex.py
[2024-02-23T17:43:13.165+0000] {processor.py:830} INFO - Processing file /home/airflow/.local/lib/python3.8/site-packages/airflow/example_dags/example_complex.py for tasks to queue
[2024-02-23T17:43:13.166+0000] {logging_mixin.py:188} INFO - [2024-02-23T17:43:13.166+0000] {dagbag.py:538} INFO - Filling up the DagBag from /home/airflow/.local/lib/python3.8/site-packages/airflow/example_dags/example_complex.py
[2024-02-23T17:43:13.183+0000] {processor.py:840} INFO - DAG(s) 'example_complex' retrieved from /home/airflow/.local/lib/python3.8/site-packages/airflow/example_dags/example_complex.py
[2024-02-23T17:43:13.229+0000] {logging_mixin.py:188} INFO - [2024-02-23T17:43:13.229+0000] {dag.py:3033} INFO - Sync 1 DAGs
[2024-02-23T17:43:13.246+0000] {logging_mixin.py:188} INFO - [2024-02-23T17:43:13.246+0000] {dag.py:3820} INFO - Setting next_dagrun for example_complex to None, run_after=None
[2024-02-23T17:43:13.270+0000] {processor.py:183} INFO - Processing /home/airflow/.local/lib/python3.8/site-packages/airflow/example_dags/example_complex.py took 0.110 seconds
[2024-02-23T17:43:44.198+0000] {processor.py:161} INFO - Started process (PID=7571) to work on /home/airflow/.local/lib/python3.8/site-packages/airflow/example_dags/example_complex.py
[2024-02-23T17:43:44.199+0000] {processor.py:830} INFO - Processing file /home/airflow/.local/lib/python3.8/site-packages/airflow/example_dags/example_complex.py for tasks to queue
[2024-02-23T17:43:44.200+0000] {logging_mixin.py:188} INFO - [2024-02-23T17:43:44.200+0000] {dagbag.py:538} INFO - Filling up the DagBag from /home/airflow/.local/lib/python3.8/site-packages/airflow/example_dags/example_complex.py
[2024-02-23T17:43:44.218+0000] {processor.py:840} INFO - DAG(s) 'example_complex' retrieved from /home/airflow/.local/lib/python3.8/site-packages/airflow/example_dags/example_complex.py
[2024-02-23T17:43:44.258+0000] {logging_mixin.py:188} INFO - [2024-02-23T17:43:44.257+0000] {dag.py:3033} INFO - Sync 1 DAGs
[2024-02-23T17:43:44.275+0000] {logging_mixin.py:188} INFO - [2024-02-23T17:43:44.275+0000] {dag.py:3820} INFO - Setting next_dagrun for example_complex to None, run_after=None
[2024-02-23T17:43:44.298+0000] {processor.py:183} INFO - Processing /home/airflow/.local/lib/python3.8/site-packages/airflow/example_dags/example_complex.py took 0.104 seconds
[2024-02-23T17:44:14.911+0000] {processor.py:161} INFO - Started process (PID=7634) to work on /home/airflow/.local/lib/python3.8/site-packages/airflow/example_dags/example_complex.py
[2024-02-23T17:44:14.912+0000] {processor.py:830} INFO - Processing file /home/airflow/.local/lib/python3.8/site-packages/airflow/example_dags/example_complex.py for tasks to queue
[2024-02-23T17:44:14.914+0000] {logging_mixin.py:188} INFO - [2024-02-23T17:44:14.913+0000] {dagbag.py:538} INFO - Filling up the DagBag from /home/airflow/.local/lib/python3.8/site-packages/airflow/example_dags/example_complex.py
[2024-02-23T17:44:14.929+0000] {processor.py:840} INFO - DAG(s) 'example_complex' retrieved from /home/airflow/.local/lib/python3.8/site-packages/airflow/example_dags/example_complex.py
[2024-02-23T17:44:14.973+0000] {logging_mixin.py:188} INFO - [2024-02-23T17:44:14.973+0000] {dag.py:3033} INFO - Sync 1 DAGs
[2024-02-23T17:44:14.993+0000] {logging_mixin.py:188} INFO - [2024-02-23T17:44:14.993+0000] {dag.py:3820} INFO - Setting next_dagrun for example_complex to None, run_after=None
[2024-02-23T17:44:15.020+0000] {processor.py:183} INFO - Processing /home/airflow/.local/lib/python3.8/site-packages/airflow/example_dags/example_complex.py took 0.112 seconds
[2024-02-23T17:44:45.280+0000] {processor.py:161} INFO - Started process (PID=7691) to work on /home/airflow/.local/lib/python3.8/site-packages/airflow/example_dags/example_complex.py
[2024-02-23T17:44:45.282+0000] {processor.py:830} INFO - Processing file /home/airflow/.local/lib/python3.8/site-packages/airflow/example_dags/example_complex.py for tasks to queue
[2024-02-23T17:44:45.283+0000] {logging_mixin.py:188} INFO - [2024-02-23T17:44:45.283+0000] {dagbag.py:538} INFO - Filling up the DagBag from /home/airflow/.local/lib/python3.8/site-packages/airflow/example_dags/example_complex.py
[2024-02-23T17:44:45.297+0000] {processor.py:840} INFO - DAG(s) 'example_complex' retrieved from /home/airflow/.local/lib/python3.8/site-packages/airflow/example_dags/example_complex.py
[2024-02-23T17:44:45.339+0000] {logging_mixin.py:188} INFO - [2024-02-23T17:44:45.339+0000] {dag.py:3033} INFO - Sync 1 DAGs
[2024-02-23T17:44:45.355+0000] {logging_mixin.py:188} INFO - [2024-02-23T17:44:45.355+0000] {dag.py:3820} INFO - Setting next_dagrun for example_complex to None, run_after=None
[2024-02-23T17:44:45.380+0000] {processor.py:183} INFO - Processing /home/airflow/.local/lib/python3.8/site-packages/airflow/example_dags/example_complex.py took 0.103 seconds
[2024-02-23T17:45:15.974+0000] {processor.py:161} INFO - Started process (PID=7748) to work on /home/airflow/.local/lib/python3.8/site-packages/airflow/example_dags/example_complex.py
[2024-02-23T17:45:15.975+0000] {processor.py:830} INFO - Processing file /home/airflow/.local/lib/python3.8/site-packages/airflow/example_dags/example_complex.py for tasks to queue
[2024-02-23T17:45:15.977+0000] {logging_mixin.py:188} INFO - [2024-02-23T17:45:15.976+0000] {dagbag.py:538} INFO - Filling up the DagBag from /home/airflow/.local/lib/python3.8/site-packages/airflow/example_dags/example_complex.py
[2024-02-23T17:45:15.994+0000] {processor.py:840} INFO - DAG(s) 'example_complex' retrieved from /home/airflow/.local/lib/python3.8/site-packages/airflow/example_dags/example_complex.py
[2024-02-23T17:45:16.037+0000] {logging_mixin.py:188} INFO - [2024-02-23T17:45:16.036+0000] {dag.py:3033} INFO - Sync 1 DAGs
[2024-02-23T17:45:16.054+0000] {logging_mixin.py:188} INFO - [2024-02-23T17:45:16.054+0000] {dag.py:3820} INFO - Setting next_dagrun for example_complex to None, run_after=None
[2024-02-23T17:45:16.080+0000] {processor.py:183} INFO - Processing /home/airflow/.local/lib/python3.8/site-packages/airflow/example_dags/example_complex.py took 0.111 seconds
[2024-02-23T17:45:46.339+0000] {processor.py:161} INFO - Started process (PID=7805) to work on /home/airflow/.local/lib/python3.8/site-packages/airflow/example_dags/example_complex.py
[2024-02-23T17:45:46.340+0000] {processor.py:830} INFO - Processing file /home/airflow/.local/lib/python3.8/site-packages/airflow/example_dags/example_complex.py for tasks to queue
[2024-02-23T17:45:46.341+0000] {logging_mixin.py:188} INFO - [2024-02-23T17:45:46.341+0000] {dagbag.py:538} INFO - Filling up the DagBag from /home/airflow/.local/lib/python3.8/site-packages/airflow/example_dags/example_complex.py
[2024-02-23T17:45:46.355+0000] {processor.py:840} INFO - DAG(s) 'example_complex' retrieved from /home/airflow/.local/lib/python3.8/site-packages/airflow/example_dags/example_complex.py
[2024-02-23T17:45:46.392+0000] {logging_mixin.py:188} INFO - [2024-02-23T17:45:46.392+0000] {dag.py:3033} INFO - Sync 1 DAGs
[2024-02-23T17:45:46.408+0000] {logging_mixin.py:188} INFO - [2024-02-23T17:45:46.408+0000] {dag.py:3820} INFO - Setting next_dagrun for example_complex to None, run_after=None
[2024-02-23T17:45:46.465+0000] {processor.py:183} INFO - Processing /home/airflow/.local/lib/python3.8/site-packages/airflow/example_dags/example_complex.py took 0.130 seconds
[2024-02-23T17:46:16.789+0000] {processor.py:161} INFO - Started process (PID=7862) to work on /home/airflow/.local/lib/python3.8/site-packages/airflow/example_dags/example_complex.py
[2024-02-23T17:46:16.791+0000] {processor.py:830} INFO - Processing file /home/airflow/.local/lib/python3.8/site-packages/airflow/example_dags/example_complex.py for tasks to queue
[2024-02-23T17:46:16.792+0000] {logging_mixin.py:188} INFO - [2024-02-23T17:46:16.792+0000] {dagbag.py:538} INFO - Filling up the DagBag from /home/airflow/.local/lib/python3.8/site-packages/airflow/example_dags/example_complex.py
[2024-02-23T17:46:16.807+0000] {processor.py:840} INFO - DAG(s) 'example_complex' retrieved from /home/airflow/.local/lib/python3.8/site-packages/airflow/example_dags/example_complex.py
[2024-02-23T17:46:16.853+0000] {logging_mixin.py:188} INFO - [2024-02-23T17:46:16.853+0000] {dag.py:3033} INFO - Sync 1 DAGs
[2024-02-23T17:46:16.882+0000] {logging_mixin.py:188} INFO - [2024-02-23T17:46:16.882+0000] {dag.py:3820} INFO - Setting next_dagrun for example_complex to None, run_after=None
[2024-02-23T17:46:16.947+0000] {processor.py:183} INFO - Processing /home/airflow/.local/lib/python3.8/site-packages/airflow/example_dags/example_complex.py took 0.162 seconds
[2024-02-23T17:46:47.298+0000] {processor.py:161} INFO - Started process (PID=7919) to work on /home/airflow/.local/lib/python3.8/site-packages/airflow/example_dags/example_complex.py
[2024-02-23T17:46:47.300+0000] {processor.py:830} INFO - Processing file /home/airflow/.local/lib/python3.8/site-packages/airflow/example_dags/example_complex.py for tasks to queue
[2024-02-23T17:46:47.301+0000] {logging_mixin.py:188} INFO - [2024-02-23T17:46:47.301+0000] {dagbag.py:538} INFO - Filling up the DagBag from /home/airflow/.local/lib/python3.8/site-packages/airflow/example_dags/example_complex.py
[2024-02-23T17:46:47.320+0000] {processor.py:840} INFO - DAG(s) 'example_complex' retrieved from /home/airflow/.local/lib/python3.8/site-packages/airflow/example_dags/example_complex.py
[2024-02-23T17:46:47.366+0000] {logging_mixin.py:188} INFO - [2024-02-23T17:46:47.366+0000] {dag.py:3033} INFO - Sync 1 DAGs
[2024-02-23T17:46:47.383+0000] {logging_mixin.py:188} INFO - [2024-02-23T17:46:47.383+0000] {dag.py:3820} INFO - Setting next_dagrun for example_complex to None, run_after=None
[2024-02-23T17:46:47.430+0000] {processor.py:183} INFO - Processing /home/airflow/.local/lib/python3.8/site-packages/airflow/example_dags/example_complex.py took 0.139 seconds
[2024-02-23T17:47:17.830+0000] {processor.py:161} INFO - Started process (PID=7976) to work on /home/airflow/.local/lib/python3.8/site-packages/airflow/example_dags/example_complex.py
[2024-02-23T17:47:17.831+0000] {processor.py:830} INFO - Processing file /home/airflow/.local/lib/python3.8/site-packages/airflow/example_dags/example_complex.py for tasks to queue
[2024-02-23T17:47:17.832+0000] {logging_mixin.py:188} INFO - [2024-02-23T17:47:17.832+0000] {dagbag.py:538} INFO - Filling up the DagBag from /home/airflow/.local/lib/python3.8/site-packages/airflow/example_dags/example_complex.py
[2024-02-23T17:47:17.850+0000] {processor.py:840} INFO - DAG(s) 'example_complex' retrieved from /home/airflow/.local/lib/python3.8/site-packages/airflow/example_dags/example_complex.py
[2024-02-23T17:47:17.890+0000] {logging_mixin.py:188} INFO - [2024-02-23T17:47:17.890+0000] {dag.py:3033} INFO - Sync 1 DAGs
[2024-02-23T17:47:17.905+0000] {logging_mixin.py:188} INFO - [2024-02-23T17:47:17.905+0000] {dag.py:3820} INFO - Setting next_dagrun for example_complex to None, run_after=None
[2024-02-23T17:47:17.943+0000] {processor.py:183} INFO - Processing /home/airflow/.local/lib/python3.8/site-packages/airflow/example_dags/example_complex.py took 0.119 seconds
[2024-02-23T17:47:48.416+0000] {processor.py:161} INFO - Started process (PID=8033) to work on /home/airflow/.local/lib/python3.8/site-packages/airflow/example_dags/example_complex.py
[2024-02-23T17:47:48.418+0000] {processor.py:830} INFO - Processing file /home/airflow/.local/lib/python3.8/site-packages/airflow/example_dags/example_complex.py for tasks to queue
[2024-02-23T17:47:48.420+0000] {logging_mixin.py:188} INFO - [2024-02-23T17:47:48.420+0000] {dagbag.py:538} INFO - Filling up the DagBag from /home/airflow/.local/lib/python3.8/site-packages/airflow/example_dags/example_complex.py
[2024-02-23T17:47:48.438+0000] {processor.py:840} INFO - DAG(s) 'example_complex' retrieved from /home/airflow/.local/lib/python3.8/site-packages/airflow/example_dags/example_complex.py
[2024-02-23T17:47:48.482+0000] {logging_mixin.py:188} INFO - [2024-02-23T17:47:48.482+0000] {dag.py:3033} INFO - Sync 1 DAGs
[2024-02-23T17:47:48.500+0000] {logging_mixin.py:188} INFO - [2024-02-23T17:47:48.500+0000] {dag.py:3820} INFO - Setting next_dagrun for example_complex to None, run_after=None
[2024-02-23T17:47:48.526+0000] {processor.py:183} INFO - Processing /home/airflow/.local/lib/python3.8/site-packages/airflow/example_dags/example_complex.py took 0.115 seconds
[2024-02-23T17:48:18.727+0000] {processor.py:161} INFO - Started process (PID=8090) to work on /home/airflow/.local/lib/python3.8/site-packages/airflow/example_dags/example_complex.py
[2024-02-23T17:48:18.728+0000] {processor.py:830} INFO - Processing file /home/airflow/.local/lib/python3.8/site-packages/airflow/example_dags/example_complex.py for tasks to queue
[2024-02-23T17:48:18.730+0000] {logging_mixin.py:188} INFO - [2024-02-23T17:48:18.729+0000] {dagbag.py:538} INFO - Filling up the DagBag from /home/airflow/.local/lib/python3.8/site-packages/airflow/example_dags/example_complex.py
[2024-02-23T17:48:18.743+0000] {processor.py:840} INFO - DAG(s) 'example_complex' retrieved from /home/airflow/.local/lib/python3.8/site-packages/airflow/example_dags/example_complex.py
[2024-02-23T17:48:18.783+0000] {logging_mixin.py:188} INFO - [2024-02-23T17:48:18.783+0000] {dag.py:3033} INFO - Sync 1 DAGs
[2024-02-23T17:48:18.799+0000] {logging_mixin.py:188} INFO - [2024-02-23T17:48:18.798+0000] {dag.py:3820} INFO - Setting next_dagrun for example_complex to None, run_after=None
[2024-02-23T17:48:18.822+0000] {processor.py:183} INFO - Processing /home/airflow/.local/lib/python3.8/site-packages/airflow/example_dags/example_complex.py took 0.099 seconds
[2024-02-23T17:48:49.701+0000] {processor.py:161} INFO - Started process (PID=8147) to work on /home/airflow/.local/lib/python3.8/site-packages/airflow/example_dags/example_complex.py
[2024-02-23T17:48:49.702+0000] {processor.py:830} INFO - Processing file /home/airflow/.local/lib/python3.8/site-packages/airflow/example_dags/example_complex.py for tasks to queue
[2024-02-23T17:48:49.704+0000] {logging_mixin.py:188} INFO - [2024-02-23T17:48:49.703+0000] {dagbag.py:538} INFO - Filling up the DagBag from /home/airflow/.local/lib/python3.8/site-packages/airflow/example_dags/example_complex.py
[2024-02-23T17:48:49.730+0000] {processor.py:840} INFO - DAG(s) 'example_complex' retrieved from /home/airflow/.local/lib/python3.8/site-packages/airflow/example_dags/example_complex.py
[2024-02-23T17:48:49.782+0000] {logging_mixin.py:188} INFO - [2024-02-23T17:48:49.781+0000] {dag.py:3033} INFO - Sync 1 DAGs
[2024-02-23T17:48:49.799+0000] {logging_mixin.py:188} INFO - [2024-02-23T17:48:49.799+0000] {dag.py:3820} INFO - Setting next_dagrun for example_complex to None, run_after=None
[2024-02-23T17:48:49.825+0000] {processor.py:183} INFO - Processing /home/airflow/.local/lib/python3.8/site-packages/airflow/example_dags/example_complex.py took 0.129 seconds
[2024-02-23T17:49:20.698+0000] {processor.py:161} INFO - Started process (PID=8204) to work on /home/airflow/.local/lib/python3.8/site-packages/airflow/example_dags/example_complex.py
[2024-02-23T17:49:20.699+0000] {processor.py:830} INFO - Processing file /home/airflow/.local/lib/python3.8/site-packages/airflow/example_dags/example_complex.py for tasks to queue
[2024-02-23T17:49:20.701+0000] {logging_mixin.py:188} INFO - [2024-02-23T17:49:20.700+0000] {dagbag.py:538} INFO - Filling up the DagBag from /home/airflow/.local/lib/python3.8/site-packages/airflow/example_dags/example_complex.py
[2024-02-23T17:49:20.715+0000] {processor.py:840} INFO - DAG(s) 'example_complex' retrieved from /home/airflow/.local/lib/python3.8/site-packages/airflow/example_dags/example_complex.py
[2024-02-23T17:49:20.757+0000] {logging_mixin.py:188} INFO - [2024-02-23T17:49:20.757+0000] {dag.py:3033} INFO - Sync 1 DAGs
[2024-02-23T17:49:20.774+0000] {logging_mixin.py:188} INFO - [2024-02-23T17:49:20.773+0000] {dag.py:3820} INFO - Setting next_dagrun for example_complex to None, run_after=None
[2024-02-23T17:49:20.835+0000] {processor.py:183} INFO - Processing /home/airflow/.local/lib/python3.8/site-packages/airflow/example_dags/example_complex.py took 0.142 seconds
[2024-02-23T17:49:51.004+0000] {processor.py:161} INFO - Started process (PID=8261) to work on /home/airflow/.local/lib/python3.8/site-packages/airflow/example_dags/example_complex.py
[2024-02-23T17:49:51.005+0000] {processor.py:830} INFO - Processing file /home/airflow/.local/lib/python3.8/site-packages/airflow/example_dags/example_complex.py for tasks to queue
[2024-02-23T17:49:51.007+0000] {logging_mixin.py:188} INFO - [2024-02-23T17:49:51.006+0000] {dagbag.py:538} INFO - Filling up the DagBag from /home/airflow/.local/lib/python3.8/site-packages/airflow/example_dags/example_complex.py
[2024-02-23T17:49:51.021+0000] {processor.py:840} INFO - DAG(s) 'example_complex' retrieved from /home/airflow/.local/lib/python3.8/site-packages/airflow/example_dags/example_complex.py
[2024-02-23T17:49:51.066+0000] {logging_mixin.py:188} INFO - [2024-02-23T17:49:51.065+0000] {dag.py:3033} INFO - Sync 1 DAGs
[2024-02-23T17:49:51.081+0000] {logging_mixin.py:188} INFO - [2024-02-23T17:49:51.081+0000] {dag.py:3820} INFO - Setting next_dagrun for example_complex to None, run_after=None
[2024-02-23T17:49:51.107+0000] {processor.py:183} INFO - Processing /home/airflow/.local/lib/python3.8/site-packages/airflow/example_dags/example_complex.py took 0.108 seconds
[2024-02-23T17:50:21.354+0000] {processor.py:161} INFO - Started process (PID=8318) to work on /home/airflow/.local/lib/python3.8/site-packages/airflow/example_dags/example_complex.py
[2024-02-23T17:50:21.355+0000] {processor.py:830} INFO - Processing file /home/airflow/.local/lib/python3.8/site-packages/airflow/example_dags/example_complex.py for tasks to queue
[2024-02-23T17:50:21.357+0000] {logging_mixin.py:188} INFO - [2024-02-23T17:50:21.356+0000] {dagbag.py:538} INFO - Filling up the DagBag from /home/airflow/.local/lib/python3.8/site-packages/airflow/example_dags/example_complex.py
[2024-02-23T17:50:21.370+0000] {processor.py:840} INFO - DAG(s) 'example_complex' retrieved from /home/airflow/.local/lib/python3.8/site-packages/airflow/example_dags/example_complex.py
[2024-02-23T17:50:21.410+0000] {logging_mixin.py:188} INFO - [2024-02-23T17:50:21.410+0000] {dag.py:3033} INFO - Sync 1 DAGs
[2024-02-23T17:50:21.426+0000] {logging_mixin.py:188} INFO - [2024-02-23T17:50:21.426+0000] {dag.py:3820} INFO - Setting next_dagrun for example_complex to None, run_after=None
[2024-02-23T17:50:21.484+0000] {processor.py:183} INFO - Processing /home/airflow/.local/lib/python3.8/site-packages/airflow/example_dags/example_complex.py took 0.134 seconds
[2024-02-23T17:50:52.437+0000] {processor.py:161} INFO - Started process (PID=8375) to work on /home/airflow/.local/lib/python3.8/site-packages/airflow/example_dags/example_complex.py
[2024-02-23T17:50:52.438+0000] {processor.py:830} INFO - Processing file /home/airflow/.local/lib/python3.8/site-packages/airflow/example_dags/example_complex.py for tasks to queue
[2024-02-23T17:50:52.440+0000] {logging_mixin.py:188} INFO - [2024-02-23T17:50:52.439+0000] {dagbag.py:538} INFO - Filling up the DagBag from /home/airflow/.local/lib/python3.8/site-packages/airflow/example_dags/example_complex.py
[2024-02-23T17:50:52.457+0000] {processor.py:840} INFO - DAG(s) 'example_complex' retrieved from /home/airflow/.local/lib/python3.8/site-packages/airflow/example_dags/example_complex.py
[2024-02-23T17:50:52.518+0000] {logging_mixin.py:188} INFO - [2024-02-23T17:50:52.518+0000] {dag.py:3033} INFO - Sync 1 DAGs
[2024-02-23T17:50:52.540+0000] {logging_mixin.py:188} INFO - [2024-02-23T17:50:52.540+0000] {dag.py:3820} INFO - Setting next_dagrun for example_complex to None, run_after=None
[2024-02-23T17:50:52.589+0000] {processor.py:183} INFO - Processing /home/airflow/.local/lib/python3.8/site-packages/airflow/example_dags/example_complex.py took 0.157 seconds
[2024-02-23T17:51:22.770+0000] {processor.py:161} INFO - Started process (PID=8432) to work on /home/airflow/.local/lib/python3.8/site-packages/airflow/example_dags/example_complex.py
[2024-02-23T17:51:22.771+0000] {processor.py:830} INFO - Processing file /home/airflow/.local/lib/python3.8/site-packages/airflow/example_dags/example_complex.py for tasks to queue
[2024-02-23T17:51:22.772+0000] {logging_mixin.py:188} INFO - [2024-02-23T17:51:22.772+0000] {dagbag.py:538} INFO - Filling up the DagBag from /home/airflow/.local/lib/python3.8/site-packages/airflow/example_dags/example_complex.py
[2024-02-23T17:51:22.788+0000] {processor.py:840} INFO - DAG(s) 'example_complex' retrieved from /home/airflow/.local/lib/python3.8/site-packages/airflow/example_dags/example_complex.py
[2024-02-23T17:51:22.833+0000] {logging_mixin.py:188} INFO - [2024-02-23T17:51:22.833+0000] {dag.py:3033} INFO - Sync 1 DAGs
[2024-02-23T17:51:22.852+0000] {logging_mixin.py:188} INFO - [2024-02-23T17:51:22.852+0000] {dag.py:3820} INFO - Setting next_dagrun for example_complex to None, run_after=None
[2024-02-23T17:51:22.882+0000] {processor.py:183} INFO - Processing /home/airflow/.local/lib/python3.8/site-packages/airflow/example_dags/example_complex.py took 0.117 seconds
[2024-02-23T17:51:53.339+0000] {processor.py:161} INFO - Started process (PID=8489) to work on /home/airflow/.local/lib/python3.8/site-packages/airflow/example_dags/example_complex.py
[2024-02-23T17:51:53.340+0000] {processor.py:830} INFO - Processing file /home/airflow/.local/lib/python3.8/site-packages/airflow/example_dags/example_complex.py for tasks to queue
[2024-02-23T17:51:53.341+0000] {logging_mixin.py:188} INFO - [2024-02-23T17:51:53.341+0000] {dagbag.py:538} INFO - Filling up the DagBag from /home/airflow/.local/lib/python3.8/site-packages/airflow/example_dags/example_complex.py
[2024-02-23T17:51:53.356+0000] {processor.py:840} INFO - DAG(s) 'example_complex' retrieved from /home/airflow/.local/lib/python3.8/site-packages/airflow/example_dags/example_complex.py
[2024-02-23T17:51:53.397+0000] {logging_mixin.py:188} INFO - [2024-02-23T17:51:53.397+0000] {dag.py:3033} INFO - Sync 1 DAGs
[2024-02-23T17:51:53.413+0000] {logging_mixin.py:188} INFO - [2024-02-23T17:51:53.413+0000] {dag.py:3820} INFO - Setting next_dagrun for example_complex to None, run_after=None
[2024-02-23T17:51:53.472+0000] {processor.py:183} INFO - Processing /home/airflow/.local/lib/python3.8/site-packages/airflow/example_dags/example_complex.py took 0.138 seconds
