[2024-02-23T17:20:16.302+0000] {processor.py:161} INFO - Started process (PID=4940) to work on /home/airflow/.local/lib/python3.8/site-packages/airflow/example_dags/example_setup_teardown.py
[2024-02-23T17:20:16.304+0000] {processor.py:830} INFO - Processing file /home/airflow/.local/lib/python3.8/site-packages/airflow/example_dags/example_setup_teardown.py for tasks to queue
[2024-02-23T17:20:16.306+0000] {logging_mixin.py:188} INFO - [2024-02-23T17:20:16.305+0000] {dagbag.py:538} INFO - Filling up the DagBag from /home/airflow/.local/lib/python3.8/site-packages/airflow/example_dags/example_setup_teardown.py
[2024-02-23T17:20:16.327+0000] {processor.py:840} INFO - DAG(s) 'example_setup_teardown' retrieved from /home/airflow/.local/lib/python3.8/site-packages/airflow/example_dags/example_setup_teardown.py
[2024-02-23T17:20:16.374+0000] {logging_mixin.py:188} INFO - [2024-02-23T17:20:16.374+0000] {dag.py:3033} INFO - Sync 1 DAGs
[2024-02-23T17:20:16.445+0000] {logging_mixin.py:188} INFO - [2024-02-23T17:20:16.444+0000] {dag.py:3820} INFO - Setting next_dagrun for example_setup_teardown to 2024-02-22T00:00:00+00:00, run_after=2024-02-23T00:00:00+00:00
[2024-02-23T17:20:16.555+0000] {processor.py:183} INFO - Processing /home/airflow/.local/lib/python3.8/site-packages/airflow/example_dags/example_setup_teardown.py took 0.259 seconds
[2024-02-23T17:20:48.638+0000] {processor.py:161} INFO - Started process (PID=4997) to work on /home/airflow/.local/lib/python3.8/site-packages/airflow/example_dags/example_setup_teardown.py
[2024-02-23T17:20:48.640+0000] {processor.py:830} INFO - Processing file /home/airflow/.local/lib/python3.8/site-packages/airflow/example_dags/example_setup_teardown.py for tasks to queue
[2024-02-23T17:20:48.642+0000] {logging_mixin.py:188} INFO - [2024-02-23T17:20:48.641+0000] {dagbag.py:538} INFO - Filling up the DagBag from /home/airflow/.local/lib/python3.8/site-packages/airflow/example_dags/example_setup_teardown.py
[2024-02-23T17:20:48.687+0000] {processor.py:840} INFO - DAG(s) 'example_setup_teardown' retrieved from /home/airflow/.local/lib/python3.8/site-packages/airflow/example_dags/example_setup_teardown.py
[2024-02-23T17:20:48.765+0000] {logging_mixin.py:188} INFO - [2024-02-23T17:20:48.765+0000] {dag.py:3033} INFO - Sync 1 DAGs
[2024-02-23T17:20:48.875+0000] {logging_mixin.py:188} INFO - [2024-02-23T17:20:48.874+0000] {dag.py:3820} INFO - Setting next_dagrun for example_setup_teardown to 2024-02-22T00:00:00+00:00, run_after=2024-02-23T00:00:00+00:00
[2024-02-23T17:20:48.945+0000] {processor.py:183} INFO - Processing /home/airflow/.local/lib/python3.8/site-packages/airflow/example_dags/example_setup_teardown.py took 0.319 seconds
[2024-02-23T17:21:19.064+0000] {processor.py:161} INFO - Started process (PID=5054) to work on /home/airflow/.local/lib/python3.8/site-packages/airflow/example_dags/example_setup_teardown.py
[2024-02-23T17:21:19.065+0000] {processor.py:830} INFO - Processing file /home/airflow/.local/lib/python3.8/site-packages/airflow/example_dags/example_setup_teardown.py for tasks to queue
[2024-02-23T17:21:19.067+0000] {logging_mixin.py:188} INFO - [2024-02-23T17:21:19.067+0000] {dagbag.py:538} INFO - Filling up the DagBag from /home/airflow/.local/lib/python3.8/site-packages/airflow/example_dags/example_setup_teardown.py
[2024-02-23T17:21:19.091+0000] {processor.py:840} INFO - DAG(s) 'example_setup_teardown' retrieved from /home/airflow/.local/lib/python3.8/site-packages/airflow/example_dags/example_setup_teardown.py
[2024-02-23T17:21:19.146+0000] {logging_mixin.py:188} INFO - [2024-02-23T17:21:19.146+0000] {dag.py:3033} INFO - Sync 1 DAGs
[2024-02-23T17:21:19.189+0000] {logging_mixin.py:188} INFO - [2024-02-23T17:21:19.188+0000] {dag.py:3820} INFO - Setting next_dagrun for example_setup_teardown to 2024-02-22T00:00:00+00:00, run_after=2024-02-23T00:00:00+00:00
[2024-02-23T17:21:19.226+0000] {processor.py:183} INFO - Processing /home/airflow/.local/lib/python3.8/site-packages/airflow/example_dags/example_setup_teardown.py took 0.169 seconds
[2024-02-23T17:21:49.899+0000] {processor.py:161} INFO - Started process (PID=5111) to work on /home/airflow/.local/lib/python3.8/site-packages/airflow/example_dags/example_setup_teardown.py
[2024-02-23T17:21:49.900+0000] {processor.py:830} INFO - Processing file /home/airflow/.local/lib/python3.8/site-packages/airflow/example_dags/example_setup_teardown.py for tasks to queue
[2024-02-23T17:21:49.902+0000] {logging_mixin.py:188} INFO - [2024-02-23T17:21:49.902+0000] {dagbag.py:538} INFO - Filling up the DagBag from /home/airflow/.local/lib/python3.8/site-packages/airflow/example_dags/example_setup_teardown.py
[2024-02-23T17:21:49.913+0000] {processor.py:840} INFO - DAG(s) 'example_setup_teardown' retrieved from /home/airflow/.local/lib/python3.8/site-packages/airflow/example_dags/example_setup_teardown.py
[2024-02-23T17:21:49.941+0000] {logging_mixin.py:188} INFO - [2024-02-23T17:21:49.941+0000] {dag.py:3033} INFO - Sync 1 DAGs
[2024-02-23T17:21:49.975+0000] {logging_mixin.py:188} INFO - [2024-02-23T17:21:49.975+0000] {dag.py:3820} INFO - Setting next_dagrun for example_setup_teardown to 2024-02-22T00:00:00+00:00, run_after=2024-02-23T00:00:00+00:00
[2024-02-23T17:21:50.004+0000] {processor.py:183} INFO - Processing /home/airflow/.local/lib/python3.8/site-packages/airflow/example_dags/example_setup_teardown.py took 0.109 seconds
[2024-02-23T17:22:20.347+0000] {processor.py:161} INFO - Started process (PID=5169) to work on /home/airflow/.local/lib/python3.8/site-packages/airflow/example_dags/example_setup_teardown.py
[2024-02-23T17:22:20.348+0000] {processor.py:830} INFO - Processing file /home/airflow/.local/lib/python3.8/site-packages/airflow/example_dags/example_setup_teardown.py for tasks to queue
[2024-02-23T17:22:20.350+0000] {logging_mixin.py:188} INFO - [2024-02-23T17:22:20.350+0000] {dagbag.py:538} INFO - Filling up the DagBag from /home/airflow/.local/lib/python3.8/site-packages/airflow/example_dags/example_setup_teardown.py
[2024-02-23T17:22:20.363+0000] {processor.py:840} INFO - DAG(s) 'example_setup_teardown' retrieved from /home/airflow/.local/lib/python3.8/site-packages/airflow/example_dags/example_setup_teardown.py
[2024-02-23T17:22:20.390+0000] {logging_mixin.py:188} INFO - [2024-02-23T17:22:20.389+0000] {dag.py:3033} INFO - Sync 1 DAGs
[2024-02-23T17:22:20.420+0000] {logging_mixin.py:188} INFO - [2024-02-23T17:22:20.420+0000] {dag.py:3820} INFO - Setting next_dagrun for example_setup_teardown to 2024-02-22T00:00:00+00:00, run_after=2024-02-23T00:00:00+00:00
[2024-02-23T17:22:20.451+0000] {processor.py:183} INFO - Processing /home/airflow/.local/lib/python3.8/site-packages/airflow/example_dags/example_setup_teardown.py took 0.115 seconds
[2024-02-23T17:22:50.980+0000] {processor.py:161} INFO - Started process (PID=5226) to work on /home/airflow/.local/lib/python3.8/site-packages/airflow/example_dags/example_setup_teardown.py
[2024-02-23T17:22:50.981+0000] {processor.py:830} INFO - Processing file /home/airflow/.local/lib/python3.8/site-packages/airflow/example_dags/example_setup_teardown.py for tasks to queue
[2024-02-23T17:22:50.983+0000] {logging_mixin.py:188} INFO - [2024-02-23T17:22:50.982+0000] {dagbag.py:538} INFO - Filling up the DagBag from /home/airflow/.local/lib/python3.8/site-packages/airflow/example_dags/example_setup_teardown.py
[2024-02-23T17:22:50.998+0000] {processor.py:840} INFO - DAG(s) 'example_setup_teardown' retrieved from /home/airflow/.local/lib/python3.8/site-packages/airflow/example_dags/example_setup_teardown.py
[2024-02-23T17:22:51.024+0000] {logging_mixin.py:188} INFO - [2024-02-23T17:22:51.024+0000] {dag.py:3033} INFO - Sync 1 DAGs
[2024-02-23T17:22:51.053+0000] {logging_mixin.py:188} INFO - [2024-02-23T17:22:51.053+0000] {dag.py:3820} INFO - Setting next_dagrun for example_setup_teardown to 2024-02-22T00:00:00+00:00, run_after=2024-02-23T00:00:00+00:00
[2024-02-23T17:22:51.089+0000] {processor.py:183} INFO - Processing /home/airflow/.local/lib/python3.8/site-packages/airflow/example_dags/example_setup_teardown.py took 0.118 seconds
[2024-02-23T17:23:21.392+0000] {processor.py:161} INFO - Started process (PID=5283) to work on /home/airflow/.local/lib/python3.8/site-packages/airflow/example_dags/example_setup_teardown.py
[2024-02-23T17:23:21.394+0000] {processor.py:830} INFO - Processing file /home/airflow/.local/lib/python3.8/site-packages/airflow/example_dags/example_setup_teardown.py for tasks to queue
[2024-02-23T17:23:21.396+0000] {logging_mixin.py:188} INFO - [2024-02-23T17:23:21.395+0000] {dagbag.py:538} INFO - Filling up the DagBag from /home/airflow/.local/lib/python3.8/site-packages/airflow/example_dags/example_setup_teardown.py
[2024-02-23T17:23:21.407+0000] {processor.py:840} INFO - DAG(s) 'example_setup_teardown' retrieved from /home/airflow/.local/lib/python3.8/site-packages/airflow/example_dags/example_setup_teardown.py
[2024-02-23T17:23:21.435+0000] {logging_mixin.py:188} INFO - [2024-02-23T17:23:21.435+0000] {dag.py:3033} INFO - Sync 1 DAGs
[2024-02-23T17:23:21.464+0000] {logging_mixin.py:188} INFO - [2024-02-23T17:23:21.464+0000] {dag.py:3820} INFO - Setting next_dagrun for example_setup_teardown to 2024-02-22T00:00:00+00:00, run_after=2024-02-23T00:00:00+00:00
[2024-02-23T17:23:21.489+0000] {processor.py:183} INFO - Processing /home/airflow/.local/lib/python3.8/site-packages/airflow/example_dags/example_setup_teardown.py took 0.102 seconds
[2024-02-23T17:23:51.565+0000] {processor.py:161} INFO - Started process (PID=5340) to work on /home/airflow/.local/lib/python3.8/site-packages/airflow/example_dags/example_setup_teardown.py
[2024-02-23T17:23:51.566+0000] {processor.py:830} INFO - Processing file /home/airflow/.local/lib/python3.8/site-packages/airflow/example_dags/example_setup_teardown.py for tasks to queue
[2024-02-23T17:23:51.567+0000] {logging_mixin.py:188} INFO - [2024-02-23T17:23:51.567+0000] {dagbag.py:538} INFO - Filling up the DagBag from /home/airflow/.local/lib/python3.8/site-packages/airflow/example_dags/example_setup_teardown.py
[2024-02-23T17:23:51.578+0000] {processor.py:840} INFO - DAG(s) 'example_setup_teardown' retrieved from /home/airflow/.local/lib/python3.8/site-packages/airflow/example_dags/example_setup_teardown.py
[2024-02-23T17:23:51.601+0000] {logging_mixin.py:188} INFO - [2024-02-23T17:23:51.601+0000] {dag.py:3033} INFO - Sync 1 DAGs
[2024-02-23T17:23:51.626+0000] {logging_mixin.py:188} INFO - [2024-02-23T17:23:51.626+0000] {dag.py:3820} INFO - Setting next_dagrun for example_setup_teardown to 2024-02-22T00:00:00+00:00, run_after=2024-02-23T00:00:00+00:00
[2024-02-23T17:23:51.682+0000] {processor.py:183} INFO - Processing /home/airflow/.local/lib/python3.8/site-packages/airflow/example_dags/example_setup_teardown.py took 0.121 seconds
[2024-02-23T17:24:22.007+0000] {processor.py:161} INFO - Started process (PID=5397) to work on /home/airflow/.local/lib/python3.8/site-packages/airflow/example_dags/example_setup_teardown.py
[2024-02-23T17:24:22.009+0000] {processor.py:830} INFO - Processing file /home/airflow/.local/lib/python3.8/site-packages/airflow/example_dags/example_setup_teardown.py for tasks to queue
[2024-02-23T17:24:22.010+0000] {logging_mixin.py:188} INFO - [2024-02-23T17:24:22.010+0000] {dagbag.py:538} INFO - Filling up the DagBag from /home/airflow/.local/lib/python3.8/site-packages/airflow/example_dags/example_setup_teardown.py
[2024-02-23T17:24:22.020+0000] {processor.py:840} INFO - DAG(s) 'example_setup_teardown' retrieved from /home/airflow/.local/lib/python3.8/site-packages/airflow/example_dags/example_setup_teardown.py
[2024-02-23T17:24:22.048+0000] {logging_mixin.py:188} INFO - [2024-02-23T17:24:22.048+0000] {dag.py:3033} INFO - Sync 1 DAGs
[2024-02-23T17:24:22.075+0000] {logging_mixin.py:188} INFO - [2024-02-23T17:24:22.075+0000] {dag.py:3820} INFO - Setting next_dagrun for example_setup_teardown to 2024-02-22T00:00:00+00:00, run_after=2024-02-23T00:00:00+00:00
[2024-02-23T17:24:22.132+0000] {processor.py:183} INFO - Processing /home/airflow/.local/lib/python3.8/site-packages/airflow/example_dags/example_setup_teardown.py took 0.129 seconds
[2024-02-23T17:24:52.213+0000] {processor.py:161} INFO - Started process (PID=5454) to work on /home/airflow/.local/lib/python3.8/site-packages/airflow/example_dags/example_setup_teardown.py
[2024-02-23T17:24:52.214+0000] {processor.py:830} INFO - Processing file /home/airflow/.local/lib/python3.8/site-packages/airflow/example_dags/example_setup_teardown.py for tasks to queue
[2024-02-23T17:24:52.215+0000] {logging_mixin.py:188} INFO - [2024-02-23T17:24:52.215+0000] {dagbag.py:538} INFO - Filling up the DagBag from /home/airflow/.local/lib/python3.8/site-packages/airflow/example_dags/example_setup_teardown.py
[2024-02-23T17:24:52.226+0000] {processor.py:840} INFO - DAG(s) 'example_setup_teardown' retrieved from /home/airflow/.local/lib/python3.8/site-packages/airflow/example_dags/example_setup_teardown.py
[2024-02-23T17:24:52.252+0000] {logging_mixin.py:188} INFO - [2024-02-23T17:24:52.252+0000] {dag.py:3033} INFO - Sync 1 DAGs
[2024-02-23T17:24:52.278+0000] {logging_mixin.py:188} INFO - [2024-02-23T17:24:52.278+0000] {dag.py:3820} INFO - Setting next_dagrun for example_setup_teardown to 2024-02-22T00:00:00+00:00, run_after=2024-02-23T00:00:00+00:00
[2024-02-23T17:24:52.302+0000] {processor.py:183} INFO - Processing /home/airflow/.local/lib/python3.8/site-packages/airflow/example_dags/example_setup_teardown.py took 0.094 seconds
[2024-02-23T17:25:22.659+0000] {processor.py:161} INFO - Started process (PID=5512) to work on /home/airflow/.local/lib/python3.8/site-packages/airflow/example_dags/example_setup_teardown.py
[2024-02-23T17:25:22.660+0000] {processor.py:830} INFO - Processing file /home/airflow/.local/lib/python3.8/site-packages/airflow/example_dags/example_setup_teardown.py for tasks to queue
[2024-02-23T17:25:22.662+0000] {logging_mixin.py:188} INFO - [2024-02-23T17:25:22.661+0000] {dagbag.py:538} INFO - Filling up the DagBag from /home/airflow/.local/lib/python3.8/site-packages/airflow/example_dags/example_setup_teardown.py
[2024-02-23T17:25:22.673+0000] {processor.py:840} INFO - DAG(s) 'example_setup_teardown' retrieved from /home/airflow/.local/lib/python3.8/site-packages/airflow/example_dags/example_setup_teardown.py
[2024-02-23T17:25:22.698+0000] {logging_mixin.py:188} INFO - [2024-02-23T17:25:22.698+0000] {dag.py:3033} INFO - Sync 1 DAGs
[2024-02-23T17:25:22.727+0000] {logging_mixin.py:188} INFO - [2024-02-23T17:25:22.726+0000] {dag.py:3820} INFO - Setting next_dagrun for example_setup_teardown to 2024-02-22T00:00:00+00:00, run_after=2024-02-23T00:00:00+00:00
[2024-02-23T17:25:22.788+0000] {processor.py:183} INFO - Processing /home/airflow/.local/lib/python3.8/site-packages/airflow/example_dags/example_setup_teardown.py took 0.133 seconds
[2024-02-23T17:25:53.161+0000] {processor.py:161} INFO - Started process (PID=5569) to work on /home/airflow/.local/lib/python3.8/site-packages/airflow/example_dags/example_setup_teardown.py
[2024-02-23T17:25:53.163+0000] {processor.py:830} INFO - Processing file /home/airflow/.local/lib/python3.8/site-packages/airflow/example_dags/example_setup_teardown.py for tasks to queue
[2024-02-23T17:25:53.165+0000] {logging_mixin.py:188} INFO - [2024-02-23T17:25:53.164+0000] {dagbag.py:538} INFO - Filling up the DagBag from /home/airflow/.local/lib/python3.8/site-packages/airflow/example_dags/example_setup_teardown.py
[2024-02-23T17:25:53.180+0000] {processor.py:840} INFO - DAG(s) 'example_setup_teardown' retrieved from /home/airflow/.local/lib/python3.8/site-packages/airflow/example_dags/example_setup_teardown.py
[2024-02-23T17:25:53.217+0000] {logging_mixin.py:188} INFO - [2024-02-23T17:25:53.217+0000] {dag.py:3033} INFO - Sync 1 DAGs
[2024-02-23T17:25:53.251+0000] {logging_mixin.py:188} INFO - [2024-02-23T17:25:53.250+0000] {dag.py:3820} INFO - Setting next_dagrun for example_setup_teardown to 2024-02-22T00:00:00+00:00, run_after=2024-02-23T00:00:00+00:00
[2024-02-23T17:25:53.287+0000] {processor.py:183} INFO - Processing /home/airflow/.local/lib/python3.8/site-packages/airflow/example_dags/example_setup_teardown.py took 0.133 seconds
[2024-02-23T17:26:23.529+0000] {processor.py:161} INFO - Started process (PID=5626) to work on /home/airflow/.local/lib/python3.8/site-packages/airflow/example_dags/example_setup_teardown.py
[2024-02-23T17:26:23.530+0000] {processor.py:830} INFO - Processing file /home/airflow/.local/lib/python3.8/site-packages/airflow/example_dags/example_setup_teardown.py for tasks to queue
[2024-02-23T17:26:23.531+0000] {logging_mixin.py:188} INFO - [2024-02-23T17:26:23.531+0000] {dagbag.py:538} INFO - Filling up the DagBag from /home/airflow/.local/lib/python3.8/site-packages/airflow/example_dags/example_setup_teardown.py
[2024-02-23T17:26:23.543+0000] {processor.py:840} INFO - DAG(s) 'example_setup_teardown' retrieved from /home/airflow/.local/lib/python3.8/site-packages/airflow/example_dags/example_setup_teardown.py
[2024-02-23T17:26:23.570+0000] {logging_mixin.py:188} INFO - [2024-02-23T17:26:23.570+0000] {dag.py:3033} INFO - Sync 1 DAGs
[2024-02-23T17:26:23.598+0000] {logging_mixin.py:188} INFO - [2024-02-23T17:26:23.598+0000] {dag.py:3820} INFO - Setting next_dagrun for example_setup_teardown to 2024-02-22T00:00:00+00:00, run_after=2024-02-23T00:00:00+00:00
[2024-02-23T17:26:23.661+0000] {processor.py:183} INFO - Processing /home/airflow/.local/lib/python3.8/site-packages/airflow/example_dags/example_setup_teardown.py took 0.137 seconds
[2024-02-23T17:26:54.178+0000] {processor.py:161} INFO - Started process (PID=5683) to work on /home/airflow/.local/lib/python3.8/site-packages/airflow/example_dags/example_setup_teardown.py
[2024-02-23T17:26:54.180+0000] {processor.py:830} INFO - Processing file /home/airflow/.local/lib/python3.8/site-packages/airflow/example_dags/example_setup_teardown.py for tasks to queue
[2024-02-23T17:26:54.182+0000] {logging_mixin.py:188} INFO - [2024-02-23T17:26:54.181+0000] {dagbag.py:538} INFO - Filling up the DagBag from /home/airflow/.local/lib/python3.8/site-packages/airflow/example_dags/example_setup_teardown.py
[2024-02-23T17:26:54.192+0000] {processor.py:840} INFO - DAG(s) 'example_setup_teardown' retrieved from /home/airflow/.local/lib/python3.8/site-packages/airflow/example_dags/example_setup_teardown.py
[2024-02-23T17:26:54.220+0000] {logging_mixin.py:188} INFO - [2024-02-23T17:26:54.219+0000] {dag.py:3033} INFO - Sync 1 DAGs
[2024-02-23T17:26:54.251+0000] {logging_mixin.py:188} INFO - [2024-02-23T17:26:54.250+0000] {dag.py:3820} INFO - Setting next_dagrun for example_setup_teardown to 2024-02-22T00:00:00+00:00, run_after=2024-02-23T00:00:00+00:00
[2024-02-23T17:26:54.312+0000] {processor.py:183} INFO - Processing /home/airflow/.local/lib/python3.8/site-packages/airflow/example_dags/example_setup_teardown.py took 0.139 seconds
[2024-02-23T17:27:24.535+0000] {processor.py:161} INFO - Started process (PID=5740) to work on /home/airflow/.local/lib/python3.8/site-packages/airflow/example_dags/example_setup_teardown.py
[2024-02-23T17:27:24.536+0000] {processor.py:830} INFO - Processing file /home/airflow/.local/lib/python3.8/site-packages/airflow/example_dags/example_setup_teardown.py for tasks to queue
[2024-02-23T17:27:24.537+0000] {logging_mixin.py:188} INFO - [2024-02-23T17:27:24.537+0000] {dagbag.py:538} INFO - Filling up the DagBag from /home/airflow/.local/lib/python3.8/site-packages/airflow/example_dags/example_setup_teardown.py
[2024-02-23T17:27:24.549+0000] {processor.py:840} INFO - DAG(s) 'example_setup_teardown' retrieved from /home/airflow/.local/lib/python3.8/site-packages/airflow/example_dags/example_setup_teardown.py
[2024-02-23T17:27:24.574+0000] {logging_mixin.py:188} INFO - [2024-02-23T17:27:24.573+0000] {dag.py:3033} INFO - Sync 1 DAGs
[2024-02-23T17:27:24.600+0000] {logging_mixin.py:188} INFO - [2024-02-23T17:27:24.600+0000] {dag.py:3820} INFO - Setting next_dagrun for example_setup_teardown to 2024-02-22T00:00:00+00:00, run_after=2024-02-23T00:00:00+00:00
[2024-02-23T17:27:24.625+0000] {processor.py:183} INFO - Processing /home/airflow/.local/lib/python3.8/site-packages/airflow/example_dags/example_setup_teardown.py took 0.094 seconds
[2024-02-23T17:27:54.836+0000] {processor.py:161} INFO - Started process (PID=5797) to work on /home/airflow/.local/lib/python3.8/site-packages/airflow/example_dags/example_setup_teardown.py
[2024-02-23T17:27:54.838+0000] {processor.py:830} INFO - Processing file /home/airflow/.local/lib/python3.8/site-packages/airflow/example_dags/example_setup_teardown.py for tasks to queue
[2024-02-23T17:27:54.839+0000] {logging_mixin.py:188} INFO - [2024-02-23T17:27:54.839+0000] {dagbag.py:538} INFO - Filling up the DagBag from /home/airflow/.local/lib/python3.8/site-packages/airflow/example_dags/example_setup_teardown.py
[2024-02-23T17:27:54.850+0000] {processor.py:840} INFO - DAG(s) 'example_setup_teardown' retrieved from /home/airflow/.local/lib/python3.8/site-packages/airflow/example_dags/example_setup_teardown.py
[2024-02-23T17:27:54.881+0000] {logging_mixin.py:188} INFO - [2024-02-23T17:27:54.880+0000] {dag.py:3033} INFO - Sync 1 DAGs
[2024-02-23T17:27:54.911+0000] {logging_mixin.py:188} INFO - [2024-02-23T17:27:54.911+0000] {dag.py:3820} INFO - Setting next_dagrun for example_setup_teardown to 2024-02-22T00:00:00+00:00, run_after=2024-02-23T00:00:00+00:00
[2024-02-23T17:27:54.974+0000] {processor.py:183} INFO - Processing /home/airflow/.local/lib/python3.8/site-packages/airflow/example_dags/example_setup_teardown.py took 0.142 seconds
[2024-02-23T17:28:25.453+0000] {processor.py:161} INFO - Started process (PID=5854) to work on /home/airflow/.local/lib/python3.8/site-packages/airflow/example_dags/example_setup_teardown.py
[2024-02-23T17:28:25.454+0000] {processor.py:830} INFO - Processing file /home/airflow/.local/lib/python3.8/site-packages/airflow/example_dags/example_setup_teardown.py for tasks to queue
[2024-02-23T17:28:25.456+0000] {logging_mixin.py:188} INFO - [2024-02-23T17:28:25.455+0000] {dagbag.py:538} INFO - Filling up the DagBag from /home/airflow/.local/lib/python3.8/site-packages/airflow/example_dags/example_setup_teardown.py
[2024-02-23T17:28:25.469+0000] {processor.py:840} INFO - DAG(s) 'example_setup_teardown' retrieved from /home/airflow/.local/lib/python3.8/site-packages/airflow/example_dags/example_setup_teardown.py
[2024-02-23T17:28:25.498+0000] {logging_mixin.py:188} INFO - [2024-02-23T17:28:25.497+0000] {dag.py:3033} INFO - Sync 1 DAGs
[2024-02-23T17:28:25.532+0000] {logging_mixin.py:188} INFO - [2024-02-23T17:28:25.532+0000] {dag.py:3820} INFO - Setting next_dagrun for example_setup_teardown to 2024-02-22T00:00:00+00:00, run_after=2024-02-23T00:00:00+00:00
[2024-02-23T17:28:25.559+0000] {processor.py:183} INFO - Processing /home/airflow/.local/lib/python3.8/site-packages/airflow/example_dags/example_setup_teardown.py took 0.111 seconds
[2024-02-23T17:28:55.940+0000] {processor.py:161} INFO - Started process (PID=5911) to work on /home/airflow/.local/lib/python3.8/site-packages/airflow/example_dags/example_setup_teardown.py
[2024-02-23T17:28:55.942+0000] {processor.py:830} INFO - Processing file /home/airflow/.local/lib/python3.8/site-packages/airflow/example_dags/example_setup_teardown.py for tasks to queue
[2024-02-23T17:28:55.943+0000] {logging_mixin.py:188} INFO - [2024-02-23T17:28:55.943+0000] {dagbag.py:538} INFO - Filling up the DagBag from /home/airflow/.local/lib/python3.8/site-packages/airflow/example_dags/example_setup_teardown.py
[2024-02-23T17:28:55.956+0000] {processor.py:840} INFO - DAG(s) 'example_setup_teardown' retrieved from /home/airflow/.local/lib/python3.8/site-packages/airflow/example_dags/example_setup_teardown.py
[2024-02-23T17:28:55.992+0000] {logging_mixin.py:188} INFO - [2024-02-23T17:28:55.991+0000] {dag.py:3033} INFO - Sync 1 DAGs
[2024-02-23T17:28:56.038+0000] {logging_mixin.py:188} INFO - [2024-02-23T17:28:56.038+0000] {dag.py:3820} INFO - Setting next_dagrun for example_setup_teardown to 2024-02-22T00:00:00+00:00, run_after=2024-02-23T00:00:00+00:00
[2024-02-23T17:28:56.103+0000] {processor.py:183} INFO - Processing /home/airflow/.local/lib/python3.8/site-packages/airflow/example_dags/example_setup_teardown.py took 0.168 seconds
[2024-02-23T17:29:26.558+0000] {processor.py:161} INFO - Started process (PID=5968) to work on /home/airflow/.local/lib/python3.8/site-packages/airflow/example_dags/example_setup_teardown.py
[2024-02-23T17:29:26.559+0000] {processor.py:830} INFO - Processing file /home/airflow/.local/lib/python3.8/site-packages/airflow/example_dags/example_setup_teardown.py for tasks to queue
[2024-02-23T17:29:26.561+0000] {logging_mixin.py:188} INFO - [2024-02-23T17:29:26.560+0000] {dagbag.py:538} INFO - Filling up the DagBag from /home/airflow/.local/lib/python3.8/site-packages/airflow/example_dags/example_setup_teardown.py
[2024-02-23T17:29:26.570+0000] {processor.py:840} INFO - DAG(s) 'example_setup_teardown' retrieved from /home/airflow/.local/lib/python3.8/site-packages/airflow/example_dags/example_setup_teardown.py
[2024-02-23T17:29:26.597+0000] {logging_mixin.py:188} INFO - [2024-02-23T17:29:26.597+0000] {dag.py:3033} INFO - Sync 1 DAGs
[2024-02-23T17:29:26.621+0000] {logging_mixin.py:188} INFO - [2024-02-23T17:29:26.620+0000] {dag.py:3820} INFO - Setting next_dagrun for example_setup_teardown to 2024-02-22T00:00:00+00:00, run_after=2024-02-23T00:00:00+00:00
[2024-02-23T17:29:26.695+0000] {processor.py:183} INFO - Processing /home/airflow/.local/lib/python3.8/site-packages/airflow/example_dags/example_setup_teardown.py took 0.141 seconds
[2024-02-23T17:29:57.605+0000] {processor.py:161} INFO - Started process (PID=6025) to work on /home/airflow/.local/lib/python3.8/site-packages/airflow/example_dags/example_setup_teardown.py
[2024-02-23T17:29:57.606+0000] {processor.py:830} INFO - Processing file /home/airflow/.local/lib/python3.8/site-packages/airflow/example_dags/example_setup_teardown.py for tasks to queue
[2024-02-23T17:29:57.608+0000] {logging_mixin.py:188} INFO - [2024-02-23T17:29:57.607+0000] {dagbag.py:538} INFO - Filling up the DagBag from /home/airflow/.local/lib/python3.8/site-packages/airflow/example_dags/example_setup_teardown.py
[2024-02-23T17:29:57.619+0000] {processor.py:840} INFO - DAG(s) 'example_setup_teardown' retrieved from /home/airflow/.local/lib/python3.8/site-packages/airflow/example_dags/example_setup_teardown.py
[2024-02-23T17:29:57.649+0000] {logging_mixin.py:188} INFO - [2024-02-23T17:29:57.648+0000] {dag.py:3033} INFO - Sync 1 DAGs
[2024-02-23T17:29:57.677+0000] {logging_mixin.py:188} INFO - [2024-02-23T17:29:57.677+0000] {dag.py:3820} INFO - Setting next_dagrun for example_setup_teardown to 2024-02-22T00:00:00+00:00, run_after=2024-02-23T00:00:00+00:00
[2024-02-23T17:29:57.713+0000] {processor.py:183} INFO - Processing /home/airflow/.local/lib/python3.8/site-packages/airflow/example_dags/example_setup_teardown.py took 0.113 seconds
[2024-02-23T17:30:28.126+0000] {processor.py:161} INFO - Started process (PID=6082) to work on /home/airflow/.local/lib/python3.8/site-packages/airflow/example_dags/example_setup_teardown.py
[2024-02-23T17:30:28.127+0000] {processor.py:830} INFO - Processing file /home/airflow/.local/lib/python3.8/site-packages/airflow/example_dags/example_setup_teardown.py for tasks to queue
[2024-02-23T17:30:28.129+0000] {logging_mixin.py:188} INFO - [2024-02-23T17:30:28.128+0000] {dagbag.py:538} INFO - Filling up the DagBag from /home/airflow/.local/lib/python3.8/site-packages/airflow/example_dags/example_setup_teardown.py
[2024-02-23T17:30:28.139+0000] {processor.py:840} INFO - DAG(s) 'example_setup_teardown' retrieved from /home/airflow/.local/lib/python3.8/site-packages/airflow/example_dags/example_setup_teardown.py
[2024-02-23T17:30:28.168+0000] {logging_mixin.py:188} INFO - [2024-02-23T17:30:28.167+0000] {dag.py:3033} INFO - Sync 1 DAGs
[2024-02-23T17:30:28.199+0000] {logging_mixin.py:188} INFO - [2024-02-23T17:30:28.198+0000] {dag.py:3820} INFO - Setting next_dagrun for example_setup_teardown to 2024-02-22T00:00:00+00:00, run_after=2024-02-23T00:00:00+00:00
[2024-02-23T17:30:28.229+0000] {processor.py:183} INFO - Processing /home/airflow/.local/lib/python3.8/site-packages/airflow/example_dags/example_setup_teardown.py took 0.107 seconds
[2024-02-23T17:30:58.349+0000] {processor.py:161} INFO - Started process (PID=6139) to work on /home/airflow/.local/lib/python3.8/site-packages/airflow/example_dags/example_setup_teardown.py
[2024-02-23T17:30:58.350+0000] {processor.py:830} INFO - Processing file /home/airflow/.local/lib/python3.8/site-packages/airflow/example_dags/example_setup_teardown.py for tasks to queue
[2024-02-23T17:30:58.352+0000] {logging_mixin.py:188} INFO - [2024-02-23T17:30:58.351+0000] {dagbag.py:538} INFO - Filling up the DagBag from /home/airflow/.local/lib/python3.8/site-packages/airflow/example_dags/example_setup_teardown.py
[2024-02-23T17:30:58.362+0000] {processor.py:840} INFO - DAG(s) 'example_setup_teardown' retrieved from /home/airflow/.local/lib/python3.8/site-packages/airflow/example_dags/example_setup_teardown.py
[2024-02-23T17:30:58.388+0000] {logging_mixin.py:188} INFO - [2024-02-23T17:30:58.388+0000] {dag.py:3033} INFO - Sync 1 DAGs
[2024-02-23T17:30:58.416+0000] {logging_mixin.py:188} INFO - [2024-02-23T17:30:58.416+0000] {dag.py:3820} INFO - Setting next_dagrun for example_setup_teardown to 2024-02-22T00:00:00+00:00, run_after=2024-02-23T00:00:00+00:00
[2024-02-23T17:30:58.456+0000] {processor.py:183} INFO - Processing /home/airflow/.local/lib/python3.8/site-packages/airflow/example_dags/example_setup_teardown.py took 0.110 seconds
[2024-02-23T17:31:28.856+0000] {processor.py:161} INFO - Started process (PID=6196) to work on /home/airflow/.local/lib/python3.8/site-packages/airflow/example_dags/example_setup_teardown.py
[2024-02-23T17:31:28.857+0000] {processor.py:830} INFO - Processing file /home/airflow/.local/lib/python3.8/site-packages/airflow/example_dags/example_setup_teardown.py for tasks to queue
[2024-02-23T17:31:28.858+0000] {logging_mixin.py:188} INFO - [2024-02-23T17:31:28.858+0000] {dagbag.py:538} INFO - Filling up the DagBag from /home/airflow/.local/lib/python3.8/site-packages/airflow/example_dags/example_setup_teardown.py
[2024-02-23T17:31:28.868+0000] {processor.py:840} INFO - DAG(s) 'example_setup_teardown' retrieved from /home/airflow/.local/lib/python3.8/site-packages/airflow/example_dags/example_setup_teardown.py
[2024-02-23T17:31:28.893+0000] {logging_mixin.py:188} INFO - [2024-02-23T17:31:28.893+0000] {dag.py:3033} INFO - Sync 1 DAGs
[2024-02-23T17:31:28.921+0000] {logging_mixin.py:188} INFO - [2024-02-23T17:31:28.921+0000] {dag.py:3820} INFO - Setting next_dagrun for example_setup_teardown to 2024-02-22T00:00:00+00:00, run_after=2024-02-23T00:00:00+00:00
[2024-02-23T17:31:28.944+0000] {processor.py:183} INFO - Processing /home/airflow/.local/lib/python3.8/site-packages/airflow/example_dags/example_setup_teardown.py took 0.092 seconds
[2024-02-23T17:31:59.776+0000] {processor.py:161} INFO - Started process (PID=6253) to work on /home/airflow/.local/lib/python3.8/site-packages/airflow/example_dags/example_setup_teardown.py
[2024-02-23T17:31:59.777+0000] {processor.py:830} INFO - Processing file /home/airflow/.local/lib/python3.8/site-packages/airflow/example_dags/example_setup_teardown.py for tasks to queue
[2024-02-23T17:31:59.778+0000] {logging_mixin.py:188} INFO - [2024-02-23T17:31:59.778+0000] {dagbag.py:538} INFO - Filling up the DagBag from /home/airflow/.local/lib/python3.8/site-packages/airflow/example_dags/example_setup_teardown.py
[2024-02-23T17:31:59.789+0000] {processor.py:840} INFO - DAG(s) 'example_setup_teardown' retrieved from /home/airflow/.local/lib/python3.8/site-packages/airflow/example_dags/example_setup_teardown.py
[2024-02-23T17:31:59.816+0000] {logging_mixin.py:188} INFO - [2024-02-23T17:31:59.816+0000] {dag.py:3033} INFO - Sync 1 DAGs
[2024-02-23T17:31:59.842+0000] {logging_mixin.py:188} INFO - [2024-02-23T17:31:59.842+0000] {dag.py:3820} INFO - Setting next_dagrun for example_setup_teardown to 2024-02-22T00:00:00+00:00, run_after=2024-02-23T00:00:00+00:00
[2024-02-23T17:31:59.867+0000] {processor.py:183} INFO - Processing /home/airflow/.local/lib/python3.8/site-packages/airflow/example_dags/example_setup_teardown.py took 0.096 seconds
[2024-02-23T17:32:30.858+0000] {processor.py:161} INFO - Started process (PID=6310) to work on /home/airflow/.local/lib/python3.8/site-packages/airflow/example_dags/example_setup_teardown.py
[2024-02-23T17:32:30.859+0000] {processor.py:830} INFO - Processing file /home/airflow/.local/lib/python3.8/site-packages/airflow/example_dags/example_setup_teardown.py for tasks to queue
[2024-02-23T17:32:30.860+0000] {logging_mixin.py:188} INFO - [2024-02-23T17:32:30.860+0000] {dagbag.py:538} INFO - Filling up the DagBag from /home/airflow/.local/lib/python3.8/site-packages/airflow/example_dags/example_setup_teardown.py
[2024-02-23T17:32:30.871+0000] {processor.py:840} INFO - DAG(s) 'example_setup_teardown' retrieved from /home/airflow/.local/lib/python3.8/site-packages/airflow/example_dags/example_setup_teardown.py
[2024-02-23T17:32:30.896+0000] {logging_mixin.py:188} INFO - [2024-02-23T17:32:30.896+0000] {dag.py:3033} INFO - Sync 1 DAGs
[2024-02-23T17:32:30.922+0000] {logging_mixin.py:188} INFO - [2024-02-23T17:32:30.922+0000] {dag.py:3820} INFO - Setting next_dagrun for example_setup_teardown to 2024-02-22T00:00:00+00:00, run_after=2024-02-23T00:00:00+00:00
[2024-02-23T17:32:30.981+0000] {processor.py:183} INFO - Processing /home/airflow/.local/lib/python3.8/site-packages/airflow/example_dags/example_setup_teardown.py took 0.127 seconds
[2024-02-23T17:33:01.648+0000] {processor.py:161} INFO - Started process (PID=6367) to work on /home/airflow/.local/lib/python3.8/site-packages/airflow/example_dags/example_setup_teardown.py
[2024-02-23T17:33:01.650+0000] {processor.py:830} INFO - Processing file /home/airflow/.local/lib/python3.8/site-packages/airflow/example_dags/example_setup_teardown.py for tasks to queue
[2024-02-23T17:33:01.651+0000] {logging_mixin.py:188} INFO - [2024-02-23T17:33:01.651+0000] {dagbag.py:538} INFO - Filling up the DagBag from /home/airflow/.local/lib/python3.8/site-packages/airflow/example_dags/example_setup_teardown.py
[2024-02-23T17:33:01.663+0000] {processor.py:840} INFO - DAG(s) 'example_setup_teardown' retrieved from /home/airflow/.local/lib/python3.8/site-packages/airflow/example_dags/example_setup_teardown.py
[2024-02-23T17:33:01.689+0000] {logging_mixin.py:188} INFO - [2024-02-23T17:33:01.689+0000] {dag.py:3033} INFO - Sync 1 DAGs
[2024-02-23T17:33:01.718+0000] {logging_mixin.py:188} INFO - [2024-02-23T17:33:01.717+0000] {dag.py:3820} INFO - Setting next_dagrun for example_setup_teardown to 2024-02-22T00:00:00+00:00, run_after=2024-02-23T00:00:00+00:00
[2024-02-23T17:33:01.742+0000] {processor.py:183} INFO - Processing /home/airflow/.local/lib/python3.8/site-packages/airflow/example_dags/example_setup_teardown.py took 0.099 seconds
[2024-02-23T17:33:32.206+0000] {processor.py:161} INFO - Started process (PID=6424) to work on /home/airflow/.local/lib/python3.8/site-packages/airflow/example_dags/example_setup_teardown.py
[2024-02-23T17:33:32.207+0000] {processor.py:830} INFO - Processing file /home/airflow/.local/lib/python3.8/site-packages/airflow/example_dags/example_setup_teardown.py for tasks to queue
[2024-02-23T17:33:32.209+0000] {logging_mixin.py:188} INFO - [2024-02-23T17:33:32.209+0000] {dagbag.py:538} INFO - Filling up the DagBag from /home/airflow/.local/lib/python3.8/site-packages/airflow/example_dags/example_setup_teardown.py
[2024-02-23T17:33:32.221+0000] {processor.py:840} INFO - DAG(s) 'example_setup_teardown' retrieved from /home/airflow/.local/lib/python3.8/site-packages/airflow/example_dags/example_setup_teardown.py
[2024-02-23T17:33:32.256+0000] {logging_mixin.py:188} INFO - [2024-02-23T17:33:32.256+0000] {dag.py:3033} INFO - Sync 1 DAGs
[2024-02-23T17:33:32.294+0000] {logging_mixin.py:188} INFO - [2024-02-23T17:33:32.294+0000] {dag.py:3820} INFO - Setting next_dagrun for example_setup_teardown to 2024-02-22T00:00:00+00:00, run_after=2024-02-23T00:00:00+00:00
[2024-02-23T17:33:32.355+0000] {processor.py:183} INFO - Processing /home/airflow/.local/lib/python3.8/site-packages/airflow/example_dags/example_setup_teardown.py took 0.154 seconds
[2024-02-23T17:34:02.406+0000] {processor.py:161} INFO - Started process (PID=6481) to work on /home/airflow/.local/lib/python3.8/site-packages/airflow/example_dags/example_setup_teardown.py
[2024-02-23T17:34:02.407+0000] {processor.py:830} INFO - Processing file /home/airflow/.local/lib/python3.8/site-packages/airflow/example_dags/example_setup_teardown.py for tasks to queue
[2024-02-23T17:34:02.408+0000] {logging_mixin.py:188} INFO - [2024-02-23T17:34:02.408+0000] {dagbag.py:538} INFO - Filling up the DagBag from /home/airflow/.local/lib/python3.8/site-packages/airflow/example_dags/example_setup_teardown.py
[2024-02-23T17:34:02.420+0000] {processor.py:840} INFO - DAG(s) 'example_setup_teardown' retrieved from /home/airflow/.local/lib/python3.8/site-packages/airflow/example_dags/example_setup_teardown.py
[2024-02-23T17:34:02.452+0000] {logging_mixin.py:188} INFO - [2024-02-23T17:34:02.452+0000] {dag.py:3033} INFO - Sync 1 DAGs
[2024-02-23T17:34:02.483+0000] {logging_mixin.py:188} INFO - [2024-02-23T17:34:02.483+0000] {dag.py:3820} INFO - Setting next_dagrun for example_setup_teardown to 2024-02-22T00:00:00+00:00, run_after=2024-02-23T00:00:00+00:00
[2024-02-23T17:34:02.509+0000] {processor.py:183} INFO - Processing /home/airflow/.local/lib/python3.8/site-packages/airflow/example_dags/example_setup_teardown.py took 0.108 seconds
[2024-02-23T17:34:33.227+0000] {processor.py:161} INFO - Started process (PID=6539) to work on /home/airflow/.local/lib/python3.8/site-packages/airflow/example_dags/example_setup_teardown.py
[2024-02-23T17:34:33.229+0000] {processor.py:830} INFO - Processing file /home/airflow/.local/lib/python3.8/site-packages/airflow/example_dags/example_setup_teardown.py for tasks to queue
[2024-02-23T17:34:33.231+0000] {logging_mixin.py:188} INFO - [2024-02-23T17:34:33.230+0000] {dagbag.py:538} INFO - Filling up the DagBag from /home/airflow/.local/lib/python3.8/site-packages/airflow/example_dags/example_setup_teardown.py
[2024-02-23T17:34:33.249+0000] {processor.py:840} INFO - DAG(s) 'example_setup_teardown' retrieved from /home/airflow/.local/lib/python3.8/site-packages/airflow/example_dags/example_setup_teardown.py
[2024-02-23T17:34:33.289+0000] {logging_mixin.py:188} INFO - [2024-02-23T17:34:33.289+0000] {dag.py:3033} INFO - Sync 1 DAGs
[2024-02-23T17:34:33.329+0000] {logging_mixin.py:188} INFO - [2024-02-23T17:34:33.329+0000] {dag.py:3820} INFO - Setting next_dagrun for example_setup_teardown to 2024-02-22T00:00:00+00:00, run_after=2024-02-23T00:00:00+00:00
[2024-02-23T17:34:33.397+0000] {processor.py:183} INFO - Processing /home/airflow/.local/lib/python3.8/site-packages/airflow/example_dags/example_setup_teardown.py took 0.175 seconds
[2024-02-23T17:35:03.486+0000] {processor.py:161} INFO - Started process (PID=6596) to work on /home/airflow/.local/lib/python3.8/site-packages/airflow/example_dags/example_setup_teardown.py
[2024-02-23T17:35:03.487+0000] {processor.py:830} INFO - Processing file /home/airflow/.local/lib/python3.8/site-packages/airflow/example_dags/example_setup_teardown.py for tasks to queue
[2024-02-23T17:35:03.489+0000] {logging_mixin.py:188} INFO - [2024-02-23T17:35:03.488+0000] {dagbag.py:538} INFO - Filling up the DagBag from /home/airflow/.local/lib/python3.8/site-packages/airflow/example_dags/example_setup_teardown.py
[2024-02-23T17:35:03.500+0000] {processor.py:840} INFO - DAG(s) 'example_setup_teardown' retrieved from /home/airflow/.local/lib/python3.8/site-packages/airflow/example_dags/example_setup_teardown.py
[2024-02-23T17:35:03.532+0000] {logging_mixin.py:188} INFO - [2024-02-23T17:35:03.531+0000] {dag.py:3033} INFO - Sync 1 DAGs
[2024-02-23T17:35:03.564+0000] {logging_mixin.py:188} INFO - [2024-02-23T17:35:03.564+0000] {dag.py:3820} INFO - Setting next_dagrun for example_setup_teardown to 2024-02-22T00:00:00+00:00, run_after=2024-02-23T00:00:00+00:00
[2024-02-23T17:35:03.594+0000] {processor.py:183} INFO - Processing /home/airflow/.local/lib/python3.8/site-packages/airflow/example_dags/example_setup_teardown.py took 0.112 seconds
[2024-02-23T17:35:33.791+0000] {processor.py:161} INFO - Started process (PID=6653) to work on /home/airflow/.local/lib/python3.8/site-packages/airflow/example_dags/example_setup_teardown.py
[2024-02-23T17:35:33.792+0000] {processor.py:830} INFO - Processing file /home/airflow/.local/lib/python3.8/site-packages/airflow/example_dags/example_setup_teardown.py for tasks to queue
[2024-02-23T17:35:33.793+0000] {logging_mixin.py:188} INFO - [2024-02-23T17:35:33.793+0000] {dagbag.py:538} INFO - Filling up the DagBag from /home/airflow/.local/lib/python3.8/site-packages/airflow/example_dags/example_setup_teardown.py
[2024-02-23T17:35:33.807+0000] {processor.py:840} INFO - DAG(s) 'example_setup_teardown' retrieved from /home/airflow/.local/lib/python3.8/site-packages/airflow/example_dags/example_setup_teardown.py
[2024-02-23T17:35:33.834+0000] {logging_mixin.py:188} INFO - [2024-02-23T17:35:33.834+0000] {dag.py:3033} INFO - Sync 1 DAGs
[2024-02-23T17:35:33.860+0000] {logging_mixin.py:188} INFO - [2024-02-23T17:35:33.860+0000] {dag.py:3820} INFO - Setting next_dagrun for example_setup_teardown to 2024-02-22T00:00:00+00:00, run_after=2024-02-23T00:00:00+00:00
[2024-02-23T17:35:33.885+0000] {processor.py:183} INFO - Processing /home/airflow/.local/lib/python3.8/site-packages/airflow/example_dags/example_setup_teardown.py took 0.099 seconds
[2024-02-23T17:36:04.156+0000] {processor.py:161} INFO - Started process (PID=6710) to work on /home/airflow/.local/lib/python3.8/site-packages/airflow/example_dags/example_setup_teardown.py
[2024-02-23T17:36:04.157+0000] {processor.py:830} INFO - Processing file /home/airflow/.local/lib/python3.8/site-packages/airflow/example_dags/example_setup_teardown.py for tasks to queue
[2024-02-23T17:36:04.158+0000] {logging_mixin.py:188} INFO - [2024-02-23T17:36:04.158+0000] {dagbag.py:538} INFO - Filling up the DagBag from /home/airflow/.local/lib/python3.8/site-packages/airflow/example_dags/example_setup_teardown.py
[2024-02-23T17:36:04.169+0000] {processor.py:840} INFO - DAG(s) 'example_setup_teardown' retrieved from /home/airflow/.local/lib/python3.8/site-packages/airflow/example_dags/example_setup_teardown.py
[2024-02-23T17:36:04.199+0000] {logging_mixin.py:188} INFO - [2024-02-23T17:36:04.198+0000] {dag.py:3033} INFO - Sync 1 DAGs
[2024-02-23T17:36:04.228+0000] {logging_mixin.py:188} INFO - [2024-02-23T17:36:04.227+0000] {dag.py:3820} INFO - Setting next_dagrun for example_setup_teardown to 2024-02-22T00:00:00+00:00, run_after=2024-02-23T00:00:00+00:00
[2024-02-23T17:36:04.289+0000] {processor.py:183} INFO - Processing /home/airflow/.local/lib/python3.8/site-packages/airflow/example_dags/example_setup_teardown.py took 0.137 seconds
[2024-02-23T17:36:34.504+0000] {processor.py:161} INFO - Started process (PID=6761) to work on /home/airflow/.local/lib/python3.8/site-packages/airflow/example_dags/example_setup_teardown.py
[2024-02-23T17:36:34.505+0000] {processor.py:830} INFO - Processing file /home/airflow/.local/lib/python3.8/site-packages/airflow/example_dags/example_setup_teardown.py for tasks to queue
[2024-02-23T17:36:34.506+0000] {logging_mixin.py:188} INFO - [2024-02-23T17:36:34.506+0000] {dagbag.py:538} INFO - Filling up the DagBag from /home/airflow/.local/lib/python3.8/site-packages/airflow/example_dags/example_setup_teardown.py
[2024-02-23T17:36:34.516+0000] {processor.py:840} INFO - DAG(s) 'example_setup_teardown' retrieved from /home/airflow/.local/lib/python3.8/site-packages/airflow/example_dags/example_setup_teardown.py
[2024-02-23T17:36:34.551+0000] {logging_mixin.py:188} INFO - [2024-02-23T17:36:34.550+0000] {dag.py:3033} INFO - Sync 1 DAGs
[2024-02-23T17:36:34.586+0000] {logging_mixin.py:188} INFO - [2024-02-23T17:36:34.586+0000] {dag.py:3820} INFO - Setting next_dagrun for example_setup_teardown to 2024-02-22T00:00:00+00:00, run_after=2024-02-23T00:00:00+00:00
[2024-02-23T17:36:34.613+0000] {processor.py:183} INFO - Processing /home/airflow/.local/lib/python3.8/site-packages/airflow/example_dags/example_setup_teardown.py took 0.112 seconds
[2024-02-23T17:37:05.354+0000] {processor.py:161} INFO - Started process (PID=6817) to work on /home/airflow/.local/lib/python3.8/site-packages/airflow/example_dags/example_setup_teardown.py
[2024-02-23T17:37:05.355+0000] {processor.py:830} INFO - Processing file /home/airflow/.local/lib/python3.8/site-packages/airflow/example_dags/example_setup_teardown.py for tasks to queue
[2024-02-23T17:37:05.356+0000] {logging_mixin.py:188} INFO - [2024-02-23T17:37:05.356+0000] {dagbag.py:538} INFO - Filling up the DagBag from /home/airflow/.local/lib/python3.8/site-packages/airflow/example_dags/example_setup_teardown.py
[2024-02-23T17:37:05.366+0000] {processor.py:840} INFO - DAG(s) 'example_setup_teardown' retrieved from /home/airflow/.local/lib/python3.8/site-packages/airflow/example_dags/example_setup_teardown.py
[2024-02-23T17:37:05.392+0000] {logging_mixin.py:188} INFO - [2024-02-23T17:37:05.391+0000] {dag.py:3033} INFO - Sync 1 DAGs
[2024-02-23T17:37:05.417+0000] {logging_mixin.py:188} INFO - [2024-02-23T17:37:05.417+0000] {dag.py:3820} INFO - Setting next_dagrun for example_setup_teardown to 2024-02-22T00:00:00+00:00, run_after=2024-02-23T00:00:00+00:00
[2024-02-23T17:37:05.475+0000] {processor.py:183} INFO - Processing /home/airflow/.local/lib/python3.8/site-packages/airflow/example_dags/example_setup_teardown.py took 0.125 seconds
[2024-02-23T17:37:35.511+0000] {processor.py:161} INFO - Started process (PID=6873) to work on /home/airflow/.local/lib/python3.8/site-packages/airflow/example_dags/example_setup_teardown.py
[2024-02-23T17:37:35.513+0000] {processor.py:830} INFO - Processing file /home/airflow/.local/lib/python3.8/site-packages/airflow/example_dags/example_setup_teardown.py for tasks to queue
[2024-02-23T17:37:35.514+0000] {logging_mixin.py:188} INFO - [2024-02-23T17:37:35.514+0000] {dagbag.py:538} INFO - Filling up the DagBag from /home/airflow/.local/lib/python3.8/site-packages/airflow/example_dags/example_setup_teardown.py
[2024-02-23T17:37:35.529+0000] {processor.py:840} INFO - DAG(s) 'example_setup_teardown' retrieved from /home/airflow/.local/lib/python3.8/site-packages/airflow/example_dags/example_setup_teardown.py
[2024-02-23T17:37:35.566+0000] {logging_mixin.py:188} INFO - [2024-02-23T17:37:35.566+0000] {dag.py:3033} INFO - Sync 1 DAGs
[2024-02-23T17:37:35.602+0000] {logging_mixin.py:188} INFO - [2024-02-23T17:37:35.602+0000] {dag.py:3820} INFO - Setting next_dagrun for example_setup_teardown to 2024-02-22T00:00:00+00:00, run_after=2024-02-23T00:00:00+00:00
[2024-02-23T17:37:35.627+0000] {processor.py:183} INFO - Processing /home/airflow/.local/lib/python3.8/site-packages/airflow/example_dags/example_setup_teardown.py took 0.121 seconds
[2024-02-23T17:38:05.934+0000] {processor.py:161} INFO - Started process (PID=6931) to work on /home/airflow/.local/lib/python3.8/site-packages/airflow/example_dags/example_setup_teardown.py
[2024-02-23T17:38:05.935+0000] {processor.py:830} INFO - Processing file /home/airflow/.local/lib/python3.8/site-packages/airflow/example_dags/example_setup_teardown.py for tasks to queue
[2024-02-23T17:38:05.937+0000] {logging_mixin.py:188} INFO - [2024-02-23T17:38:05.936+0000] {dagbag.py:538} INFO - Filling up the DagBag from /home/airflow/.local/lib/python3.8/site-packages/airflow/example_dags/example_setup_teardown.py
[2024-02-23T17:38:05.946+0000] {processor.py:840} INFO - DAG(s) 'example_setup_teardown' retrieved from /home/airflow/.local/lib/python3.8/site-packages/airflow/example_dags/example_setup_teardown.py
[2024-02-23T17:38:05.970+0000] {logging_mixin.py:188} INFO - [2024-02-23T17:38:05.969+0000] {dag.py:3033} INFO - Sync 1 DAGs
[2024-02-23T17:38:05.994+0000] {logging_mixin.py:188} INFO - [2024-02-23T17:38:05.993+0000] {dag.py:3820} INFO - Setting next_dagrun for example_setup_teardown to 2024-02-22T00:00:00+00:00, run_after=2024-02-23T00:00:00+00:00
[2024-02-23T17:38:06.050+0000] {processor.py:183} INFO - Processing /home/airflow/.local/lib/python3.8/site-packages/airflow/example_dags/example_setup_teardown.py took 0.120 seconds
[2024-02-23T17:38:36.196+0000] {processor.py:161} INFO - Started process (PID=6986) to work on /home/airflow/.local/lib/python3.8/site-packages/airflow/example_dags/example_setup_teardown.py
[2024-02-23T17:38:36.197+0000] {processor.py:830} INFO - Processing file /home/airflow/.local/lib/python3.8/site-packages/airflow/example_dags/example_setup_teardown.py for tasks to queue
[2024-02-23T17:38:36.198+0000] {logging_mixin.py:188} INFO - [2024-02-23T17:38:36.198+0000] {dagbag.py:538} INFO - Filling up the DagBag from /home/airflow/.local/lib/python3.8/site-packages/airflow/example_dags/example_setup_teardown.py
[2024-02-23T17:38:36.208+0000] {processor.py:840} INFO - DAG(s) 'example_setup_teardown' retrieved from /home/airflow/.local/lib/python3.8/site-packages/airflow/example_dags/example_setup_teardown.py
[2024-02-23T17:38:36.235+0000] {logging_mixin.py:188} INFO - [2024-02-23T17:38:36.234+0000] {dag.py:3033} INFO - Sync 1 DAGs
[2024-02-23T17:38:36.260+0000] {logging_mixin.py:188} INFO - [2024-02-23T17:38:36.260+0000] {dag.py:3820} INFO - Setting next_dagrun for example_setup_teardown to 2024-02-22T00:00:00+00:00, run_after=2024-02-23T00:00:00+00:00
[2024-02-23T17:38:36.315+0000] {processor.py:183} INFO - Processing /home/airflow/.local/lib/python3.8/site-packages/airflow/example_dags/example_setup_teardown.py took 0.123 seconds
[2024-02-23T17:39:06.564+0000] {processor.py:161} INFO - Started process (PID=7043) to work on /home/airflow/.local/lib/python3.8/site-packages/airflow/example_dags/example_setup_teardown.py
[2024-02-23T17:39:06.565+0000] {processor.py:830} INFO - Processing file /home/airflow/.local/lib/python3.8/site-packages/airflow/example_dags/example_setup_teardown.py for tasks to queue
[2024-02-23T17:39:06.567+0000] {logging_mixin.py:188} INFO - [2024-02-23T17:39:06.566+0000] {dagbag.py:538} INFO - Filling up the DagBag from /home/airflow/.local/lib/python3.8/site-packages/airflow/example_dags/example_setup_teardown.py
[2024-02-23T17:39:06.577+0000] {processor.py:840} INFO - DAG(s) 'example_setup_teardown' retrieved from /home/airflow/.local/lib/python3.8/site-packages/airflow/example_dags/example_setup_teardown.py
[2024-02-23T17:39:06.607+0000] {logging_mixin.py:188} INFO - [2024-02-23T17:39:06.607+0000] {dag.py:3033} INFO - Sync 1 DAGs
[2024-02-23T17:39:06.634+0000] {logging_mixin.py:188} INFO - [2024-02-23T17:39:06.634+0000] {dag.py:3820} INFO - Setting next_dagrun for example_setup_teardown to 2024-02-22T00:00:00+00:00, run_after=2024-02-23T00:00:00+00:00
[2024-02-23T17:39:06.711+0000] {processor.py:183} INFO - Processing /home/airflow/.local/lib/python3.8/site-packages/airflow/example_dags/example_setup_teardown.py took 0.152 seconds
[2024-02-23T17:39:37.078+0000] {processor.py:161} INFO - Started process (PID=7100) to work on /home/airflow/.local/lib/python3.8/site-packages/airflow/example_dags/example_setup_teardown.py
[2024-02-23T17:39:37.079+0000] {processor.py:830} INFO - Processing file /home/airflow/.local/lib/python3.8/site-packages/airflow/example_dags/example_setup_teardown.py for tasks to queue
[2024-02-23T17:39:37.080+0000] {logging_mixin.py:188} INFO - [2024-02-23T17:39:37.080+0000] {dagbag.py:538} INFO - Filling up the DagBag from /home/airflow/.local/lib/python3.8/site-packages/airflow/example_dags/example_setup_teardown.py
[2024-02-23T17:39:37.093+0000] {processor.py:840} INFO - DAG(s) 'example_setup_teardown' retrieved from /home/airflow/.local/lib/python3.8/site-packages/airflow/example_dags/example_setup_teardown.py
[2024-02-23T17:39:37.118+0000] {logging_mixin.py:188} INFO - [2024-02-23T17:39:37.117+0000] {dag.py:3033} INFO - Sync 1 DAGs
[2024-02-23T17:39:37.143+0000] {logging_mixin.py:188} INFO - [2024-02-23T17:39:37.143+0000] {dag.py:3820} INFO - Setting next_dagrun for example_setup_teardown to 2024-02-22T00:00:00+00:00, run_after=2024-02-23T00:00:00+00:00
[2024-02-23T17:39:37.184+0000] {processor.py:183} INFO - Processing /home/airflow/.local/lib/python3.8/site-packages/airflow/example_dags/example_setup_teardown.py took 0.111 seconds
[2024-02-23T17:40:07.774+0000] {processor.py:161} INFO - Started process (PID=7157) to work on /home/airflow/.local/lib/python3.8/site-packages/airflow/example_dags/example_setup_teardown.py
[2024-02-23T17:40:07.775+0000] {processor.py:830} INFO - Processing file /home/airflow/.local/lib/python3.8/site-packages/airflow/example_dags/example_setup_teardown.py for tasks to queue
[2024-02-23T17:40:07.777+0000] {logging_mixin.py:188} INFO - [2024-02-23T17:40:07.776+0000] {dagbag.py:538} INFO - Filling up the DagBag from /home/airflow/.local/lib/python3.8/site-packages/airflow/example_dags/example_setup_teardown.py
[2024-02-23T17:40:07.787+0000] {processor.py:840} INFO - DAG(s) 'example_setup_teardown' retrieved from /home/airflow/.local/lib/python3.8/site-packages/airflow/example_dags/example_setup_teardown.py
[2024-02-23T17:40:07.814+0000] {logging_mixin.py:188} INFO - [2024-02-23T17:40:07.814+0000] {dag.py:3033} INFO - Sync 1 DAGs
[2024-02-23T17:40:07.845+0000] {logging_mixin.py:188} INFO - [2024-02-23T17:40:07.844+0000] {dag.py:3820} INFO - Setting next_dagrun for example_setup_teardown to 2024-02-22T00:00:00+00:00, run_after=2024-02-23T00:00:00+00:00
[2024-02-23T17:40:07.869+0000] {processor.py:183} INFO - Processing /home/airflow/.local/lib/python3.8/site-packages/airflow/example_dags/example_setup_teardown.py took 0.099 seconds
[2024-02-23T17:40:38.015+0000] {processor.py:161} INFO - Started process (PID=7214) to work on /home/airflow/.local/lib/python3.8/site-packages/airflow/example_dags/example_setup_teardown.py
[2024-02-23T17:40:38.017+0000] {processor.py:830} INFO - Processing file /home/airflow/.local/lib/python3.8/site-packages/airflow/example_dags/example_setup_teardown.py for tasks to queue
[2024-02-23T17:40:38.018+0000] {logging_mixin.py:188} INFO - [2024-02-23T17:40:38.018+0000] {dagbag.py:538} INFO - Filling up the DagBag from /home/airflow/.local/lib/python3.8/site-packages/airflow/example_dags/example_setup_teardown.py
[2024-02-23T17:40:38.028+0000] {processor.py:840} INFO - DAG(s) 'example_setup_teardown' retrieved from /home/airflow/.local/lib/python3.8/site-packages/airflow/example_dags/example_setup_teardown.py
[2024-02-23T17:40:38.053+0000] {logging_mixin.py:188} INFO - [2024-02-23T17:40:38.052+0000] {dag.py:3033} INFO - Sync 1 DAGs
[2024-02-23T17:40:38.079+0000] {logging_mixin.py:188} INFO - [2024-02-23T17:40:38.078+0000] {dag.py:3820} INFO - Setting next_dagrun for example_setup_teardown to 2024-02-22T00:00:00+00:00, run_after=2024-02-23T00:00:00+00:00
[2024-02-23T17:40:38.102+0000] {processor.py:183} INFO - Processing /home/airflow/.local/lib/python3.8/site-packages/airflow/example_dags/example_setup_teardown.py took 0.091 seconds
[2024-02-23T17:41:08.413+0000] {processor.py:161} INFO - Started process (PID=7271) to work on /home/airflow/.local/lib/python3.8/site-packages/airflow/example_dags/example_setup_teardown.py
[2024-02-23T17:41:08.414+0000] {processor.py:830} INFO - Processing file /home/airflow/.local/lib/python3.8/site-packages/airflow/example_dags/example_setup_teardown.py for tasks to queue
[2024-02-23T17:41:08.416+0000] {logging_mixin.py:188} INFO - [2024-02-23T17:41:08.415+0000] {dagbag.py:538} INFO - Filling up the DagBag from /home/airflow/.local/lib/python3.8/site-packages/airflow/example_dags/example_setup_teardown.py
[2024-02-23T17:41:08.426+0000] {processor.py:840} INFO - DAG(s) 'example_setup_teardown' retrieved from /home/airflow/.local/lib/python3.8/site-packages/airflow/example_dags/example_setup_teardown.py
[2024-02-23T17:41:08.449+0000] {logging_mixin.py:188} INFO - [2024-02-23T17:41:08.449+0000] {dag.py:3033} INFO - Sync 1 DAGs
[2024-02-23T17:41:08.481+0000] {logging_mixin.py:188} INFO - [2024-02-23T17:41:08.481+0000] {dag.py:3820} INFO - Setting next_dagrun for example_setup_teardown to 2024-02-22T00:00:00+00:00, run_after=2024-02-23T00:00:00+00:00
[2024-02-23T17:41:08.505+0000] {processor.py:183} INFO - Processing /home/airflow/.local/lib/python3.8/site-packages/airflow/example_dags/example_setup_teardown.py took 0.097 seconds
[2024-02-23T17:41:38.814+0000] {processor.py:161} INFO - Started process (PID=7329) to work on /home/airflow/.local/lib/python3.8/site-packages/airflow/example_dags/example_setup_teardown.py
[2024-02-23T17:41:38.815+0000] {processor.py:830} INFO - Processing file /home/airflow/.local/lib/python3.8/site-packages/airflow/example_dags/example_setup_teardown.py for tasks to queue
[2024-02-23T17:41:38.816+0000] {logging_mixin.py:188} INFO - [2024-02-23T17:41:38.816+0000] {dagbag.py:538} INFO - Filling up the DagBag from /home/airflow/.local/lib/python3.8/site-packages/airflow/example_dags/example_setup_teardown.py
[2024-02-23T17:41:38.826+0000] {processor.py:840} INFO - DAG(s) 'example_setup_teardown' retrieved from /home/airflow/.local/lib/python3.8/site-packages/airflow/example_dags/example_setup_teardown.py
[2024-02-23T17:41:38.851+0000] {logging_mixin.py:188} INFO - [2024-02-23T17:41:38.851+0000] {dag.py:3033} INFO - Sync 1 DAGs
[2024-02-23T17:41:38.879+0000] {logging_mixin.py:188} INFO - [2024-02-23T17:41:38.878+0000] {dag.py:3820} INFO - Setting next_dagrun for example_setup_teardown to 2024-02-22T00:00:00+00:00, run_after=2024-02-23T00:00:00+00:00
[2024-02-23T17:41:38.902+0000] {processor.py:183} INFO - Processing /home/airflow/.local/lib/python3.8/site-packages/airflow/example_dags/example_setup_teardown.py took 0.092 seconds
[2024-02-23T17:42:10.070+0000] {processor.py:161} INFO - Started process (PID=7386) to work on /home/airflow/.local/lib/python3.8/site-packages/airflow/example_dags/example_setup_teardown.py
[2024-02-23T17:42:10.071+0000] {processor.py:830} INFO - Processing file /home/airflow/.local/lib/python3.8/site-packages/airflow/example_dags/example_setup_teardown.py for tasks to queue
[2024-02-23T17:42:10.072+0000] {logging_mixin.py:188} INFO - [2024-02-23T17:42:10.072+0000] {dagbag.py:538} INFO - Filling up the DagBag from /home/airflow/.local/lib/python3.8/site-packages/airflow/example_dags/example_setup_teardown.py
[2024-02-23T17:42:10.085+0000] {processor.py:840} INFO - DAG(s) 'example_setup_teardown' retrieved from /home/airflow/.local/lib/python3.8/site-packages/airflow/example_dags/example_setup_teardown.py
[2024-02-23T17:42:10.116+0000] {logging_mixin.py:188} INFO - [2024-02-23T17:42:10.116+0000] {dag.py:3033} INFO - Sync 1 DAGs
[2024-02-23T17:42:10.151+0000] {logging_mixin.py:188} INFO - [2024-02-23T17:42:10.151+0000] {dag.py:3820} INFO - Setting next_dagrun for example_setup_teardown to 2024-02-22T00:00:00+00:00, run_after=2024-02-23T00:00:00+00:00
[2024-02-23T17:42:10.179+0000] {processor.py:183} INFO - Processing /home/airflow/.local/lib/python3.8/site-packages/airflow/example_dags/example_setup_teardown.py took 0.113 seconds
[2024-02-23T17:42:40.850+0000] {processor.py:161} INFO - Started process (PID=7443) to work on /home/airflow/.local/lib/python3.8/site-packages/airflow/example_dags/example_setup_teardown.py
[2024-02-23T17:42:40.852+0000] {processor.py:830} INFO - Processing file /home/airflow/.local/lib/python3.8/site-packages/airflow/example_dags/example_setup_teardown.py for tasks to queue
[2024-02-23T17:42:40.853+0000] {logging_mixin.py:188} INFO - [2024-02-23T17:42:40.852+0000] {dagbag.py:538} INFO - Filling up the DagBag from /home/airflow/.local/lib/python3.8/site-packages/airflow/example_dags/example_setup_teardown.py
[2024-02-23T17:42:40.863+0000] {processor.py:840} INFO - DAG(s) 'example_setup_teardown' retrieved from /home/airflow/.local/lib/python3.8/site-packages/airflow/example_dags/example_setup_teardown.py
[2024-02-23T17:42:40.891+0000] {logging_mixin.py:188} INFO - [2024-02-23T17:42:40.891+0000] {dag.py:3033} INFO - Sync 1 DAGs
[2024-02-23T17:42:40.918+0000] {logging_mixin.py:188} INFO - [2024-02-23T17:42:40.918+0000] {dag.py:3820} INFO - Setting next_dagrun for example_setup_teardown to 2024-02-22T00:00:00+00:00, run_after=2024-02-23T00:00:00+00:00
[2024-02-23T17:42:40.978+0000] {processor.py:183} INFO - Processing /home/airflow/.local/lib/python3.8/site-packages/airflow/example_dags/example_setup_teardown.py took 0.132 seconds
[2024-02-23T17:43:11.142+0000] {processor.py:161} INFO - Started process (PID=7500) to work on /home/airflow/.local/lib/python3.8/site-packages/airflow/example_dags/example_setup_teardown.py
[2024-02-23T17:43:11.144+0000] {processor.py:830} INFO - Processing file /home/airflow/.local/lib/python3.8/site-packages/airflow/example_dags/example_setup_teardown.py for tasks to queue
[2024-02-23T17:43:11.145+0000] {logging_mixin.py:188} INFO - [2024-02-23T17:43:11.145+0000] {dagbag.py:538} INFO - Filling up the DagBag from /home/airflow/.local/lib/python3.8/site-packages/airflow/example_dags/example_setup_teardown.py
[2024-02-23T17:43:11.157+0000] {processor.py:840} INFO - DAG(s) 'example_setup_teardown' retrieved from /home/airflow/.local/lib/python3.8/site-packages/airflow/example_dags/example_setup_teardown.py
[2024-02-23T17:43:11.183+0000] {logging_mixin.py:188} INFO - [2024-02-23T17:43:11.183+0000] {dag.py:3033} INFO - Sync 1 DAGs
[2024-02-23T17:43:11.209+0000] {logging_mixin.py:188} INFO - [2024-02-23T17:43:11.209+0000] {dag.py:3820} INFO - Setting next_dagrun for example_setup_teardown to 2024-02-22T00:00:00+00:00, run_after=2024-02-23T00:00:00+00:00
[2024-02-23T17:43:11.268+0000] {processor.py:183} INFO - Processing /home/airflow/.local/lib/python3.8/site-packages/airflow/example_dags/example_setup_teardown.py took 0.131 seconds
[2024-02-23T17:43:41.338+0000] {processor.py:161} INFO - Started process (PID=7557) to work on /home/airflow/.local/lib/python3.8/site-packages/airflow/example_dags/example_setup_teardown.py
[2024-02-23T17:43:41.340+0000] {processor.py:830} INFO - Processing file /home/airflow/.local/lib/python3.8/site-packages/airflow/example_dags/example_setup_teardown.py for tasks to queue
[2024-02-23T17:43:41.341+0000] {logging_mixin.py:188} INFO - [2024-02-23T17:43:41.341+0000] {dagbag.py:538} INFO - Filling up the DagBag from /home/airflow/.local/lib/python3.8/site-packages/airflow/example_dags/example_setup_teardown.py
[2024-02-23T17:43:41.350+0000] {processor.py:840} INFO - DAG(s) 'example_setup_teardown' retrieved from /home/airflow/.local/lib/python3.8/site-packages/airflow/example_dags/example_setup_teardown.py
[2024-02-23T17:43:41.376+0000] {logging_mixin.py:188} INFO - [2024-02-23T17:43:41.376+0000] {dag.py:3033} INFO - Sync 1 DAGs
[2024-02-23T17:43:41.407+0000] {logging_mixin.py:188} INFO - [2024-02-23T17:43:41.407+0000] {dag.py:3820} INFO - Setting next_dagrun for example_setup_teardown to 2024-02-22T00:00:00+00:00, run_after=2024-02-23T00:00:00+00:00
[2024-02-23T17:43:41.431+0000] {processor.py:183} INFO - Processing /home/airflow/.local/lib/python3.8/site-packages/airflow/example_dags/example_setup_teardown.py took 0.097 seconds
[2024-02-23T17:44:12.085+0000] {processor.py:161} INFO - Started process (PID=7614) to work on /home/airflow/.local/lib/python3.8/site-packages/airflow/example_dags/example_setup_teardown.py
[2024-02-23T17:44:12.086+0000] {processor.py:830} INFO - Processing file /home/airflow/.local/lib/python3.8/site-packages/airflow/example_dags/example_setup_teardown.py for tasks to queue
[2024-02-23T17:44:12.088+0000] {logging_mixin.py:188} INFO - [2024-02-23T17:44:12.087+0000] {dagbag.py:538} INFO - Filling up the DagBag from /home/airflow/.local/lib/python3.8/site-packages/airflow/example_dags/example_setup_teardown.py
[2024-02-23T17:44:12.097+0000] {processor.py:840} INFO - DAG(s) 'example_setup_teardown' retrieved from /home/airflow/.local/lib/python3.8/site-packages/airflow/example_dags/example_setup_teardown.py
[2024-02-23T17:44:12.123+0000] {logging_mixin.py:188} INFO - [2024-02-23T17:44:12.123+0000] {dag.py:3033} INFO - Sync 1 DAGs
[2024-02-23T17:44:12.148+0000] {logging_mixin.py:188} INFO - [2024-02-23T17:44:12.148+0000] {dag.py:3820} INFO - Setting next_dagrun for example_setup_teardown to 2024-02-22T00:00:00+00:00, run_after=2024-02-23T00:00:00+00:00
[2024-02-23T17:44:12.206+0000] {processor.py:183} INFO - Processing /home/airflow/.local/lib/python3.8/site-packages/airflow/example_dags/example_setup_teardown.py took 0.126 seconds
[2024-02-23T17:44:42.344+0000] {processor.py:161} INFO - Started process (PID=7671) to work on /home/airflow/.local/lib/python3.8/site-packages/airflow/example_dags/example_setup_teardown.py
[2024-02-23T17:44:42.345+0000] {processor.py:830} INFO - Processing file /home/airflow/.local/lib/python3.8/site-packages/airflow/example_dags/example_setup_teardown.py for tasks to queue
[2024-02-23T17:44:42.346+0000] {logging_mixin.py:188} INFO - [2024-02-23T17:44:42.346+0000] {dagbag.py:538} INFO - Filling up the DagBag from /home/airflow/.local/lib/python3.8/site-packages/airflow/example_dags/example_setup_teardown.py
[2024-02-23T17:44:42.358+0000] {processor.py:840} INFO - DAG(s) 'example_setup_teardown' retrieved from /home/airflow/.local/lib/python3.8/site-packages/airflow/example_dags/example_setup_teardown.py
[2024-02-23T17:44:42.382+0000] {logging_mixin.py:188} INFO - [2024-02-23T17:44:42.382+0000] {dag.py:3033} INFO - Sync 1 DAGs
[2024-02-23T17:44:42.410+0000] {logging_mixin.py:188} INFO - [2024-02-23T17:44:42.409+0000] {dag.py:3820} INFO - Setting next_dagrun for example_setup_teardown to 2024-02-22T00:00:00+00:00, run_after=2024-02-23T00:00:00+00:00
[2024-02-23T17:44:42.431+0000] {processor.py:183} INFO - Processing /home/airflow/.local/lib/python3.8/site-packages/airflow/example_dags/example_setup_teardown.py took 0.092 seconds
[2024-02-23T17:45:13.113+0000] {processor.py:161} INFO - Started process (PID=7728) to work on /home/airflow/.local/lib/python3.8/site-packages/airflow/example_dags/example_setup_teardown.py
[2024-02-23T17:45:13.114+0000] {processor.py:830} INFO - Processing file /home/airflow/.local/lib/python3.8/site-packages/airflow/example_dags/example_setup_teardown.py for tasks to queue
[2024-02-23T17:45:13.116+0000] {logging_mixin.py:188} INFO - [2024-02-23T17:45:13.115+0000] {dagbag.py:538} INFO - Filling up the DagBag from /home/airflow/.local/lib/python3.8/site-packages/airflow/example_dags/example_setup_teardown.py
[2024-02-23T17:45:13.126+0000] {processor.py:840} INFO - DAG(s) 'example_setup_teardown' retrieved from /home/airflow/.local/lib/python3.8/site-packages/airflow/example_dags/example_setup_teardown.py
[2024-02-23T17:45:13.152+0000] {logging_mixin.py:188} INFO - [2024-02-23T17:45:13.152+0000] {dag.py:3033} INFO - Sync 1 DAGs
[2024-02-23T17:45:13.180+0000] {logging_mixin.py:188} INFO - [2024-02-23T17:45:13.180+0000] {dag.py:3820} INFO - Setting next_dagrun for example_setup_teardown to 2024-02-22T00:00:00+00:00, run_after=2024-02-23T00:00:00+00:00
[2024-02-23T17:45:13.238+0000] {processor.py:183} INFO - Processing /home/airflow/.local/lib/python3.8/site-packages/airflow/example_dags/example_setup_teardown.py took 0.129 seconds
[2024-02-23T17:45:43.311+0000] {processor.py:161} INFO - Started process (PID=7785) to work on /home/airflow/.local/lib/python3.8/site-packages/airflow/example_dags/example_setup_teardown.py
[2024-02-23T17:45:43.312+0000] {processor.py:830} INFO - Processing file /home/airflow/.local/lib/python3.8/site-packages/airflow/example_dags/example_setup_teardown.py for tasks to queue
[2024-02-23T17:45:43.314+0000] {logging_mixin.py:188} INFO - [2024-02-23T17:45:43.314+0000] {dagbag.py:538} INFO - Filling up the DagBag from /home/airflow/.local/lib/python3.8/site-packages/airflow/example_dags/example_setup_teardown.py
[2024-02-23T17:45:43.325+0000] {processor.py:840} INFO - DAG(s) 'example_setup_teardown' retrieved from /home/airflow/.local/lib/python3.8/site-packages/airflow/example_dags/example_setup_teardown.py
[2024-02-23T17:45:43.354+0000] {logging_mixin.py:188} INFO - [2024-02-23T17:45:43.353+0000] {dag.py:3033} INFO - Sync 1 DAGs
[2024-02-23T17:45:43.386+0000] {logging_mixin.py:188} INFO - [2024-02-23T17:45:43.386+0000] {dag.py:3820} INFO - Setting next_dagrun for example_setup_teardown to 2024-02-22T00:00:00+00:00, run_after=2024-02-23T00:00:00+00:00
[2024-02-23T17:45:43.412+0000] {processor.py:183} INFO - Processing /home/airflow/.local/lib/python3.8/site-packages/airflow/example_dags/example_setup_teardown.py took 0.105 seconds
[2024-02-23T17:46:13.653+0000] {processor.py:161} INFO - Started process (PID=7842) to work on /home/airflow/.local/lib/python3.8/site-packages/airflow/example_dags/example_setup_teardown.py
[2024-02-23T17:46:13.654+0000] {processor.py:830} INFO - Processing file /home/airflow/.local/lib/python3.8/site-packages/airflow/example_dags/example_setup_teardown.py for tasks to queue
[2024-02-23T17:46:13.656+0000] {logging_mixin.py:188} INFO - [2024-02-23T17:46:13.655+0000] {dagbag.py:538} INFO - Filling up the DagBag from /home/airflow/.local/lib/python3.8/site-packages/airflow/example_dags/example_setup_teardown.py
[2024-02-23T17:46:13.666+0000] {processor.py:840} INFO - DAG(s) 'example_setup_teardown' retrieved from /home/airflow/.local/lib/python3.8/site-packages/airflow/example_dags/example_setup_teardown.py
[2024-02-23T17:46:13.691+0000] {logging_mixin.py:188} INFO - [2024-02-23T17:46:13.691+0000] {dag.py:3033} INFO - Sync 1 DAGs
[2024-02-23T17:46:13.718+0000] {logging_mixin.py:188} INFO - [2024-02-23T17:46:13.718+0000] {dag.py:3820} INFO - Setting next_dagrun for example_setup_teardown to 2024-02-22T00:00:00+00:00, run_after=2024-02-23T00:00:00+00:00
[2024-02-23T17:46:13.775+0000] {processor.py:183} INFO - Processing /home/airflow/.local/lib/python3.8/site-packages/airflow/example_dags/example_setup_teardown.py took 0.127 seconds
[2024-02-23T17:46:44.302+0000] {processor.py:161} INFO - Started process (PID=7899) to work on /home/airflow/.local/lib/python3.8/site-packages/airflow/example_dags/example_setup_teardown.py
[2024-02-23T17:46:44.304+0000] {processor.py:830} INFO - Processing file /home/airflow/.local/lib/python3.8/site-packages/airflow/example_dags/example_setup_teardown.py for tasks to queue
[2024-02-23T17:46:44.305+0000] {logging_mixin.py:188} INFO - [2024-02-23T17:46:44.305+0000] {dagbag.py:538} INFO - Filling up the DagBag from /home/airflow/.local/lib/python3.8/site-packages/airflow/example_dags/example_setup_teardown.py
[2024-02-23T17:46:44.319+0000] {processor.py:840} INFO - DAG(s) 'example_setup_teardown' retrieved from /home/airflow/.local/lib/python3.8/site-packages/airflow/example_dags/example_setup_teardown.py
[2024-02-23T17:46:44.349+0000] {logging_mixin.py:188} INFO - [2024-02-23T17:46:44.348+0000] {dag.py:3033} INFO - Sync 1 DAGs
[2024-02-23T17:46:44.377+0000] {logging_mixin.py:188} INFO - [2024-02-23T17:46:44.376+0000] {dag.py:3820} INFO - Setting next_dagrun for example_setup_teardown to 2024-02-22T00:00:00+00:00, run_after=2024-02-23T00:00:00+00:00
[2024-02-23T17:46:44.436+0000] {processor.py:183} INFO - Processing /home/airflow/.local/lib/python3.8/site-packages/airflow/example_dags/example_setup_teardown.py took 0.138 seconds
[2024-02-23T17:47:14.845+0000] {processor.py:161} INFO - Started process (PID=7956) to work on /home/airflow/.local/lib/python3.8/site-packages/airflow/example_dags/example_setup_teardown.py
[2024-02-23T17:47:14.847+0000] {processor.py:830} INFO - Processing file /home/airflow/.local/lib/python3.8/site-packages/airflow/example_dags/example_setup_teardown.py for tasks to queue
[2024-02-23T17:47:14.848+0000] {logging_mixin.py:188} INFO - [2024-02-23T17:47:14.848+0000] {dagbag.py:538} INFO - Filling up the DagBag from /home/airflow/.local/lib/python3.8/site-packages/airflow/example_dags/example_setup_teardown.py
[2024-02-23T17:47:14.859+0000] {processor.py:840} INFO - DAG(s) 'example_setup_teardown' retrieved from /home/airflow/.local/lib/python3.8/site-packages/airflow/example_dags/example_setup_teardown.py
[2024-02-23T17:47:14.893+0000] {logging_mixin.py:188} INFO - [2024-02-23T17:47:14.893+0000] {dag.py:3033} INFO - Sync 1 DAGs
[2024-02-23T17:47:14.927+0000] {logging_mixin.py:188} INFO - [2024-02-23T17:47:14.927+0000] {dag.py:3820} INFO - Setting next_dagrun for example_setup_teardown to 2024-02-22T00:00:00+00:00, run_after=2024-02-23T00:00:00+00:00
[2024-02-23T17:47:14.957+0000] {processor.py:183} INFO - Processing /home/airflow/.local/lib/python3.8/site-packages/airflow/example_dags/example_setup_teardown.py took 0.115 seconds
[2024-02-23T17:47:45.347+0000] {processor.py:161} INFO - Started process (PID=8019) to work on /home/airflow/.local/lib/python3.8/site-packages/airflow/example_dags/example_setup_teardown.py
[2024-02-23T17:47:45.349+0000] {processor.py:830} INFO - Processing file /home/airflow/.local/lib/python3.8/site-packages/airflow/example_dags/example_setup_teardown.py for tasks to queue
[2024-02-23T17:47:45.350+0000] {logging_mixin.py:188} INFO - [2024-02-23T17:47:45.350+0000] {dagbag.py:538} INFO - Filling up the DagBag from /home/airflow/.local/lib/python3.8/site-packages/airflow/example_dags/example_setup_teardown.py
[2024-02-23T17:47:45.361+0000] {processor.py:840} INFO - DAG(s) 'example_setup_teardown' retrieved from /home/airflow/.local/lib/python3.8/site-packages/airflow/example_dags/example_setup_teardown.py
[2024-02-23T17:47:45.388+0000] {logging_mixin.py:188} INFO - [2024-02-23T17:47:45.388+0000] {dag.py:3033} INFO - Sync 1 DAGs
[2024-02-23T17:47:45.417+0000] {logging_mixin.py:188} INFO - [2024-02-23T17:47:45.417+0000] {dag.py:3820} INFO - Setting next_dagrun for example_setup_teardown to 2024-02-22T00:00:00+00:00, run_after=2024-02-23T00:00:00+00:00
[2024-02-23T17:47:45.441+0000] {processor.py:183} INFO - Processing /home/airflow/.local/lib/python3.8/site-packages/airflow/example_dags/example_setup_teardown.py took 0.098 seconds
[2024-02-23T17:48:15.920+0000] {processor.py:161} INFO - Started process (PID=8076) to work on /home/airflow/.local/lib/python3.8/site-packages/airflow/example_dags/example_setup_teardown.py
[2024-02-23T17:48:15.921+0000] {processor.py:830} INFO - Processing file /home/airflow/.local/lib/python3.8/site-packages/airflow/example_dags/example_setup_teardown.py for tasks to queue
[2024-02-23T17:48:15.922+0000] {logging_mixin.py:188} INFO - [2024-02-23T17:48:15.922+0000] {dagbag.py:538} INFO - Filling up the DagBag from /home/airflow/.local/lib/python3.8/site-packages/airflow/example_dags/example_setup_teardown.py
[2024-02-23T17:48:15.935+0000] {processor.py:840} INFO - DAG(s) 'example_setup_teardown' retrieved from /home/airflow/.local/lib/python3.8/site-packages/airflow/example_dags/example_setup_teardown.py
[2024-02-23T17:48:15.961+0000] {logging_mixin.py:188} INFO - [2024-02-23T17:48:15.961+0000] {dag.py:3033} INFO - Sync 1 DAGs
[2024-02-23T17:48:15.990+0000] {logging_mixin.py:188} INFO - [2024-02-23T17:48:15.990+0000] {dag.py:3820} INFO - Setting next_dagrun for example_setup_teardown to 2024-02-22T00:00:00+00:00, run_after=2024-02-23T00:00:00+00:00
[2024-02-23T17:48:16.013+0000] {processor.py:183} INFO - Processing /home/airflow/.local/lib/python3.8/site-packages/airflow/example_dags/example_setup_teardown.py took 0.098 seconds
[2024-02-23T17:48:46.607+0000] {processor.py:161} INFO - Started process (PID=8133) to work on /home/airflow/.local/lib/python3.8/site-packages/airflow/example_dags/example_setup_teardown.py
[2024-02-23T17:48:46.608+0000] {processor.py:830} INFO - Processing file /home/airflow/.local/lib/python3.8/site-packages/airflow/example_dags/example_setup_teardown.py for tasks to queue
[2024-02-23T17:48:46.609+0000] {logging_mixin.py:188} INFO - [2024-02-23T17:48:46.608+0000] {dagbag.py:538} INFO - Filling up the DagBag from /home/airflow/.local/lib/python3.8/site-packages/airflow/example_dags/example_setup_teardown.py
[2024-02-23T17:48:46.621+0000] {processor.py:840} INFO - DAG(s) 'example_setup_teardown' retrieved from /home/airflow/.local/lib/python3.8/site-packages/airflow/example_dags/example_setup_teardown.py
[2024-02-23T17:48:46.651+0000] {logging_mixin.py:188} INFO - [2024-02-23T17:48:46.650+0000] {dag.py:3033} INFO - Sync 1 DAGs
[2024-02-23T17:48:46.684+0000] {logging_mixin.py:188} INFO - [2024-02-23T17:48:46.684+0000] {dag.py:3820} INFO - Setting next_dagrun for example_setup_teardown to 2024-02-22T00:00:00+00:00, run_after=2024-02-23T00:00:00+00:00
[2024-02-23T17:48:46.711+0000] {processor.py:183} INFO - Processing /home/airflow/.local/lib/python3.8/site-packages/airflow/example_dags/example_setup_teardown.py took 0.109 seconds
[2024-02-23T17:49:17.473+0000] {processor.py:161} INFO - Started process (PID=8190) to work on /home/airflow/.local/lib/python3.8/site-packages/airflow/example_dags/example_setup_teardown.py
[2024-02-23T17:49:17.474+0000] {processor.py:830} INFO - Processing file /home/airflow/.local/lib/python3.8/site-packages/airflow/example_dags/example_setup_teardown.py for tasks to queue
[2024-02-23T17:49:17.476+0000] {logging_mixin.py:188} INFO - [2024-02-23T17:49:17.475+0000] {dagbag.py:538} INFO - Filling up the DagBag from /home/airflow/.local/lib/python3.8/site-packages/airflow/example_dags/example_setup_teardown.py
[2024-02-23T17:49:17.488+0000] {processor.py:840} INFO - DAG(s) 'example_setup_teardown' retrieved from /home/airflow/.local/lib/python3.8/site-packages/airflow/example_dags/example_setup_teardown.py
[2024-02-23T17:49:17.512+0000] {logging_mixin.py:188} INFO - [2024-02-23T17:49:17.512+0000] {dag.py:3033} INFO - Sync 1 DAGs
[2024-02-23T17:49:17.540+0000] {logging_mixin.py:188} INFO - [2024-02-23T17:49:17.540+0000] {dag.py:3820} INFO - Setting next_dagrun for example_setup_teardown to 2024-02-22T00:00:00+00:00, run_after=2024-02-23T00:00:00+00:00
[2024-02-23T17:49:17.564+0000] {processor.py:183} INFO - Processing /home/airflow/.local/lib/python3.8/site-packages/airflow/example_dags/example_setup_teardown.py took 0.097 seconds
[2024-02-23T17:49:47.876+0000] {processor.py:161} INFO - Started process (PID=8247) to work on /home/airflow/.local/lib/python3.8/site-packages/airflow/example_dags/example_setup_teardown.py
[2024-02-23T17:49:47.877+0000] {processor.py:830} INFO - Processing file /home/airflow/.local/lib/python3.8/site-packages/airflow/example_dags/example_setup_teardown.py for tasks to queue
[2024-02-23T17:49:47.878+0000] {logging_mixin.py:188} INFO - [2024-02-23T17:49:47.878+0000] {dagbag.py:538} INFO - Filling up the DagBag from /home/airflow/.local/lib/python3.8/site-packages/airflow/example_dags/example_setup_teardown.py
[2024-02-23T17:49:47.887+0000] {processor.py:840} INFO - DAG(s) 'example_setup_teardown' retrieved from /home/airflow/.local/lib/python3.8/site-packages/airflow/example_dags/example_setup_teardown.py
[2024-02-23T17:49:47.913+0000] {logging_mixin.py:188} INFO - [2024-02-23T17:49:47.913+0000] {dag.py:3033} INFO - Sync 1 DAGs
[2024-02-23T17:49:47.939+0000] {logging_mixin.py:188} INFO - [2024-02-23T17:49:47.939+0000] {dag.py:3820} INFO - Setting next_dagrun for example_setup_teardown to 2024-02-22T00:00:00+00:00, run_after=2024-02-23T00:00:00+00:00
[2024-02-23T17:49:47.960+0000] {processor.py:183} INFO - Processing /home/airflow/.local/lib/python3.8/site-packages/airflow/example_dags/example_setup_teardown.py took 0.088 seconds
[2024-02-23T17:50:18.279+0000] {processor.py:161} INFO - Started process (PID=8304) to work on /home/airflow/.local/lib/python3.8/site-packages/airflow/example_dags/example_setup_teardown.py
[2024-02-23T17:50:18.280+0000] {processor.py:830} INFO - Processing file /home/airflow/.local/lib/python3.8/site-packages/airflow/example_dags/example_setup_teardown.py for tasks to queue
[2024-02-23T17:50:18.281+0000] {logging_mixin.py:188} INFO - [2024-02-23T17:50:18.281+0000] {dagbag.py:538} INFO - Filling up the DagBag from /home/airflow/.local/lib/python3.8/site-packages/airflow/example_dags/example_setup_teardown.py
[2024-02-23T17:50:18.290+0000] {processor.py:840} INFO - DAG(s) 'example_setup_teardown' retrieved from /home/airflow/.local/lib/python3.8/site-packages/airflow/example_dags/example_setup_teardown.py
[2024-02-23T17:50:18.313+0000] {logging_mixin.py:188} INFO - [2024-02-23T17:50:18.313+0000] {dag.py:3033} INFO - Sync 1 DAGs
[2024-02-23T17:50:18.343+0000] {logging_mixin.py:188} INFO - [2024-02-23T17:50:18.342+0000] {dag.py:3820} INFO - Setting next_dagrun for example_setup_teardown to 2024-02-22T00:00:00+00:00, run_after=2024-02-23T00:00:00+00:00
[2024-02-23T17:50:18.362+0000] {processor.py:183} INFO - Processing /home/airflow/.local/lib/python3.8/site-packages/airflow/example_dags/example_setup_teardown.py took 0.087 seconds
[2024-02-23T17:50:48.620+0000] {processor.py:161} INFO - Started process (PID=8361) to work on /home/airflow/.local/lib/python3.8/site-packages/airflow/example_dags/example_setup_teardown.py
[2024-02-23T17:50:48.621+0000] {processor.py:830} INFO - Processing file /home/airflow/.local/lib/python3.8/site-packages/airflow/example_dags/example_setup_teardown.py for tasks to queue
[2024-02-23T17:50:48.622+0000] {logging_mixin.py:188} INFO - [2024-02-23T17:50:48.622+0000] {dagbag.py:538} INFO - Filling up the DagBag from /home/airflow/.local/lib/python3.8/site-packages/airflow/example_dags/example_setup_teardown.py
[2024-02-23T17:50:48.632+0000] {processor.py:840} INFO - DAG(s) 'example_setup_teardown' retrieved from /home/airflow/.local/lib/python3.8/site-packages/airflow/example_dags/example_setup_teardown.py
[2024-02-23T17:50:48.659+0000] {logging_mixin.py:188} INFO - [2024-02-23T17:50:48.658+0000] {dag.py:3033} INFO - Sync 1 DAGs
[2024-02-23T17:50:48.689+0000] {logging_mixin.py:188} INFO - [2024-02-23T17:50:48.689+0000] {dag.py:3820} INFO - Setting next_dagrun for example_setup_teardown to 2024-02-22T00:00:00+00:00, run_after=2024-02-23T00:00:00+00:00
[2024-02-23T17:50:48.729+0000] {processor.py:183} INFO - Processing /home/airflow/.local/lib/python3.8/site-packages/airflow/example_dags/example_setup_teardown.py took 0.114 seconds
[2024-02-23T17:51:18.913+0000] {processor.py:161} INFO - Started process (PID=8418) to work on /home/airflow/.local/lib/python3.8/site-packages/airflow/example_dags/example_setup_teardown.py
[2024-02-23T17:51:18.914+0000] {processor.py:830} INFO - Processing file /home/airflow/.local/lib/python3.8/site-packages/airflow/example_dags/example_setup_teardown.py for tasks to queue
[2024-02-23T17:51:18.916+0000] {logging_mixin.py:188} INFO - [2024-02-23T17:51:18.915+0000] {dagbag.py:538} INFO - Filling up the DagBag from /home/airflow/.local/lib/python3.8/site-packages/airflow/example_dags/example_setup_teardown.py
[2024-02-23T17:51:18.926+0000] {processor.py:840} INFO - DAG(s) 'example_setup_teardown' retrieved from /home/airflow/.local/lib/python3.8/site-packages/airflow/example_dags/example_setup_teardown.py
[2024-02-23T17:51:18.952+0000] {logging_mixin.py:188} INFO - [2024-02-23T17:51:18.952+0000] {dag.py:3033} INFO - Sync 1 DAGs
[2024-02-23T17:51:18.981+0000] {logging_mixin.py:188} INFO - [2024-02-23T17:51:18.980+0000] {dag.py:3820} INFO - Setting next_dagrun for example_setup_teardown to 2024-02-22T00:00:00+00:00, run_after=2024-02-23T00:00:00+00:00
[2024-02-23T17:51:19.039+0000] {processor.py:183} INFO - Processing /home/airflow/.local/lib/python3.8/site-packages/airflow/example_dags/example_setup_teardown.py took 0.131 seconds
[2024-02-23T17:51:49.308+0000] {processor.py:161} INFO - Started process (PID=8475) to work on /home/airflow/.local/lib/python3.8/site-packages/airflow/example_dags/example_setup_teardown.py
[2024-02-23T17:51:49.310+0000] {processor.py:830} INFO - Processing file /home/airflow/.local/lib/python3.8/site-packages/airflow/example_dags/example_setup_teardown.py for tasks to queue
[2024-02-23T17:51:49.311+0000] {logging_mixin.py:188} INFO - [2024-02-23T17:51:49.310+0000] {dagbag.py:538} INFO - Filling up the DagBag from /home/airflow/.local/lib/python3.8/site-packages/airflow/example_dags/example_setup_teardown.py
[2024-02-23T17:51:49.322+0000] {processor.py:840} INFO - DAG(s) 'example_setup_teardown' retrieved from /home/airflow/.local/lib/python3.8/site-packages/airflow/example_dags/example_setup_teardown.py
[2024-02-23T17:51:49.350+0000] {logging_mixin.py:188} INFO - [2024-02-23T17:51:49.350+0000] {dag.py:3033} INFO - Sync 1 DAGs
[2024-02-23T17:51:49.376+0000] {logging_mixin.py:188} INFO - [2024-02-23T17:51:49.376+0000] {dag.py:3820} INFO - Setting next_dagrun for example_setup_teardown to 2024-02-22T00:00:00+00:00, run_after=2024-02-23T00:00:00+00:00
[2024-02-23T17:51:49.435+0000] {processor.py:183} INFO - Processing /home/airflow/.local/lib/python3.8/site-packages/airflow/example_dags/example_setup_teardown.py took 0.132 seconds
