[2024-02-23T17:20:12.279+0000] {processor.py:161} INFO - Started process (PID=4916) to work on /home/airflow/.local/lib/python3.8/site-packages/airflow/example_dags/tutorial.py
[2024-02-23T17:20:12.287+0000] {processor.py:830} INFO - Processing file /home/airflow/.local/lib/python3.8/site-packages/airflow/example_dags/tutorial.py for tasks to queue
[2024-02-23T17:20:12.291+0000] {logging_mixin.py:188} INFO - [2024-02-23T17:20:12.290+0000] {dagbag.py:538} INFO - Filling up the DagBag from /home/airflow/.local/lib/python3.8/site-packages/airflow/example_dags/tutorial.py
[2024-02-23T17:20:12.317+0000] {processor.py:840} INFO - DAG(s) 'tutorial' retrieved from /home/airflow/.local/lib/python3.8/site-packages/airflow/example_dags/tutorial.py
[2024-02-23T17:20:12.400+0000] {logging_mixin.py:188} INFO - [2024-02-23T17:20:12.400+0000] {dag.py:3033} INFO - Sync 1 DAGs
[2024-02-23T17:20:12.505+0000] {logging_mixin.py:188} INFO - [2024-02-23T17:20:12.505+0000] {dag.py:3820} INFO - Setting next_dagrun for tutorial to 2024-02-22T00:00:00+00:00, run_after=2024-02-23T00:00:00+00:00
[2024-02-23T17:20:12.591+0000] {processor.py:183} INFO - Processing /home/airflow/.local/lib/python3.8/site-packages/airflow/example_dags/tutorial.py took 0.319 seconds
[2024-02-23T17:20:42.738+0000] {processor.py:161} INFO - Started process (PID=4973) to work on /home/airflow/.local/lib/python3.8/site-packages/airflow/example_dags/tutorial.py
[2024-02-23T17:20:42.742+0000] {processor.py:830} INFO - Processing file /home/airflow/.local/lib/python3.8/site-packages/airflow/example_dags/tutorial.py for tasks to queue
[2024-02-23T17:20:42.751+0000] {logging_mixin.py:188} INFO - [2024-02-23T17:20:42.743+0000] {dagbag.py:538} INFO - Filling up the DagBag from /home/airflow/.local/lib/python3.8/site-packages/airflow/example_dags/tutorial.py
[2024-02-23T17:20:42.787+0000] {processor.py:840} INFO - DAG(s) 'tutorial' retrieved from /home/airflow/.local/lib/python3.8/site-packages/airflow/example_dags/tutorial.py
[2024-02-23T17:20:42.878+0000] {logging_mixin.py:188} INFO - [2024-02-23T17:20:42.878+0000] {dag.py:3033} INFO - Sync 1 DAGs
[2024-02-23T17:20:42.993+0000] {logging_mixin.py:188} INFO - [2024-02-23T17:20:42.993+0000] {dag.py:3820} INFO - Setting next_dagrun for tutorial to 2024-02-22T00:00:00+00:00, run_after=2024-02-23T00:00:00+00:00
[2024-02-23T17:20:43.086+0000] {processor.py:183} INFO - Processing /home/airflow/.local/lib/python3.8/site-packages/airflow/example_dags/tutorial.py took 0.360 seconds
[2024-02-23T17:21:13.871+0000] {processor.py:161} INFO - Started process (PID=5030) to work on /home/airflow/.local/lib/python3.8/site-packages/airflow/example_dags/tutorial.py
[2024-02-23T17:21:13.872+0000] {processor.py:830} INFO - Processing file /home/airflow/.local/lib/python3.8/site-packages/airflow/example_dags/tutorial.py for tasks to queue
[2024-02-23T17:21:13.874+0000] {logging_mixin.py:188} INFO - [2024-02-23T17:21:13.874+0000] {dagbag.py:538} INFO - Filling up the DagBag from /home/airflow/.local/lib/python3.8/site-packages/airflow/example_dags/tutorial.py
[2024-02-23T17:21:13.886+0000] {processor.py:840} INFO - DAG(s) 'tutorial' retrieved from /home/airflow/.local/lib/python3.8/site-packages/airflow/example_dags/tutorial.py
[2024-02-23T17:21:13.918+0000] {logging_mixin.py:188} INFO - [2024-02-23T17:21:13.917+0000] {dag.py:3033} INFO - Sync 1 DAGs
[2024-02-23T17:21:13.968+0000] {logging_mixin.py:188} INFO - [2024-02-23T17:21:13.968+0000] {dag.py:3820} INFO - Setting next_dagrun for tutorial to 2024-02-22T00:00:00+00:00, run_after=2024-02-23T00:00:00+00:00
[2024-02-23T17:21:14.001+0000] {processor.py:183} INFO - Processing /home/airflow/.local/lib/python3.8/site-packages/airflow/example_dags/tutorial.py took 0.136 seconds
[2024-02-23T17:21:44.724+0000] {processor.py:161} INFO - Started process (PID=5087) to work on /home/airflow/.local/lib/python3.8/site-packages/airflow/example_dags/tutorial.py
[2024-02-23T17:21:44.726+0000] {processor.py:830} INFO - Processing file /home/airflow/.local/lib/python3.8/site-packages/airflow/example_dags/tutorial.py for tasks to queue
[2024-02-23T17:21:44.727+0000] {logging_mixin.py:188} INFO - [2024-02-23T17:21:44.727+0000] {dagbag.py:538} INFO - Filling up the DagBag from /home/airflow/.local/lib/python3.8/site-packages/airflow/example_dags/tutorial.py
[2024-02-23T17:21:44.740+0000] {processor.py:840} INFO - DAG(s) 'tutorial' retrieved from /home/airflow/.local/lib/python3.8/site-packages/airflow/example_dags/tutorial.py
[2024-02-23T17:21:44.773+0000] {logging_mixin.py:188} INFO - [2024-02-23T17:21:44.773+0000] {dag.py:3033} INFO - Sync 1 DAGs
[2024-02-23T17:21:44.813+0000] {logging_mixin.py:188} INFO - [2024-02-23T17:21:44.813+0000] {dag.py:3820} INFO - Setting next_dagrun for tutorial to 2024-02-22T00:00:00+00:00, run_after=2024-02-23T00:00:00+00:00
[2024-02-23T17:21:44.845+0000] {processor.py:183} INFO - Processing /home/airflow/.local/lib/python3.8/site-packages/airflow/example_dags/tutorial.py took 0.126 seconds
[2024-02-23T17:22:15.462+0000] {processor.py:161} INFO - Started process (PID=5145) to work on /home/airflow/.local/lib/python3.8/site-packages/airflow/example_dags/tutorial.py
[2024-02-23T17:22:15.464+0000] {processor.py:830} INFO - Processing file /home/airflow/.local/lib/python3.8/site-packages/airflow/example_dags/tutorial.py for tasks to queue
[2024-02-23T17:22:15.465+0000] {logging_mixin.py:188} INFO - [2024-02-23T17:22:15.465+0000] {dagbag.py:538} INFO - Filling up the DagBag from /home/airflow/.local/lib/python3.8/site-packages/airflow/example_dags/tutorial.py
[2024-02-23T17:22:15.474+0000] {processor.py:840} INFO - DAG(s) 'tutorial' retrieved from /home/airflow/.local/lib/python3.8/site-packages/airflow/example_dags/tutorial.py
[2024-02-23T17:22:15.504+0000] {logging_mixin.py:188} INFO - [2024-02-23T17:22:15.504+0000] {dag.py:3033} INFO - Sync 1 DAGs
[2024-02-23T17:22:15.537+0000] {logging_mixin.py:188} INFO - [2024-02-23T17:22:15.537+0000] {dag.py:3820} INFO - Setting next_dagrun for tutorial to 2024-02-22T00:00:00+00:00, run_after=2024-02-23T00:00:00+00:00
[2024-02-23T17:22:15.566+0000] {processor.py:183} INFO - Processing /home/airflow/.local/lib/python3.8/site-packages/airflow/example_dags/tutorial.py took 0.109 seconds
[2024-02-23T17:22:45.943+0000] {processor.py:161} INFO - Started process (PID=5202) to work on /home/airflow/.local/lib/python3.8/site-packages/airflow/example_dags/tutorial.py
[2024-02-23T17:22:45.944+0000] {processor.py:830} INFO - Processing file /home/airflow/.local/lib/python3.8/site-packages/airflow/example_dags/tutorial.py for tasks to queue
[2024-02-23T17:22:45.946+0000] {logging_mixin.py:188} INFO - [2024-02-23T17:22:45.945+0000] {dagbag.py:538} INFO - Filling up the DagBag from /home/airflow/.local/lib/python3.8/site-packages/airflow/example_dags/tutorial.py
[2024-02-23T17:22:45.958+0000] {processor.py:840} INFO - DAG(s) 'tutorial' retrieved from /home/airflow/.local/lib/python3.8/site-packages/airflow/example_dags/tutorial.py
[2024-02-23T17:22:45.986+0000] {logging_mixin.py:188} INFO - [2024-02-23T17:22:45.985+0000] {dag.py:3033} INFO - Sync 1 DAGs
[2024-02-23T17:22:46.025+0000] {logging_mixin.py:188} INFO - [2024-02-23T17:22:46.024+0000] {dag.py:3820} INFO - Setting next_dagrun for tutorial to 2024-02-22T00:00:00+00:00, run_after=2024-02-23T00:00:00+00:00
[2024-02-23T17:22:46.050+0000] {processor.py:183} INFO - Processing /home/airflow/.local/lib/python3.8/site-packages/airflow/example_dags/tutorial.py took 0.112 seconds
[2024-02-23T17:23:16.415+0000] {processor.py:161} INFO - Started process (PID=5259) to work on /home/airflow/.local/lib/python3.8/site-packages/airflow/example_dags/tutorial.py
[2024-02-23T17:23:16.416+0000] {processor.py:830} INFO - Processing file /home/airflow/.local/lib/python3.8/site-packages/airflow/example_dags/tutorial.py for tasks to queue
[2024-02-23T17:23:16.418+0000] {logging_mixin.py:188} INFO - [2024-02-23T17:23:16.417+0000] {dagbag.py:538} INFO - Filling up the DagBag from /home/airflow/.local/lib/python3.8/site-packages/airflow/example_dags/tutorial.py
[2024-02-23T17:23:16.430+0000] {processor.py:840} INFO - DAG(s) 'tutorial' retrieved from /home/airflow/.local/lib/python3.8/site-packages/airflow/example_dags/tutorial.py
[2024-02-23T17:23:16.459+0000] {logging_mixin.py:188} INFO - [2024-02-23T17:23:16.458+0000] {dag.py:3033} INFO - Sync 1 DAGs
[2024-02-23T17:23:16.496+0000] {logging_mixin.py:188} INFO - [2024-02-23T17:23:16.495+0000] {dag.py:3820} INFO - Setting next_dagrun for tutorial to 2024-02-22T00:00:00+00:00, run_after=2024-02-23T00:00:00+00:00
[2024-02-23T17:23:16.524+0000] {processor.py:183} INFO - Processing /home/airflow/.local/lib/python3.8/site-packages/airflow/example_dags/tutorial.py took 0.114 seconds
[2024-02-23T17:23:46.771+0000] {processor.py:161} INFO - Started process (PID=5316) to work on /home/airflow/.local/lib/python3.8/site-packages/airflow/example_dags/tutorial.py
[2024-02-23T17:23:46.772+0000] {processor.py:830} INFO - Processing file /home/airflow/.local/lib/python3.8/site-packages/airflow/example_dags/tutorial.py for tasks to queue
[2024-02-23T17:23:46.773+0000] {logging_mixin.py:188} INFO - [2024-02-23T17:23:46.773+0000] {dagbag.py:538} INFO - Filling up the DagBag from /home/airflow/.local/lib/python3.8/site-packages/airflow/example_dags/tutorial.py
[2024-02-23T17:23:46.783+0000] {processor.py:840} INFO - DAG(s) 'tutorial' retrieved from /home/airflow/.local/lib/python3.8/site-packages/airflow/example_dags/tutorial.py
[2024-02-23T17:23:46.810+0000] {logging_mixin.py:188} INFO - [2024-02-23T17:23:46.810+0000] {dag.py:3033} INFO - Sync 1 DAGs
[2024-02-23T17:23:46.838+0000] {logging_mixin.py:188} INFO - [2024-02-23T17:23:46.838+0000] {dag.py:3820} INFO - Setting next_dagrun for tutorial to 2024-02-22T00:00:00+00:00, run_after=2024-02-23T00:00:00+00:00
[2024-02-23T17:23:46.899+0000] {processor.py:183} INFO - Processing /home/airflow/.local/lib/python3.8/site-packages/airflow/example_dags/tutorial.py took 0.132 seconds
[2024-02-23T17:24:16.983+0000] {processor.py:161} INFO - Started process (PID=5373) to work on /home/airflow/.local/lib/python3.8/site-packages/airflow/example_dags/tutorial.py
[2024-02-23T17:24:16.984+0000] {processor.py:830} INFO - Processing file /home/airflow/.local/lib/python3.8/site-packages/airflow/example_dags/tutorial.py for tasks to queue
[2024-02-23T17:24:16.986+0000] {logging_mixin.py:188} INFO - [2024-02-23T17:24:16.986+0000] {dagbag.py:538} INFO - Filling up the DagBag from /home/airflow/.local/lib/python3.8/site-packages/airflow/example_dags/tutorial.py
[2024-02-23T17:24:16.997+0000] {processor.py:840} INFO - DAG(s) 'tutorial' retrieved from /home/airflow/.local/lib/python3.8/site-packages/airflow/example_dags/tutorial.py
[2024-02-23T17:24:17.028+0000] {logging_mixin.py:188} INFO - [2024-02-23T17:24:17.027+0000] {dag.py:3033} INFO - Sync 1 DAGs
[2024-02-23T17:24:17.061+0000] {logging_mixin.py:188} INFO - [2024-02-23T17:24:17.061+0000] {dag.py:3820} INFO - Setting next_dagrun for tutorial to 2024-02-22T00:00:00+00:00, run_after=2024-02-23T00:00:00+00:00
[2024-02-23T17:24:17.090+0000] {processor.py:183} INFO - Processing /home/airflow/.local/lib/python3.8/site-packages/airflow/example_dags/tutorial.py took 0.111 seconds
[2024-02-23T17:24:47.402+0000] {processor.py:161} INFO - Started process (PID=5430) to work on /home/airflow/.local/lib/python3.8/site-packages/airflow/example_dags/tutorial.py
[2024-02-23T17:24:47.403+0000] {processor.py:830} INFO - Processing file /home/airflow/.local/lib/python3.8/site-packages/airflow/example_dags/tutorial.py for tasks to queue
[2024-02-23T17:24:47.404+0000] {logging_mixin.py:188} INFO - [2024-02-23T17:24:47.404+0000] {dagbag.py:538} INFO - Filling up the DagBag from /home/airflow/.local/lib/python3.8/site-packages/airflow/example_dags/tutorial.py
[2024-02-23T17:24:47.413+0000] {processor.py:840} INFO - DAG(s) 'tutorial' retrieved from /home/airflow/.local/lib/python3.8/site-packages/airflow/example_dags/tutorial.py
[2024-02-23T17:24:47.445+0000] {logging_mixin.py:188} INFO - [2024-02-23T17:24:47.445+0000] {dag.py:3033} INFO - Sync 1 DAGs
[2024-02-23T17:24:47.476+0000] {logging_mixin.py:188} INFO - [2024-02-23T17:24:47.476+0000] {dag.py:3820} INFO - Setting next_dagrun for tutorial to 2024-02-22T00:00:00+00:00, run_after=2024-02-23T00:00:00+00:00
[2024-02-23T17:24:47.540+0000] {processor.py:183} INFO - Processing /home/airflow/.local/lib/python3.8/site-packages/airflow/example_dags/tutorial.py took 0.143 seconds
[2024-02-23T17:25:17.607+0000] {processor.py:161} INFO - Started process (PID=5488) to work on /home/airflow/.local/lib/python3.8/site-packages/airflow/example_dags/tutorial.py
[2024-02-23T17:25:17.609+0000] {processor.py:830} INFO - Processing file /home/airflow/.local/lib/python3.8/site-packages/airflow/example_dags/tutorial.py for tasks to queue
[2024-02-23T17:25:17.610+0000] {logging_mixin.py:188} INFO - [2024-02-23T17:25:17.609+0000] {dagbag.py:538} INFO - Filling up the DagBag from /home/airflow/.local/lib/python3.8/site-packages/airflow/example_dags/tutorial.py
[2024-02-23T17:25:17.623+0000] {processor.py:840} INFO - DAG(s) 'tutorial' retrieved from /home/airflow/.local/lib/python3.8/site-packages/airflow/example_dags/tutorial.py
[2024-02-23T17:25:17.651+0000] {logging_mixin.py:188} INFO - [2024-02-23T17:25:17.651+0000] {dag.py:3033} INFO - Sync 1 DAGs
[2024-02-23T17:25:17.684+0000] {logging_mixin.py:188} INFO - [2024-02-23T17:25:17.684+0000] {dag.py:3820} INFO - Setting next_dagrun for tutorial to 2024-02-22T00:00:00+00:00, run_after=2024-02-23T00:00:00+00:00
[2024-02-23T17:25:17.714+0000] {processor.py:183} INFO - Processing /home/airflow/.local/lib/python3.8/site-packages/airflow/example_dags/tutorial.py took 0.112 seconds
[2024-02-23T17:25:47.892+0000] {processor.py:161} INFO - Started process (PID=5545) to work on /home/airflow/.local/lib/python3.8/site-packages/airflow/example_dags/tutorial.py
[2024-02-23T17:25:47.893+0000] {processor.py:830} INFO - Processing file /home/airflow/.local/lib/python3.8/site-packages/airflow/example_dags/tutorial.py for tasks to queue
[2024-02-23T17:25:47.894+0000] {logging_mixin.py:188} INFO - [2024-02-23T17:25:47.894+0000] {dagbag.py:538} INFO - Filling up the DagBag from /home/airflow/.local/lib/python3.8/site-packages/airflow/example_dags/tutorial.py
[2024-02-23T17:25:47.904+0000] {processor.py:840} INFO - DAG(s) 'tutorial' retrieved from /home/airflow/.local/lib/python3.8/site-packages/airflow/example_dags/tutorial.py
[2024-02-23T17:25:47.930+0000] {logging_mixin.py:188} INFO - [2024-02-23T17:25:47.930+0000] {dag.py:3033} INFO - Sync 1 DAGs
[2024-02-23T17:25:47.962+0000] {logging_mixin.py:188} INFO - [2024-02-23T17:25:47.962+0000] {dag.py:3820} INFO - Setting next_dagrun for tutorial to 2024-02-22T00:00:00+00:00, run_after=2024-02-23T00:00:00+00:00
[2024-02-23T17:25:47.985+0000] {processor.py:183} INFO - Processing /home/airflow/.local/lib/python3.8/site-packages/airflow/example_dags/tutorial.py took 0.097 seconds
[2024-02-23T17:26:18.396+0000] {processor.py:161} INFO - Started process (PID=5602) to work on /home/airflow/.local/lib/python3.8/site-packages/airflow/example_dags/tutorial.py
[2024-02-23T17:26:18.397+0000] {processor.py:830} INFO - Processing file /home/airflow/.local/lib/python3.8/site-packages/airflow/example_dags/tutorial.py for tasks to queue
[2024-02-23T17:26:18.399+0000] {logging_mixin.py:188} INFO - [2024-02-23T17:26:18.398+0000] {dagbag.py:538} INFO - Filling up the DagBag from /home/airflow/.local/lib/python3.8/site-packages/airflow/example_dags/tutorial.py
[2024-02-23T17:26:18.409+0000] {processor.py:840} INFO - DAG(s) 'tutorial' retrieved from /home/airflow/.local/lib/python3.8/site-packages/airflow/example_dags/tutorial.py
[2024-02-23T17:26:18.436+0000] {logging_mixin.py:188} INFO - [2024-02-23T17:26:18.436+0000] {dag.py:3033} INFO - Sync 1 DAGs
[2024-02-23T17:26:18.467+0000] {logging_mixin.py:188} INFO - [2024-02-23T17:26:18.467+0000] {dag.py:3820} INFO - Setting next_dagrun for tutorial to 2024-02-22T00:00:00+00:00, run_after=2024-02-23T00:00:00+00:00
[2024-02-23T17:26:18.524+0000] {processor.py:183} INFO - Processing /home/airflow/.local/lib/python3.8/site-packages/airflow/example_dags/tutorial.py took 0.133 seconds
[2024-02-23T17:26:49.013+0000] {processor.py:161} INFO - Started process (PID=5659) to work on /home/airflow/.local/lib/python3.8/site-packages/airflow/example_dags/tutorial.py
[2024-02-23T17:26:49.014+0000] {processor.py:830} INFO - Processing file /home/airflow/.local/lib/python3.8/site-packages/airflow/example_dags/tutorial.py for tasks to queue
[2024-02-23T17:26:49.016+0000] {logging_mixin.py:188} INFO - [2024-02-23T17:26:49.015+0000] {dagbag.py:538} INFO - Filling up the DagBag from /home/airflow/.local/lib/python3.8/site-packages/airflow/example_dags/tutorial.py
[2024-02-23T17:26:49.028+0000] {processor.py:840} INFO - DAG(s) 'tutorial' retrieved from /home/airflow/.local/lib/python3.8/site-packages/airflow/example_dags/tutorial.py
[2024-02-23T17:26:49.059+0000] {logging_mixin.py:188} INFO - [2024-02-23T17:26:49.059+0000] {dag.py:3033} INFO - Sync 1 DAGs
[2024-02-23T17:26:49.099+0000] {logging_mixin.py:188} INFO - [2024-02-23T17:26:49.098+0000] {dag.py:3820} INFO - Setting next_dagrun for tutorial to 2024-02-22T00:00:00+00:00, run_after=2024-02-23T00:00:00+00:00
[2024-02-23T17:26:49.129+0000] {processor.py:183} INFO - Processing /home/airflow/.local/lib/python3.8/site-packages/airflow/example_dags/tutorial.py took 0.122 seconds
[2024-02-23T17:27:19.612+0000] {processor.py:161} INFO - Started process (PID=5716) to work on /home/airflow/.local/lib/python3.8/site-packages/airflow/example_dags/tutorial.py
[2024-02-23T17:27:19.614+0000] {processor.py:830} INFO - Processing file /home/airflow/.local/lib/python3.8/site-packages/airflow/example_dags/tutorial.py for tasks to queue
[2024-02-23T17:27:19.615+0000] {logging_mixin.py:188} INFO - [2024-02-23T17:27:19.615+0000] {dagbag.py:538} INFO - Filling up the DagBag from /home/airflow/.local/lib/python3.8/site-packages/airflow/example_dags/tutorial.py
[2024-02-23T17:27:19.626+0000] {processor.py:840} INFO - DAG(s) 'tutorial' retrieved from /home/airflow/.local/lib/python3.8/site-packages/airflow/example_dags/tutorial.py
[2024-02-23T17:27:19.652+0000] {logging_mixin.py:188} INFO - [2024-02-23T17:27:19.652+0000] {dag.py:3033} INFO - Sync 1 DAGs
[2024-02-23T17:27:19.679+0000] {logging_mixin.py:188} INFO - [2024-02-23T17:27:19.678+0000] {dag.py:3820} INFO - Setting next_dagrun for tutorial to 2024-02-22T00:00:00+00:00, run_after=2024-02-23T00:00:00+00:00
[2024-02-23T17:27:19.738+0000] {processor.py:183} INFO - Processing /home/airflow/.local/lib/python3.8/site-packages/airflow/example_dags/tutorial.py took 0.130 seconds
[2024-02-23T17:27:50.714+0000] {processor.py:161} INFO - Started process (PID=5773) to work on /home/airflow/.local/lib/python3.8/site-packages/airflow/example_dags/tutorial.py
[2024-02-23T17:27:50.715+0000] {processor.py:830} INFO - Processing file /home/airflow/.local/lib/python3.8/site-packages/airflow/example_dags/tutorial.py for tasks to queue
[2024-02-23T17:27:50.717+0000] {logging_mixin.py:188} INFO - [2024-02-23T17:27:50.716+0000] {dagbag.py:538} INFO - Filling up the DagBag from /home/airflow/.local/lib/python3.8/site-packages/airflow/example_dags/tutorial.py
[2024-02-23T17:27:50.727+0000] {processor.py:840} INFO - DAG(s) 'tutorial' retrieved from /home/airflow/.local/lib/python3.8/site-packages/airflow/example_dags/tutorial.py
[2024-02-23T17:27:50.754+0000] {logging_mixin.py:188} INFO - [2024-02-23T17:27:50.754+0000] {dag.py:3033} INFO - Sync 1 DAGs
[2024-02-23T17:27:50.780+0000] {logging_mixin.py:188} INFO - [2024-02-23T17:27:50.780+0000] {dag.py:3820} INFO - Setting next_dagrun for tutorial to 2024-02-22T00:00:00+00:00, run_after=2024-02-23T00:00:00+00:00
[2024-02-23T17:27:50.846+0000] {processor.py:183} INFO - Processing /home/airflow/.local/lib/python3.8/site-packages/airflow/example_dags/tutorial.py took 0.136 seconds
[2024-02-23T17:28:21.306+0000] {processor.py:161} INFO - Started process (PID=5830) to work on /home/airflow/.local/lib/python3.8/site-packages/airflow/example_dags/tutorial.py
[2024-02-23T17:28:21.307+0000] {processor.py:830} INFO - Processing file /home/airflow/.local/lib/python3.8/site-packages/airflow/example_dags/tutorial.py for tasks to queue
[2024-02-23T17:28:21.309+0000] {logging_mixin.py:188} INFO - [2024-02-23T17:28:21.308+0000] {dagbag.py:538} INFO - Filling up the DagBag from /home/airflow/.local/lib/python3.8/site-packages/airflow/example_dags/tutorial.py
[2024-02-23T17:28:21.322+0000] {processor.py:840} INFO - DAG(s) 'tutorial' retrieved from /home/airflow/.local/lib/python3.8/site-packages/airflow/example_dags/tutorial.py
[2024-02-23T17:28:21.356+0000] {logging_mixin.py:188} INFO - [2024-02-23T17:28:21.356+0000] {dag.py:3033} INFO - Sync 1 DAGs
[2024-02-23T17:28:21.386+0000] {logging_mixin.py:188} INFO - [2024-02-23T17:28:21.386+0000] {dag.py:3820} INFO - Setting next_dagrun for tutorial to 2024-02-22T00:00:00+00:00, run_after=2024-02-23T00:00:00+00:00
[2024-02-23T17:28:21.430+0000] {processor.py:183} INFO - Processing /home/airflow/.local/lib/python3.8/site-packages/airflow/example_dags/tutorial.py took 0.128 seconds
[2024-02-23T17:28:51.839+0000] {processor.py:161} INFO - Started process (PID=5887) to work on /home/airflow/.local/lib/python3.8/site-packages/airflow/example_dags/tutorial.py
[2024-02-23T17:28:51.840+0000] {processor.py:830} INFO - Processing file /home/airflow/.local/lib/python3.8/site-packages/airflow/example_dags/tutorial.py for tasks to queue
[2024-02-23T17:28:51.841+0000] {logging_mixin.py:188} INFO - [2024-02-23T17:28:51.841+0000] {dagbag.py:538} INFO - Filling up the DagBag from /home/airflow/.local/lib/python3.8/site-packages/airflow/example_dags/tutorial.py
[2024-02-23T17:28:51.850+0000] {processor.py:840} INFO - DAG(s) 'tutorial' retrieved from /home/airflow/.local/lib/python3.8/site-packages/airflow/example_dags/tutorial.py
[2024-02-23T17:28:51.878+0000] {logging_mixin.py:188} INFO - [2024-02-23T17:28:51.877+0000] {dag.py:3033} INFO - Sync 1 DAGs
[2024-02-23T17:28:51.907+0000] {logging_mixin.py:188} INFO - [2024-02-23T17:28:51.907+0000] {dag.py:3820} INFO - Setting next_dagrun for tutorial to 2024-02-22T00:00:00+00:00, run_after=2024-02-23T00:00:00+00:00
[2024-02-23T17:28:51.967+0000] {processor.py:183} INFO - Processing /home/airflow/.local/lib/python3.8/site-packages/airflow/example_dags/tutorial.py took 0.132 seconds
[2024-02-23T17:29:22.572+0000] {processor.py:161} INFO - Started process (PID=5944) to work on /home/airflow/.local/lib/python3.8/site-packages/airflow/example_dags/tutorial.py
[2024-02-23T17:29:22.574+0000] {processor.py:830} INFO - Processing file /home/airflow/.local/lib/python3.8/site-packages/airflow/example_dags/tutorial.py for tasks to queue
[2024-02-23T17:29:22.575+0000] {logging_mixin.py:188} INFO - [2024-02-23T17:29:22.575+0000] {dagbag.py:538} INFO - Filling up the DagBag from /home/airflow/.local/lib/python3.8/site-packages/airflow/example_dags/tutorial.py
[2024-02-23T17:29:22.585+0000] {processor.py:840} INFO - DAG(s) 'tutorial' retrieved from /home/airflow/.local/lib/python3.8/site-packages/airflow/example_dags/tutorial.py
[2024-02-23T17:29:22.617+0000] {logging_mixin.py:188} INFO - [2024-02-23T17:29:22.617+0000] {dag.py:3033} INFO - Sync 1 DAGs
[2024-02-23T17:29:22.649+0000] {logging_mixin.py:188} INFO - [2024-02-23T17:29:22.649+0000] {dag.py:3820} INFO - Setting next_dagrun for tutorial to 2024-02-22T00:00:00+00:00, run_after=2024-02-23T00:00:00+00:00
[2024-02-23T17:29:22.723+0000] {processor.py:183} INFO - Processing /home/airflow/.local/lib/python3.8/site-packages/airflow/example_dags/tutorial.py took 0.156 seconds
[2024-02-23T17:29:52.960+0000] {processor.py:161} INFO - Started process (PID=6001) to work on /home/airflow/.local/lib/python3.8/site-packages/airflow/example_dags/tutorial.py
[2024-02-23T17:29:52.962+0000] {processor.py:830} INFO - Processing file /home/airflow/.local/lib/python3.8/site-packages/airflow/example_dags/tutorial.py for tasks to queue
[2024-02-23T17:29:52.964+0000] {logging_mixin.py:188} INFO - [2024-02-23T17:29:52.963+0000] {dagbag.py:538} INFO - Filling up the DagBag from /home/airflow/.local/lib/python3.8/site-packages/airflow/example_dags/tutorial.py
[2024-02-23T17:29:52.974+0000] {processor.py:840} INFO - DAG(s) 'tutorial' retrieved from /home/airflow/.local/lib/python3.8/site-packages/airflow/example_dags/tutorial.py
[2024-02-23T17:29:53.003+0000] {logging_mixin.py:188} INFO - [2024-02-23T17:29:53.003+0000] {dag.py:3033} INFO - Sync 1 DAGs
[2024-02-23T17:29:53.034+0000] {logging_mixin.py:188} INFO - [2024-02-23T17:29:53.034+0000] {dag.py:3820} INFO - Setting next_dagrun for tutorial to 2024-02-22T00:00:00+00:00, run_after=2024-02-23T00:00:00+00:00
[2024-02-23T17:29:53.058+0000] {processor.py:183} INFO - Processing /home/airflow/.local/lib/python3.8/site-packages/airflow/example_dags/tutorial.py took 0.101 seconds
[2024-02-23T17:30:23.333+0000] {processor.py:161} INFO - Started process (PID=6058) to work on /home/airflow/.local/lib/python3.8/site-packages/airflow/example_dags/tutorial.py
[2024-02-23T17:30:23.335+0000] {processor.py:830} INFO - Processing file /home/airflow/.local/lib/python3.8/site-packages/airflow/example_dags/tutorial.py for tasks to queue
[2024-02-23T17:30:23.336+0000] {logging_mixin.py:188} INFO - [2024-02-23T17:30:23.336+0000] {dagbag.py:538} INFO - Filling up the DagBag from /home/airflow/.local/lib/python3.8/site-packages/airflow/example_dags/tutorial.py
[2024-02-23T17:30:23.353+0000] {processor.py:840} INFO - DAG(s) 'tutorial' retrieved from /home/airflow/.local/lib/python3.8/site-packages/airflow/example_dags/tutorial.py
[2024-02-23T17:30:23.382+0000] {logging_mixin.py:188} INFO - [2024-02-23T17:30:23.382+0000] {dag.py:3033} INFO - Sync 1 DAGs
[2024-02-23T17:30:23.415+0000] {logging_mixin.py:188} INFO - [2024-02-23T17:30:23.415+0000] {dag.py:3820} INFO - Setting next_dagrun for tutorial to 2024-02-22T00:00:00+00:00, run_after=2024-02-23T00:00:00+00:00
[2024-02-23T17:30:23.440+0000] {processor.py:183} INFO - Processing /home/airflow/.local/lib/python3.8/site-packages/airflow/example_dags/tutorial.py took 0.113 seconds
[2024-02-23T17:30:53.640+0000] {processor.py:161} INFO - Started process (PID=6115) to work on /home/airflow/.local/lib/python3.8/site-packages/airflow/example_dags/tutorial.py
[2024-02-23T17:30:53.641+0000] {processor.py:830} INFO - Processing file /home/airflow/.local/lib/python3.8/site-packages/airflow/example_dags/tutorial.py for tasks to queue
[2024-02-23T17:30:53.643+0000] {logging_mixin.py:188} INFO - [2024-02-23T17:30:53.642+0000] {dagbag.py:538} INFO - Filling up the DagBag from /home/airflow/.local/lib/python3.8/site-packages/airflow/example_dags/tutorial.py
[2024-02-23T17:30:53.652+0000] {processor.py:840} INFO - DAG(s) 'tutorial' retrieved from /home/airflow/.local/lib/python3.8/site-packages/airflow/example_dags/tutorial.py
[2024-02-23T17:30:53.677+0000] {logging_mixin.py:188} INFO - [2024-02-23T17:30:53.677+0000] {dag.py:3033} INFO - Sync 1 DAGs
[2024-02-23T17:30:53.704+0000] {logging_mixin.py:188} INFO - [2024-02-23T17:30:53.704+0000] {dag.py:3820} INFO - Setting next_dagrun for tutorial to 2024-02-22T00:00:00+00:00, run_after=2024-02-23T00:00:00+00:00
[2024-02-23T17:30:53.726+0000] {processor.py:183} INFO - Processing /home/airflow/.local/lib/python3.8/site-packages/airflow/example_dags/tutorial.py took 0.090 seconds
[2024-02-23T17:31:24.249+0000] {processor.py:161} INFO - Started process (PID=6172) to work on /home/airflow/.local/lib/python3.8/site-packages/airflow/example_dags/tutorial.py
[2024-02-23T17:31:24.251+0000] {processor.py:830} INFO - Processing file /home/airflow/.local/lib/python3.8/site-packages/airflow/example_dags/tutorial.py for tasks to queue
[2024-02-23T17:31:24.252+0000] {logging_mixin.py:188} INFO - [2024-02-23T17:31:24.252+0000] {dagbag.py:538} INFO - Filling up the DagBag from /home/airflow/.local/lib/python3.8/site-packages/airflow/example_dags/tutorial.py
[2024-02-23T17:31:24.263+0000] {processor.py:840} INFO - DAG(s) 'tutorial' retrieved from /home/airflow/.local/lib/python3.8/site-packages/airflow/example_dags/tutorial.py
[2024-02-23T17:31:24.291+0000] {logging_mixin.py:188} INFO - [2024-02-23T17:31:24.290+0000] {dag.py:3033} INFO - Sync 1 DAGs
[2024-02-23T17:31:24.318+0000] {logging_mixin.py:188} INFO - [2024-02-23T17:31:24.318+0000] {dag.py:3820} INFO - Setting next_dagrun for tutorial to 2024-02-22T00:00:00+00:00, run_after=2024-02-23T00:00:00+00:00
[2024-02-23T17:31:24.344+0000] {processor.py:183} INFO - Processing /home/airflow/.local/lib/python3.8/site-packages/airflow/example_dags/tutorial.py took 0.099 seconds
[2024-02-23T17:31:55.164+0000] {processor.py:161} INFO - Started process (PID=6229) to work on /home/airflow/.local/lib/python3.8/site-packages/airflow/example_dags/tutorial.py
[2024-02-23T17:31:55.165+0000] {processor.py:830} INFO - Processing file /home/airflow/.local/lib/python3.8/site-packages/airflow/example_dags/tutorial.py for tasks to queue
[2024-02-23T17:31:55.167+0000] {logging_mixin.py:188} INFO - [2024-02-23T17:31:55.166+0000] {dagbag.py:538} INFO - Filling up the DagBag from /home/airflow/.local/lib/python3.8/site-packages/airflow/example_dags/tutorial.py
[2024-02-23T17:31:55.175+0000] {processor.py:840} INFO - DAG(s) 'tutorial' retrieved from /home/airflow/.local/lib/python3.8/site-packages/airflow/example_dags/tutorial.py
[2024-02-23T17:31:55.199+0000] {logging_mixin.py:188} INFO - [2024-02-23T17:31:55.199+0000] {dag.py:3033} INFO - Sync 1 DAGs
[2024-02-23T17:31:55.223+0000] {logging_mixin.py:188} INFO - [2024-02-23T17:31:55.223+0000] {dag.py:3820} INFO - Setting next_dagrun for tutorial to 2024-02-22T00:00:00+00:00, run_after=2024-02-23T00:00:00+00:00
[2024-02-23T17:31:55.281+0000] {processor.py:183} INFO - Processing /home/airflow/.local/lib/python3.8/site-packages/airflow/example_dags/tutorial.py took 0.121 seconds
[2024-02-23T17:32:26.072+0000] {processor.py:161} INFO - Started process (PID=6286) to work on /home/airflow/.local/lib/python3.8/site-packages/airflow/example_dags/tutorial.py
[2024-02-23T17:32:26.073+0000] {processor.py:830} INFO - Processing file /home/airflow/.local/lib/python3.8/site-packages/airflow/example_dags/tutorial.py for tasks to queue
[2024-02-23T17:32:26.074+0000] {logging_mixin.py:188} INFO - [2024-02-23T17:32:26.074+0000] {dagbag.py:538} INFO - Filling up the DagBag from /home/airflow/.local/lib/python3.8/site-packages/airflow/example_dags/tutorial.py
[2024-02-23T17:32:26.086+0000] {processor.py:840} INFO - DAG(s) 'tutorial' retrieved from /home/airflow/.local/lib/python3.8/site-packages/airflow/example_dags/tutorial.py
[2024-02-23T17:32:26.114+0000] {logging_mixin.py:188} INFO - [2024-02-23T17:32:26.114+0000] {dag.py:3033} INFO - Sync 1 DAGs
[2024-02-23T17:32:26.151+0000] {logging_mixin.py:188} INFO - [2024-02-23T17:32:26.151+0000] {dag.py:3820} INFO - Setting next_dagrun for tutorial to 2024-02-22T00:00:00+00:00, run_after=2024-02-23T00:00:00+00:00
[2024-02-23T17:32:26.181+0000] {processor.py:183} INFO - Processing /home/airflow/.local/lib/python3.8/site-packages/airflow/example_dags/tutorial.py took 0.114 seconds
[2024-02-23T17:32:56.469+0000] {processor.py:161} INFO - Started process (PID=6343) to work on /home/airflow/.local/lib/python3.8/site-packages/airflow/example_dags/tutorial.py
[2024-02-23T17:32:56.470+0000] {processor.py:830} INFO - Processing file /home/airflow/.local/lib/python3.8/site-packages/airflow/example_dags/tutorial.py for tasks to queue
[2024-02-23T17:32:56.472+0000] {logging_mixin.py:188} INFO - [2024-02-23T17:32:56.471+0000] {dagbag.py:538} INFO - Filling up the DagBag from /home/airflow/.local/lib/python3.8/site-packages/airflow/example_dags/tutorial.py
[2024-02-23T17:32:56.480+0000] {processor.py:840} INFO - DAG(s) 'tutorial' retrieved from /home/airflow/.local/lib/python3.8/site-packages/airflow/example_dags/tutorial.py
[2024-02-23T17:32:56.507+0000] {logging_mixin.py:188} INFO - [2024-02-23T17:32:56.507+0000] {dag.py:3033} INFO - Sync 1 DAGs
[2024-02-23T17:32:56.534+0000] {logging_mixin.py:188} INFO - [2024-02-23T17:32:56.534+0000] {dag.py:3820} INFO - Setting next_dagrun for tutorial to 2024-02-22T00:00:00+00:00, run_after=2024-02-23T00:00:00+00:00
[2024-02-23T17:32:56.557+0000] {processor.py:183} INFO - Processing /home/airflow/.local/lib/python3.8/site-packages/airflow/example_dags/tutorial.py took 0.093 seconds
[2024-02-23T17:33:26.978+0000] {processor.py:161} INFO - Started process (PID=6400) to work on /home/airflow/.local/lib/python3.8/site-packages/airflow/example_dags/tutorial.py
[2024-02-23T17:33:26.979+0000] {processor.py:830} INFO - Processing file /home/airflow/.local/lib/python3.8/site-packages/airflow/example_dags/tutorial.py for tasks to queue
[2024-02-23T17:33:26.981+0000] {logging_mixin.py:188} INFO - [2024-02-23T17:33:26.980+0000] {dagbag.py:538} INFO - Filling up the DagBag from /home/airflow/.local/lib/python3.8/site-packages/airflow/example_dags/tutorial.py
[2024-02-23T17:33:26.992+0000] {processor.py:840} INFO - DAG(s) 'tutorial' retrieved from /home/airflow/.local/lib/python3.8/site-packages/airflow/example_dags/tutorial.py
[2024-02-23T17:33:27.018+0000] {logging_mixin.py:188} INFO - [2024-02-23T17:33:27.017+0000] {dag.py:3033} INFO - Sync 1 DAGs
[2024-02-23T17:33:27.045+0000] {logging_mixin.py:188} INFO - [2024-02-23T17:33:27.045+0000] {dag.py:3820} INFO - Setting next_dagrun for tutorial to 2024-02-22T00:00:00+00:00, run_after=2024-02-23T00:00:00+00:00
[2024-02-23T17:33:27.073+0000] {processor.py:183} INFO - Processing /home/airflow/.local/lib/python3.8/site-packages/airflow/example_dags/tutorial.py took 0.099 seconds
[2024-02-23T17:33:57.477+0000] {processor.py:161} INFO - Started process (PID=6457) to work on /home/airflow/.local/lib/python3.8/site-packages/airflow/example_dags/tutorial.py
[2024-02-23T17:33:57.479+0000] {processor.py:830} INFO - Processing file /home/airflow/.local/lib/python3.8/site-packages/airflow/example_dags/tutorial.py for tasks to queue
[2024-02-23T17:33:57.480+0000] {logging_mixin.py:188} INFO - [2024-02-23T17:33:57.480+0000] {dagbag.py:538} INFO - Filling up the DagBag from /home/airflow/.local/lib/python3.8/site-packages/airflow/example_dags/tutorial.py
[2024-02-23T17:33:57.489+0000] {processor.py:840} INFO - DAG(s) 'tutorial' retrieved from /home/airflow/.local/lib/python3.8/site-packages/airflow/example_dags/tutorial.py
[2024-02-23T17:33:57.513+0000] {logging_mixin.py:188} INFO - [2024-02-23T17:33:57.513+0000] {dag.py:3033} INFO - Sync 1 DAGs
[2024-02-23T17:33:57.540+0000] {logging_mixin.py:188} INFO - [2024-02-23T17:33:57.539+0000] {dag.py:3820} INFO - Setting next_dagrun for tutorial to 2024-02-22T00:00:00+00:00, run_after=2024-02-23T00:00:00+00:00
[2024-02-23T17:33:57.562+0000] {processor.py:183} INFO - Processing /home/airflow/.local/lib/python3.8/site-packages/airflow/example_dags/tutorial.py took 0.089 seconds
[2024-02-23T17:34:28.426+0000] {processor.py:161} INFO - Started process (PID=6515) to work on /home/airflow/.local/lib/python3.8/site-packages/airflow/example_dags/tutorial.py
[2024-02-23T17:34:28.427+0000] {processor.py:830} INFO - Processing file /home/airflow/.local/lib/python3.8/site-packages/airflow/example_dags/tutorial.py for tasks to queue
[2024-02-23T17:34:28.428+0000] {logging_mixin.py:188} INFO - [2024-02-23T17:34:28.428+0000] {dagbag.py:538} INFO - Filling up the DagBag from /home/airflow/.local/lib/python3.8/site-packages/airflow/example_dags/tutorial.py
[2024-02-23T17:34:28.438+0000] {processor.py:840} INFO - DAG(s) 'tutorial' retrieved from /home/airflow/.local/lib/python3.8/site-packages/airflow/example_dags/tutorial.py
[2024-02-23T17:34:28.464+0000] {logging_mixin.py:188} INFO - [2024-02-23T17:34:28.464+0000] {dag.py:3033} INFO - Sync 1 DAGs
[2024-02-23T17:34:28.492+0000] {logging_mixin.py:188} INFO - [2024-02-23T17:34:28.492+0000] {dag.py:3820} INFO - Setting next_dagrun for tutorial to 2024-02-22T00:00:00+00:00, run_after=2024-02-23T00:00:00+00:00
[2024-02-23T17:34:28.518+0000] {processor.py:183} INFO - Processing /home/airflow/.local/lib/python3.8/site-packages/airflow/example_dags/tutorial.py took 0.096 seconds
[2024-02-23T17:34:58.802+0000] {processor.py:161} INFO - Started process (PID=6572) to work on /home/airflow/.local/lib/python3.8/site-packages/airflow/example_dags/tutorial.py
[2024-02-23T17:34:58.803+0000] {processor.py:830} INFO - Processing file /home/airflow/.local/lib/python3.8/site-packages/airflow/example_dags/tutorial.py for tasks to queue
[2024-02-23T17:34:58.804+0000] {logging_mixin.py:188} INFO - [2024-02-23T17:34:58.804+0000] {dagbag.py:538} INFO - Filling up the DagBag from /home/airflow/.local/lib/python3.8/site-packages/airflow/example_dags/tutorial.py
[2024-02-23T17:34:58.814+0000] {processor.py:840} INFO - DAG(s) 'tutorial' retrieved from /home/airflow/.local/lib/python3.8/site-packages/airflow/example_dags/tutorial.py
[2024-02-23T17:34:58.840+0000] {logging_mixin.py:188} INFO - [2024-02-23T17:34:58.840+0000] {dag.py:3033} INFO - Sync 1 DAGs
[2024-02-23T17:34:58.869+0000] {logging_mixin.py:188} INFO - [2024-02-23T17:34:58.869+0000] {dag.py:3820} INFO - Setting next_dagrun for tutorial to 2024-02-22T00:00:00+00:00, run_after=2024-02-23T00:00:00+00:00
[2024-02-23T17:34:58.893+0000] {processor.py:183} INFO - Processing /home/airflow/.local/lib/python3.8/site-packages/airflow/example_dags/tutorial.py took 0.097 seconds
[2024-02-23T17:35:29.020+0000] {processor.py:161} INFO - Started process (PID=6629) to work on /home/airflow/.local/lib/python3.8/site-packages/airflow/example_dags/tutorial.py
[2024-02-23T17:35:29.022+0000] {processor.py:830} INFO - Processing file /home/airflow/.local/lib/python3.8/site-packages/airflow/example_dags/tutorial.py for tasks to queue
[2024-02-23T17:35:29.023+0000] {logging_mixin.py:188} INFO - [2024-02-23T17:35:29.023+0000] {dagbag.py:538} INFO - Filling up the DagBag from /home/airflow/.local/lib/python3.8/site-packages/airflow/example_dags/tutorial.py
[2024-02-23T17:35:29.034+0000] {processor.py:840} INFO - DAG(s) 'tutorial' retrieved from /home/airflow/.local/lib/python3.8/site-packages/airflow/example_dags/tutorial.py
[2024-02-23T17:35:29.063+0000] {logging_mixin.py:188} INFO - [2024-02-23T17:35:29.062+0000] {dag.py:3033} INFO - Sync 1 DAGs
[2024-02-23T17:35:29.098+0000] {logging_mixin.py:188} INFO - [2024-02-23T17:35:29.097+0000] {dag.py:3820} INFO - Setting next_dagrun for tutorial to 2024-02-22T00:00:00+00:00, run_after=2024-02-23T00:00:00+00:00
[2024-02-23T17:35:29.124+0000] {processor.py:183} INFO - Processing /home/airflow/.local/lib/python3.8/site-packages/airflow/example_dags/tutorial.py took 0.108 seconds
[2024-02-23T17:36:00.216+0000] {processor.py:161} INFO - Started process (PID=6686) to work on /home/airflow/.local/lib/python3.8/site-packages/airflow/example_dags/tutorial.py
[2024-02-23T17:36:00.217+0000] {processor.py:830} INFO - Processing file /home/airflow/.local/lib/python3.8/site-packages/airflow/example_dags/tutorial.py for tasks to queue
[2024-02-23T17:36:00.218+0000] {logging_mixin.py:188} INFO - [2024-02-23T17:36:00.218+0000] {dagbag.py:538} INFO - Filling up the DagBag from /home/airflow/.local/lib/python3.8/site-packages/airflow/example_dags/tutorial.py
[2024-02-23T17:36:00.228+0000] {processor.py:840} INFO - DAG(s) 'tutorial' retrieved from /home/airflow/.local/lib/python3.8/site-packages/airflow/example_dags/tutorial.py
[2024-02-23T17:36:00.255+0000] {logging_mixin.py:188} INFO - [2024-02-23T17:36:00.254+0000] {dag.py:3033} INFO - Sync 1 DAGs
[2024-02-23T17:36:00.283+0000] {logging_mixin.py:188} INFO - [2024-02-23T17:36:00.283+0000] {dag.py:3820} INFO - Setting next_dagrun for tutorial to 2024-02-22T00:00:00+00:00, run_after=2024-02-23T00:00:00+00:00
[2024-02-23T17:36:00.307+0000] {processor.py:183} INFO - Processing /home/airflow/.local/lib/python3.8/site-packages/airflow/example_dags/tutorial.py took 0.095 seconds
[2024-02-23T17:36:30.366+0000] {processor.py:161} INFO - Started process (PID=6743) to work on /home/airflow/.local/lib/python3.8/site-packages/airflow/example_dags/tutorial.py
[2024-02-23T17:36:30.368+0000] {processor.py:830} INFO - Processing file /home/airflow/.local/lib/python3.8/site-packages/airflow/example_dags/tutorial.py for tasks to queue
[2024-02-23T17:36:30.369+0000] {logging_mixin.py:188} INFO - [2024-02-23T17:36:30.369+0000] {dagbag.py:538} INFO - Filling up the DagBag from /home/airflow/.local/lib/python3.8/site-packages/airflow/example_dags/tutorial.py
[2024-02-23T17:36:30.378+0000] {processor.py:840} INFO - DAG(s) 'tutorial' retrieved from /home/airflow/.local/lib/python3.8/site-packages/airflow/example_dags/tutorial.py
[2024-02-23T17:36:30.404+0000] {logging_mixin.py:188} INFO - [2024-02-23T17:36:30.403+0000] {dag.py:3033} INFO - Sync 1 DAGs
[2024-02-23T17:36:30.433+0000] {logging_mixin.py:188} INFO - [2024-02-23T17:36:30.432+0000] {dag.py:3820} INFO - Setting next_dagrun for tutorial to 2024-02-22T00:00:00+00:00, run_after=2024-02-23T00:00:00+00:00
[2024-02-23T17:36:30.491+0000] {processor.py:183} INFO - Processing /home/airflow/.local/lib/python3.8/site-packages/airflow/example_dags/tutorial.py took 0.129 seconds
[2024-02-23T17:37:01.137+0000] {processor.py:161} INFO - Started process (PID=6800) to work on /home/airflow/.local/lib/python3.8/site-packages/airflow/example_dags/tutorial.py
[2024-02-23T17:37:01.138+0000] {processor.py:830} INFO - Processing file /home/airflow/.local/lib/python3.8/site-packages/airflow/example_dags/tutorial.py for tasks to queue
[2024-02-23T17:37:01.139+0000] {logging_mixin.py:188} INFO - [2024-02-23T17:37:01.139+0000] {dagbag.py:538} INFO - Filling up the DagBag from /home/airflow/.local/lib/python3.8/site-packages/airflow/example_dags/tutorial.py
[2024-02-23T17:37:01.147+0000] {processor.py:840} INFO - DAG(s) 'tutorial' retrieved from /home/airflow/.local/lib/python3.8/site-packages/airflow/example_dags/tutorial.py
[2024-02-23T17:37:01.173+0000] {logging_mixin.py:188} INFO - [2024-02-23T17:37:01.173+0000] {dag.py:3033} INFO - Sync 1 DAGs
[2024-02-23T17:37:01.204+0000] {logging_mixin.py:188} INFO - [2024-02-23T17:37:01.204+0000] {dag.py:3820} INFO - Setting next_dagrun for tutorial to 2024-02-22T00:00:00+00:00, run_after=2024-02-23T00:00:00+00:00
[2024-02-23T17:37:01.226+0000] {processor.py:183} INFO - Processing /home/airflow/.local/lib/python3.8/site-packages/airflow/example_dags/tutorial.py took 0.093 seconds
[2024-02-23T17:37:32.276+0000] {processor.py:161} INFO - Started process (PID=6857) to work on /home/airflow/.local/lib/python3.8/site-packages/airflow/example_dags/tutorial.py
[2024-02-23T17:37:32.278+0000] {processor.py:830} INFO - Processing file /home/airflow/.local/lib/python3.8/site-packages/airflow/example_dags/tutorial.py for tasks to queue
[2024-02-23T17:37:32.280+0000] {logging_mixin.py:188} INFO - [2024-02-23T17:37:32.279+0000] {dagbag.py:538} INFO - Filling up the DagBag from /home/airflow/.local/lib/python3.8/site-packages/airflow/example_dags/tutorial.py
[2024-02-23T17:37:32.289+0000] {processor.py:840} INFO - DAG(s) 'tutorial' retrieved from /home/airflow/.local/lib/python3.8/site-packages/airflow/example_dags/tutorial.py
[2024-02-23T17:37:32.314+0000] {logging_mixin.py:188} INFO - [2024-02-23T17:37:32.314+0000] {dag.py:3033} INFO - Sync 1 DAGs
[2024-02-23T17:37:32.341+0000] {logging_mixin.py:188} INFO - [2024-02-23T17:37:32.341+0000] {dag.py:3820} INFO - Setting next_dagrun for tutorial to 2024-02-22T00:00:00+00:00, run_after=2024-02-23T00:00:00+00:00
[2024-02-23T17:37:32.400+0000] {processor.py:183} INFO - Processing /home/airflow/.local/lib/python3.8/site-packages/airflow/example_dags/tutorial.py took 0.128 seconds
[2024-02-23T17:38:02.465+0000] {processor.py:161} INFO - Started process (PID=6914) to work on /home/airflow/.local/lib/python3.8/site-packages/airflow/example_dags/tutorial.py
[2024-02-23T17:38:02.466+0000] {processor.py:830} INFO - Processing file /home/airflow/.local/lib/python3.8/site-packages/airflow/example_dags/tutorial.py for tasks to queue
[2024-02-23T17:38:02.467+0000] {logging_mixin.py:188} INFO - [2024-02-23T17:38:02.467+0000] {dagbag.py:538} INFO - Filling up the DagBag from /home/airflow/.local/lib/python3.8/site-packages/airflow/example_dags/tutorial.py
[2024-02-23T17:38:02.475+0000] {processor.py:840} INFO - DAG(s) 'tutorial' retrieved from /home/airflow/.local/lib/python3.8/site-packages/airflow/example_dags/tutorial.py
[2024-02-23T17:38:02.497+0000] {logging_mixin.py:188} INFO - [2024-02-23T17:38:02.497+0000] {dag.py:3033} INFO - Sync 1 DAGs
[2024-02-23T17:38:02.521+0000] {logging_mixin.py:188} INFO - [2024-02-23T17:38:02.521+0000] {dag.py:3820} INFO - Setting next_dagrun for tutorial to 2024-02-22T00:00:00+00:00, run_after=2024-02-23T00:00:00+00:00
[2024-02-23T17:38:02.544+0000] {processor.py:183} INFO - Processing /home/airflow/.local/lib/python3.8/site-packages/airflow/example_dags/tutorial.py took 0.083 seconds
[2024-02-23T17:38:32.731+0000] {processor.py:161} INFO - Started process (PID=6971) to work on /home/airflow/.local/lib/python3.8/site-packages/airflow/example_dags/tutorial.py
[2024-02-23T17:38:32.732+0000] {processor.py:830} INFO - Processing file /home/airflow/.local/lib/python3.8/site-packages/airflow/example_dags/tutorial.py for tasks to queue
[2024-02-23T17:38:32.734+0000] {logging_mixin.py:188} INFO - [2024-02-23T17:38:32.733+0000] {dagbag.py:538} INFO - Filling up the DagBag from /home/airflow/.local/lib/python3.8/site-packages/airflow/example_dags/tutorial.py
[2024-02-23T17:38:32.742+0000] {processor.py:840} INFO - DAG(s) 'tutorial' retrieved from /home/airflow/.local/lib/python3.8/site-packages/airflow/example_dags/tutorial.py
[2024-02-23T17:38:32.764+0000] {logging_mixin.py:188} INFO - [2024-02-23T17:38:32.763+0000] {dag.py:3033} INFO - Sync 1 DAGs
[2024-02-23T17:38:32.787+0000] {logging_mixin.py:188} INFO - [2024-02-23T17:38:32.787+0000] {dag.py:3820} INFO - Setting next_dagrun for tutorial to 2024-02-22T00:00:00+00:00, run_after=2024-02-23T00:00:00+00:00
[2024-02-23T17:38:32.808+0000] {processor.py:183} INFO - Processing /home/airflow/.local/lib/python3.8/site-packages/airflow/example_dags/tutorial.py took 0.081 seconds
[2024-02-23T17:39:03.238+0000] {processor.py:161} INFO - Started process (PID=7028) to work on /home/airflow/.local/lib/python3.8/site-packages/airflow/example_dags/tutorial.py
[2024-02-23T17:39:03.240+0000] {processor.py:830} INFO - Processing file /home/airflow/.local/lib/python3.8/site-packages/airflow/example_dags/tutorial.py for tasks to queue
[2024-02-23T17:39:03.241+0000] {logging_mixin.py:188} INFO - [2024-02-23T17:39:03.241+0000] {dagbag.py:538} INFO - Filling up the DagBag from /home/airflow/.local/lib/python3.8/site-packages/airflow/example_dags/tutorial.py
[2024-02-23T17:39:03.251+0000] {processor.py:840} INFO - DAG(s) 'tutorial' retrieved from /home/airflow/.local/lib/python3.8/site-packages/airflow/example_dags/tutorial.py
[2024-02-23T17:39:03.276+0000] {logging_mixin.py:188} INFO - [2024-02-23T17:39:03.276+0000] {dag.py:3033} INFO - Sync 1 DAGs
[2024-02-23T17:39:03.306+0000] {logging_mixin.py:188} INFO - [2024-02-23T17:39:03.306+0000] {dag.py:3820} INFO - Setting next_dagrun for tutorial to 2024-02-22T00:00:00+00:00, run_after=2024-02-23T00:00:00+00:00
[2024-02-23T17:39:03.331+0000] {processor.py:183} INFO - Processing /home/airflow/.local/lib/python3.8/site-packages/airflow/example_dags/tutorial.py took 0.099 seconds
[2024-02-23T17:39:33.937+0000] {processor.py:161} INFO - Started process (PID=7085) to work on /home/airflow/.local/lib/python3.8/site-packages/airflow/example_dags/tutorial.py
[2024-02-23T17:39:33.939+0000] {processor.py:830} INFO - Processing file /home/airflow/.local/lib/python3.8/site-packages/airflow/example_dags/tutorial.py for tasks to queue
[2024-02-23T17:39:33.940+0000] {logging_mixin.py:188} INFO - [2024-02-23T17:39:33.940+0000] {dagbag.py:538} INFO - Filling up the DagBag from /home/airflow/.local/lib/python3.8/site-packages/airflow/example_dags/tutorial.py
[2024-02-23T17:39:33.951+0000] {processor.py:840} INFO - DAG(s) 'tutorial' retrieved from /home/airflow/.local/lib/python3.8/site-packages/airflow/example_dags/tutorial.py
[2024-02-23T17:39:33.980+0000] {logging_mixin.py:188} INFO - [2024-02-23T17:39:33.980+0000] {dag.py:3033} INFO - Sync 1 DAGs
[2024-02-23T17:39:34.005+0000] {logging_mixin.py:188} INFO - [2024-02-23T17:39:34.005+0000] {dag.py:3820} INFO - Setting next_dagrun for tutorial to 2024-02-22T00:00:00+00:00, run_after=2024-02-23T00:00:00+00:00
[2024-02-23T17:39:34.061+0000] {processor.py:183} INFO - Processing /home/airflow/.local/lib/python3.8/site-packages/airflow/example_dags/tutorial.py took 0.129 seconds
[2024-02-23T17:40:04.350+0000] {processor.py:161} INFO - Started process (PID=7142) to work on /home/airflow/.local/lib/python3.8/site-packages/airflow/example_dags/tutorial.py
[2024-02-23T17:40:04.352+0000] {processor.py:830} INFO - Processing file /home/airflow/.local/lib/python3.8/site-packages/airflow/example_dags/tutorial.py for tasks to queue
[2024-02-23T17:40:04.353+0000] {logging_mixin.py:188} INFO - [2024-02-23T17:40:04.352+0000] {dagbag.py:538} INFO - Filling up the DagBag from /home/airflow/.local/lib/python3.8/site-packages/airflow/example_dags/tutorial.py
[2024-02-23T17:40:04.364+0000] {processor.py:840} INFO - DAG(s) 'tutorial' retrieved from /home/airflow/.local/lib/python3.8/site-packages/airflow/example_dags/tutorial.py
[2024-02-23T17:40:04.394+0000] {logging_mixin.py:188} INFO - [2024-02-23T17:40:04.394+0000] {dag.py:3033} INFO - Sync 1 DAGs
[2024-02-23T17:40:04.429+0000] {logging_mixin.py:188} INFO - [2024-02-23T17:40:04.429+0000] {dag.py:3820} INFO - Setting next_dagrun for tutorial to 2024-02-22T00:00:00+00:00, run_after=2024-02-23T00:00:00+00:00
[2024-02-23T17:40:04.481+0000] {processor.py:183} INFO - Processing /home/airflow/.local/lib/python3.8/site-packages/airflow/example_dags/tutorial.py took 0.137 seconds
[2024-02-23T17:40:34.768+0000] {processor.py:161} INFO - Started process (PID=7199) to work on /home/airflow/.local/lib/python3.8/site-packages/airflow/example_dags/tutorial.py
[2024-02-23T17:40:34.769+0000] {processor.py:830} INFO - Processing file /home/airflow/.local/lib/python3.8/site-packages/airflow/example_dags/tutorial.py for tasks to queue
[2024-02-23T17:40:34.771+0000] {logging_mixin.py:188} INFO - [2024-02-23T17:40:34.770+0000] {dagbag.py:538} INFO - Filling up the DagBag from /home/airflow/.local/lib/python3.8/site-packages/airflow/example_dags/tutorial.py
[2024-02-23T17:40:34.779+0000] {processor.py:840} INFO - DAG(s) 'tutorial' retrieved from /home/airflow/.local/lib/python3.8/site-packages/airflow/example_dags/tutorial.py
[2024-02-23T17:40:34.803+0000] {logging_mixin.py:188} INFO - [2024-02-23T17:40:34.803+0000] {dag.py:3033} INFO - Sync 1 DAGs
[2024-02-23T17:40:34.827+0000] {logging_mixin.py:188} INFO - [2024-02-23T17:40:34.827+0000] {dag.py:3820} INFO - Setting next_dagrun for tutorial to 2024-02-22T00:00:00+00:00, run_after=2024-02-23T00:00:00+00:00
[2024-02-23T17:40:34.884+0000] {processor.py:183} INFO - Processing /home/airflow/.local/lib/python3.8/site-packages/airflow/example_dags/tutorial.py took 0.120 seconds
[2024-02-23T17:41:05.296+0000] {processor.py:161} INFO - Started process (PID=7256) to work on /home/airflow/.local/lib/python3.8/site-packages/airflow/example_dags/tutorial.py
[2024-02-23T17:41:05.298+0000] {processor.py:830} INFO - Processing file /home/airflow/.local/lib/python3.8/site-packages/airflow/example_dags/tutorial.py for tasks to queue
[2024-02-23T17:41:05.299+0000] {logging_mixin.py:188} INFO - [2024-02-23T17:41:05.298+0000] {dagbag.py:538} INFO - Filling up the DagBag from /home/airflow/.local/lib/python3.8/site-packages/airflow/example_dags/tutorial.py
[2024-02-23T17:41:05.308+0000] {processor.py:840} INFO - DAG(s) 'tutorial' retrieved from /home/airflow/.local/lib/python3.8/site-packages/airflow/example_dags/tutorial.py
[2024-02-23T17:41:05.334+0000] {logging_mixin.py:188} INFO - [2024-02-23T17:41:05.334+0000] {dag.py:3033} INFO - Sync 1 DAGs
[2024-02-23T17:41:05.360+0000] {logging_mixin.py:188} INFO - [2024-02-23T17:41:05.360+0000] {dag.py:3820} INFO - Setting next_dagrun for tutorial to 2024-02-22T00:00:00+00:00, run_after=2024-02-23T00:00:00+00:00
[2024-02-23T17:41:05.418+0000] {processor.py:183} INFO - Processing /home/airflow/.local/lib/python3.8/site-packages/airflow/example_dags/tutorial.py took 0.126 seconds
[2024-02-23T17:41:35.758+0000] {processor.py:161} INFO - Started process (PID=7314) to work on /home/airflow/.local/lib/python3.8/site-packages/airflow/example_dags/tutorial.py
[2024-02-23T17:41:35.759+0000] {processor.py:830} INFO - Processing file /home/airflow/.local/lib/python3.8/site-packages/airflow/example_dags/tutorial.py for tasks to queue
[2024-02-23T17:41:35.760+0000] {logging_mixin.py:188} INFO - [2024-02-23T17:41:35.760+0000] {dagbag.py:538} INFO - Filling up the DagBag from /home/airflow/.local/lib/python3.8/site-packages/airflow/example_dags/tutorial.py
[2024-02-23T17:41:35.769+0000] {processor.py:840} INFO - DAG(s) 'tutorial' retrieved from /home/airflow/.local/lib/python3.8/site-packages/airflow/example_dags/tutorial.py
[2024-02-23T17:41:35.794+0000] {logging_mixin.py:188} INFO - [2024-02-23T17:41:35.794+0000] {dag.py:3033} INFO - Sync 1 DAGs
[2024-02-23T17:41:35.823+0000] {logging_mixin.py:188} INFO - [2024-02-23T17:41:35.823+0000] {dag.py:3820} INFO - Setting next_dagrun for tutorial to 2024-02-22T00:00:00+00:00, run_after=2024-02-23T00:00:00+00:00
[2024-02-23T17:41:35.847+0000] {processor.py:183} INFO - Processing /home/airflow/.local/lib/python3.8/site-packages/airflow/example_dags/tutorial.py took 0.094 seconds
[2024-02-23T17:42:06.583+0000] {processor.py:161} INFO - Started process (PID=7371) to work on /home/airflow/.local/lib/python3.8/site-packages/airflow/example_dags/tutorial.py
[2024-02-23T17:42:06.585+0000] {processor.py:830} INFO - Processing file /home/airflow/.local/lib/python3.8/site-packages/airflow/example_dags/tutorial.py for tasks to queue
[2024-02-23T17:42:06.587+0000] {logging_mixin.py:188} INFO - [2024-02-23T17:42:06.586+0000] {dagbag.py:538} INFO - Filling up the DagBag from /home/airflow/.local/lib/python3.8/site-packages/airflow/example_dags/tutorial.py
[2024-02-23T17:42:06.597+0000] {processor.py:840} INFO - DAG(s) 'tutorial' retrieved from /home/airflow/.local/lib/python3.8/site-packages/airflow/example_dags/tutorial.py
[2024-02-23T17:42:06.626+0000] {logging_mixin.py:188} INFO - [2024-02-23T17:42:06.625+0000] {dag.py:3033} INFO - Sync 1 DAGs
[2024-02-23T17:42:06.670+0000] {logging_mixin.py:188} INFO - [2024-02-23T17:42:06.670+0000] {dag.py:3820} INFO - Setting next_dagrun for tutorial to 2024-02-22T00:00:00+00:00, run_after=2024-02-23T00:00:00+00:00
[2024-02-23T17:42:06.695+0000] {processor.py:183} INFO - Processing /home/airflow/.local/lib/python3.8/site-packages/airflow/example_dags/tutorial.py took 0.116 seconds
[2024-02-23T17:42:37.447+0000] {processor.py:161} INFO - Started process (PID=7428) to work on /home/airflow/.local/lib/python3.8/site-packages/airflow/example_dags/tutorial.py
[2024-02-23T17:42:37.448+0000] {processor.py:830} INFO - Processing file /home/airflow/.local/lib/python3.8/site-packages/airflow/example_dags/tutorial.py for tasks to queue
[2024-02-23T17:42:37.449+0000] {logging_mixin.py:188} INFO - [2024-02-23T17:42:37.448+0000] {dagbag.py:538} INFO - Filling up the DagBag from /home/airflow/.local/lib/python3.8/site-packages/airflow/example_dags/tutorial.py
[2024-02-23T17:42:37.457+0000] {processor.py:840} INFO - DAG(s) 'tutorial' retrieved from /home/airflow/.local/lib/python3.8/site-packages/airflow/example_dags/tutorial.py
[2024-02-23T17:42:37.479+0000] {logging_mixin.py:188} INFO - [2024-02-23T17:42:37.479+0000] {dag.py:3033} INFO - Sync 1 DAGs
[2024-02-23T17:42:37.502+0000] {logging_mixin.py:188} INFO - [2024-02-23T17:42:37.502+0000] {dag.py:3820} INFO - Setting next_dagrun for tutorial to 2024-02-22T00:00:00+00:00, run_after=2024-02-23T00:00:00+00:00
[2024-02-23T17:42:37.522+0000] {processor.py:183} INFO - Processing /home/airflow/.local/lib/python3.8/site-packages/airflow/example_dags/tutorial.py took 0.079 seconds
[2024-02-23T17:43:07.641+0000] {processor.py:161} INFO - Started process (PID=7485) to work on /home/airflow/.local/lib/python3.8/site-packages/airflow/example_dags/tutorial.py
[2024-02-23T17:43:07.642+0000] {processor.py:830} INFO - Processing file /home/airflow/.local/lib/python3.8/site-packages/airflow/example_dags/tutorial.py for tasks to queue
[2024-02-23T17:43:07.644+0000] {logging_mixin.py:188} INFO - [2024-02-23T17:43:07.643+0000] {dagbag.py:538} INFO - Filling up the DagBag from /home/airflow/.local/lib/python3.8/site-packages/airflow/example_dags/tutorial.py
[2024-02-23T17:43:07.652+0000] {processor.py:840} INFO - DAG(s) 'tutorial' retrieved from /home/airflow/.local/lib/python3.8/site-packages/airflow/example_dags/tutorial.py
[2024-02-23T17:43:07.674+0000] {logging_mixin.py:188} INFO - [2024-02-23T17:43:07.673+0000] {dag.py:3033} INFO - Sync 1 DAGs
[2024-02-23T17:43:07.699+0000] {logging_mixin.py:188} INFO - [2024-02-23T17:43:07.699+0000] {dag.py:3820} INFO - Setting next_dagrun for tutorial to 2024-02-22T00:00:00+00:00, run_after=2024-02-23T00:00:00+00:00
[2024-02-23T17:43:07.722+0000] {processor.py:183} INFO - Processing /home/airflow/.local/lib/python3.8/site-packages/airflow/example_dags/tutorial.py took 0.085 seconds
[2024-02-23T17:43:38.173+0000] {processor.py:161} INFO - Started process (PID=7542) to work on /home/airflow/.local/lib/python3.8/site-packages/airflow/example_dags/tutorial.py
[2024-02-23T17:43:38.174+0000] {processor.py:830} INFO - Processing file /home/airflow/.local/lib/python3.8/site-packages/airflow/example_dags/tutorial.py for tasks to queue
[2024-02-23T17:43:38.175+0000] {logging_mixin.py:188} INFO - [2024-02-23T17:43:38.175+0000] {dagbag.py:538} INFO - Filling up the DagBag from /home/airflow/.local/lib/python3.8/site-packages/airflow/example_dags/tutorial.py
[2024-02-23T17:43:38.186+0000] {processor.py:840} INFO - DAG(s) 'tutorial' retrieved from /home/airflow/.local/lib/python3.8/site-packages/airflow/example_dags/tutorial.py
[2024-02-23T17:43:38.215+0000] {logging_mixin.py:188} INFO - [2024-02-23T17:43:38.215+0000] {dag.py:3033} INFO - Sync 1 DAGs
[2024-02-23T17:43:38.242+0000] {logging_mixin.py:188} INFO - [2024-02-23T17:43:38.242+0000] {dag.py:3820} INFO - Setting next_dagrun for tutorial to 2024-02-22T00:00:00+00:00, run_after=2024-02-23T00:00:00+00:00
[2024-02-23T17:43:38.263+0000] {processor.py:183} INFO - Processing /home/airflow/.local/lib/python3.8/site-packages/airflow/example_dags/tutorial.py took 0.095 seconds
[2024-02-23T17:44:08.885+0000] {processor.py:161} INFO - Started process (PID=7599) to work on /home/airflow/.local/lib/python3.8/site-packages/airflow/example_dags/tutorial.py
[2024-02-23T17:44:08.886+0000] {processor.py:830} INFO - Processing file /home/airflow/.local/lib/python3.8/site-packages/airflow/example_dags/tutorial.py for tasks to queue
[2024-02-23T17:44:08.888+0000] {logging_mixin.py:188} INFO - [2024-02-23T17:44:08.887+0000] {dagbag.py:538} INFO - Filling up the DagBag from /home/airflow/.local/lib/python3.8/site-packages/airflow/example_dags/tutorial.py
[2024-02-23T17:44:08.897+0000] {processor.py:840} INFO - DAG(s) 'tutorial' retrieved from /home/airflow/.local/lib/python3.8/site-packages/airflow/example_dags/tutorial.py
[2024-02-23T17:44:08.923+0000] {logging_mixin.py:188} INFO - [2024-02-23T17:44:08.923+0000] {dag.py:3033} INFO - Sync 1 DAGs
[2024-02-23T17:44:08.950+0000] {logging_mixin.py:188} INFO - [2024-02-23T17:44:08.950+0000] {dag.py:3820} INFO - Setting next_dagrun for tutorial to 2024-02-22T00:00:00+00:00, run_after=2024-02-23T00:00:00+00:00
[2024-02-23T17:44:08.972+0000] {processor.py:183} INFO - Processing /home/airflow/.local/lib/python3.8/site-packages/airflow/example_dags/tutorial.py took 0.091 seconds
[2024-02-23T17:44:40.086+0000] {processor.py:161} INFO - Started process (PID=7656) to work on /home/airflow/.local/lib/python3.8/site-packages/airflow/example_dags/tutorial.py
[2024-02-23T17:44:40.088+0000] {processor.py:830} INFO - Processing file /home/airflow/.local/lib/python3.8/site-packages/airflow/example_dags/tutorial.py for tasks to queue
[2024-02-23T17:44:40.090+0000] {logging_mixin.py:188} INFO - [2024-02-23T17:44:40.089+0000] {dagbag.py:538} INFO - Filling up the DagBag from /home/airflow/.local/lib/python3.8/site-packages/airflow/example_dags/tutorial.py
[2024-02-23T17:44:40.102+0000] {processor.py:840} INFO - DAG(s) 'tutorial' retrieved from /home/airflow/.local/lib/python3.8/site-packages/airflow/example_dags/tutorial.py
[2024-02-23T17:44:40.134+0000] {logging_mixin.py:188} INFO - [2024-02-23T17:44:40.134+0000] {dag.py:3033} INFO - Sync 1 DAGs
[2024-02-23T17:44:40.170+0000] {logging_mixin.py:188} INFO - [2024-02-23T17:44:40.170+0000] {dag.py:3820} INFO - Setting next_dagrun for tutorial to 2024-02-22T00:00:00+00:00, run_after=2024-02-23T00:00:00+00:00
[2024-02-23T17:44:40.200+0000] {processor.py:183} INFO - Processing /home/airflow/.local/lib/python3.8/site-packages/airflow/example_dags/tutorial.py took 0.119 seconds
[2024-02-23T17:45:10.433+0000] {processor.py:161} INFO - Started process (PID=7713) to work on /home/airflow/.local/lib/python3.8/site-packages/airflow/example_dags/tutorial.py
[2024-02-23T17:45:10.435+0000] {processor.py:830} INFO - Processing file /home/airflow/.local/lib/python3.8/site-packages/airflow/example_dags/tutorial.py for tasks to queue
[2024-02-23T17:45:10.436+0000] {logging_mixin.py:188} INFO - [2024-02-23T17:45:10.436+0000] {dagbag.py:538} INFO - Filling up the DagBag from /home/airflow/.local/lib/python3.8/site-packages/airflow/example_dags/tutorial.py
[2024-02-23T17:45:10.451+0000] {processor.py:840} INFO - DAG(s) 'tutorial' retrieved from /home/airflow/.local/lib/python3.8/site-packages/airflow/example_dags/tutorial.py
[2024-02-23T17:45:10.483+0000] {logging_mixin.py:188} INFO - [2024-02-23T17:45:10.483+0000] {dag.py:3033} INFO - Sync 1 DAGs
[2024-02-23T17:45:10.521+0000] {logging_mixin.py:188} INFO - [2024-02-23T17:45:10.521+0000] {dag.py:3820} INFO - Setting next_dagrun for tutorial to 2024-02-22T00:00:00+00:00, run_after=2024-02-23T00:00:00+00:00
[2024-02-23T17:45:10.562+0000] {processor.py:183} INFO - Processing /home/airflow/.local/lib/python3.8/site-packages/airflow/example_dags/tutorial.py took 0.135 seconds
[2024-02-23T17:45:40.972+0000] {processor.py:161} INFO - Started process (PID=7770) to work on /home/airflow/.local/lib/python3.8/site-packages/airflow/example_dags/tutorial.py
[2024-02-23T17:45:40.973+0000] {processor.py:830} INFO - Processing file /home/airflow/.local/lib/python3.8/site-packages/airflow/example_dags/tutorial.py for tasks to queue
[2024-02-23T17:45:40.975+0000] {logging_mixin.py:188} INFO - [2024-02-23T17:45:40.974+0000] {dagbag.py:538} INFO - Filling up the DagBag from /home/airflow/.local/lib/python3.8/site-packages/airflow/example_dags/tutorial.py
[2024-02-23T17:45:40.989+0000] {processor.py:840} INFO - DAG(s) 'tutorial' retrieved from /home/airflow/.local/lib/python3.8/site-packages/airflow/example_dags/tutorial.py
[2024-02-23T17:45:41.019+0000] {logging_mixin.py:188} INFO - [2024-02-23T17:45:41.019+0000] {dag.py:3033} INFO - Sync 1 DAGs
[2024-02-23T17:45:41.053+0000] {logging_mixin.py:188} INFO - [2024-02-23T17:45:41.052+0000] {dag.py:3820} INFO - Setting next_dagrun for tutorial to 2024-02-22T00:00:00+00:00, run_after=2024-02-23T00:00:00+00:00
[2024-02-23T17:45:41.081+0000] {processor.py:183} INFO - Processing /home/airflow/.local/lib/python3.8/site-packages/airflow/example_dags/tutorial.py took 0.115 seconds
[2024-02-23T17:46:11.330+0000] {processor.py:161} INFO - Started process (PID=7827) to work on /home/airflow/.local/lib/python3.8/site-packages/airflow/example_dags/tutorial.py
[2024-02-23T17:46:11.332+0000] {processor.py:830} INFO - Processing file /home/airflow/.local/lib/python3.8/site-packages/airflow/example_dags/tutorial.py for tasks to queue
[2024-02-23T17:46:11.334+0000] {logging_mixin.py:188} INFO - [2024-02-23T17:46:11.333+0000] {dagbag.py:538} INFO - Filling up the DagBag from /home/airflow/.local/lib/python3.8/site-packages/airflow/example_dags/tutorial.py
[2024-02-23T17:46:11.348+0000] {processor.py:840} INFO - DAG(s) 'tutorial' retrieved from /home/airflow/.local/lib/python3.8/site-packages/airflow/example_dags/tutorial.py
[2024-02-23T17:46:11.382+0000] {logging_mixin.py:188} INFO - [2024-02-23T17:46:11.381+0000] {dag.py:3033} INFO - Sync 1 DAGs
[2024-02-23T17:46:11.417+0000] {logging_mixin.py:188} INFO - [2024-02-23T17:46:11.417+0000] {dag.py:3820} INFO - Setting next_dagrun for tutorial to 2024-02-22T00:00:00+00:00, run_after=2024-02-23T00:00:00+00:00
[2024-02-23T17:46:11.481+0000] {processor.py:183} INFO - Processing /home/airflow/.local/lib/python3.8/site-packages/airflow/example_dags/tutorial.py took 0.157 seconds
[2024-02-23T17:46:42.211+0000] {processor.py:161} INFO - Started process (PID=7887) to work on /home/airflow/.local/lib/python3.8/site-packages/airflow/example_dags/tutorial.py
[2024-02-23T17:46:42.212+0000] {processor.py:830} INFO - Processing file /home/airflow/.local/lib/python3.8/site-packages/airflow/example_dags/tutorial.py for tasks to queue
[2024-02-23T17:46:42.214+0000] {logging_mixin.py:188} INFO - [2024-02-23T17:46:42.213+0000] {dagbag.py:538} INFO - Filling up the DagBag from /home/airflow/.local/lib/python3.8/site-packages/airflow/example_dags/tutorial.py
[2024-02-23T17:46:42.223+0000] {processor.py:840} INFO - DAG(s) 'tutorial' retrieved from /home/airflow/.local/lib/python3.8/site-packages/airflow/example_dags/tutorial.py
[2024-02-23T17:46:42.250+0000] {logging_mixin.py:188} INFO - [2024-02-23T17:46:42.250+0000] {dag.py:3033} INFO - Sync 1 DAGs
[2024-02-23T17:46:42.280+0000] {logging_mixin.py:188} INFO - [2024-02-23T17:46:42.280+0000] {dag.py:3820} INFO - Setting next_dagrun for tutorial to 2024-02-22T00:00:00+00:00, run_after=2024-02-23T00:00:00+00:00
[2024-02-23T17:46:42.339+0000] {processor.py:183} INFO - Processing /home/airflow/.local/lib/python3.8/site-packages/airflow/example_dags/tutorial.py took 0.132 seconds
[2024-02-23T17:47:12.958+0000] {processor.py:161} INFO - Started process (PID=7944) to work on /home/airflow/.local/lib/python3.8/site-packages/airflow/example_dags/tutorial.py
[2024-02-23T17:47:12.959+0000] {processor.py:830} INFO - Processing file /home/airflow/.local/lib/python3.8/site-packages/airflow/example_dags/tutorial.py for tasks to queue
[2024-02-23T17:47:12.961+0000] {logging_mixin.py:188} INFO - [2024-02-23T17:47:12.960+0000] {dagbag.py:538} INFO - Filling up the DagBag from /home/airflow/.local/lib/python3.8/site-packages/airflow/example_dags/tutorial.py
[2024-02-23T17:47:12.970+0000] {processor.py:840} INFO - DAG(s) 'tutorial' retrieved from /home/airflow/.local/lib/python3.8/site-packages/airflow/example_dags/tutorial.py
[2024-02-23T17:47:13.000+0000] {logging_mixin.py:188} INFO - [2024-02-23T17:47:12.999+0000] {dag.py:3033} INFO - Sync 1 DAGs
[2024-02-23T17:47:13.023+0000] {logging_mixin.py:188} INFO - [2024-02-23T17:47:13.023+0000] {dag.py:3820} INFO - Setting next_dagrun for tutorial to 2024-02-22T00:00:00+00:00, run_after=2024-02-23T00:00:00+00:00
[2024-02-23T17:47:13.083+0000] {processor.py:183} INFO - Processing /home/airflow/.local/lib/python3.8/site-packages/airflow/example_dags/tutorial.py took 0.129 seconds
[2024-02-23T17:47:43.205+0000] {processor.py:161} INFO - Started process (PID=8001) to work on /home/airflow/.local/lib/python3.8/site-packages/airflow/example_dags/tutorial.py
[2024-02-23T17:47:43.206+0000] {processor.py:830} INFO - Processing file /home/airflow/.local/lib/python3.8/site-packages/airflow/example_dags/tutorial.py for tasks to queue
[2024-02-23T17:47:43.208+0000] {logging_mixin.py:188} INFO - [2024-02-23T17:47:43.207+0000] {dagbag.py:538} INFO - Filling up the DagBag from /home/airflow/.local/lib/python3.8/site-packages/airflow/example_dags/tutorial.py
[2024-02-23T17:47:43.216+0000] {processor.py:840} INFO - DAG(s) 'tutorial' retrieved from /home/airflow/.local/lib/python3.8/site-packages/airflow/example_dags/tutorial.py
[2024-02-23T17:47:43.240+0000] {logging_mixin.py:188} INFO - [2024-02-23T17:47:43.240+0000] {dag.py:3033} INFO - Sync 1 DAGs
[2024-02-23T17:47:43.265+0000] {logging_mixin.py:188} INFO - [2024-02-23T17:47:43.265+0000] {dag.py:3820} INFO - Setting next_dagrun for tutorial to 2024-02-22T00:00:00+00:00, run_after=2024-02-23T00:00:00+00:00
[2024-02-23T17:47:43.325+0000] {processor.py:183} INFO - Processing /home/airflow/.local/lib/python3.8/site-packages/airflow/example_dags/tutorial.py took 0.125 seconds
[2024-02-23T17:48:13.904+0000] {processor.py:161} INFO - Started process (PID=8059) to work on /home/airflow/.local/lib/python3.8/site-packages/airflow/example_dags/tutorial.py
[2024-02-23T17:48:13.906+0000] {processor.py:830} INFO - Processing file /home/airflow/.local/lib/python3.8/site-packages/airflow/example_dags/tutorial.py for tasks to queue
[2024-02-23T17:48:13.908+0000] {logging_mixin.py:188} INFO - [2024-02-23T17:48:13.907+0000] {dagbag.py:538} INFO - Filling up the DagBag from /home/airflow/.local/lib/python3.8/site-packages/airflow/example_dags/tutorial.py
[2024-02-23T17:48:13.922+0000] {processor.py:840} INFO - DAG(s) 'tutorial' retrieved from /home/airflow/.local/lib/python3.8/site-packages/airflow/example_dags/tutorial.py
[2024-02-23T17:48:13.956+0000] {logging_mixin.py:188} INFO - [2024-02-23T17:48:13.956+0000] {dag.py:3033} INFO - Sync 1 DAGs
[2024-02-23T17:48:13.986+0000] {logging_mixin.py:188} INFO - [2024-02-23T17:48:13.985+0000] {dag.py:3820} INFO - Setting next_dagrun for tutorial to 2024-02-22T00:00:00+00:00, run_after=2024-02-23T00:00:00+00:00
[2024-02-23T17:48:14.065+0000] {processor.py:183} INFO - Processing /home/airflow/.local/lib/python3.8/site-packages/airflow/example_dags/tutorial.py took 0.168 seconds
[2024-02-23T17:48:44.327+0000] {processor.py:161} INFO - Started process (PID=8116) to work on /home/airflow/.local/lib/python3.8/site-packages/airflow/example_dags/tutorial.py
[2024-02-23T17:48:44.328+0000] {processor.py:830} INFO - Processing file /home/airflow/.local/lib/python3.8/site-packages/airflow/example_dags/tutorial.py for tasks to queue
[2024-02-23T17:48:44.330+0000] {logging_mixin.py:188} INFO - [2024-02-23T17:48:44.329+0000] {dagbag.py:538} INFO - Filling up the DagBag from /home/airflow/.local/lib/python3.8/site-packages/airflow/example_dags/tutorial.py
[2024-02-23T17:48:44.345+0000] {processor.py:840} INFO - DAG(s) 'tutorial' retrieved from /home/airflow/.local/lib/python3.8/site-packages/airflow/example_dags/tutorial.py
[2024-02-23T17:48:44.375+0000] {logging_mixin.py:188} INFO - [2024-02-23T17:48:44.374+0000] {dag.py:3033} INFO - Sync 1 DAGs
[2024-02-23T17:48:44.405+0000] {logging_mixin.py:188} INFO - [2024-02-23T17:48:44.405+0000] {dag.py:3820} INFO - Setting next_dagrun for tutorial to 2024-02-22T00:00:00+00:00, run_after=2024-02-23T00:00:00+00:00
[2024-02-23T17:48:44.499+0000] {processor.py:183} INFO - Processing /home/airflow/.local/lib/python3.8/site-packages/airflow/example_dags/tutorial.py took 0.179 seconds
[2024-02-23T17:49:15.432+0000] {processor.py:161} INFO - Started process (PID=8179) to work on /home/airflow/.local/lib/python3.8/site-packages/airflow/example_dags/tutorial.py
[2024-02-23T17:49:15.433+0000] {processor.py:830} INFO - Processing file /home/airflow/.local/lib/python3.8/site-packages/airflow/example_dags/tutorial.py for tasks to queue
[2024-02-23T17:49:15.434+0000] {logging_mixin.py:188} INFO - [2024-02-23T17:49:15.433+0000] {dagbag.py:538} INFO - Filling up the DagBag from /home/airflow/.local/lib/python3.8/site-packages/airflow/example_dags/tutorial.py
[2024-02-23T17:49:15.442+0000] {processor.py:840} INFO - DAG(s) 'tutorial' retrieved from /home/airflow/.local/lib/python3.8/site-packages/airflow/example_dags/tutorial.py
[2024-02-23T17:49:15.466+0000] {logging_mixin.py:188} INFO - [2024-02-23T17:49:15.466+0000] {dag.py:3033} INFO - Sync 1 DAGs
[2024-02-23T17:49:15.491+0000] {logging_mixin.py:188} INFO - [2024-02-23T17:49:15.491+0000] {dag.py:3820} INFO - Setting next_dagrun for tutorial to 2024-02-22T00:00:00+00:00, run_after=2024-02-23T00:00:00+00:00
[2024-02-23T17:49:15.555+0000] {processor.py:183} INFO - Processing /home/airflow/.local/lib/python3.8/site-packages/airflow/example_dags/tutorial.py took 0.128 seconds
[2024-02-23T17:49:46.206+0000] {processor.py:161} INFO - Started process (PID=8239) to work on /home/airflow/.local/lib/python3.8/site-packages/airflow/example_dags/tutorial.py
[2024-02-23T17:49:46.207+0000] {processor.py:830} INFO - Processing file /home/airflow/.local/lib/python3.8/site-packages/airflow/example_dags/tutorial.py for tasks to queue
[2024-02-23T17:49:46.209+0000] {logging_mixin.py:188} INFO - [2024-02-23T17:49:46.208+0000] {dagbag.py:538} INFO - Filling up the DagBag from /home/airflow/.local/lib/python3.8/site-packages/airflow/example_dags/tutorial.py
[2024-02-23T17:49:46.218+0000] {processor.py:840} INFO - DAG(s) 'tutorial' retrieved from /home/airflow/.local/lib/python3.8/site-packages/airflow/example_dags/tutorial.py
[2024-02-23T17:49:46.243+0000] {logging_mixin.py:188} INFO - [2024-02-23T17:49:46.243+0000] {dag.py:3033} INFO - Sync 1 DAGs
[2024-02-23T17:49:46.271+0000] {logging_mixin.py:188} INFO - [2024-02-23T17:49:46.271+0000] {dag.py:3820} INFO - Setting next_dagrun for tutorial to 2024-02-22T00:00:00+00:00, run_after=2024-02-23T00:00:00+00:00
[2024-02-23T17:49:46.295+0000] {processor.py:183} INFO - Processing /home/airflow/.local/lib/python3.8/site-packages/airflow/example_dags/tutorial.py took 0.094 seconds
[2024-02-23T17:50:16.460+0000] {processor.py:161} INFO - Started process (PID=8296) to work on /home/airflow/.local/lib/python3.8/site-packages/airflow/example_dags/tutorial.py
[2024-02-23T17:50:16.461+0000] {processor.py:830} INFO - Processing file /home/airflow/.local/lib/python3.8/site-packages/airflow/example_dags/tutorial.py for tasks to queue
[2024-02-23T17:50:16.463+0000] {logging_mixin.py:188} INFO - [2024-02-23T17:50:16.462+0000] {dagbag.py:538} INFO - Filling up the DagBag from /home/airflow/.local/lib/python3.8/site-packages/airflow/example_dags/tutorial.py
[2024-02-23T17:50:16.473+0000] {processor.py:840} INFO - DAG(s) 'tutorial' retrieved from /home/airflow/.local/lib/python3.8/site-packages/airflow/example_dags/tutorial.py
[2024-02-23T17:50:16.496+0000] {logging_mixin.py:188} INFO - [2024-02-23T17:50:16.495+0000] {dag.py:3033} INFO - Sync 1 DAGs
[2024-02-23T17:50:16.518+0000] {logging_mixin.py:188} INFO - [2024-02-23T17:50:16.518+0000] {dag.py:3820} INFO - Setting next_dagrun for tutorial to 2024-02-22T00:00:00+00:00, run_after=2024-02-23T00:00:00+00:00
[2024-02-23T17:50:16.575+0000] {processor.py:183} INFO - Processing /home/airflow/.local/lib/python3.8/site-packages/airflow/example_dags/tutorial.py took 0.119 seconds
[2024-02-23T17:50:46.889+0000] {processor.py:161} INFO - Started process (PID=8353) to work on /home/airflow/.local/lib/python3.8/site-packages/airflow/example_dags/tutorial.py
[2024-02-23T17:50:46.890+0000] {processor.py:830} INFO - Processing file /home/airflow/.local/lib/python3.8/site-packages/airflow/example_dags/tutorial.py for tasks to queue
[2024-02-23T17:50:46.892+0000] {logging_mixin.py:188} INFO - [2024-02-23T17:50:46.891+0000] {dagbag.py:538} INFO - Filling up the DagBag from /home/airflow/.local/lib/python3.8/site-packages/airflow/example_dags/tutorial.py
[2024-02-23T17:50:46.903+0000] {processor.py:840} INFO - DAG(s) 'tutorial' retrieved from /home/airflow/.local/lib/python3.8/site-packages/airflow/example_dags/tutorial.py
[2024-02-23T17:50:46.932+0000] {logging_mixin.py:188} INFO - [2024-02-23T17:50:46.932+0000] {dag.py:3033} INFO - Sync 1 DAGs
[2024-02-23T17:50:46.962+0000] {logging_mixin.py:188} INFO - [2024-02-23T17:50:46.962+0000] {dag.py:3820} INFO - Setting next_dagrun for tutorial to 2024-02-22T00:00:00+00:00, run_after=2024-02-23T00:00:00+00:00
[2024-02-23T17:50:47.023+0000] {processor.py:183} INFO - Processing /home/airflow/.local/lib/python3.8/site-packages/airflow/example_dags/tutorial.py took 0.139 seconds
[2024-02-23T17:51:17.090+0000] {processor.py:161} INFO - Started process (PID=8410) to work on /home/airflow/.local/lib/python3.8/site-packages/airflow/example_dags/tutorial.py
[2024-02-23T17:51:17.091+0000] {processor.py:830} INFO - Processing file /home/airflow/.local/lib/python3.8/site-packages/airflow/example_dags/tutorial.py for tasks to queue
[2024-02-23T17:51:17.093+0000] {logging_mixin.py:188} INFO - [2024-02-23T17:51:17.092+0000] {dagbag.py:538} INFO - Filling up the DagBag from /home/airflow/.local/lib/python3.8/site-packages/airflow/example_dags/tutorial.py
[2024-02-23T17:51:17.103+0000] {processor.py:840} INFO - DAG(s) 'tutorial' retrieved from /home/airflow/.local/lib/python3.8/site-packages/airflow/example_dags/tutorial.py
[2024-02-23T17:51:17.127+0000] {logging_mixin.py:188} INFO - [2024-02-23T17:51:17.127+0000] {dag.py:3033} INFO - Sync 1 DAGs
[2024-02-23T17:51:17.154+0000] {logging_mixin.py:188} INFO - [2024-02-23T17:51:17.154+0000] {dag.py:3820} INFO - Setting next_dagrun for tutorial to 2024-02-22T00:00:00+00:00, run_after=2024-02-23T00:00:00+00:00
[2024-02-23T17:51:17.173+0000] {processor.py:183} INFO - Processing /home/airflow/.local/lib/python3.8/site-packages/airflow/example_dags/tutorial.py took 0.088 seconds
[2024-02-23T17:51:47.587+0000] {processor.py:161} INFO - Started process (PID=8467) to work on /home/airflow/.local/lib/python3.8/site-packages/airflow/example_dags/tutorial.py
[2024-02-23T17:51:47.588+0000] {processor.py:830} INFO - Processing file /home/airflow/.local/lib/python3.8/site-packages/airflow/example_dags/tutorial.py for tasks to queue
[2024-02-23T17:51:47.589+0000] {logging_mixin.py:188} INFO - [2024-02-23T17:51:47.589+0000] {dagbag.py:538} INFO - Filling up the DagBag from /home/airflow/.local/lib/python3.8/site-packages/airflow/example_dags/tutorial.py
[2024-02-23T17:51:47.599+0000] {processor.py:840} INFO - DAG(s) 'tutorial' retrieved from /home/airflow/.local/lib/python3.8/site-packages/airflow/example_dags/tutorial.py
[2024-02-23T17:51:47.621+0000] {logging_mixin.py:188} INFO - [2024-02-23T17:51:47.621+0000] {dag.py:3033} INFO - Sync 1 DAGs
[2024-02-23T17:51:47.643+0000] {logging_mixin.py:188} INFO - [2024-02-23T17:51:47.643+0000] {dag.py:3820} INFO - Setting next_dagrun for tutorial to 2024-02-22T00:00:00+00:00, run_after=2024-02-23T00:00:00+00:00
[2024-02-23T17:51:47.664+0000] {processor.py:183} INFO - Processing /home/airflow/.local/lib/python3.8/site-packages/airflow/example_dags/tutorial.py took 0.081 seconds
