[2024-02-23T17:20:13.164+0000] {processor.py:161} INFO - Started process (PID=4920) to work on /home/airflow/.local/lib/python3.8/site-packages/airflow/example_dags/tutorial_dag.py
[2024-02-23T17:20:13.168+0000] {processor.py:830} INFO - Processing file /home/airflow/.local/lib/python3.8/site-packages/airflow/example_dags/tutorial_dag.py for tasks to queue
[2024-02-23T17:20:13.179+0000] {logging_mixin.py:188} INFO - [2024-02-23T17:20:13.178+0000] {dagbag.py:538} INFO - Filling up the DagBag from /home/airflow/.local/lib/python3.8/site-packages/airflow/example_dags/tutorial_dag.py
[2024-02-23T17:20:13.199+0000] {processor.py:840} INFO - DAG(s) 'tutorial_dag' retrieved from /home/airflow/.local/lib/python3.8/site-packages/airflow/example_dags/tutorial_dag.py
[2024-02-23T17:20:13.293+0000] {logging_mixin.py:188} INFO - [2024-02-23T17:20:13.293+0000] {dag.py:3033} INFO - Sync 1 DAGs
[2024-02-23T17:20:13.346+0000] {logging_mixin.py:188} INFO - [2024-02-23T17:20:13.339+0000] {dag.py:3820} INFO - Setting next_dagrun for tutorial_dag to None, run_after=None
[2024-02-23T17:20:13.441+0000] {processor.py:183} INFO - Processing /home/airflow/.local/lib/python3.8/site-packages/airflow/example_dags/tutorial_dag.py took 0.284 seconds
[2024-02-23T17:20:43.838+0000] {processor.py:161} INFO - Started process (PID=4977) to work on /home/airflow/.local/lib/python3.8/site-packages/airflow/example_dags/tutorial_dag.py
[2024-02-23T17:20:43.842+0000] {processor.py:830} INFO - Processing file /home/airflow/.local/lib/python3.8/site-packages/airflow/example_dags/tutorial_dag.py for tasks to queue
[2024-02-23T17:20:43.845+0000] {logging_mixin.py:188} INFO - [2024-02-23T17:20:43.844+0000] {dagbag.py:538} INFO - Filling up the DagBag from /home/airflow/.local/lib/python3.8/site-packages/airflow/example_dags/tutorial_dag.py
[2024-02-23T17:20:43.878+0000] {processor.py:840} INFO - DAG(s) 'tutorial_dag' retrieved from /home/airflow/.local/lib/python3.8/site-packages/airflow/example_dags/tutorial_dag.py
[2024-02-23T17:20:43.945+0000] {logging_mixin.py:188} INFO - [2024-02-23T17:20:43.945+0000] {dag.py:3033} INFO - Sync 1 DAGs
[2024-02-23T17:20:43.973+0000] {logging_mixin.py:188} INFO - [2024-02-23T17:20:43.973+0000] {dag.py:3820} INFO - Setting next_dagrun for tutorial_dag to None, run_after=None
[2024-02-23T17:20:44.025+0000] {processor.py:183} INFO - Processing /home/airflow/.local/lib/python3.8/site-packages/airflow/example_dags/tutorial_dag.py took 0.196 seconds
[2024-02-23T17:21:14.615+0000] {processor.py:161} INFO - Started process (PID=5034) to work on /home/airflow/.local/lib/python3.8/site-packages/airflow/example_dags/tutorial_dag.py
[2024-02-23T17:21:14.617+0000] {processor.py:830} INFO - Processing file /home/airflow/.local/lib/python3.8/site-packages/airflow/example_dags/tutorial_dag.py for tasks to queue
[2024-02-23T17:21:14.619+0000] {logging_mixin.py:188} INFO - [2024-02-23T17:21:14.619+0000] {dagbag.py:538} INFO - Filling up the DagBag from /home/airflow/.local/lib/python3.8/site-packages/airflow/example_dags/tutorial_dag.py
[2024-02-23T17:21:14.628+0000] {processor.py:840} INFO - DAG(s) 'tutorial_dag' retrieved from /home/airflow/.local/lib/python3.8/site-packages/airflow/example_dags/tutorial_dag.py
[2024-02-23T17:21:14.675+0000] {logging_mixin.py:188} INFO - [2024-02-23T17:21:14.674+0000] {dag.py:3033} INFO - Sync 1 DAGs
[2024-02-23T17:21:14.708+0000] {logging_mixin.py:188} INFO - [2024-02-23T17:21:14.708+0000] {dag.py:3820} INFO - Setting next_dagrun for tutorial_dag to None, run_after=None
[2024-02-23T17:21:14.748+0000] {processor.py:183} INFO - Processing /home/airflow/.local/lib/python3.8/site-packages/airflow/example_dags/tutorial_dag.py took 0.138 seconds
[2024-02-23T17:21:45.290+0000] {processor.py:161} INFO - Started process (PID=5091) to work on /home/airflow/.local/lib/python3.8/site-packages/airflow/example_dags/tutorial_dag.py
[2024-02-23T17:21:45.291+0000] {processor.py:830} INFO - Processing file /home/airflow/.local/lib/python3.8/site-packages/airflow/example_dags/tutorial_dag.py for tasks to queue
[2024-02-23T17:21:45.292+0000] {logging_mixin.py:188} INFO - [2024-02-23T17:21:45.292+0000] {dagbag.py:538} INFO - Filling up the DagBag from /home/airflow/.local/lib/python3.8/site-packages/airflow/example_dags/tutorial_dag.py
[2024-02-23T17:21:45.304+0000] {processor.py:840} INFO - DAG(s) 'tutorial_dag' retrieved from /home/airflow/.local/lib/python3.8/site-packages/airflow/example_dags/tutorial_dag.py
[2024-02-23T17:21:45.339+0000] {logging_mixin.py:188} INFO - [2024-02-23T17:21:45.339+0000] {dag.py:3033} INFO - Sync 1 DAGs
[2024-02-23T17:21:45.358+0000] {logging_mixin.py:188} INFO - [2024-02-23T17:21:45.358+0000] {dag.py:3820} INFO - Setting next_dagrun for tutorial_dag to None, run_after=None
[2024-02-23T17:21:45.390+0000] {processor.py:183} INFO - Processing /home/airflow/.local/lib/python3.8/site-packages/airflow/example_dags/tutorial_dag.py took 0.105 seconds
[2024-02-23T17:22:15.899+0000] {processor.py:161} INFO - Started process (PID=5149) to work on /home/airflow/.local/lib/python3.8/site-packages/airflow/example_dags/tutorial_dag.py
[2024-02-23T17:22:15.901+0000] {processor.py:830} INFO - Processing file /home/airflow/.local/lib/python3.8/site-packages/airflow/example_dags/tutorial_dag.py for tasks to queue
[2024-02-23T17:22:15.902+0000] {logging_mixin.py:188} INFO - [2024-02-23T17:22:15.902+0000] {dagbag.py:538} INFO - Filling up the DagBag from /home/airflow/.local/lib/python3.8/site-packages/airflow/example_dags/tutorial_dag.py
[2024-02-23T17:22:15.909+0000] {processor.py:840} INFO - DAG(s) 'tutorial_dag' retrieved from /home/airflow/.local/lib/python3.8/site-packages/airflow/example_dags/tutorial_dag.py
[2024-02-23T17:22:15.934+0000] {logging_mixin.py:188} INFO - [2024-02-23T17:22:15.934+0000] {dag.py:3033} INFO - Sync 1 DAGs
[2024-02-23T17:22:15.950+0000] {logging_mixin.py:188} INFO - [2024-02-23T17:22:15.950+0000] {dag.py:3820} INFO - Setting next_dagrun for tutorial_dag to None, run_after=None
[2024-02-23T17:22:15.973+0000] {processor.py:183} INFO - Processing /home/airflow/.local/lib/python3.8/site-packages/airflow/example_dags/tutorial_dag.py took 0.077 seconds
[2024-02-23T17:22:46.425+0000] {processor.py:161} INFO - Started process (PID=5207) to work on /home/airflow/.local/lib/python3.8/site-packages/airflow/example_dags/tutorial_dag.py
[2024-02-23T17:22:46.426+0000] {processor.py:830} INFO - Processing file /home/airflow/.local/lib/python3.8/site-packages/airflow/example_dags/tutorial_dag.py for tasks to queue
[2024-02-23T17:22:46.427+0000] {logging_mixin.py:188} INFO - [2024-02-23T17:22:46.427+0000] {dagbag.py:538} INFO - Filling up the DagBag from /home/airflow/.local/lib/python3.8/site-packages/airflow/example_dags/tutorial_dag.py
[2024-02-23T17:22:46.436+0000] {processor.py:840} INFO - DAG(s) 'tutorial_dag' retrieved from /home/airflow/.local/lib/python3.8/site-packages/airflow/example_dags/tutorial_dag.py
[2024-02-23T17:22:46.467+0000] {logging_mixin.py:188} INFO - [2024-02-23T17:22:46.467+0000] {dag.py:3033} INFO - Sync 1 DAGs
[2024-02-23T17:22:46.492+0000] {logging_mixin.py:188} INFO - [2024-02-23T17:22:46.492+0000] {dag.py:3820} INFO - Setting next_dagrun for tutorial_dag to None, run_after=None
[2024-02-23T17:22:46.526+0000] {processor.py:183} INFO - Processing /home/airflow/.local/lib/python3.8/site-packages/airflow/example_dags/tutorial_dag.py took 0.107 seconds
[2024-02-23T17:23:17.016+0000] {processor.py:161} INFO - Started process (PID=5264) to work on /home/airflow/.local/lib/python3.8/site-packages/airflow/example_dags/tutorial_dag.py
[2024-02-23T17:23:17.017+0000] {processor.py:830} INFO - Processing file /home/airflow/.local/lib/python3.8/site-packages/airflow/example_dags/tutorial_dag.py for tasks to queue
[2024-02-23T17:23:17.018+0000] {logging_mixin.py:188} INFO - [2024-02-23T17:23:17.018+0000] {dagbag.py:538} INFO - Filling up the DagBag from /home/airflow/.local/lib/python3.8/site-packages/airflow/example_dags/tutorial_dag.py
[2024-02-23T17:23:17.027+0000] {processor.py:840} INFO - DAG(s) 'tutorial_dag' retrieved from /home/airflow/.local/lib/python3.8/site-packages/airflow/example_dags/tutorial_dag.py
[2024-02-23T17:23:17.056+0000] {logging_mixin.py:188} INFO - [2024-02-23T17:23:17.056+0000] {dag.py:3033} INFO - Sync 1 DAGs
[2024-02-23T17:23:17.076+0000] {logging_mixin.py:188} INFO - [2024-02-23T17:23:17.076+0000] {dag.py:3820} INFO - Setting next_dagrun for tutorial_dag to None, run_after=None
[2024-02-23T17:23:17.107+0000] {processor.py:183} INFO - Processing /home/airflow/.local/lib/python3.8/site-packages/airflow/example_dags/tutorial_dag.py took 0.097 seconds
[2024-02-23T17:23:47.418+0000] {processor.py:161} INFO - Started process (PID=5321) to work on /home/airflow/.local/lib/python3.8/site-packages/airflow/example_dags/tutorial_dag.py
[2024-02-23T17:23:47.419+0000] {processor.py:830} INFO - Processing file /home/airflow/.local/lib/python3.8/site-packages/airflow/example_dags/tutorial_dag.py for tasks to queue
[2024-02-23T17:23:47.421+0000] {logging_mixin.py:188} INFO - [2024-02-23T17:23:47.420+0000] {dagbag.py:538} INFO - Filling up the DagBag from /home/airflow/.local/lib/python3.8/site-packages/airflow/example_dags/tutorial_dag.py
[2024-02-23T17:23:47.429+0000] {processor.py:840} INFO - DAG(s) 'tutorial_dag' retrieved from /home/airflow/.local/lib/python3.8/site-packages/airflow/example_dags/tutorial_dag.py
[2024-02-23T17:23:47.458+0000] {logging_mixin.py:188} INFO - [2024-02-23T17:23:47.458+0000] {dag.py:3033} INFO - Sync 1 DAGs
[2024-02-23T17:23:47.475+0000] {logging_mixin.py:188} INFO - [2024-02-23T17:23:47.474+0000] {dag.py:3820} INFO - Setting next_dagrun for tutorial_dag to None, run_after=None
[2024-02-23T17:23:47.537+0000] {processor.py:183} INFO - Processing /home/airflow/.local/lib/python3.8/site-packages/airflow/example_dags/tutorial_dag.py took 0.124 seconds
[2024-02-23T17:24:17.688+0000] {processor.py:161} INFO - Started process (PID=5378) to work on /home/airflow/.local/lib/python3.8/site-packages/airflow/example_dags/tutorial_dag.py
[2024-02-23T17:24:17.689+0000] {processor.py:830} INFO - Processing file /home/airflow/.local/lib/python3.8/site-packages/airflow/example_dags/tutorial_dag.py for tasks to queue
[2024-02-23T17:24:17.691+0000] {logging_mixin.py:188} INFO - [2024-02-23T17:24:17.690+0000] {dagbag.py:538} INFO - Filling up the DagBag from /home/airflow/.local/lib/python3.8/site-packages/airflow/example_dags/tutorial_dag.py
[2024-02-23T17:24:17.699+0000] {processor.py:840} INFO - DAG(s) 'tutorial_dag' retrieved from /home/airflow/.local/lib/python3.8/site-packages/airflow/example_dags/tutorial_dag.py
[2024-02-23T17:24:17.729+0000] {logging_mixin.py:188} INFO - [2024-02-23T17:24:17.729+0000] {dag.py:3033} INFO - Sync 1 DAGs
[2024-02-23T17:24:17.749+0000] {logging_mixin.py:188} INFO - [2024-02-23T17:24:17.749+0000] {dag.py:3820} INFO - Setting next_dagrun for tutorial_dag to None, run_after=None
[2024-02-23T17:24:17.776+0000] {processor.py:183} INFO - Processing /home/airflow/.local/lib/python3.8/site-packages/airflow/example_dags/tutorial_dag.py took 0.092 seconds
[2024-02-23T17:24:48.031+0000] {processor.py:161} INFO - Started process (PID=5435) to work on /home/airflow/.local/lib/python3.8/site-packages/airflow/example_dags/tutorial_dag.py
[2024-02-23T17:24:48.033+0000] {processor.py:830} INFO - Processing file /home/airflow/.local/lib/python3.8/site-packages/airflow/example_dags/tutorial_dag.py for tasks to queue
[2024-02-23T17:24:48.034+0000] {logging_mixin.py:188} INFO - [2024-02-23T17:24:48.034+0000] {dagbag.py:538} INFO - Filling up the DagBag from /home/airflow/.local/lib/python3.8/site-packages/airflow/example_dags/tutorial_dag.py
[2024-02-23T17:24:48.041+0000] {processor.py:840} INFO - DAG(s) 'tutorial_dag' retrieved from /home/airflow/.local/lib/python3.8/site-packages/airflow/example_dags/tutorial_dag.py
[2024-02-23T17:24:48.069+0000] {logging_mixin.py:188} INFO - [2024-02-23T17:24:48.069+0000] {dag.py:3033} INFO - Sync 1 DAGs
[2024-02-23T17:24:48.087+0000] {logging_mixin.py:188} INFO - [2024-02-23T17:24:48.087+0000] {dag.py:3820} INFO - Setting next_dagrun for tutorial_dag to None, run_after=None
[2024-02-23T17:24:48.113+0000] {processor.py:183} INFO - Processing /home/airflow/.local/lib/python3.8/site-packages/airflow/example_dags/tutorial_dag.py took 0.087 seconds
[2024-02-23T17:25:18.250+0000] {processor.py:161} INFO - Started process (PID=5493) to work on /home/airflow/.local/lib/python3.8/site-packages/airflow/example_dags/tutorial_dag.py
[2024-02-23T17:25:18.251+0000] {processor.py:830} INFO - Processing file /home/airflow/.local/lib/python3.8/site-packages/airflow/example_dags/tutorial_dag.py for tasks to queue
[2024-02-23T17:25:18.253+0000] {logging_mixin.py:188} INFO - [2024-02-23T17:25:18.252+0000] {dagbag.py:538} INFO - Filling up the DagBag from /home/airflow/.local/lib/python3.8/site-packages/airflow/example_dags/tutorial_dag.py
[2024-02-23T17:25:18.262+0000] {processor.py:840} INFO - DAG(s) 'tutorial_dag' retrieved from /home/airflow/.local/lib/python3.8/site-packages/airflow/example_dags/tutorial_dag.py
[2024-02-23T17:25:18.293+0000] {logging_mixin.py:188} INFO - [2024-02-23T17:25:18.293+0000] {dag.py:3033} INFO - Sync 1 DAGs
[2024-02-23T17:25:18.314+0000] {logging_mixin.py:188} INFO - [2024-02-23T17:25:18.313+0000] {dag.py:3820} INFO - Setting next_dagrun for tutorial_dag to None, run_after=None
[2024-02-23T17:25:18.339+0000] {processor.py:183} INFO - Processing /home/airflow/.local/lib/python3.8/site-packages/airflow/example_dags/tutorial_dag.py took 0.095 seconds
[2024-02-23T17:25:49.379+0000] {processor.py:161} INFO - Started process (PID=5550) to work on /home/airflow/.local/lib/python3.8/site-packages/airflow/example_dags/tutorial_dag.py
[2024-02-23T17:25:49.381+0000] {processor.py:830} INFO - Processing file /home/airflow/.local/lib/python3.8/site-packages/airflow/example_dags/tutorial_dag.py for tasks to queue
[2024-02-23T17:25:49.382+0000] {logging_mixin.py:188} INFO - [2024-02-23T17:25:49.382+0000] {dagbag.py:538} INFO - Filling up the DagBag from /home/airflow/.local/lib/python3.8/site-packages/airflow/example_dags/tutorial_dag.py
[2024-02-23T17:25:49.389+0000] {processor.py:840} INFO - DAG(s) 'tutorial_dag' retrieved from /home/airflow/.local/lib/python3.8/site-packages/airflow/example_dags/tutorial_dag.py
[2024-02-23T17:25:49.418+0000] {logging_mixin.py:188} INFO - [2024-02-23T17:25:49.418+0000] {dag.py:3033} INFO - Sync 1 DAGs
[2024-02-23T17:25:49.436+0000] {logging_mixin.py:188} INFO - [2024-02-23T17:25:49.435+0000] {dag.py:3820} INFO - Setting next_dagrun for tutorial_dag to None, run_after=None
[2024-02-23T17:25:49.497+0000] {processor.py:183} INFO - Processing /home/airflow/.local/lib/python3.8/site-packages/airflow/example_dags/tutorial_dag.py took 0.122 seconds
[2024-02-23T17:26:19.885+0000] {processor.py:161} INFO - Started process (PID=5607) to work on /home/airflow/.local/lib/python3.8/site-packages/airflow/example_dags/tutorial_dag.py
[2024-02-23T17:26:19.886+0000] {processor.py:830} INFO - Processing file /home/airflow/.local/lib/python3.8/site-packages/airflow/example_dags/tutorial_dag.py for tasks to queue
[2024-02-23T17:26:19.888+0000] {logging_mixin.py:188} INFO - [2024-02-23T17:26:19.887+0000] {dagbag.py:538} INFO - Filling up the DagBag from /home/airflow/.local/lib/python3.8/site-packages/airflow/example_dags/tutorial_dag.py
[2024-02-23T17:26:19.898+0000] {processor.py:840} INFO - DAG(s) 'tutorial_dag' retrieved from /home/airflow/.local/lib/python3.8/site-packages/airflow/example_dags/tutorial_dag.py
[2024-02-23T17:26:19.933+0000] {logging_mixin.py:188} INFO - [2024-02-23T17:26:19.933+0000] {dag.py:3033} INFO - Sync 1 DAGs
[2024-02-23T17:26:19.955+0000] {logging_mixin.py:188} INFO - [2024-02-23T17:26:19.955+0000] {dag.py:3820} INFO - Setting next_dagrun for tutorial_dag to None, run_after=None
[2024-02-23T17:26:19.987+0000] {processor.py:183} INFO - Processing /home/airflow/.local/lib/python3.8/site-packages/airflow/example_dags/tutorial_dag.py took 0.106 seconds
[2024-02-23T17:26:50.566+0000] {processor.py:161} INFO - Started process (PID=5664) to work on /home/airflow/.local/lib/python3.8/site-packages/airflow/example_dags/tutorial_dag.py
[2024-02-23T17:26:50.568+0000] {processor.py:830} INFO - Processing file /home/airflow/.local/lib/python3.8/site-packages/airflow/example_dags/tutorial_dag.py for tasks to queue
[2024-02-23T17:26:50.569+0000] {logging_mixin.py:188} INFO - [2024-02-23T17:26:50.569+0000] {dagbag.py:538} INFO - Filling up the DagBag from /home/airflow/.local/lib/python3.8/site-packages/airflow/example_dags/tutorial_dag.py
[2024-02-23T17:26:50.581+0000] {processor.py:840} INFO - DAG(s) 'tutorial_dag' retrieved from /home/airflow/.local/lib/python3.8/site-packages/airflow/example_dags/tutorial_dag.py
[2024-02-23T17:26:50.618+0000] {logging_mixin.py:188} INFO - [2024-02-23T17:26:50.617+0000] {dag.py:3033} INFO - Sync 1 DAGs
[2024-02-23T17:26:50.641+0000] {logging_mixin.py:188} INFO - [2024-02-23T17:26:50.641+0000] {dag.py:3820} INFO - Setting next_dagrun for tutorial_dag to None, run_after=None
[2024-02-23T17:26:50.676+0000] {processor.py:183} INFO - Processing /home/airflow/.local/lib/python3.8/site-packages/airflow/example_dags/tutorial_dag.py took 0.117 seconds
[2024-02-23T17:27:21.064+0000] {processor.py:161} INFO - Started process (PID=5721) to work on /home/airflow/.local/lib/python3.8/site-packages/airflow/example_dags/tutorial_dag.py
[2024-02-23T17:27:21.066+0000] {processor.py:830} INFO - Processing file /home/airflow/.local/lib/python3.8/site-packages/airflow/example_dags/tutorial_dag.py for tasks to queue
[2024-02-23T17:27:21.068+0000] {logging_mixin.py:188} INFO - [2024-02-23T17:27:21.067+0000] {dagbag.py:538} INFO - Filling up the DagBag from /home/airflow/.local/lib/python3.8/site-packages/airflow/example_dags/tutorial_dag.py
[2024-02-23T17:27:21.075+0000] {processor.py:840} INFO - DAG(s) 'tutorial_dag' retrieved from /home/airflow/.local/lib/python3.8/site-packages/airflow/example_dags/tutorial_dag.py
[2024-02-23T17:27:21.107+0000] {logging_mixin.py:188} INFO - [2024-02-23T17:27:21.107+0000] {dag.py:3033} INFO - Sync 1 DAGs
[2024-02-23T17:27:21.124+0000] {logging_mixin.py:188} INFO - [2024-02-23T17:27:21.124+0000] {dag.py:3820} INFO - Setting next_dagrun for tutorial_dag to None, run_after=None
[2024-02-23T17:27:21.188+0000] {processor.py:183} INFO - Processing /home/airflow/.local/lib/python3.8/site-packages/airflow/example_dags/tutorial_dag.py took 0.128 seconds
[2024-02-23T17:27:52.356+0000] {processor.py:161} INFO - Started process (PID=5780) to work on /home/airflow/.local/lib/python3.8/site-packages/airflow/example_dags/tutorial_dag.py
[2024-02-23T17:27:52.357+0000] {processor.py:830} INFO - Processing file /home/airflow/.local/lib/python3.8/site-packages/airflow/example_dags/tutorial_dag.py for tasks to queue
[2024-02-23T17:27:52.359+0000] {logging_mixin.py:188} INFO - [2024-02-23T17:27:52.358+0000] {dagbag.py:538} INFO - Filling up the DagBag from /home/airflow/.local/lib/python3.8/site-packages/airflow/example_dags/tutorial_dag.py
[2024-02-23T17:27:52.368+0000] {processor.py:840} INFO - DAG(s) 'tutorial_dag' retrieved from /home/airflow/.local/lib/python3.8/site-packages/airflow/example_dags/tutorial_dag.py
[2024-02-23T17:27:52.401+0000] {logging_mixin.py:188} INFO - [2024-02-23T17:27:52.400+0000] {dag.py:3033} INFO - Sync 1 DAGs
[2024-02-23T17:27:52.422+0000] {logging_mixin.py:188} INFO - [2024-02-23T17:27:52.422+0000] {dag.py:3820} INFO - Setting next_dagrun for tutorial_dag to None, run_after=None
[2024-02-23T17:27:52.452+0000] {processor.py:183} INFO - Processing /home/airflow/.local/lib/python3.8/site-packages/airflow/example_dags/tutorial_dag.py took 0.101 seconds
[2024-02-23T17:28:22.864+0000] {processor.py:161} INFO - Started process (PID=5837) to work on /home/airflow/.local/lib/python3.8/site-packages/airflow/example_dags/tutorial_dag.py
[2024-02-23T17:28:22.866+0000] {processor.py:830} INFO - Processing file /home/airflow/.local/lib/python3.8/site-packages/airflow/example_dags/tutorial_dag.py for tasks to queue
[2024-02-23T17:28:22.867+0000] {logging_mixin.py:188} INFO - [2024-02-23T17:28:22.867+0000] {dagbag.py:538} INFO - Filling up the DagBag from /home/airflow/.local/lib/python3.8/site-packages/airflow/example_dags/tutorial_dag.py
[2024-02-23T17:28:22.875+0000] {processor.py:840} INFO - DAG(s) 'tutorial_dag' retrieved from /home/airflow/.local/lib/python3.8/site-packages/airflow/example_dags/tutorial_dag.py
[2024-02-23T17:28:22.905+0000] {logging_mixin.py:188} INFO - [2024-02-23T17:28:22.905+0000] {dag.py:3033} INFO - Sync 1 DAGs
[2024-02-23T17:28:22.923+0000] {logging_mixin.py:188} INFO - [2024-02-23T17:28:22.923+0000] {dag.py:3820} INFO - Setting next_dagrun for tutorial_dag to None, run_after=None
[2024-02-23T17:28:22.944+0000] {processor.py:183} INFO - Processing /home/airflow/.local/lib/python3.8/site-packages/airflow/example_dags/tutorial_dag.py took 0.085 seconds
[2024-02-23T17:28:53.467+0000] {processor.py:161} INFO - Started process (PID=5894) to work on /home/airflow/.local/lib/python3.8/site-packages/airflow/example_dags/tutorial_dag.py
[2024-02-23T17:28:53.468+0000] {processor.py:830} INFO - Processing file /home/airflow/.local/lib/python3.8/site-packages/airflow/example_dags/tutorial_dag.py for tasks to queue
[2024-02-23T17:28:53.469+0000] {logging_mixin.py:188} INFO - [2024-02-23T17:28:53.469+0000] {dagbag.py:538} INFO - Filling up the DagBag from /home/airflow/.local/lib/python3.8/site-packages/airflow/example_dags/tutorial_dag.py
[2024-02-23T17:28:53.478+0000] {processor.py:840} INFO - DAG(s) 'tutorial_dag' retrieved from /home/airflow/.local/lib/python3.8/site-packages/airflow/example_dags/tutorial_dag.py
[2024-02-23T17:28:53.507+0000] {logging_mixin.py:188} INFO - [2024-02-23T17:28:53.507+0000] {dag.py:3033} INFO - Sync 1 DAGs
[2024-02-23T17:28:53.526+0000] {logging_mixin.py:188} INFO - [2024-02-23T17:28:53.526+0000] {dag.py:3820} INFO - Setting next_dagrun for tutorial_dag to None, run_after=None
[2024-02-23T17:28:53.552+0000] {processor.py:183} INFO - Processing /home/airflow/.local/lib/python3.8/site-packages/airflow/example_dags/tutorial_dag.py took 0.090 seconds
[2024-02-23T17:29:24.320+0000] {processor.py:161} INFO - Started process (PID=5951) to work on /home/airflow/.local/lib/python3.8/site-packages/airflow/example_dags/tutorial_dag.py
[2024-02-23T17:29:24.322+0000] {processor.py:830} INFO - Processing file /home/airflow/.local/lib/python3.8/site-packages/airflow/example_dags/tutorial_dag.py for tasks to queue
[2024-02-23T17:29:24.324+0000] {logging_mixin.py:188} INFO - [2024-02-23T17:29:24.323+0000] {dagbag.py:538} INFO - Filling up the DagBag from /home/airflow/.local/lib/python3.8/site-packages/airflow/example_dags/tutorial_dag.py
[2024-02-23T17:29:24.334+0000] {processor.py:840} INFO - DAG(s) 'tutorial_dag' retrieved from /home/airflow/.local/lib/python3.8/site-packages/airflow/example_dags/tutorial_dag.py
[2024-02-23T17:29:24.369+0000] {logging_mixin.py:188} INFO - [2024-02-23T17:29:24.369+0000] {dag.py:3033} INFO - Sync 1 DAGs
[2024-02-23T17:29:24.387+0000] {logging_mixin.py:188} INFO - [2024-02-23T17:29:24.387+0000] {dag.py:3820} INFO - Setting next_dagrun for tutorial_dag to None, run_after=None
[2024-02-23T17:29:24.414+0000] {processor.py:183} INFO - Processing /home/airflow/.local/lib/python3.8/site-packages/airflow/example_dags/tutorial_dag.py took 0.101 seconds
[2024-02-23T17:29:55.425+0000] {processor.py:161} INFO - Started process (PID=6008) to work on /home/airflow/.local/lib/python3.8/site-packages/airflow/example_dags/tutorial_dag.py
[2024-02-23T17:29:55.426+0000] {processor.py:830} INFO - Processing file /home/airflow/.local/lib/python3.8/site-packages/airflow/example_dags/tutorial_dag.py for tasks to queue
[2024-02-23T17:29:55.427+0000] {logging_mixin.py:188} INFO - [2024-02-23T17:29:55.427+0000] {dagbag.py:538} INFO - Filling up the DagBag from /home/airflow/.local/lib/python3.8/site-packages/airflow/example_dags/tutorial_dag.py
[2024-02-23T17:29:55.433+0000] {processor.py:840} INFO - DAG(s) 'tutorial_dag' retrieved from /home/airflow/.local/lib/python3.8/site-packages/airflow/example_dags/tutorial_dag.py
[2024-02-23T17:29:55.459+0000] {logging_mixin.py:188} INFO - [2024-02-23T17:29:55.458+0000] {dag.py:3033} INFO - Sync 1 DAGs
[2024-02-23T17:29:55.473+0000] {logging_mixin.py:188} INFO - [2024-02-23T17:29:55.473+0000] {dag.py:3820} INFO - Setting next_dagrun for tutorial_dag to None, run_after=None
[2024-02-23T17:29:55.543+0000] {processor.py:183} INFO - Processing /home/airflow/.local/lib/python3.8/site-packages/airflow/example_dags/tutorial_dag.py took 0.122 seconds
[2024-02-23T17:30:25.962+0000] {processor.py:161} INFO - Started process (PID=6065) to work on /home/airflow/.local/lib/python3.8/site-packages/airflow/example_dags/tutorial_dag.py
[2024-02-23T17:30:25.963+0000] {processor.py:830} INFO - Processing file /home/airflow/.local/lib/python3.8/site-packages/airflow/example_dags/tutorial_dag.py for tasks to queue
[2024-02-23T17:30:25.965+0000] {logging_mixin.py:188} INFO - [2024-02-23T17:30:25.964+0000] {dagbag.py:538} INFO - Filling up the DagBag from /home/airflow/.local/lib/python3.8/site-packages/airflow/example_dags/tutorial_dag.py
[2024-02-23T17:30:25.973+0000] {processor.py:840} INFO - DAG(s) 'tutorial_dag' retrieved from /home/airflow/.local/lib/python3.8/site-packages/airflow/example_dags/tutorial_dag.py
[2024-02-23T17:30:25.999+0000] {logging_mixin.py:188} INFO - [2024-02-23T17:30:25.999+0000] {dag.py:3033} INFO - Sync 1 DAGs
[2024-02-23T17:30:26.015+0000] {logging_mixin.py:188} INFO - [2024-02-23T17:30:26.015+0000] {dag.py:3820} INFO - Setting next_dagrun for tutorial_dag to None, run_after=None
[2024-02-23T17:30:26.037+0000] {processor.py:183} INFO - Processing /home/airflow/.local/lib/python3.8/site-packages/airflow/example_dags/tutorial_dag.py took 0.079 seconds
[2024-02-23T17:30:56.307+0000] {processor.py:161} INFO - Started process (PID=6122) to work on /home/airflow/.local/lib/python3.8/site-packages/airflow/example_dags/tutorial_dag.py
[2024-02-23T17:30:56.309+0000] {processor.py:830} INFO - Processing file /home/airflow/.local/lib/python3.8/site-packages/airflow/example_dags/tutorial_dag.py for tasks to queue
[2024-02-23T17:30:56.310+0000] {logging_mixin.py:188} INFO - [2024-02-23T17:30:56.310+0000] {dagbag.py:538} INFO - Filling up the DagBag from /home/airflow/.local/lib/python3.8/site-packages/airflow/example_dags/tutorial_dag.py
[2024-02-23T17:30:56.319+0000] {processor.py:840} INFO - DAG(s) 'tutorial_dag' retrieved from /home/airflow/.local/lib/python3.8/site-packages/airflow/example_dags/tutorial_dag.py
[2024-02-23T17:30:56.351+0000] {logging_mixin.py:188} INFO - [2024-02-23T17:30:56.351+0000] {dag.py:3033} INFO - Sync 1 DAGs
[2024-02-23T17:30:56.368+0000] {logging_mixin.py:188} INFO - [2024-02-23T17:30:56.367+0000] {dag.py:3820} INFO - Setting next_dagrun for tutorial_dag to None, run_after=None
[2024-02-23T17:30:56.428+0000] {processor.py:183} INFO - Processing /home/airflow/.local/lib/python3.8/site-packages/airflow/example_dags/tutorial_dag.py took 0.126 seconds
[2024-02-23T17:31:26.796+0000] {processor.py:161} INFO - Started process (PID=6179) to work on /home/airflow/.local/lib/python3.8/site-packages/airflow/example_dags/tutorial_dag.py
[2024-02-23T17:31:26.798+0000] {processor.py:830} INFO - Processing file /home/airflow/.local/lib/python3.8/site-packages/airflow/example_dags/tutorial_dag.py for tasks to queue
[2024-02-23T17:31:26.799+0000] {logging_mixin.py:188} INFO - [2024-02-23T17:31:26.799+0000] {dagbag.py:538} INFO - Filling up the DagBag from /home/airflow/.local/lib/python3.8/site-packages/airflow/example_dags/tutorial_dag.py
[2024-02-23T17:31:26.805+0000] {processor.py:840} INFO - DAG(s) 'tutorial_dag' retrieved from /home/airflow/.local/lib/python3.8/site-packages/airflow/example_dags/tutorial_dag.py
[2024-02-23T17:31:26.831+0000] {logging_mixin.py:188} INFO - [2024-02-23T17:31:26.831+0000] {dag.py:3033} INFO - Sync 1 DAGs
[2024-02-23T17:31:26.846+0000] {logging_mixin.py:188} INFO - [2024-02-23T17:31:26.846+0000] {dag.py:3820} INFO - Setting next_dagrun for tutorial_dag to None, run_after=None
[2024-02-23T17:31:26.871+0000] {processor.py:183} INFO - Processing /home/airflow/.local/lib/python3.8/site-packages/airflow/example_dags/tutorial_dag.py took 0.079 seconds
[2024-02-23T17:31:58.090+0000] {processor.py:161} INFO - Started process (PID=6241) to work on /home/airflow/.local/lib/python3.8/site-packages/airflow/example_dags/tutorial_dag.py
[2024-02-23T17:31:58.091+0000] {processor.py:830} INFO - Processing file /home/airflow/.local/lib/python3.8/site-packages/airflow/example_dags/tutorial_dag.py for tasks to queue
[2024-02-23T17:31:58.092+0000] {logging_mixin.py:188} INFO - [2024-02-23T17:31:58.092+0000] {dagbag.py:538} INFO - Filling up the DagBag from /home/airflow/.local/lib/python3.8/site-packages/airflow/example_dags/tutorial_dag.py
[2024-02-23T17:31:58.099+0000] {processor.py:840} INFO - DAG(s) 'tutorial_dag' retrieved from /home/airflow/.local/lib/python3.8/site-packages/airflow/example_dags/tutorial_dag.py
[2024-02-23T17:31:58.124+0000] {logging_mixin.py:188} INFO - [2024-02-23T17:31:58.124+0000] {dag.py:3033} INFO - Sync 1 DAGs
[2024-02-23T17:31:58.139+0000] {logging_mixin.py:188} INFO - [2024-02-23T17:31:58.139+0000] {dag.py:3820} INFO - Setting next_dagrun for tutorial_dag to None, run_after=None
[2024-02-23T17:31:58.163+0000] {processor.py:183} INFO - Processing /home/airflow/.local/lib/python3.8/site-packages/airflow/example_dags/tutorial_dag.py took 0.077 seconds
[2024-02-23T17:32:29.130+0000] {processor.py:161} INFO - Started process (PID=6298) to work on /home/airflow/.local/lib/python3.8/site-packages/airflow/example_dags/tutorial_dag.py
[2024-02-23T17:32:29.132+0000] {processor.py:830} INFO - Processing file /home/airflow/.local/lib/python3.8/site-packages/airflow/example_dags/tutorial_dag.py for tasks to queue
[2024-02-23T17:32:29.134+0000] {logging_mixin.py:188} INFO - [2024-02-23T17:32:29.133+0000] {dagbag.py:538} INFO - Filling up the DagBag from /home/airflow/.local/lib/python3.8/site-packages/airflow/example_dags/tutorial_dag.py
[2024-02-23T17:32:29.141+0000] {processor.py:840} INFO - DAG(s) 'tutorial_dag' retrieved from /home/airflow/.local/lib/python3.8/site-packages/airflow/example_dags/tutorial_dag.py
[2024-02-23T17:32:29.168+0000] {logging_mixin.py:188} INFO - [2024-02-23T17:32:29.168+0000] {dag.py:3033} INFO - Sync 1 DAGs
[2024-02-23T17:32:29.186+0000] {logging_mixin.py:188} INFO - [2024-02-23T17:32:29.186+0000] {dag.py:3820} INFO - Setting next_dagrun for tutorial_dag to None, run_after=None
[2024-02-23T17:32:29.214+0000] {processor.py:183} INFO - Processing /home/airflow/.local/lib/python3.8/site-packages/airflow/example_dags/tutorial_dag.py took 0.088 seconds
[2024-02-23T17:32:59.501+0000] {processor.py:161} INFO - Started process (PID=6355) to work on /home/airflow/.local/lib/python3.8/site-packages/airflow/example_dags/tutorial_dag.py
[2024-02-23T17:32:59.503+0000] {processor.py:830} INFO - Processing file /home/airflow/.local/lib/python3.8/site-packages/airflow/example_dags/tutorial_dag.py for tasks to queue
[2024-02-23T17:32:59.504+0000] {logging_mixin.py:188} INFO - [2024-02-23T17:32:59.503+0000] {dagbag.py:538} INFO - Filling up the DagBag from /home/airflow/.local/lib/python3.8/site-packages/airflow/example_dags/tutorial_dag.py
[2024-02-23T17:32:59.512+0000] {processor.py:840} INFO - DAG(s) 'tutorial_dag' retrieved from /home/airflow/.local/lib/python3.8/site-packages/airflow/example_dags/tutorial_dag.py
[2024-02-23T17:32:59.538+0000] {logging_mixin.py:188} INFO - [2024-02-23T17:32:59.538+0000] {dag.py:3033} INFO - Sync 1 DAGs
[2024-02-23T17:32:59.553+0000] {logging_mixin.py:188} INFO - [2024-02-23T17:32:59.553+0000] {dag.py:3820} INFO - Setting next_dagrun for tutorial_dag to None, run_after=None
[2024-02-23T17:32:59.576+0000] {processor.py:183} INFO - Processing /home/airflow/.local/lib/python3.8/site-packages/airflow/example_dags/tutorial_dag.py took 0.079 seconds
[2024-02-23T17:33:29.949+0000] {processor.py:161} INFO - Started process (PID=6412) to work on /home/airflow/.local/lib/python3.8/site-packages/airflow/example_dags/tutorial_dag.py
[2024-02-23T17:33:29.951+0000] {processor.py:830} INFO - Processing file /home/airflow/.local/lib/python3.8/site-packages/airflow/example_dags/tutorial_dag.py for tasks to queue
[2024-02-23T17:33:29.952+0000] {logging_mixin.py:188} INFO - [2024-02-23T17:33:29.952+0000] {dagbag.py:538} INFO - Filling up the DagBag from /home/airflow/.local/lib/python3.8/site-packages/airflow/example_dags/tutorial_dag.py
[2024-02-23T17:33:29.962+0000] {processor.py:840} INFO - DAG(s) 'tutorial_dag' retrieved from /home/airflow/.local/lib/python3.8/site-packages/airflow/example_dags/tutorial_dag.py
[2024-02-23T17:33:29.995+0000] {logging_mixin.py:188} INFO - [2024-02-23T17:33:29.995+0000] {dag.py:3033} INFO - Sync 1 DAGs
[2024-02-23T17:33:30.020+0000] {logging_mixin.py:188} INFO - [2024-02-23T17:33:30.019+0000] {dag.py:3820} INFO - Setting next_dagrun for tutorial_dag to None, run_after=None
[2024-02-23T17:33:30.054+0000] {processor.py:183} INFO - Processing /home/airflow/.local/lib/python3.8/site-packages/airflow/example_dags/tutorial_dag.py took 0.110 seconds
[2024-02-23T17:34:00.462+0000] {processor.py:161} INFO - Started process (PID=6469) to work on /home/airflow/.local/lib/python3.8/site-packages/airflow/example_dags/tutorial_dag.py
[2024-02-23T17:34:00.463+0000] {processor.py:830} INFO - Processing file /home/airflow/.local/lib/python3.8/site-packages/airflow/example_dags/tutorial_dag.py for tasks to queue
[2024-02-23T17:34:00.465+0000] {logging_mixin.py:188} INFO - [2024-02-23T17:34:00.464+0000] {dagbag.py:538} INFO - Filling up the DagBag from /home/airflow/.local/lib/python3.8/site-packages/airflow/example_dags/tutorial_dag.py
[2024-02-23T17:34:00.473+0000] {processor.py:840} INFO - DAG(s) 'tutorial_dag' retrieved from /home/airflow/.local/lib/python3.8/site-packages/airflow/example_dags/tutorial_dag.py
[2024-02-23T17:34:00.499+0000] {logging_mixin.py:188} INFO - [2024-02-23T17:34:00.499+0000] {dag.py:3033} INFO - Sync 1 DAGs
[2024-02-23T17:34:00.514+0000] {logging_mixin.py:188} INFO - [2024-02-23T17:34:00.514+0000] {dag.py:3820} INFO - Setting next_dagrun for tutorial_dag to None, run_after=None
[2024-02-23T17:34:00.541+0000] {processor.py:183} INFO - Processing /home/airflow/.local/lib/python3.8/site-packages/airflow/example_dags/tutorial_dag.py took 0.086 seconds
[2024-02-23T17:34:31.256+0000] {processor.py:161} INFO - Started process (PID=6527) to work on /home/airflow/.local/lib/python3.8/site-packages/airflow/example_dags/tutorial_dag.py
[2024-02-23T17:34:31.257+0000] {processor.py:830} INFO - Processing file /home/airflow/.local/lib/python3.8/site-packages/airflow/example_dags/tutorial_dag.py for tasks to queue
[2024-02-23T17:34:31.258+0000] {logging_mixin.py:188} INFO - [2024-02-23T17:34:31.258+0000] {dagbag.py:538} INFO - Filling up the DagBag from /home/airflow/.local/lib/python3.8/site-packages/airflow/example_dags/tutorial_dag.py
[2024-02-23T17:34:31.265+0000] {processor.py:840} INFO - DAG(s) 'tutorial_dag' retrieved from /home/airflow/.local/lib/python3.8/site-packages/airflow/example_dags/tutorial_dag.py
[2024-02-23T17:34:31.289+0000] {logging_mixin.py:188} INFO - [2024-02-23T17:34:31.289+0000] {dag.py:3033} INFO - Sync 1 DAGs
[2024-02-23T17:34:31.306+0000] {logging_mixin.py:188} INFO - [2024-02-23T17:34:31.305+0000] {dag.py:3820} INFO - Setting next_dagrun for tutorial_dag to None, run_after=None
[2024-02-23T17:34:31.328+0000] {processor.py:183} INFO - Processing /home/airflow/.local/lib/python3.8/site-packages/airflow/example_dags/tutorial_dag.py took 0.076 seconds
[2024-02-23T17:35:02.932+0000] {processor.py:161} INFO - Started process (PID=6588) to work on /home/airflow/.local/lib/python3.8/site-packages/airflow/example_dags/tutorial_dag.py
[2024-02-23T17:35:02.933+0000] {processor.py:830} INFO - Processing file /home/airflow/.local/lib/python3.8/site-packages/airflow/example_dags/tutorial_dag.py for tasks to queue
[2024-02-23T17:35:02.935+0000] {logging_mixin.py:188} INFO - [2024-02-23T17:35:02.934+0000] {dagbag.py:538} INFO - Filling up the DagBag from /home/airflow/.local/lib/python3.8/site-packages/airflow/example_dags/tutorial_dag.py
[2024-02-23T17:35:02.945+0000] {processor.py:840} INFO - DAG(s) 'tutorial_dag' retrieved from /home/airflow/.local/lib/python3.8/site-packages/airflow/example_dags/tutorial_dag.py
[2024-02-23T17:35:02.980+0000] {logging_mixin.py:188} INFO - [2024-02-23T17:35:02.980+0000] {dag.py:3033} INFO - Sync 1 DAGs
[2024-02-23T17:35:02.998+0000] {logging_mixin.py:188} INFO - [2024-02-23T17:35:02.998+0000] {dag.py:3820} INFO - Setting next_dagrun for tutorial_dag to None, run_after=None
[2024-02-23T17:35:03.025+0000] {processor.py:183} INFO - Processing /home/airflow/.local/lib/python3.8/site-packages/airflow/example_dags/tutorial_dag.py took 0.099 seconds
[2024-02-23T17:35:33.297+0000] {processor.py:161} INFO - Started process (PID=6645) to work on /home/airflow/.local/lib/python3.8/site-packages/airflow/example_dags/tutorial_dag.py
[2024-02-23T17:35:33.299+0000] {processor.py:830} INFO - Processing file /home/airflow/.local/lib/python3.8/site-packages/airflow/example_dags/tutorial_dag.py for tasks to queue
[2024-02-23T17:35:33.300+0000] {logging_mixin.py:188} INFO - [2024-02-23T17:35:33.300+0000] {dagbag.py:538} INFO - Filling up the DagBag from /home/airflow/.local/lib/python3.8/site-packages/airflow/example_dags/tutorial_dag.py
[2024-02-23T17:35:33.308+0000] {processor.py:840} INFO - DAG(s) 'tutorial_dag' retrieved from /home/airflow/.local/lib/python3.8/site-packages/airflow/example_dags/tutorial_dag.py
[2024-02-23T17:35:33.338+0000] {logging_mixin.py:188} INFO - [2024-02-23T17:35:33.338+0000] {dag.py:3033} INFO - Sync 1 DAGs
[2024-02-23T17:35:33.355+0000] {logging_mixin.py:188} INFO - [2024-02-23T17:35:33.355+0000] {dag.py:3820} INFO - Setting next_dagrun for tutorial_dag to None, run_after=None
[2024-02-23T17:35:33.379+0000] {processor.py:183} INFO - Processing /home/airflow/.local/lib/python3.8/site-packages/airflow/example_dags/tutorial_dag.py took 0.086 seconds
[2024-02-23T17:36:03.626+0000] {processor.py:161} INFO - Started process (PID=6702) to work on /home/airflow/.local/lib/python3.8/site-packages/airflow/example_dags/tutorial_dag.py
[2024-02-23T17:36:03.628+0000] {processor.py:830} INFO - Processing file /home/airflow/.local/lib/python3.8/site-packages/airflow/example_dags/tutorial_dag.py for tasks to queue
[2024-02-23T17:36:03.631+0000] {logging_mixin.py:188} INFO - [2024-02-23T17:36:03.630+0000] {dagbag.py:538} INFO - Filling up the DagBag from /home/airflow/.local/lib/python3.8/site-packages/airflow/example_dags/tutorial_dag.py
[2024-02-23T17:36:03.640+0000] {processor.py:840} INFO - DAG(s) 'tutorial_dag' retrieved from /home/airflow/.local/lib/python3.8/site-packages/airflow/example_dags/tutorial_dag.py
[2024-02-23T17:36:03.674+0000] {logging_mixin.py:188} INFO - [2024-02-23T17:36:03.673+0000] {dag.py:3033} INFO - Sync 1 DAGs
[2024-02-23T17:36:03.692+0000] {logging_mixin.py:188} INFO - [2024-02-23T17:36:03.691+0000] {dag.py:3820} INFO - Setting next_dagrun for tutorial_dag to None, run_after=None
[2024-02-23T17:36:03.720+0000] {processor.py:183} INFO - Processing /home/airflow/.local/lib/python3.8/site-packages/airflow/example_dags/tutorial_dag.py took 0.098 seconds
[2024-02-23T17:36:34.391+0000] {processor.py:161} INFO - Started process (PID=6759) to work on /home/airflow/.local/lib/python3.8/site-packages/airflow/example_dags/tutorial_dag.py
[2024-02-23T17:36:34.392+0000] {processor.py:830} INFO - Processing file /home/airflow/.local/lib/python3.8/site-packages/airflow/example_dags/tutorial_dag.py for tasks to queue
[2024-02-23T17:36:34.394+0000] {logging_mixin.py:188} INFO - [2024-02-23T17:36:34.393+0000] {dagbag.py:538} INFO - Filling up the DagBag from /home/airflow/.local/lib/python3.8/site-packages/airflow/example_dags/tutorial_dag.py
[2024-02-23T17:36:34.401+0000] {processor.py:840} INFO - DAG(s) 'tutorial_dag' retrieved from /home/airflow/.local/lib/python3.8/site-packages/airflow/example_dags/tutorial_dag.py
[2024-02-23T17:36:34.431+0000] {logging_mixin.py:188} INFO - [2024-02-23T17:36:34.430+0000] {dag.py:3033} INFO - Sync 1 DAGs
[2024-02-23T17:36:34.449+0000] {logging_mixin.py:188} INFO - [2024-02-23T17:36:34.448+0000] {dag.py:3820} INFO - Setting next_dagrun for tutorial_dag to None, run_after=None
[2024-02-23T17:36:34.473+0000] {processor.py:183} INFO - Processing /home/airflow/.local/lib/python3.8/site-packages/airflow/example_dags/tutorial_dag.py took 0.086 seconds
[2024-02-23T17:37:05.693+0000] {processor.py:161} INFO - Started process (PID=6819) to work on /home/airflow/.local/lib/python3.8/site-packages/airflow/example_dags/tutorial_dag.py
[2024-02-23T17:37:05.694+0000] {processor.py:830} INFO - Processing file /home/airflow/.local/lib/python3.8/site-packages/airflow/example_dags/tutorial_dag.py for tasks to queue
[2024-02-23T17:37:05.695+0000] {logging_mixin.py:188} INFO - [2024-02-23T17:37:05.695+0000] {dagbag.py:538} INFO - Filling up the DagBag from /home/airflow/.local/lib/python3.8/site-packages/airflow/example_dags/tutorial_dag.py
[2024-02-23T17:37:05.702+0000] {processor.py:840} INFO - DAG(s) 'tutorial_dag' retrieved from /home/airflow/.local/lib/python3.8/site-packages/airflow/example_dags/tutorial_dag.py
[2024-02-23T17:37:05.728+0000] {logging_mixin.py:188} INFO - [2024-02-23T17:37:05.728+0000] {dag.py:3033} INFO - Sync 1 DAGs
[2024-02-23T17:37:05.744+0000] {logging_mixin.py:188} INFO - [2024-02-23T17:37:05.744+0000] {dag.py:3820} INFO - Setting next_dagrun for tutorial_dag to None, run_after=None
[2024-02-23T17:37:05.801+0000] {processor.py:183} INFO - Processing /home/airflow/.local/lib/python3.8/site-packages/airflow/example_dags/tutorial_dag.py took 0.113 seconds
[2024-02-23T17:37:35.919+0000] {processor.py:161} INFO - Started process (PID=6876) to work on /home/airflow/.local/lib/python3.8/site-packages/airflow/example_dags/tutorial_dag.py
[2024-02-23T17:37:35.921+0000] {processor.py:830} INFO - Processing file /home/airflow/.local/lib/python3.8/site-packages/airflow/example_dags/tutorial_dag.py for tasks to queue
[2024-02-23T17:37:35.922+0000] {logging_mixin.py:188} INFO - [2024-02-23T17:37:35.921+0000] {dagbag.py:538} INFO - Filling up the DagBag from /home/airflow/.local/lib/python3.8/site-packages/airflow/example_dags/tutorial_dag.py
[2024-02-23T17:37:35.930+0000] {processor.py:840} INFO - DAG(s) 'tutorial_dag' retrieved from /home/airflow/.local/lib/python3.8/site-packages/airflow/example_dags/tutorial_dag.py
[2024-02-23T17:37:35.958+0000] {logging_mixin.py:188} INFO - [2024-02-23T17:37:35.958+0000] {dag.py:3033} INFO - Sync 1 DAGs
[2024-02-23T17:37:35.974+0000] {logging_mixin.py:188} INFO - [2024-02-23T17:37:35.974+0000] {dag.py:3820} INFO - Setting next_dagrun for tutorial_dag to None, run_after=None
[2024-02-23T17:37:36.034+0000] {processor.py:183} INFO - Processing /home/airflow/.local/lib/python3.8/site-packages/airflow/example_dags/tutorial_dag.py took 0.119 seconds
[2024-02-23T17:38:06.096+0000] {processor.py:161} INFO - Started process (PID=6933) to work on /home/airflow/.local/lib/python3.8/site-packages/airflow/example_dags/tutorial_dag.py
[2024-02-23T17:38:06.097+0000] {processor.py:830} INFO - Processing file /home/airflow/.local/lib/python3.8/site-packages/airflow/example_dags/tutorial_dag.py for tasks to queue
[2024-02-23T17:38:06.098+0000] {logging_mixin.py:188} INFO - [2024-02-23T17:38:06.098+0000] {dagbag.py:538} INFO - Filling up the DagBag from /home/airflow/.local/lib/python3.8/site-packages/airflow/example_dags/tutorial_dag.py
[2024-02-23T17:38:06.105+0000] {processor.py:840} INFO - DAG(s) 'tutorial_dag' retrieved from /home/airflow/.local/lib/python3.8/site-packages/airflow/example_dags/tutorial_dag.py
[2024-02-23T17:38:06.132+0000] {logging_mixin.py:188} INFO - [2024-02-23T17:38:06.132+0000] {dag.py:3033} INFO - Sync 1 DAGs
[2024-02-23T17:38:06.147+0000] {logging_mixin.py:188} INFO - [2024-02-23T17:38:06.147+0000] {dag.py:3820} INFO - Setting next_dagrun for tutorial_dag to None, run_after=None
[2024-02-23T17:38:06.207+0000] {processor.py:183} INFO - Processing /home/airflow/.local/lib/python3.8/site-packages/airflow/example_dags/tutorial_dag.py took 0.116 seconds
[2024-02-23T17:38:36.652+0000] {processor.py:161} INFO - Started process (PID=6990) to work on /home/airflow/.local/lib/python3.8/site-packages/airflow/example_dags/tutorial_dag.py
[2024-02-23T17:38:36.654+0000] {processor.py:830} INFO - Processing file /home/airflow/.local/lib/python3.8/site-packages/airflow/example_dags/tutorial_dag.py for tasks to queue
[2024-02-23T17:38:36.655+0000] {logging_mixin.py:188} INFO - [2024-02-23T17:38:36.654+0000] {dagbag.py:538} INFO - Filling up the DagBag from /home/airflow/.local/lib/python3.8/site-packages/airflow/example_dags/tutorial_dag.py
[2024-02-23T17:38:36.663+0000] {processor.py:840} INFO - DAG(s) 'tutorial_dag' retrieved from /home/airflow/.local/lib/python3.8/site-packages/airflow/example_dags/tutorial_dag.py
[2024-02-23T17:38:36.693+0000] {logging_mixin.py:188} INFO - [2024-02-23T17:38:36.692+0000] {dag.py:3033} INFO - Sync 1 DAGs
[2024-02-23T17:38:36.708+0000] {logging_mixin.py:188} INFO - [2024-02-23T17:38:36.708+0000] {dag.py:3820} INFO - Setting next_dagrun for tutorial_dag to None, run_after=None
[2024-02-23T17:38:36.792+0000] {processor.py:183} INFO - Processing /home/airflow/.local/lib/python3.8/site-packages/airflow/example_dags/tutorial_dag.py took 0.143 seconds
[2024-02-23T17:39:07.036+0000] {processor.py:161} INFO - Started process (PID=7047) to work on /home/airflow/.local/lib/python3.8/site-packages/airflow/example_dags/tutorial_dag.py
[2024-02-23T17:39:07.037+0000] {processor.py:830} INFO - Processing file /home/airflow/.local/lib/python3.8/site-packages/airflow/example_dags/tutorial_dag.py for tasks to queue
[2024-02-23T17:39:07.038+0000] {logging_mixin.py:188} INFO - [2024-02-23T17:39:07.038+0000] {dagbag.py:538} INFO - Filling up the DagBag from /home/airflow/.local/lib/python3.8/site-packages/airflow/example_dags/tutorial_dag.py
[2024-02-23T17:39:07.046+0000] {processor.py:840} INFO - DAG(s) 'tutorial_dag' retrieved from /home/airflow/.local/lib/python3.8/site-packages/airflow/example_dags/tutorial_dag.py
[2024-02-23T17:39:07.074+0000] {logging_mixin.py:188} INFO - [2024-02-23T17:39:07.074+0000] {dag.py:3033} INFO - Sync 1 DAGs
[2024-02-23T17:39:07.089+0000] {logging_mixin.py:188} INFO - [2024-02-23T17:39:07.089+0000] {dag.py:3820} INFO - Setting next_dagrun for tutorial_dag to None, run_after=None
[2024-02-23T17:39:07.109+0000] {processor.py:183} INFO - Processing /home/airflow/.local/lib/python3.8/site-packages/airflow/example_dags/tutorial_dag.py took 0.078 seconds
[2024-02-23T17:39:37.460+0000] {processor.py:161} INFO - Started process (PID=7104) to work on /home/airflow/.local/lib/python3.8/site-packages/airflow/example_dags/tutorial_dag.py
[2024-02-23T17:39:37.461+0000] {processor.py:830} INFO - Processing file /home/airflow/.local/lib/python3.8/site-packages/airflow/example_dags/tutorial_dag.py for tasks to queue
[2024-02-23T17:39:37.462+0000] {logging_mixin.py:188} INFO - [2024-02-23T17:39:37.462+0000] {dagbag.py:538} INFO - Filling up the DagBag from /home/airflow/.local/lib/python3.8/site-packages/airflow/example_dags/tutorial_dag.py
[2024-02-23T17:39:37.470+0000] {processor.py:840} INFO - DAG(s) 'tutorial_dag' retrieved from /home/airflow/.local/lib/python3.8/site-packages/airflow/example_dags/tutorial_dag.py
[2024-02-23T17:39:37.496+0000] {logging_mixin.py:188} INFO - [2024-02-23T17:39:37.496+0000] {dag.py:3033} INFO - Sync 1 DAGs
[2024-02-23T17:39:37.512+0000] {logging_mixin.py:188} INFO - [2024-02-23T17:39:37.511+0000] {dag.py:3820} INFO - Setting next_dagrun for tutorial_dag to None, run_after=None
[2024-02-23T17:39:37.535+0000] {processor.py:183} INFO - Processing /home/airflow/.local/lib/python3.8/site-packages/airflow/example_dags/tutorial_dag.py took 0.079 seconds
[2024-02-23T17:40:08.041+0000] {processor.py:161} INFO - Started process (PID=7161) to work on /home/airflow/.local/lib/python3.8/site-packages/airflow/example_dags/tutorial_dag.py
[2024-02-23T17:40:08.042+0000] {processor.py:830} INFO - Processing file /home/airflow/.local/lib/python3.8/site-packages/airflow/example_dags/tutorial_dag.py for tasks to queue
[2024-02-23T17:40:08.043+0000] {logging_mixin.py:188} INFO - [2024-02-23T17:40:08.042+0000] {dagbag.py:538} INFO - Filling up the DagBag from /home/airflow/.local/lib/python3.8/site-packages/airflow/example_dags/tutorial_dag.py
[2024-02-23T17:40:08.051+0000] {processor.py:840} INFO - DAG(s) 'tutorial_dag' retrieved from /home/airflow/.local/lib/python3.8/site-packages/airflow/example_dags/tutorial_dag.py
[2024-02-23T17:40:08.076+0000] {logging_mixin.py:188} INFO - [2024-02-23T17:40:08.075+0000] {dag.py:3033} INFO - Sync 1 DAGs
[2024-02-23T17:40:08.092+0000] {logging_mixin.py:188} INFO - [2024-02-23T17:40:08.091+0000] {dag.py:3820} INFO - Setting next_dagrun for tutorial_dag to None, run_after=None
[2024-02-23T17:40:08.118+0000] {processor.py:183} INFO - Processing /home/airflow/.local/lib/python3.8/site-packages/airflow/example_dags/tutorial_dag.py took 0.081 seconds
[2024-02-23T17:40:38.536+0000] {processor.py:161} INFO - Started process (PID=7218) to work on /home/airflow/.local/lib/python3.8/site-packages/airflow/example_dags/tutorial_dag.py
[2024-02-23T17:40:38.537+0000] {processor.py:830} INFO - Processing file /home/airflow/.local/lib/python3.8/site-packages/airflow/example_dags/tutorial_dag.py for tasks to queue
[2024-02-23T17:40:38.538+0000] {logging_mixin.py:188} INFO - [2024-02-23T17:40:38.538+0000] {dagbag.py:538} INFO - Filling up the DagBag from /home/airflow/.local/lib/python3.8/site-packages/airflow/example_dags/tutorial_dag.py
[2024-02-23T17:40:38.545+0000] {processor.py:840} INFO - DAG(s) 'tutorial_dag' retrieved from /home/airflow/.local/lib/python3.8/site-packages/airflow/example_dags/tutorial_dag.py
[2024-02-23T17:40:38.570+0000] {logging_mixin.py:188} INFO - [2024-02-23T17:40:38.570+0000] {dag.py:3033} INFO - Sync 1 DAGs
[2024-02-23T17:40:38.584+0000] {logging_mixin.py:188} INFO - [2024-02-23T17:40:38.584+0000] {dag.py:3820} INFO - Setting next_dagrun for tutorial_dag to None, run_after=None
[2024-02-23T17:40:38.644+0000] {processor.py:183} INFO - Processing /home/airflow/.local/lib/python3.8/site-packages/airflow/example_dags/tutorial_dag.py took 0.113 seconds
[2024-02-23T17:41:08.727+0000] {processor.py:161} INFO - Started process (PID=7275) to work on /home/airflow/.local/lib/python3.8/site-packages/airflow/example_dags/tutorial_dag.py
[2024-02-23T17:41:08.729+0000] {processor.py:830} INFO - Processing file /home/airflow/.local/lib/python3.8/site-packages/airflow/example_dags/tutorial_dag.py for tasks to queue
[2024-02-23T17:41:08.730+0000] {logging_mixin.py:188} INFO - [2024-02-23T17:41:08.730+0000] {dagbag.py:538} INFO - Filling up the DagBag from /home/airflow/.local/lib/python3.8/site-packages/airflow/example_dags/tutorial_dag.py
[2024-02-23T17:41:08.740+0000] {processor.py:840} INFO - DAG(s) 'tutorial_dag' retrieved from /home/airflow/.local/lib/python3.8/site-packages/airflow/example_dags/tutorial_dag.py
[2024-02-23T17:41:08.773+0000] {logging_mixin.py:188} INFO - [2024-02-23T17:41:08.773+0000] {dag.py:3033} INFO - Sync 1 DAGs
[2024-02-23T17:41:08.797+0000] {logging_mixin.py:188} INFO - [2024-02-23T17:41:08.796+0000] {dag.py:3820} INFO - Setting next_dagrun for tutorial_dag to None, run_after=None
[2024-02-23T17:41:08.885+0000] {processor.py:183} INFO - Processing /home/airflow/.local/lib/python3.8/site-packages/airflow/example_dags/tutorial_dag.py took 0.163 seconds
[2024-02-23T17:41:39.062+0000] {processor.py:161} INFO - Started process (PID=7333) to work on /home/airflow/.local/lib/python3.8/site-packages/airflow/example_dags/tutorial_dag.py
[2024-02-23T17:41:39.064+0000] {processor.py:830} INFO - Processing file /home/airflow/.local/lib/python3.8/site-packages/airflow/example_dags/tutorial_dag.py for tasks to queue
[2024-02-23T17:41:39.065+0000] {logging_mixin.py:188} INFO - [2024-02-23T17:41:39.065+0000] {dagbag.py:538} INFO - Filling up the DagBag from /home/airflow/.local/lib/python3.8/site-packages/airflow/example_dags/tutorial_dag.py
[2024-02-23T17:41:39.072+0000] {processor.py:840} INFO - DAG(s) 'tutorial_dag' retrieved from /home/airflow/.local/lib/python3.8/site-packages/airflow/example_dags/tutorial_dag.py
[2024-02-23T17:41:39.099+0000] {logging_mixin.py:188} INFO - [2024-02-23T17:41:39.099+0000] {dag.py:3033} INFO - Sync 1 DAGs
[2024-02-23T17:41:39.115+0000] {logging_mixin.py:188} INFO - [2024-02-23T17:41:39.115+0000] {dag.py:3820} INFO - Setting next_dagrun for tutorial_dag to None, run_after=None
[2024-02-23T17:41:39.138+0000] {processor.py:183} INFO - Processing /home/airflow/.local/lib/python3.8/site-packages/airflow/example_dags/tutorial_dag.py took 0.081 seconds
[2024-02-23T17:42:10.386+0000] {processor.py:161} INFO - Started process (PID=7390) to work on /home/airflow/.local/lib/python3.8/site-packages/airflow/example_dags/tutorial_dag.py
[2024-02-23T17:42:10.388+0000] {processor.py:830} INFO - Processing file /home/airflow/.local/lib/python3.8/site-packages/airflow/example_dags/tutorial_dag.py for tasks to queue
[2024-02-23T17:42:10.389+0000] {logging_mixin.py:188} INFO - [2024-02-23T17:42:10.388+0000] {dagbag.py:538} INFO - Filling up the DagBag from /home/airflow/.local/lib/python3.8/site-packages/airflow/example_dags/tutorial_dag.py
[2024-02-23T17:42:10.396+0000] {processor.py:840} INFO - DAG(s) 'tutorial_dag' retrieved from /home/airflow/.local/lib/python3.8/site-packages/airflow/example_dags/tutorial_dag.py
[2024-02-23T17:42:10.422+0000] {logging_mixin.py:188} INFO - [2024-02-23T17:42:10.422+0000] {dag.py:3033} INFO - Sync 1 DAGs
[2024-02-23T17:42:10.438+0000] {logging_mixin.py:188} INFO - [2024-02-23T17:42:10.437+0000] {dag.py:3820} INFO - Setting next_dagrun for tutorial_dag to None, run_after=None
[2024-02-23T17:42:10.507+0000] {processor.py:183} INFO - Processing /home/airflow/.local/lib/python3.8/site-packages/airflow/example_dags/tutorial_dag.py took 0.125 seconds
[2024-02-23T17:42:41.198+0000] {processor.py:161} INFO - Started process (PID=7447) to work on /home/airflow/.local/lib/python3.8/site-packages/airflow/example_dags/tutorial_dag.py
[2024-02-23T17:42:41.199+0000] {processor.py:830} INFO - Processing file /home/airflow/.local/lib/python3.8/site-packages/airflow/example_dags/tutorial_dag.py for tasks to queue
[2024-02-23T17:42:41.201+0000] {logging_mixin.py:188} INFO - [2024-02-23T17:42:41.200+0000] {dagbag.py:538} INFO - Filling up the DagBag from /home/airflow/.local/lib/python3.8/site-packages/airflow/example_dags/tutorial_dag.py
[2024-02-23T17:42:41.208+0000] {processor.py:840} INFO - DAG(s) 'tutorial_dag' retrieved from /home/airflow/.local/lib/python3.8/site-packages/airflow/example_dags/tutorial_dag.py
[2024-02-23T17:42:41.241+0000] {logging_mixin.py:188} INFO - [2024-02-23T17:42:41.241+0000] {dag.py:3033} INFO - Sync 1 DAGs
[2024-02-23T17:42:41.277+0000] {logging_mixin.py:188} INFO - [2024-02-23T17:42:41.277+0000] {dag.py:3820} INFO - Setting next_dagrun for tutorial_dag to None, run_after=None
[2024-02-23T17:42:41.303+0000] {processor.py:183} INFO - Processing /home/airflow/.local/lib/python3.8/site-packages/airflow/example_dags/tutorial_dag.py took 0.110 seconds
[2024-02-23T17:43:11.481+0000] {processor.py:161} INFO - Started process (PID=7504) to work on /home/airflow/.local/lib/python3.8/site-packages/airflow/example_dags/tutorial_dag.py
[2024-02-23T17:43:11.482+0000] {processor.py:830} INFO - Processing file /home/airflow/.local/lib/python3.8/site-packages/airflow/example_dags/tutorial_dag.py for tasks to queue
[2024-02-23T17:43:11.484+0000] {logging_mixin.py:188} INFO - [2024-02-23T17:43:11.483+0000] {dagbag.py:538} INFO - Filling up the DagBag from /home/airflow/.local/lib/python3.8/site-packages/airflow/example_dags/tutorial_dag.py
[2024-02-23T17:43:11.492+0000] {processor.py:840} INFO - DAG(s) 'tutorial_dag' retrieved from /home/airflow/.local/lib/python3.8/site-packages/airflow/example_dags/tutorial_dag.py
[2024-02-23T17:43:11.519+0000] {logging_mixin.py:188} INFO - [2024-02-23T17:43:11.519+0000] {dag.py:3033} INFO - Sync 1 DAGs
[2024-02-23T17:43:11.534+0000] {logging_mixin.py:188} INFO - [2024-02-23T17:43:11.534+0000] {dag.py:3820} INFO - Setting next_dagrun for tutorial_dag to None, run_after=None
[2024-02-23T17:43:11.592+0000] {processor.py:183} INFO - Processing /home/airflow/.local/lib/python3.8/site-packages/airflow/example_dags/tutorial_dag.py took 0.116 seconds
[2024-02-23T17:43:42.557+0000] {processor.py:161} INFO - Started process (PID=7561) to work on /home/airflow/.local/lib/python3.8/site-packages/airflow/example_dags/tutorial_dag.py
[2024-02-23T17:43:42.558+0000] {processor.py:830} INFO - Processing file /home/airflow/.local/lib/python3.8/site-packages/airflow/example_dags/tutorial_dag.py for tasks to queue
[2024-02-23T17:43:42.560+0000] {logging_mixin.py:188} INFO - [2024-02-23T17:43:42.559+0000] {dagbag.py:538} INFO - Filling up the DagBag from /home/airflow/.local/lib/python3.8/site-packages/airflow/example_dags/tutorial_dag.py
[2024-02-23T17:43:42.567+0000] {processor.py:840} INFO - DAG(s) 'tutorial_dag' retrieved from /home/airflow/.local/lib/python3.8/site-packages/airflow/example_dags/tutorial_dag.py
[2024-02-23T17:43:42.594+0000] {logging_mixin.py:188} INFO - [2024-02-23T17:43:42.594+0000] {dag.py:3033} INFO - Sync 1 DAGs
[2024-02-23T17:43:42.609+0000] {logging_mixin.py:188} INFO - [2024-02-23T17:43:42.609+0000] {dag.py:3820} INFO - Setting next_dagrun for tutorial_dag to None, run_after=None
[2024-02-23T17:43:42.639+0000] {processor.py:183} INFO - Processing /home/airflow/.local/lib/python3.8/site-packages/airflow/example_dags/tutorial_dag.py took 0.087 seconds
[2024-02-23T17:44:13.265+0000] {processor.py:161} INFO - Started process (PID=7618) to work on /home/airflow/.local/lib/python3.8/site-packages/airflow/example_dags/tutorial_dag.py
[2024-02-23T17:44:13.267+0000] {processor.py:830} INFO - Processing file /home/airflow/.local/lib/python3.8/site-packages/airflow/example_dags/tutorial_dag.py for tasks to queue
[2024-02-23T17:44:13.269+0000] {logging_mixin.py:188} INFO - [2024-02-23T17:44:13.268+0000] {dagbag.py:538} INFO - Filling up the DagBag from /home/airflow/.local/lib/python3.8/site-packages/airflow/example_dags/tutorial_dag.py
[2024-02-23T17:44:13.276+0000] {processor.py:840} INFO - DAG(s) 'tutorial_dag' retrieved from /home/airflow/.local/lib/python3.8/site-packages/airflow/example_dags/tutorial_dag.py
[2024-02-23T17:44:13.304+0000] {logging_mixin.py:188} INFO - [2024-02-23T17:44:13.304+0000] {dag.py:3033} INFO - Sync 1 DAGs
[2024-02-23T17:44:13.327+0000] {logging_mixin.py:188} INFO - [2024-02-23T17:44:13.326+0000] {dag.py:3820} INFO - Setting next_dagrun for tutorial_dag to None, run_after=None
[2024-02-23T17:44:13.355+0000] {processor.py:183} INFO - Processing /home/airflow/.local/lib/python3.8/site-packages/airflow/example_dags/tutorial_dag.py took 0.094 seconds
[2024-02-23T17:44:43.531+0000] {processor.py:161} INFO - Started process (PID=7675) to work on /home/airflow/.local/lib/python3.8/site-packages/airflow/example_dags/tutorial_dag.py
[2024-02-23T17:44:43.532+0000] {processor.py:830} INFO - Processing file /home/airflow/.local/lib/python3.8/site-packages/airflow/example_dags/tutorial_dag.py for tasks to queue
[2024-02-23T17:44:43.533+0000] {logging_mixin.py:188} INFO - [2024-02-23T17:44:43.533+0000] {dagbag.py:538} INFO - Filling up the DagBag from /home/airflow/.local/lib/python3.8/site-packages/airflow/example_dags/tutorial_dag.py
[2024-02-23T17:44:43.542+0000] {processor.py:840} INFO - DAG(s) 'tutorial_dag' retrieved from /home/airflow/.local/lib/python3.8/site-packages/airflow/example_dags/tutorial_dag.py
[2024-02-23T17:44:43.572+0000] {logging_mixin.py:188} INFO - [2024-02-23T17:44:43.572+0000] {dag.py:3033} INFO - Sync 1 DAGs
[2024-02-23T17:44:43.593+0000] {logging_mixin.py:188} INFO - [2024-02-23T17:44:43.593+0000] {dag.py:3820} INFO - Setting next_dagrun for tutorial_dag to None, run_after=None
[2024-02-23T17:44:43.651+0000] {processor.py:183} INFO - Processing /home/airflow/.local/lib/python3.8/site-packages/airflow/example_dags/tutorial_dag.py took 0.128 seconds
[2024-02-23T17:45:14.296+0000] {processor.py:161} INFO - Started process (PID=7732) to work on /home/airflow/.local/lib/python3.8/site-packages/airflow/example_dags/tutorial_dag.py
[2024-02-23T17:45:14.297+0000] {processor.py:830} INFO - Processing file /home/airflow/.local/lib/python3.8/site-packages/airflow/example_dags/tutorial_dag.py for tasks to queue
[2024-02-23T17:45:14.299+0000] {logging_mixin.py:188} INFO - [2024-02-23T17:45:14.298+0000] {dagbag.py:538} INFO - Filling up the DagBag from /home/airflow/.local/lib/python3.8/site-packages/airflow/example_dags/tutorial_dag.py
[2024-02-23T17:45:14.308+0000] {processor.py:840} INFO - DAG(s) 'tutorial_dag' retrieved from /home/airflow/.local/lib/python3.8/site-packages/airflow/example_dags/tutorial_dag.py
[2024-02-23T17:45:14.338+0000] {logging_mixin.py:188} INFO - [2024-02-23T17:45:14.338+0000] {dag.py:3033} INFO - Sync 1 DAGs
[2024-02-23T17:45:14.357+0000] {logging_mixin.py:188} INFO - [2024-02-23T17:45:14.357+0000] {dag.py:3820} INFO - Setting next_dagrun for tutorial_dag to None, run_after=None
[2024-02-23T17:45:14.388+0000] {processor.py:183} INFO - Processing /home/airflow/.local/lib/python3.8/site-packages/airflow/example_dags/tutorial_dag.py took 0.096 seconds
[2024-02-23T17:45:44.475+0000] {processor.py:161} INFO - Started process (PID=7789) to work on /home/airflow/.local/lib/python3.8/site-packages/airflow/example_dags/tutorial_dag.py
[2024-02-23T17:45:44.476+0000] {processor.py:830} INFO - Processing file /home/airflow/.local/lib/python3.8/site-packages/airflow/example_dags/tutorial_dag.py for tasks to queue
[2024-02-23T17:45:44.478+0000] {logging_mixin.py:188} INFO - [2024-02-23T17:45:44.477+0000] {dagbag.py:538} INFO - Filling up the DagBag from /home/airflow/.local/lib/python3.8/site-packages/airflow/example_dags/tutorial_dag.py
[2024-02-23T17:45:44.485+0000] {processor.py:840} INFO - DAG(s) 'tutorial_dag' retrieved from /home/airflow/.local/lib/python3.8/site-packages/airflow/example_dags/tutorial_dag.py
[2024-02-23T17:45:44.516+0000] {logging_mixin.py:188} INFO - [2024-02-23T17:45:44.515+0000] {dag.py:3033} INFO - Sync 1 DAGs
[2024-02-23T17:45:44.534+0000] {logging_mixin.py:188} INFO - [2024-02-23T17:45:44.534+0000] {dag.py:3820} INFO - Setting next_dagrun for tutorial_dag to None, run_after=None
[2024-02-23T17:45:44.561+0000] {processor.py:183} INFO - Processing /home/airflow/.local/lib/python3.8/site-packages/airflow/example_dags/tutorial_dag.py took 0.090 seconds
[2024-02-23T17:46:15.001+0000] {processor.py:161} INFO - Started process (PID=7852) to work on /home/airflow/.local/lib/python3.8/site-packages/airflow/example_dags/tutorial_dag.py
[2024-02-23T17:46:15.003+0000] {processor.py:830} INFO - Processing file /home/airflow/.local/lib/python3.8/site-packages/airflow/example_dags/tutorial_dag.py for tasks to queue
[2024-02-23T17:46:15.005+0000] {logging_mixin.py:188} INFO - [2024-02-23T17:46:15.005+0000] {dagbag.py:538} INFO - Filling up the DagBag from /home/airflow/.local/lib/python3.8/site-packages/airflow/example_dags/tutorial_dag.py
[2024-02-23T17:46:15.013+0000] {processor.py:840} INFO - DAG(s) 'tutorial_dag' retrieved from /home/airflow/.local/lib/python3.8/site-packages/airflow/example_dags/tutorial_dag.py
[2024-02-23T17:46:15.042+0000] {logging_mixin.py:188} INFO - [2024-02-23T17:46:15.042+0000] {dag.py:3033} INFO - Sync 1 DAGs
[2024-02-23T17:46:15.059+0000] {logging_mixin.py:188} INFO - [2024-02-23T17:46:15.059+0000] {dag.py:3820} INFO - Setting next_dagrun for tutorial_dag to None, run_after=None
[2024-02-23T17:46:15.084+0000] {processor.py:183} INFO - Processing /home/airflow/.local/lib/python3.8/site-packages/airflow/example_dags/tutorial_dag.py took 0.086 seconds
[2024-02-23T17:46:45.617+0000] {processor.py:161} INFO - Started process (PID=7909) to work on /home/airflow/.local/lib/python3.8/site-packages/airflow/example_dags/tutorial_dag.py
[2024-02-23T17:46:45.619+0000] {processor.py:830} INFO - Processing file /home/airflow/.local/lib/python3.8/site-packages/airflow/example_dags/tutorial_dag.py for tasks to queue
[2024-02-23T17:46:45.620+0000] {logging_mixin.py:188} INFO - [2024-02-23T17:46:45.620+0000] {dagbag.py:538} INFO - Filling up the DagBag from /home/airflow/.local/lib/python3.8/site-packages/airflow/example_dags/tutorial_dag.py
[2024-02-23T17:46:45.627+0000] {processor.py:840} INFO - DAG(s) 'tutorial_dag' retrieved from /home/airflow/.local/lib/python3.8/site-packages/airflow/example_dags/tutorial_dag.py
[2024-02-23T17:46:45.654+0000] {logging_mixin.py:188} INFO - [2024-02-23T17:46:45.654+0000] {dag.py:3033} INFO - Sync 1 DAGs
[2024-02-23T17:46:45.673+0000] {logging_mixin.py:188} INFO - [2024-02-23T17:46:45.673+0000] {dag.py:3820} INFO - Setting next_dagrun for tutorial_dag to None, run_after=None
[2024-02-23T17:46:45.734+0000] {processor.py:183} INFO - Processing /home/airflow/.local/lib/python3.8/site-packages/airflow/example_dags/tutorial_dag.py took 0.121 seconds
[2024-02-23T17:47:16.058+0000] {processor.py:161} INFO - Started process (PID=7966) to work on /home/airflow/.local/lib/python3.8/site-packages/airflow/example_dags/tutorial_dag.py
[2024-02-23T17:47:16.059+0000] {processor.py:830} INFO - Processing file /home/airflow/.local/lib/python3.8/site-packages/airflow/example_dags/tutorial_dag.py for tasks to queue
[2024-02-23T17:47:16.060+0000] {logging_mixin.py:188} INFO - [2024-02-23T17:47:16.060+0000] {dagbag.py:538} INFO - Filling up the DagBag from /home/airflow/.local/lib/python3.8/site-packages/airflow/example_dags/tutorial_dag.py
[2024-02-23T17:47:16.069+0000] {processor.py:840} INFO - DAG(s) 'tutorial_dag' retrieved from /home/airflow/.local/lib/python3.8/site-packages/airflow/example_dags/tutorial_dag.py
[2024-02-23T17:47:16.101+0000] {logging_mixin.py:188} INFO - [2024-02-23T17:47:16.101+0000] {dag.py:3033} INFO - Sync 1 DAGs
[2024-02-23T17:47:16.117+0000] {logging_mixin.py:188} INFO - [2024-02-23T17:47:16.117+0000] {dag.py:3820} INFO - Setting next_dagrun for tutorial_dag to None, run_after=None
[2024-02-23T17:47:16.176+0000] {processor.py:183} INFO - Processing /home/airflow/.local/lib/python3.8/site-packages/airflow/example_dags/tutorial_dag.py took 0.124 seconds
[2024-02-23T17:47:46.606+0000] {processor.py:161} INFO - Started process (PID=8023) to work on /home/airflow/.local/lib/python3.8/site-packages/airflow/example_dags/tutorial_dag.py
[2024-02-23T17:47:46.607+0000] {processor.py:830} INFO - Processing file /home/airflow/.local/lib/python3.8/site-packages/airflow/example_dags/tutorial_dag.py for tasks to queue
[2024-02-23T17:47:46.608+0000] {logging_mixin.py:188} INFO - [2024-02-23T17:47:46.608+0000] {dagbag.py:538} INFO - Filling up the DagBag from /home/airflow/.local/lib/python3.8/site-packages/airflow/example_dags/tutorial_dag.py
[2024-02-23T17:47:46.618+0000] {processor.py:840} INFO - DAG(s) 'tutorial_dag' retrieved from /home/airflow/.local/lib/python3.8/site-packages/airflow/example_dags/tutorial_dag.py
[2024-02-23T17:47:46.647+0000] {logging_mixin.py:188} INFO - [2024-02-23T17:47:46.647+0000] {dag.py:3033} INFO - Sync 1 DAGs
[2024-02-23T17:47:46.663+0000] {logging_mixin.py:188} INFO - [2024-02-23T17:47:46.663+0000] {dag.py:3820} INFO - Setting next_dagrun for tutorial_dag to None, run_after=None
[2024-02-23T17:47:46.722+0000] {processor.py:183} INFO - Processing /home/airflow/.local/lib/python3.8/site-packages/airflow/example_dags/tutorial_dag.py took 0.120 seconds
[2024-02-23T17:48:17.168+0000] {processor.py:161} INFO - Started process (PID=8080) to work on /home/airflow/.local/lib/python3.8/site-packages/airflow/example_dags/tutorial_dag.py
[2024-02-23T17:48:17.170+0000] {processor.py:830} INFO - Processing file /home/airflow/.local/lib/python3.8/site-packages/airflow/example_dags/tutorial_dag.py for tasks to queue
[2024-02-23T17:48:17.171+0000] {logging_mixin.py:188} INFO - [2024-02-23T17:48:17.171+0000] {dagbag.py:538} INFO - Filling up the DagBag from /home/airflow/.local/lib/python3.8/site-packages/airflow/example_dags/tutorial_dag.py
[2024-02-23T17:48:17.178+0000] {processor.py:840} INFO - DAG(s) 'tutorial_dag' retrieved from /home/airflow/.local/lib/python3.8/site-packages/airflow/example_dags/tutorial_dag.py
[2024-02-23T17:48:17.204+0000] {logging_mixin.py:188} INFO - [2024-02-23T17:48:17.204+0000] {dag.py:3033} INFO - Sync 1 DAGs
[2024-02-23T17:48:17.219+0000] {logging_mixin.py:188} INFO - [2024-02-23T17:48:17.218+0000] {dag.py:3820} INFO - Setting next_dagrun for tutorial_dag to None, run_after=None
[2024-02-23T17:48:17.244+0000] {processor.py:183} INFO - Processing /home/airflow/.local/lib/python3.8/site-packages/airflow/example_dags/tutorial_dag.py took 0.080 seconds
[2024-02-23T17:48:47.904+0000] {processor.py:161} INFO - Started process (PID=8137) to work on /home/airflow/.local/lib/python3.8/site-packages/airflow/example_dags/tutorial_dag.py
[2024-02-23T17:48:47.905+0000] {processor.py:830} INFO - Processing file /home/airflow/.local/lib/python3.8/site-packages/airflow/example_dags/tutorial_dag.py for tasks to queue
[2024-02-23T17:48:47.907+0000] {logging_mixin.py:188} INFO - [2024-02-23T17:48:47.907+0000] {dagbag.py:538} INFO - Filling up the DagBag from /home/airflow/.local/lib/python3.8/site-packages/airflow/example_dags/tutorial_dag.py
[2024-02-23T17:48:47.914+0000] {processor.py:840} INFO - DAG(s) 'tutorial_dag' retrieved from /home/airflow/.local/lib/python3.8/site-packages/airflow/example_dags/tutorial_dag.py
[2024-02-23T17:48:47.946+0000] {logging_mixin.py:188} INFO - [2024-02-23T17:48:47.946+0000] {dag.py:3033} INFO - Sync 1 DAGs
[2024-02-23T17:48:47.963+0000] {logging_mixin.py:188} INFO - [2024-02-23T17:48:47.962+0000] {dag.py:3820} INFO - Setting next_dagrun for tutorial_dag to None, run_after=None
[2024-02-23T17:48:48.023+0000] {processor.py:183} INFO - Processing /home/airflow/.local/lib/python3.8/site-packages/airflow/example_dags/tutorial_dag.py took 0.124 seconds
[2024-02-23T17:49:18.779+0000] {processor.py:161} INFO - Started process (PID=8194) to work on /home/airflow/.local/lib/python3.8/site-packages/airflow/example_dags/tutorial_dag.py
[2024-02-23T17:49:18.780+0000] {processor.py:830} INFO - Processing file /home/airflow/.local/lib/python3.8/site-packages/airflow/example_dags/tutorial_dag.py for tasks to queue
[2024-02-23T17:49:18.782+0000] {logging_mixin.py:188} INFO - [2024-02-23T17:49:18.781+0000] {dagbag.py:538} INFO - Filling up the DagBag from /home/airflow/.local/lib/python3.8/site-packages/airflow/example_dags/tutorial_dag.py
[2024-02-23T17:49:18.789+0000] {processor.py:840} INFO - DAG(s) 'tutorial_dag' retrieved from /home/airflow/.local/lib/python3.8/site-packages/airflow/example_dags/tutorial_dag.py
[2024-02-23T17:49:18.816+0000] {logging_mixin.py:188} INFO - [2024-02-23T17:49:18.816+0000] {dag.py:3033} INFO - Sync 1 DAGs
[2024-02-23T17:49:18.831+0000] {logging_mixin.py:188} INFO - [2024-02-23T17:49:18.831+0000] {dag.py:3820} INFO - Setting next_dagrun for tutorial_dag to None, run_after=None
[2024-02-23T17:49:18.897+0000] {processor.py:183} INFO - Processing /home/airflow/.local/lib/python3.8/site-packages/airflow/example_dags/tutorial_dag.py took 0.123 seconds
[2024-02-23T17:49:49.149+0000] {processor.py:161} INFO - Started process (PID=8251) to work on /home/airflow/.local/lib/python3.8/site-packages/airflow/example_dags/tutorial_dag.py
[2024-02-23T17:49:49.150+0000] {processor.py:830} INFO - Processing file /home/airflow/.local/lib/python3.8/site-packages/airflow/example_dags/tutorial_dag.py for tasks to queue
[2024-02-23T17:49:49.151+0000] {logging_mixin.py:188} INFO - [2024-02-23T17:49:49.151+0000] {dagbag.py:538} INFO - Filling up the DagBag from /home/airflow/.local/lib/python3.8/site-packages/airflow/example_dags/tutorial_dag.py
[2024-02-23T17:49:49.160+0000] {processor.py:840} INFO - DAG(s) 'tutorial_dag' retrieved from /home/airflow/.local/lib/python3.8/site-packages/airflow/example_dags/tutorial_dag.py
[2024-02-23T17:49:49.186+0000] {logging_mixin.py:188} INFO - [2024-02-23T17:49:49.186+0000] {dag.py:3033} INFO - Sync 1 DAGs
[2024-02-23T17:49:49.201+0000] {logging_mixin.py:188} INFO - [2024-02-23T17:49:49.201+0000] {dag.py:3820} INFO - Setting next_dagrun for tutorial_dag to None, run_after=None
[2024-02-23T17:49:49.261+0000] {processor.py:183} INFO - Processing /home/airflow/.local/lib/python3.8/site-packages/airflow/example_dags/tutorial_dag.py took 0.117 seconds
[2024-02-23T17:50:19.546+0000] {processor.py:161} INFO - Started process (PID=8308) to work on /home/airflow/.local/lib/python3.8/site-packages/airflow/example_dags/tutorial_dag.py
[2024-02-23T17:50:19.547+0000] {processor.py:830} INFO - Processing file /home/airflow/.local/lib/python3.8/site-packages/airflow/example_dags/tutorial_dag.py for tasks to queue
[2024-02-23T17:50:19.548+0000] {logging_mixin.py:188} INFO - [2024-02-23T17:50:19.548+0000] {dagbag.py:538} INFO - Filling up the DagBag from /home/airflow/.local/lib/python3.8/site-packages/airflow/example_dags/tutorial_dag.py
[2024-02-23T17:50:19.556+0000] {processor.py:840} INFO - DAG(s) 'tutorial_dag' retrieved from /home/airflow/.local/lib/python3.8/site-packages/airflow/example_dags/tutorial_dag.py
[2024-02-23T17:50:19.581+0000] {logging_mixin.py:188} INFO - [2024-02-23T17:50:19.581+0000] {dag.py:3033} INFO - Sync 1 DAGs
[2024-02-23T17:50:19.596+0000] {logging_mixin.py:188} INFO - [2024-02-23T17:50:19.596+0000] {dag.py:3820} INFO - Setting next_dagrun for tutorial_dag to None, run_after=None
[2024-02-23T17:50:19.620+0000] {processor.py:183} INFO - Processing /home/airflow/.local/lib/python3.8/site-packages/airflow/example_dags/tutorial_dag.py took 0.078 seconds
[2024-02-23T17:50:49.810+0000] {processor.py:161} INFO - Started process (PID=8365) to work on /home/airflow/.local/lib/python3.8/site-packages/airflow/example_dags/tutorial_dag.py
[2024-02-23T17:50:49.811+0000] {processor.py:830} INFO - Processing file /home/airflow/.local/lib/python3.8/site-packages/airflow/example_dags/tutorial_dag.py for tasks to queue
[2024-02-23T17:50:49.813+0000] {logging_mixin.py:188} INFO - [2024-02-23T17:50:49.812+0000] {dagbag.py:538} INFO - Filling up the DagBag from /home/airflow/.local/lib/python3.8/site-packages/airflow/example_dags/tutorial_dag.py
[2024-02-23T17:50:49.820+0000] {processor.py:840} INFO - DAG(s) 'tutorial_dag' retrieved from /home/airflow/.local/lib/python3.8/site-packages/airflow/example_dags/tutorial_dag.py
[2024-02-23T17:50:49.847+0000] {logging_mixin.py:188} INFO - [2024-02-23T17:50:49.847+0000] {dag.py:3033} INFO - Sync 1 DAGs
[2024-02-23T17:50:49.862+0000] {logging_mixin.py:188} INFO - [2024-02-23T17:50:49.862+0000] {dag.py:3820} INFO - Setting next_dagrun for tutorial_dag to None, run_after=None
[2024-02-23T17:50:49.898+0000] {processor.py:183} INFO - Processing /home/airflow/.local/lib/python3.8/site-packages/airflow/example_dags/tutorial_dag.py took 0.092 seconds
[2024-02-23T17:51:20.124+0000] {processor.py:161} INFO - Started process (PID=8422) to work on /home/airflow/.local/lib/python3.8/site-packages/airflow/example_dags/tutorial_dag.py
[2024-02-23T17:51:20.125+0000] {processor.py:830} INFO - Processing file /home/airflow/.local/lib/python3.8/site-packages/airflow/example_dags/tutorial_dag.py for tasks to queue
[2024-02-23T17:51:20.127+0000] {logging_mixin.py:188} INFO - [2024-02-23T17:51:20.126+0000] {dagbag.py:538} INFO - Filling up the DagBag from /home/airflow/.local/lib/python3.8/site-packages/airflow/example_dags/tutorial_dag.py
[2024-02-23T17:51:20.134+0000] {processor.py:840} INFO - DAG(s) 'tutorial_dag' retrieved from /home/airflow/.local/lib/python3.8/site-packages/airflow/example_dags/tutorial_dag.py
[2024-02-23T17:51:20.161+0000] {logging_mixin.py:188} INFO - [2024-02-23T17:51:20.161+0000] {dag.py:3033} INFO - Sync 1 DAGs
[2024-02-23T17:51:20.177+0000] {logging_mixin.py:188} INFO - [2024-02-23T17:51:20.177+0000] {dag.py:3820} INFO - Setting next_dagrun for tutorial_dag to None, run_after=None
[2024-02-23T17:51:20.246+0000] {processor.py:183} INFO - Processing /home/airflow/.local/lib/python3.8/site-packages/airflow/example_dags/tutorial_dag.py took 0.126 seconds
[2024-02-23T17:51:50.643+0000] {processor.py:161} INFO - Started process (PID=8479) to work on /home/airflow/.local/lib/python3.8/site-packages/airflow/example_dags/tutorial_dag.py
[2024-02-23T17:51:50.645+0000] {processor.py:830} INFO - Processing file /home/airflow/.local/lib/python3.8/site-packages/airflow/example_dags/tutorial_dag.py for tasks to queue
[2024-02-23T17:51:50.646+0000] {logging_mixin.py:188} INFO - [2024-02-23T17:51:50.646+0000] {dagbag.py:538} INFO - Filling up the DagBag from /home/airflow/.local/lib/python3.8/site-packages/airflow/example_dags/tutorial_dag.py
[2024-02-23T17:51:50.653+0000] {processor.py:840} INFO - DAG(s) 'tutorial_dag' retrieved from /home/airflow/.local/lib/python3.8/site-packages/airflow/example_dags/tutorial_dag.py
[2024-02-23T17:51:50.678+0000] {logging_mixin.py:188} INFO - [2024-02-23T17:51:50.678+0000] {dag.py:3033} INFO - Sync 1 DAGs
[2024-02-23T17:51:50.692+0000] {logging_mixin.py:188} INFO - [2024-02-23T17:51:50.692+0000] {dag.py:3820} INFO - Setting next_dagrun for tutorial_dag to None, run_after=None
[2024-02-23T17:51:50.749+0000] {processor.py:183} INFO - Processing /home/airflow/.local/lib/python3.8/site-packages/airflow/example_dags/tutorial_dag.py took 0.110 seconds
