[2024-02-23T17:20:15.259+0000] {processor.py:161} INFO - Started process (PID=4934) to work on /home/airflow/.local/lib/python3.8/site-packages/airflow/example_dags/tutorial_objectstorage.py
[2024-02-23T17:20:15.261+0000] {processor.py:830} INFO - Processing file /home/airflow/.local/lib/python3.8/site-packages/airflow/example_dags/tutorial_objectstorage.py for tasks to queue
[2024-02-23T17:20:15.263+0000] {logging_mixin.py:188} INFO - [2024-02-23T17:20:15.262+0000] {dagbag.py:538} INFO - Filling up the DagBag from /home/airflow/.local/lib/python3.8/site-packages/airflow/example_dags/tutorial_objectstorage.py
[2024-02-23T17:20:15.282+0000] {processor.py:840} INFO - DAG(s) 'tutorial_objectstorage' retrieved from /home/airflow/.local/lib/python3.8/site-packages/airflow/example_dags/tutorial_objectstorage.py
[2024-02-23T17:20:15.339+0000] {logging_mixin.py:188} INFO - [2024-02-23T17:20:15.339+0000] {dag.py:3033} INFO - Sync 1 DAGs
[2024-02-23T17:20:15.379+0000] {logging_mixin.py:188} INFO - [2024-02-23T17:20:15.378+0000] {dag.py:3820} INFO - Setting next_dagrun for tutorial_objectstorage to None, run_after=None
[2024-02-23T17:20:15.477+0000] {processor.py:183} INFO - Processing /home/airflow/.local/lib/python3.8/site-packages/airflow/example_dags/tutorial_objectstorage.py took 0.226 seconds
[2024-02-23T17:20:46.908+0000] {processor.py:161} INFO - Started process (PID=4991) to work on /home/airflow/.local/lib/python3.8/site-packages/airflow/example_dags/tutorial_objectstorage.py
[2024-02-23T17:20:46.915+0000] {processor.py:830} INFO - Processing file /home/airflow/.local/lib/python3.8/site-packages/airflow/example_dags/tutorial_objectstorage.py for tasks to queue
[2024-02-23T17:20:46.926+0000] {logging_mixin.py:188} INFO - [2024-02-23T17:20:46.926+0000] {dagbag.py:538} INFO - Filling up the DagBag from /home/airflow/.local/lib/python3.8/site-packages/airflow/example_dags/tutorial_objectstorage.py
[2024-02-23T17:20:46.967+0000] {processor.py:840} INFO - DAG(s) 'tutorial_objectstorage' retrieved from /home/airflow/.local/lib/python3.8/site-packages/airflow/example_dags/tutorial_objectstorage.py
[2024-02-23T17:20:47.056+0000] {logging_mixin.py:188} INFO - [2024-02-23T17:20:47.056+0000] {dag.py:3033} INFO - Sync 1 DAGs
[2024-02-23T17:20:47.119+0000] {logging_mixin.py:188} INFO - [2024-02-23T17:20:47.118+0000] {dag.py:3820} INFO - Setting next_dagrun for tutorial_objectstorage to None, run_after=None
[2024-02-23T17:20:47.188+0000] {processor.py:183} INFO - Processing /home/airflow/.local/lib/python3.8/site-packages/airflow/example_dags/tutorial_objectstorage.py took 0.290 seconds
[2024-02-23T17:21:17.625+0000] {processor.py:161} INFO - Started process (PID=5048) to work on /home/airflow/.local/lib/python3.8/site-packages/airflow/example_dags/tutorial_objectstorage.py
[2024-02-23T17:21:17.629+0000] {processor.py:830} INFO - Processing file /home/airflow/.local/lib/python3.8/site-packages/airflow/example_dags/tutorial_objectstorage.py for tasks to queue
[2024-02-23T17:21:17.631+0000] {logging_mixin.py:188} INFO - [2024-02-23T17:21:17.630+0000] {dagbag.py:538} INFO - Filling up the DagBag from /home/airflow/.local/lib/python3.8/site-packages/airflow/example_dags/tutorial_objectstorage.py
[2024-02-23T17:21:17.653+0000] {processor.py:840} INFO - DAG(s) 'tutorial_objectstorage' retrieved from /home/airflow/.local/lib/python3.8/site-packages/airflow/example_dags/tutorial_objectstorage.py
[2024-02-23T17:21:17.741+0000] {logging_mixin.py:188} INFO - [2024-02-23T17:21:17.741+0000] {dag.py:3033} INFO - Sync 1 DAGs
[2024-02-23T17:21:17.811+0000] {logging_mixin.py:188} INFO - [2024-02-23T17:21:17.810+0000] {dag.py:3820} INFO - Setting next_dagrun for tutorial_objectstorage to None, run_after=None
[2024-02-23T17:21:17.899+0000] {processor.py:183} INFO - Processing /home/airflow/.local/lib/python3.8/site-packages/airflow/example_dags/tutorial_objectstorage.py took 0.285 seconds
[2024-02-23T17:21:48.431+0000] {processor.py:161} INFO - Started process (PID=5105) to work on /home/airflow/.local/lib/python3.8/site-packages/airflow/example_dags/tutorial_objectstorage.py
[2024-02-23T17:21:48.432+0000] {processor.py:830} INFO - Processing file /home/airflow/.local/lib/python3.8/site-packages/airflow/example_dags/tutorial_objectstorage.py for tasks to queue
[2024-02-23T17:21:48.433+0000] {logging_mixin.py:188} INFO - [2024-02-23T17:21:48.433+0000] {dagbag.py:538} INFO - Filling up the DagBag from /home/airflow/.local/lib/python3.8/site-packages/airflow/example_dags/tutorial_objectstorage.py
[2024-02-23T17:21:48.444+0000] {processor.py:840} INFO - DAG(s) 'tutorial_objectstorage' retrieved from /home/airflow/.local/lib/python3.8/site-packages/airflow/example_dags/tutorial_objectstorage.py
[2024-02-23T17:21:48.477+0000] {logging_mixin.py:188} INFO - [2024-02-23T17:21:48.477+0000] {dag.py:3033} INFO - Sync 1 DAGs
[2024-02-23T17:21:48.495+0000] {logging_mixin.py:188} INFO - [2024-02-23T17:21:48.495+0000] {dag.py:3820} INFO - Setting next_dagrun for tutorial_objectstorage to None, run_after=None
[2024-02-23T17:21:48.521+0000] {processor.py:183} INFO - Processing /home/airflow/.local/lib/python3.8/site-packages/airflow/example_dags/tutorial_objectstorage.py took 0.095 seconds
[2024-02-23T17:22:18.726+0000] {processor.py:161} INFO - Started process (PID=5163) to work on /home/airflow/.local/lib/python3.8/site-packages/airflow/example_dags/tutorial_objectstorage.py
[2024-02-23T17:22:18.727+0000] {processor.py:830} INFO - Processing file /home/airflow/.local/lib/python3.8/site-packages/airflow/example_dags/tutorial_objectstorage.py for tasks to queue
[2024-02-23T17:22:18.729+0000] {logging_mixin.py:188} INFO - [2024-02-23T17:22:18.728+0000] {dagbag.py:538} INFO - Filling up the DagBag from /home/airflow/.local/lib/python3.8/site-packages/airflow/example_dags/tutorial_objectstorage.py
[2024-02-23T17:22:18.743+0000] {processor.py:840} INFO - DAG(s) 'tutorial_objectstorage' retrieved from /home/airflow/.local/lib/python3.8/site-packages/airflow/example_dags/tutorial_objectstorage.py
[2024-02-23T17:22:18.775+0000] {logging_mixin.py:188} INFO - [2024-02-23T17:22:18.775+0000] {dag.py:3033} INFO - Sync 1 DAGs
[2024-02-23T17:22:18.794+0000] {logging_mixin.py:188} INFO - [2024-02-23T17:22:18.793+0000] {dag.py:3820} INFO - Setting next_dagrun for tutorial_objectstorage to None, run_after=None
[2024-02-23T17:22:18.824+0000] {processor.py:183} INFO - Processing /home/airflow/.local/lib/python3.8/site-packages/airflow/example_dags/tutorial_objectstorage.py took 0.105 seconds
[2024-02-23T17:22:49.477+0000] {processor.py:161} INFO - Started process (PID=5220) to work on /home/airflow/.local/lib/python3.8/site-packages/airflow/example_dags/tutorial_objectstorage.py
[2024-02-23T17:22:49.479+0000] {processor.py:830} INFO - Processing file /home/airflow/.local/lib/python3.8/site-packages/airflow/example_dags/tutorial_objectstorage.py for tasks to queue
[2024-02-23T17:22:49.481+0000] {logging_mixin.py:188} INFO - [2024-02-23T17:22:49.480+0000] {dagbag.py:538} INFO - Filling up the DagBag from /home/airflow/.local/lib/python3.8/site-packages/airflow/example_dags/tutorial_objectstorage.py
[2024-02-23T17:22:49.494+0000] {processor.py:840} INFO - DAG(s) 'tutorial_objectstorage' retrieved from /home/airflow/.local/lib/python3.8/site-packages/airflow/example_dags/tutorial_objectstorage.py
[2024-02-23T17:22:49.527+0000] {logging_mixin.py:188} INFO - [2024-02-23T17:22:49.527+0000] {dag.py:3033} INFO - Sync 1 DAGs
[2024-02-23T17:22:49.545+0000] {logging_mixin.py:188} INFO - [2024-02-23T17:22:49.544+0000] {dag.py:3820} INFO - Setting next_dagrun for tutorial_objectstorage to None, run_after=None
[2024-02-23T17:22:49.570+0000] {processor.py:183} INFO - Processing /home/airflow/.local/lib/python3.8/site-packages/airflow/example_dags/tutorial_objectstorage.py took 0.097 seconds
[2024-02-23T17:23:19.946+0000] {processor.py:161} INFO - Started process (PID=5277) to work on /home/airflow/.local/lib/python3.8/site-packages/airflow/example_dags/tutorial_objectstorage.py
[2024-02-23T17:23:19.947+0000] {processor.py:830} INFO - Processing file /home/airflow/.local/lib/python3.8/site-packages/airflow/example_dags/tutorial_objectstorage.py for tasks to queue
[2024-02-23T17:23:19.948+0000] {logging_mixin.py:188} INFO - [2024-02-23T17:23:19.948+0000] {dagbag.py:538} INFO - Filling up the DagBag from /home/airflow/.local/lib/python3.8/site-packages/airflow/example_dags/tutorial_objectstorage.py
[2024-02-23T17:23:19.957+0000] {processor.py:840} INFO - DAG(s) 'tutorial_objectstorage' retrieved from /home/airflow/.local/lib/python3.8/site-packages/airflow/example_dags/tutorial_objectstorage.py
[2024-02-23T17:23:19.985+0000] {logging_mixin.py:188} INFO - [2024-02-23T17:23:19.985+0000] {dag.py:3033} INFO - Sync 1 DAGs
[2024-02-23T17:23:20.006+0000] {logging_mixin.py:188} INFO - [2024-02-23T17:23:20.005+0000] {dag.py:3820} INFO - Setting next_dagrun for tutorial_objectstorage to None, run_after=None
[2024-02-23T17:23:20.030+0000] {processor.py:183} INFO - Processing /home/airflow/.local/lib/python3.8/site-packages/airflow/example_dags/tutorial_objectstorage.py took 0.089 seconds
[2024-02-23T17:23:50.124+0000] {processor.py:161} INFO - Started process (PID=5334) to work on /home/airflow/.local/lib/python3.8/site-packages/airflow/example_dags/tutorial_objectstorage.py
[2024-02-23T17:23:50.125+0000] {processor.py:830} INFO - Processing file /home/airflow/.local/lib/python3.8/site-packages/airflow/example_dags/tutorial_objectstorage.py for tasks to queue
[2024-02-23T17:23:50.127+0000] {logging_mixin.py:188} INFO - [2024-02-23T17:23:50.126+0000] {dagbag.py:538} INFO - Filling up the DagBag from /home/airflow/.local/lib/python3.8/site-packages/airflow/example_dags/tutorial_objectstorage.py
[2024-02-23T17:23:50.135+0000] {processor.py:840} INFO - DAG(s) 'tutorial_objectstorage' retrieved from /home/airflow/.local/lib/python3.8/site-packages/airflow/example_dags/tutorial_objectstorage.py
[2024-02-23T17:23:50.162+0000] {logging_mixin.py:188} INFO - [2024-02-23T17:23:50.162+0000] {dag.py:3033} INFO - Sync 1 DAGs
[2024-02-23T17:23:50.182+0000] {logging_mixin.py:188} INFO - [2024-02-23T17:23:50.182+0000] {dag.py:3820} INFO - Setting next_dagrun for tutorial_objectstorage to None, run_after=None
[2024-02-23T17:23:50.208+0000] {processor.py:183} INFO - Processing /home/airflow/.local/lib/python3.8/site-packages/airflow/example_dags/tutorial_objectstorage.py took 0.089 seconds
[2024-02-23T17:24:20.527+0000] {processor.py:161} INFO - Started process (PID=5391) to work on /home/airflow/.local/lib/python3.8/site-packages/airflow/example_dags/tutorial_objectstorage.py
[2024-02-23T17:24:20.528+0000] {processor.py:830} INFO - Processing file /home/airflow/.local/lib/python3.8/site-packages/airflow/example_dags/tutorial_objectstorage.py for tasks to queue
[2024-02-23T17:24:20.529+0000] {logging_mixin.py:188} INFO - [2024-02-23T17:24:20.529+0000] {dagbag.py:538} INFO - Filling up the DagBag from /home/airflow/.local/lib/python3.8/site-packages/airflow/example_dags/tutorial_objectstorage.py
[2024-02-23T17:24:20.539+0000] {processor.py:840} INFO - DAG(s) 'tutorial_objectstorage' retrieved from /home/airflow/.local/lib/python3.8/site-packages/airflow/example_dags/tutorial_objectstorage.py
[2024-02-23T17:24:20.565+0000] {logging_mixin.py:188} INFO - [2024-02-23T17:24:20.564+0000] {dag.py:3033} INFO - Sync 1 DAGs
[2024-02-23T17:24:20.581+0000] {logging_mixin.py:188} INFO - [2024-02-23T17:24:20.580+0000] {dag.py:3820} INFO - Setting next_dagrun for tutorial_objectstorage to None, run_after=None
[2024-02-23T17:24:20.605+0000] {processor.py:183} INFO - Processing /home/airflow/.local/lib/python3.8/site-packages/airflow/example_dags/tutorial_objectstorage.py took 0.082 seconds
[2024-02-23T17:24:50.756+0000] {processor.py:161} INFO - Started process (PID=5448) to work on /home/airflow/.local/lib/python3.8/site-packages/airflow/example_dags/tutorial_objectstorage.py
[2024-02-23T17:24:50.758+0000] {processor.py:830} INFO - Processing file /home/airflow/.local/lib/python3.8/site-packages/airflow/example_dags/tutorial_objectstorage.py for tasks to queue
[2024-02-23T17:24:50.759+0000] {logging_mixin.py:188} INFO - [2024-02-23T17:24:50.759+0000] {dagbag.py:538} INFO - Filling up the DagBag from /home/airflow/.local/lib/python3.8/site-packages/airflow/example_dags/tutorial_objectstorage.py
[2024-02-23T17:24:50.768+0000] {processor.py:840} INFO - DAG(s) 'tutorial_objectstorage' retrieved from /home/airflow/.local/lib/python3.8/site-packages/airflow/example_dags/tutorial_objectstorage.py
[2024-02-23T17:24:50.793+0000] {logging_mixin.py:188} INFO - [2024-02-23T17:24:50.793+0000] {dag.py:3033} INFO - Sync 1 DAGs
[2024-02-23T17:24:50.808+0000] {logging_mixin.py:188} INFO - [2024-02-23T17:24:50.808+0000] {dag.py:3820} INFO - Setting next_dagrun for tutorial_objectstorage to None, run_after=None
[2024-02-23T17:24:50.831+0000] {processor.py:183} INFO - Processing /home/airflow/.local/lib/python3.8/site-packages/airflow/example_dags/tutorial_objectstorage.py took 0.080 seconds
[2024-02-23T17:25:21.167+0000] {processor.py:161} INFO - Started process (PID=5506) to work on /home/airflow/.local/lib/python3.8/site-packages/airflow/example_dags/tutorial_objectstorage.py
[2024-02-23T17:25:21.169+0000] {processor.py:830} INFO - Processing file /home/airflow/.local/lib/python3.8/site-packages/airflow/example_dags/tutorial_objectstorage.py for tasks to queue
[2024-02-23T17:25:21.171+0000] {logging_mixin.py:188} INFO - [2024-02-23T17:25:21.170+0000] {dagbag.py:538} INFO - Filling up the DagBag from /home/airflow/.local/lib/python3.8/site-packages/airflow/example_dags/tutorial_objectstorage.py
[2024-02-23T17:25:21.180+0000] {processor.py:840} INFO - DAG(s) 'tutorial_objectstorage' retrieved from /home/airflow/.local/lib/python3.8/site-packages/airflow/example_dags/tutorial_objectstorage.py
[2024-02-23T17:25:21.209+0000] {logging_mixin.py:188} INFO - [2024-02-23T17:25:21.209+0000] {dag.py:3033} INFO - Sync 1 DAGs
[2024-02-23T17:25:21.229+0000] {logging_mixin.py:188} INFO - [2024-02-23T17:25:21.228+0000] {dag.py:3820} INFO - Setting next_dagrun for tutorial_objectstorage to None, run_after=None
[2024-02-23T17:25:21.256+0000] {processor.py:183} INFO - Processing /home/airflow/.local/lib/python3.8/site-packages/airflow/example_dags/tutorial_objectstorage.py took 0.094 seconds
[2024-02-23T17:25:51.446+0000] {processor.py:161} INFO - Started process (PID=5563) to work on /home/airflow/.local/lib/python3.8/site-packages/airflow/example_dags/tutorial_objectstorage.py
[2024-02-23T17:25:51.448+0000] {processor.py:830} INFO - Processing file /home/airflow/.local/lib/python3.8/site-packages/airflow/example_dags/tutorial_objectstorage.py for tasks to queue
[2024-02-23T17:25:51.450+0000] {logging_mixin.py:188} INFO - [2024-02-23T17:25:51.450+0000] {dagbag.py:538} INFO - Filling up the DagBag from /home/airflow/.local/lib/python3.8/site-packages/airflow/example_dags/tutorial_objectstorage.py
[2024-02-23T17:25:51.460+0000] {processor.py:840} INFO - DAG(s) 'tutorial_objectstorage' retrieved from /home/airflow/.local/lib/python3.8/site-packages/airflow/example_dags/tutorial_objectstorage.py
[2024-02-23T17:25:51.489+0000] {logging_mixin.py:188} INFO - [2024-02-23T17:25:51.489+0000] {dag.py:3033} INFO - Sync 1 DAGs
[2024-02-23T17:25:51.509+0000] {logging_mixin.py:188} INFO - [2024-02-23T17:25:51.508+0000] {dag.py:3820} INFO - Setting next_dagrun for tutorial_objectstorage to None, run_after=None
[2024-02-23T17:25:51.539+0000] {processor.py:183} INFO - Processing /home/airflow/.local/lib/python3.8/site-packages/airflow/example_dags/tutorial_objectstorage.py took 0.098 seconds
[2024-02-23T17:26:21.931+0000] {processor.py:161} INFO - Started process (PID=5620) to work on /home/airflow/.local/lib/python3.8/site-packages/airflow/example_dags/tutorial_objectstorage.py
[2024-02-23T17:26:21.932+0000] {processor.py:830} INFO - Processing file /home/airflow/.local/lib/python3.8/site-packages/airflow/example_dags/tutorial_objectstorage.py for tasks to queue
[2024-02-23T17:26:21.933+0000] {logging_mixin.py:188} INFO - [2024-02-23T17:26:21.933+0000] {dagbag.py:538} INFO - Filling up the DagBag from /home/airflow/.local/lib/python3.8/site-packages/airflow/example_dags/tutorial_objectstorage.py
[2024-02-23T17:26:21.945+0000] {processor.py:840} INFO - DAG(s) 'tutorial_objectstorage' retrieved from /home/airflow/.local/lib/python3.8/site-packages/airflow/example_dags/tutorial_objectstorage.py
[2024-02-23T17:26:21.977+0000] {logging_mixin.py:188} INFO - [2024-02-23T17:26:21.977+0000] {dag.py:3033} INFO - Sync 1 DAGs
[2024-02-23T17:26:21.999+0000] {logging_mixin.py:188} INFO - [2024-02-23T17:26:21.998+0000] {dag.py:3820} INFO - Setting next_dagrun for tutorial_objectstorage to None, run_after=None
[2024-02-23T17:26:22.030+0000] {processor.py:183} INFO - Processing /home/airflow/.local/lib/python3.8/site-packages/airflow/example_dags/tutorial_objectstorage.py took 0.104 seconds
[2024-02-23T17:26:52.650+0000] {processor.py:161} INFO - Started process (PID=5677) to work on /home/airflow/.local/lib/python3.8/site-packages/airflow/example_dags/tutorial_objectstorage.py
[2024-02-23T17:26:52.652+0000] {processor.py:830} INFO - Processing file /home/airflow/.local/lib/python3.8/site-packages/airflow/example_dags/tutorial_objectstorage.py for tasks to queue
[2024-02-23T17:26:52.653+0000] {logging_mixin.py:188} INFO - [2024-02-23T17:26:52.652+0000] {dagbag.py:538} INFO - Filling up the DagBag from /home/airflow/.local/lib/python3.8/site-packages/airflow/example_dags/tutorial_objectstorage.py
[2024-02-23T17:26:52.661+0000] {processor.py:840} INFO - DAG(s) 'tutorial_objectstorage' retrieved from /home/airflow/.local/lib/python3.8/site-packages/airflow/example_dags/tutorial_objectstorage.py
[2024-02-23T17:26:52.690+0000] {logging_mixin.py:188} INFO - [2024-02-23T17:26:52.690+0000] {dag.py:3033} INFO - Sync 1 DAGs
[2024-02-23T17:26:52.707+0000] {logging_mixin.py:188} INFO - [2024-02-23T17:26:52.707+0000] {dag.py:3820} INFO - Setting next_dagrun for tutorial_objectstorage to None, run_after=None
[2024-02-23T17:26:52.731+0000] {processor.py:183} INFO - Processing /home/airflow/.local/lib/python3.8/site-packages/airflow/example_dags/tutorial_objectstorage.py took 0.085 seconds
[2024-02-23T17:27:23.057+0000] {processor.py:161} INFO - Started process (PID=5734) to work on /home/airflow/.local/lib/python3.8/site-packages/airflow/example_dags/tutorial_objectstorage.py
[2024-02-23T17:27:23.058+0000] {processor.py:830} INFO - Processing file /home/airflow/.local/lib/python3.8/site-packages/airflow/example_dags/tutorial_objectstorage.py for tasks to queue
[2024-02-23T17:27:23.060+0000] {logging_mixin.py:188} INFO - [2024-02-23T17:27:23.059+0000] {dagbag.py:538} INFO - Filling up the DagBag from /home/airflow/.local/lib/python3.8/site-packages/airflow/example_dags/tutorial_objectstorage.py
[2024-02-23T17:27:23.070+0000] {processor.py:840} INFO - DAG(s) 'tutorial_objectstorage' retrieved from /home/airflow/.local/lib/python3.8/site-packages/airflow/example_dags/tutorial_objectstorage.py
[2024-02-23T17:27:23.100+0000] {logging_mixin.py:188} INFO - [2024-02-23T17:27:23.100+0000] {dag.py:3033} INFO - Sync 1 DAGs
[2024-02-23T17:27:23.116+0000] {logging_mixin.py:188} INFO - [2024-02-23T17:27:23.116+0000] {dag.py:3820} INFO - Setting next_dagrun for tutorial_objectstorage to None, run_after=None
[2024-02-23T17:27:23.144+0000] {processor.py:183} INFO - Processing /home/airflow/.local/lib/python3.8/site-packages/airflow/example_dags/tutorial_objectstorage.py took 0.091 seconds
[2024-02-23T17:27:54.136+0000] {processor.py:161} INFO - Started process (PID=5791) to work on /home/airflow/.local/lib/python3.8/site-packages/airflow/example_dags/tutorial_objectstorage.py
[2024-02-23T17:27:54.137+0000] {processor.py:830} INFO - Processing file /home/airflow/.local/lib/python3.8/site-packages/airflow/example_dags/tutorial_objectstorage.py for tasks to queue
[2024-02-23T17:27:54.139+0000] {logging_mixin.py:188} INFO - [2024-02-23T17:27:54.139+0000] {dagbag.py:538} INFO - Filling up the DagBag from /home/airflow/.local/lib/python3.8/site-packages/airflow/example_dags/tutorial_objectstorage.py
[2024-02-23T17:27:54.151+0000] {processor.py:840} INFO - DAG(s) 'tutorial_objectstorage' retrieved from /home/airflow/.local/lib/python3.8/site-packages/airflow/example_dags/tutorial_objectstorage.py
[2024-02-23T17:27:54.189+0000] {logging_mixin.py:188} INFO - [2024-02-23T17:27:54.188+0000] {dag.py:3033} INFO - Sync 1 DAGs
[2024-02-23T17:27:54.216+0000] {logging_mixin.py:188} INFO - [2024-02-23T17:27:54.216+0000] {dag.py:3820} INFO - Setting next_dagrun for tutorial_objectstorage to None, run_after=None
[2024-02-23T17:27:54.249+0000] {processor.py:183} INFO - Processing /home/airflow/.local/lib/python3.8/site-packages/airflow/example_dags/tutorial_objectstorage.py took 0.118 seconds
[2024-02-23T17:28:24.597+0000] {processor.py:161} INFO - Started process (PID=5847) to work on /home/airflow/.local/lib/python3.8/site-packages/airflow/example_dags/tutorial_objectstorage.py
[2024-02-23T17:28:24.599+0000] {processor.py:830} INFO - Processing file /home/airflow/.local/lib/python3.8/site-packages/airflow/example_dags/tutorial_objectstorage.py for tasks to queue
[2024-02-23T17:28:24.600+0000] {logging_mixin.py:188} INFO - [2024-02-23T17:28:24.600+0000] {dagbag.py:538} INFO - Filling up the DagBag from /home/airflow/.local/lib/python3.8/site-packages/airflow/example_dags/tutorial_objectstorage.py
[2024-02-23T17:28:24.611+0000] {processor.py:840} INFO - DAG(s) 'tutorial_objectstorage' retrieved from /home/airflow/.local/lib/python3.8/site-packages/airflow/example_dags/tutorial_objectstorage.py
[2024-02-23T17:28:24.635+0000] {logging_mixin.py:188} INFO - [2024-02-23T17:28:24.635+0000] {dag.py:3033} INFO - Sync 1 DAGs
[2024-02-23T17:28:24.651+0000] {logging_mixin.py:188} INFO - [2024-02-23T17:28:24.650+0000] {dag.py:3820} INFO - Setting next_dagrun for tutorial_objectstorage to None, run_after=None
[2024-02-23T17:28:24.710+0000] {processor.py:183} INFO - Processing /home/airflow/.local/lib/python3.8/site-packages/airflow/example_dags/tutorial_objectstorage.py took 0.118 seconds
[2024-02-23T17:28:55.081+0000] {processor.py:161} INFO - Started process (PID=5904) to work on /home/airflow/.local/lib/python3.8/site-packages/airflow/example_dags/tutorial_objectstorage.py
[2024-02-23T17:28:55.083+0000] {processor.py:830} INFO - Processing file /home/airflow/.local/lib/python3.8/site-packages/airflow/example_dags/tutorial_objectstorage.py for tasks to queue
[2024-02-23T17:28:55.084+0000] {logging_mixin.py:188} INFO - [2024-02-23T17:28:55.084+0000] {dagbag.py:538} INFO - Filling up the DagBag from /home/airflow/.local/lib/python3.8/site-packages/airflow/example_dags/tutorial_objectstorage.py
[2024-02-23T17:28:55.092+0000] {processor.py:840} INFO - DAG(s) 'tutorial_objectstorage' retrieved from /home/airflow/.local/lib/python3.8/site-packages/airflow/example_dags/tutorial_objectstorage.py
[2024-02-23T17:28:55.118+0000] {logging_mixin.py:188} INFO - [2024-02-23T17:28:55.118+0000] {dag.py:3033} INFO - Sync 1 DAGs
[2024-02-23T17:28:55.133+0000] {logging_mixin.py:188} INFO - [2024-02-23T17:28:55.133+0000] {dag.py:3820} INFO - Setting next_dagrun for tutorial_objectstorage to None, run_after=None
[2024-02-23T17:28:55.192+0000] {processor.py:183} INFO - Processing /home/airflow/.local/lib/python3.8/site-packages/airflow/example_dags/tutorial_objectstorage.py took 0.116 seconds
[2024-02-23T17:29:25.931+0000] {processor.py:161} INFO - Started process (PID=5962) to work on /home/airflow/.local/lib/python3.8/site-packages/airflow/example_dags/tutorial_objectstorage.py
[2024-02-23T17:29:25.932+0000] {processor.py:830} INFO - Processing file /home/airflow/.local/lib/python3.8/site-packages/airflow/example_dags/tutorial_objectstorage.py for tasks to queue
[2024-02-23T17:29:25.934+0000] {logging_mixin.py:188} INFO - [2024-02-23T17:29:25.933+0000] {dagbag.py:538} INFO - Filling up the DagBag from /home/airflow/.local/lib/python3.8/site-packages/airflow/example_dags/tutorial_objectstorage.py
[2024-02-23T17:29:25.942+0000] {processor.py:840} INFO - DAG(s) 'tutorial_objectstorage' retrieved from /home/airflow/.local/lib/python3.8/site-packages/airflow/example_dags/tutorial_objectstorage.py
[2024-02-23T17:29:25.968+0000] {logging_mixin.py:188} INFO - [2024-02-23T17:29:25.967+0000] {dag.py:3033} INFO - Sync 1 DAGs
[2024-02-23T17:29:25.983+0000] {logging_mixin.py:188} INFO - [2024-02-23T17:29:25.983+0000] {dag.py:3820} INFO - Setting next_dagrun for tutorial_objectstorage to None, run_after=None
[2024-02-23T17:29:26.006+0000] {processor.py:183} INFO - Processing /home/airflow/.local/lib/python3.8/site-packages/airflow/example_dags/tutorial_objectstorage.py took 0.080 seconds
[2024-02-23T17:29:56.264+0000] {processor.py:161} INFO - Started process (PID=6019) to work on /home/airflow/.local/lib/python3.8/site-packages/airflow/example_dags/tutorial_objectstorage.py
[2024-02-23T17:29:56.265+0000] {processor.py:830} INFO - Processing file /home/airflow/.local/lib/python3.8/site-packages/airflow/example_dags/tutorial_objectstorage.py for tasks to queue
[2024-02-23T17:29:56.266+0000] {logging_mixin.py:188} INFO - [2024-02-23T17:29:56.266+0000] {dagbag.py:538} INFO - Filling up the DagBag from /home/airflow/.local/lib/python3.8/site-packages/airflow/example_dags/tutorial_objectstorage.py
[2024-02-23T17:29:56.279+0000] {processor.py:840} INFO - DAG(s) 'tutorial_objectstorage' retrieved from /home/airflow/.local/lib/python3.8/site-packages/airflow/example_dags/tutorial_objectstorage.py
[2024-02-23T17:29:56.309+0000] {logging_mixin.py:188} INFO - [2024-02-23T17:29:56.309+0000] {dag.py:3033} INFO - Sync 1 DAGs
[2024-02-23T17:29:56.326+0000] {logging_mixin.py:188} INFO - [2024-02-23T17:29:56.325+0000] {dag.py:3820} INFO - Setting next_dagrun for tutorial_objectstorage to None, run_after=None
[2024-02-23T17:29:56.348+0000] {processor.py:183} INFO - Processing /home/airflow/.local/lib/python3.8/site-packages/airflow/example_dags/tutorial_objectstorage.py took 0.089 seconds
[2024-02-23T17:30:26.674+0000] {processor.py:161} INFO - Started process (PID=6076) to work on /home/airflow/.local/lib/python3.8/site-packages/airflow/example_dags/tutorial_objectstorage.py
[2024-02-23T17:30:26.675+0000] {processor.py:830} INFO - Processing file /home/airflow/.local/lib/python3.8/site-packages/airflow/example_dags/tutorial_objectstorage.py for tasks to queue
[2024-02-23T17:30:26.676+0000] {logging_mixin.py:188} INFO - [2024-02-23T17:30:26.676+0000] {dagbag.py:538} INFO - Filling up the DagBag from /home/airflow/.local/lib/python3.8/site-packages/airflow/example_dags/tutorial_objectstorage.py
[2024-02-23T17:30:26.685+0000] {processor.py:840} INFO - DAG(s) 'tutorial_objectstorage' retrieved from /home/airflow/.local/lib/python3.8/site-packages/airflow/example_dags/tutorial_objectstorage.py
[2024-02-23T17:30:26.711+0000] {logging_mixin.py:188} INFO - [2024-02-23T17:30:26.711+0000] {dag.py:3033} INFO - Sync 1 DAGs
[2024-02-23T17:30:26.727+0000] {logging_mixin.py:188} INFO - [2024-02-23T17:30:26.727+0000] {dag.py:3820} INFO - Setting next_dagrun for tutorial_objectstorage to None, run_after=None
[2024-02-23T17:30:26.751+0000] {processor.py:183} INFO - Processing /home/airflow/.local/lib/python3.8/site-packages/airflow/example_dags/tutorial_objectstorage.py took 0.082 seconds
[2024-02-23T17:30:57.032+0000] {processor.py:161} INFO - Started process (PID=6133) to work on /home/airflow/.local/lib/python3.8/site-packages/airflow/example_dags/tutorial_objectstorage.py
[2024-02-23T17:30:57.033+0000] {processor.py:830} INFO - Processing file /home/airflow/.local/lib/python3.8/site-packages/airflow/example_dags/tutorial_objectstorage.py for tasks to queue
[2024-02-23T17:30:57.034+0000] {logging_mixin.py:188} INFO - [2024-02-23T17:30:57.034+0000] {dagbag.py:538} INFO - Filling up the DagBag from /home/airflow/.local/lib/python3.8/site-packages/airflow/example_dags/tutorial_objectstorage.py
[2024-02-23T17:30:57.043+0000] {processor.py:840} INFO - DAG(s) 'tutorial_objectstorage' retrieved from /home/airflow/.local/lib/python3.8/site-packages/airflow/example_dags/tutorial_objectstorage.py
[2024-02-23T17:30:57.067+0000] {logging_mixin.py:188} INFO - [2024-02-23T17:30:57.067+0000] {dag.py:3033} INFO - Sync 1 DAGs
[2024-02-23T17:30:57.083+0000] {logging_mixin.py:188} INFO - [2024-02-23T17:30:57.083+0000] {dag.py:3820} INFO - Setting next_dagrun for tutorial_objectstorage to None, run_after=None
[2024-02-23T17:30:57.104+0000] {processor.py:183} INFO - Processing /home/airflow/.local/lib/python3.8/site-packages/airflow/example_dags/tutorial_objectstorage.py took 0.077 seconds
[2024-02-23T17:31:27.367+0000] {processor.py:161} INFO - Started process (PID=6190) to work on /home/airflow/.local/lib/python3.8/site-packages/airflow/example_dags/tutorial_objectstorage.py
[2024-02-23T17:31:27.369+0000] {processor.py:830} INFO - Processing file /home/airflow/.local/lib/python3.8/site-packages/airflow/example_dags/tutorial_objectstorage.py for tasks to queue
[2024-02-23T17:31:27.370+0000] {logging_mixin.py:188} INFO - [2024-02-23T17:31:27.369+0000] {dagbag.py:538} INFO - Filling up the DagBag from /home/airflow/.local/lib/python3.8/site-packages/airflow/example_dags/tutorial_objectstorage.py
[2024-02-23T17:31:27.379+0000] {processor.py:840} INFO - DAG(s) 'tutorial_objectstorage' retrieved from /home/airflow/.local/lib/python3.8/site-packages/airflow/example_dags/tutorial_objectstorage.py
[2024-02-23T17:31:27.404+0000] {logging_mixin.py:188} INFO - [2024-02-23T17:31:27.404+0000] {dag.py:3033} INFO - Sync 1 DAGs
[2024-02-23T17:31:27.418+0000] {logging_mixin.py:188} INFO - [2024-02-23T17:31:27.418+0000] {dag.py:3820} INFO - Setting next_dagrun for tutorial_objectstorage to None, run_after=None
[2024-02-23T17:31:27.479+0000] {processor.py:183} INFO - Processing /home/airflow/.local/lib/python3.8/site-packages/airflow/example_dags/tutorial_objectstorage.py took 0.116 seconds
[2024-02-23T17:31:57.938+0000] {processor.py:161} INFO - Started process (PID=6238) to work on /home/airflow/.local/lib/python3.8/site-packages/airflow/example_dags/tutorial_objectstorage.py
[2024-02-23T17:31:57.939+0000] {processor.py:830} INFO - Processing file /home/airflow/.local/lib/python3.8/site-packages/airflow/example_dags/tutorial_objectstorage.py for tasks to queue
[2024-02-23T17:31:57.940+0000] {logging_mixin.py:188} INFO - [2024-02-23T17:31:57.940+0000] {dagbag.py:538} INFO - Filling up the DagBag from /home/airflow/.local/lib/python3.8/site-packages/airflow/example_dags/tutorial_objectstorage.py
[2024-02-23T17:31:57.951+0000] {processor.py:840} INFO - DAG(s) 'tutorial_objectstorage' retrieved from /home/airflow/.local/lib/python3.8/site-packages/airflow/example_dags/tutorial_objectstorage.py
[2024-02-23T17:31:57.977+0000] {logging_mixin.py:188} INFO - [2024-02-23T17:31:57.977+0000] {dag.py:3033} INFO - Sync 1 DAGs
[2024-02-23T17:31:57.993+0000] {logging_mixin.py:188} INFO - [2024-02-23T17:31:57.993+0000] {dag.py:3820} INFO - Setting next_dagrun for tutorial_objectstorage to None, run_after=None
[2024-02-23T17:31:58.016+0000] {processor.py:183} INFO - Processing /home/airflow/.local/lib/python3.8/site-packages/airflow/example_dags/tutorial_objectstorage.py took 0.083 seconds
[2024-02-23T17:32:28.866+0000] {processor.py:161} INFO - Started process (PID=6295) to work on /home/airflow/.local/lib/python3.8/site-packages/airflow/example_dags/tutorial_objectstorage.py
[2024-02-23T17:32:28.867+0000] {processor.py:830} INFO - Processing file /home/airflow/.local/lib/python3.8/site-packages/airflow/example_dags/tutorial_objectstorage.py for tasks to queue
[2024-02-23T17:32:28.868+0000] {logging_mixin.py:188} INFO - [2024-02-23T17:32:28.868+0000] {dagbag.py:538} INFO - Filling up the DagBag from /home/airflow/.local/lib/python3.8/site-packages/airflow/example_dags/tutorial_objectstorage.py
[2024-02-23T17:32:28.877+0000] {processor.py:840} INFO - DAG(s) 'tutorial_objectstorage' retrieved from /home/airflow/.local/lib/python3.8/site-packages/airflow/example_dags/tutorial_objectstorage.py
[2024-02-23T17:32:28.903+0000] {logging_mixin.py:188} INFO - [2024-02-23T17:32:28.903+0000] {dag.py:3033} INFO - Sync 1 DAGs
[2024-02-23T17:32:28.919+0000] {logging_mixin.py:188} INFO - [2024-02-23T17:32:28.919+0000] {dag.py:3820} INFO - Setting next_dagrun for tutorial_objectstorage to None, run_after=None
[2024-02-23T17:32:28.979+0000] {processor.py:183} INFO - Processing /home/airflow/.local/lib/python3.8/site-packages/airflow/example_dags/tutorial_objectstorage.py took 0.118 seconds
[2024-02-23T17:32:59.196+0000] {processor.py:161} INFO - Started process (PID=6352) to work on /home/airflow/.local/lib/python3.8/site-packages/airflow/example_dags/tutorial_objectstorage.py
[2024-02-23T17:32:59.197+0000] {processor.py:830} INFO - Processing file /home/airflow/.local/lib/python3.8/site-packages/airflow/example_dags/tutorial_objectstorage.py for tasks to queue
[2024-02-23T17:32:59.198+0000] {logging_mixin.py:188} INFO - [2024-02-23T17:32:59.198+0000] {dagbag.py:538} INFO - Filling up the DagBag from /home/airflow/.local/lib/python3.8/site-packages/airflow/example_dags/tutorial_objectstorage.py
[2024-02-23T17:32:59.207+0000] {processor.py:840} INFO - DAG(s) 'tutorial_objectstorage' retrieved from /home/airflow/.local/lib/python3.8/site-packages/airflow/example_dags/tutorial_objectstorage.py
[2024-02-23T17:32:59.233+0000] {logging_mixin.py:188} INFO - [2024-02-23T17:32:59.233+0000] {dag.py:3033} INFO - Sync 1 DAGs
[2024-02-23T17:32:59.254+0000] {logging_mixin.py:188} INFO - [2024-02-23T17:32:59.254+0000] {dag.py:3820} INFO - Setting next_dagrun for tutorial_objectstorage to None, run_after=None
[2024-02-23T17:32:59.275+0000] {processor.py:183} INFO - Processing /home/airflow/.local/lib/python3.8/site-packages/airflow/example_dags/tutorial_objectstorage.py took 0.085 seconds
[2024-02-23T17:33:29.773+0000] {processor.py:161} INFO - Started process (PID=6409) to work on /home/airflow/.local/lib/python3.8/site-packages/airflow/example_dags/tutorial_objectstorage.py
[2024-02-23T17:33:29.775+0000] {processor.py:830} INFO - Processing file /home/airflow/.local/lib/python3.8/site-packages/airflow/example_dags/tutorial_objectstorage.py for tasks to queue
[2024-02-23T17:33:29.777+0000] {logging_mixin.py:188} INFO - [2024-02-23T17:33:29.776+0000] {dagbag.py:538} INFO - Filling up the DagBag from /home/airflow/.local/lib/python3.8/site-packages/airflow/example_dags/tutorial_objectstorage.py
[2024-02-23T17:33:29.787+0000] {processor.py:840} INFO - DAG(s) 'tutorial_objectstorage' retrieved from /home/airflow/.local/lib/python3.8/site-packages/airflow/example_dags/tutorial_objectstorage.py
[2024-02-23T17:33:29.820+0000] {logging_mixin.py:188} INFO - [2024-02-23T17:33:29.820+0000] {dag.py:3033} INFO - Sync 1 DAGs
[2024-02-23T17:33:29.841+0000] {logging_mixin.py:188} INFO - [2024-02-23T17:33:29.841+0000] {dag.py:3820} INFO - Setting next_dagrun for tutorial_objectstorage to None, run_after=None
[2024-02-23T17:33:29.874+0000] {processor.py:183} INFO - Processing /home/airflow/.local/lib/python3.8/site-packages/airflow/example_dags/tutorial_objectstorage.py took 0.106 seconds
[2024-02-23T17:34:00.138+0000] {processor.py:161} INFO - Started process (PID=6466) to work on /home/airflow/.local/lib/python3.8/site-packages/airflow/example_dags/tutorial_objectstorage.py
[2024-02-23T17:34:00.139+0000] {processor.py:830} INFO - Processing file /home/airflow/.local/lib/python3.8/site-packages/airflow/example_dags/tutorial_objectstorage.py for tasks to queue
[2024-02-23T17:34:00.140+0000] {logging_mixin.py:188} INFO - [2024-02-23T17:34:00.140+0000] {dagbag.py:538} INFO - Filling up the DagBag from /home/airflow/.local/lib/python3.8/site-packages/airflow/example_dags/tutorial_objectstorage.py
[2024-02-23T17:34:00.149+0000] {processor.py:840} INFO - DAG(s) 'tutorial_objectstorage' retrieved from /home/airflow/.local/lib/python3.8/site-packages/airflow/example_dags/tutorial_objectstorage.py
[2024-02-23T17:34:00.176+0000] {logging_mixin.py:188} INFO - [2024-02-23T17:34:00.175+0000] {dag.py:3033} INFO - Sync 1 DAGs
[2024-02-23T17:34:00.191+0000] {logging_mixin.py:188} INFO - [2024-02-23T17:34:00.191+0000] {dag.py:3820} INFO - Setting next_dagrun for tutorial_objectstorage to None, run_after=None
[2024-02-23T17:34:00.250+0000] {processor.py:183} INFO - Processing /home/airflow/.local/lib/python3.8/site-packages/airflow/example_dags/tutorial_objectstorage.py took 0.118 seconds
[2024-02-23T17:34:31.079+0000] {processor.py:161} INFO - Started process (PID=6524) to work on /home/airflow/.local/lib/python3.8/site-packages/airflow/example_dags/tutorial_objectstorage.py
[2024-02-23T17:34:31.081+0000] {processor.py:830} INFO - Processing file /home/airflow/.local/lib/python3.8/site-packages/airflow/example_dags/tutorial_objectstorage.py for tasks to queue
[2024-02-23T17:34:31.082+0000] {logging_mixin.py:188} INFO - [2024-02-23T17:34:31.082+0000] {dagbag.py:538} INFO - Filling up the DagBag from /home/airflow/.local/lib/python3.8/site-packages/airflow/example_dags/tutorial_objectstorage.py
[2024-02-23T17:34:31.096+0000] {processor.py:840} INFO - DAG(s) 'tutorial_objectstorage' retrieved from /home/airflow/.local/lib/python3.8/site-packages/airflow/example_dags/tutorial_objectstorage.py
[2024-02-23T17:34:31.128+0000] {logging_mixin.py:188} INFO - [2024-02-23T17:34:31.127+0000] {dag.py:3033} INFO - Sync 1 DAGs
[2024-02-23T17:34:31.148+0000] {logging_mixin.py:188} INFO - [2024-02-23T17:34:31.147+0000] {dag.py:3820} INFO - Setting next_dagrun for tutorial_objectstorage to None, run_after=None
[2024-02-23T17:34:31.178+0000] {processor.py:183} INFO - Processing /home/airflow/.local/lib/python3.8/site-packages/airflow/example_dags/tutorial_objectstorage.py took 0.106 seconds
[2024-02-23T17:35:02.291+0000] {processor.py:161} INFO - Started process (PID=6581) to work on /home/airflow/.local/lib/python3.8/site-packages/airflow/example_dags/tutorial_objectstorage.py
[2024-02-23T17:35:02.293+0000] {processor.py:830} INFO - Processing file /home/airflow/.local/lib/python3.8/site-packages/airflow/example_dags/tutorial_objectstorage.py for tasks to queue
[2024-02-23T17:35:02.295+0000] {logging_mixin.py:188} INFO - [2024-02-23T17:35:02.294+0000] {dagbag.py:538} INFO - Filling up the DagBag from /home/airflow/.local/lib/python3.8/site-packages/airflow/example_dags/tutorial_objectstorage.py
[2024-02-23T17:35:02.304+0000] {processor.py:840} INFO - DAG(s) 'tutorial_objectstorage' retrieved from /home/airflow/.local/lib/python3.8/site-packages/airflow/example_dags/tutorial_objectstorage.py
[2024-02-23T17:35:02.330+0000] {logging_mixin.py:188} INFO - [2024-02-23T17:35:02.329+0000] {dag.py:3033} INFO - Sync 1 DAGs
[2024-02-23T17:35:02.347+0000] {logging_mixin.py:188} INFO - [2024-02-23T17:35:02.347+0000] {dag.py:3820} INFO - Setting next_dagrun for tutorial_objectstorage to None, run_after=None
[2024-02-23T17:35:02.371+0000] {processor.py:183} INFO - Processing /home/airflow/.local/lib/python3.8/site-packages/airflow/example_dags/tutorial_objectstorage.py took 0.084 seconds
[2024-02-23T17:35:32.612+0000] {processor.py:161} INFO - Started process (PID=6638) to work on /home/airflow/.local/lib/python3.8/site-packages/airflow/example_dags/tutorial_objectstorage.py
[2024-02-23T17:35:32.613+0000] {processor.py:830} INFO - Processing file /home/airflow/.local/lib/python3.8/site-packages/airflow/example_dags/tutorial_objectstorage.py for tasks to queue
[2024-02-23T17:35:32.614+0000] {logging_mixin.py:188} INFO - [2024-02-23T17:35:32.614+0000] {dagbag.py:538} INFO - Filling up the DagBag from /home/airflow/.local/lib/python3.8/site-packages/airflow/example_dags/tutorial_objectstorage.py
[2024-02-23T17:35:32.623+0000] {processor.py:840} INFO - DAG(s) 'tutorial_objectstorage' retrieved from /home/airflow/.local/lib/python3.8/site-packages/airflow/example_dags/tutorial_objectstorage.py
[2024-02-23T17:35:32.649+0000] {logging_mixin.py:188} INFO - [2024-02-23T17:35:32.648+0000] {dag.py:3033} INFO - Sync 1 DAGs
[2024-02-23T17:35:32.667+0000] {logging_mixin.py:188} INFO - [2024-02-23T17:35:32.667+0000] {dag.py:3820} INFO - Setting next_dagrun for tutorial_objectstorage to None, run_after=None
[2024-02-23T17:35:32.695+0000] {processor.py:183} INFO - Processing /home/airflow/.local/lib/python3.8/site-packages/airflow/example_dags/tutorial_objectstorage.py took 0.087 seconds
[2024-02-23T17:36:03.064+0000] {processor.py:161} INFO - Started process (PID=6695) to work on /home/airflow/.local/lib/python3.8/site-packages/airflow/example_dags/tutorial_objectstorage.py
[2024-02-23T17:36:03.065+0000] {processor.py:830} INFO - Processing file /home/airflow/.local/lib/python3.8/site-packages/airflow/example_dags/tutorial_objectstorage.py for tasks to queue
[2024-02-23T17:36:03.067+0000] {logging_mixin.py:188} INFO - [2024-02-23T17:36:03.066+0000] {dagbag.py:538} INFO - Filling up the DagBag from /home/airflow/.local/lib/python3.8/site-packages/airflow/example_dags/tutorial_objectstorage.py
[2024-02-23T17:36:03.075+0000] {processor.py:840} INFO - DAG(s) 'tutorial_objectstorage' retrieved from /home/airflow/.local/lib/python3.8/site-packages/airflow/example_dags/tutorial_objectstorage.py
[2024-02-23T17:36:03.102+0000] {logging_mixin.py:188} INFO - [2024-02-23T17:36:03.101+0000] {dag.py:3033} INFO - Sync 1 DAGs
[2024-02-23T17:36:03.120+0000] {logging_mixin.py:188} INFO - [2024-02-23T17:36:03.120+0000] {dag.py:3820} INFO - Setting next_dagrun for tutorial_objectstorage to None, run_after=None
[2024-02-23T17:36:03.182+0000] {processor.py:183} INFO - Processing /home/airflow/.local/lib/python3.8/site-packages/airflow/example_dags/tutorial_objectstorage.py took 0.122 seconds
[2024-02-23T17:36:33.927+0000] {processor.py:161} INFO - Started process (PID=6752) to work on /home/airflow/.local/lib/python3.8/site-packages/airflow/example_dags/tutorial_objectstorage.py
[2024-02-23T17:36:33.928+0000] {processor.py:830} INFO - Processing file /home/airflow/.local/lib/python3.8/site-packages/airflow/example_dags/tutorial_objectstorage.py for tasks to queue
[2024-02-23T17:36:33.930+0000] {logging_mixin.py:188} INFO - [2024-02-23T17:36:33.929+0000] {dagbag.py:538} INFO - Filling up the DagBag from /home/airflow/.local/lib/python3.8/site-packages/airflow/example_dags/tutorial_objectstorage.py
[2024-02-23T17:36:33.938+0000] {processor.py:840} INFO - DAG(s) 'tutorial_objectstorage' retrieved from /home/airflow/.local/lib/python3.8/site-packages/airflow/example_dags/tutorial_objectstorage.py
[2024-02-23T17:36:33.963+0000] {logging_mixin.py:188} INFO - [2024-02-23T17:36:33.963+0000] {dag.py:3033} INFO - Sync 1 DAGs
[2024-02-23T17:36:33.978+0000] {logging_mixin.py:188} INFO - [2024-02-23T17:36:33.978+0000] {dag.py:3820} INFO - Setting next_dagrun for tutorial_objectstorage to None, run_after=None
[2024-02-23T17:36:34.001+0000] {processor.py:183} INFO - Processing /home/airflow/.local/lib/python3.8/site-packages/airflow/example_dags/tutorial_objectstorage.py took 0.079 seconds
[2024-02-23T17:37:04.806+0000] {processor.py:161} INFO - Started process (PID=6809) to work on /home/airflow/.local/lib/python3.8/site-packages/airflow/example_dags/tutorial_objectstorage.py
[2024-02-23T17:37:04.807+0000] {processor.py:830} INFO - Processing file /home/airflow/.local/lib/python3.8/site-packages/airflow/example_dags/tutorial_objectstorage.py for tasks to queue
[2024-02-23T17:37:04.809+0000] {logging_mixin.py:188} INFO - [2024-02-23T17:37:04.808+0000] {dagbag.py:538} INFO - Filling up the DagBag from /home/airflow/.local/lib/python3.8/site-packages/airflow/example_dags/tutorial_objectstorage.py
[2024-02-23T17:37:04.823+0000] {processor.py:840} INFO - DAG(s) 'tutorial_objectstorage' retrieved from /home/airflow/.local/lib/python3.8/site-packages/airflow/example_dags/tutorial_objectstorage.py
[2024-02-23T17:37:04.851+0000] {logging_mixin.py:188} INFO - [2024-02-23T17:37:04.851+0000] {dag.py:3033} INFO - Sync 1 DAGs
[2024-02-23T17:37:04.867+0000] {logging_mixin.py:188} INFO - [2024-02-23T17:37:04.867+0000] {dag.py:3820} INFO - Setting next_dagrun for tutorial_objectstorage to None, run_after=None
[2024-02-23T17:37:04.892+0000] {processor.py:183} INFO - Processing /home/airflow/.local/lib/python3.8/site-packages/airflow/example_dags/tutorial_objectstorage.py took 0.091 seconds
[2024-02-23T17:37:35.006+0000] {processor.py:161} INFO - Started process (PID=6866) to work on /home/airflow/.local/lib/python3.8/site-packages/airflow/example_dags/tutorial_objectstorage.py
[2024-02-23T17:37:35.007+0000] {processor.py:830} INFO - Processing file /home/airflow/.local/lib/python3.8/site-packages/airflow/example_dags/tutorial_objectstorage.py for tasks to queue
[2024-02-23T17:37:35.009+0000] {logging_mixin.py:188} INFO - [2024-02-23T17:37:35.008+0000] {dagbag.py:538} INFO - Filling up the DagBag from /home/airflow/.local/lib/python3.8/site-packages/airflow/example_dags/tutorial_objectstorage.py
[2024-02-23T17:37:35.020+0000] {processor.py:840} INFO - DAG(s) 'tutorial_objectstorage' retrieved from /home/airflow/.local/lib/python3.8/site-packages/airflow/example_dags/tutorial_objectstorage.py
[2024-02-23T17:37:35.049+0000] {logging_mixin.py:188} INFO - [2024-02-23T17:37:35.049+0000] {dag.py:3033} INFO - Sync 1 DAGs
[2024-02-23T17:37:35.069+0000] {logging_mixin.py:188} INFO - [2024-02-23T17:37:35.069+0000] {dag.py:3820} INFO - Setting next_dagrun for tutorial_objectstorage to None, run_after=None
[2024-02-23T17:37:35.094+0000] {processor.py:183} INFO - Processing /home/airflow/.local/lib/python3.8/site-packages/airflow/example_dags/tutorial_objectstorage.py took 0.093 seconds
[2024-02-23T17:38:05.241+0000] {processor.py:161} INFO - Started process (PID=6923) to work on /home/airflow/.local/lib/python3.8/site-packages/airflow/example_dags/tutorial_objectstorage.py
[2024-02-23T17:38:05.242+0000] {processor.py:830} INFO - Processing file /home/airflow/.local/lib/python3.8/site-packages/airflow/example_dags/tutorial_objectstorage.py for tasks to queue
[2024-02-23T17:38:05.244+0000] {logging_mixin.py:188} INFO - [2024-02-23T17:38:05.243+0000] {dagbag.py:538} INFO - Filling up the DagBag from /home/airflow/.local/lib/python3.8/site-packages/airflow/example_dags/tutorial_objectstorage.py
[2024-02-23T17:38:05.253+0000] {processor.py:840} INFO - DAG(s) 'tutorial_objectstorage' retrieved from /home/airflow/.local/lib/python3.8/site-packages/airflow/example_dags/tutorial_objectstorage.py
[2024-02-23T17:38:05.278+0000] {logging_mixin.py:188} INFO - [2024-02-23T17:38:05.278+0000] {dag.py:3033} INFO - Sync 1 DAGs
[2024-02-23T17:38:05.294+0000] {logging_mixin.py:188} INFO - [2024-02-23T17:38:05.294+0000] {dag.py:3820} INFO - Setting next_dagrun for tutorial_objectstorage to None, run_after=None
[2024-02-23T17:38:05.317+0000] {processor.py:183} INFO - Processing /home/airflow/.local/lib/python3.8/site-packages/airflow/example_dags/tutorial_objectstorage.py took 0.081 seconds
[2024-02-23T17:38:35.607+0000] {processor.py:161} INFO - Started process (PID=6980) to work on /home/airflow/.local/lib/python3.8/site-packages/airflow/example_dags/tutorial_objectstorage.py
[2024-02-23T17:38:35.608+0000] {processor.py:830} INFO - Processing file /home/airflow/.local/lib/python3.8/site-packages/airflow/example_dags/tutorial_objectstorage.py for tasks to queue
[2024-02-23T17:38:35.609+0000] {logging_mixin.py:188} INFO - [2024-02-23T17:38:35.609+0000] {dagbag.py:538} INFO - Filling up the DagBag from /home/airflow/.local/lib/python3.8/site-packages/airflow/example_dags/tutorial_objectstorage.py
[2024-02-23T17:38:35.617+0000] {processor.py:840} INFO - DAG(s) 'tutorial_objectstorage' retrieved from /home/airflow/.local/lib/python3.8/site-packages/airflow/example_dags/tutorial_objectstorage.py
[2024-02-23T17:38:35.642+0000] {logging_mixin.py:188} INFO - [2024-02-23T17:38:35.642+0000] {dag.py:3033} INFO - Sync 1 DAGs
[2024-02-23T17:38:35.656+0000] {logging_mixin.py:188} INFO - [2024-02-23T17:38:35.655+0000] {dag.py:3820} INFO - Setting next_dagrun for tutorial_objectstorage to None, run_after=None
[2024-02-23T17:38:35.678+0000] {processor.py:183} INFO - Processing /home/airflow/.local/lib/python3.8/site-packages/airflow/example_dags/tutorial_objectstorage.py took 0.076 seconds
[2024-02-23T17:39:05.936+0000] {processor.py:161} INFO - Started process (PID=7037) to work on /home/airflow/.local/lib/python3.8/site-packages/airflow/example_dags/tutorial_objectstorage.py
[2024-02-23T17:39:05.937+0000] {processor.py:830} INFO - Processing file /home/airflow/.local/lib/python3.8/site-packages/airflow/example_dags/tutorial_objectstorage.py for tasks to queue
[2024-02-23T17:39:05.938+0000] {logging_mixin.py:188} INFO - [2024-02-23T17:39:05.938+0000] {dagbag.py:538} INFO - Filling up the DagBag from /home/airflow/.local/lib/python3.8/site-packages/airflow/example_dags/tutorial_objectstorage.py
[2024-02-23T17:39:05.947+0000] {processor.py:840} INFO - DAG(s) 'tutorial_objectstorage' retrieved from /home/airflow/.local/lib/python3.8/site-packages/airflow/example_dags/tutorial_objectstorage.py
[2024-02-23T17:39:05.972+0000] {logging_mixin.py:188} INFO - [2024-02-23T17:39:05.971+0000] {dag.py:3033} INFO - Sync 1 DAGs
[2024-02-23T17:39:05.986+0000] {logging_mixin.py:188} INFO - [2024-02-23T17:39:05.986+0000] {dag.py:3820} INFO - Setting next_dagrun for tutorial_objectstorage to None, run_after=None
[2024-02-23T17:39:06.045+0000] {processor.py:183} INFO - Processing /home/airflow/.local/lib/python3.8/site-packages/airflow/example_dags/tutorial_objectstorage.py took 0.114 seconds
[2024-02-23T17:39:36.574+0000] {processor.py:161} INFO - Started process (PID=7094) to work on /home/airflow/.local/lib/python3.8/site-packages/airflow/example_dags/tutorial_objectstorage.py
[2024-02-23T17:39:36.575+0000] {processor.py:830} INFO - Processing file /home/airflow/.local/lib/python3.8/site-packages/airflow/example_dags/tutorial_objectstorage.py for tasks to queue
[2024-02-23T17:39:36.577+0000] {logging_mixin.py:188} INFO - [2024-02-23T17:39:36.576+0000] {dagbag.py:538} INFO - Filling up the DagBag from /home/airflow/.local/lib/python3.8/site-packages/airflow/example_dags/tutorial_objectstorage.py
[2024-02-23T17:39:36.586+0000] {processor.py:840} INFO - DAG(s) 'tutorial_objectstorage' retrieved from /home/airflow/.local/lib/python3.8/site-packages/airflow/example_dags/tutorial_objectstorage.py
[2024-02-23T17:39:36.616+0000] {logging_mixin.py:188} INFO - [2024-02-23T17:39:36.616+0000] {dag.py:3033} INFO - Sync 1 DAGs
[2024-02-23T17:39:36.640+0000] {logging_mixin.py:188} INFO - [2024-02-23T17:39:36.639+0000] {dag.py:3820} INFO - Setting next_dagrun for tutorial_objectstorage to None, run_after=None
[2024-02-23T17:39:36.716+0000] {processor.py:183} INFO - Processing /home/airflow/.local/lib/python3.8/site-packages/airflow/example_dags/tutorial_objectstorage.py took 0.148 seconds
[2024-02-23T17:40:07.266+0000] {processor.py:161} INFO - Started process (PID=7151) to work on /home/airflow/.local/lib/python3.8/site-packages/airflow/example_dags/tutorial_objectstorage.py
[2024-02-23T17:40:07.268+0000] {processor.py:830} INFO - Processing file /home/airflow/.local/lib/python3.8/site-packages/airflow/example_dags/tutorial_objectstorage.py for tasks to queue
[2024-02-23T17:40:07.269+0000] {logging_mixin.py:188} INFO - [2024-02-23T17:40:07.269+0000] {dagbag.py:538} INFO - Filling up the DagBag from /home/airflow/.local/lib/python3.8/site-packages/airflow/example_dags/tutorial_objectstorage.py
[2024-02-23T17:40:07.277+0000] {processor.py:840} INFO - DAG(s) 'tutorial_objectstorage' retrieved from /home/airflow/.local/lib/python3.8/site-packages/airflow/example_dags/tutorial_objectstorage.py
[2024-02-23T17:40:07.304+0000] {logging_mixin.py:188} INFO - [2024-02-23T17:40:07.304+0000] {dag.py:3033} INFO - Sync 1 DAGs
[2024-02-23T17:40:07.320+0000] {logging_mixin.py:188} INFO - [2024-02-23T17:40:07.320+0000] {dag.py:3820} INFO - Setting next_dagrun for tutorial_objectstorage to None, run_after=None
[2024-02-23T17:40:07.344+0000] {processor.py:183} INFO - Processing /home/airflow/.local/lib/python3.8/site-packages/airflow/example_dags/tutorial_objectstorage.py took 0.082 seconds
[2024-02-23T17:40:37.416+0000] {processor.py:161} INFO - Started process (PID=7208) to work on /home/airflow/.local/lib/python3.8/site-packages/airflow/example_dags/tutorial_objectstorage.py
[2024-02-23T17:40:37.417+0000] {processor.py:830} INFO - Processing file /home/airflow/.local/lib/python3.8/site-packages/airflow/example_dags/tutorial_objectstorage.py for tasks to queue
[2024-02-23T17:40:37.418+0000] {logging_mixin.py:188} INFO - [2024-02-23T17:40:37.418+0000] {dagbag.py:538} INFO - Filling up the DagBag from /home/airflow/.local/lib/python3.8/site-packages/airflow/example_dags/tutorial_objectstorage.py
[2024-02-23T17:40:37.426+0000] {processor.py:840} INFO - DAG(s) 'tutorial_objectstorage' retrieved from /home/airflow/.local/lib/python3.8/site-packages/airflow/example_dags/tutorial_objectstorage.py
[2024-02-23T17:40:37.449+0000] {logging_mixin.py:188} INFO - [2024-02-23T17:40:37.448+0000] {dag.py:3033} INFO - Sync 1 DAGs
[2024-02-23T17:40:37.463+0000] {logging_mixin.py:188} INFO - [2024-02-23T17:40:37.462+0000] {dag.py:3820} INFO - Setting next_dagrun for tutorial_objectstorage to None, run_after=None
[2024-02-23T17:40:37.519+0000] {processor.py:183} INFO - Processing /home/airflow/.local/lib/python3.8/site-packages/airflow/example_dags/tutorial_objectstorage.py took 0.108 seconds
[2024-02-23T17:41:07.966+0000] {processor.py:161} INFO - Started process (PID=7265) to work on /home/airflow/.local/lib/python3.8/site-packages/airflow/example_dags/tutorial_objectstorage.py
[2024-02-23T17:41:07.967+0000] {processor.py:830} INFO - Processing file /home/airflow/.local/lib/python3.8/site-packages/airflow/example_dags/tutorial_objectstorage.py for tasks to queue
[2024-02-23T17:41:07.969+0000] {logging_mixin.py:188} INFO - [2024-02-23T17:41:07.968+0000] {dagbag.py:538} INFO - Filling up the DagBag from /home/airflow/.local/lib/python3.8/site-packages/airflow/example_dags/tutorial_objectstorage.py
[2024-02-23T17:41:07.977+0000] {processor.py:840} INFO - DAG(s) 'tutorial_objectstorage' retrieved from /home/airflow/.local/lib/python3.8/site-packages/airflow/example_dags/tutorial_objectstorage.py
[2024-02-23T17:41:08.001+0000] {logging_mixin.py:188} INFO - [2024-02-23T17:41:08.000+0000] {dag.py:3033} INFO - Sync 1 DAGs
[2024-02-23T17:41:08.021+0000] {logging_mixin.py:188} INFO - [2024-02-23T17:41:08.020+0000] {dag.py:3820} INFO - Setting next_dagrun for tutorial_objectstorage to None, run_after=None
[2024-02-23T17:41:08.048+0000] {processor.py:183} INFO - Processing /home/airflow/.local/lib/python3.8/site-packages/airflow/example_dags/tutorial_objectstorage.py took 0.085 seconds
[2024-02-23T17:41:38.429+0000] {processor.py:161} INFO - Started process (PID=7323) to work on /home/airflow/.local/lib/python3.8/site-packages/airflow/example_dags/tutorial_objectstorage.py
[2024-02-23T17:41:38.430+0000] {processor.py:830} INFO - Processing file /home/airflow/.local/lib/python3.8/site-packages/airflow/example_dags/tutorial_objectstorage.py for tasks to queue
[2024-02-23T17:41:38.431+0000] {logging_mixin.py:188} INFO - [2024-02-23T17:41:38.430+0000] {dagbag.py:538} INFO - Filling up the DagBag from /home/airflow/.local/lib/python3.8/site-packages/airflow/example_dags/tutorial_objectstorage.py
[2024-02-23T17:41:38.439+0000] {processor.py:840} INFO - DAG(s) 'tutorial_objectstorage' retrieved from /home/airflow/.local/lib/python3.8/site-packages/airflow/example_dags/tutorial_objectstorage.py
[2024-02-23T17:41:38.462+0000] {logging_mixin.py:188} INFO - [2024-02-23T17:41:38.461+0000] {dag.py:3033} INFO - Sync 1 DAGs
[2024-02-23T17:41:38.477+0000] {logging_mixin.py:188} INFO - [2024-02-23T17:41:38.477+0000] {dag.py:3820} INFO - Setting next_dagrun for tutorial_objectstorage to None, run_after=None
[2024-02-23T17:41:38.501+0000] {processor.py:183} INFO - Processing /home/airflow/.local/lib/python3.8/site-packages/airflow/example_dags/tutorial_objectstorage.py took 0.077 seconds
[2024-02-23T17:42:09.361+0000] {processor.py:161} INFO - Started process (PID=7380) to work on /home/airflow/.local/lib/python3.8/site-packages/airflow/example_dags/tutorial_objectstorage.py
[2024-02-23T17:42:09.362+0000] {processor.py:830} INFO - Processing file /home/airflow/.local/lib/python3.8/site-packages/airflow/example_dags/tutorial_objectstorage.py for tasks to queue
[2024-02-23T17:42:09.363+0000] {logging_mixin.py:188} INFO - [2024-02-23T17:42:09.363+0000] {dagbag.py:538} INFO - Filling up the DagBag from /home/airflow/.local/lib/python3.8/site-packages/airflow/example_dags/tutorial_objectstorage.py
[2024-02-23T17:42:09.377+0000] {processor.py:840} INFO - DAG(s) 'tutorial_objectstorage' retrieved from /home/airflow/.local/lib/python3.8/site-packages/airflow/example_dags/tutorial_objectstorage.py
[2024-02-23T17:42:09.406+0000] {logging_mixin.py:188} INFO - [2024-02-23T17:42:09.405+0000] {dag.py:3033} INFO - Sync 1 DAGs
[2024-02-23T17:42:09.424+0000] {logging_mixin.py:188} INFO - [2024-02-23T17:42:09.424+0000] {dag.py:3820} INFO - Setting next_dagrun for tutorial_objectstorage to None, run_after=None
[2024-02-23T17:42:09.490+0000] {processor.py:183} INFO - Processing /home/airflow/.local/lib/python3.8/site-packages/airflow/example_dags/tutorial_objectstorage.py took 0.135 seconds
[2024-02-23T17:42:40.202+0000] {processor.py:161} INFO - Started process (PID=7437) to work on /home/airflow/.local/lib/python3.8/site-packages/airflow/example_dags/tutorial_objectstorage.py
[2024-02-23T17:42:40.204+0000] {processor.py:830} INFO - Processing file /home/airflow/.local/lib/python3.8/site-packages/airflow/example_dags/tutorial_objectstorage.py for tasks to queue
[2024-02-23T17:42:40.205+0000] {logging_mixin.py:188} INFO - [2024-02-23T17:42:40.205+0000] {dagbag.py:538} INFO - Filling up the DagBag from /home/airflow/.local/lib/python3.8/site-packages/airflow/example_dags/tutorial_objectstorage.py
[2024-02-23T17:42:40.213+0000] {processor.py:840} INFO - DAG(s) 'tutorial_objectstorage' retrieved from /home/airflow/.local/lib/python3.8/site-packages/airflow/example_dags/tutorial_objectstorage.py
[2024-02-23T17:42:40.240+0000] {logging_mixin.py:188} INFO - [2024-02-23T17:42:40.240+0000] {dag.py:3033} INFO - Sync 1 DAGs
[2024-02-23T17:42:40.255+0000] {logging_mixin.py:188} INFO - [2024-02-23T17:42:40.255+0000] {dag.py:3820} INFO - Setting next_dagrun for tutorial_objectstorage to None, run_after=None
[2024-02-23T17:42:40.279+0000] {processor.py:183} INFO - Processing /home/airflow/.local/lib/python3.8/site-packages/airflow/example_dags/tutorial_objectstorage.py took 0.081 seconds
[2024-02-23T17:43:10.371+0000] {processor.py:161} INFO - Started process (PID=7494) to work on /home/airflow/.local/lib/python3.8/site-packages/airflow/example_dags/tutorial_objectstorage.py
[2024-02-23T17:43:10.372+0000] {processor.py:830} INFO - Processing file /home/airflow/.local/lib/python3.8/site-packages/airflow/example_dags/tutorial_objectstorage.py for tasks to queue
[2024-02-23T17:43:10.374+0000] {logging_mixin.py:188} INFO - [2024-02-23T17:43:10.373+0000] {dagbag.py:538} INFO - Filling up the DagBag from /home/airflow/.local/lib/python3.8/site-packages/airflow/example_dags/tutorial_objectstorage.py
[2024-02-23T17:43:10.383+0000] {processor.py:840} INFO - DAG(s) 'tutorial_objectstorage' retrieved from /home/airflow/.local/lib/python3.8/site-packages/airflow/example_dags/tutorial_objectstorage.py
[2024-02-23T17:43:10.410+0000] {logging_mixin.py:188} INFO - [2024-02-23T17:43:10.409+0000] {dag.py:3033} INFO - Sync 1 DAGs
[2024-02-23T17:43:10.427+0000] {logging_mixin.py:188} INFO - [2024-02-23T17:43:10.426+0000] {dag.py:3820} INFO - Setting next_dagrun for tutorial_objectstorage to None, run_after=None
[2024-02-23T17:43:10.453+0000] {processor.py:183} INFO - Processing /home/airflow/.local/lib/python3.8/site-packages/airflow/example_dags/tutorial_objectstorage.py took 0.085 seconds
[2024-02-23T17:43:40.866+0000] {processor.py:161} INFO - Started process (PID=7551) to work on /home/airflow/.local/lib/python3.8/site-packages/airflow/example_dags/tutorial_objectstorage.py
[2024-02-23T17:43:40.867+0000] {processor.py:830} INFO - Processing file /home/airflow/.local/lib/python3.8/site-packages/airflow/example_dags/tutorial_objectstorage.py for tasks to queue
[2024-02-23T17:43:40.868+0000] {logging_mixin.py:188} INFO - [2024-02-23T17:43:40.867+0000] {dagbag.py:538} INFO - Filling up the DagBag from /home/airflow/.local/lib/python3.8/site-packages/airflow/example_dags/tutorial_objectstorage.py
[2024-02-23T17:43:40.877+0000] {processor.py:840} INFO - DAG(s) 'tutorial_objectstorage' retrieved from /home/airflow/.local/lib/python3.8/site-packages/airflow/example_dags/tutorial_objectstorage.py
[2024-02-23T17:43:40.902+0000] {logging_mixin.py:188} INFO - [2024-02-23T17:43:40.901+0000] {dag.py:3033} INFO - Sync 1 DAGs
[2024-02-23T17:43:40.916+0000] {logging_mixin.py:188} INFO - [2024-02-23T17:43:40.916+0000] {dag.py:3820} INFO - Setting next_dagrun for tutorial_objectstorage to None, run_after=None
[2024-02-23T17:43:40.976+0000] {processor.py:183} INFO - Processing /home/airflow/.local/lib/python3.8/site-packages/airflow/example_dags/tutorial_objectstorage.py took 0.114 seconds
[2024-02-23T17:44:11.618+0000] {processor.py:161} INFO - Started process (PID=7608) to work on /home/airflow/.local/lib/python3.8/site-packages/airflow/example_dags/tutorial_objectstorage.py
[2024-02-23T17:44:11.619+0000] {processor.py:830} INFO - Processing file /home/airflow/.local/lib/python3.8/site-packages/airflow/example_dags/tutorial_objectstorage.py for tasks to queue
[2024-02-23T17:44:11.621+0000] {logging_mixin.py:188} INFO - [2024-02-23T17:44:11.620+0000] {dagbag.py:538} INFO - Filling up the DagBag from /home/airflow/.local/lib/python3.8/site-packages/airflow/example_dags/tutorial_objectstorage.py
[2024-02-23T17:44:11.632+0000] {processor.py:840} INFO - DAG(s) 'tutorial_objectstorage' retrieved from /home/airflow/.local/lib/python3.8/site-packages/airflow/example_dags/tutorial_objectstorage.py
[2024-02-23T17:44:11.661+0000] {logging_mixin.py:188} INFO - [2024-02-23T17:44:11.661+0000] {dag.py:3033} INFO - Sync 1 DAGs
[2024-02-23T17:44:11.682+0000] {logging_mixin.py:188} INFO - [2024-02-23T17:44:11.681+0000] {dag.py:3820} INFO - Setting next_dagrun for tutorial_objectstorage to None, run_after=None
[2024-02-23T17:44:11.706+0000] {processor.py:183} INFO - Processing /home/airflow/.local/lib/python3.8/site-packages/airflow/example_dags/tutorial_objectstorage.py took 0.093 seconds
[2024-02-23T17:44:41.874+0000] {processor.py:161} INFO - Started process (PID=7665) to work on /home/airflow/.local/lib/python3.8/site-packages/airflow/example_dags/tutorial_objectstorage.py
[2024-02-23T17:44:41.875+0000] {processor.py:830} INFO - Processing file /home/airflow/.local/lib/python3.8/site-packages/airflow/example_dags/tutorial_objectstorage.py for tasks to queue
[2024-02-23T17:44:41.877+0000] {logging_mixin.py:188} INFO - [2024-02-23T17:44:41.876+0000] {dagbag.py:538} INFO - Filling up the DagBag from /home/airflow/.local/lib/python3.8/site-packages/airflow/example_dags/tutorial_objectstorage.py
[2024-02-23T17:44:41.886+0000] {processor.py:840} INFO - DAG(s) 'tutorial_objectstorage' retrieved from /home/airflow/.local/lib/python3.8/site-packages/airflow/example_dags/tutorial_objectstorage.py
[2024-02-23T17:44:41.917+0000] {logging_mixin.py:188} INFO - [2024-02-23T17:44:41.917+0000] {dag.py:3033} INFO - Sync 1 DAGs
[2024-02-23T17:44:41.933+0000] {logging_mixin.py:188} INFO - [2024-02-23T17:44:41.933+0000] {dag.py:3820} INFO - Setting next_dagrun for tutorial_objectstorage to None, run_after=None
[2024-02-23T17:44:41.958+0000] {processor.py:183} INFO - Processing /home/airflow/.local/lib/python3.8/site-packages/airflow/example_dags/tutorial_objectstorage.py took 0.088 seconds
[2024-02-23T17:45:12.467+0000] {processor.py:161} INFO - Started process (PID=7722) to work on /home/airflow/.local/lib/python3.8/site-packages/airflow/example_dags/tutorial_objectstorage.py
[2024-02-23T17:45:12.468+0000] {processor.py:830} INFO - Processing file /home/airflow/.local/lib/python3.8/site-packages/airflow/example_dags/tutorial_objectstorage.py for tasks to queue
[2024-02-23T17:45:12.470+0000] {logging_mixin.py:188} INFO - [2024-02-23T17:45:12.469+0000] {dagbag.py:538} INFO - Filling up the DagBag from /home/airflow/.local/lib/python3.8/site-packages/airflow/example_dags/tutorial_objectstorage.py
[2024-02-23T17:45:12.480+0000] {processor.py:840} INFO - DAG(s) 'tutorial_objectstorage' retrieved from /home/airflow/.local/lib/python3.8/site-packages/airflow/example_dags/tutorial_objectstorage.py
[2024-02-23T17:45:12.507+0000] {logging_mixin.py:188} INFO - [2024-02-23T17:45:12.506+0000] {dag.py:3033} INFO - Sync 1 DAGs
[2024-02-23T17:45:12.524+0000] {logging_mixin.py:188} INFO - [2024-02-23T17:45:12.524+0000] {dag.py:3820} INFO - Setting next_dagrun for tutorial_objectstorage to None, run_after=None
[2024-02-23T17:45:12.556+0000] {processor.py:183} INFO - Processing /home/airflow/.local/lib/python3.8/site-packages/airflow/example_dags/tutorial_objectstorage.py took 0.094 seconds
[2024-02-23T17:45:42.630+0000] {processor.py:161} INFO - Started process (PID=7779) to work on /home/airflow/.local/lib/python3.8/site-packages/airflow/example_dags/tutorial_objectstorage.py
[2024-02-23T17:45:42.632+0000] {processor.py:830} INFO - Processing file /home/airflow/.local/lib/python3.8/site-packages/airflow/example_dags/tutorial_objectstorage.py for tasks to queue
[2024-02-23T17:45:42.633+0000] {logging_mixin.py:188} INFO - [2024-02-23T17:45:42.633+0000] {dagbag.py:538} INFO - Filling up the DagBag from /home/airflow/.local/lib/python3.8/site-packages/airflow/example_dags/tutorial_objectstorage.py
[2024-02-23T17:45:42.643+0000] {processor.py:840} INFO - DAG(s) 'tutorial_objectstorage' retrieved from /home/airflow/.local/lib/python3.8/site-packages/airflow/example_dags/tutorial_objectstorage.py
[2024-02-23T17:45:42.671+0000] {logging_mixin.py:188} INFO - [2024-02-23T17:45:42.670+0000] {dag.py:3033} INFO - Sync 1 DAGs
[2024-02-23T17:45:42.686+0000] {logging_mixin.py:188} INFO - [2024-02-23T17:45:42.686+0000] {dag.py:3820} INFO - Setting next_dagrun for tutorial_objectstorage to None, run_after=None
[2024-02-23T17:45:42.747+0000] {processor.py:183} INFO - Processing /home/airflow/.local/lib/python3.8/site-packages/airflow/example_dags/tutorial_objectstorage.py took 0.121 seconds
[2024-02-23T17:46:13.176+0000] {processor.py:161} INFO - Started process (PID=7836) to work on /home/airflow/.local/lib/python3.8/site-packages/airflow/example_dags/tutorial_objectstorage.py
[2024-02-23T17:46:13.177+0000] {processor.py:830} INFO - Processing file /home/airflow/.local/lib/python3.8/site-packages/airflow/example_dags/tutorial_objectstorage.py for tasks to queue
[2024-02-23T17:46:13.178+0000] {logging_mixin.py:188} INFO - [2024-02-23T17:46:13.178+0000] {dagbag.py:538} INFO - Filling up the DagBag from /home/airflow/.local/lib/python3.8/site-packages/airflow/example_dags/tutorial_objectstorage.py
[2024-02-23T17:46:13.187+0000] {processor.py:840} INFO - DAG(s) 'tutorial_objectstorage' retrieved from /home/airflow/.local/lib/python3.8/site-packages/airflow/example_dags/tutorial_objectstorage.py
[2024-02-23T17:46:13.214+0000] {logging_mixin.py:188} INFO - [2024-02-23T17:46:13.214+0000] {dag.py:3033} INFO - Sync 1 DAGs
[2024-02-23T17:46:13.229+0000] {logging_mixin.py:188} INFO - [2024-02-23T17:46:13.229+0000] {dag.py:3820} INFO - Setting next_dagrun for tutorial_objectstorage to None, run_after=None
[2024-02-23T17:46:13.256+0000] {processor.py:183} INFO - Processing /home/airflow/.local/lib/python3.8/site-packages/airflow/example_dags/tutorial_objectstorage.py took 0.085 seconds
[2024-02-23T17:46:43.570+0000] {processor.py:161} INFO - Started process (PID=7893) to work on /home/airflow/.local/lib/python3.8/site-packages/airflow/example_dags/tutorial_objectstorage.py
[2024-02-23T17:46:43.571+0000] {processor.py:830} INFO - Processing file /home/airflow/.local/lib/python3.8/site-packages/airflow/example_dags/tutorial_objectstorage.py for tasks to queue
[2024-02-23T17:46:43.573+0000] {logging_mixin.py:188} INFO - [2024-02-23T17:46:43.572+0000] {dagbag.py:538} INFO - Filling up the DagBag from /home/airflow/.local/lib/python3.8/site-packages/airflow/example_dags/tutorial_objectstorage.py
[2024-02-23T17:46:43.582+0000] {processor.py:840} INFO - DAG(s) 'tutorial_objectstorage' retrieved from /home/airflow/.local/lib/python3.8/site-packages/airflow/example_dags/tutorial_objectstorage.py
[2024-02-23T17:46:43.609+0000] {logging_mixin.py:188} INFO - [2024-02-23T17:46:43.609+0000] {dag.py:3033} INFO - Sync 1 DAGs
[2024-02-23T17:46:43.628+0000] {logging_mixin.py:188} INFO - [2024-02-23T17:46:43.628+0000] {dag.py:3820} INFO - Setting next_dagrun for tutorial_objectstorage to None, run_after=None
[2024-02-23T17:46:43.688+0000] {processor.py:183} INFO - Processing /home/airflow/.local/lib/python3.8/site-packages/airflow/example_dags/tutorial_objectstorage.py took 0.122 seconds
[2024-02-23T17:47:14.429+0000] {processor.py:161} INFO - Started process (PID=7950) to work on /home/airflow/.local/lib/python3.8/site-packages/airflow/example_dags/tutorial_objectstorage.py
[2024-02-23T17:47:14.430+0000] {processor.py:830} INFO - Processing file /home/airflow/.local/lib/python3.8/site-packages/airflow/example_dags/tutorial_objectstorage.py for tasks to queue
[2024-02-23T17:47:14.432+0000] {logging_mixin.py:188} INFO - [2024-02-23T17:47:14.431+0000] {dagbag.py:538} INFO - Filling up the DagBag from /home/airflow/.local/lib/python3.8/site-packages/airflow/example_dags/tutorial_objectstorage.py
[2024-02-23T17:47:14.440+0000] {processor.py:840} INFO - DAG(s) 'tutorial_objectstorage' retrieved from /home/airflow/.local/lib/python3.8/site-packages/airflow/example_dags/tutorial_objectstorage.py
[2024-02-23T17:47:14.466+0000] {logging_mixin.py:188} INFO - [2024-02-23T17:47:14.466+0000] {dag.py:3033} INFO - Sync 1 DAGs
[2024-02-23T17:47:14.483+0000] {logging_mixin.py:188} INFO - [2024-02-23T17:47:14.482+0000] {dag.py:3820} INFO - Setting next_dagrun for tutorial_objectstorage to None, run_after=None
[2024-02-23T17:47:14.507+0000] {processor.py:183} INFO - Processing /home/airflow/.local/lib/python3.8/site-packages/airflow/example_dags/tutorial_objectstorage.py took 0.083 seconds
[2024-02-23T17:47:44.841+0000] {processor.py:161} INFO - Started process (PID=8007) to work on /home/airflow/.local/lib/python3.8/site-packages/airflow/example_dags/tutorial_objectstorage.py
[2024-02-23T17:47:44.842+0000] {processor.py:830} INFO - Processing file /home/airflow/.local/lib/python3.8/site-packages/airflow/example_dags/tutorial_objectstorage.py for tasks to queue
[2024-02-23T17:47:44.843+0000] {logging_mixin.py:188} INFO - [2024-02-23T17:47:44.843+0000] {dagbag.py:538} INFO - Filling up the DagBag from /home/airflow/.local/lib/python3.8/site-packages/airflow/example_dags/tutorial_objectstorage.py
[2024-02-23T17:47:44.852+0000] {processor.py:840} INFO - DAG(s) 'tutorial_objectstorage' retrieved from /home/airflow/.local/lib/python3.8/site-packages/airflow/example_dags/tutorial_objectstorage.py
[2024-02-23T17:47:44.876+0000] {logging_mixin.py:188} INFO - [2024-02-23T17:47:44.876+0000] {dag.py:3033} INFO - Sync 1 DAGs
[2024-02-23T17:47:44.891+0000] {logging_mixin.py:188} INFO - [2024-02-23T17:47:44.891+0000] {dag.py:3820} INFO - Setting next_dagrun for tutorial_objectstorage to None, run_after=None
[2024-02-23T17:47:44.953+0000] {processor.py:183} INFO - Processing /home/airflow/.local/lib/python3.8/site-packages/airflow/example_dags/tutorial_objectstorage.py took 0.116 seconds
[2024-02-23T17:48:15.454+0000] {processor.py:161} INFO - Started process (PID=8070) to work on /home/airflow/.local/lib/python3.8/site-packages/airflow/example_dags/tutorial_objectstorage.py
[2024-02-23T17:48:15.456+0000] {processor.py:830} INFO - Processing file /home/airflow/.local/lib/python3.8/site-packages/airflow/example_dags/tutorial_objectstorage.py for tasks to queue
[2024-02-23T17:48:15.458+0000] {logging_mixin.py:188} INFO - [2024-02-23T17:48:15.457+0000] {dagbag.py:538} INFO - Filling up the DagBag from /home/airflow/.local/lib/python3.8/site-packages/airflow/example_dags/tutorial_objectstorage.py
[2024-02-23T17:48:15.467+0000] {processor.py:840} INFO - DAG(s) 'tutorial_objectstorage' retrieved from /home/airflow/.local/lib/python3.8/site-packages/airflow/example_dags/tutorial_objectstorage.py
[2024-02-23T17:48:15.495+0000] {logging_mixin.py:188} INFO - [2024-02-23T17:48:15.495+0000] {dag.py:3033} INFO - Sync 1 DAGs
[2024-02-23T17:48:15.515+0000] {logging_mixin.py:188} INFO - [2024-02-23T17:48:15.515+0000] {dag.py:3820} INFO - Setting next_dagrun for tutorial_objectstorage to None, run_after=None
[2024-02-23T17:48:15.546+0000] {processor.py:183} INFO - Processing /home/airflow/.local/lib/python3.8/site-packages/airflow/example_dags/tutorial_objectstorage.py took 0.096 seconds
[2024-02-23T17:48:45.903+0000] {processor.py:161} INFO - Started process (PID=8127) to work on /home/airflow/.local/lib/python3.8/site-packages/airflow/example_dags/tutorial_objectstorage.py
[2024-02-23T17:48:45.905+0000] {processor.py:830} INFO - Processing file /home/airflow/.local/lib/python3.8/site-packages/airflow/example_dags/tutorial_objectstorage.py for tasks to queue
[2024-02-23T17:48:45.906+0000] {logging_mixin.py:188} INFO - [2024-02-23T17:48:45.905+0000] {dagbag.py:538} INFO - Filling up the DagBag from /home/airflow/.local/lib/python3.8/site-packages/airflow/example_dags/tutorial_objectstorage.py
[2024-02-23T17:48:45.914+0000] {processor.py:840} INFO - DAG(s) 'tutorial_objectstorage' retrieved from /home/airflow/.local/lib/python3.8/site-packages/airflow/example_dags/tutorial_objectstorage.py
[2024-02-23T17:48:45.944+0000] {logging_mixin.py:188} INFO - [2024-02-23T17:48:45.944+0000] {dag.py:3033} INFO - Sync 1 DAGs
[2024-02-23T17:48:45.966+0000] {logging_mixin.py:188} INFO - [2024-02-23T17:48:45.965+0000] {dag.py:3820} INFO - Setting next_dagrun for tutorial_objectstorage to None, run_after=None
[2024-02-23T17:48:46.026+0000] {processor.py:183} INFO - Processing /home/airflow/.local/lib/python3.8/site-packages/airflow/example_dags/tutorial_objectstorage.py took 0.127 seconds
[2024-02-23T17:49:16.959+0000] {processor.py:161} INFO - Started process (PID=8184) to work on /home/airflow/.local/lib/python3.8/site-packages/airflow/example_dags/tutorial_objectstorage.py
[2024-02-23T17:49:16.963+0000] {processor.py:830} INFO - Processing file /home/airflow/.local/lib/python3.8/site-packages/airflow/example_dags/tutorial_objectstorage.py for tasks to queue
[2024-02-23T17:49:16.965+0000] {logging_mixin.py:188} INFO - [2024-02-23T17:49:16.965+0000] {dagbag.py:538} INFO - Filling up the DagBag from /home/airflow/.local/lib/python3.8/site-packages/airflow/example_dags/tutorial_objectstorage.py
[2024-02-23T17:49:16.974+0000] {processor.py:840} INFO - DAG(s) 'tutorial_objectstorage' retrieved from /home/airflow/.local/lib/python3.8/site-packages/airflow/example_dags/tutorial_objectstorage.py
[2024-02-23T17:49:17.004+0000] {logging_mixin.py:188} INFO - [2024-02-23T17:49:17.004+0000] {dag.py:3033} INFO - Sync 1 DAGs
[2024-02-23T17:49:17.026+0000] {logging_mixin.py:188} INFO - [2024-02-23T17:49:17.025+0000] {dag.py:3820} INFO - Setting next_dagrun for tutorial_objectstorage to None, run_after=None
[2024-02-23T17:49:17.049+0000] {processor.py:183} INFO - Processing /home/airflow/.local/lib/python3.8/site-packages/airflow/example_dags/tutorial_objectstorage.py took 0.096 seconds
[2024-02-23T17:49:47.368+0000] {processor.py:161} INFO - Started process (PID=8241) to work on /home/airflow/.local/lib/python3.8/site-packages/airflow/example_dags/tutorial_objectstorage.py
[2024-02-23T17:49:47.369+0000] {processor.py:830} INFO - Processing file /home/airflow/.local/lib/python3.8/site-packages/airflow/example_dags/tutorial_objectstorage.py for tasks to queue
[2024-02-23T17:49:47.370+0000] {logging_mixin.py:188} INFO - [2024-02-23T17:49:47.370+0000] {dagbag.py:538} INFO - Filling up the DagBag from /home/airflow/.local/lib/python3.8/site-packages/airflow/example_dags/tutorial_objectstorage.py
[2024-02-23T17:49:47.379+0000] {processor.py:840} INFO - DAG(s) 'tutorial_objectstorage' retrieved from /home/airflow/.local/lib/python3.8/site-packages/airflow/example_dags/tutorial_objectstorage.py
[2024-02-23T17:49:47.406+0000] {logging_mixin.py:188} INFO - [2024-02-23T17:49:47.406+0000] {dag.py:3033} INFO - Sync 1 DAGs
[2024-02-23T17:49:47.421+0000] {logging_mixin.py:188} INFO - [2024-02-23T17:49:47.421+0000] {dag.py:3820} INFO - Setting next_dagrun for tutorial_objectstorage to None, run_after=None
[2024-02-23T17:49:47.483+0000] {processor.py:183} INFO - Processing /home/airflow/.local/lib/python3.8/site-packages/airflow/example_dags/tutorial_objectstorage.py took 0.120 seconds
[2024-02-23T17:50:17.657+0000] {processor.py:161} INFO - Started process (PID=8298) to work on /home/airflow/.local/lib/python3.8/site-packages/airflow/example_dags/tutorial_objectstorage.py
[2024-02-23T17:50:17.659+0000] {processor.py:830} INFO - Processing file /home/airflow/.local/lib/python3.8/site-packages/airflow/example_dags/tutorial_objectstorage.py for tasks to queue
[2024-02-23T17:50:17.660+0000] {logging_mixin.py:188} INFO - [2024-02-23T17:50:17.660+0000] {dagbag.py:538} INFO - Filling up the DagBag from /home/airflow/.local/lib/python3.8/site-packages/airflow/example_dags/tutorial_objectstorage.py
[2024-02-23T17:50:17.668+0000] {processor.py:840} INFO - DAG(s) 'tutorial_objectstorage' retrieved from /home/airflow/.local/lib/python3.8/site-packages/airflow/example_dags/tutorial_objectstorage.py
[2024-02-23T17:50:17.694+0000] {logging_mixin.py:188} INFO - [2024-02-23T17:50:17.694+0000] {dag.py:3033} INFO - Sync 1 DAGs
[2024-02-23T17:50:17.709+0000] {logging_mixin.py:188} INFO - [2024-02-23T17:50:17.708+0000] {dag.py:3820} INFO - Setting next_dagrun for tutorial_objectstorage to None, run_after=None
[2024-02-23T17:50:17.733+0000] {processor.py:183} INFO - Processing /home/airflow/.local/lib/python3.8/site-packages/airflow/example_dags/tutorial_objectstorage.py took 0.080 seconds
[2024-02-23T17:50:48.100+0000] {processor.py:161} INFO - Started process (PID=8355) to work on /home/airflow/.local/lib/python3.8/site-packages/airflow/example_dags/tutorial_objectstorage.py
[2024-02-23T17:50:48.102+0000] {processor.py:830} INFO - Processing file /home/airflow/.local/lib/python3.8/site-packages/airflow/example_dags/tutorial_objectstorage.py for tasks to queue
[2024-02-23T17:50:48.103+0000] {logging_mixin.py:188} INFO - [2024-02-23T17:50:48.103+0000] {dagbag.py:538} INFO - Filling up the DagBag from /home/airflow/.local/lib/python3.8/site-packages/airflow/example_dags/tutorial_objectstorage.py
[2024-02-23T17:50:48.113+0000] {processor.py:840} INFO - DAG(s) 'tutorial_objectstorage' retrieved from /home/airflow/.local/lib/python3.8/site-packages/airflow/example_dags/tutorial_objectstorage.py
[2024-02-23T17:50:48.138+0000] {logging_mixin.py:188} INFO - [2024-02-23T17:50:48.138+0000] {dag.py:3033} INFO - Sync 1 DAGs
[2024-02-23T17:50:48.160+0000] {logging_mixin.py:188} INFO - [2024-02-23T17:50:48.159+0000] {dag.py:3820} INFO - Setting next_dagrun for tutorial_objectstorage to None, run_after=None
[2024-02-23T17:50:48.224+0000] {processor.py:183} INFO - Processing /home/airflow/.local/lib/python3.8/site-packages/airflow/example_dags/tutorial_objectstorage.py took 0.127 seconds
[2024-02-23T17:51:18.360+0000] {processor.py:161} INFO - Started process (PID=8412) to work on /home/airflow/.local/lib/python3.8/site-packages/airflow/example_dags/tutorial_objectstorage.py
[2024-02-23T17:51:18.361+0000] {processor.py:830} INFO - Processing file /home/airflow/.local/lib/python3.8/site-packages/airflow/example_dags/tutorial_objectstorage.py for tasks to queue
[2024-02-23T17:51:18.362+0000] {logging_mixin.py:188} INFO - [2024-02-23T17:51:18.362+0000] {dagbag.py:538} INFO - Filling up the DagBag from /home/airflow/.local/lib/python3.8/site-packages/airflow/example_dags/tutorial_objectstorage.py
[2024-02-23T17:51:18.371+0000] {processor.py:840} INFO - DAG(s) 'tutorial_objectstorage' retrieved from /home/airflow/.local/lib/python3.8/site-packages/airflow/example_dags/tutorial_objectstorage.py
[2024-02-23T17:51:18.396+0000] {logging_mixin.py:188} INFO - [2024-02-23T17:51:18.396+0000] {dag.py:3033} INFO - Sync 1 DAGs
[2024-02-23T17:51:18.411+0000] {logging_mixin.py:188} INFO - [2024-02-23T17:51:18.411+0000] {dag.py:3820} INFO - Setting next_dagrun for tutorial_objectstorage to None, run_after=None
[2024-02-23T17:51:18.472+0000] {processor.py:183} INFO - Processing /home/airflow/.local/lib/python3.8/site-packages/airflow/example_dags/tutorial_objectstorage.py took 0.117 seconds
[2024-02-23T17:51:48.634+0000] {processor.py:161} INFO - Started process (PID=8468) to work on /home/airflow/.local/lib/python3.8/site-packages/airflow/example_dags/tutorial_objectstorage.py
[2024-02-23T17:51:48.635+0000] {processor.py:830} INFO - Processing file /home/airflow/.local/lib/python3.8/site-packages/airflow/example_dags/tutorial_objectstorage.py for tasks to queue
[2024-02-23T17:51:48.637+0000] {logging_mixin.py:188} INFO - [2024-02-23T17:51:48.636+0000] {dagbag.py:538} INFO - Filling up the DagBag from /home/airflow/.local/lib/python3.8/site-packages/airflow/example_dags/tutorial_objectstorage.py
[2024-02-23T17:51:48.646+0000] {processor.py:840} INFO - DAG(s) 'tutorial_objectstorage' retrieved from /home/airflow/.local/lib/python3.8/site-packages/airflow/example_dags/tutorial_objectstorage.py
[2024-02-23T17:51:48.671+0000] {logging_mixin.py:188} INFO - [2024-02-23T17:51:48.671+0000] {dag.py:3033} INFO - Sync 1 DAGs
[2024-02-23T17:51:48.687+0000] {logging_mixin.py:188} INFO - [2024-02-23T17:51:48.687+0000] {dag.py:3820} INFO - Setting next_dagrun for tutorial_objectstorage to None, run_after=None
[2024-02-23T17:51:48.748+0000] {processor.py:183} INFO - Processing /home/airflow/.local/lib/python3.8/site-packages/airflow/example_dags/tutorial_objectstorage.py took 0.118 seconds
