[2024-02-23T17:20:14.496+0000] {processor.py:161} INFO - Started process (PID=4929) to work on /home/airflow/.local/lib/python3.8/site-packages/airflow/example_dags/example_short_circuit_operator.py
[2024-02-23T17:20:14.498+0000] {processor.py:830} INFO - Processing file /home/airflow/.local/lib/python3.8/site-packages/airflow/example_dags/example_short_circuit_operator.py for tasks to queue
[2024-02-23T17:20:14.500+0000] {logging_mixin.py:188} INFO - [2024-02-23T17:20:14.499+0000] {dagbag.py:538} INFO - Filling up the DagBag from /home/airflow/.local/lib/python3.8/site-packages/airflow/example_dags/example_short_circuit_operator.py
[2024-02-23T17:20:14.538+0000] {processor.py:840} INFO - DAG(s) 'example_short_circuit_operator' retrieved from /home/airflow/.local/lib/python3.8/site-packages/airflow/example_dags/example_short_circuit_operator.py
[2024-02-23T17:20:14.598+0000] {logging_mixin.py:188} INFO - [2024-02-23T17:20:14.597+0000] {dag.py:3033} INFO - Sync 1 DAGs
[2024-02-23T17:20:14.653+0000] {logging_mixin.py:188} INFO - [2024-02-23T17:20:14.653+0000] {dag.py:3820} INFO - Setting next_dagrun for example_short_circuit_operator to 2024-02-22T00:00:00+00:00, run_after=2024-02-23T00:00:00+00:00
[2024-02-23T17:20:14.709+0000] {processor.py:183} INFO - Processing /home/airflow/.local/lib/python3.8/site-packages/airflow/example_dags/example_short_circuit_operator.py took 0.227 seconds
[2024-02-23T17:20:45.746+0000] {processor.py:161} INFO - Started process (PID=4986) to work on /home/airflow/.local/lib/python3.8/site-packages/airflow/example_dags/example_short_circuit_operator.py
[2024-02-23T17:20:45.748+0000] {processor.py:830} INFO - Processing file /home/airflow/.local/lib/python3.8/site-packages/airflow/example_dags/example_short_circuit_operator.py for tasks to queue
[2024-02-23T17:20:45.749+0000] {logging_mixin.py:188} INFO - [2024-02-23T17:20:45.749+0000] {dagbag.py:538} INFO - Filling up the DagBag from /home/airflow/.local/lib/python3.8/site-packages/airflow/example_dags/example_short_circuit_operator.py
[2024-02-23T17:20:45.786+0000] {processor.py:840} INFO - DAG(s) 'example_short_circuit_operator' retrieved from /home/airflow/.local/lib/python3.8/site-packages/airflow/example_dags/example_short_circuit_operator.py
[2024-02-23T17:20:45.868+0000] {logging_mixin.py:188} INFO - [2024-02-23T17:20:45.868+0000] {dag.py:3033} INFO - Sync 1 DAGs
[2024-02-23T17:20:45.984+0000] {logging_mixin.py:188} INFO - [2024-02-23T17:20:45.984+0000] {dag.py:3820} INFO - Setting next_dagrun for example_short_circuit_operator to 2024-02-22T00:00:00+00:00, run_after=2024-02-23T00:00:00+00:00
[2024-02-23T17:20:46.054+0000] {processor.py:183} INFO - Processing /home/airflow/.local/lib/python3.8/site-packages/airflow/example_dags/example_short_circuit_operator.py took 0.316 seconds
[2024-02-23T17:21:16.509+0000] {processor.py:161} INFO - Started process (PID=5043) to work on /home/airflow/.local/lib/python3.8/site-packages/airflow/example_dags/example_short_circuit_operator.py
[2024-02-23T17:21:16.511+0000] {processor.py:830} INFO - Processing file /home/airflow/.local/lib/python3.8/site-packages/airflow/example_dags/example_short_circuit_operator.py for tasks to queue
[2024-02-23T17:21:16.521+0000] {logging_mixin.py:188} INFO - [2024-02-23T17:21:16.518+0000] {dagbag.py:538} INFO - Filling up the DagBag from /home/airflow/.local/lib/python3.8/site-packages/airflow/example_dags/example_short_circuit_operator.py
[2024-02-23T17:21:16.552+0000] {processor.py:840} INFO - DAG(s) 'example_short_circuit_operator' retrieved from /home/airflow/.local/lib/python3.8/site-packages/airflow/example_dags/example_short_circuit_operator.py
[2024-02-23T17:21:16.640+0000] {logging_mixin.py:188} INFO - [2024-02-23T17:21:16.639+0000] {dag.py:3033} INFO - Sync 1 DAGs
[2024-02-23T17:21:16.730+0000] {logging_mixin.py:188} INFO - [2024-02-23T17:21:16.729+0000] {dag.py:3820} INFO - Setting next_dagrun for example_short_circuit_operator to 2024-02-22T00:00:00+00:00, run_after=2024-02-23T00:00:00+00:00
[2024-02-23T17:21:16.791+0000] {processor.py:183} INFO - Processing /home/airflow/.local/lib/python3.8/site-packages/airflow/example_dags/example_short_circuit_operator.py took 0.287 seconds
[2024-02-23T17:21:46.965+0000] {processor.py:161} INFO - Started process (PID=5100) to work on /home/airflow/.local/lib/python3.8/site-packages/airflow/example_dags/example_short_circuit_operator.py
[2024-02-23T17:21:46.966+0000] {processor.py:830} INFO - Processing file /home/airflow/.local/lib/python3.8/site-packages/airflow/example_dags/example_short_circuit_operator.py for tasks to queue
[2024-02-23T17:21:46.968+0000] {logging_mixin.py:188} INFO - [2024-02-23T17:21:46.967+0000] {dagbag.py:538} INFO - Filling up the DagBag from /home/airflow/.local/lib/python3.8/site-packages/airflow/example_dags/example_short_circuit_operator.py
[2024-02-23T17:21:46.987+0000] {processor.py:840} INFO - DAG(s) 'example_short_circuit_operator' retrieved from /home/airflow/.local/lib/python3.8/site-packages/airflow/example_dags/example_short_circuit_operator.py
[2024-02-23T17:21:47.028+0000] {logging_mixin.py:188} INFO - [2024-02-23T17:21:47.028+0000] {dag.py:3033} INFO - Sync 1 DAGs
[2024-02-23T17:21:47.077+0000] {logging_mixin.py:188} INFO - [2024-02-23T17:21:47.076+0000] {dag.py:3820} INFO - Setting next_dagrun for example_short_circuit_operator to 2024-02-22T00:00:00+00:00, run_after=2024-02-23T00:00:00+00:00
[2024-02-23T17:21:47.112+0000] {processor.py:183} INFO - Processing /home/airflow/.local/lib/python3.8/site-packages/airflow/example_dags/example_short_circuit_operator.py took 0.152 seconds
[2024-02-23T17:22:17.315+0000] {processor.py:161} INFO - Started process (PID=5158) to work on /home/airflow/.local/lib/python3.8/site-packages/airflow/example_dags/example_short_circuit_operator.py
[2024-02-23T17:22:17.316+0000] {processor.py:830} INFO - Processing file /home/airflow/.local/lib/python3.8/site-packages/airflow/example_dags/example_short_circuit_operator.py for tasks to queue
[2024-02-23T17:22:17.318+0000] {logging_mixin.py:188} INFO - [2024-02-23T17:22:17.317+0000] {dagbag.py:538} INFO - Filling up the DagBag from /home/airflow/.local/lib/python3.8/site-packages/airflow/example_dags/example_short_circuit_operator.py
[2024-02-23T17:22:17.334+0000] {processor.py:840} INFO - DAG(s) 'example_short_circuit_operator' retrieved from /home/airflow/.local/lib/python3.8/site-packages/airflow/example_dags/example_short_circuit_operator.py
[2024-02-23T17:22:17.364+0000] {logging_mixin.py:188} INFO - [2024-02-23T17:22:17.364+0000] {dag.py:3033} INFO - Sync 1 DAGs
[2024-02-23T17:22:17.392+0000] {logging_mixin.py:188} INFO - [2024-02-23T17:22:17.392+0000] {dag.py:3820} INFO - Setting next_dagrun for example_short_circuit_operator to 2024-02-22T00:00:00+00:00, run_after=2024-02-23T00:00:00+00:00
[2024-02-23T17:22:17.423+0000] {processor.py:183} INFO - Processing /home/airflow/.local/lib/python3.8/site-packages/airflow/example_dags/example_short_circuit_operator.py took 0.115 seconds
[2024-02-23T17:22:48.153+0000] {processor.py:161} INFO - Started process (PID=5215) to work on /home/airflow/.local/lib/python3.8/site-packages/airflow/example_dags/example_short_circuit_operator.py
[2024-02-23T17:22:48.154+0000] {processor.py:830} INFO - Processing file /home/airflow/.local/lib/python3.8/site-packages/airflow/example_dags/example_short_circuit_operator.py for tasks to queue
[2024-02-23T17:22:48.157+0000] {logging_mixin.py:188} INFO - [2024-02-23T17:22:48.156+0000] {dagbag.py:538} INFO - Filling up the DagBag from /home/airflow/.local/lib/python3.8/site-packages/airflow/example_dags/example_short_circuit_operator.py
[2024-02-23T17:22:48.176+0000] {processor.py:840} INFO - DAG(s) 'example_short_circuit_operator' retrieved from /home/airflow/.local/lib/python3.8/site-packages/airflow/example_dags/example_short_circuit_operator.py
[2024-02-23T17:22:48.231+0000] {logging_mixin.py:188} INFO - [2024-02-23T17:22:48.231+0000] {dag.py:3033} INFO - Sync 1 DAGs
[2024-02-23T17:22:48.283+0000] {logging_mixin.py:188} INFO - [2024-02-23T17:22:48.283+0000] {dag.py:3820} INFO - Setting next_dagrun for example_short_circuit_operator to 2024-02-22T00:00:00+00:00, run_after=2024-02-23T00:00:00+00:00
[2024-02-23T17:22:48.337+0000] {processor.py:183} INFO - Processing /home/airflow/.local/lib/python3.8/site-packages/airflow/example_dags/example_short_circuit_operator.py took 0.190 seconds
[2024-02-23T17:23:18.521+0000] {processor.py:161} INFO - Started process (PID=5272) to work on /home/airflow/.local/lib/python3.8/site-packages/airflow/example_dags/example_short_circuit_operator.py
[2024-02-23T17:23:18.522+0000] {processor.py:830} INFO - Processing file /home/airflow/.local/lib/python3.8/site-packages/airflow/example_dags/example_short_circuit_operator.py for tasks to queue
[2024-02-23T17:23:18.524+0000] {logging_mixin.py:188} INFO - [2024-02-23T17:23:18.523+0000] {dagbag.py:538} INFO - Filling up the DagBag from /home/airflow/.local/lib/python3.8/site-packages/airflow/example_dags/example_short_circuit_operator.py
[2024-02-23T17:23:18.537+0000] {processor.py:840} INFO - DAG(s) 'example_short_circuit_operator' retrieved from /home/airflow/.local/lib/python3.8/site-packages/airflow/example_dags/example_short_circuit_operator.py
[2024-02-23T17:23:18.578+0000] {logging_mixin.py:188} INFO - [2024-02-23T17:23:18.578+0000] {dag.py:3033} INFO - Sync 1 DAGs
[2024-02-23T17:23:18.623+0000] {logging_mixin.py:188} INFO - [2024-02-23T17:23:18.622+0000] {dag.py:3820} INFO - Setting next_dagrun for example_short_circuit_operator to 2024-02-22T00:00:00+00:00, run_after=2024-02-23T00:00:00+00:00
[2024-02-23T17:23:18.649+0000] {processor.py:183} INFO - Processing /home/airflow/.local/lib/python3.8/site-packages/airflow/example_dags/example_short_circuit_operator.py took 0.132 seconds
[2024-02-23T17:23:48.827+0000] {processor.py:161} INFO - Started process (PID=5329) to work on /home/airflow/.local/lib/python3.8/site-packages/airflow/example_dags/example_short_circuit_operator.py
[2024-02-23T17:23:48.829+0000] {processor.py:830} INFO - Processing file /home/airflow/.local/lib/python3.8/site-packages/airflow/example_dags/example_short_circuit_operator.py for tasks to queue
[2024-02-23T17:23:48.831+0000] {logging_mixin.py:188} INFO - [2024-02-23T17:23:48.830+0000] {dagbag.py:538} INFO - Filling up the DagBag from /home/airflow/.local/lib/python3.8/site-packages/airflow/example_dags/example_short_circuit_operator.py
[2024-02-23T17:23:48.846+0000] {processor.py:840} INFO - DAG(s) 'example_short_circuit_operator' retrieved from /home/airflow/.local/lib/python3.8/site-packages/airflow/example_dags/example_short_circuit_operator.py
[2024-02-23T17:23:48.874+0000] {logging_mixin.py:188} INFO - [2024-02-23T17:23:48.874+0000] {dag.py:3033} INFO - Sync 1 DAGs
[2024-02-23T17:23:48.904+0000] {logging_mixin.py:188} INFO - [2024-02-23T17:23:48.904+0000] {dag.py:3820} INFO - Setting next_dagrun for example_short_circuit_operator to 2024-02-22T00:00:00+00:00, run_after=2024-02-23T00:00:00+00:00
[2024-02-23T17:23:48.955+0000] {processor.py:183} INFO - Processing /home/airflow/.local/lib/python3.8/site-packages/airflow/example_dags/example_short_circuit_operator.py took 0.135 seconds
[2024-02-23T17:24:19.187+0000] {processor.py:161} INFO - Started process (PID=5386) to work on /home/airflow/.local/lib/python3.8/site-packages/airflow/example_dags/example_short_circuit_operator.py
[2024-02-23T17:24:19.189+0000] {processor.py:830} INFO - Processing file /home/airflow/.local/lib/python3.8/site-packages/airflow/example_dags/example_short_circuit_operator.py for tasks to queue
[2024-02-23T17:24:19.190+0000] {logging_mixin.py:188} INFO - [2024-02-23T17:24:19.190+0000] {dagbag.py:538} INFO - Filling up the DagBag from /home/airflow/.local/lib/python3.8/site-packages/airflow/example_dags/example_short_circuit_operator.py
[2024-02-23T17:24:19.205+0000] {processor.py:840} INFO - DAG(s) 'example_short_circuit_operator' retrieved from /home/airflow/.local/lib/python3.8/site-packages/airflow/example_dags/example_short_circuit_operator.py
[2024-02-23T17:24:19.237+0000] {logging_mixin.py:188} INFO - [2024-02-23T17:24:19.237+0000] {dag.py:3033} INFO - Sync 1 DAGs
[2024-02-23T17:24:19.269+0000] {logging_mixin.py:188} INFO - [2024-02-23T17:24:19.268+0000] {dag.py:3820} INFO - Setting next_dagrun for example_short_circuit_operator to 2024-02-22T00:00:00+00:00, run_after=2024-02-23T00:00:00+00:00
[2024-02-23T17:24:19.293+0000] {processor.py:183} INFO - Processing /home/airflow/.local/lib/python3.8/site-packages/airflow/example_dags/example_short_circuit_operator.py took 0.114 seconds
[2024-02-23T17:24:49.398+0000] {processor.py:161} INFO - Started process (PID=5443) to work on /home/airflow/.local/lib/python3.8/site-packages/airflow/example_dags/example_short_circuit_operator.py
[2024-02-23T17:24:49.399+0000] {processor.py:830} INFO - Processing file /home/airflow/.local/lib/python3.8/site-packages/airflow/example_dags/example_short_circuit_operator.py for tasks to queue
[2024-02-23T17:24:49.402+0000] {logging_mixin.py:188} INFO - [2024-02-23T17:24:49.401+0000] {dagbag.py:538} INFO - Filling up the DagBag from /home/airflow/.local/lib/python3.8/site-packages/airflow/example_dags/example_short_circuit_operator.py
[2024-02-23T17:24:49.417+0000] {processor.py:840} INFO - DAG(s) 'example_short_circuit_operator' retrieved from /home/airflow/.local/lib/python3.8/site-packages/airflow/example_dags/example_short_circuit_operator.py
[2024-02-23T17:24:49.454+0000] {logging_mixin.py:188} INFO - [2024-02-23T17:24:49.453+0000] {dag.py:3033} INFO - Sync 1 DAGs
[2024-02-23T17:24:49.491+0000] {logging_mixin.py:188} INFO - [2024-02-23T17:24:49.491+0000] {dag.py:3820} INFO - Setting next_dagrun for example_short_circuit_operator to 2024-02-22T00:00:00+00:00, run_after=2024-02-23T00:00:00+00:00
[2024-02-23T17:24:49.544+0000] {processor.py:183} INFO - Processing /home/airflow/.local/lib/python3.8/site-packages/airflow/example_dags/example_short_circuit_operator.py took 0.151 seconds
[2024-02-23T17:25:19.658+0000] {processor.py:161} INFO - Started process (PID=5501) to work on /home/airflow/.local/lib/python3.8/site-packages/airflow/example_dags/example_short_circuit_operator.py
[2024-02-23T17:25:19.660+0000] {processor.py:830} INFO - Processing file /home/airflow/.local/lib/python3.8/site-packages/airflow/example_dags/example_short_circuit_operator.py for tasks to queue
[2024-02-23T17:25:19.662+0000] {logging_mixin.py:188} INFO - [2024-02-23T17:25:19.661+0000] {dagbag.py:538} INFO - Filling up the DagBag from /home/airflow/.local/lib/python3.8/site-packages/airflow/example_dags/example_short_circuit_operator.py
[2024-02-23T17:25:19.678+0000] {processor.py:840} INFO - DAG(s) 'example_short_circuit_operator' retrieved from /home/airflow/.local/lib/python3.8/site-packages/airflow/example_dags/example_short_circuit_operator.py
[2024-02-23T17:25:19.722+0000] {logging_mixin.py:188} INFO - [2024-02-23T17:25:19.722+0000] {dag.py:3033} INFO - Sync 1 DAGs
[2024-02-23T17:25:19.778+0000] {logging_mixin.py:188} INFO - [2024-02-23T17:25:19.778+0000] {dag.py:3820} INFO - Setting next_dagrun for example_short_circuit_operator to 2024-02-22T00:00:00+00:00, run_after=2024-02-23T00:00:00+00:00
[2024-02-23T17:25:19.821+0000] {processor.py:183} INFO - Processing /home/airflow/.local/lib/python3.8/site-packages/airflow/example_dags/example_short_circuit_operator.py took 0.170 seconds
[2024-02-23T17:25:49.894+0000] {processor.py:161} INFO - Started process (PID=5558) to work on /home/airflow/.local/lib/python3.8/site-packages/airflow/example_dags/example_short_circuit_operator.py
[2024-02-23T17:25:49.896+0000] {processor.py:830} INFO - Processing file /home/airflow/.local/lib/python3.8/site-packages/airflow/example_dags/example_short_circuit_operator.py for tasks to queue
[2024-02-23T17:25:49.897+0000] {logging_mixin.py:188} INFO - [2024-02-23T17:25:49.897+0000] {dagbag.py:538} INFO - Filling up the DagBag from /home/airflow/.local/lib/python3.8/site-packages/airflow/example_dags/example_short_circuit_operator.py
[2024-02-23T17:25:49.914+0000] {processor.py:840} INFO - DAG(s) 'example_short_circuit_operator' retrieved from /home/airflow/.local/lib/python3.8/site-packages/airflow/example_dags/example_short_circuit_operator.py
[2024-02-23T17:25:49.948+0000] {logging_mixin.py:188} INFO - [2024-02-23T17:25:49.948+0000] {dag.py:3033} INFO - Sync 1 DAGs
[2024-02-23T17:25:49.977+0000] {logging_mixin.py:188} INFO - [2024-02-23T17:25:49.977+0000] {dag.py:3820} INFO - Setting next_dagrun for example_short_circuit_operator to 2024-02-22T00:00:00+00:00, run_after=2024-02-23T00:00:00+00:00
[2024-02-23T17:25:50.040+0000] {processor.py:183} INFO - Processing /home/airflow/.local/lib/python3.8/site-packages/airflow/example_dags/example_short_circuit_operator.py took 0.151 seconds
[2024-02-23T17:26:20.283+0000] {processor.py:161} INFO - Started process (PID=5615) to work on /home/airflow/.local/lib/python3.8/site-packages/airflow/example_dags/example_short_circuit_operator.py
[2024-02-23T17:26:20.285+0000] {processor.py:830} INFO - Processing file /home/airflow/.local/lib/python3.8/site-packages/airflow/example_dags/example_short_circuit_operator.py for tasks to queue
[2024-02-23T17:26:20.286+0000] {logging_mixin.py:188} INFO - [2024-02-23T17:26:20.286+0000] {dagbag.py:538} INFO - Filling up the DagBag from /home/airflow/.local/lib/python3.8/site-packages/airflow/example_dags/example_short_circuit_operator.py
[2024-02-23T17:26:20.302+0000] {processor.py:840} INFO - DAG(s) 'example_short_circuit_operator' retrieved from /home/airflow/.local/lib/python3.8/site-packages/airflow/example_dags/example_short_circuit_operator.py
[2024-02-23T17:26:20.340+0000] {logging_mixin.py:188} INFO - [2024-02-23T17:26:20.340+0000] {dag.py:3033} INFO - Sync 1 DAGs
[2024-02-23T17:26:20.377+0000] {logging_mixin.py:188} INFO - [2024-02-23T17:26:20.377+0000] {dag.py:3820} INFO - Setting next_dagrun for example_short_circuit_operator to 2024-02-22T00:00:00+00:00, run_after=2024-02-23T00:00:00+00:00
[2024-02-23T17:26:20.405+0000] {processor.py:183} INFO - Processing /home/airflow/.local/lib/python3.8/site-packages/airflow/example_dags/example_short_circuit_operator.py took 0.127 seconds
[2024-02-23T17:26:51.013+0000] {processor.py:161} INFO - Started process (PID=5669) to work on /home/airflow/.local/lib/python3.8/site-packages/airflow/example_dags/example_short_circuit_operator.py
[2024-02-23T17:26:51.015+0000] {processor.py:830} INFO - Processing file /home/airflow/.local/lib/python3.8/site-packages/airflow/example_dags/example_short_circuit_operator.py for tasks to queue
[2024-02-23T17:26:51.017+0000] {logging_mixin.py:188} INFO - [2024-02-23T17:26:51.017+0000] {dagbag.py:538} INFO - Filling up the DagBag from /home/airflow/.local/lib/python3.8/site-packages/airflow/example_dags/example_short_circuit_operator.py
[2024-02-23T17:26:51.031+0000] {processor.py:840} INFO - DAG(s) 'example_short_circuit_operator' retrieved from /home/airflow/.local/lib/python3.8/site-packages/airflow/example_dags/example_short_circuit_operator.py
[2024-02-23T17:26:51.067+0000] {logging_mixin.py:188} INFO - [2024-02-23T17:26:51.067+0000] {dag.py:3033} INFO - Sync 1 DAGs
[2024-02-23T17:26:51.099+0000] {logging_mixin.py:188} INFO - [2024-02-23T17:26:51.099+0000] {dag.py:3820} INFO - Setting next_dagrun for example_short_circuit_operator to 2024-02-22T00:00:00+00:00, run_after=2024-02-23T00:00:00+00:00
[2024-02-23T17:26:51.163+0000] {processor.py:183} INFO - Processing /home/airflow/.local/lib/python3.8/site-packages/airflow/example_dags/example_short_circuit_operator.py took 0.156 seconds
[2024-02-23T17:27:21.315+0000] {processor.py:161} INFO - Started process (PID=5725) to work on /home/airflow/.local/lib/python3.8/site-packages/airflow/example_dags/example_short_circuit_operator.py
[2024-02-23T17:27:21.316+0000] {processor.py:830} INFO - Processing file /home/airflow/.local/lib/python3.8/site-packages/airflow/example_dags/example_short_circuit_operator.py for tasks to queue
[2024-02-23T17:27:21.318+0000] {logging_mixin.py:188} INFO - [2024-02-23T17:27:21.318+0000] {dagbag.py:538} INFO - Filling up the DagBag from /home/airflow/.local/lib/python3.8/site-packages/airflow/example_dags/example_short_circuit_operator.py
[2024-02-23T17:27:21.332+0000] {processor.py:840} INFO - DAG(s) 'example_short_circuit_operator' retrieved from /home/airflow/.local/lib/python3.8/site-packages/airflow/example_dags/example_short_circuit_operator.py
[2024-02-23T17:27:21.365+0000] {logging_mixin.py:188} INFO - [2024-02-23T17:27:21.365+0000] {dag.py:3033} INFO - Sync 1 DAGs
[2024-02-23T17:27:21.394+0000] {logging_mixin.py:188} INFO - [2024-02-23T17:27:21.394+0000] {dag.py:3820} INFO - Setting next_dagrun for example_short_circuit_operator to 2024-02-22T00:00:00+00:00, run_after=2024-02-23T00:00:00+00:00
[2024-02-23T17:27:21.430+0000] {processor.py:183} INFO - Processing /home/airflow/.local/lib/python3.8/site-packages/airflow/example_dags/example_short_circuit_operator.py took 0.121 seconds
[2024-02-23T17:27:51.977+0000] {processor.py:161} INFO - Started process (PID=5777) to work on /home/airflow/.local/lib/python3.8/site-packages/airflow/example_dags/example_short_circuit_operator.py
[2024-02-23T17:27:51.978+0000] {processor.py:830} INFO - Processing file /home/airflow/.local/lib/python3.8/site-packages/airflow/example_dags/example_short_circuit_operator.py for tasks to queue
[2024-02-23T17:27:51.980+0000] {logging_mixin.py:188} INFO - [2024-02-23T17:27:51.979+0000] {dagbag.py:538} INFO - Filling up the DagBag from /home/airflow/.local/lib/python3.8/site-packages/airflow/example_dags/example_short_circuit_operator.py
[2024-02-23T17:27:51.999+0000] {processor.py:840} INFO - DAG(s) 'example_short_circuit_operator' retrieved from /home/airflow/.local/lib/python3.8/site-packages/airflow/example_dags/example_short_circuit_operator.py
[2024-02-23T17:27:52.046+0000] {logging_mixin.py:188} INFO - [2024-02-23T17:27:52.046+0000] {dag.py:3033} INFO - Sync 1 DAGs
[2024-02-23T17:27:52.092+0000] {logging_mixin.py:188} INFO - [2024-02-23T17:27:52.091+0000] {dag.py:3820} INFO - Setting next_dagrun for example_short_circuit_operator to 2024-02-22T00:00:00+00:00, run_after=2024-02-23T00:00:00+00:00
[2024-02-23T17:27:52.157+0000] {processor.py:183} INFO - Processing /home/airflow/.local/lib/python3.8/site-packages/airflow/example_dags/example_short_circuit_operator.py took 0.186 seconds
[2024-02-23T17:28:22.522+0000] {processor.py:161} INFO - Started process (PID=5834) to work on /home/airflow/.local/lib/python3.8/site-packages/airflow/example_dags/example_short_circuit_operator.py
[2024-02-23T17:28:22.523+0000] {processor.py:830} INFO - Processing file /home/airflow/.local/lib/python3.8/site-packages/airflow/example_dags/example_short_circuit_operator.py for tasks to queue
[2024-02-23T17:28:22.524+0000] {logging_mixin.py:188} INFO - [2024-02-23T17:28:22.524+0000] {dagbag.py:538} INFO - Filling up the DagBag from /home/airflow/.local/lib/python3.8/site-packages/airflow/example_dags/example_short_circuit_operator.py
[2024-02-23T17:28:22.536+0000] {processor.py:840} INFO - DAG(s) 'example_short_circuit_operator' retrieved from /home/airflow/.local/lib/python3.8/site-packages/airflow/example_dags/example_short_circuit_operator.py
[2024-02-23T17:28:22.567+0000] {logging_mixin.py:188} INFO - [2024-02-23T17:28:22.567+0000] {dag.py:3033} INFO - Sync 1 DAGs
[2024-02-23T17:28:22.595+0000] {logging_mixin.py:188} INFO - [2024-02-23T17:28:22.594+0000] {dag.py:3820} INFO - Setting next_dagrun for example_short_circuit_operator to 2024-02-22T00:00:00+00:00, run_after=2024-02-23T00:00:00+00:00
[2024-02-23T17:28:22.654+0000] {processor.py:183} INFO - Processing /home/airflow/.local/lib/python3.8/site-packages/airflow/example_dags/example_short_circuit_operator.py took 0.136 seconds
[2024-02-23T17:28:53.190+0000] {processor.py:161} INFO - Started process (PID=5891) to work on /home/airflow/.local/lib/python3.8/site-packages/airflow/example_dags/example_short_circuit_operator.py
[2024-02-23T17:28:53.191+0000] {processor.py:830} INFO - Processing file /home/airflow/.local/lib/python3.8/site-packages/airflow/example_dags/example_short_circuit_operator.py for tasks to queue
[2024-02-23T17:28:53.192+0000] {logging_mixin.py:188} INFO - [2024-02-23T17:28:53.192+0000] {dagbag.py:538} INFO - Filling up the DagBag from /home/airflow/.local/lib/python3.8/site-packages/airflow/example_dags/example_short_circuit_operator.py
[2024-02-23T17:28:53.204+0000] {processor.py:840} INFO - DAG(s) 'example_short_circuit_operator' retrieved from /home/airflow/.local/lib/python3.8/site-packages/airflow/example_dags/example_short_circuit_operator.py
[2024-02-23T17:28:53.234+0000] {logging_mixin.py:188} INFO - [2024-02-23T17:28:53.234+0000] {dag.py:3033} INFO - Sync 1 DAGs
[2024-02-23T17:28:53.259+0000] {logging_mixin.py:188} INFO - [2024-02-23T17:28:53.258+0000] {dag.py:3820} INFO - Setting next_dagrun for example_short_circuit_operator to 2024-02-22T00:00:00+00:00, run_after=2024-02-23T00:00:00+00:00
[2024-02-23T17:28:53.288+0000] {processor.py:183} INFO - Processing /home/airflow/.local/lib/python3.8/site-packages/airflow/example_dags/example_short_circuit_operator.py took 0.103 seconds
[2024-02-23T17:29:23.987+0000] {processor.py:161} INFO - Started process (PID=5948) to work on /home/airflow/.local/lib/python3.8/site-packages/airflow/example_dags/example_short_circuit_operator.py
[2024-02-23T17:29:23.988+0000] {processor.py:830} INFO - Processing file /home/airflow/.local/lib/python3.8/site-packages/airflow/example_dags/example_short_circuit_operator.py for tasks to queue
[2024-02-23T17:29:23.989+0000] {logging_mixin.py:188} INFO - [2024-02-23T17:29:23.989+0000] {dagbag.py:538} INFO - Filling up the DagBag from /home/airflow/.local/lib/python3.8/site-packages/airflow/example_dags/example_short_circuit_operator.py
[2024-02-23T17:29:24.002+0000] {processor.py:840} INFO - DAG(s) 'example_short_circuit_operator' retrieved from /home/airflow/.local/lib/python3.8/site-packages/airflow/example_dags/example_short_circuit_operator.py
[2024-02-23T17:29:24.037+0000] {logging_mixin.py:188} INFO - [2024-02-23T17:29:24.036+0000] {dag.py:3033} INFO - Sync 1 DAGs
[2024-02-23T17:29:24.065+0000] {logging_mixin.py:188} INFO - [2024-02-23T17:29:24.065+0000] {dag.py:3820} INFO - Setting next_dagrun for example_short_circuit_operator to 2024-02-22T00:00:00+00:00, run_after=2024-02-23T00:00:00+00:00
[2024-02-23T17:29:24.090+0000] {processor.py:183} INFO - Processing /home/airflow/.local/lib/python3.8/site-packages/airflow/example_dags/example_short_circuit_operator.py took 0.107 seconds
[2024-02-23T17:29:55.199+0000] {processor.py:161} INFO - Started process (PID=6005) to work on /home/airflow/.local/lib/python3.8/site-packages/airflow/example_dags/example_short_circuit_operator.py
[2024-02-23T17:29:55.200+0000] {processor.py:830} INFO - Processing file /home/airflow/.local/lib/python3.8/site-packages/airflow/example_dags/example_short_circuit_operator.py for tasks to queue
[2024-02-23T17:29:55.202+0000] {logging_mixin.py:188} INFO - [2024-02-23T17:29:55.201+0000] {dagbag.py:538} INFO - Filling up the DagBag from /home/airflow/.local/lib/python3.8/site-packages/airflow/example_dags/example_short_circuit_operator.py
[2024-02-23T17:29:55.214+0000] {processor.py:840} INFO - DAG(s) 'example_short_circuit_operator' retrieved from /home/airflow/.local/lib/python3.8/site-packages/airflow/example_dags/example_short_circuit_operator.py
[2024-02-23T17:29:55.242+0000] {logging_mixin.py:188} INFO - [2024-02-23T17:29:55.242+0000] {dag.py:3033} INFO - Sync 1 DAGs
[2024-02-23T17:29:55.265+0000] {logging_mixin.py:188} INFO - [2024-02-23T17:29:55.265+0000] {dag.py:3820} INFO - Setting next_dagrun for example_short_circuit_operator to 2024-02-22T00:00:00+00:00, run_after=2024-02-23T00:00:00+00:00
[2024-02-23T17:29:55.290+0000] {processor.py:183} INFO - Processing /home/airflow/.local/lib/python3.8/site-packages/airflow/example_dags/example_short_circuit_operator.py took 0.096 seconds
[2024-02-23T17:30:25.675+0000] {processor.py:161} INFO - Started process (PID=6062) to work on /home/airflow/.local/lib/python3.8/site-packages/airflow/example_dags/example_short_circuit_operator.py
[2024-02-23T17:30:25.677+0000] {processor.py:830} INFO - Processing file /home/airflow/.local/lib/python3.8/site-packages/airflow/example_dags/example_short_circuit_operator.py for tasks to queue
[2024-02-23T17:30:25.678+0000] {logging_mixin.py:188} INFO - [2024-02-23T17:30:25.677+0000] {dagbag.py:538} INFO - Filling up the DagBag from /home/airflow/.local/lib/python3.8/site-packages/airflow/example_dags/example_short_circuit_operator.py
[2024-02-23T17:30:25.689+0000] {processor.py:840} INFO - DAG(s) 'example_short_circuit_operator' retrieved from /home/airflow/.local/lib/python3.8/site-packages/airflow/example_dags/example_short_circuit_operator.py
[2024-02-23T17:30:25.727+0000] {logging_mixin.py:188} INFO - [2024-02-23T17:30:25.727+0000] {dag.py:3033} INFO - Sync 1 DAGs
[2024-02-23T17:30:25.770+0000] {logging_mixin.py:188} INFO - [2024-02-23T17:30:25.769+0000] {dag.py:3820} INFO - Setting next_dagrun for example_short_circuit_operator to 2024-02-22T00:00:00+00:00, run_after=2024-02-23T00:00:00+00:00
[2024-02-23T17:30:25.800+0000] {processor.py:183} INFO - Processing /home/airflow/.local/lib/python3.8/site-packages/airflow/example_dags/example_short_circuit_operator.py took 0.130 seconds
[2024-02-23T17:30:55.976+0000] {processor.py:161} INFO - Started process (PID=6119) to work on /home/airflow/.local/lib/python3.8/site-packages/airflow/example_dags/example_short_circuit_operator.py
[2024-02-23T17:30:55.977+0000] {processor.py:830} INFO - Processing file /home/airflow/.local/lib/python3.8/site-packages/airflow/example_dags/example_short_circuit_operator.py for tasks to queue
[2024-02-23T17:30:55.978+0000] {logging_mixin.py:188} INFO - [2024-02-23T17:30:55.978+0000] {dagbag.py:538} INFO - Filling up the DagBag from /home/airflow/.local/lib/python3.8/site-packages/airflow/example_dags/example_short_circuit_operator.py
[2024-02-23T17:30:55.990+0000] {processor.py:840} INFO - DAG(s) 'example_short_circuit_operator' retrieved from /home/airflow/.local/lib/python3.8/site-packages/airflow/example_dags/example_short_circuit_operator.py
[2024-02-23T17:30:56.026+0000] {logging_mixin.py:188} INFO - [2024-02-23T17:30:56.026+0000] {dag.py:3033} INFO - Sync 1 DAGs
[2024-02-23T17:30:56.055+0000] {logging_mixin.py:188} INFO - [2024-02-23T17:30:56.055+0000] {dag.py:3820} INFO - Setting next_dagrun for example_short_circuit_operator to 2024-02-22T00:00:00+00:00, run_after=2024-02-23T00:00:00+00:00
[2024-02-23T17:30:56.120+0000] {processor.py:183} INFO - Processing /home/airflow/.local/lib/python3.8/site-packages/airflow/example_dags/example_short_circuit_operator.py took 0.148 seconds
[2024-02-23T17:31:26.558+0000] {processor.py:161} INFO - Started process (PID=6176) to work on /home/airflow/.local/lib/python3.8/site-packages/airflow/example_dags/example_short_circuit_operator.py
[2024-02-23T17:31:26.560+0000] {processor.py:830} INFO - Processing file /home/airflow/.local/lib/python3.8/site-packages/airflow/example_dags/example_short_circuit_operator.py for tasks to queue
[2024-02-23T17:31:26.561+0000] {logging_mixin.py:188} INFO - [2024-02-23T17:31:26.561+0000] {dagbag.py:538} INFO - Filling up the DagBag from /home/airflow/.local/lib/python3.8/site-packages/airflow/example_dags/example_short_circuit_operator.py
[2024-02-23T17:31:26.575+0000] {processor.py:840} INFO - DAG(s) 'example_short_circuit_operator' retrieved from /home/airflow/.local/lib/python3.8/site-packages/airflow/example_dags/example_short_circuit_operator.py
[2024-02-23T17:31:26.605+0000] {logging_mixin.py:188} INFO - [2024-02-23T17:31:26.605+0000] {dag.py:3033} INFO - Sync 1 DAGs
[2024-02-23T17:31:26.630+0000] {logging_mixin.py:188} INFO - [2024-02-23T17:31:26.630+0000] {dag.py:3820} INFO - Setting next_dagrun for example_short_circuit_operator to 2024-02-22T00:00:00+00:00, run_after=2024-02-23T00:00:00+00:00
[2024-02-23T17:31:26.656+0000] {processor.py:183} INFO - Processing /home/airflow/.local/lib/python3.8/site-packages/airflow/example_dags/example_short_circuit_operator.py took 0.104 seconds
[2024-02-23T17:31:57.517+0000] {processor.py:161} INFO - Started process (PID=6233) to work on /home/airflow/.local/lib/python3.8/site-packages/airflow/example_dags/example_short_circuit_operator.py
[2024-02-23T17:31:57.519+0000] {processor.py:830} INFO - Processing file /home/airflow/.local/lib/python3.8/site-packages/airflow/example_dags/example_short_circuit_operator.py for tasks to queue
[2024-02-23T17:31:57.520+0000] {logging_mixin.py:188} INFO - [2024-02-23T17:31:57.519+0000] {dagbag.py:538} INFO - Filling up the DagBag from /home/airflow/.local/lib/python3.8/site-packages/airflow/example_dags/example_short_circuit_operator.py
[2024-02-23T17:31:57.532+0000] {processor.py:840} INFO - DAG(s) 'example_short_circuit_operator' retrieved from /home/airflow/.local/lib/python3.8/site-packages/airflow/example_dags/example_short_circuit_operator.py
[2024-02-23T17:31:57.560+0000] {logging_mixin.py:188} INFO - [2024-02-23T17:31:57.560+0000] {dag.py:3033} INFO - Sync 1 DAGs
[2024-02-23T17:31:57.585+0000] {logging_mixin.py:188} INFO - [2024-02-23T17:31:57.585+0000] {dag.py:3820} INFO - Setting next_dagrun for example_short_circuit_operator to 2024-02-22T00:00:00+00:00, run_after=2024-02-23T00:00:00+00:00
[2024-02-23T17:31:57.609+0000] {processor.py:183} INFO - Processing /home/airflow/.local/lib/python3.8/site-packages/airflow/example_dags/example_short_circuit_operator.py took 0.097 seconds
[2024-02-23T17:32:28.402+0000] {processor.py:161} INFO - Started process (PID=6290) to work on /home/airflow/.local/lib/python3.8/site-packages/airflow/example_dags/example_short_circuit_operator.py
[2024-02-23T17:32:28.404+0000] {processor.py:830} INFO - Processing file /home/airflow/.local/lib/python3.8/site-packages/airflow/example_dags/example_short_circuit_operator.py for tasks to queue
[2024-02-23T17:32:28.406+0000] {logging_mixin.py:188} INFO - [2024-02-23T17:32:28.405+0000] {dagbag.py:538} INFO - Filling up the DagBag from /home/airflow/.local/lib/python3.8/site-packages/airflow/example_dags/example_short_circuit_operator.py
[2024-02-23T17:32:28.419+0000] {processor.py:840} INFO - DAG(s) 'example_short_circuit_operator' retrieved from /home/airflow/.local/lib/python3.8/site-packages/airflow/example_dags/example_short_circuit_operator.py
[2024-02-23T17:32:28.448+0000] {logging_mixin.py:188} INFO - [2024-02-23T17:32:28.447+0000] {dag.py:3033} INFO - Sync 1 DAGs
[2024-02-23T17:32:28.475+0000] {logging_mixin.py:188} INFO - [2024-02-23T17:32:28.474+0000] {dag.py:3820} INFO - Setting next_dagrun for example_short_circuit_operator to 2024-02-22T00:00:00+00:00, run_after=2024-02-23T00:00:00+00:00
[2024-02-23T17:32:28.501+0000] {processor.py:183} INFO - Processing /home/airflow/.local/lib/python3.8/site-packages/airflow/example_dags/example_short_circuit_operator.py took 0.102 seconds
[2024-02-23T17:32:58.668+0000] {processor.py:161} INFO - Started process (PID=6347) to work on /home/airflow/.local/lib/python3.8/site-packages/airflow/example_dags/example_short_circuit_operator.py
[2024-02-23T17:32:58.669+0000] {processor.py:830} INFO - Processing file /home/airflow/.local/lib/python3.8/site-packages/airflow/example_dags/example_short_circuit_operator.py for tasks to queue
[2024-02-23T17:32:58.670+0000] {logging_mixin.py:188} INFO - [2024-02-23T17:32:58.670+0000] {dagbag.py:538} INFO - Filling up the DagBag from /home/airflow/.local/lib/python3.8/site-packages/airflow/example_dags/example_short_circuit_operator.py
[2024-02-23T17:32:58.682+0000] {processor.py:840} INFO - DAG(s) 'example_short_circuit_operator' retrieved from /home/airflow/.local/lib/python3.8/site-packages/airflow/example_dags/example_short_circuit_operator.py
[2024-02-23T17:32:58.709+0000] {logging_mixin.py:188} INFO - [2024-02-23T17:32:58.709+0000] {dag.py:3033} INFO - Sync 1 DAGs
[2024-02-23T17:32:58.738+0000] {logging_mixin.py:188} INFO - [2024-02-23T17:32:58.737+0000] {dag.py:3820} INFO - Setting next_dagrun for example_short_circuit_operator to 2024-02-22T00:00:00+00:00, run_after=2024-02-23T00:00:00+00:00
[2024-02-23T17:32:58.798+0000] {processor.py:183} INFO - Processing /home/airflow/.local/lib/python3.8/site-packages/airflow/example_dags/example_short_circuit_operator.py took 0.135 seconds
[2024-02-23T17:33:29.198+0000] {processor.py:161} INFO - Started process (PID=6404) to work on /home/airflow/.local/lib/python3.8/site-packages/airflow/example_dags/example_short_circuit_operator.py
[2024-02-23T17:33:29.199+0000] {processor.py:830} INFO - Processing file /home/airflow/.local/lib/python3.8/site-packages/airflow/example_dags/example_short_circuit_operator.py for tasks to queue
[2024-02-23T17:33:29.201+0000] {logging_mixin.py:188} INFO - [2024-02-23T17:33:29.200+0000] {dagbag.py:538} INFO - Filling up the DagBag from /home/airflow/.local/lib/python3.8/site-packages/airflow/example_dags/example_short_circuit_operator.py
[2024-02-23T17:33:29.218+0000] {processor.py:840} INFO - DAG(s) 'example_short_circuit_operator' retrieved from /home/airflow/.local/lib/python3.8/site-packages/airflow/example_dags/example_short_circuit_operator.py
[2024-02-23T17:33:29.256+0000] {logging_mixin.py:188} INFO - [2024-02-23T17:33:29.255+0000] {dag.py:3033} INFO - Sync 1 DAGs
[2024-02-23T17:33:29.296+0000] {logging_mixin.py:188} INFO - [2024-02-23T17:33:29.296+0000] {dag.py:3820} INFO - Setting next_dagrun for example_short_circuit_operator to 2024-02-22T00:00:00+00:00, run_after=2024-02-23T00:00:00+00:00
[2024-02-23T17:33:29.362+0000] {processor.py:183} INFO - Processing /home/airflow/.local/lib/python3.8/site-packages/airflow/example_dags/example_short_circuit_operator.py took 0.170 seconds
[2024-02-23T17:33:59.695+0000] {processor.py:161} INFO - Started process (PID=6461) to work on /home/airflow/.local/lib/python3.8/site-packages/airflow/example_dags/example_short_circuit_operator.py
[2024-02-23T17:33:59.696+0000] {processor.py:830} INFO - Processing file /home/airflow/.local/lib/python3.8/site-packages/airflow/example_dags/example_short_circuit_operator.py for tasks to queue
[2024-02-23T17:33:59.697+0000] {logging_mixin.py:188} INFO - [2024-02-23T17:33:59.697+0000] {dagbag.py:538} INFO - Filling up the DagBag from /home/airflow/.local/lib/python3.8/site-packages/airflow/example_dags/example_short_circuit_operator.py
[2024-02-23T17:33:59.709+0000] {processor.py:840} INFO - DAG(s) 'example_short_circuit_operator' retrieved from /home/airflow/.local/lib/python3.8/site-packages/airflow/example_dags/example_short_circuit_operator.py
[2024-02-23T17:33:59.736+0000] {logging_mixin.py:188} INFO - [2024-02-23T17:33:59.736+0000] {dag.py:3033} INFO - Sync 1 DAGs
[2024-02-23T17:33:59.768+0000] {logging_mixin.py:188} INFO - [2024-02-23T17:33:59.767+0000] {dag.py:3820} INFO - Setting next_dagrun for example_short_circuit_operator to 2024-02-22T00:00:00+00:00, run_after=2024-02-23T00:00:00+00:00
[2024-02-23T17:33:59.796+0000] {processor.py:183} INFO - Processing /home/airflow/.local/lib/python3.8/site-packages/airflow/example_dags/example_short_circuit_operator.py took 0.105 seconds
[2024-02-23T17:34:30.635+0000] {processor.py:161} INFO - Started process (PID=6519) to work on /home/airflow/.local/lib/python3.8/site-packages/airflow/example_dags/example_short_circuit_operator.py
[2024-02-23T17:34:30.637+0000] {processor.py:830} INFO - Processing file /home/airflow/.local/lib/python3.8/site-packages/airflow/example_dags/example_short_circuit_operator.py for tasks to queue
[2024-02-23T17:34:30.639+0000] {logging_mixin.py:188} INFO - [2024-02-23T17:34:30.638+0000] {dagbag.py:538} INFO - Filling up the DagBag from /home/airflow/.local/lib/python3.8/site-packages/airflow/example_dags/example_short_circuit_operator.py
[2024-02-23T17:34:30.653+0000] {processor.py:840} INFO - DAG(s) 'example_short_circuit_operator' retrieved from /home/airflow/.local/lib/python3.8/site-packages/airflow/example_dags/example_short_circuit_operator.py
[2024-02-23T17:34:30.692+0000] {logging_mixin.py:188} INFO - [2024-02-23T17:34:30.691+0000] {dag.py:3033} INFO - Sync 1 DAGs
[2024-02-23T17:34:30.734+0000] {logging_mixin.py:188} INFO - [2024-02-23T17:34:30.734+0000] {dag.py:3820} INFO - Setting next_dagrun for example_short_circuit_operator to 2024-02-22T00:00:00+00:00, run_after=2024-02-23T00:00:00+00:00
[2024-02-23T17:34:30.781+0000] {processor.py:183} INFO - Processing /home/airflow/.local/lib/python3.8/site-packages/airflow/example_dags/example_short_circuit_operator.py took 0.150 seconds
[2024-02-23T17:35:01.010+0000] {processor.py:161} INFO - Started process (PID=6576) to work on /home/airflow/.local/lib/python3.8/site-packages/airflow/example_dags/example_short_circuit_operator.py
[2024-02-23T17:35:01.012+0000] {processor.py:830} INFO - Processing file /home/airflow/.local/lib/python3.8/site-packages/airflow/example_dags/example_short_circuit_operator.py for tasks to queue
[2024-02-23T17:35:01.014+0000] {logging_mixin.py:188} INFO - [2024-02-23T17:35:01.013+0000] {dagbag.py:538} INFO - Filling up the DagBag from /home/airflow/.local/lib/python3.8/site-packages/airflow/example_dags/example_short_circuit_operator.py
[2024-02-23T17:35:01.025+0000] {processor.py:840} INFO - DAG(s) 'example_short_circuit_operator' retrieved from /home/airflow/.local/lib/python3.8/site-packages/airflow/example_dags/example_short_circuit_operator.py
[2024-02-23T17:35:01.060+0000] {logging_mixin.py:188} INFO - [2024-02-23T17:35:01.060+0000] {dag.py:3033} INFO - Sync 1 DAGs
[2024-02-23T17:35:01.091+0000] {logging_mixin.py:188} INFO - [2024-02-23T17:35:01.091+0000] {dag.py:3820} INFO - Setting next_dagrun for example_short_circuit_operator to 2024-02-22T00:00:00+00:00, run_after=2024-02-23T00:00:00+00:00
[2024-02-23T17:35:01.121+0000] {processor.py:183} INFO - Processing /home/airflow/.local/lib/python3.8/site-packages/airflow/example_dags/example_short_circuit_operator.py took 0.115 seconds
[2024-02-23T17:35:31.337+0000] {processor.py:161} INFO - Started process (PID=6633) to work on /home/airflow/.local/lib/python3.8/site-packages/airflow/example_dags/example_short_circuit_operator.py
[2024-02-23T17:35:31.339+0000] {processor.py:830} INFO - Processing file /home/airflow/.local/lib/python3.8/site-packages/airflow/example_dags/example_short_circuit_operator.py for tasks to queue
[2024-02-23T17:35:31.340+0000] {logging_mixin.py:188} INFO - [2024-02-23T17:35:31.340+0000] {dagbag.py:538} INFO - Filling up the DagBag from /home/airflow/.local/lib/python3.8/site-packages/airflow/example_dags/example_short_circuit_operator.py
[2024-02-23T17:35:31.352+0000] {processor.py:840} INFO - DAG(s) 'example_short_circuit_operator' retrieved from /home/airflow/.local/lib/python3.8/site-packages/airflow/example_dags/example_short_circuit_operator.py
[2024-02-23T17:35:31.385+0000] {logging_mixin.py:188} INFO - [2024-02-23T17:35:31.385+0000] {dag.py:3033} INFO - Sync 1 DAGs
[2024-02-23T17:35:31.422+0000] {logging_mixin.py:188} INFO - [2024-02-23T17:35:31.422+0000] {dag.py:3820} INFO - Setting next_dagrun for example_short_circuit_operator to 2024-02-22T00:00:00+00:00, run_after=2024-02-23T00:00:00+00:00
[2024-02-23T17:35:31.450+0000] {processor.py:183} INFO - Processing /home/airflow/.local/lib/python3.8/site-packages/airflow/example_dags/example_short_circuit_operator.py took 0.118 seconds
[2024-02-23T17:36:01.590+0000] {processor.py:161} INFO - Started process (PID=6690) to work on /home/airflow/.local/lib/python3.8/site-packages/airflow/example_dags/example_short_circuit_operator.py
[2024-02-23T17:36:01.591+0000] {processor.py:830} INFO - Processing file /home/airflow/.local/lib/python3.8/site-packages/airflow/example_dags/example_short_circuit_operator.py for tasks to queue
[2024-02-23T17:36:01.592+0000] {logging_mixin.py:188} INFO - [2024-02-23T17:36:01.592+0000] {dagbag.py:538} INFO - Filling up the DagBag from /home/airflow/.local/lib/python3.8/site-packages/airflow/example_dags/example_short_circuit_operator.py
[2024-02-23T17:36:01.604+0000] {processor.py:840} INFO - DAG(s) 'example_short_circuit_operator' retrieved from /home/airflow/.local/lib/python3.8/site-packages/airflow/example_dags/example_short_circuit_operator.py
[2024-02-23T17:36:01.634+0000] {logging_mixin.py:188} INFO - [2024-02-23T17:36:01.634+0000] {dag.py:3033} INFO - Sync 1 DAGs
[2024-02-23T17:36:01.662+0000] {logging_mixin.py:188} INFO - [2024-02-23T17:36:01.662+0000] {dag.py:3820} INFO - Setting next_dagrun for example_short_circuit_operator to 2024-02-22T00:00:00+00:00, run_after=2024-02-23T00:00:00+00:00
[2024-02-23T17:36:01.722+0000] {processor.py:183} INFO - Processing /home/airflow/.local/lib/python3.8/site-packages/airflow/example_dags/example_short_circuit_operator.py took 0.136 seconds
[2024-02-23T17:36:32.575+0000] {processor.py:161} INFO - Started process (PID=6747) to work on /home/airflow/.local/lib/python3.8/site-packages/airflow/example_dags/example_short_circuit_operator.py
[2024-02-23T17:36:32.576+0000] {processor.py:830} INFO - Processing file /home/airflow/.local/lib/python3.8/site-packages/airflow/example_dags/example_short_circuit_operator.py for tasks to queue
[2024-02-23T17:36:32.577+0000] {logging_mixin.py:188} INFO - [2024-02-23T17:36:32.577+0000] {dagbag.py:538} INFO - Filling up the DagBag from /home/airflow/.local/lib/python3.8/site-packages/airflow/example_dags/example_short_circuit_operator.py
[2024-02-23T17:36:32.591+0000] {processor.py:840} INFO - DAG(s) 'example_short_circuit_operator' retrieved from /home/airflow/.local/lib/python3.8/site-packages/airflow/example_dags/example_short_circuit_operator.py
[2024-02-23T17:36:32.623+0000] {logging_mixin.py:188} INFO - [2024-02-23T17:36:32.623+0000] {dag.py:3033} INFO - Sync 1 DAGs
[2024-02-23T17:36:32.653+0000] {logging_mixin.py:188} INFO - [2024-02-23T17:36:32.653+0000] {dag.py:3820} INFO - Setting next_dagrun for example_short_circuit_operator to 2024-02-22T00:00:00+00:00, run_after=2024-02-23T00:00:00+00:00
[2024-02-23T17:36:32.731+0000] {processor.py:183} INFO - Processing /home/airflow/.local/lib/python3.8/site-packages/airflow/example_dags/example_short_circuit_operator.py took 0.161 seconds
[2024-02-23T17:37:03.451+0000] {processor.py:161} INFO - Started process (PID=6804) to work on /home/airflow/.local/lib/python3.8/site-packages/airflow/example_dags/example_short_circuit_operator.py
[2024-02-23T17:37:03.452+0000] {processor.py:830} INFO - Processing file /home/airflow/.local/lib/python3.8/site-packages/airflow/example_dags/example_short_circuit_operator.py for tasks to queue
[2024-02-23T17:37:03.454+0000] {logging_mixin.py:188} INFO - [2024-02-23T17:37:03.453+0000] {dagbag.py:538} INFO - Filling up the DagBag from /home/airflow/.local/lib/python3.8/site-packages/airflow/example_dags/example_short_circuit_operator.py
[2024-02-23T17:37:03.467+0000] {processor.py:840} INFO - DAG(s) 'example_short_circuit_operator' retrieved from /home/airflow/.local/lib/python3.8/site-packages/airflow/example_dags/example_short_circuit_operator.py
[2024-02-23T17:37:03.500+0000] {logging_mixin.py:188} INFO - [2024-02-23T17:37:03.499+0000] {dag.py:3033} INFO - Sync 1 DAGs
[2024-02-23T17:37:03.528+0000] {logging_mixin.py:188} INFO - [2024-02-23T17:37:03.528+0000] {dag.py:3820} INFO - Setting next_dagrun for example_short_circuit_operator to 2024-02-22T00:00:00+00:00, run_after=2024-02-23T00:00:00+00:00
[2024-02-23T17:37:03.587+0000] {processor.py:183} INFO - Processing /home/airflow/.local/lib/python3.8/site-packages/airflow/example_dags/example_short_circuit_operator.py took 0.141 seconds
[2024-02-23T17:37:33.668+0000] {processor.py:161} INFO - Started process (PID=6861) to work on /home/airflow/.local/lib/python3.8/site-packages/airflow/example_dags/example_short_circuit_operator.py
[2024-02-23T17:37:33.670+0000] {processor.py:830} INFO - Processing file /home/airflow/.local/lib/python3.8/site-packages/airflow/example_dags/example_short_circuit_operator.py for tasks to queue
[2024-02-23T17:37:33.672+0000] {logging_mixin.py:188} INFO - [2024-02-23T17:37:33.671+0000] {dagbag.py:538} INFO - Filling up the DagBag from /home/airflow/.local/lib/python3.8/site-packages/airflow/example_dags/example_short_circuit_operator.py
[2024-02-23T17:37:33.688+0000] {processor.py:840} INFO - DAG(s) 'example_short_circuit_operator' retrieved from /home/airflow/.local/lib/python3.8/site-packages/airflow/example_dags/example_short_circuit_operator.py
[2024-02-23T17:37:33.725+0000] {logging_mixin.py:188} INFO - [2024-02-23T17:37:33.725+0000] {dag.py:3033} INFO - Sync 1 DAGs
[2024-02-23T17:37:33.762+0000] {logging_mixin.py:188} INFO - [2024-02-23T17:37:33.761+0000] {dag.py:3820} INFO - Setting next_dagrun for example_short_circuit_operator to 2024-02-22T00:00:00+00:00, run_after=2024-02-23T00:00:00+00:00
[2024-02-23T17:37:33.791+0000] {processor.py:183} INFO - Processing /home/airflow/.local/lib/python3.8/site-packages/airflow/example_dags/example_short_circuit_operator.py took 0.129 seconds
[2024-02-23T17:38:03.865+0000] {processor.py:161} INFO - Started process (PID=6918) to work on /home/airflow/.local/lib/python3.8/site-packages/airflow/example_dags/example_short_circuit_operator.py
[2024-02-23T17:38:03.866+0000] {processor.py:830} INFO - Processing file /home/airflow/.local/lib/python3.8/site-packages/airflow/example_dags/example_short_circuit_operator.py for tasks to queue
[2024-02-23T17:38:03.868+0000] {logging_mixin.py:188} INFO - [2024-02-23T17:38:03.868+0000] {dagbag.py:538} INFO - Filling up the DagBag from /home/airflow/.local/lib/python3.8/site-packages/airflow/example_dags/example_short_circuit_operator.py
[2024-02-23T17:38:03.884+0000] {processor.py:840} INFO - DAG(s) 'example_short_circuit_operator' retrieved from /home/airflow/.local/lib/python3.8/site-packages/airflow/example_dags/example_short_circuit_operator.py
[2024-02-23T17:38:03.921+0000] {logging_mixin.py:188} INFO - [2024-02-23T17:38:03.921+0000] {dag.py:3033} INFO - Sync 1 DAGs
[2024-02-23T17:38:03.956+0000] {logging_mixin.py:188} INFO - [2024-02-23T17:38:03.956+0000] {dag.py:3820} INFO - Setting next_dagrun for example_short_circuit_operator to 2024-02-22T00:00:00+00:00, run_after=2024-02-23T00:00:00+00:00
[2024-02-23T17:38:04.029+0000] {processor.py:183} INFO - Processing /home/airflow/.local/lib/python3.8/site-packages/airflow/example_dags/example_short_circuit_operator.py took 0.170 seconds
[2024-02-23T17:38:34.125+0000] {processor.py:161} INFO - Started process (PID=6975) to work on /home/airflow/.local/lib/python3.8/site-packages/airflow/example_dags/example_short_circuit_operator.py
[2024-02-23T17:38:34.127+0000] {processor.py:830} INFO - Processing file /home/airflow/.local/lib/python3.8/site-packages/airflow/example_dags/example_short_circuit_operator.py for tasks to queue
[2024-02-23T17:38:34.128+0000] {logging_mixin.py:188} INFO - [2024-02-23T17:38:34.128+0000] {dagbag.py:538} INFO - Filling up the DagBag from /home/airflow/.local/lib/python3.8/site-packages/airflow/example_dags/example_short_circuit_operator.py
[2024-02-23T17:38:34.141+0000] {processor.py:840} INFO - DAG(s) 'example_short_circuit_operator' retrieved from /home/airflow/.local/lib/python3.8/site-packages/airflow/example_dags/example_short_circuit_operator.py
[2024-02-23T17:38:34.169+0000] {logging_mixin.py:188} INFO - [2024-02-23T17:38:34.169+0000] {dag.py:3033} INFO - Sync 1 DAGs
[2024-02-23T17:38:34.193+0000] {logging_mixin.py:188} INFO - [2024-02-23T17:38:34.193+0000] {dag.py:3820} INFO - Setting next_dagrun for example_short_circuit_operator to 2024-02-22T00:00:00+00:00, run_after=2024-02-23T00:00:00+00:00
[2024-02-23T17:38:34.249+0000] {processor.py:183} INFO - Processing /home/airflow/.local/lib/python3.8/site-packages/airflow/example_dags/example_short_circuit_operator.py took 0.128 seconds
[2024-02-23T17:39:04.498+0000] {processor.py:161} INFO - Started process (PID=7031) to work on /home/airflow/.local/lib/python3.8/site-packages/airflow/example_dags/example_short_circuit_operator.py
[2024-02-23T17:39:04.500+0000] {processor.py:830} INFO - Processing file /home/airflow/.local/lib/python3.8/site-packages/airflow/example_dags/example_short_circuit_operator.py for tasks to queue
[2024-02-23T17:39:04.501+0000] {logging_mixin.py:188} INFO - [2024-02-23T17:39:04.501+0000] {dagbag.py:538} INFO - Filling up the DagBag from /home/airflow/.local/lib/python3.8/site-packages/airflow/example_dags/example_short_circuit_operator.py
[2024-02-23T17:39:04.512+0000] {processor.py:840} INFO - DAG(s) 'example_short_circuit_operator' retrieved from /home/airflow/.local/lib/python3.8/site-packages/airflow/example_dags/example_short_circuit_operator.py
[2024-02-23T17:39:04.543+0000] {logging_mixin.py:188} INFO - [2024-02-23T17:39:04.542+0000] {dag.py:3033} INFO - Sync 1 DAGs
[2024-02-23T17:39:04.571+0000] {logging_mixin.py:188} INFO - [2024-02-23T17:39:04.571+0000] {dag.py:3820} INFO - Setting next_dagrun for example_short_circuit_operator to 2024-02-22T00:00:00+00:00, run_after=2024-02-23T00:00:00+00:00
[2024-02-23T17:39:04.603+0000] {processor.py:183} INFO - Processing /home/airflow/.local/lib/python3.8/site-packages/airflow/example_dags/example_short_circuit_operator.py took 0.109 seconds
[2024-02-23T17:39:35.113+0000] {processor.py:161} INFO - Started process (PID=7088) to work on /home/airflow/.local/lib/python3.8/site-packages/airflow/example_dags/example_short_circuit_operator.py
[2024-02-23T17:39:35.114+0000] {processor.py:830} INFO - Processing file /home/airflow/.local/lib/python3.8/site-packages/airflow/example_dags/example_short_circuit_operator.py for tasks to queue
[2024-02-23T17:39:35.115+0000] {logging_mixin.py:188} INFO - [2024-02-23T17:39:35.115+0000] {dagbag.py:538} INFO - Filling up the DagBag from /home/airflow/.local/lib/python3.8/site-packages/airflow/example_dags/example_short_circuit_operator.py
[2024-02-23T17:39:35.128+0000] {processor.py:840} INFO - DAG(s) 'example_short_circuit_operator' retrieved from /home/airflow/.local/lib/python3.8/site-packages/airflow/example_dags/example_short_circuit_operator.py
[2024-02-23T17:39:35.157+0000] {logging_mixin.py:188} INFO - [2024-02-23T17:39:35.157+0000] {dag.py:3033} INFO - Sync 1 DAGs
[2024-02-23T17:39:35.183+0000] {logging_mixin.py:188} INFO - [2024-02-23T17:39:35.183+0000] {dag.py:3820} INFO - Setting next_dagrun for example_short_circuit_operator to 2024-02-22T00:00:00+00:00, run_after=2024-02-23T00:00:00+00:00
[2024-02-23T17:39:35.212+0000] {processor.py:183} INFO - Processing /home/airflow/.local/lib/python3.8/site-packages/airflow/example_dags/example_short_circuit_operator.py took 0.102 seconds
[2024-02-23T17:40:05.584+0000] {processor.py:161} INFO - Started process (PID=7145) to work on /home/airflow/.local/lib/python3.8/site-packages/airflow/example_dags/example_short_circuit_operator.py
[2024-02-23T17:40:05.585+0000] {processor.py:830} INFO - Processing file /home/airflow/.local/lib/python3.8/site-packages/airflow/example_dags/example_short_circuit_operator.py for tasks to queue
[2024-02-23T17:40:05.587+0000] {logging_mixin.py:188} INFO - [2024-02-23T17:40:05.586+0000] {dagbag.py:538} INFO - Filling up the DagBag from /home/airflow/.local/lib/python3.8/site-packages/airflow/example_dags/example_short_circuit_operator.py
[2024-02-23T17:40:05.600+0000] {processor.py:840} INFO - DAG(s) 'example_short_circuit_operator' retrieved from /home/airflow/.local/lib/python3.8/site-packages/airflow/example_dags/example_short_circuit_operator.py
[2024-02-23T17:40:05.629+0000] {logging_mixin.py:188} INFO - [2024-02-23T17:40:05.628+0000] {dag.py:3033} INFO - Sync 1 DAGs
[2024-02-23T17:40:05.657+0000] {logging_mixin.py:188} INFO - [2024-02-23T17:40:05.657+0000] {dag.py:3820} INFO - Setting next_dagrun for example_short_circuit_operator to 2024-02-22T00:00:00+00:00, run_after=2024-02-23T00:00:00+00:00
[2024-02-23T17:40:05.714+0000] {processor.py:183} INFO - Processing /home/airflow/.local/lib/python3.8/site-packages/airflow/example_dags/example_short_circuit_operator.py took 0.136 seconds
[2024-02-23T17:40:35.977+0000] {processor.py:161} INFO - Started process (PID=7202) to work on /home/airflow/.local/lib/python3.8/site-packages/airflow/example_dags/example_short_circuit_operator.py
[2024-02-23T17:40:35.978+0000] {processor.py:830} INFO - Processing file /home/airflow/.local/lib/python3.8/site-packages/airflow/example_dags/example_short_circuit_operator.py for tasks to queue
[2024-02-23T17:40:35.980+0000] {logging_mixin.py:188} INFO - [2024-02-23T17:40:35.979+0000] {dagbag.py:538} INFO - Filling up the DagBag from /home/airflow/.local/lib/python3.8/site-packages/airflow/example_dags/example_short_circuit_operator.py
[2024-02-23T17:40:35.993+0000] {processor.py:840} INFO - DAG(s) 'example_short_circuit_operator' retrieved from /home/airflow/.local/lib/python3.8/site-packages/airflow/example_dags/example_short_circuit_operator.py
[2024-02-23T17:40:36.025+0000] {logging_mixin.py:188} INFO - [2024-02-23T17:40:36.025+0000] {dag.py:3033} INFO - Sync 1 DAGs
[2024-02-23T17:40:36.052+0000] {logging_mixin.py:188} INFO - [2024-02-23T17:40:36.052+0000] {dag.py:3820} INFO - Setting next_dagrun for example_short_circuit_operator to 2024-02-22T00:00:00+00:00, run_after=2024-02-23T00:00:00+00:00
[2024-02-23T17:40:36.074+0000] {processor.py:183} INFO - Processing /home/airflow/.local/lib/python3.8/site-packages/airflow/example_dags/example_short_circuit_operator.py took 0.103 seconds
[2024-02-23T17:41:06.491+0000] {processor.py:161} INFO - Started process (PID=7259) to work on /home/airflow/.local/lib/python3.8/site-packages/airflow/example_dags/example_short_circuit_operator.py
[2024-02-23T17:41:06.492+0000] {processor.py:830} INFO - Processing file /home/airflow/.local/lib/python3.8/site-packages/airflow/example_dags/example_short_circuit_operator.py for tasks to queue
[2024-02-23T17:41:06.493+0000] {logging_mixin.py:188} INFO - [2024-02-23T17:41:06.493+0000] {dagbag.py:538} INFO - Filling up the DagBag from /home/airflow/.local/lib/python3.8/site-packages/airflow/example_dags/example_short_circuit_operator.py
[2024-02-23T17:41:06.504+0000] {processor.py:840} INFO - DAG(s) 'example_short_circuit_operator' retrieved from /home/airflow/.local/lib/python3.8/site-packages/airflow/example_dags/example_short_circuit_operator.py
[2024-02-23T17:41:06.541+0000] {logging_mixin.py:188} INFO - [2024-02-23T17:41:06.541+0000] {dag.py:3033} INFO - Sync 1 DAGs
[2024-02-23T17:41:06.578+0000] {logging_mixin.py:188} INFO - [2024-02-23T17:41:06.578+0000] {dag.py:3820} INFO - Setting next_dagrun for example_short_circuit_operator to 2024-02-22T00:00:00+00:00, run_after=2024-02-23T00:00:00+00:00
[2024-02-23T17:41:06.609+0000] {processor.py:183} INFO - Processing /home/airflow/.local/lib/python3.8/site-packages/airflow/example_dags/example_short_circuit_operator.py took 0.123 seconds
[2024-02-23T17:41:36.991+0000] {processor.py:161} INFO - Started process (PID=7317) to work on /home/airflow/.local/lib/python3.8/site-packages/airflow/example_dags/example_short_circuit_operator.py
[2024-02-23T17:41:36.992+0000] {processor.py:830} INFO - Processing file /home/airflow/.local/lib/python3.8/site-packages/airflow/example_dags/example_short_circuit_operator.py for tasks to queue
[2024-02-23T17:41:36.993+0000] {logging_mixin.py:188} INFO - [2024-02-23T17:41:36.993+0000] {dagbag.py:538} INFO - Filling up the DagBag from /home/airflow/.local/lib/python3.8/site-packages/airflow/example_dags/example_short_circuit_operator.py
[2024-02-23T17:41:37.005+0000] {processor.py:840} INFO - DAG(s) 'example_short_circuit_operator' retrieved from /home/airflow/.local/lib/python3.8/site-packages/airflow/example_dags/example_short_circuit_operator.py
[2024-02-23T17:41:37.033+0000] {logging_mixin.py:188} INFO - [2024-02-23T17:41:37.033+0000] {dag.py:3033} INFO - Sync 1 DAGs
[2024-02-23T17:41:37.058+0000] {logging_mixin.py:188} INFO - [2024-02-23T17:41:37.058+0000] {dag.py:3820} INFO - Setting next_dagrun for example_short_circuit_operator to 2024-02-22T00:00:00+00:00, run_after=2024-02-23T00:00:00+00:00
[2024-02-23T17:41:37.082+0000] {processor.py:183} INFO - Processing /home/airflow/.local/lib/python3.8/site-packages/airflow/example_dags/example_short_circuit_operator.py took 0.096 seconds
[2024-02-23T17:42:07.865+0000] {processor.py:161} INFO - Started process (PID=7374) to work on /home/airflow/.local/lib/python3.8/site-packages/airflow/example_dags/example_short_circuit_operator.py
[2024-02-23T17:42:07.866+0000] {processor.py:830} INFO - Processing file /home/airflow/.local/lib/python3.8/site-packages/airflow/example_dags/example_short_circuit_operator.py for tasks to queue
[2024-02-23T17:42:07.868+0000] {logging_mixin.py:188} INFO - [2024-02-23T17:42:07.867+0000] {dagbag.py:538} INFO - Filling up the DagBag from /home/airflow/.local/lib/python3.8/site-packages/airflow/example_dags/example_short_circuit_operator.py
[2024-02-23T17:42:07.879+0000] {processor.py:840} INFO - DAG(s) 'example_short_circuit_operator' retrieved from /home/airflow/.local/lib/python3.8/site-packages/airflow/example_dags/example_short_circuit_operator.py
[2024-02-23T17:42:07.909+0000] {logging_mixin.py:188} INFO - [2024-02-23T17:42:07.908+0000] {dag.py:3033} INFO - Sync 1 DAGs
[2024-02-23T17:42:07.938+0000] {logging_mixin.py:188} INFO - [2024-02-23T17:42:07.937+0000] {dag.py:3820} INFO - Setting next_dagrun for example_short_circuit_operator to 2024-02-22T00:00:00+00:00, run_after=2024-02-23T00:00:00+00:00
[2024-02-23T17:42:07.961+0000] {processor.py:183} INFO - Processing /home/airflow/.local/lib/python3.8/site-packages/airflow/example_dags/example_short_circuit_operator.py took 0.101 seconds
[2024-02-23T17:42:38.676+0000] {processor.py:161} INFO - Started process (PID=7431) to work on /home/airflow/.local/lib/python3.8/site-packages/airflow/example_dags/example_short_circuit_operator.py
[2024-02-23T17:42:38.677+0000] {processor.py:830} INFO - Processing file /home/airflow/.local/lib/python3.8/site-packages/airflow/example_dags/example_short_circuit_operator.py for tasks to queue
[2024-02-23T17:42:38.678+0000] {logging_mixin.py:188} INFO - [2024-02-23T17:42:38.678+0000] {dagbag.py:538} INFO - Filling up the DagBag from /home/airflow/.local/lib/python3.8/site-packages/airflow/example_dags/example_short_circuit_operator.py
[2024-02-23T17:42:38.691+0000] {processor.py:840} INFO - DAG(s) 'example_short_circuit_operator' retrieved from /home/airflow/.local/lib/python3.8/site-packages/airflow/example_dags/example_short_circuit_operator.py
[2024-02-23T17:42:38.726+0000] {logging_mixin.py:188} INFO - [2024-02-23T17:42:38.726+0000] {dag.py:3033} INFO - Sync 1 DAGs
[2024-02-23T17:42:38.756+0000] {logging_mixin.py:188} INFO - [2024-02-23T17:42:38.755+0000] {dag.py:3820} INFO - Setting next_dagrun for example_short_circuit_operator to 2024-02-22T00:00:00+00:00, run_after=2024-02-23T00:00:00+00:00
[2024-02-23T17:42:38.812+0000] {processor.py:183} INFO - Processing /home/airflow/.local/lib/python3.8/site-packages/airflow/example_dags/example_short_circuit_operator.py took 0.141 seconds
[2024-02-23T17:43:08.895+0000] {processor.py:161} INFO - Started process (PID=7488) to work on /home/airflow/.local/lib/python3.8/site-packages/airflow/example_dags/example_short_circuit_operator.py
[2024-02-23T17:43:08.896+0000] {processor.py:830} INFO - Processing file /home/airflow/.local/lib/python3.8/site-packages/airflow/example_dags/example_short_circuit_operator.py for tasks to queue
[2024-02-23T17:43:08.897+0000] {logging_mixin.py:188} INFO - [2024-02-23T17:43:08.897+0000] {dagbag.py:538} INFO - Filling up the DagBag from /home/airflow/.local/lib/python3.8/site-packages/airflow/example_dags/example_short_circuit_operator.py
[2024-02-23T17:43:08.908+0000] {processor.py:840} INFO - DAG(s) 'example_short_circuit_operator' retrieved from /home/airflow/.local/lib/python3.8/site-packages/airflow/example_dags/example_short_circuit_operator.py
[2024-02-23T17:43:08.936+0000] {logging_mixin.py:188} INFO - [2024-02-23T17:43:08.936+0000] {dag.py:3033} INFO - Sync 1 DAGs
[2024-02-23T17:43:08.963+0000] {logging_mixin.py:188} INFO - [2024-02-23T17:43:08.962+0000] {dag.py:3820} INFO - Setting next_dagrun for example_short_circuit_operator to 2024-02-22T00:00:00+00:00, run_after=2024-02-23T00:00:00+00:00
[2024-02-23T17:43:09.021+0000] {processor.py:183} INFO - Processing /home/airflow/.local/lib/python3.8/site-packages/airflow/example_dags/example_short_circuit_operator.py took 0.130 seconds
[2024-02-23T17:43:39.360+0000] {processor.py:161} INFO - Started process (PID=7545) to work on /home/airflow/.local/lib/python3.8/site-packages/airflow/example_dags/example_short_circuit_operator.py
[2024-02-23T17:43:39.362+0000] {processor.py:830} INFO - Processing file /home/airflow/.local/lib/python3.8/site-packages/airflow/example_dags/example_short_circuit_operator.py for tasks to queue
[2024-02-23T17:43:39.364+0000] {logging_mixin.py:188} INFO - [2024-02-23T17:43:39.363+0000] {dagbag.py:538} INFO - Filling up the DagBag from /home/airflow/.local/lib/python3.8/site-packages/airflow/example_dags/example_short_circuit_operator.py
[2024-02-23T17:43:39.378+0000] {processor.py:840} INFO - DAG(s) 'example_short_circuit_operator' retrieved from /home/airflow/.local/lib/python3.8/site-packages/airflow/example_dags/example_short_circuit_operator.py
[2024-02-23T17:43:39.406+0000] {logging_mixin.py:188} INFO - [2024-02-23T17:43:39.406+0000] {dag.py:3033} INFO - Sync 1 DAGs
[2024-02-23T17:43:39.432+0000] {logging_mixin.py:188} INFO - [2024-02-23T17:43:39.432+0000] {dag.py:3820} INFO - Setting next_dagrun for example_short_circuit_operator to 2024-02-22T00:00:00+00:00, run_after=2024-02-23T00:00:00+00:00
[2024-02-23T17:43:39.454+0000] {processor.py:183} INFO - Processing /home/airflow/.local/lib/python3.8/site-packages/airflow/example_dags/example_short_circuit_operator.py took 0.099 seconds
[2024-02-23T17:44:10.114+0000] {processor.py:161} INFO - Started process (PID=7602) to work on /home/airflow/.local/lib/python3.8/site-packages/airflow/example_dags/example_short_circuit_operator.py
[2024-02-23T17:44:10.115+0000] {processor.py:830} INFO - Processing file /home/airflow/.local/lib/python3.8/site-packages/airflow/example_dags/example_short_circuit_operator.py for tasks to queue
[2024-02-23T17:44:10.117+0000] {logging_mixin.py:188} INFO - [2024-02-23T17:44:10.116+0000] {dagbag.py:538} INFO - Filling up the DagBag from /home/airflow/.local/lib/python3.8/site-packages/airflow/example_dags/example_short_circuit_operator.py
[2024-02-23T17:44:10.127+0000] {processor.py:840} INFO - DAG(s) 'example_short_circuit_operator' retrieved from /home/airflow/.local/lib/python3.8/site-packages/airflow/example_dags/example_short_circuit_operator.py
[2024-02-23T17:44:10.154+0000] {logging_mixin.py:188} INFO - [2024-02-23T17:44:10.154+0000] {dag.py:3033} INFO - Sync 1 DAGs
[2024-02-23T17:44:10.181+0000] {logging_mixin.py:188} INFO - [2024-02-23T17:44:10.181+0000] {dag.py:3820} INFO - Setting next_dagrun for example_short_circuit_operator to 2024-02-22T00:00:00+00:00, run_after=2024-02-23T00:00:00+00:00
[2024-02-23T17:44:10.236+0000] {processor.py:183} INFO - Processing /home/airflow/.local/lib/python3.8/site-packages/airflow/example_dags/example_short_circuit_operator.py took 0.127 seconds
[2024-02-23T17:44:40.486+0000] {processor.py:161} INFO - Started process (PID=7659) to work on /home/airflow/.local/lib/python3.8/site-packages/airflow/example_dags/example_short_circuit_operator.py
[2024-02-23T17:44:40.488+0000] {processor.py:830} INFO - Processing file /home/airflow/.local/lib/python3.8/site-packages/airflow/example_dags/example_short_circuit_operator.py for tasks to queue
[2024-02-23T17:44:40.489+0000] {logging_mixin.py:188} INFO - [2024-02-23T17:44:40.489+0000] {dagbag.py:538} INFO - Filling up the DagBag from /home/airflow/.local/lib/python3.8/site-packages/airflow/example_dags/example_short_circuit_operator.py
[2024-02-23T17:44:40.503+0000] {processor.py:840} INFO - DAG(s) 'example_short_circuit_operator' retrieved from /home/airflow/.local/lib/python3.8/site-packages/airflow/example_dags/example_short_circuit_operator.py
[2024-02-23T17:44:40.541+0000] {logging_mixin.py:188} INFO - [2024-02-23T17:44:40.541+0000] {dag.py:3033} INFO - Sync 1 DAGs
[2024-02-23T17:44:40.591+0000] {logging_mixin.py:188} INFO - [2024-02-23T17:44:40.591+0000] {dag.py:3820} INFO - Setting next_dagrun for example_short_circuit_operator to 2024-02-22T00:00:00+00:00, run_after=2024-02-23T00:00:00+00:00
[2024-02-23T17:44:40.651+0000] {processor.py:183} INFO - Processing /home/airflow/.local/lib/python3.8/site-packages/airflow/example_dags/example_short_circuit_operator.py took 0.170 seconds
[2024-02-23T17:45:10.758+0000] {processor.py:161} INFO - Started process (PID=7716) to work on /home/airflow/.local/lib/python3.8/site-packages/airflow/example_dags/example_short_circuit_operator.py
[2024-02-23T17:45:10.760+0000] {processor.py:830} INFO - Processing file /home/airflow/.local/lib/python3.8/site-packages/airflow/example_dags/example_short_circuit_operator.py for tasks to queue
[2024-02-23T17:45:10.761+0000] {logging_mixin.py:188} INFO - [2024-02-23T17:45:10.761+0000] {dagbag.py:538} INFO - Filling up the DagBag from /home/airflow/.local/lib/python3.8/site-packages/airflow/example_dags/example_short_circuit_operator.py
[2024-02-23T17:45:10.776+0000] {processor.py:840} INFO - DAG(s) 'example_short_circuit_operator' retrieved from /home/airflow/.local/lib/python3.8/site-packages/airflow/example_dags/example_short_circuit_operator.py
[2024-02-23T17:45:10.809+0000] {logging_mixin.py:188} INFO - [2024-02-23T17:45:10.809+0000] {dag.py:3033} INFO - Sync 1 DAGs
[2024-02-23T17:45:10.840+0000] {logging_mixin.py:188} INFO - [2024-02-23T17:45:10.839+0000] {dag.py:3820} INFO - Setting next_dagrun for example_short_circuit_operator to 2024-02-22T00:00:00+00:00, run_after=2024-02-23T00:00:00+00:00
[2024-02-23T17:45:10.895+0000] {processor.py:183} INFO - Processing /home/airflow/.local/lib/python3.8/site-packages/airflow/example_dags/example_short_circuit_operator.py took 0.142 seconds
[2024-02-23T17:45:41.208+0000] {processor.py:161} INFO - Started process (PID=7773) to work on /home/airflow/.local/lib/python3.8/site-packages/airflow/example_dags/example_short_circuit_operator.py
[2024-02-23T17:45:41.210+0000] {processor.py:830} INFO - Processing file /home/airflow/.local/lib/python3.8/site-packages/airflow/example_dags/example_short_circuit_operator.py for tasks to queue
[2024-02-23T17:45:41.211+0000] {logging_mixin.py:188} INFO - [2024-02-23T17:45:41.210+0000] {dagbag.py:538} INFO - Filling up the DagBag from /home/airflow/.local/lib/python3.8/site-packages/airflow/example_dags/example_short_circuit_operator.py
[2024-02-23T17:45:41.224+0000] {processor.py:840} INFO - DAG(s) 'example_short_circuit_operator' retrieved from /home/airflow/.local/lib/python3.8/site-packages/airflow/example_dags/example_short_circuit_operator.py
[2024-02-23T17:45:41.256+0000] {logging_mixin.py:188} INFO - [2024-02-23T17:45:41.256+0000] {dag.py:3033} INFO - Sync 1 DAGs
[2024-02-23T17:45:41.284+0000] {logging_mixin.py:188} INFO - [2024-02-23T17:45:41.284+0000] {dag.py:3820} INFO - Setting next_dagrun for example_short_circuit_operator to 2024-02-22T00:00:00+00:00, run_after=2024-02-23T00:00:00+00:00
[2024-02-23T17:45:41.304+0000] {processor.py:183} INFO - Processing /home/airflow/.local/lib/python3.8/site-packages/airflow/example_dags/example_short_circuit_operator.py took 0.101 seconds
[2024-02-23T17:46:11.567+0000] {processor.py:161} INFO - Started process (PID=7830) to work on /home/airflow/.local/lib/python3.8/site-packages/airflow/example_dags/example_short_circuit_operator.py
[2024-02-23T17:46:11.569+0000] {processor.py:830} INFO - Processing file /home/airflow/.local/lib/python3.8/site-packages/airflow/example_dags/example_short_circuit_operator.py for tasks to queue
[2024-02-23T17:46:11.570+0000] {logging_mixin.py:188} INFO - [2024-02-23T17:46:11.569+0000] {dagbag.py:538} INFO - Filling up the DagBag from /home/airflow/.local/lib/python3.8/site-packages/airflow/example_dags/example_short_circuit_operator.py
[2024-02-23T17:46:11.585+0000] {processor.py:840} INFO - DAG(s) 'example_short_circuit_operator' retrieved from /home/airflow/.local/lib/python3.8/site-packages/airflow/example_dags/example_short_circuit_operator.py
[2024-02-23T17:46:11.619+0000] {logging_mixin.py:188} INFO - [2024-02-23T17:46:11.619+0000] {dag.py:3033} INFO - Sync 1 DAGs
[2024-02-23T17:46:11.648+0000] {logging_mixin.py:188} INFO - [2024-02-23T17:46:11.647+0000] {dag.py:3820} INFO - Setting next_dagrun for example_short_circuit_operator to 2024-02-22T00:00:00+00:00, run_after=2024-02-23T00:00:00+00:00
[2024-02-23T17:46:11.673+0000] {processor.py:183} INFO - Processing /home/airflow/.local/lib/python3.8/site-packages/airflow/example_dags/example_short_circuit_operator.py took 0.111 seconds
[2024-02-23T17:46:42.037+0000] {processor.py:161} INFO - Started process (PID=7885) to work on /home/airflow/.local/lib/python3.8/site-packages/airflow/example_dags/example_short_circuit_operator.py
[2024-02-23T17:46:42.039+0000] {processor.py:830} INFO - Processing file /home/airflow/.local/lib/python3.8/site-packages/airflow/example_dags/example_short_circuit_operator.py for tasks to queue
[2024-02-23T17:46:42.041+0000] {logging_mixin.py:188} INFO - [2024-02-23T17:46:42.040+0000] {dagbag.py:538} INFO - Filling up the DagBag from /home/airflow/.local/lib/python3.8/site-packages/airflow/example_dags/example_short_circuit_operator.py
[2024-02-23T17:46:42.056+0000] {processor.py:840} INFO - DAG(s) 'example_short_circuit_operator' retrieved from /home/airflow/.local/lib/python3.8/site-packages/airflow/example_dags/example_short_circuit_operator.py
[2024-02-23T17:46:42.088+0000] {logging_mixin.py:188} INFO - [2024-02-23T17:46:42.087+0000] {dag.py:3033} INFO - Sync 1 DAGs
[2024-02-23T17:46:42.115+0000] {logging_mixin.py:188} INFO - [2024-02-23T17:46:42.115+0000] {dag.py:3820} INFO - Setting next_dagrun for example_short_circuit_operator to 2024-02-22T00:00:00+00:00, run_after=2024-02-23T00:00:00+00:00
[2024-02-23T17:46:42.170+0000] {processor.py:183} INFO - Processing /home/airflow/.local/lib/python3.8/site-packages/airflow/example_dags/example_short_circuit_operator.py took 0.137 seconds
[2024-02-23T17:47:12.620+0000] {processor.py:161} INFO - Started process (PID=7941) to work on /home/airflow/.local/lib/python3.8/site-packages/airflow/example_dags/example_short_circuit_operator.py
[2024-02-23T17:47:12.622+0000] {processor.py:830} INFO - Processing file /home/airflow/.local/lib/python3.8/site-packages/airflow/example_dags/example_short_circuit_operator.py for tasks to queue
[2024-02-23T17:47:12.623+0000] {logging_mixin.py:188} INFO - [2024-02-23T17:47:12.623+0000] {dagbag.py:538} INFO - Filling up the DagBag from /home/airflow/.local/lib/python3.8/site-packages/airflow/example_dags/example_short_circuit_operator.py
[2024-02-23T17:47:12.634+0000] {processor.py:840} INFO - DAG(s) 'example_short_circuit_operator' retrieved from /home/airflow/.local/lib/python3.8/site-packages/airflow/example_dags/example_short_circuit_operator.py
[2024-02-23T17:47:12.663+0000] {logging_mixin.py:188} INFO - [2024-02-23T17:47:12.662+0000] {dag.py:3033} INFO - Sync 1 DAGs
[2024-02-23T17:47:12.689+0000] {logging_mixin.py:188} INFO - [2024-02-23T17:47:12.688+0000] {dag.py:3820} INFO - Setting next_dagrun for example_short_circuit_operator to 2024-02-22T00:00:00+00:00, run_after=2024-02-23T00:00:00+00:00
[2024-02-23T17:47:12.747+0000] {processor.py:183} INFO - Processing /home/airflow/.local/lib/python3.8/site-packages/airflow/example_dags/example_short_circuit_operator.py took 0.131 seconds
[2024-02-23T17:47:42.876+0000] {processor.py:161} INFO - Started process (PID=7998) to work on /home/airflow/.local/lib/python3.8/site-packages/airflow/example_dags/example_short_circuit_operator.py
[2024-02-23T17:47:42.877+0000] {processor.py:830} INFO - Processing file /home/airflow/.local/lib/python3.8/site-packages/airflow/example_dags/example_short_circuit_operator.py for tasks to queue
[2024-02-23T17:47:42.879+0000] {logging_mixin.py:188} INFO - [2024-02-23T17:47:42.878+0000] {dagbag.py:538} INFO - Filling up the DagBag from /home/airflow/.local/lib/python3.8/site-packages/airflow/example_dags/example_short_circuit_operator.py
[2024-02-23T17:47:42.891+0000] {processor.py:840} INFO - DAG(s) 'example_short_circuit_operator' retrieved from /home/airflow/.local/lib/python3.8/site-packages/airflow/example_dags/example_short_circuit_operator.py
[2024-02-23T17:47:42.927+0000] {logging_mixin.py:188} INFO - [2024-02-23T17:47:42.927+0000] {dag.py:3033} INFO - Sync 1 DAGs
[2024-02-23T17:47:42.963+0000] {logging_mixin.py:188} INFO - [2024-02-23T17:47:42.963+0000] {dag.py:3820} INFO - Setting next_dagrun for example_short_circuit_operator to 2024-02-22T00:00:00+00:00, run_after=2024-02-23T00:00:00+00:00
[2024-02-23T17:47:43.026+0000] {processor.py:183} INFO - Processing /home/airflow/.local/lib/python3.8/site-packages/airflow/example_dags/example_short_circuit_operator.py took 0.154 seconds
[2024-02-23T17:48:13.465+0000] {processor.py:161} INFO - Started process (PID=8054) to work on /home/airflow/.local/lib/python3.8/site-packages/airflow/example_dags/example_short_circuit_operator.py
[2024-02-23T17:48:13.466+0000] {processor.py:830} INFO - Processing file /home/airflow/.local/lib/python3.8/site-packages/airflow/example_dags/example_short_circuit_operator.py for tasks to queue
[2024-02-23T17:48:13.467+0000] {logging_mixin.py:188} INFO - [2024-02-23T17:48:13.467+0000] {dagbag.py:538} INFO - Filling up the DagBag from /home/airflow/.local/lib/python3.8/site-packages/airflow/example_dags/example_short_circuit_operator.py
[2024-02-23T17:48:13.479+0000] {processor.py:840} INFO - DAG(s) 'example_short_circuit_operator' retrieved from /home/airflow/.local/lib/python3.8/site-packages/airflow/example_dags/example_short_circuit_operator.py
[2024-02-23T17:48:13.507+0000] {logging_mixin.py:188} INFO - [2024-02-23T17:48:13.506+0000] {dag.py:3033} INFO - Sync 1 DAGs
[2024-02-23T17:48:13.532+0000] {logging_mixin.py:188} INFO - [2024-02-23T17:48:13.532+0000] {dag.py:3820} INFO - Setting next_dagrun for example_short_circuit_operator to 2024-02-22T00:00:00+00:00, run_after=2024-02-23T00:00:00+00:00
[2024-02-23T17:48:13.556+0000] {processor.py:183} INFO - Processing /home/airflow/.local/lib/python3.8/site-packages/airflow/example_dags/example_short_circuit_operator.py took 0.095 seconds
[2024-02-23T17:48:43.821+0000] {processor.py:161} INFO - Started process (PID=8111) to work on /home/airflow/.local/lib/python3.8/site-packages/airflow/example_dags/example_short_circuit_operator.py
[2024-02-23T17:48:43.822+0000] {processor.py:830} INFO - Processing file /home/airflow/.local/lib/python3.8/site-packages/airflow/example_dags/example_short_circuit_operator.py for tasks to queue
[2024-02-23T17:48:43.824+0000] {logging_mixin.py:188} INFO - [2024-02-23T17:48:43.823+0000] {dagbag.py:538} INFO - Filling up the DagBag from /home/airflow/.local/lib/python3.8/site-packages/airflow/example_dags/example_short_circuit_operator.py
[2024-02-23T17:48:43.834+0000] {processor.py:840} INFO - DAG(s) 'example_short_circuit_operator' retrieved from /home/airflow/.local/lib/python3.8/site-packages/airflow/example_dags/example_short_circuit_operator.py
[2024-02-23T17:48:43.864+0000] {logging_mixin.py:188} INFO - [2024-02-23T17:48:43.864+0000] {dag.py:3033} INFO - Sync 1 DAGs
[2024-02-23T17:48:43.893+0000] {logging_mixin.py:188} INFO - [2024-02-23T17:48:43.893+0000] {dag.py:3820} INFO - Setting next_dagrun for example_short_circuit_operator to 2024-02-22T00:00:00+00:00, run_after=2024-02-23T00:00:00+00:00
[2024-02-23T17:48:43.957+0000] {processor.py:183} INFO - Processing /home/airflow/.local/lib/python3.8/site-packages/airflow/example_dags/example_short_circuit_operator.py took 0.141 seconds
[2024-02-23T17:49:14.929+0000] {processor.py:161} INFO - Started process (PID=8168) to work on /home/airflow/.local/lib/python3.8/site-packages/airflow/example_dags/example_short_circuit_operator.py
[2024-02-23T17:49:14.930+0000] {processor.py:830} INFO - Processing file /home/airflow/.local/lib/python3.8/site-packages/airflow/example_dags/example_short_circuit_operator.py for tasks to queue
[2024-02-23T17:49:14.931+0000] {logging_mixin.py:188} INFO - [2024-02-23T17:49:14.931+0000] {dagbag.py:538} INFO - Filling up the DagBag from /home/airflow/.local/lib/python3.8/site-packages/airflow/example_dags/example_short_circuit_operator.py
[2024-02-23T17:49:14.943+0000] {processor.py:840} INFO - DAG(s) 'example_short_circuit_operator' retrieved from /home/airflow/.local/lib/python3.8/site-packages/airflow/example_dags/example_short_circuit_operator.py
[2024-02-23T17:49:14.973+0000] {logging_mixin.py:188} INFO - [2024-02-23T17:49:14.973+0000] {dag.py:3033} INFO - Sync 1 DAGs
[2024-02-23T17:49:14.999+0000] {logging_mixin.py:188} INFO - [2024-02-23T17:49:14.999+0000] {dag.py:3820} INFO - Setting next_dagrun for example_short_circuit_operator to 2024-02-22T00:00:00+00:00, run_after=2024-02-23T00:00:00+00:00
[2024-02-23T17:49:15.059+0000] {processor.py:183} INFO - Processing /home/airflow/.local/lib/python3.8/site-packages/airflow/example_dags/example_short_circuit_operator.py took 0.135 seconds
[2024-02-23T17:49:45.444+0000] {processor.py:161} INFO - Started process (PID=8230) to work on /home/airflow/.local/lib/python3.8/site-packages/airflow/example_dags/example_short_circuit_operator.py
[2024-02-23T17:49:45.446+0000] {processor.py:830} INFO - Processing file /home/airflow/.local/lib/python3.8/site-packages/airflow/example_dags/example_short_circuit_operator.py for tasks to queue
[2024-02-23T17:49:45.447+0000] {logging_mixin.py:188} INFO - [2024-02-23T17:49:45.447+0000] {dagbag.py:538} INFO - Filling up the DagBag from /home/airflow/.local/lib/python3.8/site-packages/airflow/example_dags/example_short_circuit_operator.py
[2024-02-23T17:49:45.458+0000] {processor.py:840} INFO - DAG(s) 'example_short_circuit_operator' retrieved from /home/airflow/.local/lib/python3.8/site-packages/airflow/example_dags/example_short_circuit_operator.py
[2024-02-23T17:49:45.488+0000] {logging_mixin.py:188} INFO - [2024-02-23T17:49:45.488+0000] {dag.py:3033} INFO - Sync 1 DAGs
[2024-02-23T17:49:45.514+0000] {logging_mixin.py:188} INFO - [2024-02-23T17:49:45.514+0000] {dag.py:3820} INFO - Setting next_dagrun for example_short_circuit_operator to 2024-02-22T00:00:00+00:00, run_after=2024-02-23T00:00:00+00:00
[2024-02-23T17:49:45.576+0000] {processor.py:183} INFO - Processing /home/airflow/.local/lib/python3.8/site-packages/airflow/example_dags/example_short_circuit_operator.py took 0.136 seconds
[2024-02-23T17:50:15.687+0000] {processor.py:161} INFO - Started process (PID=8287) to work on /home/airflow/.local/lib/python3.8/site-packages/airflow/example_dags/example_short_circuit_operator.py
[2024-02-23T17:50:15.688+0000] {processor.py:830} INFO - Processing file /home/airflow/.local/lib/python3.8/site-packages/airflow/example_dags/example_short_circuit_operator.py for tasks to queue
[2024-02-23T17:50:15.689+0000] {logging_mixin.py:188} INFO - [2024-02-23T17:50:15.689+0000] {dagbag.py:538} INFO - Filling up the DagBag from /home/airflow/.local/lib/python3.8/site-packages/airflow/example_dags/example_short_circuit_operator.py
[2024-02-23T17:50:15.700+0000] {processor.py:840} INFO - DAG(s) 'example_short_circuit_operator' retrieved from /home/airflow/.local/lib/python3.8/site-packages/airflow/example_dags/example_short_circuit_operator.py
[2024-02-23T17:50:15.728+0000] {logging_mixin.py:188} INFO - [2024-02-23T17:50:15.728+0000] {dag.py:3033} INFO - Sync 1 DAGs
[2024-02-23T17:50:15.755+0000] {logging_mixin.py:188} INFO - [2024-02-23T17:50:15.755+0000] {dag.py:3820} INFO - Setting next_dagrun for example_short_circuit_operator to 2024-02-22T00:00:00+00:00, run_after=2024-02-23T00:00:00+00:00
[2024-02-23T17:50:15.777+0000] {processor.py:183} INFO - Processing /home/airflow/.local/lib/python3.8/site-packages/airflow/example_dags/example_short_circuit_operator.py took 0.094 seconds
[2024-02-23T17:50:46.090+0000] {processor.py:161} INFO - Started process (PID=8344) to work on /home/airflow/.local/lib/python3.8/site-packages/airflow/example_dags/example_short_circuit_operator.py
[2024-02-23T17:50:46.091+0000] {processor.py:830} INFO - Processing file /home/airflow/.local/lib/python3.8/site-packages/airflow/example_dags/example_short_circuit_operator.py for tasks to queue
[2024-02-23T17:50:46.093+0000] {logging_mixin.py:188} INFO - [2024-02-23T17:50:46.092+0000] {dagbag.py:538} INFO - Filling up the DagBag from /home/airflow/.local/lib/python3.8/site-packages/airflow/example_dags/example_short_circuit_operator.py
[2024-02-23T17:50:46.108+0000] {processor.py:840} INFO - DAG(s) 'example_short_circuit_operator' retrieved from /home/airflow/.local/lib/python3.8/site-packages/airflow/example_dags/example_short_circuit_operator.py
[2024-02-23T17:50:46.148+0000] {logging_mixin.py:188} INFO - [2024-02-23T17:50:46.148+0000] {dag.py:3033} INFO - Sync 1 DAGs
[2024-02-23T17:50:46.183+0000] {logging_mixin.py:188} INFO - [2024-02-23T17:50:46.183+0000] {dag.py:3820} INFO - Setting next_dagrun for example_short_circuit_operator to 2024-02-22T00:00:00+00:00, run_after=2024-02-23T00:00:00+00:00
[2024-02-23T17:50:46.211+0000] {processor.py:183} INFO - Processing /home/airflow/.local/lib/python3.8/site-packages/airflow/example_dags/example_short_circuit_operator.py took 0.127 seconds
[2024-02-23T17:51:16.377+0000] {processor.py:161} INFO - Started process (PID=8401) to work on /home/airflow/.local/lib/python3.8/site-packages/airflow/example_dags/example_short_circuit_operator.py
[2024-02-23T17:51:16.378+0000] {processor.py:830} INFO - Processing file /home/airflow/.local/lib/python3.8/site-packages/airflow/example_dags/example_short_circuit_operator.py for tasks to queue
[2024-02-23T17:51:16.380+0000] {logging_mixin.py:188} INFO - [2024-02-23T17:51:16.379+0000] {dagbag.py:538} INFO - Filling up the DagBag from /home/airflow/.local/lib/python3.8/site-packages/airflow/example_dags/example_short_circuit_operator.py
[2024-02-23T17:51:16.392+0000] {processor.py:840} INFO - DAG(s) 'example_short_circuit_operator' retrieved from /home/airflow/.local/lib/python3.8/site-packages/airflow/example_dags/example_short_circuit_operator.py
[2024-02-23T17:51:16.425+0000] {logging_mixin.py:188} INFO - [2024-02-23T17:51:16.424+0000] {dag.py:3033} INFO - Sync 1 DAGs
[2024-02-23T17:51:16.455+0000] {logging_mixin.py:188} INFO - [2024-02-23T17:51:16.455+0000] {dag.py:3820} INFO - Setting next_dagrun for example_short_circuit_operator to 2024-02-22T00:00:00+00:00, run_after=2024-02-23T00:00:00+00:00
[2024-02-23T17:51:16.516+0000] {processor.py:183} INFO - Processing /home/airflow/.local/lib/python3.8/site-packages/airflow/example_dags/example_short_circuit_operator.py took 0.143 seconds
[2024-02-23T17:51:46.633+0000] {processor.py:161} INFO - Started process (PID=8457) to work on /home/airflow/.local/lib/python3.8/site-packages/airflow/example_dags/example_short_circuit_operator.py
[2024-02-23T17:51:46.634+0000] {processor.py:830} INFO - Processing file /home/airflow/.local/lib/python3.8/site-packages/airflow/example_dags/example_short_circuit_operator.py for tasks to queue
[2024-02-23T17:51:46.635+0000] {logging_mixin.py:188} INFO - [2024-02-23T17:51:46.635+0000] {dagbag.py:538} INFO - Filling up the DagBag from /home/airflow/.local/lib/python3.8/site-packages/airflow/example_dags/example_short_circuit_operator.py
[2024-02-23T17:51:46.646+0000] {processor.py:840} INFO - DAG(s) 'example_short_circuit_operator' retrieved from /home/airflow/.local/lib/python3.8/site-packages/airflow/example_dags/example_short_circuit_operator.py
[2024-02-23T17:51:46.673+0000] {logging_mixin.py:188} INFO - [2024-02-23T17:51:46.673+0000] {dag.py:3033} INFO - Sync 1 DAGs
[2024-02-23T17:51:46.697+0000] {logging_mixin.py:188} INFO - [2024-02-23T17:51:46.697+0000] {dag.py:3820} INFO - Setting next_dagrun for example_short_circuit_operator to 2024-02-22T00:00:00+00:00, run_after=2024-02-23T00:00:00+00:00
[2024-02-23T17:51:46.753+0000] {processor.py:183} INFO - Processing /home/airflow/.local/lib/python3.8/site-packages/airflow/example_dags/example_short_circuit_operator.py took 0.125 seconds
