[2024-02-23T17:20:11.731+0000] {processor.py:161} INFO - Started process (PID=4914) to work on /home/airflow/.local/lib/python3.8/site-packages/airflow/example_dags/example_latest_only_with_trigger.py
[2024-02-23T17:20:11.752+0000] {processor.py:830} INFO - Processing file /home/airflow/.local/lib/python3.8/site-packages/airflow/example_dags/example_latest_only_with_trigger.py for tasks to queue
[2024-02-23T17:20:11.769+0000] {logging_mixin.py:188} INFO - [2024-02-23T17:20:11.768+0000] {dagbag.py:538} INFO - Filling up the DagBag from /home/airflow/.local/lib/python3.8/site-packages/airflow/example_dags/example_latest_only_with_trigger.py
[2024-02-23T17:20:11.799+0000] {processor.py:840} INFO - DAG(s) 'latest_only_with_trigger' retrieved from /home/airflow/.local/lib/python3.8/site-packages/airflow/example_dags/example_latest_only_with_trigger.py
[2024-02-23T17:20:11.924+0000] {logging_mixin.py:188} INFO - [2024-02-23T17:20:11.923+0000] {dag.py:3033} INFO - Sync 1 DAGs
[2024-02-23T17:20:12.066+0000] {logging_mixin.py:188} INFO - [2024-02-23T17:20:12.065+0000] {dag.py:3820} INFO - Setting next_dagrun for latest_only_with_trigger to 2024-02-23T12:00:00+00:00, run_after=2024-02-23T16:00:00+00:00
[2024-02-23T17:20:12.175+0000] {processor.py:183} INFO - Processing /home/airflow/.local/lib/python3.8/site-packages/airflow/example_dags/example_latest_only_with_trigger.py took 0.452 seconds
[2024-02-23T17:20:42.397+0000] {processor.py:161} INFO - Started process (PID=4971) to work on /home/airflow/.local/lib/python3.8/site-packages/airflow/example_dags/example_latest_only_with_trigger.py
[2024-02-23T17:20:42.399+0000] {processor.py:830} INFO - Processing file /home/airflow/.local/lib/python3.8/site-packages/airflow/example_dags/example_latest_only_with_trigger.py for tasks to queue
[2024-02-23T17:20:42.401+0000] {logging_mixin.py:188} INFO - [2024-02-23T17:20:42.400+0000] {dagbag.py:538} INFO - Filling up the DagBag from /home/airflow/.local/lib/python3.8/site-packages/airflow/example_dags/example_latest_only_with_trigger.py
[2024-02-23T17:20:42.422+0000] {processor.py:840} INFO - DAG(s) 'latest_only_with_trigger' retrieved from /home/airflow/.local/lib/python3.8/site-packages/airflow/example_dags/example_latest_only_with_trigger.py
[2024-02-23T17:20:42.465+0000] {logging_mixin.py:188} INFO - [2024-02-23T17:20:42.464+0000] {dag.py:3033} INFO - Sync 1 DAGs
[2024-02-23T17:20:42.527+0000] {logging_mixin.py:188} INFO - [2024-02-23T17:20:42.526+0000] {dag.py:3820} INFO - Setting next_dagrun for latest_only_with_trigger to 2024-02-23T12:00:00+00:00, run_after=2024-02-23T16:00:00+00:00
[2024-02-23T17:20:42.615+0000] {processor.py:183} INFO - Processing /home/airflow/.local/lib/python3.8/site-packages/airflow/example_dags/example_latest_only_with_trigger.py took 0.226 seconds
[2024-02-23T17:21:12.707+0000] {processor.py:161} INFO - Started process (PID=5028) to work on /home/airflow/.local/lib/python3.8/site-packages/airflow/example_dags/example_latest_only_with_trigger.py
[2024-02-23T17:21:12.708+0000] {processor.py:830} INFO - Processing file /home/airflow/.local/lib/python3.8/site-packages/airflow/example_dags/example_latest_only_with_trigger.py for tasks to queue
[2024-02-23T17:21:12.710+0000] {logging_mixin.py:188} INFO - [2024-02-23T17:21:12.709+0000] {dagbag.py:538} INFO - Filling up the DagBag from /home/airflow/.local/lib/python3.8/site-packages/airflow/example_dags/example_latest_only_with_trigger.py
[2024-02-23T17:21:12.723+0000] {processor.py:840} INFO - DAG(s) 'latest_only_with_trigger' retrieved from /home/airflow/.local/lib/python3.8/site-packages/airflow/example_dags/example_latest_only_with_trigger.py
[2024-02-23T17:21:12.761+0000] {logging_mixin.py:188} INFO - [2024-02-23T17:21:12.761+0000] {dag.py:3033} INFO - Sync 1 DAGs
[2024-02-23T17:21:12.807+0000] {logging_mixin.py:188} INFO - [2024-02-23T17:21:12.806+0000] {dag.py:3820} INFO - Setting next_dagrun for latest_only_with_trigger to 2024-02-23T12:00:00+00:00, run_after=2024-02-23T16:00:00+00:00
[2024-02-23T17:21:12.842+0000] {processor.py:183} INFO - Processing /home/airflow/.local/lib/python3.8/site-packages/airflow/example_dags/example_latest_only_with_trigger.py took 0.140 seconds
[2024-02-23T17:21:43.565+0000] {processor.py:161} INFO - Started process (PID=5085) to work on /home/airflow/.local/lib/python3.8/site-packages/airflow/example_dags/example_latest_only_with_trigger.py
[2024-02-23T17:21:43.567+0000] {processor.py:830} INFO - Processing file /home/airflow/.local/lib/python3.8/site-packages/airflow/example_dags/example_latest_only_with_trigger.py for tasks to queue
[2024-02-23T17:21:43.568+0000] {logging_mixin.py:188} INFO - [2024-02-23T17:21:43.568+0000] {dagbag.py:538} INFO - Filling up the DagBag from /home/airflow/.local/lib/python3.8/site-packages/airflow/example_dags/example_latest_only_with_trigger.py
[2024-02-23T17:21:43.579+0000] {processor.py:840} INFO - DAG(s) 'latest_only_with_trigger' retrieved from /home/airflow/.local/lib/python3.8/site-packages/airflow/example_dags/example_latest_only_with_trigger.py
[2024-02-23T17:21:43.609+0000] {logging_mixin.py:188} INFO - [2024-02-23T17:21:43.609+0000] {dag.py:3033} INFO - Sync 1 DAGs
[2024-02-23T17:21:43.643+0000] {logging_mixin.py:188} INFO - [2024-02-23T17:21:43.643+0000] {dag.py:3820} INFO - Setting next_dagrun for latest_only_with_trigger to 2024-02-23T12:00:00+00:00, run_after=2024-02-23T16:00:00+00:00
[2024-02-23T17:21:43.673+0000] {processor.py:183} INFO - Processing /home/airflow/.local/lib/python3.8/site-packages/airflow/example_dags/example_latest_only_with_trigger.py took 0.112 seconds
[2024-02-23T17:22:14.393+0000] {processor.py:161} INFO - Started process (PID=5143) to work on /home/airflow/.local/lib/python3.8/site-packages/airflow/example_dags/example_latest_only_with_trigger.py
[2024-02-23T17:22:14.395+0000] {processor.py:830} INFO - Processing file /home/airflow/.local/lib/python3.8/site-packages/airflow/example_dags/example_latest_only_with_trigger.py for tasks to queue
[2024-02-23T17:22:14.397+0000] {logging_mixin.py:188} INFO - [2024-02-23T17:22:14.396+0000] {dagbag.py:538} INFO - Filling up the DagBag from /home/airflow/.local/lib/python3.8/site-packages/airflow/example_dags/example_latest_only_with_trigger.py
[2024-02-23T17:22:14.407+0000] {processor.py:840} INFO - DAG(s) 'latest_only_with_trigger' retrieved from /home/airflow/.local/lib/python3.8/site-packages/airflow/example_dags/example_latest_only_with_trigger.py
[2024-02-23T17:22:14.436+0000] {logging_mixin.py:188} INFO - [2024-02-23T17:22:14.436+0000] {dag.py:3033} INFO - Sync 1 DAGs
[2024-02-23T17:22:14.467+0000] {logging_mixin.py:188} INFO - [2024-02-23T17:22:14.467+0000] {dag.py:3820} INFO - Setting next_dagrun for latest_only_with_trigger to 2024-02-23T12:00:00+00:00, run_after=2024-02-23T16:00:00+00:00
[2024-02-23T17:22:14.489+0000] {processor.py:183} INFO - Processing /home/airflow/.local/lib/python3.8/site-packages/airflow/example_dags/example_latest_only_with_trigger.py took 0.101 seconds
[2024-02-23T17:22:44.897+0000] {processor.py:161} INFO - Started process (PID=5200) to work on /home/airflow/.local/lib/python3.8/site-packages/airflow/example_dags/example_latest_only_with_trigger.py
[2024-02-23T17:22:44.898+0000] {processor.py:830} INFO - Processing file /home/airflow/.local/lib/python3.8/site-packages/airflow/example_dags/example_latest_only_with_trigger.py for tasks to queue
[2024-02-23T17:22:44.899+0000] {logging_mixin.py:188} INFO - [2024-02-23T17:22:44.899+0000] {dagbag.py:538} INFO - Filling up the DagBag from /home/airflow/.local/lib/python3.8/site-packages/airflow/example_dags/example_latest_only_with_trigger.py
[2024-02-23T17:22:44.908+0000] {processor.py:840} INFO - DAG(s) 'latest_only_with_trigger' retrieved from /home/airflow/.local/lib/python3.8/site-packages/airflow/example_dags/example_latest_only_with_trigger.py
[2024-02-23T17:22:44.946+0000] {logging_mixin.py:188} INFO - [2024-02-23T17:22:44.946+0000] {dag.py:3033} INFO - Sync 1 DAGs
[2024-02-23T17:22:44.984+0000] {logging_mixin.py:188} INFO - [2024-02-23T17:22:44.984+0000] {dag.py:3820} INFO - Setting next_dagrun for latest_only_with_trigger to 2024-02-23T12:00:00+00:00, run_after=2024-02-23T16:00:00+00:00
[2024-02-23T17:22:45.009+0000] {processor.py:183} INFO - Processing /home/airflow/.local/lib/python3.8/site-packages/airflow/example_dags/example_latest_only_with_trigger.py took 0.117 seconds
[2024-02-23T17:23:15.351+0000] {processor.py:161} INFO - Started process (PID=5257) to work on /home/airflow/.local/lib/python3.8/site-packages/airflow/example_dags/example_latest_only_with_trigger.py
[2024-02-23T17:23:15.353+0000] {processor.py:830} INFO - Processing file /home/airflow/.local/lib/python3.8/site-packages/airflow/example_dags/example_latest_only_with_trigger.py for tasks to queue
[2024-02-23T17:23:15.354+0000] {logging_mixin.py:188} INFO - [2024-02-23T17:23:15.354+0000] {dagbag.py:538} INFO - Filling up the DagBag from /home/airflow/.local/lib/python3.8/site-packages/airflow/example_dags/example_latest_only_with_trigger.py
[2024-02-23T17:23:15.365+0000] {processor.py:840} INFO - DAG(s) 'latest_only_with_trigger' retrieved from /home/airflow/.local/lib/python3.8/site-packages/airflow/example_dags/example_latest_only_with_trigger.py
[2024-02-23T17:23:15.393+0000] {logging_mixin.py:188} INFO - [2024-02-23T17:23:15.393+0000] {dag.py:3033} INFO - Sync 1 DAGs
[2024-02-23T17:23:15.424+0000] {logging_mixin.py:188} INFO - [2024-02-23T17:23:15.423+0000] {dag.py:3820} INFO - Setting next_dagrun for latest_only_with_trigger to 2024-02-23T12:00:00+00:00, run_after=2024-02-23T16:00:00+00:00
[2024-02-23T17:23:15.448+0000] {processor.py:183} INFO - Processing /home/airflow/.local/lib/python3.8/site-packages/airflow/example_dags/example_latest_only_with_trigger.py took 0.102 seconds
[2024-02-23T17:23:45.752+0000] {processor.py:161} INFO - Started process (PID=5314) to work on /home/airflow/.local/lib/python3.8/site-packages/airflow/example_dags/example_latest_only_with_trigger.py
[2024-02-23T17:23:45.753+0000] {processor.py:830} INFO - Processing file /home/airflow/.local/lib/python3.8/site-packages/airflow/example_dags/example_latest_only_with_trigger.py for tasks to queue
[2024-02-23T17:23:45.755+0000] {logging_mixin.py:188} INFO - [2024-02-23T17:23:45.754+0000] {dagbag.py:538} INFO - Filling up the DagBag from /home/airflow/.local/lib/python3.8/site-packages/airflow/example_dags/example_latest_only_with_trigger.py
[2024-02-23T17:23:45.765+0000] {processor.py:840} INFO - DAG(s) 'latest_only_with_trigger' retrieved from /home/airflow/.local/lib/python3.8/site-packages/airflow/example_dags/example_latest_only_with_trigger.py
[2024-02-23T17:23:45.800+0000] {logging_mixin.py:188} INFO - [2024-02-23T17:23:45.799+0000] {dag.py:3033} INFO - Sync 1 DAGs
[2024-02-23T17:23:45.832+0000] {logging_mixin.py:188} INFO - [2024-02-23T17:23:45.831+0000] {dag.py:3820} INFO - Setting next_dagrun for latest_only_with_trigger to 2024-02-23T12:00:00+00:00, run_after=2024-02-23T16:00:00+00:00
[2024-02-23T17:23:45.871+0000] {processor.py:183} INFO - Processing /home/airflow/.local/lib/python3.8/site-packages/airflow/example_dags/example_latest_only_with_trigger.py took 0.124 seconds
[2024-02-23T17:24:15.958+0000] {processor.py:161} INFO - Started process (PID=5371) to work on /home/airflow/.local/lib/python3.8/site-packages/airflow/example_dags/example_latest_only_with_trigger.py
[2024-02-23T17:24:15.959+0000] {processor.py:830} INFO - Processing file /home/airflow/.local/lib/python3.8/site-packages/airflow/example_dags/example_latest_only_with_trigger.py for tasks to queue
[2024-02-23T17:24:15.960+0000] {logging_mixin.py:188} INFO - [2024-02-23T17:24:15.959+0000] {dagbag.py:538} INFO - Filling up the DagBag from /home/airflow/.local/lib/python3.8/site-packages/airflow/example_dags/example_latest_only_with_trigger.py
[2024-02-23T17:24:15.969+0000] {processor.py:840} INFO - DAG(s) 'latest_only_with_trigger' retrieved from /home/airflow/.local/lib/python3.8/site-packages/airflow/example_dags/example_latest_only_with_trigger.py
[2024-02-23T17:24:15.994+0000] {logging_mixin.py:188} INFO - [2024-02-23T17:24:15.994+0000] {dag.py:3033} INFO - Sync 1 DAGs
[2024-02-23T17:24:16.021+0000] {logging_mixin.py:188} INFO - [2024-02-23T17:24:16.020+0000] {dag.py:3820} INFO - Setting next_dagrun for latest_only_with_trigger to 2024-02-23T12:00:00+00:00, run_after=2024-02-23T16:00:00+00:00
[2024-02-23T17:24:16.082+0000] {processor.py:183} INFO - Processing /home/airflow/.local/lib/python3.8/site-packages/airflow/example_dags/example_latest_only_with_trigger.py took 0.128 seconds
[2024-02-23T17:24:46.335+0000] {processor.py:161} INFO - Started process (PID=5428) to work on /home/airflow/.local/lib/python3.8/site-packages/airflow/example_dags/example_latest_only_with_trigger.py
[2024-02-23T17:24:46.337+0000] {processor.py:830} INFO - Processing file /home/airflow/.local/lib/python3.8/site-packages/airflow/example_dags/example_latest_only_with_trigger.py for tasks to queue
[2024-02-23T17:24:46.338+0000] {logging_mixin.py:188} INFO - [2024-02-23T17:24:46.338+0000] {dagbag.py:538} INFO - Filling up the DagBag from /home/airflow/.local/lib/python3.8/site-packages/airflow/example_dags/example_latest_only_with_trigger.py
[2024-02-23T17:24:46.348+0000] {processor.py:840} INFO - DAG(s) 'latest_only_with_trigger' retrieved from /home/airflow/.local/lib/python3.8/site-packages/airflow/example_dags/example_latest_only_with_trigger.py
[2024-02-23T17:24:46.375+0000] {logging_mixin.py:188} INFO - [2024-02-23T17:24:46.375+0000] {dag.py:3033} INFO - Sync 1 DAGs
[2024-02-23T17:24:46.398+0000] {logging_mixin.py:188} INFO - [2024-02-23T17:24:46.397+0000] {dag.py:3820} INFO - Setting next_dagrun for latest_only_with_trigger to 2024-02-23T12:00:00+00:00, run_after=2024-02-23T16:00:00+00:00
[2024-02-23T17:24:46.418+0000] {processor.py:183} INFO - Processing /home/airflow/.local/lib/python3.8/site-packages/airflow/example_dags/example_latest_only_with_trigger.py took 0.087 seconds
[2024-02-23T17:25:17.449+0000] {processor.py:161} INFO - Started process (PID=5486) to work on /home/airflow/.local/lib/python3.8/site-packages/airflow/example_dags/example_latest_only_with_trigger.py
[2024-02-23T17:25:17.450+0000] {processor.py:830} INFO - Processing file /home/airflow/.local/lib/python3.8/site-packages/airflow/example_dags/example_latest_only_with_trigger.py for tasks to queue
[2024-02-23T17:25:17.451+0000] {logging_mixin.py:188} INFO - [2024-02-23T17:25:17.451+0000] {dagbag.py:538} INFO - Filling up the DagBag from /home/airflow/.local/lib/python3.8/site-packages/airflow/example_dags/example_latest_only_with_trigger.py
[2024-02-23T17:25:17.461+0000] {processor.py:840} INFO - DAG(s) 'latest_only_with_trigger' retrieved from /home/airflow/.local/lib/python3.8/site-packages/airflow/example_dags/example_latest_only_with_trigger.py
[2024-02-23T17:25:17.493+0000] {logging_mixin.py:188} INFO - [2024-02-23T17:25:17.493+0000] {dag.py:3033} INFO - Sync 1 DAGs
[2024-02-23T17:25:17.527+0000] {logging_mixin.py:188} INFO - [2024-02-23T17:25:17.527+0000] {dag.py:3820} INFO - Setting next_dagrun for latest_only_with_trigger to 2024-02-23T12:00:00+00:00, run_after=2024-02-23T16:00:00+00:00
[2024-02-23T17:25:17.556+0000] {processor.py:183} INFO - Processing /home/airflow/.local/lib/python3.8/site-packages/airflow/example_dags/example_latest_only_with_trigger.py took 0.113 seconds
[2024-02-23T17:25:47.756+0000] {processor.py:161} INFO - Started process (PID=5543) to work on /home/airflow/.local/lib/python3.8/site-packages/airflow/example_dags/example_latest_only_with_trigger.py
[2024-02-23T17:25:47.757+0000] {processor.py:830} INFO - Processing file /home/airflow/.local/lib/python3.8/site-packages/airflow/example_dags/example_latest_only_with_trigger.py for tasks to queue
[2024-02-23T17:25:47.758+0000] {logging_mixin.py:188} INFO - [2024-02-23T17:25:47.758+0000] {dagbag.py:538} INFO - Filling up the DagBag from /home/airflow/.local/lib/python3.8/site-packages/airflow/example_dags/example_latest_only_with_trigger.py
[2024-02-23T17:25:47.767+0000] {processor.py:840} INFO - DAG(s) 'latest_only_with_trigger' retrieved from /home/airflow/.local/lib/python3.8/site-packages/airflow/example_dags/example_latest_only_with_trigger.py
[2024-02-23T17:25:47.799+0000] {logging_mixin.py:188} INFO - [2024-02-23T17:25:47.799+0000] {dag.py:3033} INFO - Sync 1 DAGs
[2024-02-23T17:25:47.831+0000] {logging_mixin.py:188} INFO - [2024-02-23T17:25:47.831+0000] {dag.py:3820} INFO - Setting next_dagrun for latest_only_with_trigger to 2024-02-23T12:00:00+00:00, run_after=2024-02-23T16:00:00+00:00
[2024-02-23T17:25:47.855+0000] {processor.py:183} INFO - Processing /home/airflow/.local/lib/python3.8/site-packages/airflow/example_dags/example_latest_only_with_trigger.py took 0.103 seconds
[2024-02-23T17:26:18.228+0000] {processor.py:161} INFO - Started process (PID=5600) to work on /home/airflow/.local/lib/python3.8/site-packages/airflow/example_dags/example_latest_only_with_trigger.py
[2024-02-23T17:26:18.229+0000] {processor.py:830} INFO - Processing file /home/airflow/.local/lib/python3.8/site-packages/airflow/example_dags/example_latest_only_with_trigger.py for tasks to queue
[2024-02-23T17:26:18.230+0000] {logging_mixin.py:188} INFO - [2024-02-23T17:26:18.230+0000] {dagbag.py:538} INFO - Filling up the DagBag from /home/airflow/.local/lib/python3.8/site-packages/airflow/example_dags/example_latest_only_with_trigger.py
[2024-02-23T17:26:18.241+0000] {processor.py:840} INFO - DAG(s) 'latest_only_with_trigger' retrieved from /home/airflow/.local/lib/python3.8/site-packages/airflow/example_dags/example_latest_only_with_trigger.py
[2024-02-23T17:26:18.268+0000] {logging_mixin.py:188} INFO - [2024-02-23T17:26:18.268+0000] {dag.py:3033} INFO - Sync 1 DAGs
[2024-02-23T17:26:18.295+0000] {logging_mixin.py:188} INFO - [2024-02-23T17:26:18.295+0000] {dag.py:3820} INFO - Setting next_dagrun for latest_only_with_trigger to 2024-02-23T12:00:00+00:00, run_after=2024-02-23T16:00:00+00:00
[2024-02-23T17:26:18.356+0000] {processor.py:183} INFO - Processing /home/airflow/.local/lib/python3.8/site-packages/airflow/example_dags/example_latest_only_with_trigger.py took 0.132 seconds
[2024-02-23T17:26:48.868+0000] {processor.py:161} INFO - Started process (PID=5657) to work on /home/airflow/.local/lib/python3.8/site-packages/airflow/example_dags/example_latest_only_with_trigger.py
[2024-02-23T17:26:48.869+0000] {processor.py:830} INFO - Processing file /home/airflow/.local/lib/python3.8/site-packages/airflow/example_dags/example_latest_only_with_trigger.py for tasks to queue
[2024-02-23T17:26:48.871+0000] {logging_mixin.py:188} INFO - [2024-02-23T17:26:48.870+0000] {dagbag.py:538} INFO - Filling up the DagBag from /home/airflow/.local/lib/python3.8/site-packages/airflow/example_dags/example_latest_only_with_trigger.py
[2024-02-23T17:26:48.881+0000] {processor.py:840} INFO - DAG(s) 'latest_only_with_trigger' retrieved from /home/airflow/.local/lib/python3.8/site-packages/airflow/example_dags/example_latest_only_with_trigger.py
[2024-02-23T17:26:48.912+0000] {logging_mixin.py:188} INFO - [2024-02-23T17:26:48.912+0000] {dag.py:3033} INFO - Sync 1 DAGs
[2024-02-23T17:26:48.946+0000] {logging_mixin.py:188} INFO - [2024-02-23T17:26:48.945+0000] {dag.py:3820} INFO - Setting next_dagrun for latest_only_with_trigger to 2024-02-23T12:00:00+00:00, run_after=2024-02-23T16:00:00+00:00
[2024-02-23T17:26:48.976+0000] {processor.py:183} INFO - Processing /home/airflow/.local/lib/python3.8/site-packages/airflow/example_dags/example_latest_only_with_trigger.py took 0.114 seconds
[2024-02-23T17:27:19.433+0000] {processor.py:161} INFO - Started process (PID=5714) to work on /home/airflow/.local/lib/python3.8/site-packages/airflow/example_dags/example_latest_only_with_trigger.py
[2024-02-23T17:27:19.435+0000] {processor.py:830} INFO - Processing file /home/airflow/.local/lib/python3.8/site-packages/airflow/example_dags/example_latest_only_with_trigger.py for tasks to queue
[2024-02-23T17:27:19.436+0000] {logging_mixin.py:188} INFO - [2024-02-23T17:27:19.436+0000] {dagbag.py:538} INFO - Filling up the DagBag from /home/airflow/.local/lib/python3.8/site-packages/airflow/example_dags/example_latest_only_with_trigger.py
[2024-02-23T17:27:19.446+0000] {processor.py:840} INFO - DAG(s) 'latest_only_with_trigger' retrieved from /home/airflow/.local/lib/python3.8/site-packages/airflow/example_dags/example_latest_only_with_trigger.py
[2024-02-23T17:27:19.478+0000] {logging_mixin.py:188} INFO - [2024-02-23T17:27:19.478+0000] {dag.py:3033} INFO - Sync 1 DAGs
[2024-02-23T17:27:19.507+0000] {logging_mixin.py:188} INFO - [2024-02-23T17:27:19.507+0000] {dag.py:3820} INFO - Setting next_dagrun for latest_only_with_trigger to 2024-02-23T12:00:00+00:00, run_after=2024-02-23T16:00:00+00:00
[2024-02-23T17:27:19.570+0000] {processor.py:183} INFO - Processing /home/airflow/.local/lib/python3.8/site-packages/airflow/example_dags/example_latest_only_with_trigger.py took 0.141 seconds
[2024-02-23T17:27:50.389+0000] {processor.py:161} INFO - Started process (PID=5771) to work on /home/airflow/.local/lib/python3.8/site-packages/airflow/example_dags/example_latest_only_with_trigger.py
[2024-02-23T17:27:50.390+0000] {processor.py:830} INFO - Processing file /home/airflow/.local/lib/python3.8/site-packages/airflow/example_dags/example_latest_only_with_trigger.py for tasks to queue
[2024-02-23T17:27:50.391+0000] {logging_mixin.py:188} INFO - [2024-02-23T17:27:50.391+0000] {dagbag.py:538} INFO - Filling up the DagBag from /home/airflow/.local/lib/python3.8/site-packages/airflow/example_dags/example_latest_only_with_trigger.py
[2024-02-23T17:27:50.399+0000] {processor.py:840} INFO - DAG(s) 'latest_only_with_trigger' retrieved from /home/airflow/.local/lib/python3.8/site-packages/airflow/example_dags/example_latest_only_with_trigger.py
[2024-02-23T17:27:50.426+0000] {logging_mixin.py:188} INFO - [2024-02-23T17:27:50.426+0000] {dag.py:3033} INFO - Sync 1 DAGs
[2024-02-23T17:27:50.450+0000] {logging_mixin.py:188} INFO - [2024-02-23T17:27:50.450+0000] {dag.py:3820} INFO - Setting next_dagrun for latest_only_with_trigger to 2024-02-23T12:00:00+00:00, run_after=2024-02-23T16:00:00+00:00
[2024-02-23T17:27:50.509+0000] {processor.py:183} INFO - Processing /home/airflow/.local/lib/python3.8/site-packages/airflow/example_dags/example_latest_only_with_trigger.py took 0.124 seconds
[2024-02-23T17:28:20.984+0000] {processor.py:161} INFO - Started process (PID=5828) to work on /home/airflow/.local/lib/python3.8/site-packages/airflow/example_dags/example_latest_only_with_trigger.py
[2024-02-23T17:28:20.985+0000] {processor.py:830} INFO - Processing file /home/airflow/.local/lib/python3.8/site-packages/airflow/example_dags/example_latest_only_with_trigger.py for tasks to queue
[2024-02-23T17:28:20.986+0000] {logging_mixin.py:188} INFO - [2024-02-23T17:28:20.986+0000] {dagbag.py:538} INFO - Filling up the DagBag from /home/airflow/.local/lib/python3.8/site-packages/airflow/example_dags/example_latest_only_with_trigger.py
[2024-02-23T17:28:20.995+0000] {processor.py:840} INFO - DAG(s) 'latest_only_with_trigger' retrieved from /home/airflow/.local/lib/python3.8/site-packages/airflow/example_dags/example_latest_only_with_trigger.py
[2024-02-23T17:28:21.020+0000] {logging_mixin.py:188} INFO - [2024-02-23T17:28:21.020+0000] {dag.py:3033} INFO - Sync 1 DAGs
[2024-02-23T17:28:21.045+0000] {logging_mixin.py:188} INFO - [2024-02-23T17:28:21.045+0000] {dag.py:3820} INFO - Setting next_dagrun for latest_only_with_trigger to 2024-02-23T12:00:00+00:00, run_after=2024-02-23T16:00:00+00:00
[2024-02-23T17:28:21.104+0000] {processor.py:183} INFO - Processing /home/airflow/.local/lib/python3.8/site-packages/airflow/example_dags/example_latest_only_with_trigger.py took 0.124 seconds
[2024-02-23T17:28:51.706+0000] {processor.py:161} INFO - Started process (PID=5885) to work on /home/airflow/.local/lib/python3.8/site-packages/airflow/example_dags/example_latest_only_with_trigger.py
[2024-02-23T17:28:51.707+0000] {processor.py:830} INFO - Processing file /home/airflow/.local/lib/python3.8/site-packages/airflow/example_dags/example_latest_only_with_trigger.py for tasks to queue
[2024-02-23T17:28:51.709+0000] {logging_mixin.py:188} INFO - [2024-02-23T17:28:51.709+0000] {dagbag.py:538} INFO - Filling up the DagBag from /home/airflow/.local/lib/python3.8/site-packages/airflow/example_dags/example_latest_only_with_trigger.py
[2024-02-23T17:28:51.718+0000] {processor.py:840} INFO - DAG(s) 'latest_only_with_trigger' retrieved from /home/airflow/.local/lib/python3.8/site-packages/airflow/example_dags/example_latest_only_with_trigger.py
[2024-02-23T17:28:51.746+0000] {logging_mixin.py:188} INFO - [2024-02-23T17:28:51.745+0000] {dag.py:3033} INFO - Sync 1 DAGs
[2024-02-23T17:28:51.774+0000] {logging_mixin.py:188} INFO - [2024-02-23T17:28:51.773+0000] {dag.py:3820} INFO - Setting next_dagrun for latest_only_with_trigger to 2024-02-23T12:00:00+00:00, run_after=2024-02-23T16:00:00+00:00
[2024-02-23T17:28:51.801+0000] {processor.py:183} INFO - Processing /home/airflow/.local/lib/python3.8/site-packages/airflow/example_dags/example_latest_only_with_trigger.py took 0.100 seconds
[2024-02-23T17:29:22.426+0000] {processor.py:161} INFO - Started process (PID=5942) to work on /home/airflow/.local/lib/python3.8/site-packages/airflow/example_dags/example_latest_only_with_trigger.py
[2024-02-23T17:29:22.428+0000] {processor.py:830} INFO - Processing file /home/airflow/.local/lib/python3.8/site-packages/airflow/example_dags/example_latest_only_with_trigger.py for tasks to queue
[2024-02-23T17:29:22.429+0000] {logging_mixin.py:188} INFO - [2024-02-23T17:29:22.428+0000] {dagbag.py:538} INFO - Filling up the DagBag from /home/airflow/.local/lib/python3.8/site-packages/airflow/example_dags/example_latest_only_with_trigger.py
[2024-02-23T17:29:22.439+0000] {processor.py:840} INFO - DAG(s) 'latest_only_with_trigger' retrieved from /home/airflow/.local/lib/python3.8/site-packages/airflow/example_dags/example_latest_only_with_trigger.py
[2024-02-23T17:29:22.470+0000] {logging_mixin.py:188} INFO - [2024-02-23T17:29:22.469+0000] {dag.py:3033} INFO - Sync 1 DAGs
[2024-02-23T17:29:22.499+0000] {logging_mixin.py:188} INFO - [2024-02-23T17:29:22.499+0000] {dag.py:3820} INFO - Setting next_dagrun for latest_only_with_trigger to 2024-02-23T12:00:00+00:00, run_after=2024-02-23T16:00:00+00:00
[2024-02-23T17:29:22.525+0000] {processor.py:183} INFO - Processing /home/airflow/.local/lib/python3.8/site-packages/airflow/example_dags/example_latest_only_with_trigger.py took 0.103 seconds
[2024-02-23T17:29:52.783+0000] {processor.py:161} INFO - Started process (PID=5999) to work on /home/airflow/.local/lib/python3.8/site-packages/airflow/example_dags/example_latest_only_with_trigger.py
[2024-02-23T17:29:52.784+0000] {processor.py:830} INFO - Processing file /home/airflow/.local/lib/python3.8/site-packages/airflow/example_dags/example_latest_only_with_trigger.py for tasks to queue
[2024-02-23T17:29:52.785+0000] {logging_mixin.py:188} INFO - [2024-02-23T17:29:52.785+0000] {dagbag.py:538} INFO - Filling up the DagBag from /home/airflow/.local/lib/python3.8/site-packages/airflow/example_dags/example_latest_only_with_trigger.py
[2024-02-23T17:29:52.793+0000] {processor.py:840} INFO - DAG(s) 'latest_only_with_trigger' retrieved from /home/airflow/.local/lib/python3.8/site-packages/airflow/example_dags/example_latest_only_with_trigger.py
[2024-02-23T17:29:52.819+0000] {logging_mixin.py:188} INFO - [2024-02-23T17:29:52.819+0000] {dag.py:3033} INFO - Sync 1 DAGs
[2024-02-23T17:29:52.845+0000] {logging_mixin.py:188} INFO - [2024-02-23T17:29:52.845+0000] {dag.py:3820} INFO - Setting next_dagrun for latest_only_with_trigger to 2024-02-23T12:00:00+00:00, run_after=2024-02-23T16:00:00+00:00
[2024-02-23T17:29:52.912+0000] {processor.py:183} INFO - Processing /home/airflow/.local/lib/python3.8/site-packages/airflow/example_dags/example_latest_only_with_trigger.py took 0.134 seconds
[2024-02-23T17:30:23.196+0000] {processor.py:161} INFO - Started process (PID=6056) to work on /home/airflow/.local/lib/python3.8/site-packages/airflow/example_dags/example_latest_only_with_trigger.py
[2024-02-23T17:30:23.197+0000] {processor.py:830} INFO - Processing file /home/airflow/.local/lib/python3.8/site-packages/airflow/example_dags/example_latest_only_with_trigger.py for tasks to queue
[2024-02-23T17:30:23.200+0000] {logging_mixin.py:188} INFO - [2024-02-23T17:30:23.199+0000] {dagbag.py:538} INFO - Filling up the DagBag from /home/airflow/.local/lib/python3.8/site-packages/airflow/example_dags/example_latest_only_with_trigger.py
[2024-02-23T17:30:23.210+0000] {processor.py:840} INFO - DAG(s) 'latest_only_with_trigger' retrieved from /home/airflow/.local/lib/python3.8/site-packages/airflow/example_dags/example_latest_only_with_trigger.py
[2024-02-23T17:30:23.239+0000] {logging_mixin.py:188} INFO - [2024-02-23T17:30:23.238+0000] {dag.py:3033} INFO - Sync 1 DAGs
[2024-02-23T17:30:23.270+0000] {logging_mixin.py:188} INFO - [2024-02-23T17:30:23.270+0000] {dag.py:3820} INFO - Setting next_dagrun for latest_only_with_trigger to 2024-02-23T12:00:00+00:00, run_after=2024-02-23T16:00:00+00:00
[2024-02-23T17:30:23.295+0000] {processor.py:183} INFO - Processing /home/airflow/.local/lib/python3.8/site-packages/airflow/example_dags/example_latest_only_with_trigger.py took 0.105 seconds
[2024-02-23T17:30:53.505+0000] {processor.py:161} INFO - Started process (PID=6113) to work on /home/airflow/.local/lib/python3.8/site-packages/airflow/example_dags/example_latest_only_with_trigger.py
[2024-02-23T17:30:53.507+0000] {processor.py:830} INFO - Processing file /home/airflow/.local/lib/python3.8/site-packages/airflow/example_dags/example_latest_only_with_trigger.py for tasks to queue
[2024-02-23T17:30:53.508+0000] {logging_mixin.py:188} INFO - [2024-02-23T17:30:53.508+0000] {dagbag.py:538} INFO - Filling up the DagBag from /home/airflow/.local/lib/python3.8/site-packages/airflow/example_dags/example_latest_only_with_trigger.py
[2024-02-23T17:30:53.522+0000] {processor.py:840} INFO - DAG(s) 'latest_only_with_trigger' retrieved from /home/airflow/.local/lib/python3.8/site-packages/airflow/example_dags/example_latest_only_with_trigger.py
[2024-02-23T17:30:53.560+0000] {logging_mixin.py:188} INFO - [2024-02-23T17:30:53.559+0000] {dag.py:3033} INFO - Sync 1 DAGs
[2024-02-23T17:30:53.591+0000] {logging_mixin.py:188} INFO - [2024-02-23T17:30:53.591+0000] {dag.py:3820} INFO - Setting next_dagrun for latest_only_with_trigger to 2024-02-23T12:00:00+00:00, run_after=2024-02-23T16:00:00+00:00
[2024-02-23T17:30:53.612+0000] {processor.py:183} INFO - Processing /home/airflow/.local/lib/python3.8/site-packages/airflow/example_dags/example_latest_only_with_trigger.py took 0.111 seconds
[2024-02-23T17:31:24.115+0000] {processor.py:161} INFO - Started process (PID=6170) to work on /home/airflow/.local/lib/python3.8/site-packages/airflow/example_dags/example_latest_only_with_trigger.py
[2024-02-23T17:31:24.116+0000] {processor.py:830} INFO - Processing file /home/airflow/.local/lib/python3.8/site-packages/airflow/example_dags/example_latest_only_with_trigger.py for tasks to queue
[2024-02-23T17:31:24.117+0000] {logging_mixin.py:188} INFO - [2024-02-23T17:31:24.117+0000] {dagbag.py:538} INFO - Filling up the DagBag from /home/airflow/.local/lib/python3.8/site-packages/airflow/example_dags/example_latest_only_with_trigger.py
[2024-02-23T17:31:24.128+0000] {processor.py:840} INFO - DAG(s) 'latest_only_with_trigger' retrieved from /home/airflow/.local/lib/python3.8/site-packages/airflow/example_dags/example_latest_only_with_trigger.py
[2024-02-23T17:31:24.156+0000] {logging_mixin.py:188} INFO - [2024-02-23T17:31:24.156+0000] {dag.py:3033} INFO - Sync 1 DAGs
[2024-02-23T17:31:24.185+0000] {logging_mixin.py:188} INFO - [2024-02-23T17:31:24.185+0000] {dag.py:3820} INFO - Setting next_dagrun for latest_only_with_trigger to 2024-02-23T12:00:00+00:00, run_after=2024-02-23T16:00:00+00:00
[2024-02-23T17:31:24.208+0000] {processor.py:183} INFO - Processing /home/airflow/.local/lib/python3.8/site-packages/airflow/example_dags/example_latest_only_with_trigger.py took 0.099 seconds
[2024-02-23T17:31:54.998+0000] {processor.py:161} INFO - Started process (PID=6227) to work on /home/airflow/.local/lib/python3.8/site-packages/airflow/example_dags/example_latest_only_with_trigger.py
[2024-02-23T17:31:54.999+0000] {processor.py:830} INFO - Processing file /home/airflow/.local/lib/python3.8/site-packages/airflow/example_dags/example_latest_only_with_trigger.py for tasks to queue
[2024-02-23T17:31:55.001+0000] {logging_mixin.py:188} INFO - [2024-02-23T17:31:55.000+0000] {dagbag.py:538} INFO - Filling up the DagBag from /home/airflow/.local/lib/python3.8/site-packages/airflow/example_dags/example_latest_only_with_trigger.py
[2024-02-23T17:31:55.010+0000] {processor.py:840} INFO - DAG(s) 'latest_only_with_trigger' retrieved from /home/airflow/.local/lib/python3.8/site-packages/airflow/example_dags/example_latest_only_with_trigger.py
[2024-02-23T17:31:55.038+0000] {logging_mixin.py:188} INFO - [2024-02-23T17:31:55.038+0000] {dag.py:3033} INFO - Sync 1 DAGs
[2024-02-23T17:31:55.065+0000] {logging_mixin.py:188} INFO - [2024-02-23T17:31:55.065+0000] {dag.py:3820} INFO - Setting next_dagrun for latest_only_with_trigger to 2024-02-23T12:00:00+00:00, run_after=2024-02-23T16:00:00+00:00
[2024-02-23T17:31:55.123+0000] {processor.py:183} INFO - Processing /home/airflow/.local/lib/python3.8/site-packages/airflow/example_dags/example_latest_only_with_trigger.py took 0.129 seconds
[2024-02-23T17:32:25.937+0000] {processor.py:161} INFO - Started process (PID=6284) to work on /home/airflow/.local/lib/python3.8/site-packages/airflow/example_dags/example_latest_only_with_trigger.py
[2024-02-23T17:32:25.938+0000] {processor.py:830} INFO - Processing file /home/airflow/.local/lib/python3.8/site-packages/airflow/example_dags/example_latest_only_with_trigger.py for tasks to queue
[2024-02-23T17:32:25.939+0000] {logging_mixin.py:188} INFO - [2024-02-23T17:32:25.939+0000] {dagbag.py:538} INFO - Filling up the DagBag from /home/airflow/.local/lib/python3.8/site-packages/airflow/example_dags/example_latest_only_with_trigger.py
[2024-02-23T17:32:25.949+0000] {processor.py:840} INFO - DAG(s) 'latest_only_with_trigger' retrieved from /home/airflow/.local/lib/python3.8/site-packages/airflow/example_dags/example_latest_only_with_trigger.py
[2024-02-23T17:32:25.976+0000] {logging_mixin.py:188} INFO - [2024-02-23T17:32:25.976+0000] {dag.py:3033} INFO - Sync 1 DAGs
[2024-02-23T17:32:26.009+0000] {logging_mixin.py:188} INFO - [2024-02-23T17:32:26.009+0000] {dag.py:3820} INFO - Setting next_dagrun for latest_only_with_trigger to 2024-02-23T12:00:00+00:00, run_after=2024-02-23T16:00:00+00:00
[2024-02-23T17:32:26.039+0000] {processor.py:183} INFO - Processing /home/airflow/.local/lib/python3.8/site-packages/airflow/example_dags/example_latest_only_with_trigger.py took 0.106 seconds
[2024-02-23T17:32:56.327+0000] {processor.py:161} INFO - Started process (PID=6341) to work on /home/airflow/.local/lib/python3.8/site-packages/airflow/example_dags/example_latest_only_with_trigger.py
[2024-02-23T17:32:56.328+0000] {processor.py:830} INFO - Processing file /home/airflow/.local/lib/python3.8/site-packages/airflow/example_dags/example_latest_only_with_trigger.py for tasks to queue
[2024-02-23T17:32:56.330+0000] {logging_mixin.py:188} INFO - [2024-02-23T17:32:56.329+0000] {dagbag.py:538} INFO - Filling up the DagBag from /home/airflow/.local/lib/python3.8/site-packages/airflow/example_dags/example_latest_only_with_trigger.py
[2024-02-23T17:32:56.348+0000] {processor.py:840} INFO - DAG(s) 'latest_only_with_trigger' retrieved from /home/airflow/.local/lib/python3.8/site-packages/airflow/example_dags/example_latest_only_with_trigger.py
[2024-02-23T17:32:56.381+0000] {logging_mixin.py:188} INFO - [2024-02-23T17:32:56.381+0000] {dag.py:3033} INFO - Sync 1 DAGs
[2024-02-23T17:32:56.415+0000] {logging_mixin.py:188} INFO - [2024-02-23T17:32:56.415+0000] {dag.py:3820} INFO - Setting next_dagrun for latest_only_with_trigger to 2024-02-23T12:00:00+00:00, run_after=2024-02-23T16:00:00+00:00
[2024-02-23T17:32:56.437+0000] {processor.py:183} INFO - Processing /home/airflow/.local/lib/python3.8/site-packages/airflow/example_dags/example_latest_only_with_trigger.py took 0.115 seconds
[2024-02-23T17:33:26.697+0000] {processor.py:161} INFO - Started process (PID=6398) to work on /home/airflow/.local/lib/python3.8/site-packages/airflow/example_dags/example_latest_only_with_trigger.py
[2024-02-23T17:33:26.699+0000] {processor.py:830} INFO - Processing file /home/airflow/.local/lib/python3.8/site-packages/airflow/example_dags/example_latest_only_with_trigger.py for tasks to queue
[2024-02-23T17:33:26.700+0000] {logging_mixin.py:188} INFO - [2024-02-23T17:33:26.700+0000] {dagbag.py:538} INFO - Filling up the DagBag from /home/airflow/.local/lib/python3.8/site-packages/airflow/example_dags/example_latest_only_with_trigger.py
[2024-02-23T17:33:26.710+0000] {processor.py:840} INFO - DAG(s) 'latest_only_with_trigger' retrieved from /home/airflow/.local/lib/python3.8/site-packages/airflow/example_dags/example_latest_only_with_trigger.py
[2024-02-23T17:33:26.739+0000] {logging_mixin.py:188} INFO - [2024-02-23T17:33:26.738+0000] {dag.py:3033} INFO - Sync 1 DAGs
[2024-02-23T17:33:26.782+0000] {logging_mixin.py:188} INFO - [2024-02-23T17:33:26.781+0000] {dag.py:3820} INFO - Setting next_dagrun for latest_only_with_trigger to 2024-02-23T12:00:00+00:00, run_after=2024-02-23T16:00:00+00:00
[2024-02-23T17:33:26.853+0000] {processor.py:183} INFO - Processing /home/airflow/.local/lib/python3.8/site-packages/airflow/example_dags/example_latest_only_with_trigger.py took 0.160 seconds
[2024-02-23T17:33:57.359+0000] {processor.py:161} INFO - Started process (PID=6455) to work on /home/airflow/.local/lib/python3.8/site-packages/airflow/example_dags/example_latest_only_with_trigger.py
[2024-02-23T17:33:57.360+0000] {processor.py:830} INFO - Processing file /home/airflow/.local/lib/python3.8/site-packages/airflow/example_dags/example_latest_only_with_trigger.py for tasks to queue
[2024-02-23T17:33:57.362+0000] {logging_mixin.py:188} INFO - [2024-02-23T17:33:57.361+0000] {dagbag.py:538} INFO - Filling up the DagBag from /home/airflow/.local/lib/python3.8/site-packages/airflow/example_dags/example_latest_only_with_trigger.py
[2024-02-23T17:33:57.370+0000] {processor.py:840} INFO - DAG(s) 'latest_only_with_trigger' retrieved from /home/airflow/.local/lib/python3.8/site-packages/airflow/example_dags/example_latest_only_with_trigger.py
[2024-02-23T17:33:57.397+0000] {logging_mixin.py:188} INFO - [2024-02-23T17:33:57.397+0000] {dag.py:3033} INFO - Sync 1 DAGs
[2024-02-23T17:33:57.426+0000] {logging_mixin.py:188} INFO - [2024-02-23T17:33:57.426+0000] {dag.py:3820} INFO - Setting next_dagrun for latest_only_with_trigger to 2024-02-23T12:00:00+00:00, run_after=2024-02-23T16:00:00+00:00
[2024-02-23T17:33:57.449+0000] {processor.py:183} INFO - Processing /home/airflow/.local/lib/python3.8/site-packages/airflow/example_dags/example_latest_only_with_trigger.py took 0.093 seconds
[2024-02-23T17:34:28.293+0000] {processor.py:161} INFO - Started process (PID=6513) to work on /home/airflow/.local/lib/python3.8/site-packages/airflow/example_dags/example_latest_only_with_trigger.py
[2024-02-23T17:34:28.294+0000] {processor.py:830} INFO - Processing file /home/airflow/.local/lib/python3.8/site-packages/airflow/example_dags/example_latest_only_with_trigger.py for tasks to queue
[2024-02-23T17:34:28.296+0000] {logging_mixin.py:188} INFO - [2024-02-23T17:34:28.295+0000] {dagbag.py:538} INFO - Filling up the DagBag from /home/airflow/.local/lib/python3.8/site-packages/airflow/example_dags/example_latest_only_with_trigger.py
[2024-02-23T17:34:28.305+0000] {processor.py:840} INFO - DAG(s) 'latest_only_with_trigger' retrieved from /home/airflow/.local/lib/python3.8/site-packages/airflow/example_dags/example_latest_only_with_trigger.py
[2024-02-23T17:34:28.335+0000] {logging_mixin.py:188} INFO - [2024-02-23T17:34:28.335+0000] {dag.py:3033} INFO - Sync 1 DAGs
[2024-02-23T17:34:28.367+0000] {logging_mixin.py:188} INFO - [2024-02-23T17:34:28.367+0000] {dag.py:3820} INFO - Setting next_dagrun for latest_only_with_trigger to 2024-02-23T12:00:00+00:00, run_after=2024-02-23T16:00:00+00:00
[2024-02-23T17:34:28.393+0000] {processor.py:183} INFO - Processing /home/airflow/.local/lib/python3.8/site-packages/airflow/example_dags/example_latest_only_with_trigger.py took 0.104 seconds
[2024-02-23T17:34:58.563+0000] {processor.py:161} INFO - Started process (PID=6570) to work on /home/airflow/.local/lib/python3.8/site-packages/airflow/example_dags/example_latest_only_with_trigger.py
[2024-02-23T17:34:58.564+0000] {processor.py:830} INFO - Processing file /home/airflow/.local/lib/python3.8/site-packages/airflow/example_dags/example_latest_only_with_trigger.py for tasks to queue
[2024-02-23T17:34:58.566+0000] {logging_mixin.py:188} INFO - [2024-02-23T17:34:58.565+0000] {dagbag.py:538} INFO - Filling up the DagBag from /home/airflow/.local/lib/python3.8/site-packages/airflow/example_dags/example_latest_only_with_trigger.py
[2024-02-23T17:34:58.575+0000] {processor.py:840} INFO - DAG(s) 'latest_only_with_trigger' retrieved from /home/airflow/.local/lib/python3.8/site-packages/airflow/example_dags/example_latest_only_with_trigger.py
[2024-02-23T17:34:58.614+0000] {logging_mixin.py:188} INFO - [2024-02-23T17:34:58.614+0000] {dag.py:3033} INFO - Sync 1 DAGs
[2024-02-23T17:34:58.650+0000] {logging_mixin.py:188} INFO - [2024-02-23T17:34:58.650+0000] {dag.py:3820} INFO - Setting next_dagrun for latest_only_with_trigger to 2024-02-23T12:00:00+00:00, run_after=2024-02-23T16:00:00+00:00
[2024-02-23T17:34:58.676+0000] {processor.py:183} INFO - Processing /home/airflow/.local/lib/python3.8/site-packages/airflow/example_dags/example_latest_only_with_trigger.py took 0.117 seconds
[2024-02-23T17:35:28.756+0000] {processor.py:161} INFO - Started process (PID=6626) to work on /home/airflow/.local/lib/python3.8/site-packages/airflow/example_dags/example_latest_only_with_trigger.py
[2024-02-23T17:35:28.757+0000] {processor.py:830} INFO - Processing file /home/airflow/.local/lib/python3.8/site-packages/airflow/example_dags/example_latest_only_with_trigger.py for tasks to queue
[2024-02-23T17:35:28.758+0000] {logging_mixin.py:188} INFO - [2024-02-23T17:35:28.758+0000] {dagbag.py:538} INFO - Filling up the DagBag from /home/airflow/.local/lib/python3.8/site-packages/airflow/example_dags/example_latest_only_with_trigger.py
[2024-02-23T17:35:28.768+0000] {processor.py:840} INFO - DAG(s) 'latest_only_with_trigger' retrieved from /home/airflow/.local/lib/python3.8/site-packages/airflow/example_dags/example_latest_only_with_trigger.py
[2024-02-23T17:35:28.797+0000] {logging_mixin.py:188} INFO - [2024-02-23T17:35:28.796+0000] {dag.py:3033} INFO - Sync 1 DAGs
[2024-02-23T17:35:28.827+0000] {logging_mixin.py:188} INFO - [2024-02-23T17:35:28.827+0000] {dag.py:3820} INFO - Setting next_dagrun for latest_only_with_trigger to 2024-02-23T12:00:00+00:00, run_after=2024-02-23T16:00:00+00:00
[2024-02-23T17:35:28.851+0000] {processor.py:183} INFO - Processing /home/airflow/.local/lib/python3.8/site-packages/airflow/example_dags/example_latest_only_with_trigger.py took 0.100 seconds
[2024-02-23T17:36:00.080+0000] {processor.py:161} INFO - Started process (PID=6684) to work on /home/airflow/.local/lib/python3.8/site-packages/airflow/example_dags/example_latest_only_with_trigger.py
[2024-02-23T17:36:00.082+0000] {processor.py:830} INFO - Processing file /home/airflow/.local/lib/python3.8/site-packages/airflow/example_dags/example_latest_only_with_trigger.py for tasks to queue
[2024-02-23T17:36:00.083+0000] {logging_mixin.py:188} INFO - [2024-02-23T17:36:00.082+0000] {dagbag.py:538} INFO - Filling up the DagBag from /home/airflow/.local/lib/python3.8/site-packages/airflow/example_dags/example_latest_only_with_trigger.py
[2024-02-23T17:36:00.092+0000] {processor.py:840} INFO - DAG(s) 'latest_only_with_trigger' retrieved from /home/airflow/.local/lib/python3.8/site-packages/airflow/example_dags/example_latest_only_with_trigger.py
[2024-02-23T17:36:00.119+0000] {logging_mixin.py:188} INFO - [2024-02-23T17:36:00.119+0000] {dag.py:3033} INFO - Sync 1 DAGs
[2024-02-23T17:36:00.147+0000] {logging_mixin.py:188} INFO - [2024-02-23T17:36:00.147+0000] {dag.py:3820} INFO - Setting next_dagrun for latest_only_with_trigger to 2024-02-23T12:00:00+00:00, run_after=2024-02-23T16:00:00+00:00
[2024-02-23T17:36:00.172+0000] {processor.py:183} INFO - Processing /home/airflow/.local/lib/python3.8/site-packages/airflow/example_dags/example_latest_only_with_trigger.py took 0.096 seconds
[2024-02-23T17:36:30.232+0000] {processor.py:161} INFO - Started process (PID=6741) to work on /home/airflow/.local/lib/python3.8/site-packages/airflow/example_dags/example_latest_only_with_trigger.py
[2024-02-23T17:36:30.234+0000] {processor.py:830} INFO - Processing file /home/airflow/.local/lib/python3.8/site-packages/airflow/example_dags/example_latest_only_with_trigger.py for tasks to queue
[2024-02-23T17:36:30.235+0000] {logging_mixin.py:188} INFO - [2024-02-23T17:36:30.234+0000] {dagbag.py:538} INFO - Filling up the DagBag from /home/airflow/.local/lib/python3.8/site-packages/airflow/example_dags/example_latest_only_with_trigger.py
[2024-02-23T17:36:30.243+0000] {processor.py:840} INFO - DAG(s) 'latest_only_with_trigger' retrieved from /home/airflow/.local/lib/python3.8/site-packages/airflow/example_dags/example_latest_only_with_trigger.py
[2024-02-23T17:36:30.267+0000] {logging_mixin.py:188} INFO - [2024-02-23T17:36:30.267+0000] {dag.py:3033} INFO - Sync 1 DAGs
[2024-02-23T17:36:30.295+0000] {logging_mixin.py:188} INFO - [2024-02-23T17:36:30.295+0000] {dag.py:3820} INFO - Setting next_dagrun for latest_only_with_trigger to 2024-02-23T12:00:00+00:00, run_after=2024-02-23T16:00:00+00:00
[2024-02-23T17:36:30.322+0000] {processor.py:183} INFO - Processing /home/airflow/.local/lib/python3.8/site-packages/airflow/example_dags/example_latest_only_with_trigger.py took 0.094 seconds
[2024-02-23T17:37:01.007+0000] {processor.py:161} INFO - Started process (PID=6798) to work on /home/airflow/.local/lib/python3.8/site-packages/airflow/example_dags/example_latest_only_with_trigger.py
[2024-02-23T17:37:01.009+0000] {processor.py:830} INFO - Processing file /home/airflow/.local/lib/python3.8/site-packages/airflow/example_dags/example_latest_only_with_trigger.py for tasks to queue
[2024-02-23T17:37:01.010+0000] {logging_mixin.py:188} INFO - [2024-02-23T17:37:01.009+0000] {dagbag.py:538} INFO - Filling up the DagBag from /home/airflow/.local/lib/python3.8/site-packages/airflow/example_dags/example_latest_only_with_trigger.py
[2024-02-23T17:37:01.019+0000] {processor.py:840} INFO - DAG(s) 'latest_only_with_trigger' retrieved from /home/airflow/.local/lib/python3.8/site-packages/airflow/example_dags/example_latest_only_with_trigger.py
[2024-02-23T17:37:01.048+0000] {logging_mixin.py:188} INFO - [2024-02-23T17:37:01.047+0000] {dag.py:3033} INFO - Sync 1 DAGs
[2024-02-23T17:37:01.079+0000] {logging_mixin.py:188} INFO - [2024-02-23T17:37:01.079+0000] {dag.py:3820} INFO - Setting next_dagrun for latest_only_with_trigger to 2024-02-23T12:00:00+00:00, run_after=2024-02-23T16:00:00+00:00
[2024-02-23T17:37:01.106+0000] {processor.py:183} INFO - Processing /home/airflow/.local/lib/python3.8/site-packages/airflow/example_dags/example_latest_only_with_trigger.py took 0.104 seconds
[2024-02-23T17:37:32.110+0000] {processor.py:161} INFO - Started process (PID=6855) to work on /home/airflow/.local/lib/python3.8/site-packages/airflow/example_dags/example_latest_only_with_trigger.py
[2024-02-23T17:37:32.111+0000] {processor.py:830} INFO - Processing file /home/airflow/.local/lib/python3.8/site-packages/airflow/example_dags/example_latest_only_with_trigger.py for tasks to queue
[2024-02-23T17:37:32.113+0000] {logging_mixin.py:188} INFO - [2024-02-23T17:37:32.112+0000] {dagbag.py:538} INFO - Filling up the DagBag from /home/airflow/.local/lib/python3.8/site-packages/airflow/example_dags/example_latest_only_with_trigger.py
[2024-02-23T17:37:32.122+0000] {processor.py:840} INFO - DAG(s) 'latest_only_with_trigger' retrieved from /home/airflow/.local/lib/python3.8/site-packages/airflow/example_dags/example_latest_only_with_trigger.py
[2024-02-23T17:37:32.147+0000] {logging_mixin.py:188} INFO - [2024-02-23T17:37:32.147+0000] {dag.py:3033} INFO - Sync 1 DAGs
[2024-02-23T17:37:32.176+0000] {logging_mixin.py:188} INFO - [2024-02-23T17:37:32.176+0000] {dag.py:3820} INFO - Setting next_dagrun for latest_only_with_trigger to 2024-02-23T12:00:00+00:00, run_after=2024-02-23T16:00:00+00:00
[2024-02-23T17:37:32.236+0000] {processor.py:183} INFO - Processing /home/airflow/.local/lib/python3.8/site-packages/airflow/example_dags/example_latest_only_with_trigger.py took 0.131 seconds
[2024-02-23T17:38:02.299+0000] {processor.py:161} INFO - Started process (PID=6912) to work on /home/airflow/.local/lib/python3.8/site-packages/airflow/example_dags/example_latest_only_with_trigger.py
[2024-02-23T17:38:02.301+0000] {processor.py:830} INFO - Processing file /home/airflow/.local/lib/python3.8/site-packages/airflow/example_dags/example_latest_only_with_trigger.py for tasks to queue
[2024-02-23T17:38:02.302+0000] {logging_mixin.py:188} INFO - [2024-02-23T17:38:02.301+0000] {dagbag.py:538} INFO - Filling up the DagBag from /home/airflow/.local/lib/python3.8/site-packages/airflow/example_dags/example_latest_only_with_trigger.py
[2024-02-23T17:38:02.310+0000] {processor.py:840} INFO - DAG(s) 'latest_only_with_trigger' retrieved from /home/airflow/.local/lib/python3.8/site-packages/airflow/example_dags/example_latest_only_with_trigger.py
[2024-02-23T17:38:02.336+0000] {logging_mixin.py:188} INFO - [2024-02-23T17:38:02.336+0000] {dag.py:3033} INFO - Sync 1 DAGs
[2024-02-23T17:38:02.361+0000] {logging_mixin.py:188} INFO - [2024-02-23T17:38:02.360+0000] {dag.py:3820} INFO - Setting next_dagrun for latest_only_with_trigger to 2024-02-23T12:00:00+00:00, run_after=2024-02-23T16:00:00+00:00
[2024-02-23T17:38:02.420+0000] {processor.py:183} INFO - Processing /home/airflow/.local/lib/python3.8/site-packages/airflow/example_dags/example_latest_only_with_trigger.py took 0.124 seconds
[2024-02-23T17:38:32.608+0000] {processor.py:161} INFO - Started process (PID=6969) to work on /home/airflow/.local/lib/python3.8/site-packages/airflow/example_dags/example_latest_only_with_trigger.py
[2024-02-23T17:38:32.610+0000] {processor.py:830} INFO - Processing file /home/airflow/.local/lib/python3.8/site-packages/airflow/example_dags/example_latest_only_with_trigger.py for tasks to queue
[2024-02-23T17:38:32.611+0000] {logging_mixin.py:188} INFO - [2024-02-23T17:38:32.611+0000] {dagbag.py:538} INFO - Filling up the DagBag from /home/airflow/.local/lib/python3.8/site-packages/airflow/example_dags/example_latest_only_with_trigger.py
[2024-02-23T17:38:32.619+0000] {processor.py:840} INFO - DAG(s) 'latest_only_with_trigger' retrieved from /home/airflow/.local/lib/python3.8/site-packages/airflow/example_dags/example_latest_only_with_trigger.py
[2024-02-23T17:38:32.645+0000] {logging_mixin.py:188} INFO - [2024-02-23T17:38:32.645+0000] {dag.py:3033} INFO - Sync 1 DAGs
[2024-02-23T17:38:32.673+0000] {logging_mixin.py:188} INFO - [2024-02-23T17:38:32.673+0000] {dag.py:3820} INFO - Setting next_dagrun for latest_only_with_trigger to 2024-02-23T12:00:00+00:00, run_after=2024-02-23T16:00:00+00:00
[2024-02-23T17:38:32.695+0000] {processor.py:183} INFO - Processing /home/airflow/.local/lib/python3.8/site-packages/airflow/example_dags/example_latest_only_with_trigger.py took 0.091 seconds
[2024-02-23T17:39:03.101+0000] {processor.py:161} INFO - Started process (PID=7026) to work on /home/airflow/.local/lib/python3.8/site-packages/airflow/example_dags/example_latest_only_with_trigger.py
[2024-02-23T17:39:03.103+0000] {processor.py:830} INFO - Processing file /home/airflow/.local/lib/python3.8/site-packages/airflow/example_dags/example_latest_only_with_trigger.py for tasks to queue
[2024-02-23T17:39:03.104+0000] {logging_mixin.py:188} INFO - [2024-02-23T17:39:03.103+0000] {dagbag.py:538} INFO - Filling up the DagBag from /home/airflow/.local/lib/python3.8/site-packages/airflow/example_dags/example_latest_only_with_trigger.py
[2024-02-23T17:39:03.114+0000] {processor.py:840} INFO - DAG(s) 'latest_only_with_trigger' retrieved from /home/airflow/.local/lib/python3.8/site-packages/airflow/example_dags/example_latest_only_with_trigger.py
[2024-02-23T17:39:03.144+0000] {logging_mixin.py:188} INFO - [2024-02-23T17:39:03.143+0000] {dag.py:3033} INFO - Sync 1 DAGs
[2024-02-23T17:39:03.178+0000] {logging_mixin.py:188} INFO - [2024-02-23T17:39:03.178+0000] {dag.py:3820} INFO - Setting next_dagrun for latest_only_with_trigger to 2024-02-23T12:00:00+00:00, run_after=2024-02-23T16:00:00+00:00
[2024-02-23T17:39:03.204+0000] {processor.py:183} INFO - Processing /home/airflow/.local/lib/python3.8/site-packages/airflow/example_dags/example_latest_only_with_trigger.py took 0.108 seconds
[2024-02-23T17:39:33.594+0000] {processor.py:161} INFO - Started process (PID=7083) to work on /home/airflow/.local/lib/python3.8/site-packages/airflow/example_dags/example_latest_only_with_trigger.py
[2024-02-23T17:39:33.596+0000] {processor.py:830} INFO - Processing file /home/airflow/.local/lib/python3.8/site-packages/airflow/example_dags/example_latest_only_with_trigger.py for tasks to queue
[2024-02-23T17:39:33.597+0000] {logging_mixin.py:188} INFO - [2024-02-23T17:39:33.597+0000] {dagbag.py:538} INFO - Filling up the DagBag from /home/airflow/.local/lib/python3.8/site-packages/airflow/example_dags/example_latest_only_with_trigger.py
[2024-02-23T17:39:33.605+0000] {processor.py:840} INFO - DAG(s) 'latest_only_with_trigger' retrieved from /home/airflow/.local/lib/python3.8/site-packages/airflow/example_dags/example_latest_only_with_trigger.py
[2024-02-23T17:39:33.632+0000] {logging_mixin.py:188} INFO - [2024-02-23T17:39:33.632+0000] {dag.py:3033} INFO - Sync 1 DAGs
[2024-02-23T17:39:33.661+0000] {logging_mixin.py:188} INFO - [2024-02-23T17:39:33.661+0000] {dag.py:3820} INFO - Setting next_dagrun for latest_only_with_trigger to 2024-02-23T12:00:00+00:00, run_after=2024-02-23T16:00:00+00:00
[2024-02-23T17:39:33.724+0000] {processor.py:183} INFO - Processing /home/airflow/.local/lib/python3.8/site-packages/airflow/example_dags/example_latest_only_with_trigger.py took 0.133 seconds
[2024-02-23T17:40:04.055+0000] {processor.py:161} INFO - Started process (PID=7140) to work on /home/airflow/.local/lib/python3.8/site-packages/airflow/example_dags/example_latest_only_with_trigger.py
[2024-02-23T17:40:04.057+0000] {processor.py:830} INFO - Processing file /home/airflow/.local/lib/python3.8/site-packages/airflow/example_dags/example_latest_only_with_trigger.py for tasks to queue
[2024-02-23T17:40:04.058+0000] {logging_mixin.py:188} INFO - [2024-02-23T17:40:04.058+0000] {dagbag.py:538} INFO - Filling up the DagBag from /home/airflow/.local/lib/python3.8/site-packages/airflow/example_dags/example_latest_only_with_trigger.py
[2024-02-23T17:40:04.070+0000] {processor.py:840} INFO - DAG(s) 'latest_only_with_trigger' retrieved from /home/airflow/.local/lib/python3.8/site-packages/airflow/example_dags/example_latest_only_with_trigger.py
[2024-02-23T17:40:04.104+0000] {logging_mixin.py:188} INFO - [2024-02-23T17:40:04.103+0000] {dag.py:3033} INFO - Sync 1 DAGs
[2024-02-23T17:40:04.132+0000] {logging_mixin.py:188} INFO - [2024-02-23T17:40:04.132+0000] {dag.py:3820} INFO - Setting next_dagrun for latest_only_with_trigger to 2024-02-23T12:00:00+00:00, run_after=2024-02-23T16:00:00+00:00
[2024-02-23T17:40:04.187+0000] {processor.py:183} INFO - Processing /home/airflow/.local/lib/python3.8/site-packages/airflow/example_dags/example_latest_only_with_trigger.py took 0.137 seconds
[2024-02-23T17:40:34.483+0000] {processor.py:161} INFO - Started process (PID=7197) to work on /home/airflow/.local/lib/python3.8/site-packages/airflow/example_dags/example_latest_only_with_trigger.py
[2024-02-23T17:40:34.484+0000] {processor.py:830} INFO - Processing file /home/airflow/.local/lib/python3.8/site-packages/airflow/example_dags/example_latest_only_with_trigger.py for tasks to queue
[2024-02-23T17:40:34.486+0000] {logging_mixin.py:188} INFO - [2024-02-23T17:40:34.485+0000] {dagbag.py:538} INFO - Filling up the DagBag from /home/airflow/.local/lib/python3.8/site-packages/airflow/example_dags/example_latest_only_with_trigger.py
[2024-02-23T17:40:34.495+0000] {processor.py:840} INFO - DAG(s) 'latest_only_with_trigger' retrieved from /home/airflow/.local/lib/python3.8/site-packages/airflow/example_dags/example_latest_only_with_trigger.py
[2024-02-23T17:40:34.526+0000] {logging_mixin.py:188} INFO - [2024-02-23T17:40:34.526+0000] {dag.py:3033} INFO - Sync 1 DAGs
[2024-02-23T17:40:34.557+0000] {logging_mixin.py:188} INFO - [2024-02-23T17:40:34.557+0000] {dag.py:3820} INFO - Setting next_dagrun for latest_only_with_trigger to 2024-02-23T12:00:00+00:00, run_after=2024-02-23T16:00:00+00:00
[2024-02-23T17:40:34.580+0000] {processor.py:183} INFO - Processing /home/airflow/.local/lib/python3.8/site-packages/airflow/example_dags/example_latest_only_with_trigger.py took 0.101 seconds
[2024-02-23T17:41:05.138+0000] {processor.py:161} INFO - Started process (PID=7254) to work on /home/airflow/.local/lib/python3.8/site-packages/airflow/example_dags/example_latest_only_with_trigger.py
[2024-02-23T17:41:05.139+0000] {processor.py:830} INFO - Processing file /home/airflow/.local/lib/python3.8/site-packages/airflow/example_dags/example_latest_only_with_trigger.py for tasks to queue
[2024-02-23T17:41:05.140+0000] {logging_mixin.py:188} INFO - [2024-02-23T17:41:05.140+0000] {dagbag.py:538} INFO - Filling up the DagBag from /home/airflow/.local/lib/python3.8/site-packages/airflow/example_dags/example_latest_only_with_trigger.py
[2024-02-23T17:41:05.149+0000] {processor.py:840} INFO - DAG(s) 'latest_only_with_trigger' retrieved from /home/airflow/.local/lib/python3.8/site-packages/airflow/example_dags/example_latest_only_with_trigger.py
[2024-02-23T17:41:05.174+0000] {logging_mixin.py:188} INFO - [2024-02-23T17:41:05.174+0000] {dag.py:3033} INFO - Sync 1 DAGs
[2024-02-23T17:41:05.202+0000] {logging_mixin.py:188} INFO - [2024-02-23T17:41:05.202+0000] {dag.py:3820} INFO - Setting next_dagrun for latest_only_with_trigger to 2024-02-23T12:00:00+00:00, run_after=2024-02-23T16:00:00+00:00
[2024-02-23T17:41:05.258+0000] {processor.py:183} INFO - Processing /home/airflow/.local/lib/python3.8/site-packages/airflow/example_dags/example_latest_only_with_trigger.py took 0.125 seconds
[2024-02-23T17:41:35.592+0000] {processor.py:161} INFO - Started process (PID=7312) to work on /home/airflow/.local/lib/python3.8/site-packages/airflow/example_dags/example_latest_only_with_trigger.py
[2024-02-23T17:41:35.593+0000] {processor.py:830} INFO - Processing file /home/airflow/.local/lib/python3.8/site-packages/airflow/example_dags/example_latest_only_with_trigger.py for tasks to queue
[2024-02-23T17:41:35.595+0000] {logging_mixin.py:188} INFO - [2024-02-23T17:41:35.594+0000] {dagbag.py:538} INFO - Filling up the DagBag from /home/airflow/.local/lib/python3.8/site-packages/airflow/example_dags/example_latest_only_with_trigger.py
[2024-02-23T17:41:35.604+0000] {processor.py:840} INFO - DAG(s) 'latest_only_with_trigger' retrieved from /home/airflow/.local/lib/python3.8/site-packages/airflow/example_dags/example_latest_only_with_trigger.py
[2024-02-23T17:41:35.632+0000] {logging_mixin.py:188} INFO - [2024-02-23T17:41:35.631+0000] {dag.py:3033} INFO - Sync 1 DAGs
[2024-02-23T17:41:35.658+0000] {logging_mixin.py:188} INFO - [2024-02-23T17:41:35.658+0000] {dag.py:3820} INFO - Setting next_dagrun for latest_only_with_trigger to 2024-02-23T12:00:00+00:00, run_after=2024-02-23T16:00:00+00:00
[2024-02-23T17:41:35.719+0000] {processor.py:183} INFO - Processing /home/airflow/.local/lib/python3.8/site-packages/airflow/example_dags/example_latest_only_with_trigger.py took 0.131 seconds
[2024-02-23T17:42:06.453+0000] {processor.py:161} INFO - Started process (PID=7369) to work on /home/airflow/.local/lib/python3.8/site-packages/airflow/example_dags/example_latest_only_with_trigger.py
[2024-02-23T17:42:06.454+0000] {processor.py:830} INFO - Processing file /home/airflow/.local/lib/python3.8/site-packages/airflow/example_dags/example_latest_only_with_trigger.py for tasks to queue
[2024-02-23T17:42:06.455+0000] {logging_mixin.py:188} INFO - [2024-02-23T17:42:06.455+0000] {dagbag.py:538} INFO - Filling up the DagBag from /home/airflow/.local/lib/python3.8/site-packages/airflow/example_dags/example_latest_only_with_trigger.py
[2024-02-23T17:42:06.463+0000] {processor.py:840} INFO - DAG(s) 'latest_only_with_trigger' retrieved from /home/airflow/.local/lib/python3.8/site-packages/airflow/example_dags/example_latest_only_with_trigger.py
[2024-02-23T17:42:06.488+0000] {logging_mixin.py:188} INFO - [2024-02-23T17:42:06.488+0000] {dag.py:3033} INFO - Sync 1 DAGs
[2024-02-23T17:42:06.518+0000] {logging_mixin.py:188} INFO - [2024-02-23T17:42:06.517+0000] {dag.py:3820} INFO - Setting next_dagrun for latest_only_with_trigger to 2024-02-23T12:00:00+00:00, run_after=2024-02-23T16:00:00+00:00
[2024-02-23T17:42:06.550+0000] {processor.py:183} INFO - Processing /home/airflow/.local/lib/python3.8/site-packages/airflow/example_dags/example_latest_only_with_trigger.py took 0.102 seconds
[2024-02-23T17:42:37.182+0000] {processor.py:161} INFO - Started process (PID=7426) to work on /home/airflow/.local/lib/python3.8/site-packages/airflow/example_dags/example_latest_only_with_trigger.py
[2024-02-23T17:42:37.184+0000] {processor.py:830} INFO - Processing file /home/airflow/.local/lib/python3.8/site-packages/airflow/example_dags/example_latest_only_with_trigger.py for tasks to queue
[2024-02-23T17:42:37.185+0000] {logging_mixin.py:188} INFO - [2024-02-23T17:42:37.185+0000] {dagbag.py:538} INFO - Filling up the DagBag from /home/airflow/.local/lib/python3.8/site-packages/airflow/example_dags/example_latest_only_with_trigger.py
[2024-02-23T17:42:37.196+0000] {processor.py:840} INFO - DAG(s) 'latest_only_with_trigger' retrieved from /home/airflow/.local/lib/python3.8/site-packages/airflow/example_dags/example_latest_only_with_trigger.py
[2024-02-23T17:42:37.222+0000] {logging_mixin.py:188} INFO - [2024-02-23T17:42:37.222+0000] {dag.py:3033} INFO - Sync 1 DAGs
[2024-02-23T17:42:37.247+0000] {logging_mixin.py:188} INFO - [2024-02-23T17:42:37.247+0000] {dag.py:3820} INFO - Setting next_dagrun for latest_only_with_trigger to 2024-02-23T12:00:00+00:00, run_after=2024-02-23T16:00:00+00:00
[2024-02-23T17:42:37.301+0000] {processor.py:183} INFO - Processing /home/airflow/.local/lib/python3.8/site-packages/airflow/example_dags/example_latest_only_with_trigger.py took 0.125 seconds
[2024-02-23T17:43:07.518+0000] {processor.py:161} INFO - Started process (PID=7483) to work on /home/airflow/.local/lib/python3.8/site-packages/airflow/example_dags/example_latest_only_with_trigger.py
[2024-02-23T17:43:07.519+0000] {processor.py:830} INFO - Processing file /home/airflow/.local/lib/python3.8/site-packages/airflow/example_dags/example_latest_only_with_trigger.py for tasks to queue
[2024-02-23T17:43:07.521+0000] {logging_mixin.py:188} INFO - [2024-02-23T17:43:07.520+0000] {dagbag.py:538} INFO - Filling up the DagBag from /home/airflow/.local/lib/python3.8/site-packages/airflow/example_dags/example_latest_only_with_trigger.py
[2024-02-23T17:43:07.529+0000] {processor.py:840} INFO - DAG(s) 'latest_only_with_trigger' retrieved from /home/airflow/.local/lib/python3.8/site-packages/airflow/example_dags/example_latest_only_with_trigger.py
[2024-02-23T17:43:07.556+0000] {logging_mixin.py:188} INFO - [2024-02-23T17:43:07.556+0000] {dag.py:3033} INFO - Sync 1 DAGs
[2024-02-23T17:43:07.586+0000] {logging_mixin.py:188} INFO - [2024-02-23T17:43:07.586+0000] {dag.py:3820} INFO - Setting next_dagrun for latest_only_with_trigger to 2024-02-23T12:00:00+00:00, run_after=2024-02-23T16:00:00+00:00
[2024-02-23T17:43:07.609+0000] {processor.py:183} INFO - Processing /home/airflow/.local/lib/python3.8/site-packages/airflow/example_dags/example_latest_only_with_trigger.py took 0.095 seconds
[2024-02-23T17:43:37.864+0000] {processor.py:161} INFO - Started process (PID=7540) to work on /home/airflow/.local/lib/python3.8/site-packages/airflow/example_dags/example_latest_only_with_trigger.py
[2024-02-23T17:43:37.865+0000] {processor.py:830} INFO - Processing file /home/airflow/.local/lib/python3.8/site-packages/airflow/example_dags/example_latest_only_with_trigger.py for tasks to queue
[2024-02-23T17:43:37.867+0000] {logging_mixin.py:188} INFO - [2024-02-23T17:43:37.866+0000] {dagbag.py:538} INFO - Filling up the DagBag from /home/airflow/.local/lib/python3.8/site-packages/airflow/example_dags/example_latest_only_with_trigger.py
[2024-02-23T17:43:37.877+0000] {processor.py:840} INFO - DAG(s) 'latest_only_with_trigger' retrieved from /home/airflow/.local/lib/python3.8/site-packages/airflow/example_dags/example_latest_only_with_trigger.py
[2024-02-23T17:43:37.914+0000] {logging_mixin.py:188} INFO - [2024-02-23T17:43:37.913+0000] {dag.py:3033} INFO - Sync 1 DAGs
[2024-02-23T17:43:37.953+0000] {logging_mixin.py:188} INFO - [2024-02-23T17:43:37.952+0000] {dag.py:3820} INFO - Setting next_dagrun for latest_only_with_trigger to 2024-02-23T12:00:00+00:00, run_after=2024-02-23T16:00:00+00:00
[2024-02-23T17:43:37.989+0000] {processor.py:183} INFO - Processing /home/airflow/.local/lib/python3.8/site-packages/airflow/example_dags/example_latest_only_with_trigger.py took 0.129 seconds
[2024-02-23T17:44:08.756+0000] {processor.py:161} INFO - Started process (PID=7597) to work on /home/airflow/.local/lib/python3.8/site-packages/airflow/example_dags/example_latest_only_with_trigger.py
[2024-02-23T17:44:08.757+0000] {processor.py:830} INFO - Processing file /home/airflow/.local/lib/python3.8/site-packages/airflow/example_dags/example_latest_only_with_trigger.py for tasks to queue
[2024-02-23T17:44:08.759+0000] {logging_mixin.py:188} INFO - [2024-02-23T17:44:08.758+0000] {dagbag.py:538} INFO - Filling up the DagBag from /home/airflow/.local/lib/python3.8/site-packages/airflow/example_dags/example_latest_only_with_trigger.py
[2024-02-23T17:44:08.768+0000] {processor.py:840} INFO - DAG(s) 'latest_only_with_trigger' retrieved from /home/airflow/.local/lib/python3.8/site-packages/airflow/example_dags/example_latest_only_with_trigger.py
[2024-02-23T17:44:08.795+0000] {logging_mixin.py:188} INFO - [2024-02-23T17:44:08.795+0000] {dag.py:3033} INFO - Sync 1 DAGs
[2024-02-23T17:44:08.824+0000] {logging_mixin.py:188} INFO - [2024-02-23T17:44:08.824+0000] {dag.py:3820} INFO - Setting next_dagrun for latest_only_with_trigger to 2024-02-23T12:00:00+00:00, run_after=2024-02-23T16:00:00+00:00
[2024-02-23T17:44:08.849+0000] {processor.py:183} INFO - Processing /home/airflow/.local/lib/python3.8/site-packages/airflow/example_dags/example_latest_only_with_trigger.py took 0.097 seconds
[2024-02-23T17:44:39.941+0000] {processor.py:161} INFO - Started process (PID=7654) to work on /home/airflow/.local/lib/python3.8/site-packages/airflow/example_dags/example_latest_only_with_trigger.py
[2024-02-23T17:44:39.942+0000] {processor.py:830} INFO - Processing file /home/airflow/.local/lib/python3.8/site-packages/airflow/example_dags/example_latest_only_with_trigger.py for tasks to queue
[2024-02-23T17:44:39.944+0000] {logging_mixin.py:188} INFO - [2024-02-23T17:44:39.943+0000] {dagbag.py:538} INFO - Filling up the DagBag from /home/airflow/.local/lib/python3.8/site-packages/airflow/example_dags/example_latest_only_with_trigger.py
[2024-02-23T17:44:39.954+0000] {processor.py:840} INFO - DAG(s) 'latest_only_with_trigger' retrieved from /home/airflow/.local/lib/python3.8/site-packages/airflow/example_dags/example_latest_only_with_trigger.py
[2024-02-23T17:44:39.983+0000] {logging_mixin.py:188} INFO - [2024-02-23T17:44:39.983+0000] {dag.py:3033} INFO - Sync 1 DAGs
[2024-02-23T17:44:40.014+0000] {logging_mixin.py:188} INFO - [2024-02-23T17:44:40.014+0000] {dag.py:3820} INFO - Setting next_dagrun for latest_only_with_trigger to 2024-02-23T12:00:00+00:00, run_after=2024-02-23T16:00:00+00:00
[2024-02-23T17:44:40.041+0000] {processor.py:183} INFO - Processing /home/airflow/.local/lib/python3.8/site-packages/airflow/example_dags/example_latest_only_with_trigger.py took 0.105 seconds
[2024-02-23T17:45:10.258+0000] {processor.py:161} INFO - Started process (PID=7711) to work on /home/airflow/.local/lib/python3.8/site-packages/airflow/example_dags/example_latest_only_with_trigger.py
[2024-02-23T17:45:10.259+0000] {processor.py:830} INFO - Processing file /home/airflow/.local/lib/python3.8/site-packages/airflow/example_dags/example_latest_only_with_trigger.py for tasks to queue
[2024-02-23T17:45:10.260+0000] {logging_mixin.py:188} INFO - [2024-02-23T17:45:10.260+0000] {dagbag.py:538} INFO - Filling up the DagBag from /home/airflow/.local/lib/python3.8/site-packages/airflow/example_dags/example_latest_only_with_trigger.py
[2024-02-23T17:45:10.273+0000] {processor.py:840} INFO - DAG(s) 'latest_only_with_trigger' retrieved from /home/airflow/.local/lib/python3.8/site-packages/airflow/example_dags/example_latest_only_with_trigger.py
[2024-02-23T17:45:10.311+0000] {logging_mixin.py:188} INFO - [2024-02-23T17:45:10.311+0000] {dag.py:3033} INFO - Sync 1 DAGs
[2024-02-23T17:45:10.357+0000] {logging_mixin.py:188} INFO - [2024-02-23T17:45:10.356+0000] {dag.py:3820} INFO - Setting next_dagrun for latest_only_with_trigger to 2024-02-23T12:00:00+00:00, run_after=2024-02-23T16:00:00+00:00
[2024-02-23T17:45:10.394+0000] {processor.py:183} INFO - Processing /home/airflow/.local/lib/python3.8/site-packages/airflow/example_dags/example_latest_only_with_trigger.py took 0.141 seconds
[2024-02-23T17:45:40.820+0000] {processor.py:161} INFO - Started process (PID=7768) to work on /home/airflow/.local/lib/python3.8/site-packages/airflow/example_dags/example_latest_only_with_trigger.py
[2024-02-23T17:45:40.823+0000] {processor.py:830} INFO - Processing file /home/airflow/.local/lib/python3.8/site-packages/airflow/example_dags/example_latest_only_with_trigger.py for tasks to queue
[2024-02-23T17:45:40.825+0000] {logging_mixin.py:188} INFO - [2024-02-23T17:45:40.824+0000] {dagbag.py:538} INFO - Filling up the DagBag from /home/airflow/.local/lib/python3.8/site-packages/airflow/example_dags/example_latest_only_with_trigger.py
[2024-02-23T17:45:40.840+0000] {processor.py:840} INFO - DAG(s) 'latest_only_with_trigger' retrieved from /home/airflow/.local/lib/python3.8/site-packages/airflow/example_dags/example_latest_only_with_trigger.py
[2024-02-23T17:45:40.877+0000] {logging_mixin.py:188} INFO - [2024-02-23T17:45:40.877+0000] {dag.py:3033} INFO - Sync 1 DAGs
[2024-02-23T17:45:40.910+0000] {logging_mixin.py:188} INFO - [2024-02-23T17:45:40.910+0000] {dag.py:3820} INFO - Setting next_dagrun for latest_only_with_trigger to 2024-02-23T12:00:00+00:00, run_after=2024-02-23T16:00:00+00:00
[2024-02-23T17:45:40.938+0000] {processor.py:183} INFO - Processing /home/airflow/.local/lib/python3.8/site-packages/airflow/example_dags/example_latest_only_with_trigger.py took 0.126 seconds
[2024-02-23T17:46:11.170+0000] {processor.py:161} INFO - Started process (PID=7825) to work on /home/airflow/.local/lib/python3.8/site-packages/airflow/example_dags/example_latest_only_with_trigger.py
[2024-02-23T17:46:11.171+0000] {processor.py:830} INFO - Processing file /home/airflow/.local/lib/python3.8/site-packages/airflow/example_dags/example_latest_only_with_trigger.py for tasks to queue
[2024-02-23T17:46:11.173+0000] {logging_mixin.py:188} INFO - [2024-02-23T17:46:11.172+0000] {dagbag.py:538} INFO - Filling up the DagBag from /home/airflow/.local/lib/python3.8/site-packages/airflow/example_dags/example_latest_only_with_trigger.py
[2024-02-23T17:46:11.185+0000] {processor.py:840} INFO - DAG(s) 'latest_only_with_trigger' retrieved from /home/airflow/.local/lib/python3.8/site-packages/airflow/example_dags/example_latest_only_with_trigger.py
[2024-02-23T17:46:11.218+0000] {logging_mixin.py:188} INFO - [2024-02-23T17:46:11.217+0000] {dag.py:3033} INFO - Sync 1 DAGs
[2024-02-23T17:46:11.256+0000] {logging_mixin.py:188} INFO - [2024-02-23T17:46:11.256+0000] {dag.py:3820} INFO - Setting next_dagrun for latest_only_with_trigger to 2024-02-23T12:00:00+00:00, run_after=2024-02-23T16:00:00+00:00
[2024-02-23T17:46:11.293+0000] {processor.py:183} INFO - Processing /home/airflow/.local/lib/python3.8/site-packages/airflow/example_dags/example_latest_only_with_trigger.py took 0.129 seconds
[2024-02-23T17:46:41.699+0000] {processor.py:161} INFO - Started process (PID=7882) to work on /home/airflow/.local/lib/python3.8/site-packages/airflow/example_dags/example_latest_only_with_trigger.py
[2024-02-23T17:46:41.701+0000] {processor.py:830} INFO - Processing file /home/airflow/.local/lib/python3.8/site-packages/airflow/example_dags/example_latest_only_with_trigger.py for tasks to queue
[2024-02-23T17:46:41.702+0000] {logging_mixin.py:188} INFO - [2024-02-23T17:46:41.702+0000] {dagbag.py:538} INFO - Filling up the DagBag from /home/airflow/.local/lib/python3.8/site-packages/airflow/example_dags/example_latest_only_with_trigger.py
[2024-02-23T17:46:41.712+0000] {processor.py:840} INFO - DAG(s) 'latest_only_with_trigger' retrieved from /home/airflow/.local/lib/python3.8/site-packages/airflow/example_dags/example_latest_only_with_trigger.py
[2024-02-23T17:46:41.741+0000] {logging_mixin.py:188} INFO - [2024-02-23T17:46:41.741+0000] {dag.py:3033} INFO - Sync 1 DAGs
[2024-02-23T17:46:41.771+0000] {logging_mixin.py:188} INFO - [2024-02-23T17:46:41.770+0000] {dag.py:3820} INFO - Setting next_dagrun for latest_only_with_trigger to 2024-02-23T12:00:00+00:00, run_after=2024-02-23T16:00:00+00:00
[2024-02-23T17:46:41.795+0000] {processor.py:183} INFO - Processing /home/airflow/.local/lib/python3.8/site-packages/airflow/example_dags/example_latest_only_with_trigger.py took 0.101 seconds
[2024-02-23T17:47:12.784+0000] {processor.py:161} INFO - Started process (PID=7942) to work on /home/airflow/.local/lib/python3.8/site-packages/airflow/example_dags/example_latest_only_with_trigger.py
[2024-02-23T17:47:12.786+0000] {processor.py:830} INFO - Processing file /home/airflow/.local/lib/python3.8/site-packages/airflow/example_dags/example_latest_only_with_trigger.py for tasks to queue
[2024-02-23T17:47:12.787+0000] {logging_mixin.py:188} INFO - [2024-02-23T17:47:12.786+0000] {dagbag.py:538} INFO - Filling up the DagBag from /home/airflow/.local/lib/python3.8/site-packages/airflow/example_dags/example_latest_only_with_trigger.py
[2024-02-23T17:47:12.796+0000] {processor.py:840} INFO - DAG(s) 'latest_only_with_trigger' retrieved from /home/airflow/.local/lib/python3.8/site-packages/airflow/example_dags/example_latest_only_with_trigger.py
[2024-02-23T17:47:12.825+0000] {logging_mixin.py:188} INFO - [2024-02-23T17:47:12.824+0000] {dag.py:3033} INFO - Sync 1 DAGs
[2024-02-23T17:47:12.853+0000] {logging_mixin.py:188} INFO - [2024-02-23T17:47:12.852+0000] {dag.py:3820} INFO - Setting next_dagrun for latest_only_with_trigger to 2024-02-23T12:00:00+00:00, run_after=2024-02-23T16:00:00+00:00
[2024-02-23T17:47:12.915+0000] {processor.py:183} INFO - Processing /home/airflow/.local/lib/python3.8/site-packages/airflow/example_dags/example_latest_only_with_trigger.py took 0.135 seconds
[2024-02-23T17:47:43.070+0000] {processor.py:161} INFO - Started process (PID=7999) to work on /home/airflow/.local/lib/python3.8/site-packages/airflow/example_dags/example_latest_only_with_trigger.py
[2024-02-23T17:47:43.072+0000] {processor.py:830} INFO - Processing file /home/airflow/.local/lib/python3.8/site-packages/airflow/example_dags/example_latest_only_with_trigger.py for tasks to queue
[2024-02-23T17:47:43.073+0000] {logging_mixin.py:188} INFO - [2024-02-23T17:47:43.072+0000] {dagbag.py:538} INFO - Filling up the DagBag from /home/airflow/.local/lib/python3.8/site-packages/airflow/example_dags/example_latest_only_with_trigger.py
[2024-02-23T17:47:43.082+0000] {processor.py:840} INFO - DAG(s) 'latest_only_with_trigger' retrieved from /home/airflow/.local/lib/python3.8/site-packages/airflow/example_dags/example_latest_only_with_trigger.py
[2024-02-23T17:47:43.109+0000] {logging_mixin.py:188} INFO - [2024-02-23T17:47:43.109+0000] {dag.py:3033} INFO - Sync 1 DAGs
[2024-02-23T17:47:43.136+0000] {logging_mixin.py:188} INFO - [2024-02-23T17:47:43.136+0000] {dag.py:3820} INFO - Setting next_dagrun for latest_only_with_trigger to 2024-02-23T12:00:00+00:00, run_after=2024-02-23T16:00:00+00:00
[2024-02-23T17:47:43.161+0000] {processor.py:183} INFO - Processing /home/airflow/.local/lib/python3.8/site-packages/airflow/example_dags/example_latest_only_with_trigger.py took 0.096 seconds
[2024-02-23T17:48:13.594+0000] {processor.py:161} INFO - Started process (PID=8056) to work on /home/airflow/.local/lib/python3.8/site-packages/airflow/example_dags/example_latest_only_with_trigger.py
[2024-02-23T17:48:13.596+0000] {processor.py:830} INFO - Processing file /home/airflow/.local/lib/python3.8/site-packages/airflow/example_dags/example_latest_only_with_trigger.py for tasks to queue
[2024-02-23T17:48:13.598+0000] {logging_mixin.py:188} INFO - [2024-02-23T17:48:13.597+0000] {dagbag.py:538} INFO - Filling up the DagBag from /home/airflow/.local/lib/python3.8/site-packages/airflow/example_dags/example_latest_only_with_trigger.py
[2024-02-23T17:48:13.607+0000] {processor.py:840} INFO - DAG(s) 'latest_only_with_trigger' retrieved from /home/airflow/.local/lib/python3.8/site-packages/airflow/example_dags/example_latest_only_with_trigger.py
[2024-02-23T17:48:13.634+0000] {logging_mixin.py:188} INFO - [2024-02-23T17:48:13.634+0000] {dag.py:3033} INFO - Sync 1 DAGs
[2024-02-23T17:48:13.662+0000] {logging_mixin.py:188} INFO - [2024-02-23T17:48:13.661+0000] {dag.py:3820} INFO - Setting next_dagrun for latest_only_with_trigger to 2024-02-23T12:00:00+00:00, run_after=2024-02-23T16:00:00+00:00
[2024-02-23T17:48:13.729+0000] {processor.py:183} INFO - Processing /home/airflow/.local/lib/python3.8/site-packages/airflow/example_dags/example_latest_only_with_trigger.py took 0.139 seconds
[2024-02-23T17:48:44.006+0000] {processor.py:161} INFO - Started process (PID=8113) to work on /home/airflow/.local/lib/python3.8/site-packages/airflow/example_dags/example_latest_only_with_trigger.py
[2024-02-23T17:48:44.007+0000] {processor.py:830} INFO - Processing file /home/airflow/.local/lib/python3.8/site-packages/airflow/example_dags/example_latest_only_with_trigger.py for tasks to queue
[2024-02-23T17:48:44.009+0000] {logging_mixin.py:188} INFO - [2024-02-23T17:48:44.008+0000] {dagbag.py:538} INFO - Filling up the DagBag from /home/airflow/.local/lib/python3.8/site-packages/airflow/example_dags/example_latest_only_with_trigger.py
[2024-02-23T17:48:44.017+0000] {processor.py:840} INFO - DAG(s) 'latest_only_with_trigger' retrieved from /home/airflow/.local/lib/python3.8/site-packages/airflow/example_dags/example_latest_only_with_trigger.py
[2024-02-23T17:48:44.045+0000] {logging_mixin.py:188} INFO - [2024-02-23T17:48:44.045+0000] {dag.py:3033} INFO - Sync 1 DAGs
[2024-02-23T17:48:44.072+0000] {logging_mixin.py:188} INFO - [2024-02-23T17:48:44.072+0000] {dag.py:3820} INFO - Setting next_dagrun for latest_only_with_trigger to 2024-02-23T12:00:00+00:00, run_after=2024-02-23T16:00:00+00:00
[2024-02-23T17:48:44.130+0000] {processor.py:183} INFO - Processing /home/airflow/.local/lib/python3.8/site-packages/airflow/example_dags/example_latest_only_with_trigger.py took 0.130 seconds
[2024-02-23T17:49:15.266+0000] {processor.py:161} INFO - Started process (PID=8177) to work on /home/airflow/.local/lib/python3.8/site-packages/airflow/example_dags/example_latest_only_with_trigger.py
[2024-02-23T17:49:15.268+0000] {processor.py:830} INFO - Processing file /home/airflow/.local/lib/python3.8/site-packages/airflow/example_dags/example_latest_only_with_trigger.py for tasks to queue
[2024-02-23T17:49:15.270+0000] {logging_mixin.py:188} INFO - [2024-02-23T17:49:15.269+0000] {dagbag.py:538} INFO - Filling up the DagBag from /home/airflow/.local/lib/python3.8/site-packages/airflow/example_dags/example_latest_only_with_trigger.py
[2024-02-23T17:49:15.280+0000] {processor.py:840} INFO - DAG(s) 'latest_only_with_trigger' retrieved from /home/airflow/.local/lib/python3.8/site-packages/airflow/example_dags/example_latest_only_with_trigger.py
[2024-02-23T17:49:15.311+0000] {logging_mixin.py:188} INFO - [2024-02-23T17:49:15.311+0000] {dag.py:3033} INFO - Sync 1 DAGs
[2024-02-23T17:49:15.340+0000] {logging_mixin.py:188} INFO - [2024-02-23T17:49:15.340+0000] {dag.py:3820} INFO - Setting next_dagrun for latest_only_with_trigger to 2024-02-23T12:00:00+00:00, run_after=2024-02-23T16:00:00+00:00
[2024-02-23T17:49:15.395+0000] {processor.py:183} INFO - Processing /home/airflow/.local/lib/python3.8/site-packages/airflow/example_dags/example_latest_only_with_trigger.py took 0.135 seconds
[2024-02-23T17:49:45.793+0000] {processor.py:161} INFO - Started process (PID=8234) to work on /home/airflow/.local/lib/python3.8/site-packages/airflow/example_dags/example_latest_only_with_trigger.py
[2024-02-23T17:49:45.794+0000] {processor.py:830} INFO - Processing file /home/airflow/.local/lib/python3.8/site-packages/airflow/example_dags/example_latest_only_with_trigger.py for tasks to queue
[2024-02-23T17:49:45.795+0000] {logging_mixin.py:188} INFO - [2024-02-23T17:49:45.795+0000] {dagbag.py:538} INFO - Filling up the DagBag from /home/airflow/.local/lib/python3.8/site-packages/airflow/example_dags/example_latest_only_with_trigger.py
[2024-02-23T17:49:45.804+0000] {processor.py:840} INFO - DAG(s) 'latest_only_with_trigger' retrieved from /home/airflow/.local/lib/python3.8/site-packages/airflow/example_dags/example_latest_only_with_trigger.py
[2024-02-23T17:49:45.831+0000] {logging_mixin.py:188} INFO - [2024-02-23T17:49:45.830+0000] {dag.py:3033} INFO - Sync 1 DAGs
[2024-02-23T17:49:45.857+0000] {logging_mixin.py:188} INFO - [2024-02-23T17:49:45.856+0000] {dag.py:3820} INFO - Setting next_dagrun for latest_only_with_trigger to 2024-02-23T12:00:00+00:00, run_after=2024-02-23T16:00:00+00:00
[2024-02-23T17:49:45.881+0000] {processor.py:183} INFO - Processing /home/airflow/.local/lib/python3.8/site-packages/airflow/example_dags/example_latest_only_with_trigger.py took 0.092 seconds
[2024-02-23T17:50:15.942+0000] {processor.py:161} INFO - Started process (PID=8291) to work on /home/airflow/.local/lib/python3.8/site-packages/airflow/example_dags/example_latest_only_with_trigger.py
[2024-02-23T17:50:15.943+0000] {processor.py:830} INFO - Processing file /home/airflow/.local/lib/python3.8/site-packages/airflow/example_dags/example_latest_only_with_trigger.py for tasks to queue
[2024-02-23T17:50:15.945+0000] {logging_mixin.py:188} INFO - [2024-02-23T17:50:15.944+0000] {dagbag.py:538} INFO - Filling up the DagBag from /home/airflow/.local/lib/python3.8/site-packages/airflow/example_dags/example_latest_only_with_trigger.py
[2024-02-23T17:50:15.953+0000] {processor.py:840} INFO - DAG(s) 'latest_only_with_trigger' retrieved from /home/airflow/.local/lib/python3.8/site-packages/airflow/example_dags/example_latest_only_with_trigger.py
[2024-02-23T17:50:15.979+0000] {logging_mixin.py:188} INFO - [2024-02-23T17:50:15.979+0000] {dag.py:3033} INFO - Sync 1 DAGs
[2024-02-23T17:50:16.005+0000] {logging_mixin.py:188} INFO - [2024-02-23T17:50:16.005+0000] {dag.py:3820} INFO - Setting next_dagrun for latest_only_with_trigger to 2024-02-23T12:00:00+00:00, run_after=2024-02-23T16:00:00+00:00
[2024-02-23T17:50:16.025+0000] {processor.py:183} INFO - Processing /home/airflow/.local/lib/python3.8/site-packages/airflow/example_dags/example_latest_only_with_trigger.py took 0.087 seconds
[2024-02-23T17:50:46.382+0000] {processor.py:161} INFO - Started process (PID=8348) to work on /home/airflow/.local/lib/python3.8/site-packages/airflow/example_dags/example_latest_only_with_trigger.py
[2024-02-23T17:50:46.383+0000] {processor.py:830} INFO - Processing file /home/airflow/.local/lib/python3.8/site-packages/airflow/example_dags/example_latest_only_with_trigger.py for tasks to queue
[2024-02-23T17:50:46.384+0000] {logging_mixin.py:188} INFO - [2024-02-23T17:50:46.384+0000] {dagbag.py:538} INFO - Filling up the DagBag from /home/airflow/.local/lib/python3.8/site-packages/airflow/example_dags/example_latest_only_with_trigger.py
[2024-02-23T17:50:46.395+0000] {processor.py:840} INFO - DAG(s) 'latest_only_with_trigger' retrieved from /home/airflow/.local/lib/python3.8/site-packages/airflow/example_dags/example_latest_only_with_trigger.py
[2024-02-23T17:50:46.419+0000] {logging_mixin.py:188} INFO - [2024-02-23T17:50:46.419+0000] {dag.py:3033} INFO - Sync 1 DAGs
[2024-02-23T17:50:46.448+0000] {logging_mixin.py:188} INFO - [2024-02-23T17:50:46.447+0000] {dag.py:3820} INFO - Setting next_dagrun for latest_only_with_trigger to 2024-02-23T12:00:00+00:00, run_after=2024-02-23T16:00:00+00:00
[2024-02-23T17:50:46.512+0000] {processor.py:183} INFO - Processing /home/airflow/.local/lib/python3.8/site-packages/airflow/example_dags/example_latest_only_with_trigger.py took 0.134 seconds
[2024-02-23T17:51:16.790+0000] {processor.py:161} INFO - Started process (PID=8406) to work on /home/airflow/.local/lib/python3.8/site-packages/airflow/example_dags/example_latest_only_with_trigger.py
[2024-02-23T17:51:16.791+0000] {processor.py:830} INFO - Processing file /home/airflow/.local/lib/python3.8/site-packages/airflow/example_dags/example_latest_only_with_trigger.py for tasks to queue
[2024-02-23T17:51:16.792+0000] {logging_mixin.py:188} INFO - [2024-02-23T17:51:16.792+0000] {dagbag.py:538} INFO - Filling up the DagBag from /home/airflow/.local/lib/python3.8/site-packages/airflow/example_dags/example_latest_only_with_trigger.py
[2024-02-23T17:51:16.801+0000] {processor.py:840} INFO - DAG(s) 'latest_only_with_trigger' retrieved from /home/airflow/.local/lib/python3.8/site-packages/airflow/example_dags/example_latest_only_with_trigger.py
[2024-02-23T17:51:16.829+0000] {logging_mixin.py:188} INFO - [2024-02-23T17:51:16.829+0000] {dag.py:3033} INFO - Sync 1 DAGs
[2024-02-23T17:51:16.864+0000] {logging_mixin.py:188} INFO - [2024-02-23T17:51:16.864+0000] {dag.py:3820} INFO - Setting next_dagrun for latest_only_with_trigger to 2024-02-23T12:00:00+00:00, run_after=2024-02-23T16:00:00+00:00
[2024-02-23T17:51:16.888+0000] {processor.py:183} INFO - Processing /home/airflow/.local/lib/python3.8/site-packages/airflow/example_dags/example_latest_only_with_trigger.py took 0.102 seconds
[2024-02-23T17:51:47.468+0000] {processor.py:161} INFO - Started process (PID=8465) to work on /home/airflow/.local/lib/python3.8/site-packages/airflow/example_dags/example_latest_only_with_trigger.py
[2024-02-23T17:51:47.470+0000] {processor.py:830} INFO - Processing file /home/airflow/.local/lib/python3.8/site-packages/airflow/example_dags/example_latest_only_with_trigger.py for tasks to queue
[2024-02-23T17:51:47.471+0000] {logging_mixin.py:188} INFO - [2024-02-23T17:51:47.471+0000] {dagbag.py:538} INFO - Filling up the DagBag from /home/airflow/.local/lib/python3.8/site-packages/airflow/example_dags/example_latest_only_with_trigger.py
[2024-02-23T17:51:47.480+0000] {processor.py:840} INFO - DAG(s) 'latest_only_with_trigger' retrieved from /home/airflow/.local/lib/python3.8/site-packages/airflow/example_dags/example_latest_only_with_trigger.py
[2024-02-23T17:51:47.504+0000] {logging_mixin.py:188} INFO - [2024-02-23T17:51:47.504+0000] {dag.py:3033} INFO - Sync 1 DAGs
[2024-02-23T17:51:47.531+0000] {logging_mixin.py:188} INFO - [2024-02-23T17:51:47.531+0000] {dag.py:3820} INFO - Setting next_dagrun for latest_only_with_trigger to 2024-02-23T12:00:00+00:00, run_after=2024-02-23T16:00:00+00:00
[2024-02-23T17:51:47.552+0000] {processor.py:183} INFO - Processing /home/airflow/.local/lib/python3.8/site-packages/airflow/example_dags/example_latest_only_with_trigger.py took 0.088 seconds
