[2024-02-23T17:20:09.353+0000] {processor.py:161} INFO - Started process (PID=4901) to work on /home/airflow/.local/lib/python3.8/site-packages/airflow/example_dags/example_python_operator.py
[2024-02-23T17:20:09.355+0000] {processor.py:830} INFO - Processing file /home/airflow/.local/lib/python3.8/site-packages/airflow/example_dags/example_python_operator.py for tasks to queue
[2024-02-23T17:20:09.369+0000] {logging_mixin.py:188} INFO - [2024-02-23T17:20:09.368+0000] {dagbag.py:538} INFO - Filling up the DagBag from /home/airflow/.local/lib/python3.8/site-packages/airflow/example_dags/example_python_operator.py
[2024-02-23T17:20:09.437+0000] {processor.py:840} INFO - DAG(s) 'example_python_operator' retrieved from /home/airflow/.local/lib/python3.8/site-packages/airflow/example_dags/example_python_operator.py
[2024-02-23T17:20:09.578+0000] {logging_mixin.py:188} INFO - [2024-02-23T17:20:09.577+0000] {dag.py:3033} INFO - Sync 1 DAGs
[2024-02-23T17:20:09.648+0000] {logging_mixin.py:188} INFO - [2024-02-23T17:20:09.648+0000] {dag.py:3820} INFO - Setting next_dagrun for example_python_operator to None, run_after=None
[2024-02-23T17:20:09.750+0000] {processor.py:183} INFO - Processing /home/airflow/.local/lib/python3.8/site-packages/airflow/example_dags/example_python_operator.py took 0.415 seconds
[2024-02-23T17:20:40.720+0000] {processor.py:161} INFO - Started process (PID=4958) to work on /home/airflow/.local/lib/python3.8/site-packages/airflow/example_dags/example_python_operator.py
[2024-02-23T17:20:40.722+0000] {processor.py:830} INFO - Processing file /home/airflow/.local/lib/python3.8/site-packages/airflow/example_dags/example_python_operator.py for tasks to queue
[2024-02-23T17:20:40.733+0000] {logging_mixin.py:188} INFO - [2024-02-23T17:20:40.723+0000] {dagbag.py:538} INFO - Filling up the DagBag from /home/airflow/.local/lib/python3.8/site-packages/airflow/example_dags/example_python_operator.py
[2024-02-23T17:20:40.787+0000] {processor.py:840} INFO - DAG(s) 'example_python_operator' retrieved from /home/airflow/.local/lib/python3.8/site-packages/airflow/example_dags/example_python_operator.py
[2024-02-23T17:20:40.880+0000] {logging_mixin.py:188} INFO - [2024-02-23T17:20:40.879+0000] {dag.py:3033} INFO - Sync 1 DAGs
[2024-02-23T17:20:40.907+0000] {logging_mixin.py:188} INFO - [2024-02-23T17:20:40.907+0000] {dag.py:3820} INFO - Setting next_dagrun for example_python_operator to None, run_after=None
[2024-02-23T17:20:40.946+0000] {processor.py:183} INFO - Processing /home/airflow/.local/lib/python3.8/site-packages/airflow/example_dags/example_python_operator.py took 0.239 seconds
[2024-02-23T17:21:11.769+0000] {processor.py:161} INFO - Started process (PID=5015) to work on /home/airflow/.local/lib/python3.8/site-packages/airflow/example_dags/example_python_operator.py
[2024-02-23T17:21:11.770+0000] {processor.py:830} INFO - Processing file /home/airflow/.local/lib/python3.8/site-packages/airflow/example_dags/example_python_operator.py for tasks to queue
[2024-02-23T17:21:11.772+0000] {logging_mixin.py:188} INFO - [2024-02-23T17:21:11.771+0000] {dagbag.py:538} INFO - Filling up the DagBag from /home/airflow/.local/lib/python3.8/site-packages/airflow/example_dags/example_python_operator.py
[2024-02-23T17:21:11.800+0000] {processor.py:840} INFO - DAG(s) 'example_python_operator' retrieved from /home/airflow/.local/lib/python3.8/site-packages/airflow/example_dags/example_python_operator.py
[2024-02-23T17:21:11.847+0000] {logging_mixin.py:188} INFO - [2024-02-23T17:21:11.847+0000] {dag.py:3033} INFO - Sync 1 DAGs
[2024-02-23T17:21:11.871+0000] {logging_mixin.py:188} INFO - [2024-02-23T17:21:11.871+0000] {dag.py:3820} INFO - Setting next_dagrun for example_python_operator to None, run_after=None
[2024-02-23T17:21:11.906+0000] {processor.py:183} INFO - Processing /home/airflow/.local/lib/python3.8/site-packages/airflow/example_dags/example_python_operator.py took 0.144 seconds
[2024-02-23T17:21:42.771+0000] {processor.py:161} INFO - Started process (PID=5078) to work on /home/airflow/.local/lib/python3.8/site-packages/airflow/example_dags/example_python_operator.py
[2024-02-23T17:21:42.773+0000] {processor.py:830} INFO - Processing file /home/airflow/.local/lib/python3.8/site-packages/airflow/example_dags/example_python_operator.py for tasks to queue
[2024-02-23T17:21:42.774+0000] {logging_mixin.py:188} INFO - [2024-02-23T17:21:42.774+0000] {dagbag.py:538} INFO - Filling up the DagBag from /home/airflow/.local/lib/python3.8/site-packages/airflow/example_dags/example_python_operator.py
[2024-02-23T17:21:42.793+0000] {processor.py:840} INFO - DAG(s) 'example_python_operator' retrieved from /home/airflow/.local/lib/python3.8/site-packages/airflow/example_dags/example_python_operator.py
[2024-02-23T17:21:42.832+0000] {logging_mixin.py:188} INFO - [2024-02-23T17:21:42.831+0000] {dag.py:3033} INFO - Sync 1 DAGs
[2024-02-23T17:21:42.853+0000] {logging_mixin.py:188} INFO - [2024-02-23T17:21:42.853+0000] {dag.py:3820} INFO - Setting next_dagrun for example_python_operator to None, run_after=None
[2024-02-23T17:21:42.887+0000] {processor.py:183} INFO - Processing /home/airflow/.local/lib/python3.8/site-packages/airflow/example_dags/example_python_operator.py took 0.120 seconds
[2024-02-23T17:22:13.690+0000] {processor.py:161} INFO - Started process (PID=5136) to work on /home/airflow/.local/lib/python3.8/site-packages/airflow/example_dags/example_python_operator.py
[2024-02-23T17:22:13.692+0000] {processor.py:830} INFO - Processing file /home/airflow/.local/lib/python3.8/site-packages/airflow/example_dags/example_python_operator.py for tasks to queue
[2024-02-23T17:22:13.694+0000] {logging_mixin.py:188} INFO - [2024-02-23T17:22:13.693+0000] {dagbag.py:538} INFO - Filling up the DagBag from /home/airflow/.local/lib/python3.8/site-packages/airflow/example_dags/example_python_operator.py
[2024-02-23T17:22:13.712+0000] {processor.py:840} INFO - DAG(s) 'example_python_operator' retrieved from /home/airflow/.local/lib/python3.8/site-packages/airflow/example_dags/example_python_operator.py
[2024-02-23T17:22:13.742+0000] {logging_mixin.py:188} INFO - [2024-02-23T17:22:13.742+0000] {dag.py:3033} INFO - Sync 1 DAGs
[2024-02-23T17:22:13.759+0000] {logging_mixin.py:188} INFO - [2024-02-23T17:22:13.759+0000] {dag.py:3820} INFO - Setting next_dagrun for example_python_operator to None, run_after=None
[2024-02-23T17:22:13.786+0000] {processor.py:183} INFO - Processing /home/airflow/.local/lib/python3.8/site-packages/airflow/example_dags/example_python_operator.py took 0.101 seconds
[2024-02-23T17:22:44.074+0000] {processor.py:161} INFO - Started process (PID=5193) to work on /home/airflow/.local/lib/python3.8/site-packages/airflow/example_dags/example_python_operator.py
[2024-02-23T17:22:44.075+0000] {processor.py:830} INFO - Processing file /home/airflow/.local/lib/python3.8/site-packages/airflow/example_dags/example_python_operator.py for tasks to queue
[2024-02-23T17:22:44.076+0000] {logging_mixin.py:188} INFO - [2024-02-23T17:22:44.076+0000] {dagbag.py:538} INFO - Filling up the DagBag from /home/airflow/.local/lib/python3.8/site-packages/airflow/example_dags/example_python_operator.py
[2024-02-23T17:22:44.092+0000] {processor.py:840} INFO - DAG(s) 'example_python_operator' retrieved from /home/airflow/.local/lib/python3.8/site-packages/airflow/example_dags/example_python_operator.py
[2024-02-23T17:22:44.126+0000] {logging_mixin.py:188} INFO - [2024-02-23T17:22:44.126+0000] {dag.py:3033} INFO - Sync 1 DAGs
[2024-02-23T17:22:44.146+0000] {logging_mixin.py:188} INFO - [2024-02-23T17:22:44.146+0000] {dag.py:3820} INFO - Setting next_dagrun for example_python_operator to None, run_after=None
[2024-02-23T17:22:44.177+0000] {processor.py:183} INFO - Processing /home/airflow/.local/lib/python3.8/site-packages/airflow/example_dags/example_python_operator.py took 0.109 seconds
[2024-02-23T17:23:14.575+0000] {processor.py:161} INFO - Started process (PID=5250) to work on /home/airflow/.local/lib/python3.8/site-packages/airflow/example_dags/example_python_operator.py
[2024-02-23T17:23:14.576+0000] {processor.py:830} INFO - Processing file /home/airflow/.local/lib/python3.8/site-packages/airflow/example_dags/example_python_operator.py for tasks to queue
[2024-02-23T17:23:14.578+0000] {logging_mixin.py:188} INFO - [2024-02-23T17:23:14.577+0000] {dagbag.py:538} INFO - Filling up the DagBag from /home/airflow/.local/lib/python3.8/site-packages/airflow/example_dags/example_python_operator.py
[2024-02-23T17:23:14.593+0000] {processor.py:840} INFO - DAG(s) 'example_python_operator' retrieved from /home/airflow/.local/lib/python3.8/site-packages/airflow/example_dags/example_python_operator.py
[2024-02-23T17:23:14.626+0000] {logging_mixin.py:188} INFO - [2024-02-23T17:23:14.626+0000] {dag.py:3033} INFO - Sync 1 DAGs
[2024-02-23T17:23:14.642+0000] {logging_mixin.py:188} INFO - [2024-02-23T17:23:14.642+0000] {dag.py:3820} INFO - Setting next_dagrun for example_python_operator to None, run_after=None
[2024-02-23T17:23:14.671+0000] {processor.py:183} INFO - Processing /home/airflow/.local/lib/python3.8/site-packages/airflow/example_dags/example_python_operator.py took 0.102 seconds
[2024-02-23T17:23:44.858+0000] {processor.py:161} INFO - Started process (PID=5307) to work on /home/airflow/.local/lib/python3.8/site-packages/airflow/example_dags/example_python_operator.py
[2024-02-23T17:23:44.859+0000] {processor.py:830} INFO - Processing file /home/airflow/.local/lib/python3.8/site-packages/airflow/example_dags/example_python_operator.py for tasks to queue
[2024-02-23T17:23:44.861+0000] {logging_mixin.py:188} INFO - [2024-02-23T17:23:44.860+0000] {dagbag.py:538} INFO - Filling up the DagBag from /home/airflow/.local/lib/python3.8/site-packages/airflow/example_dags/example_python_operator.py
[2024-02-23T17:23:44.875+0000] {processor.py:840} INFO - DAG(s) 'example_python_operator' retrieved from /home/airflow/.local/lib/python3.8/site-packages/airflow/example_dags/example_python_operator.py
[2024-02-23T17:23:44.905+0000] {logging_mixin.py:188} INFO - [2024-02-23T17:23:44.904+0000] {dag.py:3033} INFO - Sync 1 DAGs
[2024-02-23T17:23:44.920+0000] {logging_mixin.py:188} INFO - [2024-02-23T17:23:44.920+0000] {dag.py:3820} INFO - Setting next_dagrun for example_python_operator to None, run_after=None
[2024-02-23T17:23:44.962+0000] {processor.py:183} INFO - Processing /home/airflow/.local/lib/python3.8/site-packages/airflow/example_dags/example_python_operator.py took 0.109 seconds
[2024-02-23T17:24:15.278+0000] {processor.py:161} INFO - Started process (PID=5364) to work on /home/airflow/.local/lib/python3.8/site-packages/airflow/example_dags/example_python_operator.py
[2024-02-23T17:24:15.280+0000] {processor.py:830} INFO - Processing file /home/airflow/.local/lib/python3.8/site-packages/airflow/example_dags/example_python_operator.py for tasks to queue
[2024-02-23T17:24:15.282+0000] {logging_mixin.py:188} INFO - [2024-02-23T17:24:15.281+0000] {dagbag.py:538} INFO - Filling up the DagBag from /home/airflow/.local/lib/python3.8/site-packages/airflow/example_dags/example_python_operator.py
[2024-02-23T17:24:15.297+0000] {processor.py:840} INFO - DAG(s) 'example_python_operator' retrieved from /home/airflow/.local/lib/python3.8/site-packages/airflow/example_dags/example_python_operator.py
[2024-02-23T17:24:15.328+0000] {logging_mixin.py:188} INFO - [2024-02-23T17:24:15.328+0000] {dag.py:3033} INFO - Sync 1 DAGs
[2024-02-23T17:24:15.343+0000] {logging_mixin.py:188} INFO - [2024-02-23T17:24:15.342+0000] {dag.py:3820} INFO - Setting next_dagrun for example_python_operator to None, run_after=None
[2024-02-23T17:24:15.365+0000] {processor.py:183} INFO - Processing /home/airflow/.local/lib/python3.8/site-packages/airflow/example_dags/example_python_operator.py took 0.093 seconds
[2024-02-23T17:24:45.676+0000] {processor.py:161} INFO - Started process (PID=5421) to work on /home/airflow/.local/lib/python3.8/site-packages/airflow/example_dags/example_python_operator.py
[2024-02-23T17:24:45.678+0000] {processor.py:830} INFO - Processing file /home/airflow/.local/lib/python3.8/site-packages/airflow/example_dags/example_python_operator.py for tasks to queue
[2024-02-23T17:24:45.679+0000] {logging_mixin.py:188} INFO - [2024-02-23T17:24:45.679+0000] {dagbag.py:538} INFO - Filling up the DagBag from /home/airflow/.local/lib/python3.8/site-packages/airflow/example_dags/example_python_operator.py
[2024-02-23T17:24:45.699+0000] {processor.py:840} INFO - DAG(s) 'example_python_operator' retrieved from /home/airflow/.local/lib/python3.8/site-packages/airflow/example_dags/example_python_operator.py
[2024-02-23T17:24:45.735+0000] {logging_mixin.py:188} INFO - [2024-02-23T17:24:45.735+0000] {dag.py:3033} INFO - Sync 1 DAGs
[2024-02-23T17:24:45.750+0000] {logging_mixin.py:188} INFO - [2024-02-23T17:24:45.750+0000] {dag.py:3820} INFO - Setting next_dagrun for example_python_operator to None, run_after=None
[2024-02-23T17:24:45.777+0000] {processor.py:183} INFO - Processing /home/airflow/.local/lib/python3.8/site-packages/airflow/example_dags/example_python_operator.py took 0.105 seconds
[2024-02-23T17:25:16.725+0000] {processor.py:161} INFO - Started process (PID=5479) to work on /home/airflow/.local/lib/python3.8/site-packages/airflow/example_dags/example_python_operator.py
[2024-02-23T17:25:16.726+0000] {processor.py:830} INFO - Processing file /home/airflow/.local/lib/python3.8/site-packages/airflow/example_dags/example_python_operator.py for tasks to queue
[2024-02-23T17:25:16.727+0000] {logging_mixin.py:188} INFO - [2024-02-23T17:25:16.727+0000] {dagbag.py:538} INFO - Filling up the DagBag from /home/airflow/.local/lib/python3.8/site-packages/airflow/example_dags/example_python_operator.py
[2024-02-23T17:25:16.745+0000] {processor.py:840} INFO - DAG(s) 'example_python_operator' retrieved from /home/airflow/.local/lib/python3.8/site-packages/airflow/example_dags/example_python_operator.py
[2024-02-23T17:25:16.779+0000] {logging_mixin.py:188} INFO - [2024-02-23T17:25:16.779+0000] {dag.py:3033} INFO - Sync 1 DAGs
[2024-02-23T17:25:16.796+0000] {logging_mixin.py:188} INFO - [2024-02-23T17:25:16.796+0000] {dag.py:3820} INFO - Setting next_dagrun for example_python_operator to None, run_after=None
[2024-02-23T17:25:16.825+0000] {processor.py:183} INFO - Processing /home/airflow/.local/lib/python3.8/site-packages/airflow/example_dags/example_python_operator.py took 0.105 seconds
[2024-02-23T17:25:47.115+0000] {processor.py:161} INFO - Started process (PID=5536) to work on /home/airflow/.local/lib/python3.8/site-packages/airflow/example_dags/example_python_operator.py
[2024-02-23T17:25:47.117+0000] {processor.py:830} INFO - Processing file /home/airflow/.local/lib/python3.8/site-packages/airflow/example_dags/example_python_operator.py for tasks to queue
[2024-02-23T17:25:47.118+0000] {logging_mixin.py:188} INFO - [2024-02-23T17:25:47.118+0000] {dagbag.py:538} INFO - Filling up the DagBag from /home/airflow/.local/lib/python3.8/site-packages/airflow/example_dags/example_python_operator.py
[2024-02-23T17:25:47.132+0000] {processor.py:840} INFO - DAG(s) 'example_python_operator' retrieved from /home/airflow/.local/lib/python3.8/site-packages/airflow/example_dags/example_python_operator.py
[2024-02-23T17:25:47.169+0000] {logging_mixin.py:188} INFO - [2024-02-23T17:25:47.168+0000] {dag.py:3033} INFO - Sync 1 DAGs
[2024-02-23T17:25:47.188+0000] {logging_mixin.py:188} INFO - [2024-02-23T17:25:47.188+0000] {dag.py:3820} INFO - Setting next_dagrun for example_python_operator to None, run_after=None
[2024-02-23T17:25:47.255+0000] {processor.py:183} INFO - Processing /home/airflow/.local/lib/python3.8/site-packages/airflow/example_dags/example_python_operator.py took 0.145 seconds
[2024-02-23T17:26:17.414+0000] {processor.py:161} INFO - Started process (PID=5592) to work on /home/airflow/.local/lib/python3.8/site-packages/airflow/example_dags/example_python_operator.py
[2024-02-23T17:26:17.416+0000] {processor.py:830} INFO - Processing file /home/airflow/.local/lib/python3.8/site-packages/airflow/example_dags/example_python_operator.py for tasks to queue
[2024-02-23T17:26:17.417+0000] {logging_mixin.py:188} INFO - [2024-02-23T17:26:17.417+0000] {dagbag.py:538} INFO - Filling up the DagBag from /home/airflow/.local/lib/python3.8/site-packages/airflow/example_dags/example_python_operator.py
[2024-02-23T17:26:17.433+0000] {processor.py:840} INFO - DAG(s) 'example_python_operator' retrieved from /home/airflow/.local/lib/python3.8/site-packages/airflow/example_dags/example_python_operator.py
[2024-02-23T17:26:17.481+0000] {logging_mixin.py:188} INFO - [2024-02-23T17:26:17.481+0000] {dag.py:3033} INFO - Sync 1 DAGs
[2024-02-23T17:26:17.503+0000] {logging_mixin.py:188} INFO - [2024-02-23T17:26:17.502+0000] {dag.py:3820} INFO - Setting next_dagrun for example_python_operator to None, run_after=None
[2024-02-23T17:26:17.530+0000] {processor.py:183} INFO - Processing /home/airflow/.local/lib/python3.8/site-packages/airflow/example_dags/example_python_operator.py took 0.120 seconds
[2024-02-23T17:26:48.044+0000] {processor.py:161} INFO - Started process (PID=5650) to work on /home/airflow/.local/lib/python3.8/site-packages/airflow/example_dags/example_python_operator.py
[2024-02-23T17:26:48.045+0000] {processor.py:830} INFO - Processing file /home/airflow/.local/lib/python3.8/site-packages/airflow/example_dags/example_python_operator.py for tasks to queue
[2024-02-23T17:26:48.047+0000] {logging_mixin.py:188} INFO - [2024-02-23T17:26:48.047+0000] {dagbag.py:538} INFO - Filling up the DagBag from /home/airflow/.local/lib/python3.8/site-packages/airflow/example_dags/example_python_operator.py
[2024-02-23T17:26:48.076+0000] {processor.py:840} INFO - DAG(s) 'example_python_operator' retrieved from /home/airflow/.local/lib/python3.8/site-packages/airflow/example_dags/example_python_operator.py
[2024-02-23T17:26:48.113+0000] {logging_mixin.py:188} INFO - [2024-02-23T17:26:48.112+0000] {dag.py:3033} INFO - Sync 1 DAGs
[2024-02-23T17:26:48.139+0000] {logging_mixin.py:188} INFO - [2024-02-23T17:26:48.139+0000] {dag.py:3820} INFO - Setting next_dagrun for example_python_operator to None, run_after=None
[2024-02-23T17:26:48.175+0000] {processor.py:183} INFO - Processing /home/airflow/.local/lib/python3.8/site-packages/airflow/example_dags/example_python_operator.py took 0.136 seconds
[2024-02-23T17:27:18.404+0000] {processor.py:161} INFO - Started process (PID=5706) to work on /home/airflow/.local/lib/python3.8/site-packages/airflow/example_dags/example_python_operator.py
[2024-02-23T17:27:18.406+0000] {processor.py:830} INFO - Processing file /home/airflow/.local/lib/python3.8/site-packages/airflow/example_dags/example_python_operator.py for tasks to queue
[2024-02-23T17:27:18.407+0000] {logging_mixin.py:188} INFO - [2024-02-23T17:27:18.407+0000] {dagbag.py:538} INFO - Filling up the DagBag from /home/airflow/.local/lib/python3.8/site-packages/airflow/example_dags/example_python_operator.py
[2024-02-23T17:27:18.423+0000] {processor.py:840} INFO - DAG(s) 'example_python_operator' retrieved from /home/airflow/.local/lib/python3.8/site-packages/airflow/example_dags/example_python_operator.py
[2024-02-23T17:27:18.458+0000] {logging_mixin.py:188} INFO - [2024-02-23T17:27:18.457+0000] {dag.py:3033} INFO - Sync 1 DAGs
[2024-02-23T17:27:18.474+0000] {logging_mixin.py:188} INFO - [2024-02-23T17:27:18.474+0000] {dag.py:3820} INFO - Setting next_dagrun for example_python_operator to None, run_after=None
[2024-02-23T17:27:18.500+0000] {processor.py:183} INFO - Processing /home/airflow/.local/lib/python3.8/site-packages/airflow/example_dags/example_python_operator.py took 0.100 seconds
[2024-02-23T17:27:48.568+0000] {processor.py:161} INFO - Started process (PID=5763) to work on /home/airflow/.local/lib/python3.8/site-packages/airflow/example_dags/example_python_operator.py
[2024-02-23T17:27:48.570+0000] {processor.py:830} INFO - Processing file /home/airflow/.local/lib/python3.8/site-packages/airflow/example_dags/example_python_operator.py for tasks to queue
[2024-02-23T17:27:48.571+0000] {logging_mixin.py:188} INFO - [2024-02-23T17:27:48.571+0000] {dagbag.py:538} INFO - Filling up the DagBag from /home/airflow/.local/lib/python3.8/site-packages/airflow/example_dags/example_python_operator.py
[2024-02-23T17:27:48.587+0000] {processor.py:840} INFO - DAG(s) 'example_python_operator' retrieved from /home/airflow/.local/lib/python3.8/site-packages/airflow/example_dags/example_python_operator.py
[2024-02-23T17:27:48.618+0000] {logging_mixin.py:188} INFO - [2024-02-23T17:27:48.618+0000] {dag.py:3033} INFO - Sync 1 DAGs
[2024-02-23T17:27:48.635+0000] {logging_mixin.py:188} INFO - [2024-02-23T17:27:48.635+0000] {dag.py:3820} INFO - Setting next_dagrun for example_python_operator to None, run_after=None
[2024-02-23T17:27:48.658+0000] {processor.py:183} INFO - Processing /home/airflow/.local/lib/python3.8/site-packages/airflow/example_dags/example_python_operator.py took 0.094 seconds
[2024-02-23T17:28:19.182+0000] {processor.py:161} INFO - Started process (PID=5820) to work on /home/airflow/.local/lib/python3.8/site-packages/airflow/example_dags/example_python_operator.py
[2024-02-23T17:28:19.184+0000] {processor.py:830} INFO - Processing file /home/airflow/.local/lib/python3.8/site-packages/airflow/example_dags/example_python_operator.py for tasks to queue
[2024-02-23T17:28:19.185+0000] {logging_mixin.py:188} INFO - [2024-02-23T17:28:19.184+0000] {dagbag.py:538} INFO - Filling up the DagBag from /home/airflow/.local/lib/python3.8/site-packages/airflow/example_dags/example_python_operator.py
[2024-02-23T17:28:19.199+0000] {processor.py:840} INFO - DAG(s) 'example_python_operator' retrieved from /home/airflow/.local/lib/python3.8/site-packages/airflow/example_dags/example_python_operator.py
[2024-02-23T17:28:19.228+0000] {logging_mixin.py:188} INFO - [2024-02-23T17:28:19.228+0000] {dag.py:3033} INFO - Sync 1 DAGs
[2024-02-23T17:28:19.245+0000] {logging_mixin.py:188} INFO - [2024-02-23T17:28:19.244+0000] {dag.py:3820} INFO - Setting next_dagrun for example_python_operator to None, run_after=None
[2024-02-23T17:28:19.269+0000] {processor.py:183} INFO - Processing /home/airflow/.local/lib/python3.8/site-packages/airflow/example_dags/example_python_operator.py took 0.091 seconds
[2024-02-23T17:28:49.817+0000] {processor.py:161} INFO - Started process (PID=5877) to work on /home/airflow/.local/lib/python3.8/site-packages/airflow/example_dags/example_python_operator.py
[2024-02-23T17:28:49.818+0000] {processor.py:830} INFO - Processing file /home/airflow/.local/lib/python3.8/site-packages/airflow/example_dags/example_python_operator.py for tasks to queue
[2024-02-23T17:28:49.819+0000] {logging_mixin.py:188} INFO - [2024-02-23T17:28:49.819+0000] {dagbag.py:538} INFO - Filling up the DagBag from /home/airflow/.local/lib/python3.8/site-packages/airflow/example_dags/example_python_operator.py
[2024-02-23T17:28:49.834+0000] {processor.py:840} INFO - DAG(s) 'example_python_operator' retrieved from /home/airflow/.local/lib/python3.8/site-packages/airflow/example_dags/example_python_operator.py
[2024-02-23T17:28:49.862+0000] {logging_mixin.py:188} INFO - [2024-02-23T17:28:49.862+0000] {dag.py:3033} INFO - Sync 1 DAGs
[2024-02-23T17:28:49.878+0000] {logging_mixin.py:188} INFO - [2024-02-23T17:28:49.877+0000] {dag.py:3820} INFO - Setting next_dagrun for example_python_operator to None, run_after=None
[2024-02-23T17:28:49.935+0000] {processor.py:183} INFO - Processing /home/airflow/.local/lib/python3.8/site-packages/airflow/example_dags/example_python_operator.py took 0.122 seconds
[2024-02-23T17:29:20.207+0000] {processor.py:161} INFO - Started process (PID=5934) to work on /home/airflow/.local/lib/python3.8/site-packages/airflow/example_dags/example_python_operator.py
[2024-02-23T17:29:20.209+0000] {processor.py:830} INFO - Processing file /home/airflow/.local/lib/python3.8/site-packages/airflow/example_dags/example_python_operator.py for tasks to queue
[2024-02-23T17:29:20.211+0000] {logging_mixin.py:188} INFO - [2024-02-23T17:29:20.210+0000] {dagbag.py:538} INFO - Filling up the DagBag from /home/airflow/.local/lib/python3.8/site-packages/airflow/example_dags/example_python_operator.py
[2024-02-23T17:29:20.228+0000] {processor.py:840} INFO - DAG(s) 'example_python_operator' retrieved from /home/airflow/.local/lib/python3.8/site-packages/airflow/example_dags/example_python_operator.py
[2024-02-23T17:29:20.263+0000] {logging_mixin.py:188} INFO - [2024-02-23T17:29:20.263+0000] {dag.py:3033} INFO - Sync 1 DAGs
[2024-02-23T17:29:20.282+0000] {logging_mixin.py:188} INFO - [2024-02-23T17:29:20.282+0000] {dag.py:3820} INFO - Setting next_dagrun for example_python_operator to None, run_after=None
[2024-02-23T17:29:20.307+0000] {processor.py:183} INFO - Processing /home/airflow/.local/lib/python3.8/site-packages/airflow/example_dags/example_python_operator.py took 0.105 seconds
[2024-02-23T17:29:50.855+0000] {processor.py:161} INFO - Started process (PID=5991) to work on /home/airflow/.local/lib/python3.8/site-packages/airflow/example_dags/example_python_operator.py
[2024-02-23T17:29:50.856+0000] {processor.py:830} INFO - Processing file /home/airflow/.local/lib/python3.8/site-packages/airflow/example_dags/example_python_operator.py for tasks to queue
[2024-02-23T17:29:50.858+0000] {logging_mixin.py:188} INFO - [2024-02-23T17:29:50.858+0000] {dagbag.py:538} INFO - Filling up the DagBag from /home/airflow/.local/lib/python3.8/site-packages/airflow/example_dags/example_python_operator.py
[2024-02-23T17:29:50.879+0000] {processor.py:840} INFO - DAG(s) 'example_python_operator' retrieved from /home/airflow/.local/lib/python3.8/site-packages/airflow/example_dags/example_python_operator.py
[2024-02-23T17:29:50.913+0000] {logging_mixin.py:188} INFO - [2024-02-23T17:29:50.913+0000] {dag.py:3033} INFO - Sync 1 DAGs
[2024-02-23T17:29:50.931+0000] {logging_mixin.py:188} INFO - [2024-02-23T17:29:50.931+0000] {dag.py:3820} INFO - Setting next_dagrun for example_python_operator to None, run_after=None
[2024-02-23T17:29:50.959+0000] {processor.py:183} INFO - Processing /home/airflow/.local/lib/python3.8/site-packages/airflow/example_dags/example_python_operator.py took 0.109 seconds
[2024-02-23T17:30:21.456+0000] {processor.py:161} INFO - Started process (PID=6048) to work on /home/airflow/.local/lib/python3.8/site-packages/airflow/example_dags/example_python_operator.py
[2024-02-23T17:30:21.457+0000] {processor.py:830} INFO - Processing file /home/airflow/.local/lib/python3.8/site-packages/airflow/example_dags/example_python_operator.py for tasks to queue
[2024-02-23T17:30:21.458+0000] {logging_mixin.py:188} INFO - [2024-02-23T17:30:21.458+0000] {dagbag.py:538} INFO - Filling up the DagBag from /home/airflow/.local/lib/python3.8/site-packages/airflow/example_dags/example_python_operator.py
[2024-02-23T17:30:21.474+0000] {processor.py:840} INFO - DAG(s) 'example_python_operator' retrieved from /home/airflow/.local/lib/python3.8/site-packages/airflow/example_dags/example_python_operator.py
[2024-02-23T17:30:21.502+0000] {logging_mixin.py:188} INFO - [2024-02-23T17:30:21.501+0000] {dag.py:3033} INFO - Sync 1 DAGs
[2024-02-23T17:30:21.517+0000] {logging_mixin.py:188} INFO - [2024-02-23T17:30:21.517+0000] {dag.py:3820} INFO - Setting next_dagrun for example_python_operator to None, run_after=None
[2024-02-23T17:30:21.546+0000] {processor.py:183} INFO - Processing /home/airflow/.local/lib/python3.8/site-packages/airflow/example_dags/example_python_operator.py took 0.094 seconds
[2024-02-23T17:30:51.753+0000] {processor.py:161} INFO - Started process (PID=6105) to work on /home/airflow/.local/lib/python3.8/site-packages/airflow/example_dags/example_python_operator.py
[2024-02-23T17:30:51.754+0000] {processor.py:830} INFO - Processing file /home/airflow/.local/lib/python3.8/site-packages/airflow/example_dags/example_python_operator.py for tasks to queue
[2024-02-23T17:30:51.755+0000] {logging_mixin.py:188} INFO - [2024-02-23T17:30:51.755+0000] {dagbag.py:538} INFO - Filling up the DagBag from /home/airflow/.local/lib/python3.8/site-packages/airflow/example_dags/example_python_operator.py
[2024-02-23T17:30:51.772+0000] {processor.py:840} INFO - DAG(s) 'example_python_operator' retrieved from /home/airflow/.local/lib/python3.8/site-packages/airflow/example_dags/example_python_operator.py
[2024-02-23T17:30:51.803+0000] {logging_mixin.py:188} INFO - [2024-02-23T17:30:51.803+0000] {dag.py:3033} INFO - Sync 1 DAGs
[2024-02-23T17:30:51.825+0000] {logging_mixin.py:188} INFO - [2024-02-23T17:30:51.824+0000] {dag.py:3820} INFO - Setting next_dagrun for example_python_operator to None, run_after=None
[2024-02-23T17:30:51.850+0000] {processor.py:183} INFO - Processing /home/airflow/.local/lib/python3.8/site-packages/airflow/example_dags/example_python_operator.py took 0.102 seconds
[2024-02-23T17:31:22.170+0000] {processor.py:161} INFO - Started process (PID=6162) to work on /home/airflow/.local/lib/python3.8/site-packages/airflow/example_dags/example_python_operator.py
[2024-02-23T17:31:22.171+0000] {processor.py:830} INFO - Processing file /home/airflow/.local/lib/python3.8/site-packages/airflow/example_dags/example_python_operator.py for tasks to queue
[2024-02-23T17:31:22.172+0000] {logging_mixin.py:188} INFO - [2024-02-23T17:31:22.172+0000] {dagbag.py:538} INFO - Filling up the DagBag from /home/airflow/.local/lib/python3.8/site-packages/airflow/example_dags/example_python_operator.py
[2024-02-23T17:31:22.188+0000] {processor.py:840} INFO - DAG(s) 'example_python_operator' retrieved from /home/airflow/.local/lib/python3.8/site-packages/airflow/example_dags/example_python_operator.py
[2024-02-23T17:31:22.219+0000] {logging_mixin.py:188} INFO - [2024-02-23T17:31:22.218+0000] {dag.py:3033} INFO - Sync 1 DAGs
[2024-02-23T17:31:22.235+0000] {logging_mixin.py:188} INFO - [2024-02-23T17:31:22.235+0000] {dag.py:3820} INFO - Setting next_dagrun for example_python_operator to None, run_after=None
[2024-02-23T17:31:22.258+0000] {processor.py:183} INFO - Processing /home/airflow/.local/lib/python3.8/site-packages/airflow/example_dags/example_python_operator.py took 0.094 seconds
[2024-02-23T17:31:52.467+0000] {processor.py:161} INFO - Started process (PID=6219) to work on /home/airflow/.local/lib/python3.8/site-packages/airflow/example_dags/example_python_operator.py
[2024-02-23T17:31:52.470+0000] {processor.py:830} INFO - Processing file /home/airflow/.local/lib/python3.8/site-packages/airflow/example_dags/example_python_operator.py for tasks to queue
[2024-02-23T17:31:52.472+0000] {logging_mixin.py:188} INFO - [2024-02-23T17:31:52.471+0000] {dagbag.py:538} INFO - Filling up the DagBag from /home/airflow/.local/lib/python3.8/site-packages/airflow/example_dags/example_python_operator.py
[2024-02-23T17:31:52.491+0000] {processor.py:840} INFO - DAG(s) 'example_python_operator' retrieved from /home/airflow/.local/lib/python3.8/site-packages/airflow/example_dags/example_python_operator.py
[2024-02-23T17:31:52.526+0000] {logging_mixin.py:188} INFO - [2024-02-23T17:31:52.525+0000] {dag.py:3033} INFO - Sync 1 DAGs
[2024-02-23T17:31:52.543+0000] {logging_mixin.py:188} INFO - [2024-02-23T17:31:52.543+0000] {dag.py:3820} INFO - Setting next_dagrun for example_python_operator to None, run_after=None
[2024-02-23T17:31:52.568+0000] {processor.py:183} INFO - Processing /home/airflow/.local/lib/python3.8/site-packages/airflow/example_dags/example_python_operator.py took 0.106 seconds
[2024-02-23T17:32:23.185+0000] {processor.py:161} INFO - Started process (PID=6276) to work on /home/airflow/.local/lib/python3.8/site-packages/airflow/example_dags/example_python_operator.py
[2024-02-23T17:32:23.186+0000] {processor.py:830} INFO - Processing file /home/airflow/.local/lib/python3.8/site-packages/airflow/example_dags/example_python_operator.py for tasks to queue
[2024-02-23T17:32:23.187+0000] {logging_mixin.py:188} INFO - [2024-02-23T17:32:23.187+0000] {dagbag.py:538} INFO - Filling up the DagBag from /home/airflow/.local/lib/python3.8/site-packages/airflow/example_dags/example_python_operator.py
[2024-02-23T17:32:23.200+0000] {processor.py:840} INFO - DAG(s) 'example_python_operator' retrieved from /home/airflow/.local/lib/python3.8/site-packages/airflow/example_dags/example_python_operator.py
[2024-02-23T17:32:23.245+0000] {logging_mixin.py:188} INFO - [2024-02-23T17:32:23.244+0000] {dag.py:3033} INFO - Sync 1 DAGs
[2024-02-23T17:32:23.261+0000] {logging_mixin.py:188} INFO - [2024-02-23T17:32:23.261+0000] {dag.py:3820} INFO - Setting next_dagrun for example_python_operator to None, run_after=None
[2024-02-23T17:32:23.320+0000] {processor.py:183} INFO - Processing /home/airflow/.local/lib/python3.8/site-packages/airflow/example_dags/example_python_operator.py took 0.139 seconds
[2024-02-23T17:32:53.475+0000] {processor.py:161} INFO - Started process (PID=6333) to work on /home/airflow/.local/lib/python3.8/site-packages/airflow/example_dags/example_python_operator.py
[2024-02-23T17:32:53.477+0000] {processor.py:830} INFO - Processing file /home/airflow/.local/lib/python3.8/site-packages/airflow/example_dags/example_python_operator.py for tasks to queue
[2024-02-23T17:32:53.479+0000] {logging_mixin.py:188} INFO - [2024-02-23T17:32:53.478+0000] {dagbag.py:538} INFO - Filling up the DagBag from /home/airflow/.local/lib/python3.8/site-packages/airflow/example_dags/example_python_operator.py
[2024-02-23T17:32:53.499+0000] {processor.py:840} INFO - DAG(s) 'example_python_operator' retrieved from /home/airflow/.local/lib/python3.8/site-packages/airflow/example_dags/example_python_operator.py
[2024-02-23T17:32:53.532+0000] {logging_mixin.py:188} INFO - [2024-02-23T17:32:53.532+0000] {dag.py:3033} INFO - Sync 1 DAGs
[2024-02-23T17:32:53.550+0000] {logging_mixin.py:188} INFO - [2024-02-23T17:32:53.550+0000] {dag.py:3820} INFO - Setting next_dagrun for example_python_operator to None, run_after=None
[2024-02-23T17:32:53.572+0000] {processor.py:183} INFO - Processing /home/airflow/.local/lib/python3.8/site-packages/airflow/example_dags/example_python_operator.py took 0.102 seconds
[2024-02-23T17:33:24.153+0000] {processor.py:161} INFO - Started process (PID=6390) to work on /home/airflow/.local/lib/python3.8/site-packages/airflow/example_dags/example_python_operator.py
[2024-02-23T17:33:24.155+0000] {processor.py:830} INFO - Processing file /home/airflow/.local/lib/python3.8/site-packages/airflow/example_dags/example_python_operator.py for tasks to queue
[2024-02-23T17:33:24.157+0000] {logging_mixin.py:188} INFO - [2024-02-23T17:33:24.156+0000] {dagbag.py:538} INFO - Filling up the DagBag from /home/airflow/.local/lib/python3.8/site-packages/airflow/example_dags/example_python_operator.py
[2024-02-23T17:33:24.171+0000] {processor.py:840} INFO - DAG(s) 'example_python_operator' retrieved from /home/airflow/.local/lib/python3.8/site-packages/airflow/example_dags/example_python_operator.py
[2024-02-23T17:33:24.201+0000] {logging_mixin.py:188} INFO - [2024-02-23T17:33:24.201+0000] {dag.py:3033} INFO - Sync 1 DAGs
[2024-02-23T17:33:24.220+0000] {logging_mixin.py:188} INFO - [2024-02-23T17:33:24.219+0000] {dag.py:3820} INFO - Setting next_dagrun for example_python_operator to None, run_after=None
[2024-02-23T17:33:24.246+0000] {processor.py:183} INFO - Processing /home/airflow/.local/lib/python3.8/site-packages/airflow/example_dags/example_python_operator.py took 0.097 seconds
[2024-02-23T17:33:54.770+0000] {processor.py:161} INFO - Started process (PID=6447) to work on /home/airflow/.local/lib/python3.8/site-packages/airflow/example_dags/example_python_operator.py
[2024-02-23T17:33:54.771+0000] {processor.py:830} INFO - Processing file /home/airflow/.local/lib/python3.8/site-packages/airflow/example_dags/example_python_operator.py for tasks to queue
[2024-02-23T17:33:54.772+0000] {logging_mixin.py:188} INFO - [2024-02-23T17:33:54.771+0000] {dagbag.py:538} INFO - Filling up the DagBag from /home/airflow/.local/lib/python3.8/site-packages/airflow/example_dags/example_python_operator.py
[2024-02-23T17:33:54.785+0000] {processor.py:840} INFO - DAG(s) 'example_python_operator' retrieved from /home/airflow/.local/lib/python3.8/site-packages/airflow/example_dags/example_python_operator.py
[2024-02-23T17:33:54.810+0000] {logging_mixin.py:188} INFO - [2024-02-23T17:33:54.810+0000] {dag.py:3033} INFO - Sync 1 DAGs
[2024-02-23T17:33:54.823+0000] {logging_mixin.py:188} INFO - [2024-02-23T17:33:54.823+0000] {dag.py:3820} INFO - Setting next_dagrun for example_python_operator to None, run_after=None
[2024-02-23T17:33:54.847+0000] {processor.py:183} INFO - Processing /home/airflow/.local/lib/python3.8/site-packages/airflow/example_dags/example_python_operator.py took 0.081 seconds
[2024-02-23T17:34:25.768+0000] {processor.py:161} INFO - Started process (PID=6505) to work on /home/airflow/.local/lib/python3.8/site-packages/airflow/example_dags/example_python_operator.py
[2024-02-23T17:34:25.770+0000] {processor.py:830} INFO - Processing file /home/airflow/.local/lib/python3.8/site-packages/airflow/example_dags/example_python_operator.py for tasks to queue
[2024-02-23T17:34:25.771+0000] {logging_mixin.py:188} INFO - [2024-02-23T17:34:25.771+0000] {dagbag.py:538} INFO - Filling up the DagBag from /home/airflow/.local/lib/python3.8/site-packages/airflow/example_dags/example_python_operator.py
[2024-02-23T17:34:25.786+0000] {processor.py:840} INFO - DAG(s) 'example_python_operator' retrieved from /home/airflow/.local/lib/python3.8/site-packages/airflow/example_dags/example_python_operator.py
[2024-02-23T17:34:25.815+0000] {logging_mixin.py:188} INFO - [2024-02-23T17:34:25.814+0000] {dag.py:3033} INFO - Sync 1 DAGs
[2024-02-23T17:34:25.831+0000] {logging_mixin.py:188} INFO - [2024-02-23T17:34:25.831+0000] {dag.py:3820} INFO - Setting next_dagrun for example_python_operator to None, run_after=None
[2024-02-23T17:34:25.853+0000] {processor.py:183} INFO - Processing /home/airflow/.local/lib/python3.8/site-packages/airflow/example_dags/example_python_operator.py took 0.090 seconds
[2024-02-23T17:34:56.805+0000] {processor.py:161} INFO - Started process (PID=6562) to work on /home/airflow/.local/lib/python3.8/site-packages/airflow/example_dags/example_python_operator.py
[2024-02-23T17:34:56.806+0000] {processor.py:830} INFO - Processing file /home/airflow/.local/lib/python3.8/site-packages/airflow/example_dags/example_python_operator.py for tasks to queue
[2024-02-23T17:34:56.808+0000] {logging_mixin.py:188} INFO - [2024-02-23T17:34:56.807+0000] {dagbag.py:538} INFO - Filling up the DagBag from /home/airflow/.local/lib/python3.8/site-packages/airflow/example_dags/example_python_operator.py
[2024-02-23T17:34:56.821+0000] {processor.py:840} INFO - DAG(s) 'example_python_operator' retrieved from /home/airflow/.local/lib/python3.8/site-packages/airflow/example_dags/example_python_operator.py
[2024-02-23T17:34:56.847+0000] {logging_mixin.py:188} INFO - [2024-02-23T17:34:56.846+0000] {dag.py:3033} INFO - Sync 1 DAGs
[2024-02-23T17:34:56.861+0000] {logging_mixin.py:188} INFO - [2024-02-23T17:34:56.861+0000] {dag.py:3820} INFO - Setting next_dagrun for example_python_operator to None, run_after=None
[2024-02-23T17:34:56.885+0000] {processor.py:183} INFO - Processing /home/airflow/.local/lib/python3.8/site-packages/airflow/example_dags/example_python_operator.py took 0.085 seconds
[2024-02-23T17:35:27.204+0000] {processor.py:161} INFO - Started process (PID=6619) to work on /home/airflow/.local/lib/python3.8/site-packages/airflow/example_dags/example_python_operator.py
[2024-02-23T17:35:27.206+0000] {processor.py:830} INFO - Processing file /home/airflow/.local/lib/python3.8/site-packages/airflow/example_dags/example_python_operator.py for tasks to queue
[2024-02-23T17:35:27.207+0000] {logging_mixin.py:188} INFO - [2024-02-23T17:35:27.207+0000] {dagbag.py:538} INFO - Filling up the DagBag from /home/airflow/.local/lib/python3.8/site-packages/airflow/example_dags/example_python_operator.py
[2024-02-23T17:35:27.223+0000] {processor.py:840} INFO - DAG(s) 'example_python_operator' retrieved from /home/airflow/.local/lib/python3.8/site-packages/airflow/example_dags/example_python_operator.py
[2024-02-23T17:35:27.253+0000] {logging_mixin.py:188} INFO - [2024-02-23T17:35:27.253+0000] {dag.py:3033} INFO - Sync 1 DAGs
[2024-02-23T17:35:27.271+0000] {logging_mixin.py:188} INFO - [2024-02-23T17:35:27.271+0000] {dag.py:3820} INFO - Setting next_dagrun for example_python_operator to None, run_after=None
[2024-02-23T17:35:27.297+0000] {processor.py:183} INFO - Processing /home/airflow/.local/lib/python3.8/site-packages/airflow/example_dags/example_python_operator.py took 0.097 seconds
[2024-02-23T17:35:58.171+0000] {processor.py:161} INFO - Started process (PID=6676) to work on /home/airflow/.local/lib/python3.8/site-packages/airflow/example_dags/example_python_operator.py
[2024-02-23T17:35:58.173+0000] {processor.py:830} INFO - Processing file /home/airflow/.local/lib/python3.8/site-packages/airflow/example_dags/example_python_operator.py for tasks to queue
[2024-02-23T17:35:58.174+0000] {logging_mixin.py:188} INFO - [2024-02-23T17:35:58.174+0000] {dagbag.py:538} INFO - Filling up the DagBag from /home/airflow/.local/lib/python3.8/site-packages/airflow/example_dags/example_python_operator.py
[2024-02-23T17:35:58.188+0000] {processor.py:840} INFO - DAG(s) 'example_python_operator' retrieved from /home/airflow/.local/lib/python3.8/site-packages/airflow/example_dags/example_python_operator.py
[2024-02-23T17:35:58.216+0000] {logging_mixin.py:188} INFO - [2024-02-23T17:35:58.216+0000] {dag.py:3033} INFO - Sync 1 DAGs
[2024-02-23T17:35:58.231+0000] {logging_mixin.py:188} INFO - [2024-02-23T17:35:58.230+0000] {dag.py:3820} INFO - Setting next_dagrun for example_python_operator to None, run_after=None
[2024-02-23T17:35:58.253+0000] {processor.py:183} INFO - Processing /home/airflow/.local/lib/python3.8/site-packages/airflow/example_dags/example_python_operator.py took 0.085 seconds
[2024-02-23T17:36:28.488+0000] {processor.py:161} INFO - Started process (PID=6733) to work on /home/airflow/.local/lib/python3.8/site-packages/airflow/example_dags/example_python_operator.py
[2024-02-23T17:36:28.490+0000] {processor.py:830} INFO - Processing file /home/airflow/.local/lib/python3.8/site-packages/airflow/example_dags/example_python_operator.py for tasks to queue
[2024-02-23T17:36:28.491+0000] {logging_mixin.py:188} INFO - [2024-02-23T17:36:28.491+0000] {dagbag.py:538} INFO - Filling up the DagBag from /home/airflow/.local/lib/python3.8/site-packages/airflow/example_dags/example_python_operator.py
[2024-02-23T17:36:28.508+0000] {processor.py:840} INFO - DAG(s) 'example_python_operator' retrieved from /home/airflow/.local/lib/python3.8/site-packages/airflow/example_dags/example_python_operator.py
[2024-02-23T17:36:28.541+0000] {logging_mixin.py:188} INFO - [2024-02-23T17:36:28.541+0000] {dag.py:3033} INFO - Sync 1 DAGs
[2024-02-23T17:36:28.562+0000] {logging_mixin.py:188} INFO - [2024-02-23T17:36:28.562+0000] {dag.py:3820} INFO - Setting next_dagrun for example_python_operator to None, run_after=None
[2024-02-23T17:36:28.595+0000] {processor.py:183} INFO - Processing /home/airflow/.local/lib/python3.8/site-packages/airflow/example_dags/example_python_operator.py took 0.114 seconds
[2024-02-23T17:36:59.323+0000] {processor.py:161} INFO - Started process (PID=6790) to work on /home/airflow/.local/lib/python3.8/site-packages/airflow/example_dags/example_python_operator.py
[2024-02-23T17:36:59.324+0000] {processor.py:830} INFO - Processing file /home/airflow/.local/lib/python3.8/site-packages/airflow/example_dags/example_python_operator.py for tasks to queue
[2024-02-23T17:36:59.325+0000] {logging_mixin.py:188} INFO - [2024-02-23T17:36:59.325+0000] {dagbag.py:538} INFO - Filling up the DagBag from /home/airflow/.local/lib/python3.8/site-packages/airflow/example_dags/example_python_operator.py
[2024-02-23T17:36:59.339+0000] {processor.py:840} INFO - DAG(s) 'example_python_operator' retrieved from /home/airflow/.local/lib/python3.8/site-packages/airflow/example_dags/example_python_operator.py
[2024-02-23T17:36:59.367+0000] {logging_mixin.py:188} INFO - [2024-02-23T17:36:59.367+0000] {dag.py:3033} INFO - Sync 1 DAGs
[2024-02-23T17:36:59.382+0000] {logging_mixin.py:188} INFO - [2024-02-23T17:36:59.382+0000] {dag.py:3820} INFO - Setting next_dagrun for example_python_operator to None, run_after=None
[2024-02-23T17:36:59.439+0000] {processor.py:183} INFO - Processing /home/airflow/.local/lib/python3.8/site-packages/airflow/example_dags/example_python_operator.py took 0.120 seconds
[2024-02-23T17:37:30.281+0000] {processor.py:161} INFO - Started process (PID=6847) to work on /home/airflow/.local/lib/python3.8/site-packages/airflow/example_dags/example_python_operator.py
[2024-02-23T17:37:30.282+0000] {processor.py:830} INFO - Processing file /home/airflow/.local/lib/python3.8/site-packages/airflow/example_dags/example_python_operator.py for tasks to queue
[2024-02-23T17:37:30.284+0000] {logging_mixin.py:188} INFO - [2024-02-23T17:37:30.283+0000] {dagbag.py:538} INFO - Filling up the DagBag from /home/airflow/.local/lib/python3.8/site-packages/airflow/example_dags/example_python_operator.py
[2024-02-23T17:37:30.298+0000] {processor.py:840} INFO - DAG(s) 'example_python_operator' retrieved from /home/airflow/.local/lib/python3.8/site-packages/airflow/example_dags/example_python_operator.py
[2024-02-23T17:37:30.325+0000] {logging_mixin.py:188} INFO - [2024-02-23T17:37:30.324+0000] {dag.py:3033} INFO - Sync 1 DAGs
[2024-02-23T17:37:30.338+0000] {logging_mixin.py:188} INFO - [2024-02-23T17:37:30.338+0000] {dag.py:3820} INFO - Setting next_dagrun for example_python_operator to None, run_after=None
[2024-02-23T17:37:30.394+0000] {processor.py:183} INFO - Processing /home/airflow/.local/lib/python3.8/site-packages/airflow/example_dags/example_python_operator.py took 0.117 seconds
[2024-02-23T17:38:00.589+0000] {processor.py:161} INFO - Started process (PID=6904) to work on /home/airflow/.local/lib/python3.8/site-packages/airflow/example_dags/example_python_operator.py
[2024-02-23T17:38:00.591+0000] {processor.py:830} INFO - Processing file /home/airflow/.local/lib/python3.8/site-packages/airflow/example_dags/example_python_operator.py for tasks to queue
[2024-02-23T17:38:00.592+0000] {logging_mixin.py:188} INFO - [2024-02-23T17:38:00.591+0000] {dagbag.py:538} INFO - Filling up the DagBag from /home/airflow/.local/lib/python3.8/site-packages/airflow/example_dags/example_python_operator.py
[2024-02-23T17:38:00.604+0000] {processor.py:840} INFO - DAG(s) 'example_python_operator' retrieved from /home/airflow/.local/lib/python3.8/site-packages/airflow/example_dags/example_python_operator.py
[2024-02-23T17:38:00.631+0000] {logging_mixin.py:188} INFO - [2024-02-23T17:38:00.631+0000] {dag.py:3033} INFO - Sync 1 DAGs
[2024-02-23T17:38:00.645+0000] {logging_mixin.py:188} INFO - [2024-02-23T17:38:00.644+0000] {dag.py:3820} INFO - Setting next_dagrun for example_python_operator to None, run_after=None
[2024-02-23T17:38:00.664+0000] {processor.py:183} INFO - Processing /home/airflow/.local/lib/python3.8/site-packages/airflow/example_dags/example_python_operator.py took 0.078 seconds
[2024-02-23T17:38:30.836+0000] {processor.py:161} INFO - Started process (PID=6961) to work on /home/airflow/.local/lib/python3.8/site-packages/airflow/example_dags/example_python_operator.py
[2024-02-23T17:38:30.837+0000] {processor.py:830} INFO - Processing file /home/airflow/.local/lib/python3.8/site-packages/airflow/example_dags/example_python_operator.py for tasks to queue
[2024-02-23T17:38:30.838+0000] {logging_mixin.py:188} INFO - [2024-02-23T17:38:30.838+0000] {dagbag.py:538} INFO - Filling up the DagBag from /home/airflow/.local/lib/python3.8/site-packages/airflow/example_dags/example_python_operator.py
[2024-02-23T17:38:30.852+0000] {processor.py:840} INFO - DAG(s) 'example_python_operator' retrieved from /home/airflow/.local/lib/python3.8/site-packages/airflow/example_dags/example_python_operator.py
[2024-02-23T17:38:30.882+0000] {logging_mixin.py:188} INFO - [2024-02-23T17:38:30.881+0000] {dag.py:3033} INFO - Sync 1 DAGs
[2024-02-23T17:38:30.897+0000] {logging_mixin.py:188} INFO - [2024-02-23T17:38:30.897+0000] {dag.py:3820} INFO - Setting next_dagrun for example_python_operator to None, run_after=None
[2024-02-23T17:38:30.920+0000] {processor.py:183} INFO - Processing /home/airflow/.local/lib/python3.8/site-packages/airflow/example_dags/example_python_operator.py took 0.088 seconds
[2024-02-23T17:39:01.414+0000] {processor.py:161} INFO - Started process (PID=7018) to work on /home/airflow/.local/lib/python3.8/site-packages/airflow/example_dags/example_python_operator.py
[2024-02-23T17:39:01.415+0000] {processor.py:830} INFO - Processing file /home/airflow/.local/lib/python3.8/site-packages/airflow/example_dags/example_python_operator.py for tasks to queue
[2024-02-23T17:39:01.417+0000] {logging_mixin.py:188} INFO - [2024-02-23T17:39:01.416+0000] {dagbag.py:538} INFO - Filling up the DagBag from /home/airflow/.local/lib/python3.8/site-packages/airflow/example_dags/example_python_operator.py
[2024-02-23T17:39:01.431+0000] {processor.py:840} INFO - DAG(s) 'example_python_operator' retrieved from /home/airflow/.local/lib/python3.8/site-packages/airflow/example_dags/example_python_operator.py
[2024-02-23T17:39:01.462+0000] {logging_mixin.py:188} INFO - [2024-02-23T17:39:01.462+0000] {dag.py:3033} INFO - Sync 1 DAGs
[2024-02-23T17:39:01.482+0000] {logging_mixin.py:188} INFO - [2024-02-23T17:39:01.482+0000] {dag.py:3820} INFO - Setting next_dagrun for example_python_operator to None, run_after=None
[2024-02-23T17:39:01.507+0000] {processor.py:183} INFO - Processing /home/airflow/.local/lib/python3.8/site-packages/airflow/example_dags/example_python_operator.py took 0.097 seconds
[2024-02-23T17:39:31.779+0000] {processor.py:161} INFO - Started process (PID=7075) to work on /home/airflow/.local/lib/python3.8/site-packages/airflow/example_dags/example_python_operator.py
[2024-02-23T17:39:31.781+0000] {processor.py:830} INFO - Processing file /home/airflow/.local/lib/python3.8/site-packages/airflow/example_dags/example_python_operator.py for tasks to queue
[2024-02-23T17:39:31.782+0000] {logging_mixin.py:188} INFO - [2024-02-23T17:39:31.782+0000] {dagbag.py:538} INFO - Filling up the DagBag from /home/airflow/.local/lib/python3.8/site-packages/airflow/example_dags/example_python_operator.py
[2024-02-23T17:39:31.795+0000] {processor.py:840} INFO - DAG(s) 'example_python_operator' retrieved from /home/airflow/.local/lib/python3.8/site-packages/airflow/example_dags/example_python_operator.py
[2024-02-23T17:39:31.826+0000] {logging_mixin.py:188} INFO - [2024-02-23T17:39:31.826+0000] {dag.py:3033} INFO - Sync 1 DAGs
[2024-02-23T17:39:31.841+0000] {logging_mixin.py:188} INFO - [2024-02-23T17:39:31.841+0000] {dag.py:3820} INFO - Setting next_dagrun for example_python_operator to None, run_after=None
[2024-02-23T17:39:31.899+0000] {processor.py:183} INFO - Processing /home/airflow/.local/lib/python3.8/site-packages/airflow/example_dags/example_python_operator.py took 0.124 seconds
[2024-02-23T17:40:02.029+0000] {processor.py:161} INFO - Started process (PID=7132) to work on /home/airflow/.local/lib/python3.8/site-packages/airflow/example_dags/example_python_operator.py
[2024-02-23T17:40:02.030+0000] {processor.py:830} INFO - Processing file /home/airflow/.local/lib/python3.8/site-packages/airflow/example_dags/example_python_operator.py for tasks to queue
[2024-02-23T17:40:02.031+0000] {logging_mixin.py:188} INFO - [2024-02-23T17:40:02.031+0000] {dagbag.py:538} INFO - Filling up the DagBag from /home/airflow/.local/lib/python3.8/site-packages/airflow/example_dags/example_python_operator.py
[2024-02-23T17:40:02.046+0000] {processor.py:840} INFO - DAG(s) 'example_python_operator' retrieved from /home/airflow/.local/lib/python3.8/site-packages/airflow/example_dags/example_python_operator.py
[2024-02-23T17:40:02.072+0000] {logging_mixin.py:188} INFO - [2024-02-23T17:40:02.072+0000] {dag.py:3033} INFO - Sync 1 DAGs
[2024-02-23T17:40:02.087+0000] {logging_mixin.py:188} INFO - [2024-02-23T17:40:02.087+0000] {dag.py:3820} INFO - Setting next_dagrun for example_python_operator to None, run_after=None
[2024-02-23T17:40:02.116+0000] {processor.py:183} INFO - Processing /home/airflow/.local/lib/python3.8/site-packages/airflow/example_dags/example_python_operator.py took 0.091 seconds
[2024-02-23T17:40:32.672+0000] {processor.py:161} INFO - Started process (PID=7189) to work on /home/airflow/.local/lib/python3.8/site-packages/airflow/example_dags/example_python_operator.py
[2024-02-23T17:40:32.674+0000] {processor.py:830} INFO - Processing file /home/airflow/.local/lib/python3.8/site-packages/airflow/example_dags/example_python_operator.py for tasks to queue
[2024-02-23T17:40:32.675+0000] {logging_mixin.py:188} INFO - [2024-02-23T17:40:32.675+0000] {dagbag.py:538} INFO - Filling up the DagBag from /home/airflow/.local/lib/python3.8/site-packages/airflow/example_dags/example_python_operator.py
[2024-02-23T17:40:32.691+0000] {processor.py:840} INFO - DAG(s) 'example_python_operator' retrieved from /home/airflow/.local/lib/python3.8/site-packages/airflow/example_dags/example_python_operator.py
[2024-02-23T17:40:32.723+0000] {logging_mixin.py:188} INFO - [2024-02-23T17:40:32.723+0000] {dag.py:3033} INFO - Sync 1 DAGs
[2024-02-23T17:40:32.741+0000] {logging_mixin.py:188} INFO - [2024-02-23T17:40:32.741+0000] {dag.py:3820} INFO - Setting next_dagrun for example_python_operator to None, run_after=None
[2024-02-23T17:40:32.769+0000] {processor.py:183} INFO - Processing /home/airflow/.local/lib/python3.8/site-packages/airflow/example_dags/example_python_operator.py took 0.101 seconds
[2024-02-23T17:41:03.292+0000] {processor.py:161} INFO - Started process (PID=7246) to work on /home/airflow/.local/lib/python3.8/site-packages/airflow/example_dags/example_python_operator.py
[2024-02-23T17:41:03.293+0000] {processor.py:830} INFO - Processing file /home/airflow/.local/lib/python3.8/site-packages/airflow/example_dags/example_python_operator.py for tasks to queue
[2024-02-23T17:41:03.294+0000] {logging_mixin.py:188} INFO - [2024-02-23T17:41:03.294+0000] {dagbag.py:538} INFO - Filling up the DagBag from /home/airflow/.local/lib/python3.8/site-packages/airflow/example_dags/example_python_operator.py
[2024-02-23T17:41:03.307+0000] {processor.py:840} INFO - DAG(s) 'example_python_operator' retrieved from /home/airflow/.local/lib/python3.8/site-packages/airflow/example_dags/example_python_operator.py
[2024-02-23T17:41:03.335+0000] {logging_mixin.py:188} INFO - [2024-02-23T17:41:03.334+0000] {dag.py:3033} INFO - Sync 1 DAGs
[2024-02-23T17:41:03.349+0000] {logging_mixin.py:188} INFO - [2024-02-23T17:41:03.349+0000] {dag.py:3820} INFO - Setting next_dagrun for example_python_operator to None, run_after=None
[2024-02-23T17:41:03.407+0000] {processor.py:183} INFO - Processing /home/airflow/.local/lib/python3.8/site-packages/airflow/example_dags/example_python_operator.py took 0.119 seconds
[2024-02-23T17:41:33.595+0000] {processor.py:161} INFO - Started process (PID=7304) to work on /home/airflow/.local/lib/python3.8/site-packages/airflow/example_dags/example_python_operator.py
[2024-02-23T17:41:33.596+0000] {processor.py:830} INFO - Processing file /home/airflow/.local/lib/python3.8/site-packages/airflow/example_dags/example_python_operator.py for tasks to queue
[2024-02-23T17:41:33.597+0000] {logging_mixin.py:188} INFO - [2024-02-23T17:41:33.597+0000] {dagbag.py:538} INFO - Filling up the DagBag from /home/airflow/.local/lib/python3.8/site-packages/airflow/example_dags/example_python_operator.py
[2024-02-23T17:41:33.611+0000] {processor.py:840} INFO - DAG(s) 'example_python_operator' retrieved from /home/airflow/.local/lib/python3.8/site-packages/airflow/example_dags/example_python_operator.py
[2024-02-23T17:41:33.639+0000] {logging_mixin.py:188} INFO - [2024-02-23T17:41:33.639+0000] {dag.py:3033} INFO - Sync 1 DAGs
[2024-02-23T17:41:33.654+0000] {logging_mixin.py:188} INFO - [2024-02-23T17:41:33.654+0000] {dag.py:3820} INFO - Setting next_dagrun for example_python_operator to None, run_after=None
[2024-02-23T17:41:33.712+0000] {processor.py:183} INFO - Processing /home/airflow/.local/lib/python3.8/site-packages/airflow/example_dags/example_python_operator.py took 0.122 seconds
[2024-02-23T17:42:03.777+0000] {processor.py:161} INFO - Started process (PID=7361) to work on /home/airflow/.local/lib/python3.8/site-packages/airflow/example_dags/example_python_operator.py
[2024-02-23T17:42:03.778+0000] {processor.py:830} INFO - Processing file /home/airflow/.local/lib/python3.8/site-packages/airflow/example_dags/example_python_operator.py for tasks to queue
[2024-02-23T17:42:03.780+0000] {logging_mixin.py:188} INFO - [2024-02-23T17:42:03.780+0000] {dagbag.py:538} INFO - Filling up the DagBag from /home/airflow/.local/lib/python3.8/site-packages/airflow/example_dags/example_python_operator.py
[2024-02-23T17:42:03.794+0000] {processor.py:840} INFO - DAG(s) 'example_python_operator' retrieved from /home/airflow/.local/lib/python3.8/site-packages/airflow/example_dags/example_python_operator.py
[2024-02-23T17:42:03.822+0000] {logging_mixin.py:188} INFO - [2024-02-23T17:42:03.822+0000] {dag.py:3033} INFO - Sync 1 DAGs
[2024-02-23T17:42:03.840+0000] {logging_mixin.py:188} INFO - [2024-02-23T17:42:03.839+0000] {dag.py:3820} INFO - Setting next_dagrun for example_python_operator to None, run_after=None
[2024-02-23T17:42:03.873+0000] {processor.py:183} INFO - Processing /home/airflow/.local/lib/python3.8/site-packages/airflow/example_dags/example_python_operator.py took 0.101 seconds
[2024-02-23T17:42:34.396+0000] {processor.py:161} INFO - Started process (PID=7418) to work on /home/airflow/.local/lib/python3.8/site-packages/airflow/example_dags/example_python_operator.py
[2024-02-23T17:42:34.398+0000] {processor.py:830} INFO - Processing file /home/airflow/.local/lib/python3.8/site-packages/airflow/example_dags/example_python_operator.py for tasks to queue
[2024-02-23T17:42:34.399+0000] {logging_mixin.py:188} INFO - [2024-02-23T17:42:34.398+0000] {dagbag.py:538} INFO - Filling up the DagBag from /home/airflow/.local/lib/python3.8/site-packages/airflow/example_dags/example_python_operator.py
[2024-02-23T17:42:34.414+0000] {processor.py:840} INFO - DAG(s) 'example_python_operator' retrieved from /home/airflow/.local/lib/python3.8/site-packages/airflow/example_dags/example_python_operator.py
[2024-02-23T17:42:34.441+0000] {logging_mixin.py:188} INFO - [2024-02-23T17:42:34.441+0000] {dag.py:3033} INFO - Sync 1 DAGs
[2024-02-23T17:42:34.455+0000] {logging_mixin.py:188} INFO - [2024-02-23T17:42:34.454+0000] {dag.py:3820} INFO - Setting next_dagrun for example_python_operator to None, run_after=None
[2024-02-23T17:42:34.474+0000] {processor.py:183} INFO - Processing /home/airflow/.local/lib/python3.8/site-packages/airflow/example_dags/example_python_operator.py took 0.083 seconds
[2024-02-23T17:43:04.911+0000] {processor.py:161} INFO - Started process (PID=7475) to work on /home/airflow/.local/lib/python3.8/site-packages/airflow/example_dags/example_python_operator.py
[2024-02-23T17:43:04.912+0000] {processor.py:830} INFO - Processing file /home/airflow/.local/lib/python3.8/site-packages/airflow/example_dags/example_python_operator.py for tasks to queue
[2024-02-23T17:43:04.914+0000] {logging_mixin.py:188} INFO - [2024-02-23T17:43:04.913+0000] {dagbag.py:538} INFO - Filling up the DagBag from /home/airflow/.local/lib/python3.8/site-packages/airflow/example_dags/example_python_operator.py
[2024-02-23T17:43:04.928+0000] {processor.py:840} INFO - DAG(s) 'example_python_operator' retrieved from /home/airflow/.local/lib/python3.8/site-packages/airflow/example_dags/example_python_operator.py
[2024-02-23T17:43:04.955+0000] {logging_mixin.py:188} INFO - [2024-02-23T17:43:04.955+0000] {dag.py:3033} INFO - Sync 1 DAGs
[2024-02-23T17:43:04.970+0000] {logging_mixin.py:188} INFO - [2024-02-23T17:43:04.970+0000] {dag.py:3820} INFO - Setting next_dagrun for example_python_operator to None, run_after=None
[2024-02-23T17:43:04.992+0000] {processor.py:183} INFO - Processing /home/airflow/.local/lib/python3.8/site-packages/airflow/example_dags/example_python_operator.py took 0.085 seconds
[2024-02-23T17:43:35.152+0000] {processor.py:161} INFO - Started process (PID=7532) to work on /home/airflow/.local/lib/python3.8/site-packages/airflow/example_dags/example_python_operator.py
[2024-02-23T17:43:35.153+0000] {processor.py:830} INFO - Processing file /home/airflow/.local/lib/python3.8/site-packages/airflow/example_dags/example_python_operator.py for tasks to queue
[2024-02-23T17:43:35.154+0000] {logging_mixin.py:188} INFO - [2024-02-23T17:43:35.154+0000] {dagbag.py:538} INFO - Filling up the DagBag from /home/airflow/.local/lib/python3.8/site-packages/airflow/example_dags/example_python_operator.py
[2024-02-23T17:43:35.167+0000] {processor.py:840} INFO - DAG(s) 'example_python_operator' retrieved from /home/airflow/.local/lib/python3.8/site-packages/airflow/example_dags/example_python_operator.py
[2024-02-23T17:43:35.197+0000] {logging_mixin.py:188} INFO - [2024-02-23T17:43:35.196+0000] {dag.py:3033} INFO - Sync 1 DAGs
[2024-02-23T17:43:35.212+0000] {logging_mixin.py:188} INFO - [2024-02-23T17:43:35.212+0000] {dag.py:3820} INFO - Setting next_dagrun for example_python_operator to None, run_after=None
[2024-02-23T17:43:35.234+0000] {processor.py:183} INFO - Processing /home/airflow/.local/lib/python3.8/site-packages/airflow/example_dags/example_python_operator.py took 0.086 seconds
[2024-02-23T17:44:06.119+0000] {processor.py:161} INFO - Started process (PID=7589) to work on /home/airflow/.local/lib/python3.8/site-packages/airflow/example_dags/example_python_operator.py
[2024-02-23T17:44:06.120+0000] {processor.py:830} INFO - Processing file /home/airflow/.local/lib/python3.8/site-packages/airflow/example_dags/example_python_operator.py for tasks to queue
[2024-02-23T17:44:06.122+0000] {logging_mixin.py:188} INFO - [2024-02-23T17:44:06.121+0000] {dagbag.py:538} INFO - Filling up the DagBag from /home/airflow/.local/lib/python3.8/site-packages/airflow/example_dags/example_python_operator.py
[2024-02-23T17:44:06.137+0000] {processor.py:840} INFO - DAG(s) 'example_python_operator' retrieved from /home/airflow/.local/lib/python3.8/site-packages/airflow/example_dags/example_python_operator.py
[2024-02-23T17:44:06.163+0000] {logging_mixin.py:188} INFO - [2024-02-23T17:44:06.163+0000] {dag.py:3033} INFO - Sync 1 DAGs
[2024-02-23T17:44:06.177+0000] {logging_mixin.py:188} INFO - [2024-02-23T17:44:06.177+0000] {dag.py:3820} INFO - Setting next_dagrun for example_python_operator to None, run_after=None
[2024-02-23T17:44:06.197+0000] {processor.py:183} INFO - Processing /home/airflow/.local/lib/python3.8/site-packages/airflow/example_dags/example_python_operator.py took 0.083 seconds
[2024-02-23T17:44:36.928+0000] {processor.py:161} INFO - Started process (PID=7646) to work on /home/airflow/.local/lib/python3.8/site-packages/airflow/example_dags/example_python_operator.py
[2024-02-23T17:44:36.929+0000] {processor.py:830} INFO - Processing file /home/airflow/.local/lib/python3.8/site-packages/airflow/example_dags/example_python_operator.py for tasks to queue
[2024-02-23T17:44:36.931+0000] {logging_mixin.py:188} INFO - [2024-02-23T17:44:36.930+0000] {dagbag.py:538} INFO - Filling up the DagBag from /home/airflow/.local/lib/python3.8/site-packages/airflow/example_dags/example_python_operator.py
[2024-02-23T17:44:36.945+0000] {processor.py:840} INFO - DAG(s) 'example_python_operator' retrieved from /home/airflow/.local/lib/python3.8/site-packages/airflow/example_dags/example_python_operator.py
[2024-02-23T17:44:36.969+0000] {logging_mixin.py:188} INFO - [2024-02-23T17:44:36.969+0000] {dag.py:3033} INFO - Sync 1 DAGs
[2024-02-23T17:44:36.983+0000] {logging_mixin.py:188} INFO - [2024-02-23T17:44:36.983+0000] {dag.py:3820} INFO - Setting next_dagrun for example_python_operator to None, run_after=None
[2024-02-23T17:44:37.003+0000] {processor.py:183} INFO - Processing /home/airflow/.local/lib/python3.8/site-packages/airflow/example_dags/example_python_operator.py took 0.079 seconds
[2024-02-23T17:45:07.298+0000] {processor.py:161} INFO - Started process (PID=7703) to work on /home/airflow/.local/lib/python3.8/site-packages/airflow/example_dags/example_python_operator.py
[2024-02-23T17:45:07.299+0000] {processor.py:830} INFO - Processing file /home/airflow/.local/lib/python3.8/site-packages/airflow/example_dags/example_python_operator.py for tasks to queue
[2024-02-23T17:45:07.300+0000] {logging_mixin.py:188} INFO - [2024-02-23T17:45:07.300+0000] {dagbag.py:538} INFO - Filling up the DagBag from /home/airflow/.local/lib/python3.8/site-packages/airflow/example_dags/example_python_operator.py
[2024-02-23T17:45:07.314+0000] {processor.py:840} INFO - DAG(s) 'example_python_operator' retrieved from /home/airflow/.local/lib/python3.8/site-packages/airflow/example_dags/example_python_operator.py
[2024-02-23T17:45:07.341+0000] {logging_mixin.py:188} INFO - [2024-02-23T17:45:07.341+0000] {dag.py:3033} INFO - Sync 1 DAGs
[2024-02-23T17:45:07.357+0000] {logging_mixin.py:188} INFO - [2024-02-23T17:45:07.356+0000] {dag.py:3820} INFO - Setting next_dagrun for example_python_operator to None, run_after=None
[2024-02-23T17:45:07.379+0000] {processor.py:183} INFO - Processing /home/airflow/.local/lib/python3.8/site-packages/airflow/example_dags/example_python_operator.py took 0.085 seconds
[2024-02-23T17:45:38.054+0000] {processor.py:161} INFO - Started process (PID=7760) to work on /home/airflow/.local/lib/python3.8/site-packages/airflow/example_dags/example_python_operator.py
[2024-02-23T17:45:38.055+0000] {processor.py:830} INFO - Processing file /home/airflow/.local/lib/python3.8/site-packages/airflow/example_dags/example_python_operator.py for tasks to queue
[2024-02-23T17:45:38.056+0000] {logging_mixin.py:188} INFO - [2024-02-23T17:45:38.056+0000] {dagbag.py:538} INFO - Filling up the DagBag from /home/airflow/.local/lib/python3.8/site-packages/airflow/example_dags/example_python_operator.py
[2024-02-23T17:45:38.073+0000] {processor.py:840} INFO - DAG(s) 'example_python_operator' retrieved from /home/airflow/.local/lib/python3.8/site-packages/airflow/example_dags/example_python_operator.py
[2024-02-23T17:45:38.098+0000] {logging_mixin.py:188} INFO - [2024-02-23T17:45:38.098+0000] {dag.py:3033} INFO - Sync 1 DAGs
[2024-02-23T17:45:38.112+0000] {logging_mixin.py:188} INFO - [2024-02-23T17:45:38.112+0000] {dag.py:3820} INFO - Setting next_dagrun for example_python_operator to None, run_after=None
[2024-02-23T17:45:38.134+0000] {processor.py:183} INFO - Processing /home/airflow/.local/lib/python3.8/site-packages/airflow/example_dags/example_python_operator.py took 0.084 seconds
[2024-02-23T17:46:08.432+0000] {processor.py:161} INFO - Started process (PID=7817) to work on /home/airflow/.local/lib/python3.8/site-packages/airflow/example_dags/example_python_operator.py
[2024-02-23T17:46:08.433+0000] {processor.py:830} INFO - Processing file /home/airflow/.local/lib/python3.8/site-packages/airflow/example_dags/example_python_operator.py for tasks to queue
[2024-02-23T17:46:08.435+0000] {logging_mixin.py:188} INFO - [2024-02-23T17:46:08.434+0000] {dagbag.py:538} INFO - Filling up the DagBag from /home/airflow/.local/lib/python3.8/site-packages/airflow/example_dags/example_python_operator.py
[2024-02-23T17:46:08.454+0000] {processor.py:840} INFO - DAG(s) 'example_python_operator' retrieved from /home/airflow/.local/lib/python3.8/site-packages/airflow/example_dags/example_python_operator.py
[2024-02-23T17:46:08.490+0000] {logging_mixin.py:188} INFO - [2024-02-23T17:46:08.490+0000] {dag.py:3033} INFO - Sync 1 DAGs
[2024-02-23T17:46:08.508+0000] {logging_mixin.py:188} INFO - [2024-02-23T17:46:08.508+0000] {dag.py:3820} INFO - Setting next_dagrun for example_python_operator to None, run_after=None
[2024-02-23T17:46:08.571+0000] {processor.py:183} INFO - Processing /home/airflow/.local/lib/python3.8/site-packages/airflow/example_dags/example_python_operator.py took 0.144 seconds
[2024-02-23T17:46:38.795+0000] {processor.py:161} INFO - Started process (PID=7874) to work on /home/airflow/.local/lib/python3.8/site-packages/airflow/example_dags/example_python_operator.py
[2024-02-23T17:46:38.796+0000] {processor.py:830} INFO - Processing file /home/airflow/.local/lib/python3.8/site-packages/airflow/example_dags/example_python_operator.py for tasks to queue
[2024-02-23T17:46:38.797+0000] {logging_mixin.py:188} INFO - [2024-02-23T17:46:38.797+0000] {dagbag.py:538} INFO - Filling up the DagBag from /home/airflow/.local/lib/python3.8/site-packages/airflow/example_dags/example_python_operator.py
[2024-02-23T17:46:38.811+0000] {processor.py:840} INFO - DAG(s) 'example_python_operator' retrieved from /home/airflow/.local/lib/python3.8/site-packages/airflow/example_dags/example_python_operator.py
[2024-02-23T17:46:38.838+0000] {logging_mixin.py:188} INFO - [2024-02-23T17:46:38.838+0000] {dag.py:3033} INFO - Sync 1 DAGs
[2024-02-23T17:46:38.853+0000] {logging_mixin.py:188} INFO - [2024-02-23T17:46:38.853+0000] {dag.py:3820} INFO - Setting next_dagrun for example_python_operator to None, run_after=None
[2024-02-23T17:46:38.874+0000] {processor.py:183} INFO - Processing /home/airflow/.local/lib/python3.8/site-packages/airflow/example_dags/example_python_operator.py took 0.083 seconds
[2024-02-23T17:47:09.607+0000] {processor.py:161} INFO - Started process (PID=7931) to work on /home/airflow/.local/lib/python3.8/site-packages/airflow/example_dags/example_python_operator.py
[2024-02-23T17:47:09.608+0000] {processor.py:830} INFO - Processing file /home/airflow/.local/lib/python3.8/site-packages/airflow/example_dags/example_python_operator.py for tasks to queue
[2024-02-23T17:47:09.609+0000] {logging_mixin.py:188} INFO - [2024-02-23T17:47:09.609+0000] {dagbag.py:538} INFO - Filling up the DagBag from /home/airflow/.local/lib/python3.8/site-packages/airflow/example_dags/example_python_operator.py
[2024-02-23T17:47:09.623+0000] {processor.py:840} INFO - DAG(s) 'example_python_operator' retrieved from /home/airflow/.local/lib/python3.8/site-packages/airflow/example_dags/example_python_operator.py
[2024-02-23T17:47:09.651+0000] {logging_mixin.py:188} INFO - [2024-02-23T17:47:09.651+0000] {dag.py:3033} INFO - Sync 1 DAGs
[2024-02-23T17:47:09.665+0000] {logging_mixin.py:188} INFO - [2024-02-23T17:47:09.665+0000] {dag.py:3820} INFO - Setting next_dagrun for example_python_operator to None, run_after=None
[2024-02-23T17:47:09.685+0000] {processor.py:183} INFO - Processing /home/airflow/.local/lib/python3.8/site-packages/airflow/example_dags/example_python_operator.py took 0.082 seconds
[2024-02-23T17:47:40.019+0000] {processor.py:161} INFO - Started process (PID=7988) to work on /home/airflow/.local/lib/python3.8/site-packages/airflow/example_dags/example_python_operator.py
[2024-02-23T17:47:40.020+0000] {processor.py:830} INFO - Processing file /home/airflow/.local/lib/python3.8/site-packages/airflow/example_dags/example_python_operator.py for tasks to queue
[2024-02-23T17:47:40.021+0000] {logging_mixin.py:188} INFO - [2024-02-23T17:47:40.020+0000] {dagbag.py:538} INFO - Filling up the DagBag from /home/airflow/.local/lib/python3.8/site-packages/airflow/example_dags/example_python_operator.py
[2024-02-23T17:47:40.034+0000] {processor.py:840} INFO - DAG(s) 'example_python_operator' retrieved from /home/airflow/.local/lib/python3.8/site-packages/airflow/example_dags/example_python_operator.py
[2024-02-23T17:47:40.062+0000] {logging_mixin.py:188} INFO - [2024-02-23T17:47:40.062+0000] {dag.py:3033} INFO - Sync 1 DAGs
[2024-02-23T17:47:40.079+0000] {logging_mixin.py:188} INFO - [2024-02-23T17:47:40.079+0000] {dag.py:3820} INFO - Setting next_dagrun for example_python_operator to None, run_after=None
[2024-02-23T17:47:40.150+0000] {processor.py:183} INFO - Processing /home/airflow/.local/lib/python3.8/site-packages/airflow/example_dags/example_python_operator.py took 0.136 seconds
[2024-02-23T17:48:10.474+0000] {processor.py:161} INFO - Started process (PID=8045) to work on /home/airflow/.local/lib/python3.8/site-packages/airflow/example_dags/example_python_operator.py
[2024-02-23T17:48:10.475+0000] {processor.py:830} INFO - Processing file /home/airflow/.local/lib/python3.8/site-packages/airflow/example_dags/example_python_operator.py for tasks to queue
[2024-02-23T17:48:10.477+0000] {logging_mixin.py:188} INFO - [2024-02-23T17:48:10.476+0000] {dagbag.py:538} INFO - Filling up the DagBag from /home/airflow/.local/lib/python3.8/site-packages/airflow/example_dags/example_python_operator.py
[2024-02-23T17:48:10.493+0000] {processor.py:840} INFO - DAG(s) 'example_python_operator' retrieved from /home/airflow/.local/lib/python3.8/site-packages/airflow/example_dags/example_python_operator.py
[2024-02-23T17:48:10.522+0000] {logging_mixin.py:188} INFO - [2024-02-23T17:48:10.522+0000] {dag.py:3033} INFO - Sync 1 DAGs
[2024-02-23T17:48:10.544+0000] {logging_mixin.py:188} INFO - [2024-02-23T17:48:10.543+0000] {dag.py:3820} INFO - Setting next_dagrun for example_python_operator to None, run_after=None
[2024-02-23T17:48:10.606+0000] {processor.py:183} INFO - Processing /home/airflow/.local/lib/python3.8/site-packages/airflow/example_dags/example_python_operator.py took 0.139 seconds
[2024-02-23T17:48:40.737+0000] {processor.py:161} INFO - Started process (PID=8102) to work on /home/airflow/.local/lib/python3.8/site-packages/airflow/example_dags/example_python_operator.py
[2024-02-23T17:48:40.739+0000] {processor.py:830} INFO - Processing file /home/airflow/.local/lib/python3.8/site-packages/airflow/example_dags/example_python_operator.py for tasks to queue
[2024-02-23T17:48:40.740+0000] {logging_mixin.py:188} INFO - [2024-02-23T17:48:40.740+0000] {dagbag.py:538} INFO - Filling up the DagBag from /home/airflow/.local/lib/python3.8/site-packages/airflow/example_dags/example_python_operator.py
[2024-02-23T17:48:40.754+0000] {processor.py:840} INFO - DAG(s) 'example_python_operator' retrieved from /home/airflow/.local/lib/python3.8/site-packages/airflow/example_dags/example_python_operator.py
[2024-02-23T17:48:40.782+0000] {logging_mixin.py:188} INFO - [2024-02-23T17:48:40.781+0000] {dag.py:3033} INFO - Sync 1 DAGs
[2024-02-23T17:48:40.799+0000] {logging_mixin.py:188} INFO - [2024-02-23T17:48:40.799+0000] {dag.py:3820} INFO - Setting next_dagrun for example_python_operator to None, run_after=None
[2024-02-23T17:48:40.822+0000] {processor.py:183} INFO - Processing /home/airflow/.local/lib/python3.8/site-packages/airflow/example_dags/example_python_operator.py took 0.089 seconds
[2024-02-23T17:49:11.735+0000] {processor.py:161} INFO - Started process (PID=8159) to work on /home/airflow/.local/lib/python3.8/site-packages/airflow/example_dags/example_python_operator.py
[2024-02-23T17:49:11.736+0000] {processor.py:830} INFO - Processing file /home/airflow/.local/lib/python3.8/site-packages/airflow/example_dags/example_python_operator.py for tasks to queue
[2024-02-23T17:49:11.737+0000] {logging_mixin.py:188} INFO - [2024-02-23T17:49:11.737+0000] {dagbag.py:538} INFO - Filling up the DagBag from /home/airflow/.local/lib/python3.8/site-packages/airflow/example_dags/example_python_operator.py
[2024-02-23T17:49:11.751+0000] {processor.py:840} INFO - DAG(s) 'example_python_operator' retrieved from /home/airflow/.local/lib/python3.8/site-packages/airflow/example_dags/example_python_operator.py
[2024-02-23T17:49:11.778+0000] {logging_mixin.py:188} INFO - [2024-02-23T17:49:11.778+0000] {dag.py:3033} INFO - Sync 1 DAGs
[2024-02-23T17:49:11.792+0000] {logging_mixin.py:188} INFO - [2024-02-23T17:49:11.792+0000] {dag.py:3820} INFO - Setting next_dagrun for example_python_operator to None, run_after=None
[2024-02-23T17:49:11.814+0000] {processor.py:183} INFO - Processing /home/airflow/.local/lib/python3.8/site-packages/airflow/example_dags/example_python_operator.py took 0.083 seconds
[2024-02-23T17:49:42.627+0000] {processor.py:161} INFO - Started process (PID=8216) to work on /home/airflow/.local/lib/python3.8/site-packages/airflow/example_dags/example_python_operator.py
[2024-02-23T17:49:42.628+0000] {processor.py:830} INFO - Processing file /home/airflow/.local/lib/python3.8/site-packages/airflow/example_dags/example_python_operator.py for tasks to queue
[2024-02-23T17:49:42.629+0000] {logging_mixin.py:188} INFO - [2024-02-23T17:49:42.629+0000] {dagbag.py:538} INFO - Filling up the DagBag from /home/airflow/.local/lib/python3.8/site-packages/airflow/example_dags/example_python_operator.py
[2024-02-23T17:49:42.644+0000] {processor.py:840} INFO - DAG(s) 'example_python_operator' retrieved from /home/airflow/.local/lib/python3.8/site-packages/airflow/example_dags/example_python_operator.py
[2024-02-23T17:49:42.678+0000] {logging_mixin.py:188} INFO - [2024-02-23T17:49:42.678+0000] {dag.py:3033} INFO - Sync 1 DAGs
[2024-02-23T17:49:42.691+0000] {logging_mixin.py:188} INFO - [2024-02-23T17:49:42.691+0000] {dag.py:3820} INFO - Setting next_dagrun for example_python_operator to None, run_after=None
[2024-02-23T17:49:42.712+0000] {processor.py:183} INFO - Processing /home/airflow/.local/lib/python3.8/site-packages/airflow/example_dags/example_python_operator.py took 0.091 seconds
[2024-02-23T17:50:12.963+0000] {processor.py:161} INFO - Started process (PID=8273) to work on /home/airflow/.local/lib/python3.8/site-packages/airflow/example_dags/example_python_operator.py
[2024-02-23T17:50:12.964+0000] {processor.py:830} INFO - Processing file /home/airflow/.local/lib/python3.8/site-packages/airflow/example_dags/example_python_operator.py for tasks to queue
[2024-02-23T17:50:12.965+0000] {logging_mixin.py:188} INFO - [2024-02-23T17:50:12.965+0000] {dagbag.py:538} INFO - Filling up the DagBag from /home/airflow/.local/lib/python3.8/site-packages/airflow/example_dags/example_python_operator.py
[2024-02-23T17:50:12.980+0000] {processor.py:840} INFO - DAG(s) 'example_python_operator' retrieved from /home/airflow/.local/lib/python3.8/site-packages/airflow/example_dags/example_python_operator.py
[2024-02-23T17:50:13.005+0000] {logging_mixin.py:188} INFO - [2024-02-23T17:50:13.004+0000] {dag.py:3033} INFO - Sync 1 DAGs
[2024-02-23T17:50:13.018+0000] {logging_mixin.py:188} INFO - [2024-02-23T17:50:13.018+0000] {dag.py:3820} INFO - Setting next_dagrun for example_python_operator to None, run_after=None
[2024-02-23T17:50:13.039+0000] {processor.py:183} INFO - Processing /home/airflow/.local/lib/python3.8/site-packages/airflow/example_dags/example_python_operator.py took 0.080 seconds
[2024-02-23T17:50:43.366+0000] {processor.py:161} INFO - Started process (PID=8330) to work on /home/airflow/.local/lib/python3.8/site-packages/airflow/example_dags/example_python_operator.py
[2024-02-23T17:50:43.367+0000] {processor.py:830} INFO - Processing file /home/airflow/.local/lib/python3.8/site-packages/airflow/example_dags/example_python_operator.py for tasks to queue
[2024-02-23T17:50:43.368+0000] {logging_mixin.py:188} INFO - [2024-02-23T17:50:43.368+0000] {dagbag.py:538} INFO - Filling up the DagBag from /home/airflow/.local/lib/python3.8/site-packages/airflow/example_dags/example_python_operator.py
[2024-02-23T17:50:43.380+0000] {processor.py:840} INFO - DAG(s) 'example_python_operator' retrieved from /home/airflow/.local/lib/python3.8/site-packages/airflow/example_dags/example_python_operator.py
[2024-02-23T17:50:43.405+0000] {logging_mixin.py:188} INFO - [2024-02-23T17:50:43.405+0000] {dag.py:3033} INFO - Sync 1 DAGs
[2024-02-23T17:50:43.419+0000] {logging_mixin.py:188} INFO - [2024-02-23T17:50:43.419+0000] {dag.py:3820} INFO - Setting next_dagrun for example_python_operator to None, run_after=None
[2024-02-23T17:50:43.439+0000] {processor.py:183} INFO - Processing /home/airflow/.local/lib/python3.8/site-packages/airflow/example_dags/example_python_operator.py took 0.076 seconds
[2024-02-23T17:51:13.552+0000] {processor.py:161} INFO - Started process (PID=8387) to work on /home/airflow/.local/lib/python3.8/site-packages/airflow/example_dags/example_python_operator.py
[2024-02-23T17:51:13.553+0000] {processor.py:830} INFO - Processing file /home/airflow/.local/lib/python3.8/site-packages/airflow/example_dags/example_python_operator.py for tasks to queue
[2024-02-23T17:51:13.555+0000] {logging_mixin.py:188} INFO - [2024-02-23T17:51:13.554+0000] {dagbag.py:538} INFO - Filling up the DagBag from /home/airflow/.local/lib/python3.8/site-packages/airflow/example_dags/example_python_operator.py
[2024-02-23T17:51:13.572+0000] {processor.py:840} INFO - DAG(s) 'example_python_operator' retrieved from /home/airflow/.local/lib/python3.8/site-packages/airflow/example_dags/example_python_operator.py
[2024-02-23T17:51:13.598+0000] {logging_mixin.py:188} INFO - [2024-02-23T17:51:13.598+0000] {dag.py:3033} INFO - Sync 1 DAGs
[2024-02-23T17:51:13.614+0000] {logging_mixin.py:188} INFO - [2024-02-23T17:51:13.613+0000] {dag.py:3820} INFO - Setting next_dagrun for example_python_operator to None, run_after=None
[2024-02-23T17:51:13.635+0000] {processor.py:183} INFO - Processing /home/airflow/.local/lib/python3.8/site-packages/airflow/example_dags/example_python_operator.py took 0.087 seconds
[2024-02-23T17:51:44.059+0000] {processor.py:161} INFO - Started process (PID=8444) to work on /home/airflow/.local/lib/python3.8/site-packages/airflow/example_dags/example_python_operator.py
[2024-02-23T17:51:44.060+0000] {processor.py:830} INFO - Processing file /home/airflow/.local/lib/python3.8/site-packages/airflow/example_dags/example_python_operator.py for tasks to queue
[2024-02-23T17:51:44.061+0000] {logging_mixin.py:188} INFO - [2024-02-23T17:51:44.060+0000] {dagbag.py:538} INFO - Filling up the DagBag from /home/airflow/.local/lib/python3.8/site-packages/airflow/example_dags/example_python_operator.py
[2024-02-23T17:51:44.073+0000] {processor.py:840} INFO - DAG(s) 'example_python_operator' retrieved from /home/airflow/.local/lib/python3.8/site-packages/airflow/example_dags/example_python_operator.py
[2024-02-23T17:51:44.098+0000] {logging_mixin.py:188} INFO - [2024-02-23T17:51:44.098+0000] {dag.py:3033} INFO - Sync 1 DAGs
[2024-02-23T17:51:44.112+0000] {logging_mixin.py:188} INFO - [2024-02-23T17:51:44.112+0000] {dag.py:3820} INFO - Setting next_dagrun for example_python_operator to None, run_after=None
[2024-02-23T17:51:44.170+0000] {processor.py:183} INFO - Processing /home/airflow/.local/lib/python3.8/site-packages/airflow/example_dags/example_python_operator.py took 0.116 seconds
