[2024-02-23T17:20:16.642+0000] {processor.py:161} INFO - Started process (PID=4942) to work on /home/airflow/.local/lib/python3.8/site-packages/airflow/example_dags/example_params_ui_tutorial.py
[2024-02-23T17:20:16.649+0000] {processor.py:830} INFO - Processing file /home/airflow/.local/lib/python3.8/site-packages/airflow/example_dags/example_params_ui_tutorial.py for tasks to queue
[2024-02-23T17:20:16.659+0000] {logging_mixin.py:188} INFO - [2024-02-23T17:20:16.658+0000] {dagbag.py:538} INFO - Filling up the DagBag from /home/airflow/.local/lib/python3.8/site-packages/airflow/example_dags/example_params_ui_tutorial.py
[2024-02-23T17:20:16.703+0000] {processor.py:840} INFO - DAG(s) 'example_params_ui_tutorial' retrieved from /home/airflow/.local/lib/python3.8/site-packages/airflow/example_dags/example_params_ui_tutorial.py
[2024-02-23T17:20:17.102+0000] {logging_mixin.py:188} INFO - [2024-02-23T17:20:17.102+0000] {dag.py:3033} INFO - Sync 1 DAGs
[2024-02-23T17:20:17.137+0000] {logging_mixin.py:188} INFO - [2024-02-23T17:20:17.136+0000] {dag.py:3820} INFO - Setting next_dagrun for example_params_ui_tutorial to None, run_after=None
[2024-02-23T17:20:17.192+0000] {processor.py:183} INFO - Processing /home/airflow/.local/lib/python3.8/site-packages/airflow/example_dags/example_params_ui_tutorial.py took 0.556 seconds
[2024-02-23T17:20:49.277+0000] {processor.py:161} INFO - Started process (PID=4999) to work on /home/airflow/.local/lib/python3.8/site-packages/airflow/example_dags/example_params_ui_tutorial.py
[2024-02-23T17:20:49.278+0000] {processor.py:830} INFO - Processing file /home/airflow/.local/lib/python3.8/site-packages/airflow/example_dags/example_params_ui_tutorial.py for tasks to queue
[2024-02-23T17:20:49.280+0000] {logging_mixin.py:188} INFO - [2024-02-23T17:20:49.279+0000] {dagbag.py:538} INFO - Filling up the DagBag from /home/airflow/.local/lib/python3.8/site-packages/airflow/example_dags/example_params_ui_tutorial.py
[2024-02-23T17:20:49.301+0000] {processor.py:840} INFO - DAG(s) 'example_params_ui_tutorial' retrieved from /home/airflow/.local/lib/python3.8/site-packages/airflow/example_dags/example_params_ui_tutorial.py
[2024-02-23T17:20:49.416+0000] {logging_mixin.py:188} INFO - [2024-02-23T17:20:49.415+0000] {dag.py:3033} INFO - Sync 1 DAGs
[2024-02-23T17:20:49.438+0000] {logging_mixin.py:188} INFO - [2024-02-23T17:20:49.438+0000] {dag.py:3820} INFO - Setting next_dagrun for example_params_ui_tutorial to None, run_after=None
[2024-02-23T17:20:49.469+0000] {processor.py:183} INFO - Processing /home/airflow/.local/lib/python3.8/site-packages/airflow/example_dags/example_params_ui_tutorial.py took 0.198 seconds
[2024-02-23T17:21:20.090+0000] {processor.py:161} INFO - Started process (PID=5056) to work on /home/airflow/.local/lib/python3.8/site-packages/airflow/example_dags/example_params_ui_tutorial.py
[2024-02-23T17:21:20.092+0000] {processor.py:830} INFO - Processing file /home/airflow/.local/lib/python3.8/site-packages/airflow/example_dags/example_params_ui_tutorial.py for tasks to queue
[2024-02-23T17:21:20.093+0000] {logging_mixin.py:188} INFO - [2024-02-23T17:21:20.093+0000] {dagbag.py:538} INFO - Filling up the DagBag from /home/airflow/.local/lib/python3.8/site-packages/airflow/example_dags/example_params_ui_tutorial.py
[2024-02-23T17:21:20.117+0000] {processor.py:840} INFO - DAG(s) 'example_params_ui_tutorial' retrieved from /home/airflow/.local/lib/python3.8/site-packages/airflow/example_dags/example_params_ui_tutorial.py
[2024-02-23T17:21:20.229+0000] {logging_mixin.py:188} INFO - [2024-02-23T17:21:20.229+0000] {dag.py:3033} INFO - Sync 1 DAGs
[2024-02-23T17:21:20.251+0000] {logging_mixin.py:188} INFO - [2024-02-23T17:21:20.251+0000] {dag.py:3820} INFO - Setting next_dagrun for example_params_ui_tutorial to None, run_after=None
[2024-02-23T17:21:20.291+0000] {processor.py:183} INFO - Processing /home/airflow/.local/lib/python3.8/site-packages/airflow/example_dags/example_params_ui_tutorial.py took 0.209 seconds
[2024-02-23T17:21:50.924+0000] {processor.py:161} INFO - Started process (PID=5113) to work on /home/airflow/.local/lib/python3.8/site-packages/airflow/example_dags/example_params_ui_tutorial.py
[2024-02-23T17:21:50.926+0000] {processor.py:830} INFO - Processing file /home/airflow/.local/lib/python3.8/site-packages/airflow/example_dags/example_params_ui_tutorial.py for tasks to queue
[2024-02-23T17:21:50.927+0000] {logging_mixin.py:188} INFO - [2024-02-23T17:21:50.927+0000] {dagbag.py:538} INFO - Filling up the DagBag from /home/airflow/.local/lib/python3.8/site-packages/airflow/example_dags/example_params_ui_tutorial.py
[2024-02-23T17:21:50.954+0000] {processor.py:840} INFO - DAG(s) 'example_params_ui_tutorial' retrieved from /home/airflow/.local/lib/python3.8/site-packages/airflow/example_dags/example_params_ui_tutorial.py
[2024-02-23T17:21:51.058+0000] {logging_mixin.py:188} INFO - [2024-02-23T17:21:51.057+0000] {dag.py:3033} INFO - Sync 1 DAGs
[2024-02-23T17:21:51.081+0000] {logging_mixin.py:188} INFO - [2024-02-23T17:21:51.081+0000] {dag.py:3820} INFO - Setting next_dagrun for example_params_ui_tutorial to None, run_after=None
[2024-02-23T17:21:51.126+0000] {processor.py:183} INFO - Processing /home/airflow/.local/lib/python3.8/site-packages/airflow/example_dags/example_params_ui_tutorial.py took 0.206 seconds
[2024-02-23T17:22:21.397+0000] {processor.py:161} INFO - Started process (PID=5171) to work on /home/airflow/.local/lib/python3.8/site-packages/airflow/example_dags/example_params_ui_tutorial.py
[2024-02-23T17:22:21.399+0000] {processor.py:830} INFO - Processing file /home/airflow/.local/lib/python3.8/site-packages/airflow/example_dags/example_params_ui_tutorial.py for tasks to queue
[2024-02-23T17:22:21.400+0000] {logging_mixin.py:188} INFO - [2024-02-23T17:22:21.400+0000] {dagbag.py:538} INFO - Filling up the DagBag from /home/airflow/.local/lib/python3.8/site-packages/airflow/example_dags/example_params_ui_tutorial.py
[2024-02-23T17:22:21.420+0000] {processor.py:840} INFO - DAG(s) 'example_params_ui_tutorial' retrieved from /home/airflow/.local/lib/python3.8/site-packages/airflow/example_dags/example_params_ui_tutorial.py
[2024-02-23T17:22:21.522+0000] {logging_mixin.py:188} INFO - [2024-02-23T17:22:21.522+0000] {dag.py:3033} INFO - Sync 1 DAGs
[2024-02-23T17:22:21.548+0000] {logging_mixin.py:188} INFO - [2024-02-23T17:22:21.548+0000] {dag.py:3820} INFO - Setting next_dagrun for example_params_ui_tutorial to None, run_after=None
[2024-02-23T17:22:21.582+0000] {processor.py:183} INFO - Processing /home/airflow/.local/lib/python3.8/site-packages/airflow/example_dags/example_params_ui_tutorial.py took 0.192 seconds
[2024-02-23T17:22:52.035+0000] {processor.py:161} INFO - Started process (PID=5228) to work on /home/airflow/.local/lib/python3.8/site-packages/airflow/example_dags/example_params_ui_tutorial.py
[2024-02-23T17:22:52.037+0000] {processor.py:830} INFO - Processing file /home/airflow/.local/lib/python3.8/site-packages/airflow/example_dags/example_params_ui_tutorial.py for tasks to queue
[2024-02-23T17:22:52.039+0000] {logging_mixin.py:188} INFO - [2024-02-23T17:22:52.039+0000] {dagbag.py:538} INFO - Filling up the DagBag from /home/airflow/.local/lib/python3.8/site-packages/airflow/example_dags/example_params_ui_tutorial.py
[2024-02-23T17:22:52.063+0000] {processor.py:840} INFO - DAG(s) 'example_params_ui_tutorial' retrieved from /home/airflow/.local/lib/python3.8/site-packages/airflow/example_dags/example_params_ui_tutorial.py
[2024-02-23T17:22:52.193+0000] {logging_mixin.py:188} INFO - [2024-02-23T17:22:52.193+0000] {dag.py:3033} INFO - Sync 1 DAGs
[2024-02-23T17:22:52.214+0000] {logging_mixin.py:188} INFO - [2024-02-23T17:22:52.213+0000] {dag.py:3820} INFO - Setting next_dagrun for example_params_ui_tutorial to None, run_after=None
[2024-02-23T17:22:52.245+0000] {processor.py:183} INFO - Processing /home/airflow/.local/lib/python3.8/site-packages/airflow/example_dags/example_params_ui_tutorial.py took 0.217 seconds
[2024-02-23T17:23:22.418+0000] {processor.py:161} INFO - Started process (PID=5285) to work on /home/airflow/.local/lib/python3.8/site-packages/airflow/example_dags/example_params_ui_tutorial.py
[2024-02-23T17:23:22.420+0000] {processor.py:830} INFO - Processing file /home/airflow/.local/lib/python3.8/site-packages/airflow/example_dags/example_params_ui_tutorial.py for tasks to queue
[2024-02-23T17:23:22.422+0000] {logging_mixin.py:188} INFO - [2024-02-23T17:23:22.421+0000] {dagbag.py:538} INFO - Filling up the DagBag from /home/airflow/.local/lib/python3.8/site-packages/airflow/example_dags/example_params_ui_tutorial.py
[2024-02-23T17:23:22.444+0000] {processor.py:840} INFO - DAG(s) 'example_params_ui_tutorial' retrieved from /home/airflow/.local/lib/python3.8/site-packages/airflow/example_dags/example_params_ui_tutorial.py
[2024-02-23T17:23:22.543+0000] {logging_mixin.py:188} INFO - [2024-02-23T17:23:22.542+0000] {dag.py:3033} INFO - Sync 1 DAGs
[2024-02-23T17:23:22.564+0000] {logging_mixin.py:188} INFO - [2024-02-23T17:23:22.564+0000] {dag.py:3820} INFO - Setting next_dagrun for example_params_ui_tutorial to None, run_after=None
[2024-02-23T17:23:22.589+0000] {processor.py:183} INFO - Processing /home/airflow/.local/lib/python3.8/site-packages/airflow/example_dags/example_params_ui_tutorial.py took 0.177 seconds
[2024-02-23T17:23:52.734+0000] {processor.py:161} INFO - Started process (PID=5342) to work on /home/airflow/.local/lib/python3.8/site-packages/airflow/example_dags/example_params_ui_tutorial.py
[2024-02-23T17:23:52.735+0000] {processor.py:830} INFO - Processing file /home/airflow/.local/lib/python3.8/site-packages/airflow/example_dags/example_params_ui_tutorial.py for tasks to queue
[2024-02-23T17:23:52.736+0000] {logging_mixin.py:188} INFO - [2024-02-23T17:23:52.736+0000] {dagbag.py:538} INFO - Filling up the DagBag from /home/airflow/.local/lib/python3.8/site-packages/airflow/example_dags/example_params_ui_tutorial.py
[2024-02-23T17:23:52.750+0000] {processor.py:840} INFO - DAG(s) 'example_params_ui_tutorial' retrieved from /home/airflow/.local/lib/python3.8/site-packages/airflow/example_dags/example_params_ui_tutorial.py
[2024-02-23T17:23:52.814+0000] {logging_mixin.py:188} INFO - [2024-02-23T17:23:52.814+0000] {dag.py:3033} INFO - Sync 1 DAGs
[2024-02-23T17:23:52.828+0000] {logging_mixin.py:188} INFO - [2024-02-23T17:23:52.827+0000] {dag.py:3820} INFO - Setting next_dagrun for example_params_ui_tutorial to None, run_after=None
[2024-02-23T17:23:52.885+0000] {processor.py:183} INFO - Processing /home/airflow/.local/lib/python3.8/site-packages/airflow/example_dags/example_params_ui_tutorial.py took 0.155 seconds
[2024-02-23T17:24:23.049+0000] {processor.py:161} INFO - Started process (PID=5399) to work on /home/airflow/.local/lib/python3.8/site-packages/airflow/example_dags/example_params_ui_tutorial.py
[2024-02-23T17:24:23.050+0000] {processor.py:830} INFO - Processing file /home/airflow/.local/lib/python3.8/site-packages/airflow/example_dags/example_params_ui_tutorial.py for tasks to queue
[2024-02-23T17:24:23.052+0000] {logging_mixin.py:188} INFO - [2024-02-23T17:24:23.051+0000] {dagbag.py:538} INFO - Filling up the DagBag from /home/airflow/.local/lib/python3.8/site-packages/airflow/example_dags/example_params_ui_tutorial.py
[2024-02-23T17:24:23.069+0000] {processor.py:840} INFO - DAG(s) 'example_params_ui_tutorial' retrieved from /home/airflow/.local/lib/python3.8/site-packages/airflow/example_dags/example_params_ui_tutorial.py
[2024-02-23T17:24:23.165+0000] {logging_mixin.py:188} INFO - [2024-02-23T17:24:23.165+0000] {dag.py:3033} INFO - Sync 1 DAGs
[2024-02-23T17:24:23.188+0000] {logging_mixin.py:188} INFO - [2024-02-23T17:24:23.188+0000] {dag.py:3820} INFO - Setting next_dagrun for example_params_ui_tutorial to None, run_after=None
[2024-02-23T17:24:23.219+0000] {processor.py:183} INFO - Processing /home/airflow/.local/lib/python3.8/site-packages/airflow/example_dags/example_params_ui_tutorial.py took 0.175 seconds
[2024-02-23T17:24:53.349+0000] {processor.py:161} INFO - Started process (PID=5456) to work on /home/airflow/.local/lib/python3.8/site-packages/airflow/example_dags/example_params_ui_tutorial.py
[2024-02-23T17:24:53.351+0000] {processor.py:830} INFO - Processing file /home/airflow/.local/lib/python3.8/site-packages/airflow/example_dags/example_params_ui_tutorial.py for tasks to queue
[2024-02-23T17:24:53.352+0000] {logging_mixin.py:188} INFO - [2024-02-23T17:24:53.352+0000] {dagbag.py:538} INFO - Filling up the DagBag from /home/airflow/.local/lib/python3.8/site-packages/airflow/example_dags/example_params_ui_tutorial.py
[2024-02-23T17:24:53.367+0000] {processor.py:840} INFO - DAG(s) 'example_params_ui_tutorial' retrieved from /home/airflow/.local/lib/python3.8/site-packages/airflow/example_dags/example_params_ui_tutorial.py
[2024-02-23T17:24:53.445+0000] {logging_mixin.py:188} INFO - [2024-02-23T17:24:53.444+0000] {dag.py:3033} INFO - Sync 1 DAGs
[2024-02-23T17:24:53.460+0000] {logging_mixin.py:188} INFO - [2024-02-23T17:24:53.460+0000] {dag.py:3820} INFO - Setting next_dagrun for example_params_ui_tutorial to None, run_after=None
[2024-02-23T17:24:53.485+0000] {processor.py:183} INFO - Processing /home/airflow/.local/lib/python3.8/site-packages/airflow/example_dags/example_params_ui_tutorial.py took 0.139 seconds
[2024-02-23T17:25:23.681+0000] {processor.py:161} INFO - Started process (PID=5514) to work on /home/airflow/.local/lib/python3.8/site-packages/airflow/example_dags/example_params_ui_tutorial.py
[2024-02-23T17:25:23.683+0000] {processor.py:830} INFO - Processing file /home/airflow/.local/lib/python3.8/site-packages/airflow/example_dags/example_params_ui_tutorial.py for tasks to queue
[2024-02-23T17:25:23.684+0000] {logging_mixin.py:188} INFO - [2024-02-23T17:25:23.684+0000] {dagbag.py:538} INFO - Filling up the DagBag from /home/airflow/.local/lib/python3.8/site-packages/airflow/example_dags/example_params_ui_tutorial.py
[2024-02-23T17:25:23.702+0000] {processor.py:840} INFO - DAG(s) 'example_params_ui_tutorial' retrieved from /home/airflow/.local/lib/python3.8/site-packages/airflow/example_dags/example_params_ui_tutorial.py
[2024-02-23T17:25:23.779+0000] {logging_mixin.py:188} INFO - [2024-02-23T17:25:23.779+0000] {dag.py:3033} INFO - Sync 1 DAGs
[2024-02-23T17:25:23.799+0000] {logging_mixin.py:188} INFO - [2024-02-23T17:25:23.799+0000] {dag.py:3820} INFO - Setting next_dagrun for example_params_ui_tutorial to None, run_after=None
[2024-02-23T17:25:23.826+0000] {processor.py:183} INFO - Processing /home/airflow/.local/lib/python3.8/site-packages/airflow/example_dags/example_params_ui_tutorial.py took 0.150 seconds
[2024-02-23T17:25:54.172+0000] {processor.py:161} INFO - Started process (PID=5571) to work on /home/airflow/.local/lib/python3.8/site-packages/airflow/example_dags/example_params_ui_tutorial.py
[2024-02-23T17:25:54.174+0000] {processor.py:830} INFO - Processing file /home/airflow/.local/lib/python3.8/site-packages/airflow/example_dags/example_params_ui_tutorial.py for tasks to queue
[2024-02-23T17:25:54.175+0000] {logging_mixin.py:188} INFO - [2024-02-23T17:25:54.175+0000] {dagbag.py:538} INFO - Filling up the DagBag from /home/airflow/.local/lib/python3.8/site-packages/airflow/example_dags/example_params_ui_tutorial.py
[2024-02-23T17:25:54.194+0000] {processor.py:840} INFO - DAG(s) 'example_params_ui_tutorial' retrieved from /home/airflow/.local/lib/python3.8/site-packages/airflow/example_dags/example_params_ui_tutorial.py
[2024-02-23T17:25:54.296+0000] {logging_mixin.py:188} INFO - [2024-02-23T17:25:54.295+0000] {dag.py:3033} INFO - Sync 1 DAGs
[2024-02-23T17:25:54.318+0000] {logging_mixin.py:188} INFO - [2024-02-23T17:25:54.318+0000] {dag.py:3820} INFO - Setting next_dagrun for example_params_ui_tutorial to None, run_after=None
[2024-02-23T17:25:54.351+0000] {processor.py:183} INFO - Processing /home/airflow/.local/lib/python3.8/site-packages/airflow/example_dags/example_params_ui_tutorial.py took 0.185 seconds
[2024-02-23T17:26:24.551+0000] {processor.py:161} INFO - Started process (PID=5628) to work on /home/airflow/.local/lib/python3.8/site-packages/airflow/example_dags/example_params_ui_tutorial.py
[2024-02-23T17:26:24.553+0000] {processor.py:830} INFO - Processing file /home/airflow/.local/lib/python3.8/site-packages/airflow/example_dags/example_params_ui_tutorial.py for tasks to queue
[2024-02-23T17:26:24.554+0000] {logging_mixin.py:188} INFO - [2024-02-23T17:26:24.554+0000] {dagbag.py:538} INFO - Filling up the DagBag from /home/airflow/.local/lib/python3.8/site-packages/airflow/example_dags/example_params_ui_tutorial.py
[2024-02-23T17:26:24.571+0000] {processor.py:840} INFO - DAG(s) 'example_params_ui_tutorial' retrieved from /home/airflow/.local/lib/python3.8/site-packages/airflow/example_dags/example_params_ui_tutorial.py
[2024-02-23T17:26:24.647+0000] {logging_mixin.py:188} INFO - [2024-02-23T17:26:24.647+0000] {dag.py:3033} INFO - Sync 1 DAGs
[2024-02-23T17:26:24.663+0000] {logging_mixin.py:188} INFO - [2024-02-23T17:26:24.663+0000] {dag.py:3820} INFO - Setting next_dagrun for example_params_ui_tutorial to None, run_after=None
[2024-02-23T17:26:24.689+0000] {processor.py:183} INFO - Processing /home/airflow/.local/lib/python3.8/site-packages/airflow/example_dags/example_params_ui_tutorial.py took 0.142 seconds
[2024-02-23T17:26:55.194+0000] {processor.py:161} INFO - Started process (PID=5685) to work on /home/airflow/.local/lib/python3.8/site-packages/airflow/example_dags/example_params_ui_tutorial.py
[2024-02-23T17:26:55.195+0000] {processor.py:830} INFO - Processing file /home/airflow/.local/lib/python3.8/site-packages/airflow/example_dags/example_params_ui_tutorial.py for tasks to queue
[2024-02-23T17:26:55.196+0000] {logging_mixin.py:188} INFO - [2024-02-23T17:26:55.196+0000] {dagbag.py:538} INFO - Filling up the DagBag from /home/airflow/.local/lib/python3.8/site-packages/airflow/example_dags/example_params_ui_tutorial.py
[2024-02-23T17:26:55.213+0000] {processor.py:840} INFO - DAG(s) 'example_params_ui_tutorial' retrieved from /home/airflow/.local/lib/python3.8/site-packages/airflow/example_dags/example_params_ui_tutorial.py
[2024-02-23T17:26:55.293+0000] {logging_mixin.py:188} INFO - [2024-02-23T17:26:55.293+0000] {dag.py:3033} INFO - Sync 1 DAGs
[2024-02-23T17:26:55.312+0000] {logging_mixin.py:188} INFO - [2024-02-23T17:26:55.312+0000] {dag.py:3820} INFO - Setting next_dagrun for example_params_ui_tutorial to None, run_after=None
[2024-02-23T17:26:55.338+0000] {processor.py:183} INFO - Processing /home/airflow/.local/lib/python3.8/site-packages/airflow/example_dags/example_params_ui_tutorial.py took 0.149 seconds
[2024-02-23T17:27:25.560+0000] {processor.py:161} INFO - Started process (PID=5742) to work on /home/airflow/.local/lib/python3.8/site-packages/airflow/example_dags/example_params_ui_tutorial.py
[2024-02-23T17:27:25.562+0000] {processor.py:830} INFO - Processing file /home/airflow/.local/lib/python3.8/site-packages/airflow/example_dags/example_params_ui_tutorial.py for tasks to queue
[2024-02-23T17:27:25.563+0000] {logging_mixin.py:188} INFO - [2024-02-23T17:27:25.563+0000] {dagbag.py:538} INFO - Filling up the DagBag from /home/airflow/.local/lib/python3.8/site-packages/airflow/example_dags/example_params_ui_tutorial.py
[2024-02-23T17:27:25.579+0000] {processor.py:840} INFO - DAG(s) 'example_params_ui_tutorial' retrieved from /home/airflow/.local/lib/python3.8/site-packages/airflow/example_dags/example_params_ui_tutorial.py
[2024-02-23T17:27:25.662+0000] {logging_mixin.py:188} INFO - [2024-02-23T17:27:25.662+0000] {dag.py:3033} INFO - Sync 1 DAGs
[2024-02-23T17:27:25.678+0000] {logging_mixin.py:188} INFO - [2024-02-23T17:27:25.678+0000] {dag.py:3820} INFO - Setting next_dagrun for example_params_ui_tutorial to None, run_after=None
[2024-02-23T17:27:25.703+0000] {processor.py:183} INFO - Processing /home/airflow/.local/lib/python3.8/site-packages/airflow/example_dags/example_params_ui_tutorial.py took 0.147 seconds
[2024-02-23T17:27:55.856+0000] {processor.py:161} INFO - Started process (PID=5799) to work on /home/airflow/.local/lib/python3.8/site-packages/airflow/example_dags/example_params_ui_tutorial.py
[2024-02-23T17:27:55.857+0000] {processor.py:830} INFO - Processing file /home/airflow/.local/lib/python3.8/site-packages/airflow/example_dags/example_params_ui_tutorial.py for tasks to queue
[2024-02-23T17:27:55.858+0000] {logging_mixin.py:188} INFO - [2024-02-23T17:27:55.858+0000] {dagbag.py:538} INFO - Filling up the DagBag from /home/airflow/.local/lib/python3.8/site-packages/airflow/example_dags/example_params_ui_tutorial.py
[2024-02-23T17:27:55.876+0000] {processor.py:840} INFO - DAG(s) 'example_params_ui_tutorial' retrieved from /home/airflow/.local/lib/python3.8/site-packages/airflow/example_dags/example_params_ui_tutorial.py
[2024-02-23T17:27:55.951+0000] {logging_mixin.py:188} INFO - [2024-02-23T17:27:55.951+0000] {dag.py:3033} INFO - Sync 1 DAGs
[2024-02-23T17:27:55.966+0000] {logging_mixin.py:188} INFO - [2024-02-23T17:27:55.966+0000] {dag.py:3820} INFO - Setting next_dagrun for example_params_ui_tutorial to None, run_after=None
[2024-02-23T17:27:55.994+0000] {processor.py:183} INFO - Processing /home/airflow/.local/lib/python3.8/site-packages/airflow/example_dags/example_params_ui_tutorial.py took 0.142 seconds
[2024-02-23T17:28:26.528+0000] {processor.py:161} INFO - Started process (PID=5856) to work on /home/airflow/.local/lib/python3.8/site-packages/airflow/example_dags/example_params_ui_tutorial.py
[2024-02-23T17:28:26.529+0000] {processor.py:830} INFO - Processing file /home/airflow/.local/lib/python3.8/site-packages/airflow/example_dags/example_params_ui_tutorial.py for tasks to queue
[2024-02-23T17:28:26.530+0000] {logging_mixin.py:188} INFO - [2024-02-23T17:28:26.530+0000] {dagbag.py:538} INFO - Filling up the DagBag from /home/airflow/.local/lib/python3.8/site-packages/airflow/example_dags/example_params_ui_tutorial.py
[2024-02-23T17:28:26.547+0000] {processor.py:840} INFO - DAG(s) 'example_params_ui_tutorial' retrieved from /home/airflow/.local/lib/python3.8/site-packages/airflow/example_dags/example_params_ui_tutorial.py
[2024-02-23T17:28:26.626+0000] {logging_mixin.py:188} INFO - [2024-02-23T17:28:26.625+0000] {dag.py:3033} INFO - Sync 1 DAGs
[2024-02-23T17:28:26.642+0000] {logging_mixin.py:188} INFO - [2024-02-23T17:28:26.642+0000] {dag.py:3820} INFO - Setting next_dagrun for example_params_ui_tutorial to None, run_after=None
[2024-02-23T17:28:26.668+0000] {processor.py:183} INFO - Processing /home/airflow/.local/lib/python3.8/site-packages/airflow/example_dags/example_params_ui_tutorial.py took 0.146 seconds
[2024-02-23T17:28:56.957+0000] {processor.py:161} INFO - Started process (PID=5913) to work on /home/airflow/.local/lib/python3.8/site-packages/airflow/example_dags/example_params_ui_tutorial.py
[2024-02-23T17:28:56.959+0000] {processor.py:830} INFO - Processing file /home/airflow/.local/lib/python3.8/site-packages/airflow/example_dags/example_params_ui_tutorial.py for tasks to queue
[2024-02-23T17:28:56.960+0000] {logging_mixin.py:188} INFO - [2024-02-23T17:28:56.960+0000] {dagbag.py:538} INFO - Filling up the DagBag from /home/airflow/.local/lib/python3.8/site-packages/airflow/example_dags/example_params_ui_tutorial.py
[2024-02-23T17:28:56.978+0000] {processor.py:840} INFO - DAG(s) 'example_params_ui_tutorial' retrieved from /home/airflow/.local/lib/python3.8/site-packages/airflow/example_dags/example_params_ui_tutorial.py
[2024-02-23T17:28:57.102+0000] {logging_mixin.py:188} INFO - [2024-02-23T17:28:57.102+0000] {dag.py:3033} INFO - Sync 1 DAGs
[2024-02-23T17:28:57.133+0000] {logging_mixin.py:188} INFO - [2024-02-23T17:28:57.132+0000] {dag.py:3820} INFO - Setting next_dagrun for example_params_ui_tutorial to None, run_after=None
[2024-02-23T17:28:57.161+0000] {processor.py:183} INFO - Processing /home/airflow/.local/lib/python3.8/site-packages/airflow/example_dags/example_params_ui_tutorial.py took 0.208 seconds
[2024-02-23T17:29:27.596+0000] {processor.py:161} INFO - Started process (PID=5970) to work on /home/airflow/.local/lib/python3.8/site-packages/airflow/example_dags/example_params_ui_tutorial.py
[2024-02-23T17:29:27.597+0000] {processor.py:830} INFO - Processing file /home/airflow/.local/lib/python3.8/site-packages/airflow/example_dags/example_params_ui_tutorial.py for tasks to queue
[2024-02-23T17:29:27.598+0000] {logging_mixin.py:188} INFO - [2024-02-23T17:29:27.598+0000] {dagbag.py:538} INFO - Filling up the DagBag from /home/airflow/.local/lib/python3.8/site-packages/airflow/example_dags/example_params_ui_tutorial.py
[2024-02-23T17:29:27.613+0000] {processor.py:840} INFO - DAG(s) 'example_params_ui_tutorial' retrieved from /home/airflow/.local/lib/python3.8/site-packages/airflow/example_dags/example_params_ui_tutorial.py
[2024-02-23T17:29:27.680+0000] {logging_mixin.py:188} INFO - [2024-02-23T17:29:27.680+0000] {dag.py:3033} INFO - Sync 1 DAGs
[2024-02-23T17:29:27.694+0000] {logging_mixin.py:188} INFO - [2024-02-23T17:29:27.693+0000] {dag.py:3820} INFO - Setting next_dagrun for example_params_ui_tutorial to None, run_after=None
[2024-02-23T17:29:27.716+0000] {processor.py:183} INFO - Processing /home/airflow/.local/lib/python3.8/site-packages/airflow/example_dags/example_params_ui_tutorial.py took 0.124 seconds
[2024-02-23T17:29:57.934+0000] {processor.py:161} INFO - Started process (PID=6027) to work on /home/airflow/.local/lib/python3.8/site-packages/airflow/example_dags/example_params_ui_tutorial.py
[2024-02-23T17:29:57.935+0000] {processor.py:830} INFO - Processing file /home/airflow/.local/lib/python3.8/site-packages/airflow/example_dags/example_params_ui_tutorial.py for tasks to queue
[2024-02-23T17:29:57.937+0000] {logging_mixin.py:188} INFO - [2024-02-23T17:29:57.937+0000] {dagbag.py:538} INFO - Filling up the DagBag from /home/airflow/.local/lib/python3.8/site-packages/airflow/example_dags/example_params_ui_tutorial.py
[2024-02-23T17:29:57.955+0000] {processor.py:840} INFO - DAG(s) 'example_params_ui_tutorial' retrieved from /home/airflow/.local/lib/python3.8/site-packages/airflow/example_dags/example_params_ui_tutorial.py
[2024-02-23T17:29:58.035+0000] {logging_mixin.py:188} INFO - [2024-02-23T17:29:58.035+0000] {dag.py:3033} INFO - Sync 1 DAGs
[2024-02-23T17:29:58.055+0000] {logging_mixin.py:188} INFO - [2024-02-23T17:29:58.055+0000] {dag.py:3820} INFO - Setting next_dagrun for example_params_ui_tutorial to None, run_after=None
[2024-02-23T17:29:58.082+0000] {processor.py:183} INFO - Processing /home/airflow/.local/lib/python3.8/site-packages/airflow/example_dags/example_params_ui_tutorial.py took 0.153 seconds
[2024-02-23T17:30:28.264+0000] {processor.py:161} INFO - Started process (PID=6084) to work on /home/airflow/.local/lib/python3.8/site-packages/airflow/example_dags/example_params_ui_tutorial.py
[2024-02-23T17:30:28.265+0000] {processor.py:830} INFO - Processing file /home/airflow/.local/lib/python3.8/site-packages/airflow/example_dags/example_params_ui_tutorial.py for tasks to queue
[2024-02-23T17:30:28.267+0000] {logging_mixin.py:188} INFO - [2024-02-23T17:30:28.266+0000] {dagbag.py:538} INFO - Filling up the DagBag from /home/airflow/.local/lib/python3.8/site-packages/airflow/example_dags/example_params_ui_tutorial.py
[2024-02-23T17:30:28.284+0000] {processor.py:840} INFO - DAG(s) 'example_params_ui_tutorial' retrieved from /home/airflow/.local/lib/python3.8/site-packages/airflow/example_dags/example_params_ui_tutorial.py
[2024-02-23T17:30:28.363+0000] {logging_mixin.py:188} INFO - [2024-02-23T17:30:28.363+0000] {dag.py:3033} INFO - Sync 1 DAGs
[2024-02-23T17:30:28.380+0000] {logging_mixin.py:188} INFO - [2024-02-23T17:30:28.379+0000] {dag.py:3820} INFO - Setting next_dagrun for example_params_ui_tutorial to None, run_after=None
[2024-02-23T17:30:28.447+0000] {processor.py:183} INFO - Processing /home/airflow/.local/lib/python3.8/site-packages/airflow/example_dags/example_params_ui_tutorial.py took 0.188 seconds
[2024-02-23T17:30:58.498+0000] {processor.py:161} INFO - Started process (PID=6141) to work on /home/airflow/.local/lib/python3.8/site-packages/airflow/example_dags/example_params_ui_tutorial.py
[2024-02-23T17:30:58.499+0000] {processor.py:830} INFO - Processing file /home/airflow/.local/lib/python3.8/site-packages/airflow/example_dags/example_params_ui_tutorial.py for tasks to queue
[2024-02-23T17:30:58.500+0000] {logging_mixin.py:188} INFO - [2024-02-23T17:30:58.500+0000] {dagbag.py:538} INFO - Filling up the DagBag from /home/airflow/.local/lib/python3.8/site-packages/airflow/example_dags/example_params_ui_tutorial.py
[2024-02-23T17:30:58.515+0000] {processor.py:840} INFO - DAG(s) 'example_params_ui_tutorial' retrieved from /home/airflow/.local/lib/python3.8/site-packages/airflow/example_dags/example_params_ui_tutorial.py
[2024-02-23T17:30:58.587+0000] {logging_mixin.py:188} INFO - [2024-02-23T17:30:58.587+0000] {dag.py:3033} INFO - Sync 1 DAGs
[2024-02-23T17:30:58.601+0000] {logging_mixin.py:188} INFO - [2024-02-23T17:30:58.601+0000] {dag.py:3820} INFO - Setting next_dagrun for example_params_ui_tutorial to None, run_after=None
[2024-02-23T17:30:58.626+0000] {processor.py:183} INFO - Processing /home/airflow/.local/lib/python3.8/site-packages/airflow/example_dags/example_params_ui_tutorial.py took 0.132 seconds
[2024-02-23T17:31:28.985+0000] {processor.py:161} INFO - Started process (PID=6198) to work on /home/airflow/.local/lib/python3.8/site-packages/airflow/example_dags/example_params_ui_tutorial.py
[2024-02-23T17:31:28.986+0000] {processor.py:830} INFO - Processing file /home/airflow/.local/lib/python3.8/site-packages/airflow/example_dags/example_params_ui_tutorial.py for tasks to queue
[2024-02-23T17:31:28.987+0000] {logging_mixin.py:188} INFO - [2024-02-23T17:31:28.987+0000] {dagbag.py:538} INFO - Filling up the DagBag from /home/airflow/.local/lib/python3.8/site-packages/airflow/example_dags/example_params_ui_tutorial.py
[2024-02-23T17:31:29.002+0000] {processor.py:840} INFO - DAG(s) 'example_params_ui_tutorial' retrieved from /home/airflow/.local/lib/python3.8/site-packages/airflow/example_dags/example_params_ui_tutorial.py
[2024-02-23T17:31:29.074+0000] {logging_mixin.py:188} INFO - [2024-02-23T17:31:29.074+0000] {dag.py:3033} INFO - Sync 1 DAGs
[2024-02-23T17:31:29.090+0000] {logging_mixin.py:188} INFO - [2024-02-23T17:31:29.090+0000] {dag.py:3820} INFO - Setting next_dagrun for example_params_ui_tutorial to None, run_after=None
[2024-02-23T17:31:29.118+0000] {processor.py:183} INFO - Processing /home/airflow/.local/lib/python3.8/site-packages/airflow/example_dags/example_params_ui_tutorial.py took 0.137 seconds
[2024-02-23T17:31:59.907+0000] {processor.py:161} INFO - Started process (PID=6255) to work on /home/airflow/.local/lib/python3.8/site-packages/airflow/example_dags/example_params_ui_tutorial.py
[2024-02-23T17:31:59.908+0000] {processor.py:830} INFO - Processing file /home/airflow/.local/lib/python3.8/site-packages/airflow/example_dags/example_params_ui_tutorial.py for tasks to queue
[2024-02-23T17:31:59.909+0000] {logging_mixin.py:188} INFO - [2024-02-23T17:31:59.909+0000] {dagbag.py:538} INFO - Filling up the DagBag from /home/airflow/.local/lib/python3.8/site-packages/airflow/example_dags/example_params_ui_tutorial.py
[2024-02-23T17:31:59.923+0000] {processor.py:840} INFO - DAG(s) 'example_params_ui_tutorial' retrieved from /home/airflow/.local/lib/python3.8/site-packages/airflow/example_dags/example_params_ui_tutorial.py
[2024-02-23T17:31:59.995+0000] {logging_mixin.py:188} INFO - [2024-02-23T17:31:59.995+0000] {dag.py:3033} INFO - Sync 1 DAGs
[2024-02-23T17:32:00.011+0000] {logging_mixin.py:188} INFO - [2024-02-23T17:32:00.010+0000] {dag.py:3820} INFO - Setting next_dagrun for example_params_ui_tutorial to None, run_after=None
[2024-02-23T17:32:00.071+0000] {processor.py:183} INFO - Processing /home/airflow/.local/lib/python3.8/site-packages/airflow/example_dags/example_params_ui_tutorial.py took 0.168 seconds
[2024-02-23T17:32:31.018+0000] {processor.py:161} INFO - Started process (PID=6312) to work on /home/airflow/.local/lib/python3.8/site-packages/airflow/example_dags/example_params_ui_tutorial.py
[2024-02-23T17:32:31.019+0000] {processor.py:830} INFO - Processing file /home/airflow/.local/lib/python3.8/site-packages/airflow/example_dags/example_params_ui_tutorial.py for tasks to queue
[2024-02-23T17:32:31.020+0000] {logging_mixin.py:188} INFO - [2024-02-23T17:32:31.020+0000] {dagbag.py:538} INFO - Filling up the DagBag from /home/airflow/.local/lib/python3.8/site-packages/airflow/example_dags/example_params_ui_tutorial.py
[2024-02-23T17:32:31.034+0000] {processor.py:840} INFO - DAG(s) 'example_params_ui_tutorial' retrieved from /home/airflow/.local/lib/python3.8/site-packages/airflow/example_dags/example_params_ui_tutorial.py
[2024-02-23T17:32:31.101+0000] {logging_mixin.py:188} INFO - [2024-02-23T17:32:31.101+0000] {dag.py:3033} INFO - Sync 1 DAGs
[2024-02-23T17:32:31.114+0000] {logging_mixin.py:188} INFO - [2024-02-23T17:32:31.114+0000] {dag.py:3820} INFO - Setting next_dagrun for example_params_ui_tutorial to None, run_after=None
[2024-02-23T17:32:31.135+0000] {processor.py:183} INFO - Processing /home/airflow/.local/lib/python3.8/site-packages/airflow/example_dags/example_params_ui_tutorial.py took 0.122 seconds
[2024-02-23T17:33:01.779+0000] {processor.py:161} INFO - Started process (PID=6369) to work on /home/airflow/.local/lib/python3.8/site-packages/airflow/example_dags/example_params_ui_tutorial.py
[2024-02-23T17:33:01.780+0000] {processor.py:830} INFO - Processing file /home/airflow/.local/lib/python3.8/site-packages/airflow/example_dags/example_params_ui_tutorial.py for tasks to queue
[2024-02-23T17:33:01.781+0000] {logging_mixin.py:188} INFO - [2024-02-23T17:33:01.781+0000] {dagbag.py:538} INFO - Filling up the DagBag from /home/airflow/.local/lib/python3.8/site-packages/airflow/example_dags/example_params_ui_tutorial.py
[2024-02-23T17:33:01.796+0000] {processor.py:840} INFO - DAG(s) 'example_params_ui_tutorial' retrieved from /home/airflow/.local/lib/python3.8/site-packages/airflow/example_dags/example_params_ui_tutorial.py
[2024-02-23T17:33:01.860+0000] {logging_mixin.py:188} INFO - [2024-02-23T17:33:01.860+0000] {dag.py:3033} INFO - Sync 1 DAGs
[2024-02-23T17:33:01.873+0000] {logging_mixin.py:188} INFO - [2024-02-23T17:33:01.873+0000] {dag.py:3820} INFO - Setting next_dagrun for example_params_ui_tutorial to None, run_after=None
[2024-02-23T17:33:01.931+0000] {processor.py:183} INFO - Processing /home/airflow/.local/lib/python3.8/site-packages/airflow/example_dags/example_params_ui_tutorial.py took 0.156 seconds
[2024-02-23T17:33:32.404+0000] {processor.py:161} INFO - Started process (PID=6426) to work on /home/airflow/.local/lib/python3.8/site-packages/airflow/example_dags/example_params_ui_tutorial.py
[2024-02-23T17:33:32.405+0000] {processor.py:830} INFO - Processing file /home/airflow/.local/lib/python3.8/site-packages/airflow/example_dags/example_params_ui_tutorial.py for tasks to queue
[2024-02-23T17:33:32.407+0000] {logging_mixin.py:188} INFO - [2024-02-23T17:33:32.406+0000] {dagbag.py:538} INFO - Filling up the DagBag from /home/airflow/.local/lib/python3.8/site-packages/airflow/example_dags/example_params_ui_tutorial.py
[2024-02-23T17:33:32.425+0000] {processor.py:840} INFO - DAG(s) 'example_params_ui_tutorial' retrieved from /home/airflow/.local/lib/python3.8/site-packages/airflow/example_dags/example_params_ui_tutorial.py
[2024-02-23T17:33:32.527+0000] {logging_mixin.py:188} INFO - [2024-02-23T17:33:32.526+0000] {dag.py:3033} INFO - Sync 1 DAGs
[2024-02-23T17:33:32.550+0000] {logging_mixin.py:188} INFO - [2024-02-23T17:33:32.550+0000] {dag.py:3820} INFO - Setting next_dagrun for example_params_ui_tutorial to None, run_after=None
[2024-02-23T17:33:32.581+0000] {processor.py:183} INFO - Processing /home/airflow/.local/lib/python3.8/site-packages/airflow/example_dags/example_params_ui_tutorial.py took 0.184 seconds
[2024-02-23T17:34:03.476+0000] {processor.py:161} INFO - Started process (PID=6483) to work on /home/airflow/.local/lib/python3.8/site-packages/airflow/example_dags/example_params_ui_tutorial.py
[2024-02-23T17:34:03.478+0000] {processor.py:830} INFO - Processing file /home/airflow/.local/lib/python3.8/site-packages/airflow/example_dags/example_params_ui_tutorial.py for tasks to queue
[2024-02-23T17:34:03.479+0000] {logging_mixin.py:188} INFO - [2024-02-23T17:34:03.479+0000] {dagbag.py:538} INFO - Filling up the DagBag from /home/airflow/.local/lib/python3.8/site-packages/airflow/example_dags/example_params_ui_tutorial.py
[2024-02-23T17:34:03.498+0000] {processor.py:840} INFO - DAG(s) 'example_params_ui_tutorial' retrieved from /home/airflow/.local/lib/python3.8/site-packages/airflow/example_dags/example_params_ui_tutorial.py
[2024-02-23T17:34:03.587+0000] {logging_mixin.py:188} INFO - [2024-02-23T17:34:03.587+0000] {dag.py:3033} INFO - Sync 1 DAGs
[2024-02-23T17:34:03.609+0000] {logging_mixin.py:188} INFO - [2024-02-23T17:34:03.608+0000] {dag.py:3820} INFO - Setting next_dagrun for example_params_ui_tutorial to None, run_after=None
[2024-02-23T17:34:03.636+0000] {processor.py:183} INFO - Processing /home/airflow/.local/lib/python3.8/site-packages/airflow/example_dags/example_params_ui_tutorial.py took 0.164 seconds
[2024-02-23T17:34:34.289+0000] {processor.py:161} INFO - Started process (PID=6541) to work on /home/airflow/.local/lib/python3.8/site-packages/airflow/example_dags/example_params_ui_tutorial.py
[2024-02-23T17:34:34.290+0000] {processor.py:830} INFO - Processing file /home/airflow/.local/lib/python3.8/site-packages/airflow/example_dags/example_params_ui_tutorial.py for tasks to queue
[2024-02-23T17:34:34.292+0000] {logging_mixin.py:188} INFO - [2024-02-23T17:34:34.291+0000] {dagbag.py:538} INFO - Filling up the DagBag from /home/airflow/.local/lib/python3.8/site-packages/airflow/example_dags/example_params_ui_tutorial.py
[2024-02-23T17:34:34.308+0000] {processor.py:840} INFO - DAG(s) 'example_params_ui_tutorial' retrieved from /home/airflow/.local/lib/python3.8/site-packages/airflow/example_dags/example_params_ui_tutorial.py
[2024-02-23T17:34:34.389+0000] {logging_mixin.py:188} INFO - [2024-02-23T17:34:34.389+0000] {dag.py:3033} INFO - Sync 1 DAGs
[2024-02-23T17:34:34.416+0000] {logging_mixin.py:188} INFO - [2024-02-23T17:34:34.416+0000] {dag.py:3820} INFO - Setting next_dagrun for example_params_ui_tutorial to None, run_after=None
[2024-02-23T17:34:34.453+0000] {processor.py:183} INFO - Processing /home/airflow/.local/lib/python3.8/site-packages/airflow/example_dags/example_params_ui_tutorial.py took 0.168 seconds
[2024-02-23T17:35:04.659+0000] {processor.py:161} INFO - Started process (PID=6598) to work on /home/airflow/.local/lib/python3.8/site-packages/airflow/example_dags/example_params_ui_tutorial.py
[2024-02-23T17:35:04.661+0000] {processor.py:830} INFO - Processing file /home/airflow/.local/lib/python3.8/site-packages/airflow/example_dags/example_params_ui_tutorial.py for tasks to queue
[2024-02-23T17:35:04.662+0000] {logging_mixin.py:188} INFO - [2024-02-23T17:35:04.661+0000] {dagbag.py:538} INFO - Filling up the DagBag from /home/airflow/.local/lib/python3.8/site-packages/airflow/example_dags/example_params_ui_tutorial.py
[2024-02-23T17:35:04.682+0000] {processor.py:840} INFO - DAG(s) 'example_params_ui_tutorial' retrieved from /home/airflow/.local/lib/python3.8/site-packages/airflow/example_dags/example_params_ui_tutorial.py
[2024-02-23T17:35:04.766+0000] {logging_mixin.py:188} INFO - [2024-02-23T17:35:04.766+0000] {dag.py:3033} INFO - Sync 1 DAGs
[2024-02-23T17:35:04.781+0000] {logging_mixin.py:188} INFO - [2024-02-23T17:35:04.781+0000] {dag.py:3820} INFO - Setting next_dagrun for example_params_ui_tutorial to None, run_after=None
[2024-02-23T17:35:04.808+0000] {processor.py:183} INFO - Processing /home/airflow/.local/lib/python3.8/site-packages/airflow/example_dags/example_params_ui_tutorial.py took 0.154 seconds
[2024-02-23T17:35:34.942+0000] {processor.py:161} INFO - Started process (PID=6655) to work on /home/airflow/.local/lib/python3.8/site-packages/airflow/example_dags/example_params_ui_tutorial.py
[2024-02-23T17:35:34.943+0000] {processor.py:830} INFO - Processing file /home/airflow/.local/lib/python3.8/site-packages/airflow/example_dags/example_params_ui_tutorial.py for tasks to queue
[2024-02-23T17:35:34.945+0000] {logging_mixin.py:188} INFO - [2024-02-23T17:35:34.944+0000] {dagbag.py:538} INFO - Filling up the DagBag from /home/airflow/.local/lib/python3.8/site-packages/airflow/example_dags/example_params_ui_tutorial.py
[2024-02-23T17:35:34.961+0000] {processor.py:840} INFO - DAG(s) 'example_params_ui_tutorial' retrieved from /home/airflow/.local/lib/python3.8/site-packages/airflow/example_dags/example_params_ui_tutorial.py
[2024-02-23T17:35:35.039+0000] {logging_mixin.py:188} INFO - [2024-02-23T17:35:35.039+0000] {dag.py:3033} INFO - Sync 1 DAGs
[2024-02-23T17:35:35.056+0000] {logging_mixin.py:188} INFO - [2024-02-23T17:35:35.056+0000] {dag.py:3820} INFO - Setting next_dagrun for example_params_ui_tutorial to None, run_after=None
[2024-02-23T17:35:35.082+0000] {processor.py:183} INFO - Processing /home/airflow/.local/lib/python3.8/site-packages/airflow/example_dags/example_params_ui_tutorial.py took 0.144 seconds
[2024-02-23T17:36:05.356+0000] {processor.py:161} INFO - Started process (PID=6712) to work on /home/airflow/.local/lib/python3.8/site-packages/airflow/example_dags/example_params_ui_tutorial.py
[2024-02-23T17:36:05.357+0000] {processor.py:830} INFO - Processing file /home/airflow/.local/lib/python3.8/site-packages/airflow/example_dags/example_params_ui_tutorial.py for tasks to queue
[2024-02-23T17:36:05.359+0000] {logging_mixin.py:188} INFO - [2024-02-23T17:36:05.358+0000] {dagbag.py:538} INFO - Filling up the DagBag from /home/airflow/.local/lib/python3.8/site-packages/airflow/example_dags/example_params_ui_tutorial.py
[2024-02-23T17:36:05.373+0000] {processor.py:840} INFO - DAG(s) 'example_params_ui_tutorial' retrieved from /home/airflow/.local/lib/python3.8/site-packages/airflow/example_dags/example_params_ui_tutorial.py
[2024-02-23T17:36:05.452+0000] {logging_mixin.py:188} INFO - [2024-02-23T17:36:05.452+0000] {dag.py:3033} INFO - Sync 1 DAGs
[2024-02-23T17:36:05.473+0000] {logging_mixin.py:188} INFO - [2024-02-23T17:36:05.473+0000] {dag.py:3820} INFO - Setting next_dagrun for example_params_ui_tutorial to None, run_after=None
[2024-02-23T17:36:05.503+0000] {processor.py:183} INFO - Processing /home/airflow/.local/lib/python3.8/site-packages/airflow/example_dags/example_params_ui_tutorial.py took 0.151 seconds
[2024-02-23T17:36:35.940+0000] {processor.py:161} INFO - Started process (PID=6769) to work on /home/airflow/.local/lib/python3.8/site-packages/airflow/example_dags/example_params_ui_tutorial.py
[2024-02-23T17:36:35.942+0000] {processor.py:830} INFO - Processing file /home/airflow/.local/lib/python3.8/site-packages/airflow/example_dags/example_params_ui_tutorial.py for tasks to queue
[2024-02-23T17:36:35.943+0000] {logging_mixin.py:188} INFO - [2024-02-23T17:36:35.943+0000] {dagbag.py:538} INFO - Filling up the DagBag from /home/airflow/.local/lib/python3.8/site-packages/airflow/example_dags/example_params_ui_tutorial.py
[2024-02-23T17:36:35.958+0000] {processor.py:840} INFO - DAG(s) 'example_params_ui_tutorial' retrieved from /home/airflow/.local/lib/python3.8/site-packages/airflow/example_dags/example_params_ui_tutorial.py
[2024-02-23T17:36:36.036+0000] {logging_mixin.py:188} INFO - [2024-02-23T17:36:36.036+0000] {dag.py:3033} INFO - Sync 1 DAGs
[2024-02-23T17:36:36.054+0000] {logging_mixin.py:188} INFO - [2024-02-23T17:36:36.053+0000] {dag.py:3820} INFO - Setting next_dagrun for example_params_ui_tutorial to None, run_after=None
[2024-02-23T17:36:36.085+0000] {processor.py:183} INFO - Processing /home/airflow/.local/lib/python3.8/site-packages/airflow/example_dags/example_params_ui_tutorial.py took 0.150 seconds
[2024-02-23T17:37:07.050+0000] {processor.py:161} INFO - Started process (PID=6826) to work on /home/airflow/.local/lib/python3.8/site-packages/airflow/example_dags/example_params_ui_tutorial.py
[2024-02-23T17:37:07.051+0000] {processor.py:830} INFO - Processing file /home/airflow/.local/lib/python3.8/site-packages/airflow/example_dags/example_params_ui_tutorial.py for tasks to queue
[2024-02-23T17:37:07.053+0000] {logging_mixin.py:188} INFO - [2024-02-23T17:37:07.052+0000] {dagbag.py:538} INFO - Filling up the DagBag from /home/airflow/.local/lib/python3.8/site-packages/airflow/example_dags/example_params_ui_tutorial.py
[2024-02-23T17:37:07.067+0000] {processor.py:840} INFO - DAG(s) 'example_params_ui_tutorial' retrieved from /home/airflow/.local/lib/python3.8/site-packages/airflow/example_dags/example_params_ui_tutorial.py
[2024-02-23T17:37:07.159+0000] {logging_mixin.py:188} INFO - [2024-02-23T17:37:07.158+0000] {dag.py:3033} INFO - Sync 1 DAGs
[2024-02-23T17:37:07.175+0000] {logging_mixin.py:188} INFO - [2024-02-23T17:37:07.175+0000] {dag.py:3820} INFO - Setting next_dagrun for example_params_ui_tutorial to None, run_after=None
[2024-02-23T17:37:07.200+0000] {processor.py:183} INFO - Processing /home/airflow/.local/lib/python3.8/site-packages/airflow/example_dags/example_params_ui_tutorial.py took 0.154 seconds
[2024-02-23T17:37:37.348+0000] {processor.py:161} INFO - Started process (PID=6883) to work on /home/airflow/.local/lib/python3.8/site-packages/airflow/example_dags/example_params_ui_tutorial.py
[2024-02-23T17:37:37.349+0000] {processor.py:830} INFO - Processing file /home/airflow/.local/lib/python3.8/site-packages/airflow/example_dags/example_params_ui_tutorial.py for tasks to queue
[2024-02-23T17:37:37.350+0000] {logging_mixin.py:188} INFO - [2024-02-23T17:37:37.350+0000] {dagbag.py:538} INFO - Filling up the DagBag from /home/airflow/.local/lib/python3.8/site-packages/airflow/example_dags/example_params_ui_tutorial.py
[2024-02-23T17:37:37.365+0000] {processor.py:840} INFO - DAG(s) 'example_params_ui_tutorial' retrieved from /home/airflow/.local/lib/python3.8/site-packages/airflow/example_dags/example_params_ui_tutorial.py
[2024-02-23T17:37:37.436+0000] {logging_mixin.py:188} INFO - [2024-02-23T17:37:37.436+0000] {dag.py:3033} INFO - Sync 1 DAGs
[2024-02-23T17:37:37.452+0000] {logging_mixin.py:188} INFO - [2024-02-23T17:37:37.452+0000] {dag.py:3820} INFO - Setting next_dagrun for example_params_ui_tutorial to None, run_after=None
[2024-02-23T17:37:37.477+0000] {processor.py:183} INFO - Processing /home/airflow/.local/lib/python3.8/site-packages/airflow/example_dags/example_params_ui_tutorial.py took 0.134 seconds
[2024-02-23T17:38:07.642+0000] {processor.py:161} INFO - Started process (PID=6940) to work on /home/airflow/.local/lib/python3.8/site-packages/airflow/example_dags/example_params_ui_tutorial.py
[2024-02-23T17:38:07.643+0000] {processor.py:830} INFO - Processing file /home/airflow/.local/lib/python3.8/site-packages/airflow/example_dags/example_params_ui_tutorial.py for tasks to queue
[2024-02-23T17:38:07.645+0000] {logging_mixin.py:188} INFO - [2024-02-23T17:38:07.644+0000] {dagbag.py:538} INFO - Filling up the DagBag from /home/airflow/.local/lib/python3.8/site-packages/airflow/example_dags/example_params_ui_tutorial.py
[2024-02-23T17:38:07.659+0000] {processor.py:840} INFO - DAG(s) 'example_params_ui_tutorial' retrieved from /home/airflow/.local/lib/python3.8/site-packages/airflow/example_dags/example_params_ui_tutorial.py
[2024-02-23T17:38:07.729+0000] {logging_mixin.py:188} INFO - [2024-02-23T17:38:07.728+0000] {dag.py:3033} INFO - Sync 1 DAGs
[2024-02-23T17:38:07.743+0000] {logging_mixin.py:188} INFO - [2024-02-23T17:38:07.743+0000] {dag.py:3820} INFO - Setting next_dagrun for example_params_ui_tutorial to None, run_after=None
[2024-02-23T17:38:07.766+0000] {processor.py:183} INFO - Processing /home/airflow/.local/lib/python3.8/site-packages/airflow/example_dags/example_params_ui_tutorial.py took 0.128 seconds
[2024-02-23T17:38:38.165+0000] {processor.py:161} INFO - Started process (PID=6997) to work on /home/airflow/.local/lib/python3.8/site-packages/airflow/example_dags/example_params_ui_tutorial.py
[2024-02-23T17:38:38.166+0000] {processor.py:830} INFO - Processing file /home/airflow/.local/lib/python3.8/site-packages/airflow/example_dags/example_params_ui_tutorial.py for tasks to queue
[2024-02-23T17:38:38.167+0000] {logging_mixin.py:188} INFO - [2024-02-23T17:38:38.167+0000] {dagbag.py:538} INFO - Filling up the DagBag from /home/airflow/.local/lib/python3.8/site-packages/airflow/example_dags/example_params_ui_tutorial.py
[2024-02-23T17:38:38.184+0000] {processor.py:840} INFO - DAG(s) 'example_params_ui_tutorial' retrieved from /home/airflow/.local/lib/python3.8/site-packages/airflow/example_dags/example_params_ui_tutorial.py
[2024-02-23T17:38:38.273+0000] {logging_mixin.py:188} INFO - [2024-02-23T17:38:38.273+0000] {dag.py:3033} INFO - Sync 1 DAGs
[2024-02-23T17:38:38.287+0000] {logging_mixin.py:188} INFO - [2024-02-23T17:38:38.287+0000] {dag.py:3820} INFO - Setting next_dagrun for example_params_ui_tutorial to None, run_after=None
[2024-02-23T17:38:38.309+0000] {processor.py:183} INFO - Processing /home/airflow/.local/lib/python3.8/site-packages/airflow/example_dags/example_params_ui_tutorial.py took 0.149 seconds
[2024-02-23T17:39:08.473+0000] {processor.py:161} INFO - Started process (PID=7054) to work on /home/airflow/.local/lib/python3.8/site-packages/airflow/example_dags/example_params_ui_tutorial.py
[2024-02-23T17:39:08.474+0000] {processor.py:830} INFO - Processing file /home/airflow/.local/lib/python3.8/site-packages/airflow/example_dags/example_params_ui_tutorial.py for tasks to queue
[2024-02-23T17:39:08.476+0000] {logging_mixin.py:188} INFO - [2024-02-23T17:39:08.475+0000] {dagbag.py:538} INFO - Filling up the DagBag from /home/airflow/.local/lib/python3.8/site-packages/airflow/example_dags/example_params_ui_tutorial.py
[2024-02-23T17:39:08.493+0000] {processor.py:840} INFO - DAG(s) 'example_params_ui_tutorial' retrieved from /home/airflow/.local/lib/python3.8/site-packages/airflow/example_dags/example_params_ui_tutorial.py
[2024-02-23T17:39:08.565+0000] {logging_mixin.py:188} INFO - [2024-02-23T17:39:08.565+0000] {dag.py:3033} INFO - Sync 1 DAGs
[2024-02-23T17:39:08.583+0000] {logging_mixin.py:188} INFO - [2024-02-23T17:39:08.582+0000] {dag.py:3820} INFO - Setting next_dagrun for example_params_ui_tutorial to None, run_after=None
[2024-02-23T17:39:08.613+0000] {processor.py:183} INFO - Processing /home/airflow/.local/lib/python3.8/site-packages/airflow/example_dags/example_params_ui_tutorial.py took 0.145 seconds
[2024-02-23T17:39:38.793+0000] {processor.py:161} INFO - Started process (PID=7111) to work on /home/airflow/.local/lib/python3.8/site-packages/airflow/example_dags/example_params_ui_tutorial.py
[2024-02-23T17:39:38.795+0000] {processor.py:830} INFO - Processing file /home/airflow/.local/lib/python3.8/site-packages/airflow/example_dags/example_params_ui_tutorial.py for tasks to queue
[2024-02-23T17:39:38.796+0000] {logging_mixin.py:188} INFO - [2024-02-23T17:39:38.795+0000] {dagbag.py:538} INFO - Filling up the DagBag from /home/airflow/.local/lib/python3.8/site-packages/airflow/example_dags/example_params_ui_tutorial.py
[2024-02-23T17:39:38.810+0000] {processor.py:840} INFO - DAG(s) 'example_params_ui_tutorial' retrieved from /home/airflow/.local/lib/python3.8/site-packages/airflow/example_dags/example_params_ui_tutorial.py
[2024-02-23T17:39:38.879+0000] {logging_mixin.py:188} INFO - [2024-02-23T17:39:38.879+0000] {dag.py:3033} INFO - Sync 1 DAGs
[2024-02-23T17:39:38.893+0000] {logging_mixin.py:188} INFO - [2024-02-23T17:39:38.893+0000] {dag.py:3820} INFO - Setting next_dagrun for example_params_ui_tutorial to None, run_after=None
[2024-02-23T17:39:38.915+0000] {processor.py:183} INFO - Processing /home/airflow/.local/lib/python3.8/site-packages/airflow/example_dags/example_params_ui_tutorial.py took 0.126 seconds
[2024-02-23T17:40:09.403+0000] {processor.py:161} INFO - Started process (PID=7168) to work on /home/airflow/.local/lib/python3.8/site-packages/airflow/example_dags/example_params_ui_tutorial.py
[2024-02-23T17:40:09.404+0000] {processor.py:830} INFO - Processing file /home/airflow/.local/lib/python3.8/site-packages/airflow/example_dags/example_params_ui_tutorial.py for tasks to queue
[2024-02-23T17:40:09.405+0000] {logging_mixin.py:188} INFO - [2024-02-23T17:40:09.405+0000] {dagbag.py:538} INFO - Filling up the DagBag from /home/airflow/.local/lib/python3.8/site-packages/airflow/example_dags/example_params_ui_tutorial.py
[2024-02-23T17:40:09.421+0000] {processor.py:840} INFO - DAG(s) 'example_params_ui_tutorial' retrieved from /home/airflow/.local/lib/python3.8/site-packages/airflow/example_dags/example_params_ui_tutorial.py
[2024-02-23T17:40:09.489+0000] {logging_mixin.py:188} INFO - [2024-02-23T17:40:09.488+0000] {dag.py:3033} INFO - Sync 1 DAGs
[2024-02-23T17:40:09.503+0000] {logging_mixin.py:188} INFO - [2024-02-23T17:40:09.503+0000] {dag.py:3820} INFO - Setting next_dagrun for example_params_ui_tutorial to None, run_after=None
[2024-02-23T17:40:09.530+0000] {processor.py:183} INFO - Processing /home/airflow/.local/lib/python3.8/site-packages/airflow/example_dags/example_params_ui_tutorial.py took 0.131 seconds
[2024-02-23T17:40:39.989+0000] {processor.py:161} INFO - Started process (PID=7225) to work on /home/airflow/.local/lib/python3.8/site-packages/airflow/example_dags/example_params_ui_tutorial.py
[2024-02-23T17:40:39.990+0000] {processor.py:830} INFO - Processing file /home/airflow/.local/lib/python3.8/site-packages/airflow/example_dags/example_params_ui_tutorial.py for tasks to queue
[2024-02-23T17:40:39.992+0000] {logging_mixin.py:188} INFO - [2024-02-23T17:40:39.991+0000] {dagbag.py:538} INFO - Filling up the DagBag from /home/airflow/.local/lib/python3.8/site-packages/airflow/example_dags/example_params_ui_tutorial.py
[2024-02-23T17:40:40.008+0000] {processor.py:840} INFO - DAG(s) 'example_params_ui_tutorial' retrieved from /home/airflow/.local/lib/python3.8/site-packages/airflow/example_dags/example_params_ui_tutorial.py
[2024-02-23T17:40:40.104+0000] {logging_mixin.py:188} INFO - [2024-02-23T17:40:40.103+0000] {dag.py:3033} INFO - Sync 1 DAGs
[2024-02-23T17:40:40.130+0000] {logging_mixin.py:188} INFO - [2024-02-23T17:40:40.130+0000] {dag.py:3820} INFO - Setting next_dagrun for example_params_ui_tutorial to None, run_after=None
[2024-02-23T17:40:40.156+0000] {processor.py:183} INFO - Processing /home/airflow/.local/lib/python3.8/site-packages/airflow/example_dags/example_params_ui_tutorial.py took 0.171 seconds
[2024-02-23T17:41:11.159+0000] {processor.py:161} INFO - Started process (PID=7282) to work on /home/airflow/.local/lib/python3.8/site-packages/airflow/example_dags/example_params_ui_tutorial.py
[2024-02-23T17:41:11.160+0000] {processor.py:830} INFO - Processing file /home/airflow/.local/lib/python3.8/site-packages/airflow/example_dags/example_params_ui_tutorial.py for tasks to queue
[2024-02-23T17:41:11.162+0000] {logging_mixin.py:188} INFO - [2024-02-23T17:41:11.161+0000] {dagbag.py:538} INFO - Filling up the DagBag from /home/airflow/.local/lib/python3.8/site-packages/airflow/example_dags/example_params_ui_tutorial.py
[2024-02-23T17:41:11.186+0000] {processor.py:840} INFO - DAG(s) 'example_params_ui_tutorial' retrieved from /home/airflow/.local/lib/python3.8/site-packages/airflow/example_dags/example_params_ui_tutorial.py
[2024-02-23T17:41:11.284+0000] {logging_mixin.py:188} INFO - [2024-02-23T17:41:11.284+0000] {dag.py:3033} INFO - Sync 1 DAGs
[2024-02-23T17:41:11.301+0000] {logging_mixin.py:188} INFO - [2024-02-23T17:41:11.300+0000] {dag.py:3820} INFO - Setting next_dagrun for example_params_ui_tutorial to None, run_after=None
[2024-02-23T17:41:11.325+0000] {processor.py:183} INFO - Processing /home/airflow/.local/lib/python3.8/site-packages/airflow/example_dags/example_params_ui_tutorial.py took 0.172 seconds
[2024-02-23T17:41:41.453+0000] {processor.py:161} INFO - Started process (PID=7340) to work on /home/airflow/.local/lib/python3.8/site-packages/airflow/example_dags/example_params_ui_tutorial.py
[2024-02-23T17:41:41.455+0000] {processor.py:830} INFO - Processing file /home/airflow/.local/lib/python3.8/site-packages/airflow/example_dags/example_params_ui_tutorial.py for tasks to queue
[2024-02-23T17:41:41.456+0000] {logging_mixin.py:188} INFO - [2024-02-23T17:41:41.456+0000] {dagbag.py:538} INFO - Filling up the DagBag from /home/airflow/.local/lib/python3.8/site-packages/airflow/example_dags/example_params_ui_tutorial.py
[2024-02-23T17:41:41.472+0000] {processor.py:840} INFO - DAG(s) 'example_params_ui_tutorial' retrieved from /home/airflow/.local/lib/python3.8/site-packages/airflow/example_dags/example_params_ui_tutorial.py
[2024-02-23T17:41:41.542+0000] {logging_mixin.py:188} INFO - [2024-02-23T17:41:41.542+0000] {dag.py:3033} INFO - Sync 1 DAGs
[2024-02-23T17:41:41.556+0000] {logging_mixin.py:188} INFO - [2024-02-23T17:41:41.555+0000] {dag.py:3820} INFO - Setting next_dagrun for example_params_ui_tutorial to None, run_after=None
[2024-02-23T17:41:41.579+0000] {processor.py:183} INFO - Processing /home/airflow/.local/lib/python3.8/site-packages/airflow/example_dags/example_params_ui_tutorial.py took 0.130 seconds
[2024-02-23T17:42:11.940+0000] {processor.py:161} INFO - Started process (PID=7397) to work on /home/airflow/.local/lib/python3.8/site-packages/airflow/example_dags/example_params_ui_tutorial.py
[2024-02-23T17:42:11.941+0000] {processor.py:830} INFO - Processing file /home/airflow/.local/lib/python3.8/site-packages/airflow/example_dags/example_params_ui_tutorial.py for tasks to queue
[2024-02-23T17:42:11.942+0000] {logging_mixin.py:188} INFO - [2024-02-23T17:42:11.942+0000] {dagbag.py:538} INFO - Filling up the DagBag from /home/airflow/.local/lib/python3.8/site-packages/airflow/example_dags/example_params_ui_tutorial.py
[2024-02-23T17:42:11.960+0000] {processor.py:840} INFO - DAG(s) 'example_params_ui_tutorial' retrieved from /home/airflow/.local/lib/python3.8/site-packages/airflow/example_dags/example_params_ui_tutorial.py
[2024-02-23T17:42:12.039+0000] {logging_mixin.py:188} INFO - [2024-02-23T17:42:12.039+0000] {dag.py:3033} INFO - Sync 1 DAGs
[2024-02-23T17:42:12.055+0000] {logging_mixin.py:188} INFO - [2024-02-23T17:42:12.055+0000] {dag.py:3820} INFO - Setting next_dagrun for example_params_ui_tutorial to None, run_after=None
[2024-02-23T17:42:12.080+0000] {processor.py:183} INFO - Processing /home/airflow/.local/lib/python3.8/site-packages/airflow/example_dags/example_params_ui_tutorial.py took 0.146 seconds
[2024-02-23T17:42:42.757+0000] {processor.py:161} INFO - Started process (PID=7454) to work on /home/airflow/.local/lib/python3.8/site-packages/airflow/example_dags/example_params_ui_tutorial.py
[2024-02-23T17:42:42.758+0000] {processor.py:830} INFO - Processing file /home/airflow/.local/lib/python3.8/site-packages/airflow/example_dags/example_params_ui_tutorial.py for tasks to queue
[2024-02-23T17:42:42.760+0000] {logging_mixin.py:188} INFO - [2024-02-23T17:42:42.759+0000] {dagbag.py:538} INFO - Filling up the DagBag from /home/airflow/.local/lib/python3.8/site-packages/airflow/example_dags/example_params_ui_tutorial.py
[2024-02-23T17:42:42.775+0000] {processor.py:840} INFO - DAG(s) 'example_params_ui_tutorial' retrieved from /home/airflow/.local/lib/python3.8/site-packages/airflow/example_dags/example_params_ui_tutorial.py
[2024-02-23T17:42:42.855+0000] {logging_mixin.py:188} INFO - [2024-02-23T17:42:42.855+0000] {dag.py:3033} INFO - Sync 1 DAGs
[2024-02-23T17:42:42.873+0000] {logging_mixin.py:188} INFO - [2024-02-23T17:42:42.872+0000] {dag.py:3820} INFO - Setting next_dagrun for example_params_ui_tutorial to None, run_after=None
[2024-02-23T17:42:42.899+0000] {processor.py:183} INFO - Processing /home/airflow/.local/lib/python3.8/site-packages/airflow/example_dags/example_params_ui_tutorial.py took 0.147 seconds
[2024-02-23T17:43:12.985+0000] {processor.py:161} INFO - Started process (PID=7512) to work on /home/airflow/.local/lib/python3.8/site-packages/airflow/example_dags/example_params_ui_tutorial.py
[2024-02-23T17:43:12.987+0000] {processor.py:830} INFO - Processing file /home/airflow/.local/lib/python3.8/site-packages/airflow/example_dags/example_params_ui_tutorial.py for tasks to queue
[2024-02-23T17:43:12.989+0000] {logging_mixin.py:188} INFO - [2024-02-23T17:43:12.988+0000] {dagbag.py:538} INFO - Filling up the DagBag from /home/airflow/.local/lib/python3.8/site-packages/airflow/example_dags/example_params_ui_tutorial.py
[2024-02-23T17:43:13.006+0000] {processor.py:840} INFO - DAG(s) 'example_params_ui_tutorial' retrieved from /home/airflow/.local/lib/python3.8/site-packages/airflow/example_dags/example_params_ui_tutorial.py
[2024-02-23T17:43:13.087+0000] {logging_mixin.py:188} INFO - [2024-02-23T17:43:13.087+0000] {dag.py:3033} INFO - Sync 1 DAGs
[2024-02-23T17:43:13.105+0000] {logging_mixin.py:188} INFO - [2024-02-23T17:43:13.105+0000] {dag.py:3820} INFO - Setting next_dagrun for example_params_ui_tutorial to None, run_after=None
[2024-02-23T17:43:13.128+0000] {processor.py:183} INFO - Processing /home/airflow/.local/lib/python3.8/site-packages/airflow/example_dags/example_params_ui_tutorial.py took 0.148 seconds
[2024-02-23T17:43:43.982+0000] {processor.py:161} INFO - Started process (PID=7568) to work on /home/airflow/.local/lib/python3.8/site-packages/airflow/example_dags/example_params_ui_tutorial.py
[2024-02-23T17:43:43.984+0000] {processor.py:830} INFO - Processing file /home/airflow/.local/lib/python3.8/site-packages/airflow/example_dags/example_params_ui_tutorial.py for tasks to queue
[2024-02-23T17:43:43.985+0000] {logging_mixin.py:188} INFO - [2024-02-23T17:43:43.985+0000] {dagbag.py:538} INFO - Filling up the DagBag from /home/airflow/.local/lib/python3.8/site-packages/airflow/example_dags/example_params_ui_tutorial.py
[2024-02-23T17:43:44.007+0000] {processor.py:840} INFO - DAG(s) 'example_params_ui_tutorial' retrieved from /home/airflow/.local/lib/python3.8/site-packages/airflow/example_dags/example_params_ui_tutorial.py
[2024-02-23T17:43:44.117+0000] {logging_mixin.py:188} INFO - [2024-02-23T17:43:44.117+0000] {dag.py:3033} INFO - Sync 1 DAGs
[2024-02-23T17:43:44.139+0000] {logging_mixin.py:188} INFO - [2024-02-23T17:43:44.138+0000] {dag.py:3820} INFO - Setting next_dagrun for example_params_ui_tutorial to None, run_after=None
[2024-02-23T17:43:44.164+0000] {processor.py:183} INFO - Processing /home/airflow/.local/lib/python3.8/site-packages/airflow/example_dags/example_params_ui_tutorial.py took 0.188 seconds
[2024-02-23T17:44:14.731+0000] {processor.py:161} INFO - Started process (PID=7631) to work on /home/airflow/.local/lib/python3.8/site-packages/airflow/example_dags/example_params_ui_tutorial.py
[2024-02-23T17:44:14.733+0000] {processor.py:830} INFO - Processing file /home/airflow/.local/lib/python3.8/site-packages/airflow/example_dags/example_params_ui_tutorial.py for tasks to queue
[2024-02-23T17:44:14.735+0000] {logging_mixin.py:188} INFO - [2024-02-23T17:44:14.735+0000] {dagbag.py:538} INFO - Filling up the DagBag from /home/airflow/.local/lib/python3.8/site-packages/airflow/example_dags/example_params_ui_tutorial.py
[2024-02-23T17:44:14.751+0000] {processor.py:840} INFO - DAG(s) 'example_params_ui_tutorial' retrieved from /home/airflow/.local/lib/python3.8/site-packages/airflow/example_dags/example_params_ui_tutorial.py
[2024-02-23T17:44:14.833+0000] {logging_mixin.py:188} INFO - [2024-02-23T17:44:14.832+0000] {dag.py:3033} INFO - Sync 1 DAGs
[2024-02-23T17:44:14.850+0000] {logging_mixin.py:188} INFO - [2024-02-23T17:44:14.850+0000] {dag.py:3820} INFO - Setting next_dagrun for example_params_ui_tutorial to None, run_after=None
[2024-02-23T17:44:14.876+0000] {processor.py:183} INFO - Processing /home/airflow/.local/lib/python3.8/site-packages/airflow/example_dags/example_params_ui_tutorial.py took 0.149 seconds
[2024-02-23T17:44:45.109+0000] {processor.py:161} INFO - Started process (PID=7688) to work on /home/airflow/.local/lib/python3.8/site-packages/airflow/example_dags/example_params_ui_tutorial.py
[2024-02-23T17:44:45.110+0000] {processor.py:830} INFO - Processing file /home/airflow/.local/lib/python3.8/site-packages/airflow/example_dags/example_params_ui_tutorial.py for tasks to queue
[2024-02-23T17:44:45.111+0000] {logging_mixin.py:188} INFO - [2024-02-23T17:44:45.111+0000] {dagbag.py:538} INFO - Filling up the DagBag from /home/airflow/.local/lib/python3.8/site-packages/airflow/example_dags/example_params_ui_tutorial.py
[2024-02-23T17:44:45.126+0000] {processor.py:840} INFO - DAG(s) 'example_params_ui_tutorial' retrieved from /home/airflow/.local/lib/python3.8/site-packages/airflow/example_dags/example_params_ui_tutorial.py
[2024-02-23T17:44:45.206+0000] {logging_mixin.py:188} INFO - [2024-02-23T17:44:45.206+0000] {dag.py:3033} INFO - Sync 1 DAGs
[2024-02-23T17:44:45.223+0000] {logging_mixin.py:188} INFO - [2024-02-23T17:44:45.222+0000] {dag.py:3820} INFO - Setting next_dagrun for example_params_ui_tutorial to None, run_after=None
[2024-02-23T17:44:45.247+0000] {processor.py:183} INFO - Processing /home/airflow/.local/lib/python3.8/site-packages/airflow/example_dags/example_params_ui_tutorial.py took 0.143 seconds
[2024-02-23T17:45:15.788+0000] {processor.py:161} INFO - Started process (PID=7745) to work on /home/airflow/.local/lib/python3.8/site-packages/airflow/example_dags/example_params_ui_tutorial.py
[2024-02-23T17:45:15.789+0000] {processor.py:830} INFO - Processing file /home/airflow/.local/lib/python3.8/site-packages/airflow/example_dags/example_params_ui_tutorial.py for tasks to queue
[2024-02-23T17:45:15.791+0000] {logging_mixin.py:188} INFO - [2024-02-23T17:45:15.791+0000] {dagbag.py:538} INFO - Filling up the DagBag from /home/airflow/.local/lib/python3.8/site-packages/airflow/example_dags/example_params_ui_tutorial.py
[2024-02-23T17:45:15.808+0000] {processor.py:840} INFO - DAG(s) 'example_params_ui_tutorial' retrieved from /home/airflow/.local/lib/python3.8/site-packages/airflow/example_dags/example_params_ui_tutorial.py
[2024-02-23T17:45:15.886+0000] {logging_mixin.py:188} INFO - [2024-02-23T17:45:15.886+0000] {dag.py:3033} INFO - Sync 1 DAGs
[2024-02-23T17:45:15.905+0000] {logging_mixin.py:188} INFO - [2024-02-23T17:45:15.905+0000] {dag.py:3820} INFO - Setting next_dagrun for example_params_ui_tutorial to None, run_after=None
[2024-02-23T17:45:15.934+0000] {processor.py:183} INFO - Processing /home/airflow/.local/lib/python3.8/site-packages/airflow/example_dags/example_params_ui_tutorial.py took 0.151 seconds
[2024-02-23T17:45:45.996+0000] {processor.py:161} INFO - Started process (PID=7802) to work on /home/airflow/.local/lib/python3.8/site-packages/airflow/example_dags/example_params_ui_tutorial.py
[2024-02-23T17:45:45.998+0000] {processor.py:830} INFO - Processing file /home/airflow/.local/lib/python3.8/site-packages/airflow/example_dags/example_params_ui_tutorial.py for tasks to queue
[2024-02-23T17:45:45.999+0000] {logging_mixin.py:188} INFO - [2024-02-23T17:45:45.999+0000] {dagbag.py:538} INFO - Filling up the DagBag from /home/airflow/.local/lib/python3.8/site-packages/airflow/example_dags/example_params_ui_tutorial.py
[2024-02-23T17:45:46.016+0000] {processor.py:840} INFO - DAG(s) 'example_params_ui_tutorial' retrieved from /home/airflow/.local/lib/python3.8/site-packages/airflow/example_dags/example_params_ui_tutorial.py
[2024-02-23T17:45:46.092+0000] {logging_mixin.py:188} INFO - [2024-02-23T17:45:46.092+0000] {dag.py:3033} INFO - Sync 1 DAGs
[2024-02-23T17:45:46.108+0000] {logging_mixin.py:188} INFO - [2024-02-23T17:45:46.108+0000] {dag.py:3820} INFO - Setting next_dagrun for example_params_ui_tutorial to None, run_after=None
[2024-02-23T17:45:46.134+0000] {processor.py:183} INFO - Processing /home/airflow/.local/lib/python3.8/site-packages/airflow/example_dags/example_params_ui_tutorial.py took 0.141 seconds
[2024-02-23T17:46:16.439+0000] {processor.py:161} INFO - Started process (PID=7859) to work on /home/airflow/.local/lib/python3.8/site-packages/airflow/example_dags/example_params_ui_tutorial.py
[2024-02-23T17:46:16.441+0000] {processor.py:830} INFO - Processing file /home/airflow/.local/lib/python3.8/site-packages/airflow/example_dags/example_params_ui_tutorial.py for tasks to queue
[2024-02-23T17:46:16.442+0000] {logging_mixin.py:188} INFO - [2024-02-23T17:46:16.442+0000] {dagbag.py:538} INFO - Filling up the DagBag from /home/airflow/.local/lib/python3.8/site-packages/airflow/example_dags/example_params_ui_tutorial.py
[2024-02-23T17:46:16.460+0000] {processor.py:840} INFO - DAG(s) 'example_params_ui_tutorial' retrieved from /home/airflow/.local/lib/python3.8/site-packages/airflow/example_dags/example_params_ui_tutorial.py
[2024-02-23T17:46:16.539+0000] {logging_mixin.py:188} INFO - [2024-02-23T17:46:16.539+0000] {dag.py:3033} INFO - Sync 1 DAGs
[2024-02-23T17:46:16.553+0000] {logging_mixin.py:188} INFO - [2024-02-23T17:46:16.553+0000] {dag.py:3820} INFO - Setting next_dagrun for example_params_ui_tutorial to None, run_after=None
[2024-02-23T17:46:16.579+0000] {processor.py:183} INFO - Processing /home/airflow/.local/lib/python3.8/site-packages/airflow/example_dags/example_params_ui_tutorial.py took 0.145 seconds
[2024-02-23T17:46:47.107+0000] {processor.py:161} INFO - Started process (PID=7916) to work on /home/airflow/.local/lib/python3.8/site-packages/airflow/example_dags/example_params_ui_tutorial.py
[2024-02-23T17:46:47.108+0000] {processor.py:830} INFO - Processing file /home/airflow/.local/lib/python3.8/site-packages/airflow/example_dags/example_params_ui_tutorial.py for tasks to queue
[2024-02-23T17:46:47.109+0000] {logging_mixin.py:188} INFO - [2024-02-23T17:46:47.109+0000] {dagbag.py:538} INFO - Filling up the DagBag from /home/airflow/.local/lib/python3.8/site-packages/airflow/example_dags/example_params_ui_tutorial.py
[2024-02-23T17:46:47.128+0000] {processor.py:840} INFO - DAG(s) 'example_params_ui_tutorial' retrieved from /home/airflow/.local/lib/python3.8/site-packages/airflow/example_dags/example_params_ui_tutorial.py
[2024-02-23T17:46:47.208+0000] {logging_mixin.py:188} INFO - [2024-02-23T17:46:47.208+0000] {dag.py:3033} INFO - Sync 1 DAGs
[2024-02-23T17:46:47.223+0000] {logging_mixin.py:188} INFO - [2024-02-23T17:46:47.223+0000] {dag.py:3820} INFO - Setting next_dagrun for example_params_ui_tutorial to None, run_after=None
[2024-02-23T17:46:47.250+0000] {processor.py:183} INFO - Processing /home/airflow/.local/lib/python3.8/site-packages/airflow/example_dags/example_params_ui_tutorial.py took 0.148 seconds
[2024-02-23T17:47:17.633+0000] {processor.py:161} INFO - Started process (PID=7973) to work on /home/airflow/.local/lib/python3.8/site-packages/airflow/example_dags/example_params_ui_tutorial.py
[2024-02-23T17:47:17.634+0000] {processor.py:830} INFO - Processing file /home/airflow/.local/lib/python3.8/site-packages/airflow/example_dags/example_params_ui_tutorial.py for tasks to queue
[2024-02-23T17:47:17.636+0000] {logging_mixin.py:188} INFO - [2024-02-23T17:47:17.635+0000] {dagbag.py:538} INFO - Filling up the DagBag from /home/airflow/.local/lib/python3.8/site-packages/airflow/example_dags/example_params_ui_tutorial.py
[2024-02-23T17:47:17.651+0000] {processor.py:840} INFO - DAG(s) 'example_params_ui_tutorial' retrieved from /home/airflow/.local/lib/python3.8/site-packages/airflow/example_dags/example_params_ui_tutorial.py
[2024-02-23T17:47:17.746+0000] {logging_mixin.py:188} INFO - [2024-02-23T17:47:17.746+0000] {dag.py:3033} INFO - Sync 1 DAGs
[2024-02-23T17:47:17.760+0000] {logging_mixin.py:188} INFO - [2024-02-23T17:47:17.760+0000] {dag.py:3820} INFO - Setting next_dagrun for example_params_ui_tutorial to None, run_after=None
[2024-02-23T17:47:17.788+0000] {processor.py:183} INFO - Processing /home/airflow/.local/lib/python3.8/site-packages/airflow/example_dags/example_params_ui_tutorial.py took 0.159 seconds
[2024-02-23T17:47:48.226+0000] {processor.py:161} INFO - Started process (PID=8030) to work on /home/airflow/.local/lib/python3.8/site-packages/airflow/example_dags/example_params_ui_tutorial.py
[2024-02-23T17:47:48.227+0000] {processor.py:830} INFO - Processing file /home/airflow/.local/lib/python3.8/site-packages/airflow/example_dags/example_params_ui_tutorial.py for tasks to queue
[2024-02-23T17:47:48.229+0000] {logging_mixin.py:188} INFO - [2024-02-23T17:47:48.228+0000] {dagbag.py:538} INFO - Filling up the DagBag from /home/airflow/.local/lib/python3.8/site-packages/airflow/example_dags/example_params_ui_tutorial.py
[2024-02-23T17:47:48.244+0000] {processor.py:840} INFO - DAG(s) 'example_params_ui_tutorial' retrieved from /home/airflow/.local/lib/python3.8/site-packages/airflow/example_dags/example_params_ui_tutorial.py
[2024-02-23T17:47:48.327+0000] {logging_mixin.py:188} INFO - [2024-02-23T17:47:48.327+0000] {dag.py:3033} INFO - Sync 1 DAGs
[2024-02-23T17:47:48.348+0000] {logging_mixin.py:188} INFO - [2024-02-23T17:47:48.348+0000] {dag.py:3820} INFO - Setting next_dagrun for example_params_ui_tutorial to None, run_after=None
[2024-02-23T17:47:48.377+0000] {processor.py:183} INFO - Processing /home/airflow/.local/lib/python3.8/site-packages/airflow/example_dags/example_params_ui_tutorial.py took 0.155 seconds
[2024-02-23T17:48:18.564+0000] {processor.py:161} INFO - Started process (PID=8087) to work on /home/airflow/.local/lib/python3.8/site-packages/airflow/example_dags/example_params_ui_tutorial.py
[2024-02-23T17:48:18.565+0000] {processor.py:830} INFO - Processing file /home/airflow/.local/lib/python3.8/site-packages/airflow/example_dags/example_params_ui_tutorial.py for tasks to queue
[2024-02-23T17:48:18.566+0000] {logging_mixin.py:188} INFO - [2024-02-23T17:48:18.566+0000] {dagbag.py:538} INFO - Filling up the DagBag from /home/airflow/.local/lib/python3.8/site-packages/airflow/example_dags/example_params_ui_tutorial.py
[2024-02-23T17:48:18.581+0000] {processor.py:840} INFO - DAG(s) 'example_params_ui_tutorial' retrieved from /home/airflow/.local/lib/python3.8/site-packages/airflow/example_dags/example_params_ui_tutorial.py
[2024-02-23T17:48:18.652+0000] {logging_mixin.py:188} INFO - [2024-02-23T17:48:18.652+0000] {dag.py:3033} INFO - Sync 1 DAGs
[2024-02-23T17:48:18.668+0000] {logging_mixin.py:188} INFO - [2024-02-23T17:48:18.668+0000] {dag.py:3820} INFO - Setting next_dagrun for example_params_ui_tutorial to None, run_after=None
[2024-02-23T17:48:18.691+0000] {processor.py:183} INFO - Processing /home/airflow/.local/lib/python3.8/site-packages/airflow/example_dags/example_params_ui_tutorial.py took 0.131 seconds
[2024-02-23T17:48:49.397+0000] {processor.py:161} INFO - Started process (PID=8144) to work on /home/airflow/.local/lib/python3.8/site-packages/airflow/example_dags/example_params_ui_tutorial.py
[2024-02-23T17:48:49.398+0000] {processor.py:830} INFO - Processing file /home/airflow/.local/lib/python3.8/site-packages/airflow/example_dags/example_params_ui_tutorial.py for tasks to queue
[2024-02-23T17:48:49.399+0000] {logging_mixin.py:188} INFO - [2024-02-23T17:48:49.399+0000] {dagbag.py:538} INFO - Filling up the DagBag from /home/airflow/.local/lib/python3.8/site-packages/airflow/example_dags/example_params_ui_tutorial.py
[2024-02-23T17:48:49.413+0000] {processor.py:840} INFO - DAG(s) 'example_params_ui_tutorial' retrieved from /home/airflow/.local/lib/python3.8/site-packages/airflow/example_dags/example_params_ui_tutorial.py
[2024-02-23T17:48:49.482+0000] {logging_mixin.py:188} INFO - [2024-02-23T17:48:49.482+0000] {dag.py:3033} INFO - Sync 1 DAGs
[2024-02-23T17:48:49.496+0000] {logging_mixin.py:188} INFO - [2024-02-23T17:48:49.496+0000] {dag.py:3820} INFO - Setting next_dagrun for example_params_ui_tutorial to None, run_after=None
[2024-02-23T17:48:49.519+0000] {processor.py:183} INFO - Processing /home/airflow/.local/lib/python3.8/site-packages/airflow/example_dags/example_params_ui_tutorial.py took 0.126 seconds
[2024-02-23T17:49:20.341+0000] {processor.py:161} INFO - Started process (PID=8201) to work on /home/airflow/.local/lib/python3.8/site-packages/airflow/example_dags/example_params_ui_tutorial.py
[2024-02-23T17:49:20.343+0000] {processor.py:830} INFO - Processing file /home/airflow/.local/lib/python3.8/site-packages/airflow/example_dags/example_params_ui_tutorial.py for tasks to queue
[2024-02-23T17:49:20.344+0000] {logging_mixin.py:188} INFO - [2024-02-23T17:49:20.344+0000] {dagbag.py:538} INFO - Filling up the DagBag from /home/airflow/.local/lib/python3.8/site-packages/airflow/example_dags/example_params_ui_tutorial.py
[2024-02-23T17:49:20.360+0000] {processor.py:840} INFO - DAG(s) 'example_params_ui_tutorial' retrieved from /home/airflow/.local/lib/python3.8/site-packages/airflow/example_dags/example_params_ui_tutorial.py
[2024-02-23T17:49:20.446+0000] {logging_mixin.py:188} INFO - [2024-02-23T17:49:20.446+0000] {dag.py:3033} INFO - Sync 1 DAGs
[2024-02-23T17:49:20.461+0000] {logging_mixin.py:188} INFO - [2024-02-23T17:49:20.461+0000] {dag.py:3820} INFO - Setting next_dagrun for example_params_ui_tutorial to None, run_after=None
[2024-02-23T17:49:20.487+0000] {processor.py:183} INFO - Processing /home/airflow/.local/lib/python3.8/site-packages/airflow/example_dags/example_params_ui_tutorial.py took 0.150 seconds
[2024-02-23T17:49:50.663+0000] {processor.py:161} INFO - Started process (PID=8258) to work on /home/airflow/.local/lib/python3.8/site-packages/airflow/example_dags/example_params_ui_tutorial.py
[2024-02-23T17:49:50.664+0000] {processor.py:830} INFO - Processing file /home/airflow/.local/lib/python3.8/site-packages/airflow/example_dags/example_params_ui_tutorial.py for tasks to queue
[2024-02-23T17:49:50.666+0000] {logging_mixin.py:188} INFO - [2024-02-23T17:49:50.665+0000] {dagbag.py:538} INFO - Filling up the DagBag from /home/airflow/.local/lib/python3.8/site-packages/airflow/example_dags/example_params_ui_tutorial.py
[2024-02-23T17:49:50.682+0000] {processor.py:840} INFO - DAG(s) 'example_params_ui_tutorial' retrieved from /home/airflow/.local/lib/python3.8/site-packages/airflow/example_dags/example_params_ui_tutorial.py
[2024-02-23T17:49:50.759+0000] {logging_mixin.py:188} INFO - [2024-02-23T17:49:50.759+0000] {dag.py:3033} INFO - Sync 1 DAGs
[2024-02-23T17:49:50.774+0000] {logging_mixin.py:188} INFO - [2024-02-23T17:49:50.774+0000] {dag.py:3820} INFO - Setting next_dagrun for example_params_ui_tutorial to None, run_after=None
[2024-02-23T17:49:50.801+0000] {processor.py:183} INFO - Processing /home/airflow/.local/lib/python3.8/site-packages/airflow/example_dags/example_params_ui_tutorial.py took 0.143 seconds
[2024-02-23T17:50:21.067+0000] {processor.py:161} INFO - Started process (PID=8315) to work on /home/airflow/.local/lib/python3.8/site-packages/airflow/example_dags/example_params_ui_tutorial.py
[2024-02-23T17:50:21.069+0000] {processor.py:830} INFO - Processing file /home/airflow/.local/lib/python3.8/site-packages/airflow/example_dags/example_params_ui_tutorial.py for tasks to queue
[2024-02-23T17:50:21.070+0000] {logging_mixin.py:188} INFO - [2024-02-23T17:50:21.070+0000] {dagbag.py:538} INFO - Filling up the DagBag from /home/airflow/.local/lib/python3.8/site-packages/airflow/example_dags/example_params_ui_tutorial.py
[2024-02-23T17:50:21.084+0000] {processor.py:840} INFO - DAG(s) 'example_params_ui_tutorial' retrieved from /home/airflow/.local/lib/python3.8/site-packages/airflow/example_dags/example_params_ui_tutorial.py
[2024-02-23T17:50:21.154+0000] {logging_mixin.py:188} INFO - [2024-02-23T17:50:21.154+0000] {dag.py:3033} INFO - Sync 1 DAGs
[2024-02-23T17:50:21.167+0000] {logging_mixin.py:188} INFO - [2024-02-23T17:50:21.166+0000] {dag.py:3820} INFO - Setting next_dagrun for example_params_ui_tutorial to None, run_after=None
[2024-02-23T17:50:21.189+0000] {processor.py:183} INFO - Processing /home/airflow/.local/lib/python3.8/site-packages/airflow/example_dags/example_params_ui_tutorial.py took 0.126 seconds
[2024-02-23T17:50:51.240+0000] {processor.py:161} INFO - Started process (PID=8372) to work on /home/airflow/.local/lib/python3.8/site-packages/airflow/example_dags/example_params_ui_tutorial.py
[2024-02-23T17:50:51.242+0000] {processor.py:830} INFO - Processing file /home/airflow/.local/lib/python3.8/site-packages/airflow/example_dags/example_params_ui_tutorial.py for tasks to queue
[2024-02-23T17:50:51.243+0000] {logging_mixin.py:188} INFO - [2024-02-23T17:50:51.243+0000] {dagbag.py:538} INFO - Filling up the DagBag from /home/airflow/.local/lib/python3.8/site-packages/airflow/example_dags/example_params_ui_tutorial.py
[2024-02-23T17:50:51.261+0000] {processor.py:840} INFO - DAG(s) 'example_params_ui_tutorial' retrieved from /home/airflow/.local/lib/python3.8/site-packages/airflow/example_dags/example_params_ui_tutorial.py
[2024-02-23T17:50:51.336+0000] {logging_mixin.py:188} INFO - [2024-02-23T17:50:51.335+0000] {dag.py:3033} INFO - Sync 1 DAGs
[2024-02-23T17:50:51.352+0000] {logging_mixin.py:188} INFO - [2024-02-23T17:50:51.352+0000] {dag.py:3820} INFO - Setting next_dagrun for example_params_ui_tutorial to None, run_after=None
[2024-02-23T17:50:51.378+0000] {processor.py:183} INFO - Processing /home/airflow/.local/lib/python3.8/site-packages/airflow/example_dags/example_params_ui_tutorial.py took 0.144 seconds
[2024-02-23T17:51:21.579+0000] {processor.py:161} INFO - Started process (PID=8429) to work on /home/airflow/.local/lib/python3.8/site-packages/airflow/example_dags/example_params_ui_tutorial.py
[2024-02-23T17:51:21.581+0000] {processor.py:830} INFO - Processing file /home/airflow/.local/lib/python3.8/site-packages/airflow/example_dags/example_params_ui_tutorial.py for tasks to queue
[2024-02-23T17:51:21.582+0000] {logging_mixin.py:188} INFO - [2024-02-23T17:51:21.582+0000] {dagbag.py:538} INFO - Filling up the DagBag from /home/airflow/.local/lib/python3.8/site-packages/airflow/example_dags/example_params_ui_tutorial.py
[2024-02-23T17:51:21.597+0000] {processor.py:840} INFO - DAG(s) 'example_params_ui_tutorial' retrieved from /home/airflow/.local/lib/python3.8/site-packages/airflow/example_dags/example_params_ui_tutorial.py
[2024-02-23T17:51:21.668+0000] {logging_mixin.py:188} INFO - [2024-02-23T17:51:21.668+0000] {dag.py:3033} INFO - Sync 1 DAGs
[2024-02-23T17:51:21.683+0000] {logging_mixin.py:188} INFO - [2024-02-23T17:51:21.682+0000] {dag.py:3820} INFO - Setting next_dagrun for example_params_ui_tutorial to None, run_after=None
[2024-02-23T17:51:21.707+0000] {processor.py:183} INFO - Processing /home/airflow/.local/lib/python3.8/site-packages/airflow/example_dags/example_params_ui_tutorial.py took 0.131 seconds
[2024-02-23T17:51:52.167+0000] {processor.py:161} INFO - Started process (PID=8486) to work on /home/airflow/.local/lib/python3.8/site-packages/airflow/example_dags/example_params_ui_tutorial.py
[2024-02-23T17:51:52.168+0000] {processor.py:830} INFO - Processing file /home/airflow/.local/lib/python3.8/site-packages/airflow/example_dags/example_params_ui_tutorial.py for tasks to queue
[2024-02-23T17:51:52.169+0000] {logging_mixin.py:188} INFO - [2024-02-23T17:51:52.169+0000] {dagbag.py:538} INFO - Filling up the DagBag from /home/airflow/.local/lib/python3.8/site-packages/airflow/example_dags/example_params_ui_tutorial.py
[2024-02-23T17:51:52.183+0000] {processor.py:840} INFO - DAG(s) 'example_params_ui_tutorial' retrieved from /home/airflow/.local/lib/python3.8/site-packages/airflow/example_dags/example_params_ui_tutorial.py
[2024-02-23T17:51:52.252+0000] {logging_mixin.py:188} INFO - [2024-02-23T17:51:52.252+0000] {dag.py:3033} INFO - Sync 1 DAGs
[2024-02-23T17:51:52.266+0000] {logging_mixin.py:188} INFO - [2024-02-23T17:51:52.266+0000] {dag.py:3820} INFO - Setting next_dagrun for example_params_ui_tutorial to None, run_after=None
[2024-02-23T17:51:52.287+0000] {processor.py:183} INFO - Processing /home/airflow/.local/lib/python3.8/site-packages/airflow/example_dags/example_params_ui_tutorial.py took 0.124 seconds
