[2024-02-23T17:20:11.235+0000] {processor.py:161} INFO - Started process (PID=4906) to work on /home/airflow/.local/lib/python3.8/site-packages/airflow/example_dags/example_skip_dag.py
[2024-02-23T17:20:11.253+0000] {processor.py:830} INFO - Processing file /home/airflow/.local/lib/python3.8/site-packages/airflow/example_dags/example_skip_dag.py for tasks to queue
[2024-02-23T17:20:11.255+0000] {logging_mixin.py:188} INFO - [2024-02-23T17:20:11.254+0000] {dagbag.py:538} INFO - Filling up the DagBag from /home/airflow/.local/lib/python3.8/site-packages/airflow/example_dags/example_skip_dag.py
[2024-02-23T17:20:11.285+0000] {processor.py:840} INFO - DAG(s) 'example_skip_dag' retrieved from /home/airflow/.local/lib/python3.8/site-packages/airflow/example_dags/example_skip_dag.py
[2024-02-23T17:20:11.351+0000] {logging_mixin.py:188} INFO - [2024-02-23T17:20:11.351+0000] {dag.py:3033} INFO - Sync 1 DAGs
[2024-02-23T17:20:11.458+0000] {logging_mixin.py:188} INFO - [2024-02-23T17:20:11.458+0000] {dag.py:3820} INFO - Setting next_dagrun for example_skip_dag to 2024-02-22T00:00:00+00:00, run_after=2024-02-23T00:00:00+00:00
[2024-02-23T17:20:11.559+0000] {processor.py:183} INFO - Processing /home/airflow/.local/lib/python3.8/site-packages/airflow/example_dags/example_skip_dag.py took 0.340 seconds
[2024-02-23T17:20:41.802+0000] {processor.py:161} INFO - Started process (PID=4969) to work on /home/airflow/.local/lib/python3.8/site-packages/airflow/example_dags/example_skip_dag.py
[2024-02-23T17:20:41.804+0000] {processor.py:830} INFO - Processing file /home/airflow/.local/lib/python3.8/site-packages/airflow/example_dags/example_skip_dag.py for tasks to queue
[2024-02-23T17:20:41.806+0000] {logging_mixin.py:188} INFO - [2024-02-23T17:20:41.806+0000] {dagbag.py:538} INFO - Filling up the DagBag from /home/airflow/.local/lib/python3.8/site-packages/airflow/example_dags/example_skip_dag.py
[2024-02-23T17:20:41.824+0000] {processor.py:840} INFO - DAG(s) 'example_skip_dag' retrieved from /home/airflow/.local/lib/python3.8/site-packages/airflow/example_dags/example_skip_dag.py
[2024-02-23T17:20:41.947+0000] {logging_mixin.py:188} INFO - [2024-02-23T17:20:41.947+0000] {dag.py:3033} INFO - Sync 1 DAGs
[2024-02-23T17:20:42.036+0000] {logging_mixin.py:188} INFO - [2024-02-23T17:20:42.035+0000] {dag.py:3820} INFO - Setting next_dagrun for example_skip_dag to 2024-02-22T00:00:00+00:00, run_after=2024-02-23T00:00:00+00:00
[2024-02-23T17:20:42.115+0000] {processor.py:183} INFO - Processing /home/airflow/.local/lib/python3.8/site-packages/airflow/example_dags/example_skip_dag.py took 0.319 seconds
[2024-02-23T17:21:12.555+0000] {processor.py:161} INFO - Started process (PID=5026) to work on /home/airflow/.local/lib/python3.8/site-packages/airflow/example_dags/example_skip_dag.py
[2024-02-23T17:21:12.557+0000] {processor.py:830} INFO - Processing file /home/airflow/.local/lib/python3.8/site-packages/airflow/example_dags/example_skip_dag.py for tasks to queue
[2024-02-23T17:21:12.559+0000] {logging_mixin.py:188} INFO - [2024-02-23T17:21:12.558+0000] {dagbag.py:538} INFO - Filling up the DagBag from /home/airflow/.local/lib/python3.8/site-packages/airflow/example_dags/example_skip_dag.py
[2024-02-23T17:21:12.572+0000] {processor.py:840} INFO - DAG(s) 'example_skip_dag' retrieved from /home/airflow/.local/lib/python3.8/site-packages/airflow/example_dags/example_skip_dag.py
[2024-02-23T17:21:12.605+0000] {logging_mixin.py:188} INFO - [2024-02-23T17:21:12.605+0000] {dag.py:3033} INFO - Sync 1 DAGs
[2024-02-23T17:21:12.638+0000] {logging_mixin.py:188} INFO - [2024-02-23T17:21:12.637+0000] {dag.py:3820} INFO - Setting next_dagrun for example_skip_dag to 2024-02-22T00:00:00+00:00, run_after=2024-02-23T00:00:00+00:00
[2024-02-23T17:21:12.665+0000] {processor.py:183} INFO - Processing /home/airflow/.local/lib/python3.8/site-packages/airflow/example_dags/example_skip_dag.py took 0.117 seconds
[2024-02-23T17:21:43.408+0000] {processor.py:161} INFO - Started process (PID=5083) to work on /home/airflow/.local/lib/python3.8/site-packages/airflow/example_dags/example_skip_dag.py
[2024-02-23T17:21:43.410+0000] {processor.py:830} INFO - Processing file /home/airflow/.local/lib/python3.8/site-packages/airflow/example_dags/example_skip_dag.py for tasks to queue
[2024-02-23T17:21:43.411+0000] {logging_mixin.py:188} INFO - [2024-02-23T17:21:43.411+0000] {dagbag.py:538} INFO - Filling up the DagBag from /home/airflow/.local/lib/python3.8/site-packages/airflow/example_dags/example_skip_dag.py
[2024-02-23T17:21:43.423+0000] {processor.py:840} INFO - DAG(s) 'example_skip_dag' retrieved from /home/airflow/.local/lib/python3.8/site-packages/airflow/example_dags/example_skip_dag.py
[2024-02-23T17:21:43.458+0000] {logging_mixin.py:188} INFO - [2024-02-23T17:21:43.458+0000] {dag.py:3033} INFO - Sync 1 DAGs
[2024-02-23T17:21:43.494+0000] {logging_mixin.py:188} INFO - [2024-02-23T17:21:43.494+0000] {dag.py:3820} INFO - Setting next_dagrun for example_skip_dag to 2024-02-22T00:00:00+00:00, run_after=2024-02-23T00:00:00+00:00
[2024-02-23T17:21:43.522+0000] {processor.py:183} INFO - Processing /home/airflow/.local/lib/python3.8/site-packages/airflow/example_dags/example_skip_dag.py took 0.118 seconds
[2024-02-23T17:22:14.265+0000] {processor.py:161} INFO - Started process (PID=5141) to work on /home/airflow/.local/lib/python3.8/site-packages/airflow/example_dags/example_skip_dag.py
[2024-02-23T17:22:14.266+0000] {processor.py:830} INFO - Processing file /home/airflow/.local/lib/python3.8/site-packages/airflow/example_dags/example_skip_dag.py for tasks to queue
[2024-02-23T17:22:14.267+0000] {logging_mixin.py:188} INFO - [2024-02-23T17:22:14.267+0000] {dagbag.py:538} INFO - Filling up the DagBag from /home/airflow/.local/lib/python3.8/site-packages/airflow/example_dags/example_skip_dag.py
[2024-02-23T17:22:14.278+0000] {processor.py:840} INFO - DAG(s) 'example_skip_dag' retrieved from /home/airflow/.local/lib/python3.8/site-packages/airflow/example_dags/example_skip_dag.py
[2024-02-23T17:22:14.308+0000] {logging_mixin.py:188} INFO - [2024-02-23T17:22:14.308+0000] {dag.py:3033} INFO - Sync 1 DAGs
[2024-02-23T17:22:14.336+0000] {logging_mixin.py:188} INFO - [2024-02-23T17:22:14.336+0000] {dag.py:3820} INFO - Setting next_dagrun for example_skip_dag to 2024-02-22T00:00:00+00:00, run_after=2024-02-23T00:00:00+00:00
[2024-02-23T17:22:14.361+0000] {processor.py:183} INFO - Processing /home/airflow/.local/lib/python3.8/site-packages/airflow/example_dags/example_skip_dag.py took 0.101 seconds
[2024-02-23T17:22:44.731+0000] {processor.py:161} INFO - Started process (PID=5198) to work on /home/airflow/.local/lib/python3.8/site-packages/airflow/example_dags/example_skip_dag.py
[2024-02-23T17:22:44.733+0000] {processor.py:830} INFO - Processing file /home/airflow/.local/lib/python3.8/site-packages/airflow/example_dags/example_skip_dag.py for tasks to queue
[2024-02-23T17:22:44.735+0000] {logging_mixin.py:188} INFO - [2024-02-23T17:22:44.734+0000] {dagbag.py:538} INFO - Filling up the DagBag from /home/airflow/.local/lib/python3.8/site-packages/airflow/example_dags/example_skip_dag.py
[2024-02-23T17:22:44.753+0000] {processor.py:840} INFO - DAG(s) 'example_skip_dag' retrieved from /home/airflow/.local/lib/python3.8/site-packages/airflow/example_dags/example_skip_dag.py
[2024-02-23T17:22:44.801+0000] {logging_mixin.py:188} INFO - [2024-02-23T17:22:44.800+0000] {dag.py:3033} INFO - Sync 1 DAGs
[2024-02-23T17:22:44.831+0000] {logging_mixin.py:188} INFO - [2024-02-23T17:22:44.830+0000] {dag.py:3820} INFO - Setting next_dagrun for example_skip_dag to 2024-02-22T00:00:00+00:00, run_after=2024-02-23T00:00:00+00:00
[2024-02-23T17:22:44.856+0000] {processor.py:183} INFO - Processing /home/airflow/.local/lib/python3.8/site-packages/airflow/example_dags/example_skip_dag.py took 0.134 seconds
[2024-02-23T17:23:15.198+0000] {processor.py:161} INFO - Started process (PID=5255) to work on /home/airflow/.local/lib/python3.8/site-packages/airflow/example_dags/example_skip_dag.py
[2024-02-23T17:23:15.200+0000] {processor.py:830} INFO - Processing file /home/airflow/.local/lib/python3.8/site-packages/airflow/example_dags/example_skip_dag.py for tasks to queue
[2024-02-23T17:23:15.201+0000] {logging_mixin.py:188} INFO - [2024-02-23T17:23:15.201+0000] {dagbag.py:538} INFO - Filling up the DagBag from /home/airflow/.local/lib/python3.8/site-packages/airflow/example_dags/example_skip_dag.py
[2024-02-23T17:23:15.216+0000] {processor.py:840} INFO - DAG(s) 'example_skip_dag' retrieved from /home/airflow/.local/lib/python3.8/site-packages/airflow/example_dags/example_skip_dag.py
[2024-02-23T17:23:15.249+0000] {logging_mixin.py:188} INFO - [2024-02-23T17:23:15.248+0000] {dag.py:3033} INFO - Sync 1 DAGs
[2024-02-23T17:23:15.284+0000] {logging_mixin.py:188} INFO - [2024-02-23T17:23:15.284+0000] {dag.py:3820} INFO - Setting next_dagrun for example_skip_dag to 2024-02-22T00:00:00+00:00, run_after=2024-02-23T00:00:00+00:00
[2024-02-23T17:23:15.313+0000] {processor.py:183} INFO - Processing /home/airflow/.local/lib/python3.8/site-packages/airflow/example_dags/example_skip_dag.py took 0.122 seconds
[2024-02-23T17:23:45.487+0000] {processor.py:161} INFO - Started process (PID=5312) to work on /home/airflow/.local/lib/python3.8/site-packages/airflow/example_dags/example_skip_dag.py
[2024-02-23T17:23:45.489+0000] {processor.py:830} INFO - Processing file /home/airflow/.local/lib/python3.8/site-packages/airflow/example_dags/example_skip_dag.py for tasks to queue
[2024-02-23T17:23:45.490+0000] {logging_mixin.py:188} INFO - [2024-02-23T17:23:45.490+0000] {dagbag.py:538} INFO - Filling up the DagBag from /home/airflow/.local/lib/python3.8/site-packages/airflow/example_dags/example_skip_dag.py
[2024-02-23T17:23:45.499+0000] {processor.py:840} INFO - DAG(s) 'example_skip_dag' retrieved from /home/airflow/.local/lib/python3.8/site-packages/airflow/example_dags/example_skip_dag.py
[2024-02-23T17:23:45.529+0000] {logging_mixin.py:188} INFO - [2024-02-23T17:23:45.529+0000] {dag.py:3033} INFO - Sync 1 DAGs
[2024-02-23T17:23:45.556+0000] {logging_mixin.py:188} INFO - [2024-02-23T17:23:45.556+0000] {dag.py:3820} INFO - Setting next_dagrun for example_skip_dag to 2024-02-22T00:00:00+00:00, run_after=2024-02-23T00:00:00+00:00
[2024-02-23T17:23:45.579+0000] {processor.py:183} INFO - Processing /home/airflow/.local/lib/python3.8/site-packages/airflow/example_dags/example_skip_dag.py took 0.096 seconds
[2024-02-23T17:24:15.775+0000] {processor.py:161} INFO - Started process (PID=5369) to work on /home/airflow/.local/lib/python3.8/site-packages/airflow/example_dags/example_skip_dag.py
[2024-02-23T17:24:15.776+0000] {processor.py:830} INFO - Processing file /home/airflow/.local/lib/python3.8/site-packages/airflow/example_dags/example_skip_dag.py for tasks to queue
[2024-02-23T17:24:15.777+0000] {logging_mixin.py:188} INFO - [2024-02-23T17:24:15.777+0000] {dagbag.py:538} INFO - Filling up the DagBag from /home/airflow/.local/lib/python3.8/site-packages/airflow/example_dags/example_skip_dag.py
[2024-02-23T17:24:15.792+0000] {processor.py:840} INFO - DAG(s) 'example_skip_dag' retrieved from /home/airflow/.local/lib/python3.8/site-packages/airflow/example_dags/example_skip_dag.py
[2024-02-23T17:24:15.830+0000] {logging_mixin.py:188} INFO - [2024-02-23T17:24:15.829+0000] {dag.py:3033} INFO - Sync 1 DAGs
[2024-02-23T17:24:15.857+0000] {logging_mixin.py:188} INFO - [2024-02-23T17:24:15.857+0000] {dag.py:3820} INFO - Setting next_dagrun for example_skip_dag to 2024-02-22T00:00:00+00:00, run_after=2024-02-23T00:00:00+00:00
[2024-02-23T17:24:15.919+0000] {processor.py:183} INFO - Processing /home/airflow/.local/lib/python3.8/site-packages/airflow/example_dags/example_skip_dag.py took 0.155 seconds
[2024-02-23T17:24:46.192+0000] {processor.py:161} INFO - Started process (PID=5426) to work on /home/airflow/.local/lib/python3.8/site-packages/airflow/example_dags/example_skip_dag.py
[2024-02-23T17:24:46.193+0000] {processor.py:830} INFO - Processing file /home/airflow/.local/lib/python3.8/site-packages/airflow/example_dags/example_skip_dag.py for tasks to queue
[2024-02-23T17:24:46.194+0000] {logging_mixin.py:188} INFO - [2024-02-23T17:24:46.194+0000] {dagbag.py:538} INFO - Filling up the DagBag from /home/airflow/.local/lib/python3.8/site-packages/airflow/example_dags/example_skip_dag.py
[2024-02-23T17:24:46.206+0000] {processor.py:840} INFO - DAG(s) 'example_skip_dag' retrieved from /home/airflow/.local/lib/python3.8/site-packages/airflow/example_dags/example_skip_dag.py
[2024-02-23T17:24:46.240+0000] {logging_mixin.py:188} INFO - [2024-02-23T17:24:46.240+0000] {dag.py:3033} INFO - Sync 1 DAGs
[2024-02-23T17:24:46.271+0000] {logging_mixin.py:188} INFO - [2024-02-23T17:24:46.271+0000] {dag.py:3820} INFO - Setting next_dagrun for example_skip_dag to 2024-02-22T00:00:00+00:00, run_after=2024-02-23T00:00:00+00:00
[2024-02-23T17:24:46.299+0000] {processor.py:183} INFO - Processing /home/airflow/.local/lib/python3.8/site-packages/airflow/example_dags/example_skip_dag.py took 0.112 seconds
[2024-02-23T17:25:17.289+0000] {processor.py:161} INFO - Started process (PID=5484) to work on /home/airflow/.local/lib/python3.8/site-packages/airflow/example_dags/example_skip_dag.py
[2024-02-23T17:25:17.290+0000] {processor.py:830} INFO - Processing file /home/airflow/.local/lib/python3.8/site-packages/airflow/example_dags/example_skip_dag.py for tasks to queue
[2024-02-23T17:25:17.292+0000] {logging_mixin.py:188} INFO - [2024-02-23T17:25:17.291+0000] {dagbag.py:538} INFO - Filling up the DagBag from /home/airflow/.local/lib/python3.8/site-packages/airflow/example_dags/example_skip_dag.py
[2024-02-23T17:25:17.304+0000] {processor.py:840} INFO - DAG(s) 'example_skip_dag' retrieved from /home/airflow/.local/lib/python3.8/site-packages/airflow/example_dags/example_skip_dag.py
[2024-02-23T17:25:17.341+0000] {logging_mixin.py:188} INFO - [2024-02-23T17:25:17.340+0000] {dag.py:3033} INFO - Sync 1 DAGs
[2024-02-23T17:25:17.376+0000] {logging_mixin.py:188} INFO - [2024-02-23T17:25:17.376+0000] {dag.py:3820} INFO - Setting next_dagrun for example_skip_dag to 2024-02-22T00:00:00+00:00, run_after=2024-02-23T00:00:00+00:00
[2024-02-23T17:25:17.406+0000] {processor.py:183} INFO - Processing /home/airflow/.local/lib/python3.8/site-packages/airflow/example_dags/example_skip_dag.py took 0.121 seconds
[2024-02-23T17:25:47.634+0000] {processor.py:161} INFO - Started process (PID=5541) to work on /home/airflow/.local/lib/python3.8/site-packages/airflow/example_dags/example_skip_dag.py
[2024-02-23T17:25:47.635+0000] {processor.py:830} INFO - Processing file /home/airflow/.local/lib/python3.8/site-packages/airflow/example_dags/example_skip_dag.py for tasks to queue
[2024-02-23T17:25:47.637+0000] {logging_mixin.py:188} INFO - [2024-02-23T17:25:47.636+0000] {dagbag.py:538} INFO - Filling up the DagBag from /home/airflow/.local/lib/python3.8/site-packages/airflow/example_dags/example_skip_dag.py
[2024-02-23T17:25:47.646+0000] {processor.py:840} INFO - DAG(s) 'example_skip_dag' retrieved from /home/airflow/.local/lib/python3.8/site-packages/airflow/example_dags/example_skip_dag.py
[2024-02-23T17:25:47.674+0000] {logging_mixin.py:188} INFO - [2024-02-23T17:25:47.674+0000] {dag.py:3033} INFO - Sync 1 DAGs
[2024-02-23T17:25:47.703+0000] {logging_mixin.py:188} INFO - [2024-02-23T17:25:47.702+0000] {dag.py:3820} INFO - Setting next_dagrun for example_skip_dag to 2024-02-22T00:00:00+00:00, run_after=2024-02-23T00:00:00+00:00
[2024-02-23T17:25:47.726+0000] {processor.py:183} INFO - Processing /home/airflow/.local/lib/python3.8/site-packages/airflow/example_dags/example_skip_dag.py took 0.096 seconds
[2024-02-23T17:26:18.099+0000] {processor.py:161} INFO - Started process (PID=5598) to work on /home/airflow/.local/lib/python3.8/site-packages/airflow/example_dags/example_skip_dag.py
[2024-02-23T17:26:18.100+0000] {processor.py:830} INFO - Processing file /home/airflow/.local/lib/python3.8/site-packages/airflow/example_dags/example_skip_dag.py for tasks to queue
[2024-02-23T17:26:18.101+0000] {logging_mixin.py:188} INFO - [2024-02-23T17:26:18.101+0000] {dagbag.py:538} INFO - Filling up the DagBag from /home/airflow/.local/lib/python3.8/site-packages/airflow/example_dags/example_skip_dag.py
[2024-02-23T17:26:18.112+0000] {processor.py:840} INFO - DAG(s) 'example_skip_dag' retrieved from /home/airflow/.local/lib/python3.8/site-packages/airflow/example_dags/example_skip_dag.py
[2024-02-23T17:26:18.143+0000] {logging_mixin.py:188} INFO - [2024-02-23T17:26:18.142+0000] {dag.py:3033} INFO - Sync 1 DAGs
[2024-02-23T17:26:18.172+0000] {logging_mixin.py:188} INFO - [2024-02-23T17:26:18.172+0000] {dag.py:3820} INFO - Setting next_dagrun for example_skip_dag to 2024-02-22T00:00:00+00:00, run_after=2024-02-23T00:00:00+00:00
[2024-02-23T17:26:18.196+0000] {processor.py:183} INFO - Processing /home/airflow/.local/lib/python3.8/site-packages/airflow/example_dags/example_skip_dag.py took 0.102 seconds
[2024-02-23T17:26:48.715+0000] {processor.py:161} INFO - Started process (PID=5655) to work on /home/airflow/.local/lib/python3.8/site-packages/airflow/example_dags/example_skip_dag.py
[2024-02-23T17:26:48.717+0000] {processor.py:830} INFO - Processing file /home/airflow/.local/lib/python3.8/site-packages/airflow/example_dags/example_skip_dag.py for tasks to queue
[2024-02-23T17:26:48.719+0000] {logging_mixin.py:188} INFO - [2024-02-23T17:26:48.718+0000] {dagbag.py:538} INFO - Filling up the DagBag from /home/airflow/.local/lib/python3.8/site-packages/airflow/example_dags/example_skip_dag.py
[2024-02-23T17:26:48.731+0000] {processor.py:840} INFO - DAG(s) 'example_skip_dag' retrieved from /home/airflow/.local/lib/python3.8/site-packages/airflow/example_dags/example_skip_dag.py
[2024-02-23T17:26:48.764+0000] {logging_mixin.py:188} INFO - [2024-02-23T17:26:48.764+0000] {dag.py:3033} INFO - Sync 1 DAGs
[2024-02-23T17:26:48.801+0000] {logging_mixin.py:188} INFO - [2024-02-23T17:26:48.800+0000] {dag.py:3820} INFO - Setting next_dagrun for example_skip_dag to 2024-02-22T00:00:00+00:00, run_after=2024-02-23T00:00:00+00:00
[2024-02-23T17:26:48.831+0000] {processor.py:183} INFO - Processing /home/airflow/.local/lib/python3.8/site-packages/airflow/example_dags/example_skip_dag.py took 0.121 seconds
[2024-02-23T17:27:19.289+0000] {processor.py:161} INFO - Started process (PID=5712) to work on /home/airflow/.local/lib/python3.8/site-packages/airflow/example_dags/example_skip_dag.py
[2024-02-23T17:27:19.290+0000] {processor.py:830} INFO - Processing file /home/airflow/.local/lib/python3.8/site-packages/airflow/example_dags/example_skip_dag.py for tasks to queue
[2024-02-23T17:27:19.291+0000] {logging_mixin.py:188} INFO - [2024-02-23T17:27:19.291+0000] {dagbag.py:538} INFO - Filling up the DagBag from /home/airflow/.local/lib/python3.8/site-packages/airflow/example_dags/example_skip_dag.py
[2024-02-23T17:27:19.301+0000] {processor.py:840} INFO - DAG(s) 'example_skip_dag' retrieved from /home/airflow/.local/lib/python3.8/site-packages/airflow/example_dags/example_skip_dag.py
[2024-02-23T17:27:19.332+0000] {logging_mixin.py:188} INFO - [2024-02-23T17:27:19.332+0000] {dag.py:3033} INFO - Sync 1 DAGs
[2024-02-23T17:27:19.362+0000] {logging_mixin.py:188} INFO - [2024-02-23T17:27:19.362+0000] {dag.py:3820} INFO - Setting next_dagrun for example_skip_dag to 2024-02-22T00:00:00+00:00, run_after=2024-02-23T00:00:00+00:00
[2024-02-23T17:27:19.388+0000] {processor.py:183} INFO - Processing /home/airflow/.local/lib/python3.8/site-packages/airflow/example_dags/example_skip_dag.py took 0.105 seconds
[2024-02-23T17:27:50.267+0000] {processor.py:161} INFO - Started process (PID=5769) to work on /home/airflow/.local/lib/python3.8/site-packages/airflow/example_dags/example_skip_dag.py
[2024-02-23T17:27:50.269+0000] {processor.py:830} INFO - Processing file /home/airflow/.local/lib/python3.8/site-packages/airflow/example_dags/example_skip_dag.py for tasks to queue
[2024-02-23T17:27:50.270+0000] {logging_mixin.py:188} INFO - [2024-02-23T17:27:50.270+0000] {dagbag.py:538} INFO - Filling up the DagBag from /home/airflow/.local/lib/python3.8/site-packages/airflow/example_dags/example_skip_dag.py
[2024-02-23T17:27:50.279+0000] {processor.py:840} INFO - DAG(s) 'example_skip_dag' retrieved from /home/airflow/.local/lib/python3.8/site-packages/airflow/example_dags/example_skip_dag.py
[2024-02-23T17:27:50.308+0000] {logging_mixin.py:188} INFO - [2024-02-23T17:27:50.307+0000] {dag.py:3033} INFO - Sync 1 DAGs
[2024-02-23T17:27:50.334+0000] {logging_mixin.py:188} INFO - [2024-02-23T17:27:50.334+0000] {dag.py:3820} INFO - Setting next_dagrun for example_skip_dag to 2024-02-22T00:00:00+00:00, run_after=2024-02-23T00:00:00+00:00
[2024-02-23T17:27:50.359+0000] {processor.py:183} INFO - Processing /home/airflow/.local/lib/python3.8/site-packages/airflow/example_dags/example_skip_dag.py took 0.096 seconds
[2024-02-23T17:28:20.849+0000] {processor.py:161} INFO - Started process (PID=5826) to work on /home/airflow/.local/lib/python3.8/site-packages/airflow/example_dags/example_skip_dag.py
[2024-02-23T17:28:20.850+0000] {processor.py:830} INFO - Processing file /home/airflow/.local/lib/python3.8/site-packages/airflow/example_dags/example_skip_dag.py for tasks to queue
[2024-02-23T17:28:20.852+0000] {logging_mixin.py:188} INFO - [2024-02-23T17:28:20.851+0000] {dagbag.py:538} INFO - Filling up the DagBag from /home/airflow/.local/lib/python3.8/site-packages/airflow/example_dags/example_skip_dag.py
[2024-02-23T17:28:20.864+0000] {processor.py:840} INFO - DAG(s) 'example_skip_dag' retrieved from /home/airflow/.local/lib/python3.8/site-packages/airflow/example_dags/example_skip_dag.py
[2024-02-23T17:28:20.893+0000] {logging_mixin.py:188} INFO - [2024-02-23T17:28:20.893+0000] {dag.py:3033} INFO - Sync 1 DAGs
[2024-02-23T17:28:20.921+0000] {logging_mixin.py:188} INFO - [2024-02-23T17:28:20.921+0000] {dag.py:3820} INFO - Setting next_dagrun for example_skip_dag to 2024-02-22T00:00:00+00:00, run_after=2024-02-23T00:00:00+00:00
[2024-02-23T17:28:20.947+0000] {processor.py:183} INFO - Processing /home/airflow/.local/lib/python3.8/site-packages/airflow/example_dags/example_skip_dag.py took 0.102 seconds
[2024-02-23T17:28:51.704+0000] {processor.py:161} INFO - Started process (PID=5884) to work on /home/airflow/.local/lib/python3.8/site-packages/airflow/example_dags/example_skip_dag.py
[2024-02-23T17:28:51.705+0000] {processor.py:830} INFO - Processing file /home/airflow/.local/lib/python3.8/site-packages/airflow/example_dags/example_skip_dag.py for tasks to queue
[2024-02-23T17:28:51.707+0000] {logging_mixin.py:188} INFO - [2024-02-23T17:28:51.707+0000] {dagbag.py:538} INFO - Filling up the DagBag from /home/airflow/.local/lib/python3.8/site-packages/airflow/example_dags/example_skip_dag.py
[2024-02-23T17:28:51.719+0000] {processor.py:840} INFO - DAG(s) 'example_skip_dag' retrieved from /home/airflow/.local/lib/python3.8/site-packages/airflow/example_dags/example_skip_dag.py
[2024-02-23T17:28:51.747+0000] {logging_mixin.py:188} INFO - [2024-02-23T17:28:51.746+0000] {dag.py:3033} INFO - Sync 1 DAGs
[2024-02-23T17:28:51.775+0000] {logging_mixin.py:188} INFO - [2024-02-23T17:28:51.774+0000] {dag.py:3820} INFO - Setting next_dagrun for example_skip_dag to 2024-02-22T00:00:00+00:00, run_after=2024-02-23T00:00:00+00:00
[2024-02-23T17:28:51.801+0000] {processor.py:183} INFO - Processing /home/airflow/.local/lib/python3.8/site-packages/airflow/example_dags/example_skip_dag.py took 0.102 seconds
[2024-02-23T17:29:22.220+0000] {processor.py:161} INFO - Started process (PID=5940) to work on /home/airflow/.local/lib/python3.8/site-packages/airflow/example_dags/example_skip_dag.py
[2024-02-23T17:29:22.223+0000] {processor.py:830} INFO - Processing file /home/airflow/.local/lib/python3.8/site-packages/airflow/example_dags/example_skip_dag.py for tasks to queue
[2024-02-23T17:29:22.224+0000] {logging_mixin.py:188} INFO - [2024-02-23T17:29:22.224+0000] {dagbag.py:538} INFO - Filling up the DagBag from /home/airflow/.local/lib/python3.8/site-packages/airflow/example_dags/example_skip_dag.py
[2024-02-23T17:29:22.237+0000] {processor.py:840} INFO - DAG(s) 'example_skip_dag' retrieved from /home/airflow/.local/lib/python3.8/site-packages/airflow/example_dags/example_skip_dag.py
[2024-02-23T17:29:22.276+0000] {logging_mixin.py:188} INFO - [2024-02-23T17:29:22.275+0000] {dag.py:3033} INFO - Sync 1 DAGs
[2024-02-23T17:29:22.310+0000] {logging_mixin.py:188} INFO - [2024-02-23T17:29:22.310+0000] {dag.py:3820} INFO - Setting next_dagrun for example_skip_dag to 2024-02-22T00:00:00+00:00, run_after=2024-02-23T00:00:00+00:00
[2024-02-23T17:29:22.377+0000] {processor.py:183} INFO - Processing /home/airflow/.local/lib/python3.8/site-packages/airflow/example_dags/example_skip_dag.py took 0.162 seconds
[2024-02-23T17:29:52.646+0000] {processor.py:161} INFO - Started process (PID=5997) to work on /home/airflow/.local/lib/python3.8/site-packages/airflow/example_dags/example_skip_dag.py
[2024-02-23T17:29:52.648+0000] {processor.py:830} INFO - Processing file /home/airflow/.local/lib/python3.8/site-packages/airflow/example_dags/example_skip_dag.py for tasks to queue
[2024-02-23T17:29:52.651+0000] {logging_mixin.py:188} INFO - [2024-02-23T17:29:52.650+0000] {dagbag.py:538} INFO - Filling up the DagBag from /home/airflow/.local/lib/python3.8/site-packages/airflow/example_dags/example_skip_dag.py
[2024-02-23T17:29:52.660+0000] {processor.py:840} INFO - DAG(s) 'example_skip_dag' retrieved from /home/airflow/.local/lib/python3.8/site-packages/airflow/example_dags/example_skip_dag.py
[2024-02-23T17:29:52.690+0000] {logging_mixin.py:188} INFO - [2024-02-23T17:29:52.690+0000] {dag.py:3033} INFO - Sync 1 DAGs
[2024-02-23T17:29:52.718+0000] {logging_mixin.py:188} INFO - [2024-02-23T17:29:52.718+0000] {dag.py:3820} INFO - Setting next_dagrun for example_skip_dag to 2024-02-22T00:00:00+00:00, run_after=2024-02-23T00:00:00+00:00
[2024-02-23T17:29:52.743+0000] {processor.py:183} INFO - Processing /home/airflow/.local/lib/python3.8/site-packages/airflow/example_dags/example_skip_dag.py took 0.101 seconds
[2024-02-23T17:30:23.043+0000] {processor.py:161} INFO - Started process (PID=6054) to work on /home/airflow/.local/lib/python3.8/site-packages/airflow/example_dags/example_skip_dag.py
[2024-02-23T17:30:23.045+0000] {processor.py:830} INFO - Processing file /home/airflow/.local/lib/python3.8/site-packages/airflow/example_dags/example_skip_dag.py for tasks to queue
[2024-02-23T17:30:23.046+0000] {logging_mixin.py:188} INFO - [2024-02-23T17:30:23.045+0000] {dagbag.py:538} INFO - Filling up the DagBag from /home/airflow/.local/lib/python3.8/site-packages/airflow/example_dags/example_skip_dag.py
[2024-02-23T17:30:23.058+0000] {processor.py:840} INFO - DAG(s) 'example_skip_dag' retrieved from /home/airflow/.local/lib/python3.8/site-packages/airflow/example_dags/example_skip_dag.py
[2024-02-23T17:30:23.093+0000] {logging_mixin.py:188} INFO - [2024-02-23T17:30:23.093+0000] {dag.py:3033} INFO - Sync 1 DAGs
[2024-02-23T17:30:23.134+0000] {logging_mixin.py:188} INFO - [2024-02-23T17:30:23.134+0000] {dag.py:3820} INFO - Setting next_dagrun for example_skip_dag to 2024-02-22T00:00:00+00:00, run_after=2024-02-23T00:00:00+00:00
[2024-02-23T17:30:23.161+0000] {processor.py:183} INFO - Processing /home/airflow/.local/lib/python3.8/site-packages/airflow/example_dags/example_skip_dag.py took 0.122 seconds
[2024-02-23T17:30:53.361+0000] {processor.py:161} INFO - Started process (PID=6111) to work on /home/airflow/.local/lib/python3.8/site-packages/airflow/example_dags/example_skip_dag.py
[2024-02-23T17:30:53.363+0000] {processor.py:830} INFO - Processing file /home/airflow/.local/lib/python3.8/site-packages/airflow/example_dags/example_skip_dag.py for tasks to queue
[2024-02-23T17:30:53.365+0000] {logging_mixin.py:188} INFO - [2024-02-23T17:30:53.365+0000] {dagbag.py:538} INFO - Filling up the DagBag from /home/airflow/.local/lib/python3.8/site-packages/airflow/example_dags/example_skip_dag.py
[2024-02-23T17:30:53.378+0000] {processor.py:840} INFO - DAG(s) 'example_skip_dag' retrieved from /home/airflow/.local/lib/python3.8/site-packages/airflow/example_dags/example_skip_dag.py
[2024-02-23T17:30:53.409+0000] {logging_mixin.py:188} INFO - [2024-02-23T17:30:53.409+0000] {dag.py:3033} INFO - Sync 1 DAGs
[2024-02-23T17:30:53.441+0000] {logging_mixin.py:188} INFO - [2024-02-23T17:30:53.441+0000] {dag.py:3820} INFO - Setting next_dagrun for example_skip_dag to 2024-02-22T00:00:00+00:00, run_after=2024-02-23T00:00:00+00:00
[2024-02-23T17:30:53.470+0000] {processor.py:183} INFO - Processing /home/airflow/.local/lib/python3.8/site-packages/airflow/example_dags/example_skip_dag.py took 0.113 seconds
[2024-02-23T17:31:23.934+0000] {processor.py:161} INFO - Started process (PID=6168) to work on /home/airflow/.local/lib/python3.8/site-packages/airflow/example_dags/example_skip_dag.py
[2024-02-23T17:31:23.936+0000] {processor.py:830} INFO - Processing file /home/airflow/.local/lib/python3.8/site-packages/airflow/example_dags/example_skip_dag.py for tasks to queue
[2024-02-23T17:31:23.937+0000] {logging_mixin.py:188} INFO - [2024-02-23T17:31:23.937+0000] {dagbag.py:538} INFO - Filling up the DagBag from /home/airflow/.local/lib/python3.8/site-packages/airflow/example_dags/example_skip_dag.py
[2024-02-23T17:31:23.949+0000] {processor.py:840} INFO - DAG(s) 'example_skip_dag' retrieved from /home/airflow/.local/lib/python3.8/site-packages/airflow/example_dags/example_skip_dag.py
[2024-02-23T17:31:23.981+0000] {logging_mixin.py:188} INFO - [2024-02-23T17:31:23.980+0000] {dag.py:3033} INFO - Sync 1 DAGs
[2024-02-23T17:31:24.009+0000] {logging_mixin.py:188} INFO - [2024-02-23T17:31:24.009+0000] {dag.py:3820} INFO - Setting next_dagrun for example_skip_dag to 2024-02-22T00:00:00+00:00, run_after=2024-02-23T00:00:00+00:00
[2024-02-23T17:31:24.066+0000] {processor.py:183} INFO - Processing /home/airflow/.local/lib/python3.8/site-packages/airflow/example_dags/example_skip_dag.py took 0.137 seconds
[2024-02-23T17:31:54.775+0000] {processor.py:161} INFO - Started process (PID=6225) to work on /home/airflow/.local/lib/python3.8/site-packages/airflow/example_dags/example_skip_dag.py
[2024-02-23T17:31:54.776+0000] {processor.py:830} INFO - Processing file /home/airflow/.local/lib/python3.8/site-packages/airflow/example_dags/example_skip_dag.py for tasks to queue
[2024-02-23T17:31:54.777+0000] {logging_mixin.py:188} INFO - [2024-02-23T17:31:54.777+0000] {dagbag.py:538} INFO - Filling up the DagBag from /home/airflow/.local/lib/python3.8/site-packages/airflow/example_dags/example_skip_dag.py
[2024-02-23T17:31:54.787+0000] {processor.py:840} INFO - DAG(s) 'example_skip_dag' retrieved from /home/airflow/.local/lib/python3.8/site-packages/airflow/example_dags/example_skip_dag.py
[2024-02-23T17:31:54.813+0000] {logging_mixin.py:188} INFO - [2024-02-23T17:31:54.812+0000] {dag.py:3033} INFO - Sync 1 DAGs
[2024-02-23T17:31:54.840+0000] {logging_mixin.py:188} INFO - [2024-02-23T17:31:54.840+0000] {dag.py:3820} INFO - Setting next_dagrun for example_skip_dag to 2024-02-22T00:00:00+00:00, run_after=2024-02-23T00:00:00+00:00
[2024-02-23T17:31:54.862+0000] {processor.py:183} INFO - Processing /home/airflow/.local/lib/python3.8/site-packages/airflow/example_dags/example_skip_dag.py took 0.093 seconds
[2024-02-23T17:32:25.705+0000] {processor.py:161} INFO - Started process (PID=6282) to work on /home/airflow/.local/lib/python3.8/site-packages/airflow/example_dags/example_skip_dag.py
[2024-02-23T17:32:25.706+0000] {processor.py:830} INFO - Processing file /home/airflow/.local/lib/python3.8/site-packages/airflow/example_dags/example_skip_dag.py for tasks to queue
[2024-02-23T17:32:25.707+0000] {logging_mixin.py:188} INFO - [2024-02-23T17:32:25.707+0000] {dagbag.py:538} INFO - Filling up the DagBag from /home/airflow/.local/lib/python3.8/site-packages/airflow/example_dags/example_skip_dag.py
[2024-02-23T17:32:25.719+0000] {processor.py:840} INFO - DAG(s) 'example_skip_dag' retrieved from /home/airflow/.local/lib/python3.8/site-packages/airflow/example_dags/example_skip_dag.py
[2024-02-23T17:32:25.747+0000] {logging_mixin.py:188} INFO - [2024-02-23T17:32:25.746+0000] {dag.py:3033} INFO - Sync 1 DAGs
[2024-02-23T17:32:25.779+0000] {logging_mixin.py:188} INFO - [2024-02-23T17:32:25.779+0000] {dag.py:3820} INFO - Setting next_dagrun for example_skip_dag to 2024-02-22T00:00:00+00:00, run_after=2024-02-23T00:00:00+00:00
[2024-02-23T17:32:25.838+0000] {processor.py:183} INFO - Processing /home/airflow/.local/lib/python3.8/site-packages/airflow/example_dags/example_skip_dag.py took 0.137 seconds
[2024-02-23T17:32:55.985+0000] {processor.py:161} INFO - Started process (PID=6339) to work on /home/airflow/.local/lib/python3.8/site-packages/airflow/example_dags/example_skip_dag.py
[2024-02-23T17:32:55.987+0000] {processor.py:830} INFO - Processing file /home/airflow/.local/lib/python3.8/site-packages/airflow/example_dags/example_skip_dag.py for tasks to queue
[2024-02-23T17:32:55.988+0000] {logging_mixin.py:188} INFO - [2024-02-23T17:32:55.988+0000] {dagbag.py:538} INFO - Filling up the DagBag from /home/airflow/.local/lib/python3.8/site-packages/airflow/example_dags/example_skip_dag.py
[2024-02-23T17:32:55.998+0000] {processor.py:840} INFO - DAG(s) 'example_skip_dag' retrieved from /home/airflow/.local/lib/python3.8/site-packages/airflow/example_dags/example_skip_dag.py
[2024-02-23T17:32:56.027+0000] {logging_mixin.py:188} INFO - [2024-02-23T17:32:56.026+0000] {dag.py:3033} INFO - Sync 1 DAGs
[2024-02-23T17:32:56.056+0000] {logging_mixin.py:188} INFO - [2024-02-23T17:32:56.056+0000] {dag.py:3820} INFO - Setting next_dagrun for example_skip_dag to 2024-02-22T00:00:00+00:00, run_after=2024-02-23T00:00:00+00:00
[2024-02-23T17:32:56.116+0000] {processor.py:183} INFO - Processing /home/airflow/.local/lib/python3.8/site-packages/airflow/example_dags/example_skip_dag.py took 0.136 seconds
[2024-02-23T17:33:26.354+0000] {processor.py:161} INFO - Started process (PID=6395) to work on /home/airflow/.local/lib/python3.8/site-packages/airflow/example_dags/example_skip_dag.py
[2024-02-23T17:33:26.355+0000] {processor.py:830} INFO - Processing file /home/airflow/.local/lib/python3.8/site-packages/airflow/example_dags/example_skip_dag.py for tasks to queue
[2024-02-23T17:33:26.357+0000] {logging_mixin.py:188} INFO - [2024-02-23T17:33:26.356+0000] {dagbag.py:538} INFO - Filling up the DagBag from /home/airflow/.local/lib/python3.8/site-packages/airflow/example_dags/example_skip_dag.py
[2024-02-23T17:33:26.371+0000] {processor.py:840} INFO - DAG(s) 'example_skip_dag' retrieved from /home/airflow/.local/lib/python3.8/site-packages/airflow/example_dags/example_skip_dag.py
[2024-02-23T17:33:26.399+0000] {logging_mixin.py:188} INFO - [2024-02-23T17:33:26.399+0000] {dag.py:3033} INFO - Sync 1 DAGs
[2024-02-23T17:33:26.433+0000] {logging_mixin.py:188} INFO - [2024-02-23T17:33:26.433+0000] {dag.py:3820} INFO - Setting next_dagrun for example_skip_dag to 2024-02-22T00:00:00+00:00, run_after=2024-02-23T00:00:00+00:00
[2024-02-23T17:33:26.480+0000] {processor.py:183} INFO - Processing /home/airflow/.local/lib/python3.8/site-packages/airflow/example_dags/example_skip_dag.py took 0.132 seconds
[2024-02-23T17:33:57.180+0000] {processor.py:161} INFO - Started process (PID=6453) to work on /home/airflow/.local/lib/python3.8/site-packages/airflow/example_dags/example_skip_dag.py
[2024-02-23T17:33:57.181+0000] {processor.py:830} INFO - Processing file /home/airflow/.local/lib/python3.8/site-packages/airflow/example_dags/example_skip_dag.py for tasks to queue
[2024-02-23T17:33:57.182+0000] {logging_mixin.py:188} INFO - [2024-02-23T17:33:57.182+0000] {dagbag.py:538} INFO - Filling up the DagBag from /home/airflow/.local/lib/python3.8/site-packages/airflow/example_dags/example_skip_dag.py
[2024-02-23T17:33:57.191+0000] {processor.py:840} INFO - DAG(s) 'example_skip_dag' retrieved from /home/airflow/.local/lib/python3.8/site-packages/airflow/example_dags/example_skip_dag.py
[2024-02-23T17:33:57.215+0000] {logging_mixin.py:188} INFO - [2024-02-23T17:33:57.215+0000] {dag.py:3033} INFO - Sync 1 DAGs
[2024-02-23T17:33:57.240+0000] {logging_mixin.py:188} INFO - [2024-02-23T17:33:57.239+0000] {dag.py:3820} INFO - Setting next_dagrun for example_skip_dag to 2024-02-22T00:00:00+00:00, run_after=2024-02-23T00:00:00+00:00
[2024-02-23T17:33:57.263+0000] {processor.py:183} INFO - Processing /home/airflow/.local/lib/python3.8/site-packages/airflow/example_dags/example_skip_dag.py took 0.088 seconds
[2024-02-23T17:34:28.067+0000] {processor.py:161} INFO - Started process (PID=6511) to work on /home/airflow/.local/lib/python3.8/site-packages/airflow/example_dags/example_skip_dag.py
[2024-02-23T17:34:28.069+0000] {processor.py:830} INFO - Processing file /home/airflow/.local/lib/python3.8/site-packages/airflow/example_dags/example_skip_dag.py for tasks to queue
[2024-02-23T17:34:28.070+0000] {logging_mixin.py:188} INFO - [2024-02-23T17:34:28.070+0000] {dagbag.py:538} INFO - Filling up the DagBag from /home/airflow/.local/lib/python3.8/site-packages/airflow/example_dags/example_skip_dag.py
[2024-02-23T17:34:28.079+0000] {processor.py:840} INFO - DAG(s) 'example_skip_dag' retrieved from /home/airflow/.local/lib/python3.8/site-packages/airflow/example_dags/example_skip_dag.py
[2024-02-23T17:34:28.106+0000] {logging_mixin.py:188} INFO - [2024-02-23T17:34:28.106+0000] {dag.py:3033} INFO - Sync 1 DAGs
[2024-02-23T17:34:28.134+0000] {logging_mixin.py:188} INFO - [2024-02-23T17:34:28.134+0000] {dag.py:3820} INFO - Setting next_dagrun for example_skip_dag to 2024-02-22T00:00:00+00:00, run_after=2024-02-23T00:00:00+00:00
[2024-02-23T17:34:28.158+0000] {processor.py:183} INFO - Processing /home/airflow/.local/lib/python3.8/site-packages/airflow/example_dags/example_skip_dag.py took 0.095 seconds
[2024-02-23T17:34:58.239+0000] {processor.py:161} INFO - Started process (PID=6567) to work on /home/airflow/.local/lib/python3.8/site-packages/airflow/example_dags/example_skip_dag.py
[2024-02-23T17:34:58.241+0000] {processor.py:830} INFO - Processing file /home/airflow/.local/lib/python3.8/site-packages/airflow/example_dags/example_skip_dag.py for tasks to queue
[2024-02-23T17:34:58.242+0000] {logging_mixin.py:188} INFO - [2024-02-23T17:34:58.241+0000] {dagbag.py:538} INFO - Filling up the DagBag from /home/airflow/.local/lib/python3.8/site-packages/airflow/example_dags/example_skip_dag.py
[2024-02-23T17:34:58.250+0000] {processor.py:840} INFO - DAG(s) 'example_skip_dag' retrieved from /home/airflow/.local/lib/python3.8/site-packages/airflow/example_dags/example_skip_dag.py
[2024-02-23T17:34:58.276+0000] {logging_mixin.py:188} INFO - [2024-02-23T17:34:58.276+0000] {dag.py:3033} INFO - Sync 1 DAGs
[2024-02-23T17:34:58.307+0000] {logging_mixin.py:188} INFO - [2024-02-23T17:34:58.307+0000] {dag.py:3820} INFO - Setting next_dagrun for example_skip_dag to 2024-02-22T00:00:00+00:00, run_after=2024-02-23T00:00:00+00:00
[2024-02-23T17:34:58.367+0000] {processor.py:183} INFO - Processing /home/airflow/.local/lib/python3.8/site-packages/airflow/example_dags/example_skip_dag.py took 0.133 seconds
[2024-02-23T17:35:28.541+0000] {processor.py:161} INFO - Started process (PID=6624) to work on /home/airflow/.local/lib/python3.8/site-packages/airflow/example_dags/example_skip_dag.py
[2024-02-23T17:35:28.542+0000] {processor.py:830} INFO - Processing file /home/airflow/.local/lib/python3.8/site-packages/airflow/example_dags/example_skip_dag.py for tasks to queue
[2024-02-23T17:35:28.543+0000] {logging_mixin.py:188} INFO - [2024-02-23T17:35:28.543+0000] {dagbag.py:538} INFO - Filling up the DagBag from /home/airflow/.local/lib/python3.8/site-packages/airflow/example_dags/example_skip_dag.py
[2024-02-23T17:35:28.554+0000] {processor.py:840} INFO - DAG(s) 'example_skip_dag' retrieved from /home/airflow/.local/lib/python3.8/site-packages/airflow/example_dags/example_skip_dag.py
[2024-02-23T17:35:28.582+0000] {logging_mixin.py:188} INFO - [2024-02-23T17:35:28.582+0000] {dag.py:3033} INFO - Sync 1 DAGs
[2024-02-23T17:35:28.613+0000] {logging_mixin.py:188} INFO - [2024-02-23T17:35:28.613+0000] {dag.py:3820} INFO - Setting next_dagrun for example_skip_dag to 2024-02-22T00:00:00+00:00, run_after=2024-02-23T00:00:00+00:00
[2024-02-23T17:35:28.640+0000] {processor.py:183} INFO - Processing /home/airflow/.local/lib/python3.8/site-packages/airflow/example_dags/example_skip_dag.py took 0.104 seconds
[2024-02-23T17:35:59.801+0000] {processor.py:161} INFO - Started process (PID=6682) to work on /home/airflow/.local/lib/python3.8/site-packages/airflow/example_dags/example_skip_dag.py
[2024-02-23T17:35:59.803+0000] {processor.py:830} INFO - Processing file /home/airflow/.local/lib/python3.8/site-packages/airflow/example_dags/example_skip_dag.py for tasks to queue
[2024-02-23T17:35:59.804+0000] {logging_mixin.py:188} INFO - [2024-02-23T17:35:59.803+0000] {dagbag.py:538} INFO - Filling up the DagBag from /home/airflow/.local/lib/python3.8/site-packages/airflow/example_dags/example_skip_dag.py
[2024-02-23T17:35:59.814+0000] {processor.py:840} INFO - DAG(s) 'example_skip_dag' retrieved from /home/airflow/.local/lib/python3.8/site-packages/airflow/example_dags/example_skip_dag.py
[2024-02-23T17:35:59.842+0000] {logging_mixin.py:188} INFO - [2024-02-23T17:35:59.841+0000] {dag.py:3033} INFO - Sync 1 DAGs
[2024-02-23T17:35:59.879+0000] {logging_mixin.py:188} INFO - [2024-02-23T17:35:59.879+0000] {dag.py:3820} INFO - Setting next_dagrun for example_skip_dag to 2024-02-22T00:00:00+00:00, run_after=2024-02-23T00:00:00+00:00
[2024-02-23T17:36:00.042+0000] {processor.py:183} INFO - Processing /home/airflow/.local/lib/python3.8/site-packages/airflow/example_dags/example_skip_dag.py took 0.245 seconds
[2024-02-23T17:36:30.109+0000] {processor.py:161} INFO - Started process (PID=6739) to work on /home/airflow/.local/lib/python3.8/site-packages/airflow/example_dags/example_skip_dag.py
[2024-02-23T17:36:30.110+0000] {processor.py:830} INFO - Processing file /home/airflow/.local/lib/python3.8/site-packages/airflow/example_dags/example_skip_dag.py for tasks to queue
[2024-02-23T17:36:30.111+0000] {logging_mixin.py:188} INFO - [2024-02-23T17:36:30.111+0000] {dagbag.py:538} INFO - Filling up the DagBag from /home/airflow/.local/lib/python3.8/site-packages/airflow/example_dags/example_skip_dag.py
[2024-02-23T17:36:30.121+0000] {processor.py:840} INFO - DAG(s) 'example_skip_dag' retrieved from /home/airflow/.local/lib/python3.8/site-packages/airflow/example_dags/example_skip_dag.py
[2024-02-23T17:36:30.148+0000] {logging_mixin.py:188} INFO - [2024-02-23T17:36:30.148+0000] {dag.py:3033} INFO - Sync 1 DAGs
[2024-02-23T17:36:30.175+0000] {logging_mixin.py:188} INFO - [2024-02-23T17:36:30.175+0000] {dag.py:3820} INFO - Setting next_dagrun for example_skip_dag to 2024-02-22T00:00:00+00:00, run_after=2024-02-23T00:00:00+00:00
[2024-02-23T17:36:30.197+0000] {processor.py:183} INFO - Processing /home/airflow/.local/lib/python3.8/site-packages/airflow/example_dags/example_skip_dag.py took 0.092 seconds
[2024-02-23T17:37:00.873+0000] {processor.py:161} INFO - Started process (PID=6796) to work on /home/airflow/.local/lib/python3.8/site-packages/airflow/example_dags/example_skip_dag.py
[2024-02-23T17:37:00.874+0000] {processor.py:830} INFO - Processing file /home/airflow/.local/lib/python3.8/site-packages/airflow/example_dags/example_skip_dag.py for tasks to queue
[2024-02-23T17:37:00.875+0000] {logging_mixin.py:188} INFO - [2024-02-23T17:37:00.874+0000] {dagbag.py:538} INFO - Filling up the DagBag from /home/airflow/.local/lib/python3.8/site-packages/airflow/example_dags/example_skip_dag.py
[2024-02-23T17:37:00.885+0000] {processor.py:840} INFO - DAG(s) 'example_skip_dag' retrieved from /home/airflow/.local/lib/python3.8/site-packages/airflow/example_dags/example_skip_dag.py
[2024-02-23T17:37:00.911+0000] {logging_mixin.py:188} INFO - [2024-02-23T17:37:00.911+0000] {dag.py:3033} INFO - Sync 1 DAGs
[2024-02-23T17:37:00.942+0000] {logging_mixin.py:188} INFO - [2024-02-23T17:37:00.942+0000] {dag.py:3820} INFO - Setting next_dagrun for example_skip_dag to 2024-02-22T00:00:00+00:00, run_after=2024-02-23T00:00:00+00:00
[2024-02-23T17:37:00.973+0000] {processor.py:183} INFO - Processing /home/airflow/.local/lib/python3.8/site-packages/airflow/example_dags/example_skip_dag.py took 0.105 seconds
[2024-02-23T17:37:31.928+0000] {processor.py:161} INFO - Started process (PID=6853) to work on /home/airflow/.local/lib/python3.8/site-packages/airflow/example_dags/example_skip_dag.py
[2024-02-23T17:37:31.929+0000] {processor.py:830} INFO - Processing file /home/airflow/.local/lib/python3.8/site-packages/airflow/example_dags/example_skip_dag.py for tasks to queue
[2024-02-23T17:37:31.931+0000] {logging_mixin.py:188} INFO - [2024-02-23T17:37:31.930+0000] {dagbag.py:538} INFO - Filling up the DagBag from /home/airflow/.local/lib/python3.8/site-packages/airflow/example_dags/example_skip_dag.py
[2024-02-23T17:37:31.942+0000] {processor.py:840} INFO - DAG(s) 'example_skip_dag' retrieved from /home/airflow/.local/lib/python3.8/site-packages/airflow/example_dags/example_skip_dag.py
[2024-02-23T17:37:31.970+0000] {logging_mixin.py:188} INFO - [2024-02-23T17:37:31.969+0000] {dag.py:3033} INFO - Sync 1 DAGs
[2024-02-23T17:37:31.995+0000] {logging_mixin.py:188} INFO - [2024-02-23T17:37:31.995+0000] {dag.py:3820} INFO - Setting next_dagrun for example_skip_dag to 2024-02-22T00:00:00+00:00, run_after=2024-02-23T00:00:00+00:00
[2024-02-23T17:37:32.067+0000] {processor.py:183} INFO - Processing /home/airflow/.local/lib/python3.8/site-packages/airflow/example_dags/example_skip_dag.py took 0.144 seconds
[2024-02-23T17:38:02.133+0000] {processor.py:161} INFO - Started process (PID=6910) to work on /home/airflow/.local/lib/python3.8/site-packages/airflow/example_dags/example_skip_dag.py
[2024-02-23T17:38:02.134+0000] {processor.py:830} INFO - Processing file /home/airflow/.local/lib/python3.8/site-packages/airflow/example_dags/example_skip_dag.py for tasks to queue
[2024-02-23T17:38:02.136+0000] {logging_mixin.py:188} INFO - [2024-02-23T17:38:02.135+0000] {dagbag.py:538} INFO - Filling up the DagBag from /home/airflow/.local/lib/python3.8/site-packages/airflow/example_dags/example_skip_dag.py
[2024-02-23T17:38:02.145+0000] {processor.py:840} INFO - DAG(s) 'example_skip_dag' retrieved from /home/airflow/.local/lib/python3.8/site-packages/airflow/example_dags/example_skip_dag.py
[2024-02-23T17:38:02.173+0000] {logging_mixin.py:188} INFO - [2024-02-23T17:38:02.173+0000] {dag.py:3033} INFO - Sync 1 DAGs
[2024-02-23T17:38:02.200+0000] {logging_mixin.py:188} INFO - [2024-02-23T17:38:02.200+0000] {dag.py:3820} INFO - Setting next_dagrun for example_skip_dag to 2024-02-22T00:00:00+00:00, run_after=2024-02-23T00:00:00+00:00
[2024-02-23T17:38:02.223+0000] {processor.py:183} INFO - Processing /home/airflow/.local/lib/python3.8/site-packages/airflow/example_dags/example_skip_dag.py took 0.094 seconds
[2024-02-23T17:38:32.480+0000] {processor.py:161} INFO - Started process (PID=6967) to work on /home/airflow/.local/lib/python3.8/site-packages/airflow/example_dags/example_skip_dag.py
[2024-02-23T17:38:32.482+0000] {processor.py:830} INFO - Processing file /home/airflow/.local/lib/python3.8/site-packages/airflow/example_dags/example_skip_dag.py for tasks to queue
[2024-02-23T17:38:32.483+0000] {logging_mixin.py:188} INFO - [2024-02-23T17:38:32.483+0000] {dagbag.py:538} INFO - Filling up the DagBag from /home/airflow/.local/lib/python3.8/site-packages/airflow/example_dags/example_skip_dag.py
[2024-02-23T17:38:32.492+0000] {processor.py:840} INFO - DAG(s) 'example_skip_dag' retrieved from /home/airflow/.local/lib/python3.8/site-packages/airflow/example_dags/example_skip_dag.py
[2024-02-23T17:38:32.520+0000] {logging_mixin.py:188} INFO - [2024-02-23T17:38:32.520+0000] {dag.py:3033} INFO - Sync 1 DAGs
[2024-02-23T17:38:32.552+0000] {logging_mixin.py:188} INFO - [2024-02-23T17:38:32.552+0000] {dag.py:3820} INFO - Setting next_dagrun for example_skip_dag to 2024-02-22T00:00:00+00:00, run_after=2024-02-23T00:00:00+00:00
[2024-02-23T17:38:32.576+0000] {processor.py:183} INFO - Processing /home/airflow/.local/lib/python3.8/site-packages/airflow/example_dags/example_skip_dag.py took 0.100 seconds
[2024-02-23T17:39:02.970+0000] {processor.py:161} INFO - Started process (PID=7024) to work on /home/airflow/.local/lib/python3.8/site-packages/airflow/example_dags/example_skip_dag.py
[2024-02-23T17:39:02.971+0000] {processor.py:830} INFO - Processing file /home/airflow/.local/lib/python3.8/site-packages/airflow/example_dags/example_skip_dag.py for tasks to queue
[2024-02-23T17:39:02.973+0000] {logging_mixin.py:188} INFO - [2024-02-23T17:39:02.972+0000] {dagbag.py:538} INFO - Filling up the DagBag from /home/airflow/.local/lib/python3.8/site-packages/airflow/example_dags/example_skip_dag.py
[2024-02-23T17:39:02.984+0000] {processor.py:840} INFO - DAG(s) 'example_skip_dag' retrieved from /home/airflow/.local/lib/python3.8/site-packages/airflow/example_dags/example_skip_dag.py
[2024-02-23T17:39:03.011+0000] {logging_mixin.py:188} INFO - [2024-02-23T17:39:03.011+0000] {dag.py:3033} INFO - Sync 1 DAGs
[2024-02-23T17:39:03.042+0000] {logging_mixin.py:188} INFO - [2024-02-23T17:39:03.042+0000] {dag.py:3820} INFO - Setting next_dagrun for example_skip_dag to 2024-02-22T00:00:00+00:00, run_after=2024-02-23T00:00:00+00:00
[2024-02-23T17:39:03.068+0000] {processor.py:183} INFO - Processing /home/airflow/.local/lib/python3.8/site-packages/airflow/example_dags/example_skip_dag.py took 0.104 seconds
[2024-02-23T17:39:33.434+0000] {processor.py:161} INFO - Started process (PID=7081) to work on /home/airflow/.local/lib/python3.8/site-packages/airflow/example_dags/example_skip_dag.py
[2024-02-23T17:39:33.435+0000] {processor.py:830} INFO - Processing file /home/airflow/.local/lib/python3.8/site-packages/airflow/example_dags/example_skip_dag.py for tasks to queue
[2024-02-23T17:39:33.436+0000] {logging_mixin.py:188} INFO - [2024-02-23T17:39:33.436+0000] {dagbag.py:538} INFO - Filling up the DagBag from /home/airflow/.local/lib/python3.8/site-packages/airflow/example_dags/example_skip_dag.py
[2024-02-23T17:39:33.445+0000] {processor.py:840} INFO - DAG(s) 'example_skip_dag' retrieved from /home/airflow/.local/lib/python3.8/site-packages/airflow/example_dags/example_skip_dag.py
[2024-02-23T17:39:33.472+0000] {logging_mixin.py:188} INFO - [2024-02-23T17:39:33.472+0000] {dag.py:3033} INFO - Sync 1 DAGs
[2024-02-23T17:39:33.499+0000] {logging_mixin.py:188} INFO - [2024-02-23T17:39:33.499+0000] {dag.py:3820} INFO - Setting next_dagrun for example_skip_dag to 2024-02-22T00:00:00+00:00, run_after=2024-02-23T00:00:00+00:00
[2024-02-23T17:39:33.544+0000] {processor.py:183} INFO - Processing /home/airflow/.local/lib/python3.8/site-packages/airflow/example_dags/example_skip_dag.py took 0.115 seconds
[2024-02-23T17:40:03.851+0000] {processor.py:161} INFO - Started process (PID=7138) to work on /home/airflow/.local/lib/python3.8/site-packages/airflow/example_dags/example_skip_dag.py
[2024-02-23T17:40:03.852+0000] {processor.py:830} INFO - Processing file /home/airflow/.local/lib/python3.8/site-packages/airflow/example_dags/example_skip_dag.py for tasks to queue
[2024-02-23T17:40:03.853+0000] {logging_mixin.py:188} INFO - [2024-02-23T17:40:03.853+0000] {dagbag.py:538} INFO - Filling up the DagBag from /home/airflow/.local/lib/python3.8/site-packages/airflow/example_dags/example_skip_dag.py
[2024-02-23T17:40:03.865+0000] {processor.py:840} INFO - DAG(s) 'example_skip_dag' retrieved from /home/airflow/.local/lib/python3.8/site-packages/airflow/example_dags/example_skip_dag.py
[2024-02-23T17:40:03.902+0000] {logging_mixin.py:188} INFO - [2024-02-23T17:40:03.901+0000] {dag.py:3033} INFO - Sync 1 DAGs
[2024-02-23T17:40:03.940+0000] {logging_mixin.py:188} INFO - [2024-02-23T17:40:03.940+0000] {dag.py:3820} INFO - Setting next_dagrun for example_skip_dag to 2024-02-22T00:00:00+00:00, run_after=2024-02-23T00:00:00+00:00
[2024-02-23T17:40:04.009+0000] {processor.py:183} INFO - Processing /home/airflow/.local/lib/python3.8/site-packages/airflow/example_dags/example_skip_dag.py took 0.163 seconds
[2024-02-23T17:40:34.325+0000] {processor.py:161} INFO - Started process (PID=7195) to work on /home/airflow/.local/lib/python3.8/site-packages/airflow/example_dags/example_skip_dag.py
[2024-02-23T17:40:34.327+0000] {processor.py:830} INFO - Processing file /home/airflow/.local/lib/python3.8/site-packages/airflow/example_dags/example_skip_dag.py for tasks to queue
[2024-02-23T17:40:34.328+0000] {logging_mixin.py:188} INFO - [2024-02-23T17:40:34.327+0000] {dagbag.py:538} INFO - Filling up the DagBag from /home/airflow/.local/lib/python3.8/site-packages/airflow/example_dags/example_skip_dag.py
[2024-02-23T17:40:34.337+0000] {processor.py:840} INFO - DAG(s) 'example_skip_dag' retrieved from /home/airflow/.local/lib/python3.8/site-packages/airflow/example_dags/example_skip_dag.py
[2024-02-23T17:40:34.362+0000] {logging_mixin.py:188} INFO - [2024-02-23T17:40:34.362+0000] {dag.py:3033} INFO - Sync 1 DAGs
[2024-02-23T17:40:34.386+0000] {logging_mixin.py:188} INFO - [2024-02-23T17:40:34.385+0000] {dag.py:3820} INFO - Setting next_dagrun for example_skip_dag to 2024-02-22T00:00:00+00:00, run_after=2024-02-23T00:00:00+00:00
[2024-02-23T17:40:34.442+0000] {processor.py:183} INFO - Processing /home/airflow/.local/lib/python3.8/site-packages/airflow/example_dags/example_skip_dag.py took 0.121 seconds
[2024-02-23T17:41:04.999+0000] {processor.py:161} INFO - Started process (PID=7252) to work on /home/airflow/.local/lib/python3.8/site-packages/airflow/example_dags/example_skip_dag.py
[2024-02-23T17:41:05.000+0000] {processor.py:830} INFO - Processing file /home/airflow/.local/lib/python3.8/site-packages/airflow/example_dags/example_skip_dag.py for tasks to queue
[2024-02-23T17:41:05.001+0000] {logging_mixin.py:188} INFO - [2024-02-23T17:41:05.001+0000] {dagbag.py:538} INFO - Filling up the DagBag from /home/airflow/.local/lib/python3.8/site-packages/airflow/example_dags/example_skip_dag.py
[2024-02-23T17:41:05.012+0000] {processor.py:840} INFO - DAG(s) 'example_skip_dag' retrieved from /home/airflow/.local/lib/python3.8/site-packages/airflow/example_dags/example_skip_dag.py
[2024-02-23T17:41:05.041+0000] {logging_mixin.py:188} INFO - [2024-02-23T17:41:05.040+0000] {dag.py:3033} INFO - Sync 1 DAGs
[2024-02-23T17:41:05.069+0000] {logging_mixin.py:188} INFO - [2024-02-23T17:41:05.069+0000] {dag.py:3820} INFO - Setting next_dagrun for example_skip_dag to 2024-02-22T00:00:00+00:00, run_after=2024-02-23T00:00:00+00:00
[2024-02-23T17:41:05.097+0000] {processor.py:183} INFO - Processing /home/airflow/.local/lib/python3.8/site-packages/airflow/example_dags/example_skip_dag.py took 0.103 seconds
[2024-02-23T17:41:35.304+0000] {processor.py:161} INFO - Started process (PID=7310) to work on /home/airflow/.local/lib/python3.8/site-packages/airflow/example_dags/example_skip_dag.py
[2024-02-23T17:41:35.306+0000] {processor.py:830} INFO - Processing file /home/airflow/.local/lib/python3.8/site-packages/airflow/example_dags/example_skip_dag.py for tasks to queue
[2024-02-23T17:41:35.307+0000] {logging_mixin.py:188} INFO - [2024-02-23T17:41:35.306+0000] {dagbag.py:538} INFO - Filling up the DagBag from /home/airflow/.local/lib/python3.8/site-packages/airflow/example_dags/example_skip_dag.py
[2024-02-23T17:41:35.316+0000] {processor.py:840} INFO - DAG(s) 'example_skip_dag' retrieved from /home/airflow/.local/lib/python3.8/site-packages/airflow/example_dags/example_skip_dag.py
[2024-02-23T17:41:35.343+0000] {logging_mixin.py:188} INFO - [2024-02-23T17:41:35.342+0000] {dag.py:3033} INFO - Sync 1 DAGs
[2024-02-23T17:41:35.370+0000] {logging_mixin.py:188} INFO - [2024-02-23T17:41:35.370+0000] {dag.py:3820} INFO - Setting next_dagrun for example_skip_dag to 2024-02-22T00:00:00+00:00, run_after=2024-02-23T00:00:00+00:00
[2024-02-23T17:41:35.392+0000] {processor.py:183} INFO - Processing /home/airflow/.local/lib/python3.8/site-packages/airflow/example_dags/example_skip_dag.py took 0.092 seconds
[2024-02-23T17:42:06.320+0000] {processor.py:161} INFO - Started process (PID=7367) to work on /home/airflow/.local/lib/python3.8/site-packages/airflow/example_dags/example_skip_dag.py
[2024-02-23T17:42:06.321+0000] {processor.py:830} INFO - Processing file /home/airflow/.local/lib/python3.8/site-packages/airflow/example_dags/example_skip_dag.py for tasks to queue
[2024-02-23T17:42:06.322+0000] {logging_mixin.py:188} INFO - [2024-02-23T17:42:06.322+0000] {dagbag.py:538} INFO - Filling up the DagBag from /home/airflow/.local/lib/python3.8/site-packages/airflow/example_dags/example_skip_dag.py
[2024-02-23T17:42:06.333+0000] {processor.py:840} INFO - DAG(s) 'example_skip_dag' retrieved from /home/airflow/.local/lib/python3.8/site-packages/airflow/example_dags/example_skip_dag.py
[2024-02-23T17:42:06.367+0000] {logging_mixin.py:188} INFO - [2024-02-23T17:42:06.366+0000] {dag.py:3033} INFO - Sync 1 DAGs
[2024-02-23T17:42:06.395+0000] {logging_mixin.py:188} INFO - [2024-02-23T17:42:06.395+0000] {dag.py:3820} INFO - Setting next_dagrun for example_skip_dag to 2024-02-22T00:00:00+00:00, run_after=2024-02-23T00:00:00+00:00
[2024-02-23T17:42:06.419+0000] {processor.py:183} INFO - Processing /home/airflow/.local/lib/python3.8/site-packages/airflow/example_dags/example_skip_dag.py took 0.104 seconds
[2024-02-23T17:42:37.052+0000] {processor.py:161} INFO - Started process (PID=7424) to work on /home/airflow/.local/lib/python3.8/site-packages/airflow/example_dags/example_skip_dag.py
[2024-02-23T17:42:37.054+0000] {processor.py:830} INFO - Processing file /home/airflow/.local/lib/python3.8/site-packages/airflow/example_dags/example_skip_dag.py for tasks to queue
[2024-02-23T17:42:37.055+0000] {logging_mixin.py:188} INFO - [2024-02-23T17:42:37.055+0000] {dagbag.py:538} INFO - Filling up the DagBag from /home/airflow/.local/lib/python3.8/site-packages/airflow/example_dags/example_skip_dag.py
[2024-02-23T17:42:37.066+0000] {processor.py:840} INFO - DAG(s) 'example_skip_dag' retrieved from /home/airflow/.local/lib/python3.8/site-packages/airflow/example_dags/example_skip_dag.py
[2024-02-23T17:42:37.094+0000] {logging_mixin.py:188} INFO - [2024-02-23T17:42:37.093+0000] {dag.py:3033} INFO - Sync 1 DAGs
[2024-02-23T17:42:37.117+0000] {logging_mixin.py:188} INFO - [2024-02-23T17:42:37.116+0000] {dag.py:3820} INFO - Setting next_dagrun for example_skip_dag to 2024-02-22T00:00:00+00:00, run_after=2024-02-23T00:00:00+00:00
[2024-02-23T17:42:37.138+0000] {processor.py:183} INFO - Processing /home/airflow/.local/lib/python3.8/site-packages/airflow/example_dags/example_skip_dag.py took 0.094 seconds
[2024-02-23T17:43:07.403+0000] {processor.py:161} INFO - Started process (PID=7481) to work on /home/airflow/.local/lib/python3.8/site-packages/airflow/example_dags/example_skip_dag.py
[2024-02-23T17:43:07.404+0000] {processor.py:830} INFO - Processing file /home/airflow/.local/lib/python3.8/site-packages/airflow/example_dags/example_skip_dag.py for tasks to queue
[2024-02-23T17:43:07.405+0000] {logging_mixin.py:188} INFO - [2024-02-23T17:43:07.405+0000] {dagbag.py:538} INFO - Filling up the DagBag from /home/airflow/.local/lib/python3.8/site-packages/airflow/example_dags/example_skip_dag.py
[2024-02-23T17:43:07.415+0000] {processor.py:840} INFO - DAG(s) 'example_skip_dag' retrieved from /home/airflow/.local/lib/python3.8/site-packages/airflow/example_dags/example_skip_dag.py
[2024-02-23T17:43:07.443+0000] {logging_mixin.py:188} INFO - [2024-02-23T17:43:07.443+0000] {dag.py:3033} INFO - Sync 1 DAGs
[2024-02-23T17:43:07.469+0000] {logging_mixin.py:188} INFO - [2024-02-23T17:43:07.468+0000] {dag.py:3820} INFO - Setting next_dagrun for example_skip_dag to 2024-02-22T00:00:00+00:00, run_after=2024-02-23T00:00:00+00:00
[2024-02-23T17:43:07.490+0000] {processor.py:183} INFO - Processing /home/airflow/.local/lib/python3.8/site-packages/airflow/example_dags/example_skip_dag.py took 0.091 seconds
[2024-02-23T17:43:37.710+0000] {processor.py:161} INFO - Started process (PID=7538) to work on /home/airflow/.local/lib/python3.8/site-packages/airflow/example_dags/example_skip_dag.py
[2024-02-23T17:43:37.711+0000] {processor.py:830} INFO - Processing file /home/airflow/.local/lib/python3.8/site-packages/airflow/example_dags/example_skip_dag.py for tasks to queue
[2024-02-23T17:43:37.713+0000] {logging_mixin.py:188} INFO - [2024-02-23T17:43:37.712+0000] {dagbag.py:538} INFO - Filling up the DagBag from /home/airflow/.local/lib/python3.8/site-packages/airflow/example_dags/example_skip_dag.py
[2024-02-23T17:43:37.723+0000] {processor.py:840} INFO - DAG(s) 'example_skip_dag' retrieved from /home/airflow/.local/lib/python3.8/site-packages/airflow/example_dags/example_skip_dag.py
[2024-02-23T17:43:37.755+0000] {logging_mixin.py:188} INFO - [2024-02-23T17:43:37.755+0000] {dag.py:3033} INFO - Sync 1 DAGs
[2024-02-23T17:43:37.789+0000] {logging_mixin.py:188} INFO - [2024-02-23T17:43:37.789+0000] {dag.py:3820} INFO - Setting next_dagrun for example_skip_dag to 2024-02-22T00:00:00+00:00, run_after=2024-02-23T00:00:00+00:00
[2024-02-23T17:43:37.814+0000] {processor.py:183} INFO - Processing /home/airflow/.local/lib/python3.8/site-packages/airflow/example_dags/example_skip_dag.py took 0.108 seconds
[2024-02-23T17:44:08.624+0000] {processor.py:161} INFO - Started process (PID=7595) to work on /home/airflow/.local/lib/python3.8/site-packages/airflow/example_dags/example_skip_dag.py
[2024-02-23T17:44:08.625+0000] {processor.py:830} INFO - Processing file /home/airflow/.local/lib/python3.8/site-packages/airflow/example_dags/example_skip_dag.py for tasks to queue
[2024-02-23T17:44:08.627+0000] {logging_mixin.py:188} INFO - [2024-02-23T17:44:08.626+0000] {dagbag.py:538} INFO - Filling up the DagBag from /home/airflow/.local/lib/python3.8/site-packages/airflow/example_dags/example_skip_dag.py
[2024-02-23T17:44:08.638+0000] {processor.py:840} INFO - DAG(s) 'example_skip_dag' retrieved from /home/airflow/.local/lib/python3.8/site-packages/airflow/example_dags/example_skip_dag.py
[2024-02-23T17:44:08.666+0000] {logging_mixin.py:188} INFO - [2024-02-23T17:44:08.666+0000] {dag.py:3033} INFO - Sync 1 DAGs
[2024-02-23T17:44:08.699+0000] {logging_mixin.py:188} INFO - [2024-02-23T17:44:08.699+0000] {dag.py:3820} INFO - Setting next_dagrun for example_skip_dag to 2024-02-22T00:00:00+00:00, run_after=2024-02-23T00:00:00+00:00
[2024-02-23T17:44:08.723+0000] {processor.py:183} INFO - Processing /home/airflow/.local/lib/python3.8/site-packages/airflow/example_dags/example_skip_dag.py took 0.104 seconds
[2024-02-23T17:44:39.751+0000] {processor.py:161} INFO - Started process (PID=7652) to work on /home/airflow/.local/lib/python3.8/site-packages/airflow/example_dags/example_skip_dag.py
[2024-02-23T17:44:39.753+0000] {processor.py:830} INFO - Processing file /home/airflow/.local/lib/python3.8/site-packages/airflow/example_dags/example_skip_dag.py for tasks to queue
[2024-02-23T17:44:39.755+0000] {logging_mixin.py:188} INFO - [2024-02-23T17:44:39.754+0000] {dagbag.py:538} INFO - Filling up the DagBag from /home/airflow/.local/lib/python3.8/site-packages/airflow/example_dags/example_skip_dag.py
[2024-02-23T17:44:39.766+0000] {processor.py:840} INFO - DAG(s) 'example_skip_dag' retrieved from /home/airflow/.local/lib/python3.8/site-packages/airflow/example_dags/example_skip_dag.py
[2024-02-23T17:44:39.799+0000] {logging_mixin.py:188} INFO - [2024-02-23T17:44:39.799+0000] {dag.py:3033} INFO - Sync 1 DAGs
[2024-02-23T17:44:39.831+0000] {logging_mixin.py:188} INFO - [2024-02-23T17:44:39.831+0000] {dag.py:3820} INFO - Setting next_dagrun for example_skip_dag to 2024-02-22T00:00:00+00:00, run_after=2024-02-23T00:00:00+00:00
[2024-02-23T17:44:39.894+0000] {processor.py:183} INFO - Processing /home/airflow/.local/lib/python3.8/site-packages/airflow/example_dags/example_skip_dag.py took 0.147 seconds
[2024-02-23T17:45:10.073+0000] {processor.py:161} INFO - Started process (PID=7709) to work on /home/airflow/.local/lib/python3.8/site-packages/airflow/example_dags/example_skip_dag.py
[2024-02-23T17:45:10.075+0000] {processor.py:830} INFO - Processing file /home/airflow/.local/lib/python3.8/site-packages/airflow/example_dags/example_skip_dag.py for tasks to queue
[2024-02-23T17:45:10.077+0000] {logging_mixin.py:188} INFO - [2024-02-23T17:45:10.076+0000] {dagbag.py:538} INFO - Filling up the DagBag from /home/airflow/.local/lib/python3.8/site-packages/airflow/example_dags/example_skip_dag.py
[2024-02-23T17:45:10.091+0000] {processor.py:840} INFO - DAG(s) 'example_skip_dag' retrieved from /home/airflow/.local/lib/python3.8/site-packages/airflow/example_dags/example_skip_dag.py
[2024-02-23T17:45:10.128+0000] {logging_mixin.py:188} INFO - [2024-02-23T17:45:10.128+0000] {dag.py:3033} INFO - Sync 1 DAGs
[2024-02-23T17:45:10.177+0000] {logging_mixin.py:188} INFO - [2024-02-23T17:45:10.176+0000] {dag.py:3820} INFO - Setting next_dagrun for example_skip_dag to 2024-02-22T00:00:00+00:00, run_after=2024-02-23T00:00:00+00:00
[2024-02-23T17:45:10.212+0000] {processor.py:183} INFO - Processing /home/airflow/.local/lib/python3.8/site-packages/airflow/example_dags/example_skip_dag.py took 0.144 seconds
[2024-02-23T17:45:40.667+0000] {processor.py:161} INFO - Started process (PID=7766) to work on /home/airflow/.local/lib/python3.8/site-packages/airflow/example_dags/example_skip_dag.py
[2024-02-23T17:45:40.668+0000] {processor.py:830} INFO - Processing file /home/airflow/.local/lib/python3.8/site-packages/airflow/example_dags/example_skip_dag.py for tasks to queue
[2024-02-23T17:45:40.670+0000] {logging_mixin.py:188} INFO - [2024-02-23T17:45:40.670+0000] {dagbag.py:538} INFO - Filling up the DagBag from /home/airflow/.local/lib/python3.8/site-packages/airflow/example_dags/example_skip_dag.py
[2024-02-23T17:45:40.681+0000] {processor.py:840} INFO - DAG(s) 'example_skip_dag' retrieved from /home/airflow/.local/lib/python3.8/site-packages/airflow/example_dags/example_skip_dag.py
[2024-02-23T17:45:40.710+0000] {logging_mixin.py:188} INFO - [2024-02-23T17:45:40.710+0000] {dag.py:3033} INFO - Sync 1 DAGs
[2024-02-23T17:45:40.741+0000] {logging_mixin.py:188} INFO - [2024-02-23T17:45:40.741+0000] {dag.py:3820} INFO - Setting next_dagrun for example_skip_dag to 2024-02-22T00:00:00+00:00, run_after=2024-02-23T00:00:00+00:00
[2024-02-23T17:45:40.775+0000] {processor.py:183} INFO - Processing /home/airflow/.local/lib/python3.8/site-packages/airflow/example_dags/example_skip_dag.py took 0.114 seconds
[2024-02-23T17:46:11.022+0000] {processor.py:161} INFO - Started process (PID=7823) to work on /home/airflow/.local/lib/python3.8/site-packages/airflow/example_dags/example_skip_dag.py
[2024-02-23T17:46:11.024+0000] {processor.py:830} INFO - Processing file /home/airflow/.local/lib/python3.8/site-packages/airflow/example_dags/example_skip_dag.py for tasks to queue
[2024-02-23T17:46:11.025+0000] {logging_mixin.py:188} INFO - [2024-02-23T17:46:11.025+0000] {dagbag.py:538} INFO - Filling up the DagBag from /home/airflow/.local/lib/python3.8/site-packages/airflow/example_dags/example_skip_dag.py
[2024-02-23T17:46:11.037+0000] {processor.py:840} INFO - DAG(s) 'example_skip_dag' retrieved from /home/airflow/.local/lib/python3.8/site-packages/airflow/example_dags/example_skip_dag.py
[2024-02-23T17:46:11.071+0000] {logging_mixin.py:188} INFO - [2024-02-23T17:46:11.071+0000] {dag.py:3033} INFO - Sync 1 DAGs
[2024-02-23T17:46:11.106+0000] {logging_mixin.py:188} INFO - [2024-02-23T17:46:11.106+0000] {dag.py:3820} INFO - Setting next_dagrun for example_skip_dag to 2024-02-22T00:00:00+00:00, run_after=2024-02-23T00:00:00+00:00
[2024-02-23T17:46:11.133+0000] {processor.py:183} INFO - Processing /home/airflow/.local/lib/python3.8/site-packages/airflow/example_dags/example_skip_dag.py took 0.117 seconds
[2024-02-23T17:46:41.360+0000] {processor.py:161} INFO - Started process (PID=7880) to work on /home/airflow/.local/lib/python3.8/site-packages/airflow/example_dags/example_skip_dag.py
[2024-02-23T17:46:41.361+0000] {processor.py:830} INFO - Processing file /home/airflow/.local/lib/python3.8/site-packages/airflow/example_dags/example_skip_dag.py for tasks to queue
[2024-02-23T17:46:41.362+0000] {logging_mixin.py:188} INFO - [2024-02-23T17:46:41.362+0000] {dagbag.py:538} INFO - Filling up the DagBag from /home/airflow/.local/lib/python3.8/site-packages/airflow/example_dags/example_skip_dag.py
[2024-02-23T17:46:41.372+0000] {processor.py:840} INFO - DAG(s) 'example_skip_dag' retrieved from /home/airflow/.local/lib/python3.8/site-packages/airflow/example_dags/example_skip_dag.py
[2024-02-23T17:46:41.398+0000] {logging_mixin.py:188} INFO - [2024-02-23T17:46:41.398+0000] {dag.py:3033} INFO - Sync 1 DAGs
[2024-02-23T17:46:41.426+0000] {logging_mixin.py:188} INFO - [2024-02-23T17:46:41.426+0000] {dag.py:3820} INFO - Setting next_dagrun for example_skip_dag to 2024-02-22T00:00:00+00:00, run_after=2024-02-23T00:00:00+00:00
[2024-02-23T17:46:41.486+0000] {processor.py:183} INFO - Processing /home/airflow/.local/lib/python3.8/site-packages/airflow/example_dags/example_skip_dag.py took 0.130 seconds
[2024-02-23T17:47:12.256+0000] {processor.py:161} INFO - Started process (PID=7937) to work on /home/airflow/.local/lib/python3.8/site-packages/airflow/example_dags/example_skip_dag.py
[2024-02-23T17:47:12.257+0000] {processor.py:830} INFO - Processing file /home/airflow/.local/lib/python3.8/site-packages/airflow/example_dags/example_skip_dag.py for tasks to queue
[2024-02-23T17:47:12.258+0000] {logging_mixin.py:188} INFO - [2024-02-23T17:47:12.258+0000] {dagbag.py:538} INFO - Filling up the DagBag from /home/airflow/.local/lib/python3.8/site-packages/airflow/example_dags/example_skip_dag.py
[2024-02-23T17:47:12.269+0000] {processor.py:840} INFO - DAG(s) 'example_skip_dag' retrieved from /home/airflow/.local/lib/python3.8/site-packages/airflow/example_dags/example_skip_dag.py
[2024-02-23T17:47:12.297+0000] {logging_mixin.py:188} INFO - [2024-02-23T17:47:12.297+0000] {dag.py:3033} INFO - Sync 1 DAGs
[2024-02-23T17:47:12.325+0000] {logging_mixin.py:188} INFO - [2024-02-23T17:47:12.324+0000] {dag.py:3820} INFO - Setting next_dagrun for example_skip_dag to 2024-02-22T00:00:00+00:00, run_after=2024-02-23T00:00:00+00:00
[2024-02-23T17:47:12.388+0000] {processor.py:183} INFO - Processing /home/airflow/.local/lib/python3.8/site-packages/airflow/example_dags/example_skip_dag.py took 0.138 seconds
[2024-02-23T17:47:42.508+0000] {processor.py:161} INFO - Started process (PID=7994) to work on /home/airflow/.local/lib/python3.8/site-packages/airflow/example_dags/example_skip_dag.py
[2024-02-23T17:47:42.509+0000] {processor.py:830} INFO - Processing file /home/airflow/.local/lib/python3.8/site-packages/airflow/example_dags/example_skip_dag.py for tasks to queue
[2024-02-23T17:47:42.510+0000] {logging_mixin.py:188} INFO - [2024-02-23T17:47:42.510+0000] {dagbag.py:538} INFO - Filling up the DagBag from /home/airflow/.local/lib/python3.8/site-packages/airflow/example_dags/example_skip_dag.py
[2024-02-23T17:47:42.520+0000] {processor.py:840} INFO - DAG(s) 'example_skip_dag' retrieved from /home/airflow/.local/lib/python3.8/site-packages/airflow/example_dags/example_skip_dag.py
[2024-02-23T17:47:42.548+0000] {logging_mixin.py:188} INFO - [2024-02-23T17:47:42.548+0000] {dag.py:3033} INFO - Sync 1 DAGs
[2024-02-23T17:47:42.580+0000] {logging_mixin.py:188} INFO - [2024-02-23T17:47:42.580+0000] {dag.py:3820} INFO - Setting next_dagrun for example_skip_dag to 2024-02-22T00:00:00+00:00, run_after=2024-02-23T00:00:00+00:00
[2024-02-23T17:47:42.607+0000] {processor.py:183} INFO - Processing /home/airflow/.local/lib/python3.8/site-packages/airflow/example_dags/example_skip_dag.py took 0.103 seconds
[2024-02-23T17:48:13.160+0000] {processor.py:161} INFO - Started process (PID=8051) to work on /home/airflow/.local/lib/python3.8/site-packages/airflow/example_dags/example_skip_dag.py
[2024-02-23T17:48:13.162+0000] {processor.py:830} INFO - Processing file /home/airflow/.local/lib/python3.8/site-packages/airflow/example_dags/example_skip_dag.py for tasks to queue
[2024-02-23T17:48:13.163+0000] {logging_mixin.py:188} INFO - [2024-02-23T17:48:13.163+0000] {dagbag.py:538} INFO - Filling up the DagBag from /home/airflow/.local/lib/python3.8/site-packages/airflow/example_dags/example_skip_dag.py
[2024-02-23T17:48:13.173+0000] {processor.py:840} INFO - DAG(s) 'example_skip_dag' retrieved from /home/airflow/.local/lib/python3.8/site-packages/airflow/example_dags/example_skip_dag.py
[2024-02-23T17:48:13.204+0000] {logging_mixin.py:188} INFO - [2024-02-23T17:48:13.204+0000] {dag.py:3033} INFO - Sync 1 DAGs
[2024-02-23T17:48:13.233+0000] {logging_mixin.py:188} INFO - [2024-02-23T17:48:13.232+0000] {dag.py:3820} INFO - Setting next_dagrun for example_skip_dag to 2024-02-22T00:00:00+00:00, run_after=2024-02-23T00:00:00+00:00
[2024-02-23T17:48:13.261+0000] {processor.py:183} INFO - Processing /home/airflow/.local/lib/python3.8/site-packages/airflow/example_dags/example_skip_dag.py took 0.105 seconds
[2024-02-23T17:48:43.493+0000] {processor.py:161} INFO - Started process (PID=8108) to work on /home/airflow/.local/lib/python3.8/site-packages/airflow/example_dags/example_skip_dag.py
[2024-02-23T17:48:43.495+0000] {processor.py:830} INFO - Processing file /home/airflow/.local/lib/python3.8/site-packages/airflow/example_dags/example_skip_dag.py for tasks to queue
[2024-02-23T17:48:43.496+0000] {logging_mixin.py:188} INFO - [2024-02-23T17:48:43.495+0000] {dagbag.py:538} INFO - Filling up the DagBag from /home/airflow/.local/lib/python3.8/site-packages/airflow/example_dags/example_skip_dag.py
[2024-02-23T17:48:43.505+0000] {processor.py:840} INFO - DAG(s) 'example_skip_dag' retrieved from /home/airflow/.local/lib/python3.8/site-packages/airflow/example_dags/example_skip_dag.py
[2024-02-23T17:48:43.531+0000] {logging_mixin.py:188} INFO - [2024-02-23T17:48:43.531+0000] {dag.py:3033} INFO - Sync 1 DAGs
[2024-02-23T17:48:43.557+0000] {logging_mixin.py:188} INFO - [2024-02-23T17:48:43.557+0000] {dag.py:3820} INFO - Setting next_dagrun for example_skip_dag to 2024-02-22T00:00:00+00:00, run_after=2024-02-23T00:00:00+00:00
[2024-02-23T17:48:43.581+0000] {processor.py:183} INFO - Processing /home/airflow/.local/lib/python3.8/site-packages/airflow/example_dags/example_skip_dag.py took 0.092 seconds
[2024-02-23T17:49:14.764+0000] {processor.py:161} INFO - Started process (PID=8167) to work on /home/airflow/.local/lib/python3.8/site-packages/airflow/example_dags/example_skip_dag.py
[2024-02-23T17:49:14.765+0000] {processor.py:830} INFO - Processing file /home/airflow/.local/lib/python3.8/site-packages/airflow/example_dags/example_skip_dag.py for tasks to queue
[2024-02-23T17:49:14.766+0000] {logging_mixin.py:188} INFO - [2024-02-23T17:49:14.766+0000] {dagbag.py:538} INFO - Filling up the DagBag from /home/airflow/.local/lib/python3.8/site-packages/airflow/example_dags/example_skip_dag.py
[2024-02-23T17:49:14.775+0000] {processor.py:840} INFO - DAG(s) 'example_skip_dag' retrieved from /home/airflow/.local/lib/python3.8/site-packages/airflow/example_dags/example_skip_dag.py
[2024-02-23T17:49:14.803+0000] {logging_mixin.py:188} INFO - [2024-02-23T17:49:14.802+0000] {dag.py:3033} INFO - Sync 1 DAGs
[2024-02-23T17:49:14.828+0000] {logging_mixin.py:188} INFO - [2024-02-23T17:49:14.828+0000] {dag.py:3820} INFO - Setting next_dagrun for example_skip_dag to 2024-02-22T00:00:00+00:00, run_after=2024-02-23T00:00:00+00:00
[2024-02-23T17:49:14.887+0000] {processor.py:183} INFO - Processing /home/airflow/.local/lib/python3.8/site-packages/airflow/example_dags/example_skip_dag.py took 0.127 seconds
[2024-02-23T17:49:45.621+0000] {processor.py:161} INFO - Started process (PID=8232) to work on /home/airflow/.local/lib/python3.8/site-packages/airflow/example_dags/example_skip_dag.py
[2024-02-23T17:49:45.622+0000] {processor.py:830} INFO - Processing file /home/airflow/.local/lib/python3.8/site-packages/airflow/example_dags/example_skip_dag.py for tasks to queue
[2024-02-23T17:49:45.623+0000] {logging_mixin.py:188} INFO - [2024-02-23T17:49:45.623+0000] {dagbag.py:538} INFO - Filling up the DagBag from /home/airflow/.local/lib/python3.8/site-packages/airflow/example_dags/example_skip_dag.py
[2024-02-23T17:49:45.634+0000] {processor.py:840} INFO - DAG(s) 'example_skip_dag' retrieved from /home/airflow/.local/lib/python3.8/site-packages/airflow/example_dags/example_skip_dag.py
[2024-02-23T17:49:45.664+0000] {logging_mixin.py:188} INFO - [2024-02-23T17:49:45.664+0000] {dag.py:3033} INFO - Sync 1 DAGs
[2024-02-23T17:49:45.691+0000] {logging_mixin.py:188} INFO - [2024-02-23T17:49:45.691+0000] {dag.py:3820} INFO - Setting next_dagrun for example_skip_dag to 2024-02-22T00:00:00+00:00, run_after=2024-02-23T00:00:00+00:00
[2024-02-23T17:49:45.752+0000] {processor.py:183} INFO - Processing /home/airflow/.local/lib/python3.8/site-packages/airflow/example_dags/example_skip_dag.py took 0.136 seconds
[2024-02-23T17:50:15.811+0000] {processor.py:161} INFO - Started process (PID=8289) to work on /home/airflow/.local/lib/python3.8/site-packages/airflow/example_dags/example_skip_dag.py
[2024-02-23T17:50:15.812+0000] {processor.py:830} INFO - Processing file /home/airflow/.local/lib/python3.8/site-packages/airflow/example_dags/example_skip_dag.py for tasks to queue
[2024-02-23T17:50:15.813+0000] {logging_mixin.py:188} INFO - [2024-02-23T17:50:15.813+0000] {dagbag.py:538} INFO - Filling up the DagBag from /home/airflow/.local/lib/python3.8/site-packages/airflow/example_dags/example_skip_dag.py
[2024-02-23T17:50:15.823+0000] {processor.py:840} INFO - DAG(s) 'example_skip_dag' retrieved from /home/airflow/.local/lib/python3.8/site-packages/airflow/example_dags/example_skip_dag.py
[2024-02-23T17:50:15.848+0000] {logging_mixin.py:188} INFO - [2024-02-23T17:50:15.848+0000] {dag.py:3033} INFO - Sync 1 DAGs
[2024-02-23T17:50:15.876+0000] {logging_mixin.py:188} INFO - [2024-02-23T17:50:15.875+0000] {dag.py:3820} INFO - Setting next_dagrun for example_skip_dag to 2024-02-22T00:00:00+00:00, run_after=2024-02-23T00:00:00+00:00
[2024-02-23T17:50:15.904+0000] {processor.py:183} INFO - Processing /home/airflow/.local/lib/python3.8/site-packages/airflow/example_dags/example_skip_dag.py took 0.097 seconds
[2024-02-23T17:50:46.245+0000] {processor.py:161} INFO - Started process (PID=8346) to work on /home/airflow/.local/lib/python3.8/site-packages/airflow/example_dags/example_skip_dag.py
[2024-02-23T17:50:46.246+0000] {processor.py:830} INFO - Processing file /home/airflow/.local/lib/python3.8/site-packages/airflow/example_dags/example_skip_dag.py for tasks to queue
[2024-02-23T17:50:46.247+0000] {logging_mixin.py:188} INFO - [2024-02-23T17:50:46.246+0000] {dagbag.py:538} INFO - Filling up the DagBag from /home/airflow/.local/lib/python3.8/site-packages/airflow/example_dags/example_skip_dag.py
[2024-02-23T17:50:46.256+0000] {processor.py:840} INFO - DAG(s) 'example_skip_dag' retrieved from /home/airflow/.local/lib/python3.8/site-packages/airflow/example_dags/example_skip_dag.py
[2024-02-23T17:50:46.285+0000] {logging_mixin.py:188} INFO - [2024-02-23T17:50:46.285+0000] {dag.py:3033} INFO - Sync 1 DAGs
[2024-02-23T17:50:46.319+0000] {logging_mixin.py:188} INFO - [2024-02-23T17:50:46.318+0000] {dag.py:3820} INFO - Setting next_dagrun for example_skip_dag to 2024-02-22T00:00:00+00:00, run_after=2024-02-23T00:00:00+00:00
[2024-02-23T17:50:46.343+0000] {processor.py:183} INFO - Processing /home/airflow/.local/lib/python3.8/site-packages/airflow/example_dags/example_skip_dag.py took 0.103 seconds
[2024-02-23T17:51:16.598+0000] {processor.py:161} INFO - Started process (PID=8403) to work on /home/airflow/.local/lib/python3.8/site-packages/airflow/example_dags/example_skip_dag.py
[2024-02-23T17:51:16.599+0000] {processor.py:830} INFO - Processing file /home/airflow/.local/lib/python3.8/site-packages/airflow/example_dags/example_skip_dag.py for tasks to queue
[2024-02-23T17:51:16.601+0000] {logging_mixin.py:188} INFO - [2024-02-23T17:51:16.600+0000] {dagbag.py:538} INFO - Filling up the DagBag from /home/airflow/.local/lib/python3.8/site-packages/airflow/example_dags/example_skip_dag.py
[2024-02-23T17:51:16.610+0000] {processor.py:840} INFO - DAG(s) 'example_skip_dag' retrieved from /home/airflow/.local/lib/python3.8/site-packages/airflow/example_dags/example_skip_dag.py
[2024-02-23T17:51:16.639+0000] {logging_mixin.py:188} INFO - [2024-02-23T17:51:16.638+0000] {dag.py:3033} INFO - Sync 1 DAGs
[2024-02-23T17:51:16.670+0000] {logging_mixin.py:188} INFO - [2024-02-23T17:51:16.670+0000] {dag.py:3820} INFO - Setting next_dagrun for example_skip_dag to 2024-02-22T00:00:00+00:00, run_after=2024-02-23T00:00:00+00:00
[2024-02-23T17:51:16.695+0000] {processor.py:183} INFO - Processing /home/airflow/.local/lib/python3.8/site-packages/airflow/example_dags/example_skip_dag.py took 0.100 seconds
[2024-02-23T17:51:47.350+0000] {processor.py:161} INFO - Started process (PID=8463) to work on /home/airflow/.local/lib/python3.8/site-packages/airflow/example_dags/example_skip_dag.py
[2024-02-23T17:51:47.351+0000] {processor.py:830} INFO - Processing file /home/airflow/.local/lib/python3.8/site-packages/airflow/example_dags/example_skip_dag.py for tasks to queue
[2024-02-23T17:51:47.352+0000] {logging_mixin.py:188} INFO - [2024-02-23T17:51:47.352+0000] {dagbag.py:538} INFO - Filling up the DagBag from /home/airflow/.local/lib/python3.8/site-packages/airflow/example_dags/example_skip_dag.py
[2024-02-23T17:51:47.363+0000] {processor.py:840} INFO - DAG(s) 'example_skip_dag' retrieved from /home/airflow/.local/lib/python3.8/site-packages/airflow/example_dags/example_skip_dag.py
[2024-02-23T17:51:47.389+0000] {logging_mixin.py:188} INFO - [2024-02-23T17:51:47.389+0000] {dag.py:3033} INFO - Sync 1 DAGs
[2024-02-23T17:51:47.415+0000] {logging_mixin.py:188} INFO - [2024-02-23T17:51:47.415+0000] {dag.py:3820} INFO - Setting next_dagrun for example_skip_dag to 2024-02-22T00:00:00+00:00, run_after=2024-02-23T00:00:00+00:00
[2024-02-23T17:51:47.437+0000] {processor.py:183} INFO - Processing /home/airflow/.local/lib/python3.8/site-packages/airflow/example_dags/example_skip_dag.py took 0.092 seconds
