[2024-02-23T17:20:13.545+0000] {processor.py:161} INFO - Started process (PID=4922) to work on /home/airflow/.local/lib/python3.8/site-packages/airflow/example_dags/example_setup_teardown_taskflow.py
[2024-02-23T17:20:13.546+0000] {processor.py:830} INFO - Processing file /home/airflow/.local/lib/python3.8/site-packages/airflow/example_dags/example_setup_teardown_taskflow.py for tasks to queue
[2024-02-23T17:20:13.548+0000] {logging_mixin.py:188} INFO - [2024-02-23T17:20:13.548+0000] {dagbag.py:538} INFO - Filling up the DagBag from /home/airflow/.local/lib/python3.8/site-packages/airflow/example_dags/example_setup_teardown_taskflow.py
[2024-02-23T17:20:13.587+0000] {processor.py:840} INFO - DAG(s) 'example_setup_teardown_taskflow' retrieved from /home/airflow/.local/lib/python3.8/site-packages/airflow/example_dags/example_setup_teardown_taskflow.py
[2024-02-23T17:20:13.686+0000] {logging_mixin.py:188} INFO - [2024-02-23T17:20:13.686+0000] {dag.py:3033} INFO - Sync 1 DAGs
[2024-02-23T17:20:13.773+0000] {logging_mixin.py:188} INFO - [2024-02-23T17:20:13.773+0000] {dag.py:3820} INFO - Setting next_dagrun for example_setup_teardown_taskflow to 2024-02-22T00:00:00+00:00, run_after=2024-02-23T00:00:00+00:00
[2024-02-23T17:20:13.844+0000] {processor.py:183} INFO - Processing /home/airflow/.local/lib/python3.8/site-packages/airflow/example_dags/example_setup_teardown_taskflow.py took 0.310 seconds
[2024-02-23T17:20:44.314+0000] {processor.py:161} INFO - Started process (PID=4979) to work on /home/airflow/.local/lib/python3.8/site-packages/airflow/example_dags/example_setup_teardown_taskflow.py
[2024-02-23T17:20:44.315+0000] {processor.py:830} INFO - Processing file /home/airflow/.local/lib/python3.8/site-packages/airflow/example_dags/example_setup_teardown_taskflow.py for tasks to queue
[2024-02-23T17:20:44.316+0000] {logging_mixin.py:188} INFO - [2024-02-23T17:20:44.316+0000] {dagbag.py:538} INFO - Filling up the DagBag from /home/airflow/.local/lib/python3.8/site-packages/airflow/example_dags/example_setup_teardown_taskflow.py
[2024-02-23T17:20:44.338+0000] {processor.py:840} INFO - DAG(s) 'example_setup_teardown_taskflow' retrieved from /home/airflow/.local/lib/python3.8/site-packages/airflow/example_dags/example_setup_teardown_taskflow.py
[2024-02-23T17:20:44.378+0000] {logging_mixin.py:188} INFO - [2024-02-23T17:20:44.377+0000] {dag.py:3033} INFO - Sync 1 DAGs
[2024-02-23T17:20:44.420+0000] {logging_mixin.py:188} INFO - [2024-02-23T17:20:44.419+0000] {dag.py:3820} INFO - Setting next_dagrun for example_setup_teardown_taskflow to 2024-02-22T00:00:00+00:00, run_after=2024-02-23T00:00:00+00:00
[2024-02-23T17:20:44.450+0000] {processor.py:183} INFO - Processing /home/airflow/.local/lib/python3.8/site-packages/airflow/example_dags/example_setup_teardown_taskflow.py took 0.141 seconds
[2024-02-23T17:21:15.046+0000] {processor.py:161} INFO - Started process (PID=5036) to work on /home/airflow/.local/lib/python3.8/site-packages/airflow/example_dags/example_setup_teardown_taskflow.py
[2024-02-23T17:21:15.047+0000] {processor.py:830} INFO - Processing file /home/airflow/.local/lib/python3.8/site-packages/airflow/example_dags/example_setup_teardown_taskflow.py for tasks to queue
[2024-02-23T17:21:15.049+0000] {logging_mixin.py:188} INFO - [2024-02-23T17:21:15.048+0000] {dagbag.py:538} INFO - Filling up the DagBag from /home/airflow/.local/lib/python3.8/site-packages/airflow/example_dags/example_setup_teardown_taskflow.py
[2024-02-23T17:21:15.070+0000] {processor.py:840} INFO - DAG(s) 'example_setup_teardown_taskflow' retrieved from /home/airflow/.local/lib/python3.8/site-packages/airflow/example_dags/example_setup_teardown_taskflow.py
[2024-02-23T17:21:15.107+0000] {logging_mixin.py:188} INFO - [2024-02-23T17:21:15.107+0000] {dag.py:3033} INFO - Sync 1 DAGs
[2024-02-23T17:21:15.172+0000] {logging_mixin.py:188} INFO - [2024-02-23T17:21:15.172+0000] {dag.py:3820} INFO - Setting next_dagrun for example_setup_teardown_taskflow to 2024-02-22T00:00:00+00:00, run_after=2024-02-23T00:00:00+00:00
[2024-02-23T17:21:15.207+0000] {processor.py:183} INFO - Processing /home/airflow/.local/lib/python3.8/site-packages/airflow/example_dags/example_setup_teardown_taskflow.py took 0.167 seconds
[2024-02-23T17:21:45.607+0000] {processor.py:161} INFO - Started process (PID=5093) to work on /home/airflow/.local/lib/python3.8/site-packages/airflow/example_dags/example_setup_teardown_taskflow.py
[2024-02-23T17:21:45.608+0000] {processor.py:830} INFO - Processing file /home/airflow/.local/lib/python3.8/site-packages/airflow/example_dags/example_setup_teardown_taskflow.py for tasks to queue
[2024-02-23T17:21:45.610+0000] {logging_mixin.py:188} INFO - [2024-02-23T17:21:45.609+0000] {dagbag.py:538} INFO - Filling up the DagBag from /home/airflow/.local/lib/python3.8/site-packages/airflow/example_dags/example_setup_teardown_taskflow.py
[2024-02-23T17:21:45.632+0000] {processor.py:840} INFO - DAG(s) 'example_setup_teardown_taskflow' retrieved from /home/airflow/.local/lib/python3.8/site-packages/airflow/example_dags/example_setup_teardown_taskflow.py
[2024-02-23T17:21:45.663+0000] {logging_mixin.py:188} INFO - [2024-02-23T17:21:45.663+0000] {dag.py:3033} INFO - Sync 1 DAGs
[2024-02-23T17:21:45.705+0000] {logging_mixin.py:188} INFO - [2024-02-23T17:21:45.705+0000] {dag.py:3820} INFO - Setting next_dagrun for example_setup_teardown_taskflow to 2024-02-22T00:00:00+00:00, run_after=2024-02-23T00:00:00+00:00
[2024-02-23T17:21:45.737+0000] {processor.py:183} INFO - Processing /home/airflow/.local/lib/python3.8/site-packages/airflow/example_dags/example_setup_teardown_taskflow.py took 0.134 seconds
[2024-02-23T17:22:16.006+0000] {processor.py:161} INFO - Started process (PID=5151) to work on /home/airflow/.local/lib/python3.8/site-packages/airflow/example_dags/example_setup_teardown_taskflow.py
[2024-02-23T17:22:16.007+0000] {processor.py:830} INFO - Processing file /home/airflow/.local/lib/python3.8/site-packages/airflow/example_dags/example_setup_teardown_taskflow.py for tasks to queue
[2024-02-23T17:22:16.009+0000] {logging_mixin.py:188} INFO - [2024-02-23T17:22:16.008+0000] {dagbag.py:538} INFO - Filling up the DagBag from /home/airflow/.local/lib/python3.8/site-packages/airflow/example_dags/example_setup_teardown_taskflow.py
[2024-02-23T17:22:16.023+0000] {processor.py:840} INFO - DAG(s) 'example_setup_teardown_taskflow' retrieved from /home/airflow/.local/lib/python3.8/site-packages/airflow/example_dags/example_setup_teardown_taskflow.py
[2024-02-23T17:22:16.050+0000] {logging_mixin.py:188} INFO - [2024-02-23T17:22:16.050+0000] {dag.py:3033} INFO - Sync 1 DAGs
[2024-02-23T17:22:16.080+0000] {logging_mixin.py:188} INFO - [2024-02-23T17:22:16.080+0000] {dag.py:3820} INFO - Setting next_dagrun for example_setup_teardown_taskflow to 2024-02-22T00:00:00+00:00, run_after=2024-02-23T00:00:00+00:00
[2024-02-23T17:22:16.107+0000] {processor.py:183} INFO - Processing /home/airflow/.local/lib/python3.8/site-packages/airflow/example_dags/example_setup_teardown_taskflow.py took 0.106 seconds
[2024-02-23T17:22:46.853+0000] {processor.py:161} INFO - Started process (PID=5209) to work on /home/airflow/.local/lib/python3.8/site-packages/airflow/example_dags/example_setup_teardown_taskflow.py
[2024-02-23T17:22:46.855+0000] {processor.py:830} INFO - Processing file /home/airflow/.local/lib/python3.8/site-packages/airflow/example_dags/example_setup_teardown_taskflow.py for tasks to queue
[2024-02-23T17:22:46.860+0000] {logging_mixin.py:188} INFO - [2024-02-23T17:22:46.859+0000] {dagbag.py:538} INFO - Filling up the DagBag from /home/airflow/.local/lib/python3.8/site-packages/airflow/example_dags/example_setup_teardown_taskflow.py
[2024-02-23T17:22:46.886+0000] {processor.py:840} INFO - DAG(s) 'example_setup_teardown_taskflow' retrieved from /home/airflow/.local/lib/python3.8/site-packages/airflow/example_dags/example_setup_teardown_taskflow.py
[2024-02-23T17:22:46.958+0000] {logging_mixin.py:188} INFO - [2024-02-23T17:22:46.957+0000] {dag.py:3033} INFO - Sync 1 DAGs
[2024-02-23T17:22:47.016+0000] {logging_mixin.py:188} INFO - [2024-02-23T17:22:47.016+0000] {dag.py:3820} INFO - Setting next_dagrun for example_setup_teardown_taskflow to 2024-02-22T00:00:00+00:00, run_after=2024-02-23T00:00:00+00:00
[2024-02-23T17:22:47.052+0000] {processor.py:183} INFO - Processing /home/airflow/.local/lib/python3.8/site-packages/airflow/example_dags/example_setup_teardown_taskflow.py took 0.204 seconds
[2024-02-23T17:23:17.302+0000] {processor.py:161} INFO - Started process (PID=5266) to work on /home/airflow/.local/lib/python3.8/site-packages/airflow/example_dags/example_setup_teardown_taskflow.py
[2024-02-23T17:23:17.303+0000] {processor.py:830} INFO - Processing file /home/airflow/.local/lib/python3.8/site-packages/airflow/example_dags/example_setup_teardown_taskflow.py for tasks to queue
[2024-02-23T17:23:17.305+0000] {logging_mixin.py:188} INFO - [2024-02-23T17:23:17.304+0000] {dagbag.py:538} INFO - Filling up the DagBag from /home/airflow/.local/lib/python3.8/site-packages/airflow/example_dags/example_setup_teardown_taskflow.py
[2024-02-23T17:23:17.323+0000] {processor.py:840} INFO - DAG(s) 'example_setup_teardown_taskflow' retrieved from /home/airflow/.local/lib/python3.8/site-packages/airflow/example_dags/example_setup_teardown_taskflow.py
[2024-02-23T17:23:17.358+0000] {logging_mixin.py:188} INFO - [2024-02-23T17:23:17.357+0000] {dag.py:3033} INFO - Sync 1 DAGs
[2024-02-23T17:23:17.393+0000] {logging_mixin.py:188} INFO - [2024-02-23T17:23:17.392+0000] {dag.py:3820} INFO - Setting next_dagrun for example_setup_teardown_taskflow to 2024-02-22T00:00:00+00:00, run_after=2024-02-23T00:00:00+00:00
[2024-02-23T17:23:17.417+0000] {processor.py:183} INFO - Processing /home/airflow/.local/lib/python3.8/site-packages/airflow/example_dags/example_setup_teardown_taskflow.py took 0.121 seconds
[2024-02-23T17:23:47.643+0000] {processor.py:161} INFO - Started process (PID=5324) to work on /home/airflow/.local/lib/python3.8/site-packages/airflow/example_dags/example_setup_teardown_taskflow.py
[2024-02-23T17:23:47.645+0000] {processor.py:830} INFO - Processing file /home/airflow/.local/lib/python3.8/site-packages/airflow/example_dags/example_setup_teardown_taskflow.py for tasks to queue
[2024-02-23T17:23:47.647+0000] {logging_mixin.py:188} INFO - [2024-02-23T17:23:47.646+0000] {dagbag.py:538} INFO - Filling up the DagBag from /home/airflow/.local/lib/python3.8/site-packages/airflow/example_dags/example_setup_teardown_taskflow.py
[2024-02-23T17:23:47.664+0000] {processor.py:840} INFO - DAG(s) 'example_setup_teardown_taskflow' retrieved from /home/airflow/.local/lib/python3.8/site-packages/airflow/example_dags/example_setup_teardown_taskflow.py
[2024-02-23T17:23:47.693+0000] {logging_mixin.py:188} INFO - [2024-02-23T17:23:47.693+0000] {dag.py:3033} INFO - Sync 1 DAGs
[2024-02-23T17:23:47.725+0000] {logging_mixin.py:188} INFO - [2024-02-23T17:23:47.725+0000] {dag.py:3820} INFO - Setting next_dagrun for example_setup_teardown_taskflow to 2024-02-22T00:00:00+00:00, run_after=2024-02-23T00:00:00+00:00
[2024-02-23T17:23:47.757+0000] {processor.py:183} INFO - Processing /home/airflow/.local/lib/python3.8/site-packages/airflow/example_dags/example_setup_teardown_taskflow.py took 0.119 seconds
[2024-02-23T17:24:17.868+0000] {processor.py:161} INFO - Started process (PID=5381) to work on /home/airflow/.local/lib/python3.8/site-packages/airflow/example_dags/example_setup_teardown_taskflow.py
[2024-02-23T17:24:17.869+0000] {processor.py:830} INFO - Processing file /home/airflow/.local/lib/python3.8/site-packages/airflow/example_dags/example_setup_teardown_taskflow.py for tasks to queue
[2024-02-23T17:24:17.870+0000] {logging_mixin.py:188} INFO - [2024-02-23T17:24:17.870+0000] {dagbag.py:538} INFO - Filling up the DagBag from /home/airflow/.local/lib/python3.8/site-packages/airflow/example_dags/example_setup_teardown_taskflow.py
[2024-02-23T17:24:17.885+0000] {processor.py:840} INFO - DAG(s) 'example_setup_teardown_taskflow' retrieved from /home/airflow/.local/lib/python3.8/site-packages/airflow/example_dags/example_setup_teardown_taskflow.py
[2024-02-23T17:24:17.914+0000] {logging_mixin.py:188} INFO - [2024-02-23T17:24:17.913+0000] {dag.py:3033} INFO - Sync 1 DAGs
[2024-02-23T17:24:17.942+0000] {logging_mixin.py:188} INFO - [2024-02-23T17:24:17.942+0000] {dag.py:3820} INFO - Setting next_dagrun for example_setup_teardown_taskflow to 2024-02-22T00:00:00+00:00, run_after=2024-02-23T00:00:00+00:00
[2024-02-23T17:24:18.030+0000] {processor.py:183} INFO - Processing /home/airflow/.local/lib/python3.8/site-packages/airflow/example_dags/example_setup_teardown_taskflow.py took 0.166 seconds
[2024-02-23T17:24:48.185+0000] {processor.py:161} INFO - Started process (PID=5438) to work on /home/airflow/.local/lib/python3.8/site-packages/airflow/example_dags/example_setup_teardown_taskflow.py
[2024-02-23T17:24:48.186+0000] {processor.py:830} INFO - Processing file /home/airflow/.local/lib/python3.8/site-packages/airflow/example_dags/example_setup_teardown_taskflow.py for tasks to queue
[2024-02-23T17:24:48.188+0000] {logging_mixin.py:188} INFO - [2024-02-23T17:24:48.187+0000] {dagbag.py:538} INFO - Filling up the DagBag from /home/airflow/.local/lib/python3.8/site-packages/airflow/example_dags/example_setup_teardown_taskflow.py
[2024-02-23T17:24:48.206+0000] {processor.py:840} INFO - DAG(s) 'example_setup_teardown_taskflow' retrieved from /home/airflow/.local/lib/python3.8/site-packages/airflow/example_dags/example_setup_teardown_taskflow.py
[2024-02-23T17:24:48.235+0000] {logging_mixin.py:188} INFO - [2024-02-23T17:24:48.235+0000] {dag.py:3033} INFO - Sync 1 DAGs
[2024-02-23T17:24:48.266+0000] {logging_mixin.py:188} INFO - [2024-02-23T17:24:48.265+0000] {dag.py:3820} INFO - Setting next_dagrun for example_setup_teardown_taskflow to 2024-02-22T00:00:00+00:00, run_after=2024-02-23T00:00:00+00:00
[2024-02-23T17:24:48.330+0000] {processor.py:183} INFO - Processing /home/airflow/.local/lib/python3.8/site-packages/airflow/example_dags/example_setup_teardown_taskflow.py took 0.151 seconds
[2024-02-23T17:25:18.401+0000] {processor.py:161} INFO - Started process (PID=5496) to work on /home/airflow/.local/lib/python3.8/site-packages/airflow/example_dags/example_setup_teardown_taskflow.py
[2024-02-23T17:25:18.402+0000] {processor.py:830} INFO - Processing file /home/airflow/.local/lib/python3.8/site-packages/airflow/example_dags/example_setup_teardown_taskflow.py for tasks to queue
[2024-02-23T17:25:18.403+0000] {logging_mixin.py:188} INFO - [2024-02-23T17:25:18.403+0000] {dagbag.py:538} INFO - Filling up the DagBag from /home/airflow/.local/lib/python3.8/site-packages/airflow/example_dags/example_setup_teardown_taskflow.py
[2024-02-23T17:25:18.417+0000] {processor.py:840} INFO - DAG(s) 'example_setup_teardown_taskflow' retrieved from /home/airflow/.local/lib/python3.8/site-packages/airflow/example_dags/example_setup_teardown_taskflow.py
[2024-02-23T17:25:18.445+0000] {logging_mixin.py:188} INFO - [2024-02-23T17:25:18.445+0000] {dag.py:3033} INFO - Sync 1 DAGs
[2024-02-23T17:25:18.476+0000] {logging_mixin.py:188} INFO - [2024-02-23T17:25:18.476+0000] {dag.py:3820} INFO - Setting next_dagrun for example_setup_teardown_taskflow to 2024-02-22T00:00:00+00:00, run_after=2024-02-23T00:00:00+00:00
[2024-02-23T17:25:18.501+0000] {processor.py:183} INFO - Processing /home/airflow/.local/lib/python3.8/site-packages/airflow/example_dags/example_setup_teardown_taskflow.py took 0.105 seconds
[2024-02-23T17:25:49.538+0000] {processor.py:161} INFO - Started process (PID=5552) to work on /home/airflow/.local/lib/python3.8/site-packages/airflow/example_dags/example_setup_teardown_taskflow.py
[2024-02-23T17:25:49.539+0000] {processor.py:830} INFO - Processing file /home/airflow/.local/lib/python3.8/site-packages/airflow/example_dags/example_setup_teardown_taskflow.py for tasks to queue
[2024-02-23T17:25:49.541+0000] {logging_mixin.py:188} INFO - [2024-02-23T17:25:49.540+0000] {dagbag.py:538} INFO - Filling up the DagBag from /home/airflow/.local/lib/python3.8/site-packages/airflow/example_dags/example_setup_teardown_taskflow.py
[2024-02-23T17:25:49.554+0000] {processor.py:840} INFO - DAG(s) 'example_setup_teardown_taskflow' retrieved from /home/airflow/.local/lib/python3.8/site-packages/airflow/example_dags/example_setup_teardown_taskflow.py
[2024-02-23T17:25:49.579+0000] {logging_mixin.py:188} INFO - [2024-02-23T17:25:49.579+0000] {dag.py:3033} INFO - Sync 1 DAGs
[2024-02-23T17:25:49.610+0000] {logging_mixin.py:188} INFO - [2024-02-23T17:25:49.610+0000] {dag.py:3820} INFO - Setting next_dagrun for example_setup_teardown_taskflow to 2024-02-22T00:00:00+00:00, run_after=2024-02-23T00:00:00+00:00
[2024-02-23T17:25:49.634+0000] {processor.py:183} INFO - Processing /home/airflow/.local/lib/python3.8/site-packages/airflow/example_dags/example_setup_teardown_taskflow.py took 0.100 seconds
[2024-02-23T17:26:20.022+0000] {processor.py:161} INFO - Started process (PID=5609) to work on /home/airflow/.local/lib/python3.8/site-packages/airflow/example_dags/example_setup_teardown_taskflow.py
[2024-02-23T17:26:20.023+0000] {processor.py:830} INFO - Processing file /home/airflow/.local/lib/python3.8/site-packages/airflow/example_dags/example_setup_teardown_taskflow.py for tasks to queue
[2024-02-23T17:26:20.025+0000] {logging_mixin.py:188} INFO - [2024-02-23T17:26:20.024+0000] {dagbag.py:538} INFO - Filling up the DagBag from /home/airflow/.local/lib/python3.8/site-packages/airflow/example_dags/example_setup_teardown_taskflow.py
[2024-02-23T17:26:20.044+0000] {processor.py:840} INFO - DAG(s) 'example_setup_teardown_taskflow' retrieved from /home/airflow/.local/lib/python3.8/site-packages/airflow/example_dags/example_setup_teardown_taskflow.py
[2024-02-23T17:26:20.074+0000] {logging_mixin.py:188} INFO - [2024-02-23T17:26:20.074+0000] {dag.py:3033} INFO - Sync 1 DAGs
[2024-02-23T17:26:20.108+0000] {logging_mixin.py:188} INFO - [2024-02-23T17:26:20.108+0000] {dag.py:3820} INFO - Setting next_dagrun for example_setup_teardown_taskflow to 2024-02-22T00:00:00+00:00, run_after=2024-02-23T00:00:00+00:00
[2024-02-23T17:26:20.175+0000] {processor.py:183} INFO - Processing /home/airflow/.local/lib/python3.8/site-packages/airflow/example_dags/example_setup_teardown_taskflow.py took 0.157 seconds
[2024-02-23T17:26:51.014+0000] {processor.py:161} INFO - Started process (PID=5670) to work on /home/airflow/.local/lib/python3.8/site-packages/airflow/example_dags/example_setup_teardown_taskflow.py
[2024-02-23T17:26:51.016+0000] {processor.py:830} INFO - Processing file /home/airflow/.local/lib/python3.8/site-packages/airflow/example_dags/example_setup_teardown_taskflow.py for tasks to queue
[2024-02-23T17:26:51.017+0000] {logging_mixin.py:188} INFO - [2024-02-23T17:26:51.017+0000] {dagbag.py:538} INFO - Filling up the DagBag from /home/airflow/.local/lib/python3.8/site-packages/airflow/example_dags/example_setup_teardown_taskflow.py
[2024-02-23T17:26:51.034+0000] {processor.py:840} INFO - DAG(s) 'example_setup_teardown_taskflow' retrieved from /home/airflow/.local/lib/python3.8/site-packages/airflow/example_dags/example_setup_teardown_taskflow.py
[2024-02-23T17:26:51.067+0000] {logging_mixin.py:188} INFO - [2024-02-23T17:26:51.067+0000] {dag.py:3033} INFO - Sync 1 DAGs
[2024-02-23T17:26:51.099+0000] {logging_mixin.py:188} INFO - [2024-02-23T17:26:51.099+0000] {dag.py:3820} INFO - Setting next_dagrun for example_setup_teardown_taskflow to 2024-02-22T00:00:00+00:00, run_after=2024-02-23T00:00:00+00:00
[2024-02-23T17:26:51.165+0000] {processor.py:183} INFO - Processing /home/airflow/.local/lib/python3.8/site-packages/airflow/example_dags/example_setup_teardown_taskflow.py took 0.157 seconds
[2024-02-23T17:27:21.471+0000] {processor.py:161} INFO - Started process (PID=5726) to work on /home/airflow/.local/lib/python3.8/site-packages/airflow/example_dags/example_setup_teardown_taskflow.py
[2024-02-23T17:27:21.472+0000] {processor.py:830} INFO - Processing file /home/airflow/.local/lib/python3.8/site-packages/airflow/example_dags/example_setup_teardown_taskflow.py for tasks to queue
[2024-02-23T17:27:21.473+0000] {logging_mixin.py:188} INFO - [2024-02-23T17:27:21.473+0000] {dagbag.py:538} INFO - Filling up the DagBag from /home/airflow/.local/lib/python3.8/site-packages/airflow/example_dags/example_setup_teardown_taskflow.py
[2024-02-23T17:27:21.488+0000] {processor.py:840} INFO - DAG(s) 'example_setup_teardown_taskflow' retrieved from /home/airflow/.local/lib/python3.8/site-packages/airflow/example_dags/example_setup_teardown_taskflow.py
[2024-02-23T17:27:21.516+0000] {logging_mixin.py:188} INFO - [2024-02-23T17:27:21.515+0000] {dag.py:3033} INFO - Sync 1 DAGs
[2024-02-23T17:27:21.542+0000] {logging_mixin.py:188} INFO - [2024-02-23T17:27:21.542+0000] {dag.py:3820} INFO - Setting next_dagrun for example_setup_teardown_taskflow to 2024-02-22T00:00:00+00:00, run_after=2024-02-23T00:00:00+00:00
[2024-02-23T17:27:21.603+0000] {processor.py:183} INFO - Processing /home/airflow/.local/lib/python3.8/site-packages/airflow/example_dags/example_setup_teardown_taskflow.py took 0.137 seconds
[2024-02-23T17:27:52.487+0000] {processor.py:161} INFO - Started process (PID=5782) to work on /home/airflow/.local/lib/python3.8/site-packages/airflow/example_dags/example_setup_teardown_taskflow.py
[2024-02-23T17:27:52.488+0000] {processor.py:830} INFO - Processing file /home/airflow/.local/lib/python3.8/site-packages/airflow/example_dags/example_setup_teardown_taskflow.py for tasks to queue
[2024-02-23T17:27:52.489+0000] {logging_mixin.py:188} INFO - [2024-02-23T17:27:52.489+0000] {dagbag.py:538} INFO - Filling up the DagBag from /home/airflow/.local/lib/python3.8/site-packages/airflow/example_dags/example_setup_teardown_taskflow.py
[2024-02-23T17:27:52.508+0000] {processor.py:840} INFO - DAG(s) 'example_setup_teardown_taskflow' retrieved from /home/airflow/.local/lib/python3.8/site-packages/airflow/example_dags/example_setup_teardown_taskflow.py
[2024-02-23T17:27:52.547+0000] {logging_mixin.py:188} INFO - [2024-02-23T17:27:52.546+0000] {dag.py:3033} INFO - Sync 1 DAGs
[2024-02-23T17:27:52.589+0000] {logging_mixin.py:188} INFO - [2024-02-23T17:27:52.589+0000] {dag.py:3820} INFO - Setting next_dagrun for example_setup_teardown_taskflow to 2024-02-22T00:00:00+00:00, run_after=2024-02-23T00:00:00+00:00
[2024-02-23T17:27:52.624+0000] {processor.py:183} INFO - Processing /home/airflow/.local/lib/python3.8/site-packages/airflow/example_dags/example_setup_teardown_taskflow.py took 0.144 seconds
[2024-02-23T17:28:22.990+0000] {processor.py:161} INFO - Started process (PID=5839) to work on /home/airflow/.local/lib/python3.8/site-packages/airflow/example_dags/example_setup_teardown_taskflow.py
[2024-02-23T17:28:22.991+0000] {processor.py:830} INFO - Processing file /home/airflow/.local/lib/python3.8/site-packages/airflow/example_dags/example_setup_teardown_taskflow.py for tasks to queue
[2024-02-23T17:28:22.993+0000] {logging_mixin.py:188} INFO - [2024-02-23T17:28:22.992+0000] {dagbag.py:538} INFO - Filling up the DagBag from /home/airflow/.local/lib/python3.8/site-packages/airflow/example_dags/example_setup_teardown_taskflow.py
[2024-02-23T17:28:23.009+0000] {processor.py:840} INFO - DAG(s) 'example_setup_teardown_taskflow' retrieved from /home/airflow/.local/lib/python3.8/site-packages/airflow/example_dags/example_setup_teardown_taskflow.py
[2024-02-23T17:28:23.039+0000] {logging_mixin.py:188} INFO - [2024-02-23T17:28:23.038+0000] {dag.py:3033} INFO - Sync 1 DAGs
[2024-02-23T17:28:23.066+0000] {logging_mixin.py:188} INFO - [2024-02-23T17:28:23.066+0000] {dag.py:3820} INFO - Setting next_dagrun for example_setup_teardown_taskflow to 2024-02-22T00:00:00+00:00, run_after=2024-02-23T00:00:00+00:00
[2024-02-23T17:28:23.091+0000] {processor.py:183} INFO - Processing /home/airflow/.local/lib/python3.8/site-packages/airflow/example_dags/example_setup_teardown_taskflow.py took 0.105 seconds
[2024-02-23T17:28:53.582+0000] {processor.py:161} INFO - Started process (PID=5896) to work on /home/airflow/.local/lib/python3.8/site-packages/airflow/example_dags/example_setup_teardown_taskflow.py
[2024-02-23T17:28:53.583+0000] {processor.py:830} INFO - Processing file /home/airflow/.local/lib/python3.8/site-packages/airflow/example_dags/example_setup_teardown_taskflow.py for tasks to queue
[2024-02-23T17:28:53.584+0000] {logging_mixin.py:188} INFO - [2024-02-23T17:28:53.584+0000] {dagbag.py:538} INFO - Filling up the DagBag from /home/airflow/.local/lib/python3.8/site-packages/airflow/example_dags/example_setup_teardown_taskflow.py
[2024-02-23T17:28:53.600+0000] {processor.py:840} INFO - DAG(s) 'example_setup_teardown_taskflow' retrieved from /home/airflow/.local/lib/python3.8/site-packages/airflow/example_dags/example_setup_teardown_taskflow.py
[2024-02-23T17:28:53.629+0000] {logging_mixin.py:188} INFO - [2024-02-23T17:28:53.629+0000] {dag.py:3033} INFO - Sync 1 DAGs
[2024-02-23T17:28:53.658+0000] {logging_mixin.py:188} INFO - [2024-02-23T17:28:53.658+0000] {dag.py:3820} INFO - Setting next_dagrun for example_setup_teardown_taskflow to 2024-02-22T00:00:00+00:00, run_after=2024-02-23T00:00:00+00:00
[2024-02-23T17:28:53.682+0000] {processor.py:183} INFO - Processing /home/airflow/.local/lib/python3.8/site-packages/airflow/example_dags/example_setup_teardown_taskflow.py took 0.105 seconds
[2024-02-23T17:29:24.451+0000] {processor.py:161} INFO - Started process (PID=5953) to work on /home/airflow/.local/lib/python3.8/site-packages/airflow/example_dags/example_setup_teardown_taskflow.py
[2024-02-23T17:29:24.452+0000] {processor.py:830} INFO - Processing file /home/airflow/.local/lib/python3.8/site-packages/airflow/example_dags/example_setup_teardown_taskflow.py for tasks to queue
[2024-02-23T17:29:24.454+0000] {logging_mixin.py:188} INFO - [2024-02-23T17:29:24.453+0000] {dagbag.py:538} INFO - Filling up the DagBag from /home/airflow/.local/lib/python3.8/site-packages/airflow/example_dags/example_setup_teardown_taskflow.py
[2024-02-23T17:29:24.471+0000] {processor.py:840} INFO - DAG(s) 'example_setup_teardown_taskflow' retrieved from /home/airflow/.local/lib/python3.8/site-packages/airflow/example_dags/example_setup_teardown_taskflow.py
[2024-02-23T17:29:24.501+0000] {logging_mixin.py:188} INFO - [2024-02-23T17:29:24.500+0000] {dag.py:3033} INFO - Sync 1 DAGs
[2024-02-23T17:29:24.535+0000] {logging_mixin.py:188} INFO - [2024-02-23T17:29:24.535+0000] {dag.py:3820} INFO - Setting next_dagrun for example_setup_teardown_taskflow to 2024-02-22T00:00:00+00:00, run_after=2024-02-23T00:00:00+00:00
[2024-02-23T17:29:24.570+0000] {processor.py:183} INFO - Processing /home/airflow/.local/lib/python3.8/site-packages/airflow/example_dags/example_setup_teardown_taskflow.py took 0.124 seconds
[2024-02-23T17:29:55.593+0000] {processor.py:161} INFO - Started process (PID=6010) to work on /home/airflow/.local/lib/python3.8/site-packages/airflow/example_dags/example_setup_teardown_taskflow.py
[2024-02-23T17:29:55.595+0000] {processor.py:830} INFO - Processing file /home/airflow/.local/lib/python3.8/site-packages/airflow/example_dags/example_setup_teardown_taskflow.py for tasks to queue
[2024-02-23T17:29:55.596+0000] {logging_mixin.py:188} INFO - [2024-02-23T17:29:55.596+0000] {dagbag.py:538} INFO - Filling up the DagBag from /home/airflow/.local/lib/python3.8/site-packages/airflow/example_dags/example_setup_teardown_taskflow.py
[2024-02-23T17:29:55.612+0000] {processor.py:840} INFO - DAG(s) 'example_setup_teardown_taskflow' retrieved from /home/airflow/.local/lib/python3.8/site-packages/airflow/example_dags/example_setup_teardown_taskflow.py
[2024-02-23T17:29:55.642+0000] {logging_mixin.py:188} INFO - [2024-02-23T17:29:55.641+0000] {dag.py:3033} INFO - Sync 1 DAGs
[2024-02-23T17:29:55.673+0000] {logging_mixin.py:188} INFO - [2024-02-23T17:29:55.673+0000] {dag.py:3820} INFO - Setting next_dagrun for example_setup_teardown_taskflow to 2024-02-22T00:00:00+00:00, run_after=2024-02-23T00:00:00+00:00
[2024-02-23T17:29:55.705+0000] {processor.py:183} INFO - Processing /home/airflow/.local/lib/python3.8/site-packages/airflow/example_dags/example_setup_teardown_taskflow.py took 0.117 seconds
[2024-02-23T17:30:26.083+0000] {processor.py:161} INFO - Started process (PID=6067) to work on /home/airflow/.local/lib/python3.8/site-packages/airflow/example_dags/example_setup_teardown_taskflow.py
[2024-02-23T17:30:26.084+0000] {processor.py:830} INFO - Processing file /home/airflow/.local/lib/python3.8/site-packages/airflow/example_dags/example_setup_teardown_taskflow.py for tasks to queue
[2024-02-23T17:30:26.086+0000] {logging_mixin.py:188} INFO - [2024-02-23T17:30:26.085+0000] {dagbag.py:538} INFO - Filling up the DagBag from /home/airflow/.local/lib/python3.8/site-packages/airflow/example_dags/example_setup_teardown_taskflow.py
[2024-02-23T17:30:26.102+0000] {processor.py:840} INFO - DAG(s) 'example_setup_teardown_taskflow' retrieved from /home/airflow/.local/lib/python3.8/site-packages/airflow/example_dags/example_setup_teardown_taskflow.py
[2024-02-23T17:30:26.135+0000] {logging_mixin.py:188} INFO - [2024-02-23T17:30:26.135+0000] {dag.py:3033} INFO - Sync 1 DAGs
[2024-02-23T17:30:26.167+0000] {logging_mixin.py:188} INFO - [2024-02-23T17:30:26.167+0000] {dag.py:3820} INFO - Setting next_dagrun for example_setup_teardown_taskflow to 2024-02-22T00:00:00+00:00, run_after=2024-02-23T00:00:00+00:00
[2024-02-23T17:30:26.199+0000] {processor.py:183} INFO - Processing /home/airflow/.local/lib/python3.8/site-packages/airflow/example_dags/example_setup_teardown_taskflow.py took 0.122 seconds
[2024-02-23T17:30:56.475+0000] {processor.py:161} INFO - Started process (PID=6124) to work on /home/airflow/.local/lib/python3.8/site-packages/airflow/example_dags/example_setup_teardown_taskflow.py
[2024-02-23T17:30:56.476+0000] {processor.py:830} INFO - Processing file /home/airflow/.local/lib/python3.8/site-packages/airflow/example_dags/example_setup_teardown_taskflow.py for tasks to queue
[2024-02-23T17:30:56.478+0000] {logging_mixin.py:188} INFO - [2024-02-23T17:30:56.477+0000] {dagbag.py:538} INFO - Filling up the DagBag from /home/airflow/.local/lib/python3.8/site-packages/airflow/example_dags/example_setup_teardown_taskflow.py
[2024-02-23T17:30:56.493+0000] {processor.py:840} INFO - DAG(s) 'example_setup_teardown_taskflow' retrieved from /home/airflow/.local/lib/python3.8/site-packages/airflow/example_dags/example_setup_teardown_taskflow.py
[2024-02-23T17:30:56.521+0000] {logging_mixin.py:188} INFO - [2024-02-23T17:30:56.521+0000] {dag.py:3033} INFO - Sync 1 DAGs
[2024-02-23T17:30:56.552+0000] {logging_mixin.py:188} INFO - [2024-02-23T17:30:56.551+0000] {dag.py:3820} INFO - Setting next_dagrun for example_setup_teardown_taskflow to 2024-02-22T00:00:00+00:00, run_after=2024-02-23T00:00:00+00:00
[2024-02-23T17:30:56.575+0000] {processor.py:183} INFO - Processing /home/airflow/.local/lib/python3.8/site-packages/airflow/example_dags/example_setup_teardown_taskflow.py took 0.106 seconds
[2024-02-23T17:31:27.058+0000] {processor.py:161} INFO - Started process (PID=6184) to work on /home/airflow/.local/lib/python3.8/site-packages/airflow/example_dags/example_setup_teardown_taskflow.py
[2024-02-23T17:31:27.059+0000] {processor.py:830} INFO - Processing file /home/airflow/.local/lib/python3.8/site-packages/airflow/example_dags/example_setup_teardown_taskflow.py for tasks to queue
[2024-02-23T17:31:27.060+0000] {logging_mixin.py:188} INFO - [2024-02-23T17:31:27.060+0000] {dagbag.py:538} INFO - Filling up the DagBag from /home/airflow/.local/lib/python3.8/site-packages/airflow/example_dags/example_setup_teardown_taskflow.py
[2024-02-23T17:31:27.074+0000] {processor.py:840} INFO - DAG(s) 'example_setup_teardown_taskflow' retrieved from /home/airflow/.local/lib/python3.8/site-packages/airflow/example_dags/example_setup_teardown_taskflow.py
[2024-02-23T17:31:27.104+0000] {logging_mixin.py:188} INFO - [2024-02-23T17:31:27.104+0000] {dag.py:3033} INFO - Sync 1 DAGs
[2024-02-23T17:31:27.131+0000] {logging_mixin.py:188} INFO - [2024-02-23T17:31:27.131+0000] {dag.py:3820} INFO - Setting next_dagrun for example_setup_teardown_taskflow to 2024-02-22T00:00:00+00:00, run_after=2024-02-23T00:00:00+00:00
[2024-02-23T17:31:27.154+0000] {processor.py:183} INFO - Processing /home/airflow/.local/lib/python3.8/site-packages/airflow/example_dags/example_setup_teardown_taskflow.py took 0.100 seconds
[2024-02-23T17:31:58.193+0000] {processor.py:161} INFO - Started process (PID=6243) to work on /home/airflow/.local/lib/python3.8/site-packages/airflow/example_dags/example_setup_teardown_taskflow.py
[2024-02-23T17:31:58.195+0000] {processor.py:830} INFO - Processing file /home/airflow/.local/lib/python3.8/site-packages/airflow/example_dags/example_setup_teardown_taskflow.py for tasks to queue
[2024-02-23T17:31:58.196+0000] {logging_mixin.py:188} INFO - [2024-02-23T17:31:58.196+0000] {dagbag.py:538} INFO - Filling up the DagBag from /home/airflow/.local/lib/python3.8/site-packages/airflow/example_dags/example_setup_teardown_taskflow.py
[2024-02-23T17:31:58.209+0000] {processor.py:840} INFO - DAG(s) 'example_setup_teardown_taskflow' retrieved from /home/airflow/.local/lib/python3.8/site-packages/airflow/example_dags/example_setup_teardown_taskflow.py
[2024-02-23T17:31:58.237+0000] {logging_mixin.py:188} INFO - [2024-02-23T17:31:58.237+0000] {dag.py:3033} INFO - Sync 1 DAGs
[2024-02-23T17:31:58.265+0000] {logging_mixin.py:188} INFO - [2024-02-23T17:31:58.265+0000] {dag.py:3820} INFO - Setting next_dagrun for example_setup_teardown_taskflow to 2024-02-22T00:00:00+00:00, run_after=2024-02-23T00:00:00+00:00
[2024-02-23T17:31:58.291+0000] {processor.py:183} INFO - Processing /home/airflow/.local/lib/python3.8/site-packages/airflow/example_dags/example_setup_teardown_taskflow.py took 0.102 seconds
[2024-02-23T17:32:29.248+0000] {processor.py:161} INFO - Started process (PID=6300) to work on /home/airflow/.local/lib/python3.8/site-packages/airflow/example_dags/example_setup_teardown_taskflow.py
[2024-02-23T17:32:29.250+0000] {processor.py:830} INFO - Processing file /home/airflow/.local/lib/python3.8/site-packages/airflow/example_dags/example_setup_teardown_taskflow.py for tasks to queue
[2024-02-23T17:32:29.251+0000] {logging_mixin.py:188} INFO - [2024-02-23T17:32:29.251+0000] {dagbag.py:538} INFO - Filling up the DagBag from /home/airflow/.local/lib/python3.8/site-packages/airflow/example_dags/example_setup_teardown_taskflow.py
[2024-02-23T17:32:29.268+0000] {processor.py:840} INFO - DAG(s) 'example_setup_teardown_taskflow' retrieved from /home/airflow/.local/lib/python3.8/site-packages/airflow/example_dags/example_setup_teardown_taskflow.py
[2024-02-23T17:32:29.301+0000] {logging_mixin.py:188} INFO - [2024-02-23T17:32:29.300+0000] {dag.py:3033} INFO - Sync 1 DAGs
[2024-02-23T17:32:29.332+0000] {logging_mixin.py:188} INFO - [2024-02-23T17:32:29.332+0000] {dag.py:3820} INFO - Setting next_dagrun for example_setup_teardown_taskflow to 2024-02-22T00:00:00+00:00, run_after=2024-02-23T00:00:00+00:00
[2024-02-23T17:32:29.361+0000] {processor.py:183} INFO - Processing /home/airflow/.local/lib/python3.8/site-packages/airflow/example_dags/example_setup_teardown_taskflow.py took 0.117 seconds
[2024-02-23T17:33:00.177+0000] {processor.py:161} INFO - Started process (PID=6361) to work on /home/airflow/.local/lib/python3.8/site-packages/airflow/example_dags/example_setup_teardown_taskflow.py
[2024-02-23T17:33:00.179+0000] {processor.py:830} INFO - Processing file /home/airflow/.local/lib/python3.8/site-packages/airflow/example_dags/example_setup_teardown_taskflow.py for tasks to queue
[2024-02-23T17:33:00.180+0000] {logging_mixin.py:188} INFO - [2024-02-23T17:33:00.179+0000] {dagbag.py:538} INFO - Filling up the DagBag from /home/airflow/.local/lib/python3.8/site-packages/airflow/example_dags/example_setup_teardown_taskflow.py
[2024-02-23T17:33:00.195+0000] {processor.py:840} INFO - DAG(s) 'example_setup_teardown_taskflow' retrieved from /home/airflow/.local/lib/python3.8/site-packages/airflow/example_dags/example_setup_teardown_taskflow.py
[2024-02-23T17:33:00.227+0000] {logging_mixin.py:188} INFO - [2024-02-23T17:33:00.227+0000] {dag.py:3033} INFO - Sync 1 DAGs
[2024-02-23T17:33:00.261+0000] {logging_mixin.py:188} INFO - [2024-02-23T17:33:00.260+0000] {dag.py:3820} INFO - Setting next_dagrun for example_setup_teardown_taskflow to 2024-02-22T00:00:00+00:00, run_after=2024-02-23T00:00:00+00:00
[2024-02-23T17:33:00.320+0000] {processor.py:183} INFO - Processing /home/airflow/.local/lib/python3.8/site-packages/airflow/example_dags/example_setup_teardown_taskflow.py took 0.149 seconds
[2024-02-23T17:33:30.696+0000] {processor.py:161} INFO - Started process (PID=6418) to work on /home/airflow/.local/lib/python3.8/site-packages/airflow/example_dags/example_setup_teardown_taskflow.py
[2024-02-23T17:33:30.697+0000] {processor.py:830} INFO - Processing file /home/airflow/.local/lib/python3.8/site-packages/airflow/example_dags/example_setup_teardown_taskflow.py for tasks to queue
[2024-02-23T17:33:30.699+0000] {logging_mixin.py:188} INFO - [2024-02-23T17:33:30.698+0000] {dagbag.py:538} INFO - Filling up the DagBag from /home/airflow/.local/lib/python3.8/site-packages/airflow/example_dags/example_setup_teardown_taskflow.py
[2024-02-23T17:33:30.715+0000] {processor.py:840} INFO - DAG(s) 'example_setup_teardown_taskflow' retrieved from /home/airflow/.local/lib/python3.8/site-packages/airflow/example_dags/example_setup_teardown_taskflow.py
[2024-02-23T17:33:30.748+0000] {logging_mixin.py:188} INFO - [2024-02-23T17:33:30.748+0000] {dag.py:3033} INFO - Sync 1 DAGs
[2024-02-23T17:33:30.780+0000] {logging_mixin.py:188} INFO - [2024-02-23T17:33:30.779+0000] {dag.py:3820} INFO - Setting next_dagrun for example_setup_teardown_taskflow to 2024-02-22T00:00:00+00:00, run_after=2024-02-23T00:00:00+00:00
[2024-02-23T17:33:30.843+0000] {processor.py:183} INFO - Processing /home/airflow/.local/lib/python3.8/site-packages/airflow/example_dags/example_setup_teardown_taskflow.py took 0.152 seconds
[2024-02-23T17:34:01.024+0000] {processor.py:161} INFO - Started process (PID=6475) to work on /home/airflow/.local/lib/python3.8/site-packages/airflow/example_dags/example_setup_teardown_taskflow.py
[2024-02-23T17:34:01.025+0000] {processor.py:830} INFO - Processing file /home/airflow/.local/lib/python3.8/site-packages/airflow/example_dags/example_setup_teardown_taskflow.py for tasks to queue
[2024-02-23T17:34:01.026+0000] {logging_mixin.py:188} INFO - [2024-02-23T17:34:01.026+0000] {dagbag.py:538} INFO - Filling up the DagBag from /home/airflow/.local/lib/python3.8/site-packages/airflow/example_dags/example_setup_teardown_taskflow.py
[2024-02-23T17:34:01.040+0000] {processor.py:840} INFO - DAG(s) 'example_setup_teardown_taskflow' retrieved from /home/airflow/.local/lib/python3.8/site-packages/airflow/example_dags/example_setup_teardown_taskflow.py
[2024-02-23T17:34:01.067+0000] {logging_mixin.py:188} INFO - [2024-02-23T17:34:01.066+0000] {dag.py:3033} INFO - Sync 1 DAGs
[2024-02-23T17:34:01.092+0000] {logging_mixin.py:188} INFO - [2024-02-23T17:34:01.092+0000] {dag.py:3820} INFO - Setting next_dagrun for example_setup_teardown_taskflow to 2024-02-22T00:00:00+00:00, run_after=2024-02-23T00:00:00+00:00
[2024-02-23T17:34:01.146+0000] {processor.py:183} INFO - Processing /home/airflow/.local/lib/python3.8/site-packages/airflow/example_dags/example_setup_teardown_taskflow.py took 0.126 seconds
[2024-02-23T17:34:31.758+0000] {processor.py:161} INFO - Started process (PID=6533) to work on /home/airflow/.local/lib/python3.8/site-packages/airflow/example_dags/example_setup_teardown_taskflow.py
[2024-02-23T17:34:31.759+0000] {processor.py:830} INFO - Processing file /home/airflow/.local/lib/python3.8/site-packages/airflow/example_dags/example_setup_teardown_taskflow.py for tasks to queue
[2024-02-23T17:34:31.761+0000] {logging_mixin.py:188} INFO - [2024-02-23T17:34:31.760+0000] {dagbag.py:538} INFO - Filling up the DagBag from /home/airflow/.local/lib/python3.8/site-packages/airflow/example_dags/example_setup_teardown_taskflow.py
[2024-02-23T17:34:31.775+0000] {processor.py:840} INFO - DAG(s) 'example_setup_teardown_taskflow' retrieved from /home/airflow/.local/lib/python3.8/site-packages/airflow/example_dags/example_setup_teardown_taskflow.py
[2024-02-23T17:34:31.801+0000] {logging_mixin.py:188} INFO - [2024-02-23T17:34:31.801+0000] {dag.py:3033} INFO - Sync 1 DAGs
[2024-02-23T17:34:31.828+0000] {logging_mixin.py:188} INFO - [2024-02-23T17:34:31.828+0000] {dag.py:3820} INFO - Setting next_dagrun for example_setup_teardown_taskflow to 2024-02-22T00:00:00+00:00, run_after=2024-02-23T00:00:00+00:00
[2024-02-23T17:34:31.888+0000] {processor.py:183} INFO - Processing /home/airflow/.local/lib/python3.8/site-packages/airflow/example_dags/example_setup_teardown_taskflow.py took 0.135 seconds
[2024-02-23T17:35:03.060+0000] {processor.py:161} INFO - Started process (PID=6590) to work on /home/airflow/.local/lib/python3.8/site-packages/airflow/example_dags/example_setup_teardown_taskflow.py
[2024-02-23T17:35:03.061+0000] {processor.py:830} INFO - Processing file /home/airflow/.local/lib/python3.8/site-packages/airflow/example_dags/example_setup_teardown_taskflow.py for tasks to queue
[2024-02-23T17:35:03.062+0000] {logging_mixin.py:188} INFO - [2024-02-23T17:35:03.062+0000] {dagbag.py:538} INFO - Filling up the DagBag from /home/airflow/.local/lib/python3.8/site-packages/airflow/example_dags/example_setup_teardown_taskflow.py
[2024-02-23T17:35:03.080+0000] {processor.py:840} INFO - DAG(s) 'example_setup_teardown_taskflow' retrieved from /home/airflow/.local/lib/python3.8/site-packages/airflow/example_dags/example_setup_teardown_taskflow.py
[2024-02-23T17:35:03.113+0000] {logging_mixin.py:188} INFO - [2024-02-23T17:35:03.113+0000] {dag.py:3033} INFO - Sync 1 DAGs
[2024-02-23T17:35:03.149+0000] {logging_mixin.py:188} INFO - [2024-02-23T17:35:03.149+0000] {dag.py:3820} INFO - Setting next_dagrun for example_setup_teardown_taskflow to 2024-02-22T00:00:00+00:00, run_after=2024-02-23T00:00:00+00:00
[2024-02-23T17:35:03.179+0000] {processor.py:183} INFO - Processing /home/airflow/.local/lib/python3.8/site-packages/airflow/example_dags/example_setup_teardown_taskflow.py took 0.125 seconds
[2024-02-23T17:35:33.413+0000] {processor.py:161} INFO - Started process (PID=6647) to work on /home/airflow/.local/lib/python3.8/site-packages/airflow/example_dags/example_setup_teardown_taskflow.py
[2024-02-23T17:35:33.414+0000] {processor.py:830} INFO - Processing file /home/airflow/.local/lib/python3.8/site-packages/airflow/example_dags/example_setup_teardown_taskflow.py for tasks to queue
[2024-02-23T17:35:33.415+0000] {logging_mixin.py:188} INFO - [2024-02-23T17:35:33.415+0000] {dagbag.py:538} INFO - Filling up the DagBag from /home/airflow/.local/lib/python3.8/site-packages/airflow/example_dags/example_setup_teardown_taskflow.py
[2024-02-23T17:35:33.432+0000] {processor.py:840} INFO - DAG(s) 'example_setup_teardown_taskflow' retrieved from /home/airflow/.local/lib/python3.8/site-packages/airflow/example_dags/example_setup_teardown_taskflow.py
[2024-02-23T17:35:33.460+0000] {logging_mixin.py:188} INFO - [2024-02-23T17:35:33.459+0000] {dag.py:3033} INFO - Sync 1 DAGs
[2024-02-23T17:35:33.491+0000] {logging_mixin.py:188} INFO - [2024-02-23T17:35:33.491+0000] {dag.py:3820} INFO - Setting next_dagrun for example_setup_teardown_taskflow to 2024-02-22T00:00:00+00:00, run_after=2024-02-23T00:00:00+00:00
[2024-02-23T17:35:33.517+0000] {processor.py:183} INFO - Processing /home/airflow/.local/lib/python3.8/site-packages/airflow/example_dags/example_setup_teardown_taskflow.py took 0.108 seconds
[2024-02-23T17:36:03.983+0000] {processor.py:161} INFO - Started process (PID=6706) to work on /home/airflow/.local/lib/python3.8/site-packages/airflow/example_dags/example_setup_teardown_taskflow.py
[2024-02-23T17:36:03.984+0000] {processor.py:830} INFO - Processing file /home/airflow/.local/lib/python3.8/site-packages/airflow/example_dags/example_setup_teardown_taskflow.py for tasks to queue
[2024-02-23T17:36:03.985+0000] {logging_mixin.py:188} INFO - [2024-02-23T17:36:03.985+0000] {dagbag.py:538} INFO - Filling up the DagBag from /home/airflow/.local/lib/python3.8/site-packages/airflow/example_dags/example_setup_teardown_taskflow.py
[2024-02-23T17:36:03.999+0000] {processor.py:840} INFO - DAG(s) 'example_setup_teardown_taskflow' retrieved from /home/airflow/.local/lib/python3.8/site-packages/airflow/example_dags/example_setup_teardown_taskflow.py
[2024-02-23T17:36:04.027+0000] {logging_mixin.py:188} INFO - [2024-02-23T17:36:04.026+0000] {dag.py:3033} INFO - Sync 1 DAGs
[2024-02-23T17:36:04.053+0000] {logging_mixin.py:188} INFO - [2024-02-23T17:36:04.053+0000] {dag.py:3820} INFO - Setting next_dagrun for example_setup_teardown_taskflow to 2024-02-22T00:00:00+00:00, run_after=2024-02-23T00:00:00+00:00
[2024-02-23T17:36:04.116+0000] {processor.py:183} INFO - Processing /home/airflow/.local/lib/python3.8/site-packages/airflow/example_dags/example_setup_teardown_taskflow.py took 0.137 seconds
[2024-02-23T17:36:34.646+0000] {processor.py:161} INFO - Started process (PID=6763) to work on /home/airflow/.local/lib/python3.8/site-packages/airflow/example_dags/example_setup_teardown_taskflow.py
[2024-02-23T17:36:34.647+0000] {processor.py:830} INFO - Processing file /home/airflow/.local/lib/python3.8/site-packages/airflow/example_dags/example_setup_teardown_taskflow.py for tasks to queue
[2024-02-23T17:36:34.648+0000] {logging_mixin.py:188} INFO - [2024-02-23T17:36:34.648+0000] {dagbag.py:538} INFO - Filling up the DagBag from /home/airflow/.local/lib/python3.8/site-packages/airflow/example_dags/example_setup_teardown_taskflow.py
[2024-02-23T17:36:34.663+0000] {processor.py:840} INFO - DAG(s) 'example_setup_teardown_taskflow' retrieved from /home/airflow/.local/lib/python3.8/site-packages/airflow/example_dags/example_setup_teardown_taskflow.py
[2024-02-23T17:36:34.692+0000] {logging_mixin.py:188} INFO - [2024-02-23T17:36:34.691+0000] {dag.py:3033} INFO - Sync 1 DAGs
[2024-02-23T17:36:34.725+0000] {logging_mixin.py:188} INFO - [2024-02-23T17:36:34.725+0000] {dag.py:3820} INFO - Setting next_dagrun for example_setup_teardown_taskflow to 2024-02-22T00:00:00+00:00, run_after=2024-02-23T00:00:00+00:00
[2024-02-23T17:36:34.751+0000] {processor.py:183} INFO - Processing /home/airflow/.local/lib/python3.8/site-packages/airflow/example_dags/example_setup_teardown_taskflow.py took 0.109 seconds
[2024-02-23T17:37:05.846+0000] {processor.py:161} INFO - Started process (PID=6821) to work on /home/airflow/.local/lib/python3.8/site-packages/airflow/example_dags/example_setup_teardown_taskflow.py
[2024-02-23T17:37:05.847+0000] {processor.py:830} INFO - Processing file /home/airflow/.local/lib/python3.8/site-packages/airflow/example_dags/example_setup_teardown_taskflow.py for tasks to queue
[2024-02-23T17:37:05.848+0000] {logging_mixin.py:188} INFO - [2024-02-23T17:37:05.847+0000] {dagbag.py:538} INFO - Filling up the DagBag from /home/airflow/.local/lib/python3.8/site-packages/airflow/example_dags/example_setup_teardown_taskflow.py
[2024-02-23T17:37:05.862+0000] {processor.py:840} INFO - DAG(s) 'example_setup_teardown_taskflow' retrieved from /home/airflow/.local/lib/python3.8/site-packages/airflow/example_dags/example_setup_teardown_taskflow.py
[2024-02-23T17:37:05.892+0000] {logging_mixin.py:188} INFO - [2024-02-23T17:37:05.892+0000] {dag.py:3033} INFO - Sync 1 DAGs
[2024-02-23T17:37:05.923+0000] {logging_mixin.py:188} INFO - [2024-02-23T17:37:05.923+0000] {dag.py:3820} INFO - Setting next_dagrun for example_setup_teardown_taskflow to 2024-02-22T00:00:00+00:00, run_after=2024-02-23T00:00:00+00:00
[2024-02-23T17:37:05.947+0000] {processor.py:183} INFO - Processing /home/airflow/.local/lib/python3.8/site-packages/airflow/example_dags/example_setup_teardown_taskflow.py took 0.105 seconds
[2024-02-23T17:37:36.148+0000] {processor.py:161} INFO - Started process (PID=6879) to work on /home/airflow/.local/lib/python3.8/site-packages/airflow/example_dags/example_setup_teardown_taskflow.py
[2024-02-23T17:37:36.149+0000] {processor.py:830} INFO - Processing file /home/airflow/.local/lib/python3.8/site-packages/airflow/example_dags/example_setup_teardown_taskflow.py for tasks to queue
[2024-02-23T17:37:36.151+0000] {logging_mixin.py:188} INFO - [2024-02-23T17:37:36.150+0000] {dagbag.py:538} INFO - Filling up the DagBag from /home/airflow/.local/lib/python3.8/site-packages/airflow/example_dags/example_setup_teardown_taskflow.py
[2024-02-23T17:37:36.174+0000] {processor.py:840} INFO - DAG(s) 'example_setup_teardown_taskflow' retrieved from /home/airflow/.local/lib/python3.8/site-packages/airflow/example_dags/example_setup_teardown_taskflow.py
[2024-02-23T17:37:36.207+0000] {logging_mixin.py:188} INFO - [2024-02-23T17:37:36.207+0000] {dag.py:3033} INFO - Sync 1 DAGs
[2024-02-23T17:37:36.245+0000] {logging_mixin.py:188} INFO - [2024-02-23T17:37:36.245+0000] {dag.py:3820} INFO - Setting next_dagrun for example_setup_teardown_taskflow to 2024-02-22T00:00:00+00:00, run_after=2024-02-23T00:00:00+00:00
[2024-02-23T17:37:36.291+0000] {processor.py:183} INFO - Processing /home/airflow/.local/lib/python3.8/site-packages/airflow/example_dags/example_setup_teardown_taskflow.py took 0.152 seconds
[2024-02-23T17:38:06.410+0000] {processor.py:161} INFO - Started process (PID=6935) to work on /home/airflow/.local/lib/python3.8/site-packages/airflow/example_dags/example_setup_teardown_taskflow.py
[2024-02-23T17:38:06.411+0000] {processor.py:830} INFO - Processing file /home/airflow/.local/lib/python3.8/site-packages/airflow/example_dags/example_setup_teardown_taskflow.py for tasks to queue
[2024-02-23T17:38:06.413+0000] {logging_mixin.py:188} INFO - [2024-02-23T17:38:06.412+0000] {dagbag.py:538} INFO - Filling up the DagBag from /home/airflow/.local/lib/python3.8/site-packages/airflow/example_dags/example_setup_teardown_taskflow.py
[2024-02-23T17:38:06.430+0000] {processor.py:840} INFO - DAG(s) 'example_setup_teardown_taskflow' retrieved from /home/airflow/.local/lib/python3.8/site-packages/airflow/example_dags/example_setup_teardown_taskflow.py
[2024-02-23T17:38:06.462+0000] {logging_mixin.py:188} INFO - [2024-02-23T17:38:06.462+0000] {dag.py:3033} INFO - Sync 1 DAGs
[2024-02-23T17:38:06.505+0000] {logging_mixin.py:188} INFO - [2024-02-23T17:38:06.504+0000] {dag.py:3820} INFO - Setting next_dagrun for example_setup_teardown_taskflow to 2024-02-22T00:00:00+00:00, run_after=2024-02-23T00:00:00+00:00
[2024-02-23T17:38:06.542+0000] {processor.py:183} INFO - Processing /home/airflow/.local/lib/python3.8/site-packages/airflow/example_dags/example_setup_teardown_taskflow.py took 0.137 seconds
[2024-02-23T17:38:36.970+0000] {processor.py:161} INFO - Started process (PID=6992) to work on /home/airflow/.local/lib/python3.8/site-packages/airflow/example_dags/example_setup_teardown_taskflow.py
[2024-02-23T17:38:36.972+0000] {processor.py:830} INFO - Processing file /home/airflow/.local/lib/python3.8/site-packages/airflow/example_dags/example_setup_teardown_taskflow.py for tasks to queue
[2024-02-23T17:38:36.973+0000] {logging_mixin.py:188} INFO - [2024-02-23T17:38:36.973+0000] {dagbag.py:538} INFO - Filling up the DagBag from /home/airflow/.local/lib/python3.8/site-packages/airflow/example_dags/example_setup_teardown_taskflow.py
[2024-02-23T17:38:36.987+0000] {processor.py:840} INFO - DAG(s) 'example_setup_teardown_taskflow' retrieved from /home/airflow/.local/lib/python3.8/site-packages/airflow/example_dags/example_setup_teardown_taskflow.py
[2024-02-23T17:38:37.014+0000] {logging_mixin.py:188} INFO - [2024-02-23T17:38:37.014+0000] {dag.py:3033} INFO - Sync 1 DAGs
[2024-02-23T17:38:37.044+0000] {logging_mixin.py:188} INFO - [2024-02-23T17:38:37.044+0000] {dag.py:3820} INFO - Setting next_dagrun for example_setup_teardown_taskflow to 2024-02-22T00:00:00+00:00, run_after=2024-02-23T00:00:00+00:00
[2024-02-23T17:38:37.106+0000] {processor.py:183} INFO - Processing /home/airflow/.local/lib/python3.8/site-packages/airflow/example_dags/example_setup_teardown_taskflow.py took 0.140 seconds
[2024-02-23T17:39:07.152+0000] {processor.py:161} INFO - Started process (PID=7049) to work on /home/airflow/.local/lib/python3.8/site-packages/airflow/example_dags/example_setup_teardown_taskflow.py
[2024-02-23T17:39:07.153+0000] {processor.py:830} INFO - Processing file /home/airflow/.local/lib/python3.8/site-packages/airflow/example_dags/example_setup_teardown_taskflow.py for tasks to queue
[2024-02-23T17:39:07.154+0000] {logging_mixin.py:188} INFO - [2024-02-23T17:39:07.154+0000] {dagbag.py:538} INFO - Filling up the DagBag from /home/airflow/.local/lib/python3.8/site-packages/airflow/example_dags/example_setup_teardown_taskflow.py
[2024-02-23T17:39:07.168+0000] {processor.py:840} INFO - DAG(s) 'example_setup_teardown_taskflow' retrieved from /home/airflow/.local/lib/python3.8/site-packages/airflow/example_dags/example_setup_teardown_taskflow.py
[2024-02-23T17:39:07.192+0000] {logging_mixin.py:188} INFO - [2024-02-23T17:39:07.192+0000] {dag.py:3033} INFO - Sync 1 DAGs
[2024-02-23T17:39:07.218+0000] {logging_mixin.py:188} INFO - [2024-02-23T17:39:07.218+0000] {dag.py:3820} INFO - Setting next_dagrun for example_setup_teardown_taskflow to 2024-02-22T00:00:00+00:00, run_after=2024-02-23T00:00:00+00:00
[2024-02-23T17:39:07.276+0000] {processor.py:183} INFO - Processing /home/airflow/.local/lib/python3.8/site-packages/airflow/example_dags/example_setup_teardown_taskflow.py took 0.128 seconds
[2024-02-23T17:39:37.566+0000] {processor.py:161} INFO - Started process (PID=7106) to work on /home/airflow/.local/lib/python3.8/site-packages/airflow/example_dags/example_setup_teardown_taskflow.py
[2024-02-23T17:39:37.567+0000] {processor.py:830} INFO - Processing file /home/airflow/.local/lib/python3.8/site-packages/airflow/example_dags/example_setup_teardown_taskflow.py for tasks to queue
[2024-02-23T17:39:37.568+0000] {logging_mixin.py:188} INFO - [2024-02-23T17:39:37.568+0000] {dagbag.py:538} INFO - Filling up the DagBag from /home/airflow/.local/lib/python3.8/site-packages/airflow/example_dags/example_setup_teardown_taskflow.py
[2024-02-23T17:39:37.582+0000] {processor.py:840} INFO - DAG(s) 'example_setup_teardown_taskflow' retrieved from /home/airflow/.local/lib/python3.8/site-packages/airflow/example_dags/example_setup_teardown_taskflow.py
[2024-02-23T17:39:37.610+0000] {logging_mixin.py:188} INFO - [2024-02-23T17:39:37.609+0000] {dag.py:3033} INFO - Sync 1 DAGs
[2024-02-23T17:39:37.638+0000] {logging_mixin.py:188} INFO - [2024-02-23T17:39:37.638+0000] {dag.py:3820} INFO - Setting next_dagrun for example_setup_teardown_taskflow to 2024-02-22T00:00:00+00:00, run_after=2024-02-23T00:00:00+00:00
[2024-02-23T17:39:37.663+0000] {processor.py:183} INFO - Processing /home/airflow/.local/lib/python3.8/site-packages/airflow/example_dags/example_setup_teardown_taskflow.py took 0.101 seconds
[2024-02-23T17:40:08.149+0000] {processor.py:161} INFO - Started process (PID=7163) to work on /home/airflow/.local/lib/python3.8/site-packages/airflow/example_dags/example_setup_teardown_taskflow.py
[2024-02-23T17:40:08.150+0000] {processor.py:830} INFO - Processing file /home/airflow/.local/lib/python3.8/site-packages/airflow/example_dags/example_setup_teardown_taskflow.py for tasks to queue
[2024-02-23T17:40:08.152+0000] {logging_mixin.py:188} INFO - [2024-02-23T17:40:08.151+0000] {dagbag.py:538} INFO - Filling up the DagBag from /home/airflow/.local/lib/python3.8/site-packages/airflow/example_dags/example_setup_teardown_taskflow.py
[2024-02-23T17:40:08.165+0000] {processor.py:840} INFO - DAG(s) 'example_setup_teardown_taskflow' retrieved from /home/airflow/.local/lib/python3.8/site-packages/airflow/example_dags/example_setup_teardown_taskflow.py
[2024-02-23T17:40:08.192+0000] {logging_mixin.py:188} INFO - [2024-02-23T17:40:08.192+0000] {dag.py:3033} INFO - Sync 1 DAGs
[2024-02-23T17:40:08.223+0000] {logging_mixin.py:188} INFO - [2024-02-23T17:40:08.222+0000] {dag.py:3820} INFO - Setting next_dagrun for example_setup_teardown_taskflow to 2024-02-22T00:00:00+00:00, run_after=2024-02-23T00:00:00+00:00
[2024-02-23T17:40:08.249+0000] {processor.py:183} INFO - Processing /home/airflow/.local/lib/python3.8/site-packages/airflow/example_dags/example_setup_teardown_taskflow.py took 0.104 seconds
[2024-02-23T17:40:38.683+0000] {processor.py:161} INFO - Started process (PID=7220) to work on /home/airflow/.local/lib/python3.8/site-packages/airflow/example_dags/example_setup_teardown_taskflow.py
[2024-02-23T17:40:38.684+0000] {processor.py:830} INFO - Processing file /home/airflow/.local/lib/python3.8/site-packages/airflow/example_dags/example_setup_teardown_taskflow.py for tasks to queue
[2024-02-23T17:40:38.685+0000] {logging_mixin.py:188} INFO - [2024-02-23T17:40:38.685+0000] {dagbag.py:538} INFO - Filling up the DagBag from /home/airflow/.local/lib/python3.8/site-packages/airflow/example_dags/example_setup_teardown_taskflow.py
[2024-02-23T17:40:38.698+0000] {processor.py:840} INFO - DAG(s) 'example_setup_teardown_taskflow' retrieved from /home/airflow/.local/lib/python3.8/site-packages/airflow/example_dags/example_setup_teardown_taskflow.py
[2024-02-23T17:40:38.724+0000] {logging_mixin.py:188} INFO - [2024-02-23T17:40:38.723+0000] {dag.py:3033} INFO - Sync 1 DAGs
[2024-02-23T17:40:38.749+0000] {logging_mixin.py:188} INFO - [2024-02-23T17:40:38.749+0000] {dag.py:3820} INFO - Setting next_dagrun for example_setup_teardown_taskflow to 2024-02-22T00:00:00+00:00, run_after=2024-02-23T00:00:00+00:00
[2024-02-23T17:40:38.808+0000] {processor.py:183} INFO - Processing /home/airflow/.local/lib/python3.8/site-packages/airflow/example_dags/example_setup_teardown_taskflow.py took 0.130 seconds
[2024-02-23T17:41:08.951+0000] {processor.py:161} INFO - Started process (PID=7277) to work on /home/airflow/.local/lib/python3.8/site-packages/airflow/example_dags/example_setup_teardown_taskflow.py
[2024-02-23T17:41:08.952+0000] {processor.py:830} INFO - Processing file /home/airflow/.local/lib/python3.8/site-packages/airflow/example_dags/example_setup_teardown_taskflow.py for tasks to queue
[2024-02-23T17:41:08.954+0000] {logging_mixin.py:188} INFO - [2024-02-23T17:41:08.953+0000] {dagbag.py:538} INFO - Filling up the DagBag from /home/airflow/.local/lib/python3.8/site-packages/airflow/example_dags/example_setup_teardown_taskflow.py
[2024-02-23T17:41:08.970+0000] {processor.py:840} INFO - DAG(s) 'example_setup_teardown_taskflow' retrieved from /home/airflow/.local/lib/python3.8/site-packages/airflow/example_dags/example_setup_teardown_taskflow.py
[2024-02-23T17:41:08.997+0000] {logging_mixin.py:188} INFO - [2024-02-23T17:41:08.997+0000] {dag.py:3033} INFO - Sync 1 DAGs
[2024-02-23T17:41:09.025+0000] {logging_mixin.py:188} INFO - [2024-02-23T17:41:09.025+0000] {dag.py:3820} INFO - Setting next_dagrun for example_setup_teardown_taskflow to 2024-02-22T00:00:00+00:00, run_after=2024-02-23T00:00:00+00:00
[2024-02-23T17:41:09.047+0000] {processor.py:183} INFO - Processing /home/airflow/.local/lib/python3.8/site-packages/airflow/example_dags/example_setup_teardown_taskflow.py took 0.101 seconds
[2024-02-23T17:41:39.303+0000] {processor.py:161} INFO - Started process (PID=7337) to work on /home/airflow/.local/lib/python3.8/site-packages/airflow/example_dags/example_setup_teardown_taskflow.py
[2024-02-23T17:41:39.304+0000] {processor.py:830} INFO - Processing file /home/airflow/.local/lib/python3.8/site-packages/airflow/example_dags/example_setup_teardown_taskflow.py for tasks to queue
[2024-02-23T17:41:39.305+0000] {logging_mixin.py:188} INFO - [2024-02-23T17:41:39.305+0000] {dagbag.py:538} INFO - Filling up the DagBag from /home/airflow/.local/lib/python3.8/site-packages/airflow/example_dags/example_setup_teardown_taskflow.py
[2024-02-23T17:41:39.319+0000] {processor.py:840} INFO - DAG(s) 'example_setup_teardown_taskflow' retrieved from /home/airflow/.local/lib/python3.8/site-packages/airflow/example_dags/example_setup_teardown_taskflow.py
[2024-02-23T17:41:39.346+0000] {logging_mixin.py:188} INFO - [2024-02-23T17:41:39.346+0000] {dag.py:3033} INFO - Sync 1 DAGs
[2024-02-23T17:41:39.376+0000] {logging_mixin.py:188} INFO - [2024-02-23T17:41:39.376+0000] {dag.py:3820} INFO - Setting next_dagrun for example_setup_teardown_taskflow to 2024-02-22T00:00:00+00:00, run_after=2024-02-23T00:00:00+00:00
[2024-02-23T17:41:39.433+0000] {processor.py:183} INFO - Processing /home/airflow/.local/lib/python3.8/site-packages/airflow/example_dags/example_setup_teardown_taskflow.py took 0.134 seconds
[2024-02-23T17:42:10.731+0000] {processor.py:161} INFO - Started process (PID=7392) to work on /home/airflow/.local/lib/python3.8/site-packages/airflow/example_dags/example_setup_teardown_taskflow.py
[2024-02-23T17:42:10.732+0000] {processor.py:830} INFO - Processing file /home/airflow/.local/lib/python3.8/site-packages/airflow/example_dags/example_setup_teardown_taskflow.py for tasks to queue
[2024-02-23T17:42:10.734+0000] {logging_mixin.py:188} INFO - [2024-02-23T17:42:10.733+0000] {dagbag.py:538} INFO - Filling up the DagBag from /home/airflow/.local/lib/python3.8/site-packages/airflow/example_dags/example_setup_teardown_taskflow.py
[2024-02-23T17:42:10.752+0000] {processor.py:840} INFO - DAG(s) 'example_setup_teardown_taskflow' retrieved from /home/airflow/.local/lib/python3.8/site-packages/airflow/example_dags/example_setup_teardown_taskflow.py
[2024-02-23T17:42:10.780+0000] {logging_mixin.py:188} INFO - [2024-02-23T17:42:10.780+0000] {dag.py:3033} INFO - Sync 1 DAGs
[2024-02-23T17:42:10.812+0000] {logging_mixin.py:188} INFO - [2024-02-23T17:42:10.811+0000] {dag.py:3820} INFO - Setting next_dagrun for example_setup_teardown_taskflow to 2024-02-22T00:00:00+00:00, run_after=2024-02-23T00:00:00+00:00
[2024-02-23T17:42:10.836+0000] {processor.py:183} INFO - Processing /home/airflow/.local/lib/python3.8/site-packages/airflow/example_dags/example_setup_teardown_taskflow.py took 0.111 seconds
[2024-02-23T17:42:41.538+0000] {processor.py:161} INFO - Started process (PID=7449) to work on /home/airflow/.local/lib/python3.8/site-packages/airflow/example_dags/example_setup_teardown_taskflow.py
[2024-02-23T17:42:41.539+0000] {processor.py:830} INFO - Processing file /home/airflow/.local/lib/python3.8/site-packages/airflow/example_dags/example_setup_teardown_taskflow.py for tasks to queue
[2024-02-23T17:42:41.540+0000] {logging_mixin.py:188} INFO - [2024-02-23T17:42:41.540+0000] {dagbag.py:538} INFO - Filling up the DagBag from /home/airflow/.local/lib/python3.8/site-packages/airflow/example_dags/example_setup_teardown_taskflow.py
[2024-02-23T17:42:41.555+0000] {processor.py:840} INFO - DAG(s) 'example_setup_teardown_taskflow' retrieved from /home/airflow/.local/lib/python3.8/site-packages/airflow/example_dags/example_setup_teardown_taskflow.py
[2024-02-23T17:42:41.583+0000] {logging_mixin.py:188} INFO - [2024-02-23T17:42:41.583+0000] {dag.py:3033} INFO - Sync 1 DAGs
[2024-02-23T17:42:41.614+0000] {logging_mixin.py:188} INFO - [2024-02-23T17:42:41.614+0000] {dag.py:3820} INFO - Setting next_dagrun for example_setup_teardown_taskflow to 2024-02-22T00:00:00+00:00, run_after=2024-02-23T00:00:00+00:00
[2024-02-23T17:42:41.664+0000] {processor.py:183} INFO - Processing /home/airflow/.local/lib/python3.8/site-packages/airflow/example_dags/example_setup_teardown_taskflow.py took 0.130 seconds
[2024-02-23T17:43:11.707+0000] {processor.py:161} INFO - Started process (PID=7507) to work on /home/airflow/.local/lib/python3.8/site-packages/airflow/example_dags/example_setup_teardown_taskflow.py
[2024-02-23T17:43:11.708+0000] {processor.py:830} INFO - Processing file /home/airflow/.local/lib/python3.8/site-packages/airflow/example_dags/example_setup_teardown_taskflow.py for tasks to queue
[2024-02-23T17:43:11.709+0000] {logging_mixin.py:188} INFO - [2024-02-23T17:43:11.709+0000] {dagbag.py:538} INFO - Filling up the DagBag from /home/airflow/.local/lib/python3.8/site-packages/airflow/example_dags/example_setup_teardown_taskflow.py
[2024-02-23T17:43:11.724+0000] {processor.py:840} INFO - DAG(s) 'example_setup_teardown_taskflow' retrieved from /home/airflow/.local/lib/python3.8/site-packages/airflow/example_dags/example_setup_teardown_taskflow.py
[2024-02-23T17:43:11.752+0000] {logging_mixin.py:188} INFO - [2024-02-23T17:43:11.752+0000] {dag.py:3033} INFO - Sync 1 DAGs
[2024-02-23T17:43:11.782+0000] {logging_mixin.py:188} INFO - [2024-02-23T17:43:11.782+0000] {dag.py:3820} INFO - Setting next_dagrun for example_setup_teardown_taskflow to 2024-02-22T00:00:00+00:00, run_after=2024-02-23T00:00:00+00:00
[2024-02-23T17:43:11.806+0000] {processor.py:183} INFO - Processing /home/airflow/.local/lib/python3.8/site-packages/airflow/example_dags/example_setup_teardown_taskflow.py took 0.104 seconds
[2024-02-23T17:43:42.681+0000] {processor.py:161} INFO - Started process (PID=7563) to work on /home/airflow/.local/lib/python3.8/site-packages/airflow/example_dags/example_setup_teardown_taskflow.py
[2024-02-23T17:43:42.682+0000] {processor.py:830} INFO - Processing file /home/airflow/.local/lib/python3.8/site-packages/airflow/example_dags/example_setup_teardown_taskflow.py for tasks to queue
[2024-02-23T17:43:42.683+0000] {logging_mixin.py:188} INFO - [2024-02-23T17:43:42.683+0000] {dagbag.py:538} INFO - Filling up the DagBag from /home/airflow/.local/lib/python3.8/site-packages/airflow/example_dags/example_setup_teardown_taskflow.py
[2024-02-23T17:43:42.698+0000] {processor.py:840} INFO - DAG(s) 'example_setup_teardown_taskflow' retrieved from /home/airflow/.local/lib/python3.8/site-packages/airflow/example_dags/example_setup_teardown_taskflow.py
[2024-02-23T17:43:42.725+0000] {logging_mixin.py:188} INFO - [2024-02-23T17:43:42.725+0000] {dag.py:3033} INFO - Sync 1 DAGs
[2024-02-23T17:43:42.750+0000] {logging_mixin.py:188} INFO - [2024-02-23T17:43:42.750+0000] {dag.py:3820} INFO - Setting next_dagrun for example_setup_teardown_taskflow to 2024-02-22T00:00:00+00:00, run_after=2024-02-23T00:00:00+00:00
[2024-02-23T17:43:42.781+0000] {processor.py:183} INFO - Processing /home/airflow/.local/lib/python3.8/site-packages/airflow/example_dags/example_setup_teardown_taskflow.py took 0.105 seconds
[2024-02-23T17:44:13.536+0000] {processor.py:161} INFO - Started process (PID=7620) to work on /home/airflow/.local/lib/python3.8/site-packages/airflow/example_dags/example_setup_teardown_taskflow.py
[2024-02-23T17:44:13.537+0000] {processor.py:830} INFO - Processing file /home/airflow/.local/lib/python3.8/site-packages/airflow/example_dags/example_setup_teardown_taskflow.py for tasks to queue
[2024-02-23T17:44:13.539+0000] {logging_mixin.py:188} INFO - [2024-02-23T17:44:13.538+0000] {dagbag.py:538} INFO - Filling up the DagBag from /home/airflow/.local/lib/python3.8/site-packages/airflow/example_dags/example_setup_teardown_taskflow.py
[2024-02-23T17:44:13.555+0000] {processor.py:840} INFO - DAG(s) 'example_setup_teardown_taskflow' retrieved from /home/airflow/.local/lib/python3.8/site-packages/airflow/example_dags/example_setup_teardown_taskflow.py
[2024-02-23T17:44:13.583+0000] {logging_mixin.py:188} INFO - [2024-02-23T17:44:13.582+0000] {dag.py:3033} INFO - Sync 1 DAGs
[2024-02-23T17:44:13.613+0000] {logging_mixin.py:188} INFO - [2024-02-23T17:44:13.613+0000] {dag.py:3820} INFO - Setting next_dagrun for example_setup_teardown_taskflow to 2024-02-22T00:00:00+00:00, run_after=2024-02-23T00:00:00+00:00
[2024-02-23T17:44:13.675+0000] {processor.py:183} INFO - Processing /home/airflow/.local/lib/python3.8/site-packages/airflow/example_dags/example_setup_teardown_taskflow.py took 0.144 seconds
[2024-02-23T17:44:43.930+0000] {processor.py:161} INFO - Started process (PID=7678) to work on /home/airflow/.local/lib/python3.8/site-packages/airflow/example_dags/example_setup_teardown_taskflow.py
[2024-02-23T17:44:43.932+0000] {processor.py:830} INFO - Processing file /home/airflow/.local/lib/python3.8/site-packages/airflow/example_dags/example_setup_teardown_taskflow.py for tasks to queue
[2024-02-23T17:44:43.934+0000] {logging_mixin.py:188} INFO - [2024-02-23T17:44:43.933+0000] {dagbag.py:538} INFO - Filling up the DagBag from /home/airflow/.local/lib/python3.8/site-packages/airflow/example_dags/example_setup_teardown_taskflow.py
[2024-02-23T17:44:43.948+0000] {processor.py:840} INFO - DAG(s) 'example_setup_teardown_taskflow' retrieved from /home/airflow/.local/lib/python3.8/site-packages/airflow/example_dags/example_setup_teardown_taskflow.py
[2024-02-23T17:44:43.984+0000] {logging_mixin.py:188} INFO - [2024-02-23T17:44:43.984+0000] {dag.py:3033} INFO - Sync 1 DAGs
[2024-02-23T17:44:44.024+0000] {logging_mixin.py:188} INFO - [2024-02-23T17:44:44.024+0000] {dag.py:3820} INFO - Setting next_dagrun for example_setup_teardown_taskflow to 2024-02-22T00:00:00+00:00, run_after=2024-02-23T00:00:00+00:00
[2024-02-23T17:44:44.055+0000] {processor.py:183} INFO - Processing /home/airflow/.local/lib/python3.8/site-packages/airflow/example_dags/example_setup_teardown_taskflow.py took 0.131 seconds
[2024-02-23T17:45:14.584+0000] {processor.py:161} INFO - Started process (PID=7734) to work on /home/airflow/.local/lib/python3.8/site-packages/airflow/example_dags/example_setup_teardown_taskflow.py
[2024-02-23T17:45:14.585+0000] {processor.py:830} INFO - Processing file /home/airflow/.local/lib/python3.8/site-packages/airflow/example_dags/example_setup_teardown_taskflow.py for tasks to queue
[2024-02-23T17:45:14.586+0000] {logging_mixin.py:188} INFO - [2024-02-23T17:45:14.586+0000] {dagbag.py:538} INFO - Filling up the DagBag from /home/airflow/.local/lib/python3.8/site-packages/airflow/example_dags/example_setup_teardown_taskflow.py
[2024-02-23T17:45:14.605+0000] {processor.py:840} INFO - DAG(s) 'example_setup_teardown_taskflow' retrieved from /home/airflow/.local/lib/python3.8/site-packages/airflow/example_dags/example_setup_teardown_taskflow.py
[2024-02-23T17:45:14.637+0000] {logging_mixin.py:188} INFO - [2024-02-23T17:45:14.637+0000] {dag.py:3033} INFO - Sync 1 DAGs
[2024-02-23T17:45:14.674+0000] {logging_mixin.py:188} INFO - [2024-02-23T17:45:14.673+0000] {dag.py:3820} INFO - Setting next_dagrun for example_setup_teardown_taskflow to 2024-02-22T00:00:00+00:00, run_after=2024-02-23T00:00:00+00:00
[2024-02-23T17:45:14.697+0000] {processor.py:183} INFO - Processing /home/airflow/.local/lib/python3.8/site-packages/airflow/example_dags/example_setup_teardown_taskflow.py took 0.120 seconds
[2024-02-23T17:45:44.791+0000] {processor.py:161} INFO - Started process (PID=7797) to work on /home/airflow/.local/lib/python3.8/site-packages/airflow/example_dags/example_setup_teardown_taskflow.py
[2024-02-23T17:45:44.792+0000] {processor.py:830} INFO - Processing file /home/airflow/.local/lib/python3.8/site-packages/airflow/example_dags/example_setup_teardown_taskflow.py for tasks to queue
[2024-02-23T17:45:44.794+0000] {logging_mixin.py:188} INFO - [2024-02-23T17:45:44.794+0000] {dagbag.py:538} INFO - Filling up the DagBag from /home/airflow/.local/lib/python3.8/site-packages/airflow/example_dags/example_setup_teardown_taskflow.py
[2024-02-23T17:45:44.812+0000] {processor.py:840} INFO - DAG(s) 'example_setup_teardown_taskflow' retrieved from /home/airflow/.local/lib/python3.8/site-packages/airflow/example_dags/example_setup_teardown_taskflow.py
[2024-02-23T17:45:44.843+0000] {logging_mixin.py:188} INFO - [2024-02-23T17:45:44.843+0000] {dag.py:3033} INFO - Sync 1 DAGs
[2024-02-23T17:45:44.876+0000] {logging_mixin.py:188} INFO - [2024-02-23T17:45:44.876+0000] {dag.py:3820} INFO - Setting next_dagrun for example_setup_teardown_taskflow to 2024-02-22T00:00:00+00:00, run_after=2024-02-23T00:00:00+00:00
[2024-02-23T17:45:44.902+0000] {processor.py:183} INFO - Processing /home/airflow/.local/lib/python3.8/site-packages/airflow/example_dags/example_setup_teardown_taskflow.py took 0.116 seconds
[2024-02-23T17:46:15.122+0000] {processor.py:161} INFO - Started process (PID=7854) to work on /home/airflow/.local/lib/python3.8/site-packages/airflow/example_dags/example_setup_teardown_taskflow.py
[2024-02-23T17:46:15.124+0000] {processor.py:830} INFO - Processing file /home/airflow/.local/lib/python3.8/site-packages/airflow/example_dags/example_setup_teardown_taskflow.py for tasks to queue
[2024-02-23T17:46:15.125+0000] {logging_mixin.py:188} INFO - [2024-02-23T17:46:15.125+0000] {dagbag.py:538} INFO - Filling up the DagBag from /home/airflow/.local/lib/python3.8/site-packages/airflow/example_dags/example_setup_teardown_taskflow.py
[2024-02-23T17:46:15.139+0000] {processor.py:840} INFO - DAG(s) 'example_setup_teardown_taskflow' retrieved from /home/airflow/.local/lib/python3.8/site-packages/airflow/example_dags/example_setup_teardown_taskflow.py
[2024-02-23T17:46:15.165+0000] {logging_mixin.py:188} INFO - [2024-02-23T17:46:15.165+0000] {dag.py:3033} INFO - Sync 1 DAGs
[2024-02-23T17:46:15.192+0000] {logging_mixin.py:188} INFO - [2024-02-23T17:46:15.192+0000] {dag.py:3820} INFO - Setting next_dagrun for example_setup_teardown_taskflow to 2024-02-22T00:00:00+00:00, run_after=2024-02-23T00:00:00+00:00
[2024-02-23T17:46:15.254+0000] {processor.py:183} INFO - Processing /home/airflow/.local/lib/python3.8/site-packages/airflow/example_dags/example_setup_teardown_taskflow.py took 0.136 seconds
[2024-02-23T17:46:45.918+0000] {processor.py:161} INFO - Started process (PID=7911) to work on /home/airflow/.local/lib/python3.8/site-packages/airflow/example_dags/example_setup_teardown_taskflow.py
[2024-02-23T17:46:45.920+0000] {processor.py:830} INFO - Processing file /home/airflow/.local/lib/python3.8/site-packages/airflow/example_dags/example_setup_teardown_taskflow.py for tasks to queue
[2024-02-23T17:46:45.921+0000] {logging_mixin.py:188} INFO - [2024-02-23T17:46:45.920+0000] {dagbag.py:538} INFO - Filling up the DagBag from /home/airflow/.local/lib/python3.8/site-packages/airflow/example_dags/example_setup_teardown_taskflow.py
[2024-02-23T17:46:45.936+0000] {processor.py:840} INFO - DAG(s) 'example_setup_teardown_taskflow' retrieved from /home/airflow/.local/lib/python3.8/site-packages/airflow/example_dags/example_setup_teardown_taskflow.py
[2024-02-23T17:46:45.963+0000] {logging_mixin.py:188} INFO - [2024-02-23T17:46:45.963+0000] {dag.py:3033} INFO - Sync 1 DAGs
[2024-02-23T17:46:45.993+0000] {logging_mixin.py:188} INFO - [2024-02-23T17:46:45.993+0000] {dag.py:3820} INFO - Setting next_dagrun for example_setup_teardown_taskflow to 2024-02-22T00:00:00+00:00, run_after=2024-02-23T00:00:00+00:00
[2024-02-23T17:46:46.053+0000] {processor.py:183} INFO - Processing /home/airflow/.local/lib/python3.8/site-packages/airflow/example_dags/example_setup_teardown_taskflow.py took 0.140 seconds
[2024-02-23T17:47:16.455+0000] {processor.py:161} INFO - Started process (PID=7970) to work on /home/airflow/.local/lib/python3.8/site-packages/airflow/example_dags/example_setup_teardown_taskflow.py
[2024-02-23T17:47:16.456+0000] {processor.py:830} INFO - Processing file /home/airflow/.local/lib/python3.8/site-packages/airflow/example_dags/example_setup_teardown_taskflow.py for tasks to queue
[2024-02-23T17:47:16.457+0000] {logging_mixin.py:188} INFO - [2024-02-23T17:47:16.457+0000] {dagbag.py:538} INFO - Filling up the DagBag from /home/airflow/.local/lib/python3.8/site-packages/airflow/example_dags/example_setup_teardown_taskflow.py
[2024-02-23T17:47:16.472+0000] {processor.py:840} INFO - DAG(s) 'example_setup_teardown_taskflow' retrieved from /home/airflow/.local/lib/python3.8/site-packages/airflow/example_dags/example_setup_teardown_taskflow.py
[2024-02-23T17:47:16.500+0000] {logging_mixin.py:188} INFO - [2024-02-23T17:47:16.499+0000] {dag.py:3033} INFO - Sync 1 DAGs
[2024-02-23T17:47:16.527+0000] {logging_mixin.py:188} INFO - [2024-02-23T17:47:16.527+0000] {dag.py:3820} INFO - Setting next_dagrun for example_setup_teardown_taskflow to 2024-02-22T00:00:00+00:00, run_after=2024-02-23T00:00:00+00:00
[2024-02-23T17:47:16.553+0000] {processor.py:183} INFO - Processing /home/airflow/.local/lib/python3.8/site-packages/airflow/example_dags/example_setup_teardown_taskflow.py took 0.103 seconds
[2024-02-23T17:47:47.001+0000] {processor.py:161} INFO - Started process (PID=8025) to work on /home/airflow/.local/lib/python3.8/site-packages/airflow/example_dags/example_setup_teardown_taskflow.py
[2024-02-23T17:47:47.002+0000] {processor.py:830} INFO - Processing file /home/airflow/.local/lib/python3.8/site-packages/airflow/example_dags/example_setup_teardown_taskflow.py for tasks to queue
[2024-02-23T17:47:47.004+0000] {logging_mixin.py:188} INFO - [2024-02-23T17:47:47.003+0000] {dagbag.py:538} INFO - Filling up the DagBag from /home/airflow/.local/lib/python3.8/site-packages/airflow/example_dags/example_setup_teardown_taskflow.py
[2024-02-23T17:47:47.023+0000] {processor.py:840} INFO - DAG(s) 'example_setup_teardown_taskflow' retrieved from /home/airflow/.local/lib/python3.8/site-packages/airflow/example_dags/example_setup_teardown_taskflow.py
[2024-02-23T17:47:47.058+0000] {logging_mixin.py:188} INFO - [2024-02-23T17:47:47.058+0000] {dag.py:3033} INFO - Sync 1 DAGs
[2024-02-23T17:47:47.100+0000] {logging_mixin.py:188} INFO - [2024-02-23T17:47:47.099+0000] {dag.py:3820} INFO - Setting next_dagrun for example_setup_teardown_taskflow to 2024-02-22T00:00:00+00:00, run_after=2024-02-23T00:00:00+00:00
[2024-02-23T17:47:47.169+0000] {processor.py:183} INFO - Processing /home/airflow/.local/lib/python3.8/site-packages/airflow/example_dags/example_setup_teardown_taskflow.py took 0.173 seconds
[2024-02-23T17:48:17.406+0000] {processor.py:161} INFO - Started process (PID=8084) to work on /home/airflow/.local/lib/python3.8/site-packages/airflow/example_dags/example_setup_teardown_taskflow.py
[2024-02-23T17:48:17.408+0000] {processor.py:830} INFO - Processing file /home/airflow/.local/lib/python3.8/site-packages/airflow/example_dags/example_setup_teardown_taskflow.py for tasks to queue
[2024-02-23T17:48:17.409+0000] {logging_mixin.py:188} INFO - [2024-02-23T17:48:17.408+0000] {dagbag.py:538} INFO - Filling up the DagBag from /home/airflow/.local/lib/python3.8/site-packages/airflow/example_dags/example_setup_teardown_taskflow.py
[2024-02-23T17:48:17.424+0000] {processor.py:840} INFO - DAG(s) 'example_setup_teardown_taskflow' retrieved from /home/airflow/.local/lib/python3.8/site-packages/airflow/example_dags/example_setup_teardown_taskflow.py
[2024-02-23T17:48:17.449+0000] {logging_mixin.py:188} INFO - [2024-02-23T17:48:17.449+0000] {dag.py:3033} INFO - Sync 1 DAGs
[2024-02-23T17:48:17.480+0000] {logging_mixin.py:188} INFO - [2024-02-23T17:48:17.479+0000] {dag.py:3820} INFO - Setting next_dagrun for example_setup_teardown_taskflow to 2024-02-22T00:00:00+00:00, run_after=2024-02-23T00:00:00+00:00
[2024-02-23T17:48:17.537+0000] {processor.py:183} INFO - Processing /home/airflow/.local/lib/python3.8/site-packages/airflow/example_dags/example_setup_teardown_taskflow.py took 0.134 seconds
[2024-02-23T17:48:48.062+0000] {processor.py:161} INFO - Started process (PID=8139) to work on /home/airflow/.local/lib/python3.8/site-packages/airflow/example_dags/example_setup_teardown_taskflow.py
[2024-02-23T17:48:48.063+0000] {processor.py:830} INFO - Processing file /home/airflow/.local/lib/python3.8/site-packages/airflow/example_dags/example_setup_teardown_taskflow.py for tasks to queue
[2024-02-23T17:48:48.064+0000] {logging_mixin.py:188} INFO - [2024-02-23T17:48:48.064+0000] {dagbag.py:538} INFO - Filling up the DagBag from /home/airflow/.local/lib/python3.8/site-packages/airflow/example_dags/example_setup_teardown_taskflow.py
[2024-02-23T17:48:48.083+0000] {processor.py:840} INFO - DAG(s) 'example_setup_teardown_taskflow' retrieved from /home/airflow/.local/lib/python3.8/site-packages/airflow/example_dags/example_setup_teardown_taskflow.py
[2024-02-23T17:48:48.111+0000] {logging_mixin.py:188} INFO - [2024-02-23T17:48:48.111+0000] {dag.py:3033} INFO - Sync 1 DAGs
[2024-02-23T17:48:48.139+0000] {logging_mixin.py:188} INFO - [2024-02-23T17:48:48.139+0000] {dag.py:3820} INFO - Setting next_dagrun for example_setup_teardown_taskflow to 2024-02-22T00:00:00+00:00, run_after=2024-02-23T00:00:00+00:00
[2024-02-23T17:48:48.202+0000] {processor.py:183} INFO - Processing /home/airflow/.local/lib/python3.8/site-packages/airflow/example_dags/example_setup_teardown_taskflow.py took 0.144 seconds
[2024-02-23T17:49:19.130+0000] {processor.py:161} INFO - Started process (PID=8196) to work on /home/airflow/.local/lib/python3.8/site-packages/airflow/example_dags/example_setup_teardown_taskflow.py
[2024-02-23T17:49:19.131+0000] {processor.py:830} INFO - Processing file /home/airflow/.local/lib/python3.8/site-packages/airflow/example_dags/example_setup_teardown_taskflow.py for tasks to queue
[2024-02-23T17:49:19.132+0000] {logging_mixin.py:188} INFO - [2024-02-23T17:49:19.132+0000] {dagbag.py:538} INFO - Filling up the DagBag from /home/airflow/.local/lib/python3.8/site-packages/airflow/example_dags/example_setup_teardown_taskflow.py
[2024-02-23T17:49:19.150+0000] {processor.py:840} INFO - DAG(s) 'example_setup_teardown_taskflow' retrieved from /home/airflow/.local/lib/python3.8/site-packages/airflow/example_dags/example_setup_teardown_taskflow.py
[2024-02-23T17:49:19.184+0000] {logging_mixin.py:188} INFO - [2024-02-23T17:49:19.184+0000] {dag.py:3033} INFO - Sync 1 DAGs
[2024-02-23T17:49:19.218+0000] {logging_mixin.py:188} INFO - [2024-02-23T17:49:19.218+0000] {dag.py:3820} INFO - Setting next_dagrun for example_setup_teardown_taskflow to 2024-02-22T00:00:00+00:00, run_after=2024-02-23T00:00:00+00:00
[2024-02-23T17:49:19.278+0000] {processor.py:183} INFO - Processing /home/airflow/.local/lib/python3.8/site-packages/airflow/example_dags/example_setup_teardown_taskflow.py took 0.154 seconds
[2024-02-23T17:49:49.467+0000] {processor.py:161} INFO - Started process (PID=8253) to work on /home/airflow/.local/lib/python3.8/site-packages/airflow/example_dags/example_setup_teardown_taskflow.py
[2024-02-23T17:49:49.468+0000] {processor.py:830} INFO - Processing file /home/airflow/.local/lib/python3.8/site-packages/airflow/example_dags/example_setup_teardown_taskflow.py for tasks to queue
[2024-02-23T17:49:49.469+0000] {logging_mixin.py:188} INFO - [2024-02-23T17:49:49.469+0000] {dagbag.py:538} INFO - Filling up the DagBag from /home/airflow/.local/lib/python3.8/site-packages/airflow/example_dags/example_setup_teardown_taskflow.py
[2024-02-23T17:49:49.484+0000] {processor.py:840} INFO - DAG(s) 'example_setup_teardown_taskflow' retrieved from /home/airflow/.local/lib/python3.8/site-packages/airflow/example_dags/example_setup_teardown_taskflow.py
[2024-02-23T17:49:49.513+0000] {logging_mixin.py:188} INFO - [2024-02-23T17:49:49.512+0000] {dag.py:3033} INFO - Sync 1 DAGs
[2024-02-23T17:49:49.546+0000] {logging_mixin.py:188} INFO - [2024-02-23T17:49:49.546+0000] {dag.py:3820} INFO - Setting next_dagrun for example_setup_teardown_taskflow to 2024-02-22T00:00:00+00:00, run_after=2024-02-23T00:00:00+00:00
[2024-02-23T17:49:49.571+0000] {processor.py:183} INFO - Processing /home/airflow/.local/lib/python3.8/site-packages/airflow/example_dags/example_setup_teardown_taskflow.py took 0.109 seconds
[2024-02-23T17:50:19.909+0000] {processor.py:161} INFO - Started process (PID=8311) to work on /home/airflow/.local/lib/python3.8/site-packages/airflow/example_dags/example_setup_teardown_taskflow.py
[2024-02-23T17:50:19.910+0000] {processor.py:830} INFO - Processing file /home/airflow/.local/lib/python3.8/site-packages/airflow/example_dags/example_setup_teardown_taskflow.py for tasks to queue
[2024-02-23T17:50:19.911+0000] {logging_mixin.py:188} INFO - [2024-02-23T17:50:19.911+0000] {dagbag.py:538} INFO - Filling up the DagBag from /home/airflow/.local/lib/python3.8/site-packages/airflow/example_dags/example_setup_teardown_taskflow.py
[2024-02-23T17:50:19.926+0000] {processor.py:840} INFO - DAG(s) 'example_setup_teardown_taskflow' retrieved from /home/airflow/.local/lib/python3.8/site-packages/airflow/example_dags/example_setup_teardown_taskflow.py
[2024-02-23T17:50:19.954+0000] {logging_mixin.py:188} INFO - [2024-02-23T17:50:19.953+0000] {dag.py:3033} INFO - Sync 1 DAGs
[2024-02-23T17:50:19.982+0000] {logging_mixin.py:188} INFO - [2024-02-23T17:50:19.982+0000] {dag.py:3820} INFO - Setting next_dagrun for example_setup_teardown_taskflow to 2024-02-22T00:00:00+00:00, run_after=2024-02-23T00:00:00+00:00
[2024-02-23T17:50:20.042+0000] {processor.py:183} INFO - Processing /home/airflow/.local/lib/python3.8/site-packages/airflow/example_dags/example_setup_teardown_taskflow.py took 0.138 seconds
[2024-02-23T17:50:50.079+0000] {processor.py:161} INFO - Started process (PID=8369) to work on /home/airflow/.local/lib/python3.8/site-packages/airflow/example_dags/example_setup_teardown_taskflow.py
[2024-02-23T17:50:50.081+0000] {processor.py:830} INFO - Processing file /home/airflow/.local/lib/python3.8/site-packages/airflow/example_dags/example_setup_teardown_taskflow.py for tasks to queue
[2024-02-23T17:50:50.083+0000] {logging_mixin.py:188} INFO - [2024-02-23T17:50:50.082+0000] {dagbag.py:538} INFO - Filling up the DagBag from /home/airflow/.local/lib/python3.8/site-packages/airflow/example_dags/example_setup_teardown_taskflow.py
[2024-02-23T17:50:50.099+0000] {processor.py:840} INFO - DAG(s) 'example_setup_teardown_taskflow' retrieved from /home/airflow/.local/lib/python3.8/site-packages/airflow/example_dags/example_setup_teardown_taskflow.py
[2024-02-23T17:50:50.127+0000] {logging_mixin.py:188} INFO - [2024-02-23T17:50:50.127+0000] {dag.py:3033} INFO - Sync 1 DAGs
[2024-02-23T17:50:50.157+0000] {logging_mixin.py:188} INFO - [2024-02-23T17:50:50.157+0000] {dag.py:3820} INFO - Setting next_dagrun for example_setup_teardown_taskflow to 2024-02-22T00:00:00+00:00, run_after=2024-02-23T00:00:00+00:00
[2024-02-23T17:50:50.217+0000] {processor.py:183} INFO - Processing /home/airflow/.local/lib/python3.8/site-packages/airflow/example_dags/example_setup_teardown_taskflow.py took 0.142 seconds
[2024-02-23T17:51:20.405+0000] {processor.py:161} INFO - Started process (PID=8426) to work on /home/airflow/.local/lib/python3.8/site-packages/airflow/example_dags/example_setup_teardown_taskflow.py
[2024-02-23T17:51:20.406+0000] {processor.py:830} INFO - Processing file /home/airflow/.local/lib/python3.8/site-packages/airflow/example_dags/example_setup_teardown_taskflow.py for tasks to queue
[2024-02-23T17:51:20.407+0000] {logging_mixin.py:188} INFO - [2024-02-23T17:51:20.407+0000] {dagbag.py:538} INFO - Filling up the DagBag from /home/airflow/.local/lib/python3.8/site-packages/airflow/example_dags/example_setup_teardown_taskflow.py
[2024-02-23T17:51:20.421+0000] {processor.py:840} INFO - DAG(s) 'example_setup_teardown_taskflow' retrieved from /home/airflow/.local/lib/python3.8/site-packages/airflow/example_dags/example_setup_teardown_taskflow.py
[2024-02-23T17:51:20.449+0000] {logging_mixin.py:188} INFO - [2024-02-23T17:51:20.448+0000] {dag.py:3033} INFO - Sync 1 DAGs
[2024-02-23T17:51:20.484+0000] {logging_mixin.py:188} INFO - [2024-02-23T17:51:20.484+0000] {dag.py:3820} INFO - Setting next_dagrun for example_setup_teardown_taskflow to 2024-02-22T00:00:00+00:00, run_after=2024-02-23T00:00:00+00:00
[2024-02-23T17:51:20.509+0000] {processor.py:183} INFO - Processing /home/airflow/.local/lib/python3.8/site-packages/airflow/example_dags/example_setup_teardown_taskflow.py took 0.108 seconds
[2024-02-23T17:51:50.954+0000] {processor.py:161} INFO - Started process (PID=8481) to work on /home/airflow/.local/lib/python3.8/site-packages/airflow/example_dags/example_setup_teardown_taskflow.py
[2024-02-23T17:51:50.955+0000] {processor.py:830} INFO - Processing file /home/airflow/.local/lib/python3.8/site-packages/airflow/example_dags/example_setup_teardown_taskflow.py for tasks to queue
[2024-02-23T17:51:50.956+0000] {logging_mixin.py:188} INFO - [2024-02-23T17:51:50.956+0000] {dagbag.py:538} INFO - Filling up the DagBag from /home/airflow/.local/lib/python3.8/site-packages/airflow/example_dags/example_setup_teardown_taskflow.py
[2024-02-23T17:51:50.970+0000] {processor.py:840} INFO - DAG(s) 'example_setup_teardown_taskflow' retrieved from /home/airflow/.local/lib/python3.8/site-packages/airflow/example_dags/example_setup_teardown_taskflow.py
[2024-02-23T17:51:50.997+0000] {logging_mixin.py:188} INFO - [2024-02-23T17:51:50.997+0000] {dag.py:3033} INFO - Sync 1 DAGs
[2024-02-23T17:51:51.025+0000] {logging_mixin.py:188} INFO - [2024-02-23T17:51:51.025+0000] {dag.py:3820} INFO - Setting next_dagrun for example_setup_teardown_taskflow to 2024-02-22T00:00:00+00:00, run_after=2024-02-23T00:00:00+00:00
[2024-02-23T17:51:51.050+0000] {processor.py:183} INFO - Processing /home/airflow/.local/lib/python3.8/site-packages/airflow/example_dags/example_setup_teardown_taskflow.py took 0.101 seconds
