[2024-02-23T17:20:13.435+0000] {processor.py:161} INFO - Started process (PID=4921) to work on /home/airflow/.local/lib/python3.8/site-packages/airflow/example_dags/example_nested_branch_dag.py
[2024-02-23T17:20:13.448+0000] {processor.py:830} INFO - Processing file /home/airflow/.local/lib/python3.8/site-packages/airflow/example_dags/example_nested_branch_dag.py for tasks to queue
[2024-02-23T17:20:13.456+0000] {logging_mixin.py:188} INFO - [2024-02-23T17:20:13.455+0000] {dagbag.py:538} INFO - Filling up the DagBag from /home/airflow/.local/lib/python3.8/site-packages/airflow/example_dags/example_nested_branch_dag.py
[2024-02-23T17:20:13.512+0000] {processor.py:840} INFO - DAG(s) 'example_nested_branch_dag' retrieved from /home/airflow/.local/lib/python3.8/site-packages/airflow/example_dags/example_nested_branch_dag.py
[2024-02-23T17:20:13.576+0000] {logging_mixin.py:188} INFO - [2024-02-23T17:20:13.575+0000] {dag.py:3033} INFO - Sync 1 DAGs
[2024-02-23T17:20:13.707+0000] {logging_mixin.py:188} INFO - [2024-02-23T17:20:13.706+0000] {dag.py:3820} INFO - Setting next_dagrun for example_nested_branch_dag to 2024-02-22T00:00:00+00:00, run_after=2024-02-23T00:00:00+00:00
[2024-02-23T17:20:13.786+0000] {processor.py:183} INFO - Processing /home/airflow/.local/lib/python3.8/site-packages/airflow/example_dags/example_nested_branch_dag.py took 0.358 seconds
[2024-02-23T17:20:44.078+0000] {processor.py:161} INFO - Started process (PID=4978) to work on /home/airflow/.local/lib/python3.8/site-packages/airflow/example_dags/example_nested_branch_dag.py
[2024-02-23T17:20:44.081+0000] {processor.py:830} INFO - Processing file /home/airflow/.local/lib/python3.8/site-packages/airflow/example_dags/example_nested_branch_dag.py for tasks to queue
[2024-02-23T17:20:44.087+0000] {logging_mixin.py:188} INFO - [2024-02-23T17:20:44.086+0000] {dagbag.py:538} INFO - Filling up the DagBag from /home/airflow/.local/lib/python3.8/site-packages/airflow/example_dags/example_nested_branch_dag.py
[2024-02-23T17:20:44.117+0000] {processor.py:840} INFO - DAG(s) 'example_nested_branch_dag' retrieved from /home/airflow/.local/lib/python3.8/site-packages/airflow/example_dags/example_nested_branch_dag.py
[2024-02-23T17:20:44.162+0000] {logging_mixin.py:188} INFO - [2024-02-23T17:20:44.161+0000] {dag.py:3033} INFO - Sync 1 DAGs
[2024-02-23T17:20:44.218+0000] {logging_mixin.py:188} INFO - [2024-02-23T17:20:44.218+0000] {dag.py:3820} INFO - Setting next_dagrun for example_nested_branch_dag to 2024-02-22T00:00:00+00:00, run_after=2024-02-23T00:00:00+00:00
[2024-02-23T17:20:44.265+0000] {processor.py:183} INFO - Processing /home/airflow/.local/lib/python3.8/site-packages/airflow/example_dags/example_nested_branch_dag.py took 0.195 seconds
[2024-02-23T17:21:14.798+0000] {processor.py:161} INFO - Started process (PID=5035) to work on /home/airflow/.local/lib/python3.8/site-packages/airflow/example_dags/example_nested_branch_dag.py
[2024-02-23T17:21:14.800+0000] {processor.py:830} INFO - Processing file /home/airflow/.local/lib/python3.8/site-packages/airflow/example_dags/example_nested_branch_dag.py for tasks to queue
[2024-02-23T17:21:14.801+0000] {logging_mixin.py:188} INFO - [2024-02-23T17:21:14.801+0000] {dagbag.py:538} INFO - Filling up the DagBag from /home/airflow/.local/lib/python3.8/site-packages/airflow/example_dags/example_nested_branch_dag.py
[2024-02-23T17:21:14.820+0000] {processor.py:840} INFO - DAG(s) 'example_nested_branch_dag' retrieved from /home/airflow/.local/lib/python3.8/site-packages/airflow/example_dags/example_nested_branch_dag.py
[2024-02-23T17:21:14.876+0000] {logging_mixin.py:188} INFO - [2024-02-23T17:21:14.876+0000] {dag.py:3033} INFO - Sync 1 DAGs
[2024-02-23T17:21:14.941+0000] {logging_mixin.py:188} INFO - [2024-02-23T17:21:14.940+0000] {dag.py:3820} INFO - Setting next_dagrun for example_nested_branch_dag to 2024-02-22T00:00:00+00:00, run_after=2024-02-23T00:00:00+00:00
[2024-02-23T17:21:14.993+0000] {processor.py:183} INFO - Processing /home/airflow/.local/lib/python3.8/site-packages/airflow/example_dags/example_nested_branch_dag.py took 0.202 seconds
[2024-02-23T17:21:45.438+0000] {processor.py:161} INFO - Started process (PID=5092) to work on /home/airflow/.local/lib/python3.8/site-packages/airflow/example_dags/example_nested_branch_dag.py
[2024-02-23T17:21:45.439+0000] {processor.py:830} INFO - Processing file /home/airflow/.local/lib/python3.8/site-packages/airflow/example_dags/example_nested_branch_dag.py for tasks to queue
[2024-02-23T17:21:45.441+0000] {logging_mixin.py:188} INFO - [2024-02-23T17:21:45.440+0000] {dagbag.py:538} INFO - Filling up the DagBag from /home/airflow/.local/lib/python3.8/site-packages/airflow/example_dags/example_nested_branch_dag.py
[2024-02-23T17:21:45.457+0000] {processor.py:840} INFO - DAG(s) 'example_nested_branch_dag' retrieved from /home/airflow/.local/lib/python3.8/site-packages/airflow/example_dags/example_nested_branch_dag.py
[2024-02-23T17:21:45.490+0000] {logging_mixin.py:188} INFO - [2024-02-23T17:21:45.490+0000] {dag.py:3033} INFO - Sync 1 DAGs
[2024-02-23T17:21:45.534+0000] {logging_mixin.py:188} INFO - [2024-02-23T17:21:45.534+0000] {dag.py:3820} INFO - Setting next_dagrun for example_nested_branch_dag to 2024-02-22T00:00:00+00:00, run_after=2024-02-23T00:00:00+00:00
[2024-02-23T17:21:45.564+0000] {processor.py:183} INFO - Processing /home/airflow/.local/lib/python3.8/site-packages/airflow/example_dags/example_nested_branch_dag.py took 0.130 seconds
[2024-02-23T17:22:15.921+0000] {processor.py:161} INFO - Started process (PID=5150) to work on /home/airflow/.local/lib/python3.8/site-packages/airflow/example_dags/example_nested_branch_dag.py
[2024-02-23T17:22:15.922+0000] {processor.py:830} INFO - Processing file /home/airflow/.local/lib/python3.8/site-packages/airflow/example_dags/example_nested_branch_dag.py for tasks to queue
[2024-02-23T17:22:15.923+0000] {logging_mixin.py:188} INFO - [2024-02-23T17:22:15.923+0000] {dagbag.py:538} INFO - Filling up the DagBag from /home/airflow/.local/lib/python3.8/site-packages/airflow/example_dags/example_nested_branch_dag.py
[2024-02-23T17:22:15.937+0000] {processor.py:840} INFO - DAG(s) 'example_nested_branch_dag' retrieved from /home/airflow/.local/lib/python3.8/site-packages/airflow/example_dags/example_nested_branch_dag.py
[2024-02-23T17:22:15.965+0000] {logging_mixin.py:188} INFO - [2024-02-23T17:22:15.964+0000] {dag.py:3033} INFO - Sync 1 DAGs
[2024-02-23T17:22:15.998+0000] {logging_mixin.py:188} INFO - [2024-02-23T17:22:15.998+0000] {dag.py:3820} INFO - Setting next_dagrun for example_nested_branch_dag to 2024-02-22T00:00:00+00:00, run_after=2024-02-23T00:00:00+00:00
[2024-02-23T17:22:16.023+0000] {processor.py:183} INFO - Processing /home/airflow/.local/lib/python3.8/site-packages/airflow/example_dags/example_nested_branch_dag.py took 0.107 seconds
[2024-02-23T17:22:46.572+0000] {processor.py:161} INFO - Started process (PID=5208) to work on /home/airflow/.local/lib/python3.8/site-packages/airflow/example_dags/example_nested_branch_dag.py
[2024-02-23T17:22:46.573+0000] {processor.py:830} INFO - Processing file /home/airflow/.local/lib/python3.8/site-packages/airflow/example_dags/example_nested_branch_dag.py for tasks to queue
[2024-02-23T17:22:46.575+0000] {logging_mixin.py:188} INFO - [2024-02-23T17:22:46.574+0000] {dagbag.py:538} INFO - Filling up the DagBag from /home/airflow/.local/lib/python3.8/site-packages/airflow/example_dags/example_nested_branch_dag.py
[2024-02-23T17:22:46.597+0000] {processor.py:840} INFO - DAG(s) 'example_nested_branch_dag' retrieved from /home/airflow/.local/lib/python3.8/site-packages/airflow/example_dags/example_nested_branch_dag.py
[2024-02-23T17:22:46.659+0000] {logging_mixin.py:188} INFO - [2024-02-23T17:22:46.659+0000] {dag.py:3033} INFO - Sync 1 DAGs
[2024-02-23T17:22:46.746+0000] {logging_mixin.py:188} INFO - [2024-02-23T17:22:46.746+0000] {dag.py:3820} INFO - Setting next_dagrun for example_nested_branch_dag to 2024-02-22T00:00:00+00:00, run_after=2024-02-23T00:00:00+00:00
[2024-02-23T17:22:46.797+0000] {processor.py:183} INFO - Processing /home/airflow/.local/lib/python3.8/site-packages/airflow/example_dags/example_nested_branch_dag.py took 0.231 seconds
[2024-02-23T17:23:17.146+0000] {processor.py:161} INFO - Started process (PID=5265) to work on /home/airflow/.local/lib/python3.8/site-packages/airflow/example_dags/example_nested_branch_dag.py
[2024-02-23T17:23:17.147+0000] {processor.py:830} INFO - Processing file /home/airflow/.local/lib/python3.8/site-packages/airflow/example_dags/example_nested_branch_dag.py for tasks to queue
[2024-02-23T17:23:17.149+0000] {logging_mixin.py:188} INFO - [2024-02-23T17:23:17.148+0000] {dagbag.py:538} INFO - Filling up the DagBag from /home/airflow/.local/lib/python3.8/site-packages/airflow/example_dags/example_nested_branch_dag.py
[2024-02-23T17:23:17.163+0000] {processor.py:840} INFO - DAG(s) 'example_nested_branch_dag' retrieved from /home/airflow/.local/lib/python3.8/site-packages/airflow/example_dags/example_nested_branch_dag.py
[2024-02-23T17:23:17.198+0000] {logging_mixin.py:188} INFO - [2024-02-23T17:23:17.198+0000] {dag.py:3033} INFO - Sync 1 DAGs
[2024-02-23T17:23:17.233+0000] {logging_mixin.py:188} INFO - [2024-02-23T17:23:17.232+0000] {dag.py:3820} INFO - Setting next_dagrun for example_nested_branch_dag to 2024-02-22T00:00:00+00:00, run_after=2024-02-23T00:00:00+00:00
[2024-02-23T17:23:17.257+0000] {processor.py:183} INFO - Processing /home/airflow/.local/lib/python3.8/site-packages/airflow/example_dags/example_nested_branch_dag.py took 0.117 seconds
[2024-02-23T17:23:47.420+0000] {processor.py:161} INFO - Started process (PID=5322) to work on /home/airflow/.local/lib/python3.8/site-packages/airflow/example_dags/example_nested_branch_dag.py
[2024-02-23T17:23:47.421+0000] {processor.py:830} INFO - Processing file /home/airflow/.local/lib/python3.8/site-packages/airflow/example_dags/example_nested_branch_dag.py for tasks to queue
[2024-02-23T17:23:47.423+0000] {logging_mixin.py:188} INFO - [2024-02-23T17:23:47.422+0000] {dagbag.py:538} INFO - Filling up the DagBag from /home/airflow/.local/lib/python3.8/site-packages/airflow/example_dags/example_nested_branch_dag.py
[2024-02-23T17:23:47.437+0000] {processor.py:840} INFO - DAG(s) 'example_nested_branch_dag' retrieved from /home/airflow/.local/lib/python3.8/site-packages/airflow/example_dags/example_nested_branch_dag.py
[2024-02-23T17:23:47.472+0000] {logging_mixin.py:188} INFO - [2024-02-23T17:23:47.471+0000] {dag.py:3033} INFO - Sync 1 DAGs
[2024-02-23T17:23:47.503+0000] {logging_mixin.py:188} INFO - [2024-02-23T17:23:47.503+0000] {dag.py:3820} INFO - Setting next_dagrun for example_nested_branch_dag to 2024-02-22T00:00:00+00:00, run_after=2024-02-23T00:00:00+00:00
[2024-02-23T17:23:47.536+0000] {processor.py:183} INFO - Processing /home/airflow/.local/lib/python3.8/site-packages/airflow/example_dags/example_nested_branch_dag.py took 0.122 seconds
[2024-02-23T17:24:17.690+0000] {processor.py:161} INFO - Started process (PID=5379) to work on /home/airflow/.local/lib/python3.8/site-packages/airflow/example_dags/example_nested_branch_dag.py
[2024-02-23T17:24:17.692+0000] {processor.py:830} INFO - Processing file /home/airflow/.local/lib/python3.8/site-packages/airflow/example_dags/example_nested_branch_dag.py for tasks to queue
[2024-02-23T17:24:17.694+0000] {logging_mixin.py:188} INFO - [2024-02-23T17:24:17.693+0000] {dagbag.py:538} INFO - Filling up the DagBag from /home/airflow/.local/lib/python3.8/site-packages/airflow/example_dags/example_nested_branch_dag.py
[2024-02-23T17:24:17.710+0000] {processor.py:840} INFO - DAG(s) 'example_nested_branch_dag' retrieved from /home/airflow/.local/lib/python3.8/site-packages/airflow/example_dags/example_nested_branch_dag.py
[2024-02-23T17:24:17.753+0000] {logging_mixin.py:188} INFO - [2024-02-23T17:24:17.752+0000] {dag.py:3033} INFO - Sync 1 DAGs
[2024-02-23T17:24:17.790+0000] {logging_mixin.py:188} INFO - [2024-02-23T17:24:17.789+0000] {dag.py:3820} INFO - Setting next_dagrun for example_nested_branch_dag to 2024-02-22T00:00:00+00:00, run_after=2024-02-23T00:00:00+00:00
[2024-02-23T17:24:17.822+0000] {processor.py:183} INFO - Processing /home/airflow/.local/lib/python3.8/site-packages/airflow/example_dags/example_nested_branch_dag.py took 0.136 seconds
[2024-02-23T17:24:48.033+0000] {processor.py:161} INFO - Started process (PID=5436) to work on /home/airflow/.local/lib/python3.8/site-packages/airflow/example_dags/example_nested_branch_dag.py
[2024-02-23T17:24:48.034+0000] {processor.py:830} INFO - Processing file /home/airflow/.local/lib/python3.8/site-packages/airflow/example_dags/example_nested_branch_dag.py for tasks to queue
[2024-02-23T17:24:48.035+0000] {logging_mixin.py:188} INFO - [2024-02-23T17:24:48.035+0000] {dagbag.py:538} INFO - Filling up the DagBag from /home/airflow/.local/lib/python3.8/site-packages/airflow/example_dags/example_nested_branch_dag.py
[2024-02-23T17:24:48.049+0000] {processor.py:840} INFO - DAG(s) 'example_nested_branch_dag' retrieved from /home/airflow/.local/lib/python3.8/site-packages/airflow/example_dags/example_nested_branch_dag.py
[2024-02-23T17:24:48.080+0000] {logging_mixin.py:188} INFO - [2024-02-23T17:24:48.080+0000] {dag.py:3033} INFO - Sync 1 DAGs
[2024-02-23T17:24:48.113+0000] {logging_mixin.py:188} INFO - [2024-02-23T17:24:48.113+0000] {dag.py:3820} INFO - Setting next_dagrun for example_nested_branch_dag to 2024-02-22T00:00:00+00:00, run_after=2024-02-23T00:00:00+00:00
[2024-02-23T17:24:48.144+0000] {processor.py:183} INFO - Processing /home/airflow/.local/lib/python3.8/site-packages/airflow/example_dags/example_nested_branch_dag.py took 0.116 seconds
[2024-02-23T17:25:18.250+0000] {processor.py:161} INFO - Started process (PID=5494) to work on /home/airflow/.local/lib/python3.8/site-packages/airflow/example_dags/example_nested_branch_dag.py
[2024-02-23T17:25:18.251+0000] {processor.py:830} INFO - Processing file /home/airflow/.local/lib/python3.8/site-packages/airflow/example_dags/example_nested_branch_dag.py for tasks to queue
[2024-02-23T17:25:18.253+0000] {logging_mixin.py:188} INFO - [2024-02-23T17:25:18.252+0000] {dagbag.py:538} INFO - Filling up the DagBag from /home/airflow/.local/lib/python3.8/site-packages/airflow/example_dags/example_nested_branch_dag.py
[2024-02-23T17:25:18.271+0000] {processor.py:840} INFO - DAG(s) 'example_nested_branch_dag' retrieved from /home/airflow/.local/lib/python3.8/site-packages/airflow/example_dags/example_nested_branch_dag.py
[2024-02-23T17:25:18.306+0000] {logging_mixin.py:188} INFO - [2024-02-23T17:25:18.306+0000] {dag.py:3033} INFO - Sync 1 DAGs
[2024-02-23T17:25:18.339+0000] {logging_mixin.py:188} INFO - [2024-02-23T17:25:18.339+0000] {dag.py:3820} INFO - Setting next_dagrun for example_nested_branch_dag to 2024-02-22T00:00:00+00:00, run_after=2024-02-23T00:00:00+00:00
[2024-02-23T17:25:18.366+0000] {processor.py:183} INFO - Processing /home/airflow/.local/lib/python3.8/site-packages/airflow/example_dags/example_nested_branch_dag.py took 0.121 seconds
[2024-02-23T17:25:49.380+0000] {processor.py:161} INFO - Started process (PID=5551) to work on /home/airflow/.local/lib/python3.8/site-packages/airflow/example_dags/example_nested_branch_dag.py
[2024-02-23T17:25:49.381+0000] {processor.py:830} INFO - Processing file /home/airflow/.local/lib/python3.8/site-packages/airflow/example_dags/example_nested_branch_dag.py for tasks to queue
[2024-02-23T17:25:49.382+0000] {logging_mixin.py:188} INFO - [2024-02-23T17:25:49.382+0000] {dagbag.py:538} INFO - Filling up the DagBag from /home/airflow/.local/lib/python3.8/site-packages/airflow/example_dags/example_nested_branch_dag.py
[2024-02-23T17:25:49.397+0000] {processor.py:840} INFO - DAG(s) 'example_nested_branch_dag' retrieved from /home/airflow/.local/lib/python3.8/site-packages/airflow/example_dags/example_nested_branch_dag.py
[2024-02-23T17:25:49.428+0000] {logging_mixin.py:188} INFO - [2024-02-23T17:25:49.428+0000] {dag.py:3033} INFO - Sync 1 DAGs
[2024-02-23T17:25:49.460+0000] {logging_mixin.py:188} INFO - [2024-02-23T17:25:49.460+0000] {dag.py:3820} INFO - Setting next_dagrun for example_nested_branch_dag to 2024-02-22T00:00:00+00:00, run_after=2024-02-23T00:00:00+00:00
[2024-02-23T17:25:49.498+0000] {processor.py:183} INFO - Processing /home/airflow/.local/lib/python3.8/site-packages/airflow/example_dags/example_nested_branch_dag.py took 0.122 seconds
[2024-02-23T17:26:19.889+0000] {processor.py:161} INFO - Started process (PID=5608) to work on /home/airflow/.local/lib/python3.8/site-packages/airflow/example_dags/example_nested_branch_dag.py
[2024-02-23T17:26:19.890+0000] {processor.py:830} INFO - Processing file /home/airflow/.local/lib/python3.8/site-packages/airflow/example_dags/example_nested_branch_dag.py for tasks to queue
[2024-02-23T17:26:19.891+0000] {logging_mixin.py:188} INFO - [2024-02-23T17:26:19.891+0000] {dagbag.py:538} INFO - Filling up the DagBag from /home/airflow/.local/lib/python3.8/site-packages/airflow/example_dags/example_nested_branch_dag.py
[2024-02-23T17:26:19.909+0000] {processor.py:840} INFO - DAG(s) 'example_nested_branch_dag' retrieved from /home/airflow/.local/lib/python3.8/site-packages/airflow/example_dags/example_nested_branch_dag.py
[2024-02-23T17:26:19.948+0000] {logging_mixin.py:188} INFO - [2024-02-23T17:26:19.947+0000] {dag.py:3033} INFO - Sync 1 DAGs
[2024-02-23T17:26:19.985+0000] {logging_mixin.py:188} INFO - [2024-02-23T17:26:19.985+0000] {dag.py:3820} INFO - Setting next_dagrun for example_nested_branch_dag to 2024-02-22T00:00:00+00:00, run_after=2024-02-23T00:00:00+00:00
[2024-02-23T17:26:20.012+0000] {processor.py:183} INFO - Processing /home/airflow/.local/lib/python3.8/site-packages/airflow/example_dags/example_nested_branch_dag.py took 0.128 seconds
[2024-02-23T17:26:50.569+0000] {processor.py:161} INFO - Started process (PID=5665) to work on /home/airflow/.local/lib/python3.8/site-packages/airflow/example_dags/example_nested_branch_dag.py
[2024-02-23T17:26:50.570+0000] {processor.py:830} INFO - Processing file /home/airflow/.local/lib/python3.8/site-packages/airflow/example_dags/example_nested_branch_dag.py for tasks to queue
[2024-02-23T17:26:50.572+0000] {logging_mixin.py:188} INFO - [2024-02-23T17:26:50.572+0000] {dagbag.py:538} INFO - Filling up the DagBag from /home/airflow/.local/lib/python3.8/site-packages/airflow/example_dags/example_nested_branch_dag.py
[2024-02-23T17:26:50.592+0000] {processor.py:840} INFO - DAG(s) 'example_nested_branch_dag' retrieved from /home/airflow/.local/lib/python3.8/site-packages/airflow/example_dags/example_nested_branch_dag.py
[2024-02-23T17:26:50.629+0000] {logging_mixin.py:188} INFO - [2024-02-23T17:26:50.628+0000] {dag.py:3033} INFO - Sync 1 DAGs
[2024-02-23T17:26:50.665+0000] {logging_mixin.py:188} INFO - [2024-02-23T17:26:50.665+0000] {dag.py:3820} INFO - Setting next_dagrun for example_nested_branch_dag to 2024-02-22T00:00:00+00:00, run_after=2024-02-23T00:00:00+00:00
[2024-02-23T17:26:50.695+0000] {processor.py:183} INFO - Processing /home/airflow/.local/lib/python3.8/site-packages/airflow/example_dags/example_nested_branch_dag.py took 0.134 seconds
[2024-02-23T17:27:21.066+0000] {processor.py:161} INFO - Started process (PID=5722) to work on /home/airflow/.local/lib/python3.8/site-packages/airflow/example_dags/example_nested_branch_dag.py
[2024-02-23T17:27:21.068+0000] {processor.py:830} INFO - Processing file /home/airflow/.local/lib/python3.8/site-packages/airflow/example_dags/example_nested_branch_dag.py for tasks to queue
[2024-02-23T17:27:21.069+0000] {logging_mixin.py:188} INFO - [2024-02-23T17:27:21.069+0000] {dagbag.py:538} INFO - Filling up the DagBag from /home/airflow/.local/lib/python3.8/site-packages/airflow/example_dags/example_nested_branch_dag.py
[2024-02-23T17:27:21.084+0000] {processor.py:840} INFO - DAG(s) 'example_nested_branch_dag' retrieved from /home/airflow/.local/lib/python3.8/site-packages/airflow/example_dags/example_nested_branch_dag.py
[2024-02-23T17:27:21.117+0000] {logging_mixin.py:188} INFO - [2024-02-23T17:27:21.116+0000] {dag.py:3033} INFO - Sync 1 DAGs
[2024-02-23T17:27:21.147+0000] {logging_mixin.py:188} INFO - [2024-02-23T17:27:21.147+0000] {dag.py:3820} INFO - Setting next_dagrun for example_nested_branch_dag to 2024-02-22T00:00:00+00:00, run_after=2024-02-23T00:00:00+00:00
[2024-02-23T17:27:21.188+0000] {processor.py:183} INFO - Processing /home/airflow/.local/lib/python3.8/site-packages/airflow/example_dags/example_nested_branch_dag.py took 0.127 seconds
[2024-02-23T17:27:52.389+0000] {processor.py:161} INFO - Started process (PID=5781) to work on /home/airflow/.local/lib/python3.8/site-packages/airflow/example_dags/example_nested_branch_dag.py
[2024-02-23T17:27:52.390+0000] {processor.py:830} INFO - Processing file /home/airflow/.local/lib/python3.8/site-packages/airflow/example_dags/example_nested_branch_dag.py for tasks to queue
[2024-02-23T17:27:52.391+0000] {logging_mixin.py:188} INFO - [2024-02-23T17:27:52.391+0000] {dagbag.py:538} INFO - Filling up the DagBag from /home/airflow/.local/lib/python3.8/site-packages/airflow/example_dags/example_nested_branch_dag.py
[2024-02-23T17:27:52.408+0000] {processor.py:840} INFO - DAG(s) 'example_nested_branch_dag' retrieved from /home/airflow/.local/lib/python3.8/site-packages/airflow/example_dags/example_nested_branch_dag.py
[2024-02-23T17:27:52.443+0000] {logging_mixin.py:188} INFO - [2024-02-23T17:27:52.442+0000] {dag.py:3033} INFO - Sync 1 DAGs
[2024-02-23T17:27:52.487+0000] {logging_mixin.py:188} INFO - [2024-02-23T17:27:52.487+0000] {dag.py:3820} INFO - Setting next_dagrun for example_nested_branch_dag to 2024-02-22T00:00:00+00:00, run_after=2024-02-23T00:00:00+00:00
[2024-02-23T17:27:52.519+0000] {processor.py:183} INFO - Processing /home/airflow/.local/lib/python3.8/site-packages/airflow/example_dags/example_nested_branch_dag.py took 0.137 seconds
[2024-02-23T17:28:22.989+0000] {processor.py:161} INFO - Started process (PID=5838) to work on /home/airflow/.local/lib/python3.8/site-packages/airflow/example_dags/example_nested_branch_dag.py
[2024-02-23T17:28:22.990+0000] {processor.py:830} INFO - Processing file /home/airflow/.local/lib/python3.8/site-packages/airflow/example_dags/example_nested_branch_dag.py for tasks to queue
[2024-02-23T17:28:22.991+0000] {logging_mixin.py:188} INFO - [2024-02-23T17:28:22.991+0000] {dagbag.py:538} INFO - Filling up the DagBag from /home/airflow/.local/lib/python3.8/site-packages/airflow/example_dags/example_nested_branch_dag.py
[2024-02-23T17:28:23.007+0000] {processor.py:840} INFO - DAG(s) 'example_nested_branch_dag' retrieved from /home/airflow/.local/lib/python3.8/site-packages/airflow/example_dags/example_nested_branch_dag.py
[2024-02-23T17:28:23.038+0000] {logging_mixin.py:188} INFO - [2024-02-23T17:28:23.038+0000] {dag.py:3033} INFO - Sync 1 DAGs
[2024-02-23T17:28:23.068+0000] {logging_mixin.py:188} INFO - [2024-02-23T17:28:23.068+0000] {dag.py:3820} INFO - Setting next_dagrun for example_nested_branch_dag to 2024-02-22T00:00:00+00:00, run_after=2024-02-23T00:00:00+00:00
[2024-02-23T17:28:23.092+0000] {processor.py:183} INFO - Processing /home/airflow/.local/lib/python3.8/site-packages/airflow/example_dags/example_nested_branch_dag.py took 0.108 seconds
[2024-02-23T17:28:53.494+0000] {processor.py:161} INFO - Started process (PID=5895) to work on /home/airflow/.local/lib/python3.8/site-packages/airflow/example_dags/example_nested_branch_dag.py
[2024-02-23T17:28:53.496+0000] {processor.py:830} INFO - Processing file /home/airflow/.local/lib/python3.8/site-packages/airflow/example_dags/example_nested_branch_dag.py for tasks to queue
[2024-02-23T17:28:53.497+0000] {logging_mixin.py:188} INFO - [2024-02-23T17:28:53.496+0000] {dagbag.py:538} INFO - Filling up the DagBag from /home/airflow/.local/lib/python3.8/site-packages/airflow/example_dags/example_nested_branch_dag.py
[2024-02-23T17:28:53.513+0000] {processor.py:840} INFO - DAG(s) 'example_nested_branch_dag' retrieved from /home/airflow/.local/lib/python3.8/site-packages/airflow/example_dags/example_nested_branch_dag.py
[2024-02-23T17:28:53.547+0000] {logging_mixin.py:188} INFO - [2024-02-23T17:28:53.546+0000] {dag.py:3033} INFO - Sync 1 DAGs
[2024-02-23T17:28:53.575+0000] {logging_mixin.py:188} INFO - [2024-02-23T17:28:53.575+0000] {dag.py:3820} INFO - Setting next_dagrun for example_nested_branch_dag to 2024-02-22T00:00:00+00:00, run_after=2024-02-23T00:00:00+00:00
[2024-02-23T17:28:53.600+0000] {processor.py:183} INFO - Processing /home/airflow/.local/lib/python3.8/site-packages/airflow/example_dags/example_nested_branch_dag.py took 0.112 seconds
[2024-02-23T17:29:24.320+0000] {processor.py:161} INFO - Started process (PID=5952) to work on /home/airflow/.local/lib/python3.8/site-packages/airflow/example_dags/example_nested_branch_dag.py
[2024-02-23T17:29:24.322+0000] {processor.py:830} INFO - Processing file /home/airflow/.local/lib/python3.8/site-packages/airflow/example_dags/example_nested_branch_dag.py for tasks to queue
[2024-02-23T17:29:24.323+0000] {logging_mixin.py:188} INFO - [2024-02-23T17:29:24.323+0000] {dagbag.py:538} INFO - Filling up the DagBag from /home/airflow/.local/lib/python3.8/site-packages/airflow/example_dags/example_nested_branch_dag.py
[2024-02-23T17:29:24.343+0000] {processor.py:840} INFO - DAG(s) 'example_nested_branch_dag' retrieved from /home/airflow/.local/lib/python3.8/site-packages/airflow/example_dags/example_nested_branch_dag.py
[2024-02-23T17:29:24.381+0000] {logging_mixin.py:188} INFO - [2024-02-23T17:29:24.381+0000] {dag.py:3033} INFO - Sync 1 DAGs
[2024-02-23T17:29:24.415+0000] {logging_mixin.py:188} INFO - [2024-02-23T17:29:24.415+0000] {dag.py:3820} INFO - Setting next_dagrun for example_nested_branch_dag to 2024-02-22T00:00:00+00:00, run_after=2024-02-23T00:00:00+00:00
[2024-02-23T17:29:24.449+0000] {processor.py:183} INFO - Processing /home/airflow/.local/lib/python3.8/site-packages/airflow/example_dags/example_nested_branch_dag.py took 0.134 seconds
[2024-02-23T17:29:55.591+0000] {processor.py:161} INFO - Started process (PID=6009) to work on /home/airflow/.local/lib/python3.8/site-packages/airflow/example_dags/example_nested_branch_dag.py
[2024-02-23T17:29:55.592+0000] {processor.py:830} INFO - Processing file /home/airflow/.local/lib/python3.8/site-packages/airflow/example_dags/example_nested_branch_dag.py for tasks to queue
[2024-02-23T17:29:55.593+0000] {logging_mixin.py:188} INFO - [2024-02-23T17:29:55.593+0000] {dagbag.py:538} INFO - Filling up the DagBag from /home/airflow/.local/lib/python3.8/site-packages/airflow/example_dags/example_nested_branch_dag.py
[2024-02-23T17:29:55.608+0000] {processor.py:840} INFO - DAG(s) 'example_nested_branch_dag' retrieved from /home/airflow/.local/lib/python3.8/site-packages/airflow/example_dags/example_nested_branch_dag.py
[2024-02-23T17:29:55.640+0000] {logging_mixin.py:188} INFO - [2024-02-23T17:29:55.639+0000] {dag.py:3033} INFO - Sync 1 DAGs
[2024-02-23T17:29:55.675+0000] {logging_mixin.py:188} INFO - [2024-02-23T17:29:55.675+0000] {dag.py:3820} INFO - Setting next_dagrun for example_nested_branch_dag to 2024-02-22T00:00:00+00:00, run_after=2024-02-23T00:00:00+00:00
[2024-02-23T17:29:55.705+0000] {processor.py:183} INFO - Processing /home/airflow/.local/lib/python3.8/site-packages/airflow/example_dags/example_nested_branch_dag.py took 0.120 seconds
[2024-02-23T17:30:26.080+0000] {processor.py:161} INFO - Started process (PID=6066) to work on /home/airflow/.local/lib/python3.8/site-packages/airflow/example_dags/example_nested_branch_dag.py
[2024-02-23T17:30:26.081+0000] {processor.py:830} INFO - Processing file /home/airflow/.local/lib/python3.8/site-packages/airflow/example_dags/example_nested_branch_dag.py for tasks to queue
[2024-02-23T17:30:26.082+0000] {logging_mixin.py:188} INFO - [2024-02-23T17:30:26.082+0000] {dagbag.py:538} INFO - Filling up the DagBag from /home/airflow/.local/lib/python3.8/site-packages/airflow/example_dags/example_nested_branch_dag.py
[2024-02-23T17:30:26.100+0000] {processor.py:840} INFO - DAG(s) 'example_nested_branch_dag' retrieved from /home/airflow/.local/lib/python3.8/site-packages/airflow/example_dags/example_nested_branch_dag.py
[2024-02-23T17:30:26.130+0000] {logging_mixin.py:188} INFO - [2024-02-23T17:30:26.130+0000] {dag.py:3033} INFO - Sync 1 DAGs
[2024-02-23T17:30:26.168+0000] {logging_mixin.py:188} INFO - [2024-02-23T17:30:26.168+0000] {dag.py:3820} INFO - Setting next_dagrun for example_nested_branch_dag to 2024-02-22T00:00:00+00:00, run_after=2024-02-23T00:00:00+00:00
[2024-02-23T17:30:26.196+0000] {processor.py:183} INFO - Processing /home/airflow/.local/lib/python3.8/site-packages/airflow/example_dags/example_nested_branch_dag.py took 0.121 seconds
[2024-02-23T17:30:56.311+0000] {processor.py:161} INFO - Started process (PID=6123) to work on /home/airflow/.local/lib/python3.8/site-packages/airflow/example_dags/example_nested_branch_dag.py
[2024-02-23T17:30:56.312+0000] {processor.py:830} INFO - Processing file /home/airflow/.local/lib/python3.8/site-packages/airflow/example_dags/example_nested_branch_dag.py for tasks to queue
[2024-02-23T17:30:56.314+0000] {logging_mixin.py:188} INFO - [2024-02-23T17:30:56.313+0000] {dagbag.py:538} INFO - Filling up the DagBag from /home/airflow/.local/lib/python3.8/site-packages/airflow/example_dags/example_nested_branch_dag.py
[2024-02-23T17:30:56.329+0000] {processor.py:840} INFO - DAG(s) 'example_nested_branch_dag' retrieved from /home/airflow/.local/lib/python3.8/site-packages/airflow/example_dags/example_nested_branch_dag.py
[2024-02-23T17:30:56.358+0000] {logging_mixin.py:188} INFO - [2024-02-23T17:30:56.358+0000] {dag.py:3033} INFO - Sync 1 DAGs
[2024-02-23T17:30:56.387+0000] {logging_mixin.py:188} INFO - [2024-02-23T17:30:56.387+0000] {dag.py:3820} INFO - Setting next_dagrun for example_nested_branch_dag to 2024-02-22T00:00:00+00:00, run_after=2024-02-23T00:00:00+00:00
[2024-02-23T17:30:56.428+0000] {processor.py:183} INFO - Processing /home/airflow/.local/lib/python3.8/site-packages/airflow/example_dags/example_nested_branch_dag.py took 0.123 seconds
[2024-02-23T17:31:26.797+0000] {processor.py:161} INFO - Started process (PID=6180) to work on /home/airflow/.local/lib/python3.8/site-packages/airflow/example_dags/example_nested_branch_dag.py
[2024-02-23T17:31:26.798+0000] {processor.py:830} INFO - Processing file /home/airflow/.local/lib/python3.8/site-packages/airflow/example_dags/example_nested_branch_dag.py for tasks to queue
[2024-02-23T17:31:26.799+0000] {logging_mixin.py:188} INFO - [2024-02-23T17:31:26.799+0000] {dagbag.py:538} INFO - Filling up the DagBag from /home/airflow/.local/lib/python3.8/site-packages/airflow/example_dags/example_nested_branch_dag.py
[2024-02-23T17:31:26.812+0000] {processor.py:840} INFO - DAG(s) 'example_nested_branch_dag' retrieved from /home/airflow/.local/lib/python3.8/site-packages/airflow/example_dags/example_nested_branch_dag.py
[2024-02-23T17:31:26.840+0000] {logging_mixin.py:188} INFO - [2024-02-23T17:31:26.840+0000] {dag.py:3033} INFO - Sync 1 DAGs
[2024-02-23T17:31:26.868+0000] {logging_mixin.py:188} INFO - [2024-02-23T17:31:26.868+0000] {dag.py:3820} INFO - Setting next_dagrun for example_nested_branch_dag to 2024-02-22T00:00:00+00:00, run_after=2024-02-23T00:00:00+00:00
[2024-02-23T17:31:26.892+0000] {processor.py:183} INFO - Processing /home/airflow/.local/lib/python3.8/site-packages/airflow/example_dags/example_nested_branch_dag.py took 0.099 seconds
[2024-02-23T17:31:58.152+0000] {processor.py:161} INFO - Started process (PID=6242) to work on /home/airflow/.local/lib/python3.8/site-packages/airflow/example_dags/example_nested_branch_dag.py
[2024-02-23T17:31:58.153+0000] {processor.py:830} INFO - Processing file /home/airflow/.local/lib/python3.8/site-packages/airflow/example_dags/example_nested_branch_dag.py for tasks to queue
[2024-02-23T17:31:58.154+0000] {logging_mixin.py:188} INFO - [2024-02-23T17:31:58.154+0000] {dagbag.py:538} INFO - Filling up the DagBag from /home/airflow/.local/lib/python3.8/site-packages/airflow/example_dags/example_nested_branch_dag.py
[2024-02-23T17:31:58.168+0000] {processor.py:840} INFO - DAG(s) 'example_nested_branch_dag' retrieved from /home/airflow/.local/lib/python3.8/site-packages/airflow/example_dags/example_nested_branch_dag.py
[2024-02-23T17:31:58.196+0000] {logging_mixin.py:188} INFO - [2024-02-23T17:31:58.196+0000] {dag.py:3033} INFO - Sync 1 DAGs
[2024-02-23T17:31:58.224+0000] {logging_mixin.py:188} INFO - [2024-02-23T17:31:58.224+0000] {dag.py:3820} INFO - Setting next_dagrun for example_nested_branch_dag to 2024-02-22T00:00:00+00:00, run_after=2024-02-23T00:00:00+00:00
[2024-02-23T17:31:58.247+0000] {processor.py:183} INFO - Processing /home/airflow/.local/lib/python3.8/site-packages/airflow/example_dags/example_nested_branch_dag.py took 0.100 seconds
[2024-02-23T17:32:29.157+0000] {processor.py:161} INFO - Started process (PID=6299) to work on /home/airflow/.local/lib/python3.8/site-packages/airflow/example_dags/example_nested_branch_dag.py
[2024-02-23T17:32:29.159+0000] {processor.py:830} INFO - Processing file /home/airflow/.local/lib/python3.8/site-packages/airflow/example_dags/example_nested_branch_dag.py for tasks to queue
[2024-02-23T17:32:29.160+0000] {logging_mixin.py:188} INFO - [2024-02-23T17:32:29.160+0000] {dagbag.py:538} INFO - Filling up the DagBag from /home/airflow/.local/lib/python3.8/site-packages/airflow/example_dags/example_nested_branch_dag.py
[2024-02-23T17:32:29.175+0000] {processor.py:840} INFO - DAG(s) 'example_nested_branch_dag' retrieved from /home/airflow/.local/lib/python3.8/site-packages/airflow/example_dags/example_nested_branch_dag.py
[2024-02-23T17:32:29.208+0000] {logging_mixin.py:188} INFO - [2024-02-23T17:32:29.207+0000] {dag.py:3033} INFO - Sync 1 DAGs
[2024-02-23T17:32:29.243+0000] {logging_mixin.py:188} INFO - [2024-02-23T17:32:29.242+0000] {dag.py:3820} INFO - Setting next_dagrun for example_nested_branch_dag to 2024-02-22T00:00:00+00:00, run_after=2024-02-23T00:00:00+00:00
[2024-02-23T17:32:29.269+0000] {processor.py:183} INFO - Processing /home/airflow/.local/lib/python3.8/site-packages/airflow/example_dags/example_nested_branch_dag.py took 0.116 seconds
[2024-02-23T17:32:59.616+0000] {processor.py:161} INFO - Started process (PID=6356) to work on /home/airflow/.local/lib/python3.8/site-packages/airflow/example_dags/example_nested_branch_dag.py
[2024-02-23T17:32:59.617+0000] {processor.py:830} INFO - Processing file /home/airflow/.local/lib/python3.8/site-packages/airflow/example_dags/example_nested_branch_dag.py for tasks to queue
[2024-02-23T17:32:59.619+0000] {logging_mixin.py:188} INFO - [2024-02-23T17:32:59.618+0000] {dagbag.py:538} INFO - Filling up the DagBag from /home/airflow/.local/lib/python3.8/site-packages/airflow/example_dags/example_nested_branch_dag.py
[2024-02-23T17:32:59.633+0000] {processor.py:840} INFO - DAG(s) 'example_nested_branch_dag' retrieved from /home/airflow/.local/lib/python3.8/site-packages/airflow/example_dags/example_nested_branch_dag.py
[2024-02-23T17:32:59.660+0000] {logging_mixin.py:188} INFO - [2024-02-23T17:32:59.660+0000] {dag.py:3033} INFO - Sync 1 DAGs
[2024-02-23T17:32:59.693+0000] {logging_mixin.py:188} INFO - [2024-02-23T17:32:59.693+0000] {dag.py:3820} INFO - Setting next_dagrun for example_nested_branch_dag to 2024-02-22T00:00:00+00:00, run_after=2024-02-23T00:00:00+00:00
[2024-02-23T17:32:59.750+0000] {processor.py:183} INFO - Processing /home/airflow/.local/lib/python3.8/site-packages/airflow/example_dags/example_nested_branch_dag.py took 0.138 seconds
[2024-02-23T17:33:30.055+0000] {processor.py:161} INFO - Started process (PID=6413) to work on /home/airflow/.local/lib/python3.8/site-packages/airflow/example_dags/example_nested_branch_dag.py
[2024-02-23T17:33:30.057+0000] {processor.py:830} INFO - Processing file /home/airflow/.local/lib/python3.8/site-packages/airflow/example_dags/example_nested_branch_dag.py for tasks to queue
[2024-02-23T17:33:30.059+0000] {logging_mixin.py:188} INFO - [2024-02-23T17:33:30.058+0000] {dagbag.py:538} INFO - Filling up the DagBag from /home/airflow/.local/lib/python3.8/site-packages/airflow/example_dags/example_nested_branch_dag.py
[2024-02-23T17:33:30.078+0000] {processor.py:840} INFO - DAG(s) 'example_nested_branch_dag' retrieved from /home/airflow/.local/lib/python3.8/site-packages/airflow/example_dags/example_nested_branch_dag.py
[2024-02-23T17:33:30.116+0000] {logging_mixin.py:188} INFO - [2024-02-23T17:33:30.116+0000] {dag.py:3033} INFO - Sync 1 DAGs
[2024-02-23T17:33:30.155+0000] {logging_mixin.py:188} INFO - [2024-02-23T17:33:30.155+0000] {dag.py:3820} INFO - Setting next_dagrun for example_nested_branch_dag to 2024-02-22T00:00:00+00:00, run_after=2024-02-23T00:00:00+00:00
[2024-02-23T17:33:30.221+0000] {processor.py:183} INFO - Processing /home/airflow/.local/lib/python3.8/site-packages/airflow/example_dags/example_nested_branch_dag.py took 0.171 seconds
[2024-02-23T17:34:00.709+0000] {processor.py:161} INFO - Started process (PID=6472) to work on /home/airflow/.local/lib/python3.8/site-packages/airflow/example_dags/example_nested_branch_dag.py
[2024-02-23T17:34:00.710+0000] {processor.py:830} INFO - Processing file /home/airflow/.local/lib/python3.8/site-packages/airflow/example_dags/example_nested_branch_dag.py for tasks to queue
[2024-02-23T17:34:00.712+0000] {logging_mixin.py:188} INFO - [2024-02-23T17:34:00.711+0000] {dagbag.py:538} INFO - Filling up the DagBag from /home/airflow/.local/lib/python3.8/site-packages/airflow/example_dags/example_nested_branch_dag.py
[2024-02-23T17:34:00.725+0000] {processor.py:840} INFO - DAG(s) 'example_nested_branch_dag' retrieved from /home/airflow/.local/lib/python3.8/site-packages/airflow/example_dags/example_nested_branch_dag.py
[2024-02-23T17:34:00.755+0000] {logging_mixin.py:188} INFO - [2024-02-23T17:34:00.755+0000] {dag.py:3033} INFO - Sync 1 DAGs
[2024-02-23T17:34:00.784+0000] {logging_mixin.py:188} INFO - [2024-02-23T17:34:00.783+0000] {dag.py:3820} INFO - Setting next_dagrun for example_nested_branch_dag to 2024-02-22T00:00:00+00:00, run_after=2024-02-23T00:00:00+00:00
[2024-02-23T17:34:00.807+0000] {processor.py:183} INFO - Processing /home/airflow/.local/lib/python3.8/site-packages/airflow/example_dags/example_nested_branch_dag.py took 0.103 seconds
[2024-02-23T17:34:31.587+0000] {processor.py:161} INFO - Started process (PID=6532) to work on /home/airflow/.local/lib/python3.8/site-packages/airflow/example_dags/example_nested_branch_dag.py
[2024-02-23T17:34:31.588+0000] {processor.py:830} INFO - Processing file /home/airflow/.local/lib/python3.8/site-packages/airflow/example_dags/example_nested_branch_dag.py for tasks to queue
[2024-02-23T17:34:31.590+0000] {logging_mixin.py:188} INFO - [2024-02-23T17:34:31.589+0000] {dagbag.py:538} INFO - Filling up the DagBag from /home/airflow/.local/lib/python3.8/site-packages/airflow/example_dags/example_nested_branch_dag.py
[2024-02-23T17:34:31.607+0000] {processor.py:840} INFO - DAG(s) 'example_nested_branch_dag' retrieved from /home/airflow/.local/lib/python3.8/site-packages/airflow/example_dags/example_nested_branch_dag.py
[2024-02-23T17:34:31.639+0000] {logging_mixin.py:188} INFO - [2024-02-23T17:34:31.638+0000] {dag.py:3033} INFO - Sync 1 DAGs
[2024-02-23T17:34:31.667+0000] {logging_mixin.py:188} INFO - [2024-02-23T17:34:31.667+0000] {dag.py:3820} INFO - Setting next_dagrun for example_nested_branch_dag to 2024-02-22T00:00:00+00:00, run_after=2024-02-23T00:00:00+00:00
[2024-02-23T17:34:31.714+0000] {processor.py:183} INFO - Processing /home/airflow/.local/lib/python3.8/site-packages/airflow/example_dags/example_nested_branch_dag.py took 0.133 seconds
[2024-02-23T17:35:02.934+0000] {processor.py:161} INFO - Started process (PID=6589) to work on /home/airflow/.local/lib/python3.8/site-packages/airflow/example_dags/example_nested_branch_dag.py
[2024-02-23T17:35:02.936+0000] {processor.py:830} INFO - Processing file /home/airflow/.local/lib/python3.8/site-packages/airflow/example_dags/example_nested_branch_dag.py for tasks to queue
[2024-02-23T17:35:02.937+0000] {logging_mixin.py:188} INFO - [2024-02-23T17:35:02.937+0000] {dagbag.py:538} INFO - Filling up the DagBag from /home/airflow/.local/lib/python3.8/site-packages/airflow/example_dags/example_nested_branch_dag.py
[2024-02-23T17:35:02.960+0000] {processor.py:840} INFO - DAG(s) 'example_nested_branch_dag' retrieved from /home/airflow/.local/lib/python3.8/site-packages/airflow/example_dags/example_nested_branch_dag.py
[2024-02-23T17:35:02.996+0000] {logging_mixin.py:188} INFO - [2024-02-23T17:35:02.996+0000] {dag.py:3033} INFO - Sync 1 DAGs
[2024-02-23T17:35:03.036+0000] {logging_mixin.py:188} INFO - [2024-02-23T17:35:03.036+0000] {dag.py:3820} INFO - Setting next_dagrun for example_nested_branch_dag to 2024-02-22T00:00:00+00:00, run_after=2024-02-23T00:00:00+00:00
[2024-02-23T17:35:03.068+0000] {processor.py:183} INFO - Processing /home/airflow/.local/lib/python3.8/site-packages/airflow/example_dags/example_nested_branch_dag.py took 0.138 seconds
[2024-02-23T17:35:33.298+0000] {processor.py:161} INFO - Started process (PID=6646) to work on /home/airflow/.local/lib/python3.8/site-packages/airflow/example_dags/example_nested_branch_dag.py
[2024-02-23T17:35:33.300+0000] {processor.py:830} INFO - Processing file /home/airflow/.local/lib/python3.8/site-packages/airflow/example_dags/example_nested_branch_dag.py for tasks to queue
[2024-02-23T17:35:33.301+0000] {logging_mixin.py:188} INFO - [2024-02-23T17:35:33.301+0000] {dagbag.py:538} INFO - Filling up the DagBag from /home/airflow/.local/lib/python3.8/site-packages/airflow/example_dags/example_nested_branch_dag.py
[2024-02-23T17:35:33.317+0000] {processor.py:840} INFO - DAG(s) 'example_nested_branch_dag' retrieved from /home/airflow/.local/lib/python3.8/site-packages/airflow/example_dags/example_nested_branch_dag.py
[2024-02-23T17:35:33.348+0000] {logging_mixin.py:188} INFO - [2024-02-23T17:35:33.347+0000] {dag.py:3033} INFO - Sync 1 DAGs
[2024-02-23T17:35:33.379+0000] {logging_mixin.py:188} INFO - [2024-02-23T17:35:33.379+0000] {dag.py:3820} INFO - Setting next_dagrun for example_nested_branch_dag to 2024-02-22T00:00:00+00:00, run_after=2024-02-23T00:00:00+00:00
[2024-02-23T17:35:33.403+0000] {processor.py:183} INFO - Processing /home/airflow/.local/lib/python3.8/site-packages/airflow/example_dags/example_nested_branch_dag.py took 0.109 seconds
[2024-02-23T17:36:03.670+0000] {processor.py:161} INFO - Started process (PID=6703) to work on /home/airflow/.local/lib/python3.8/site-packages/airflow/example_dags/example_nested_branch_dag.py
[2024-02-23T17:36:03.671+0000] {processor.py:830} INFO - Processing file /home/airflow/.local/lib/python3.8/site-packages/airflow/example_dags/example_nested_branch_dag.py for tasks to queue
[2024-02-23T17:36:03.672+0000] {logging_mixin.py:188} INFO - [2024-02-23T17:36:03.672+0000] {dagbag.py:538} INFO - Filling up the DagBag from /home/airflow/.local/lib/python3.8/site-packages/airflow/example_dags/example_nested_branch_dag.py
[2024-02-23T17:36:03.688+0000] {processor.py:840} INFO - DAG(s) 'example_nested_branch_dag' retrieved from /home/airflow/.local/lib/python3.8/site-packages/airflow/example_dags/example_nested_branch_dag.py
[2024-02-23T17:36:03.721+0000] {logging_mixin.py:188} INFO - [2024-02-23T17:36:03.721+0000] {dag.py:3033} INFO - Sync 1 DAGs
[2024-02-23T17:36:03.761+0000] {logging_mixin.py:188} INFO - [2024-02-23T17:36:03.761+0000] {dag.py:3820} INFO - Setting next_dagrun for example_nested_branch_dag to 2024-02-22T00:00:00+00:00, run_after=2024-02-23T00:00:00+00:00
[2024-02-23T17:36:03.789+0000] {processor.py:183} INFO - Processing /home/airflow/.local/lib/python3.8/site-packages/airflow/example_dags/example_nested_branch_dag.py took 0.124 seconds
[2024-02-23T17:36:34.571+0000] {processor.py:161} INFO - Started process (PID=6762) to work on /home/airflow/.local/lib/python3.8/site-packages/airflow/example_dags/example_nested_branch_dag.py
[2024-02-23T17:36:34.572+0000] {processor.py:830} INFO - Processing file /home/airflow/.local/lib/python3.8/site-packages/airflow/example_dags/example_nested_branch_dag.py for tasks to queue
[2024-02-23T17:36:34.574+0000] {logging_mixin.py:188} INFO - [2024-02-23T17:36:34.573+0000] {dagbag.py:538} INFO - Filling up the DagBag from /home/airflow/.local/lib/python3.8/site-packages/airflow/example_dags/example_nested_branch_dag.py
[2024-02-23T17:36:34.591+0000] {processor.py:840} INFO - DAG(s) 'example_nested_branch_dag' retrieved from /home/airflow/.local/lib/python3.8/site-packages/airflow/example_dags/example_nested_branch_dag.py
[2024-02-23T17:36:34.626+0000] {logging_mixin.py:188} INFO - [2024-02-23T17:36:34.626+0000] {dag.py:3033} INFO - Sync 1 DAGs
[2024-02-23T17:36:34.658+0000] {logging_mixin.py:188} INFO - [2024-02-23T17:36:34.657+0000] {dag.py:3820} INFO - Setting next_dagrun for example_nested_branch_dag to 2024-02-22T00:00:00+00:00, run_after=2024-02-23T00:00:00+00:00
[2024-02-23T17:36:34.683+0000] {processor.py:183} INFO - Processing /home/airflow/.local/lib/python3.8/site-packages/airflow/example_dags/example_nested_branch_dag.py took 0.116 seconds
[2024-02-23T17:37:05.694+0000] {processor.py:161} INFO - Started process (PID=6820) to work on /home/airflow/.local/lib/python3.8/site-packages/airflow/example_dags/example_nested_branch_dag.py
[2024-02-23T17:37:05.695+0000] {processor.py:830} INFO - Processing file /home/airflow/.local/lib/python3.8/site-packages/airflow/example_dags/example_nested_branch_dag.py for tasks to queue
[2024-02-23T17:37:05.696+0000] {logging_mixin.py:188} INFO - [2024-02-23T17:37:05.696+0000] {dagbag.py:538} INFO - Filling up the DagBag from /home/airflow/.local/lib/python3.8/site-packages/airflow/example_dags/example_nested_branch_dag.py
[2024-02-23T17:37:05.710+0000] {processor.py:840} INFO - DAG(s) 'example_nested_branch_dag' retrieved from /home/airflow/.local/lib/python3.8/site-packages/airflow/example_dags/example_nested_branch_dag.py
[2024-02-23T17:37:05.738+0000] {logging_mixin.py:188} INFO - [2024-02-23T17:37:05.738+0000] {dag.py:3033} INFO - Sync 1 DAGs
[2024-02-23T17:37:05.765+0000] {logging_mixin.py:188} INFO - [2024-02-23T17:37:05.764+0000] {dag.py:3820} INFO - Setting next_dagrun for example_nested_branch_dag to 2024-02-22T00:00:00+00:00, run_after=2024-02-23T00:00:00+00:00
[2024-02-23T17:37:05.802+0000] {processor.py:183} INFO - Processing /home/airflow/.local/lib/python3.8/site-packages/airflow/example_dags/example_nested_branch_dag.py took 0.113 seconds
[2024-02-23T17:37:35.920+0000] {processor.py:161} INFO - Started process (PID=6877) to work on /home/airflow/.local/lib/python3.8/site-packages/airflow/example_dags/example_nested_branch_dag.py
[2024-02-23T17:37:35.921+0000] {processor.py:830} INFO - Processing file /home/airflow/.local/lib/python3.8/site-packages/airflow/example_dags/example_nested_branch_dag.py for tasks to queue
[2024-02-23T17:37:35.923+0000] {logging_mixin.py:188} INFO - [2024-02-23T17:37:35.922+0000] {dagbag.py:538} INFO - Filling up the DagBag from /home/airflow/.local/lib/python3.8/site-packages/airflow/example_dags/example_nested_branch_dag.py
[2024-02-23T17:37:35.937+0000] {processor.py:840} INFO - DAG(s) 'example_nested_branch_dag' retrieved from /home/airflow/.local/lib/python3.8/site-packages/airflow/example_dags/example_nested_branch_dag.py
[2024-02-23T17:37:35.967+0000] {logging_mixin.py:188} INFO - [2024-02-23T17:37:35.966+0000] {dag.py:3033} INFO - Sync 1 DAGs
[2024-02-23T17:37:35.996+0000] {logging_mixin.py:188} INFO - [2024-02-23T17:37:35.996+0000] {dag.py:3820} INFO - Setting next_dagrun for example_nested_branch_dag to 2024-02-22T00:00:00+00:00, run_after=2024-02-23T00:00:00+00:00
[2024-02-23T17:37:36.035+0000] {processor.py:183} INFO - Processing /home/airflow/.local/lib/python3.8/site-packages/airflow/example_dags/example_nested_branch_dag.py took 0.119 seconds
[2024-02-23T17:38:06.247+0000] {processor.py:161} INFO - Started process (PID=6934) to work on /home/airflow/.local/lib/python3.8/site-packages/airflow/example_dags/example_nested_branch_dag.py
[2024-02-23T17:38:06.248+0000] {processor.py:830} INFO - Processing file /home/airflow/.local/lib/python3.8/site-packages/airflow/example_dags/example_nested_branch_dag.py for tasks to queue
[2024-02-23T17:38:06.250+0000] {logging_mixin.py:188} INFO - [2024-02-23T17:38:06.249+0000] {dagbag.py:538} INFO - Filling up the DagBag from /home/airflow/.local/lib/python3.8/site-packages/airflow/example_dags/example_nested_branch_dag.py
[2024-02-23T17:38:06.264+0000] {processor.py:840} INFO - DAG(s) 'example_nested_branch_dag' retrieved from /home/airflow/.local/lib/python3.8/site-packages/airflow/example_dags/example_nested_branch_dag.py
[2024-02-23T17:38:06.296+0000] {logging_mixin.py:188} INFO - [2024-02-23T17:38:06.296+0000] {dag.py:3033} INFO - Sync 1 DAGs
[2024-02-23T17:38:06.334+0000] {logging_mixin.py:188} INFO - [2024-02-23T17:38:06.334+0000] {dag.py:3820} INFO - Setting next_dagrun for example_nested_branch_dag to 2024-02-22T00:00:00+00:00, run_after=2024-02-23T00:00:00+00:00
[2024-02-23T17:38:06.359+0000] {processor.py:183} INFO - Processing /home/airflow/.local/lib/python3.8/site-packages/airflow/example_dags/example_nested_branch_dag.py took 0.115 seconds
[2024-02-23T17:38:36.837+0000] {processor.py:161} INFO - Started process (PID=6991) to work on /home/airflow/.local/lib/python3.8/site-packages/airflow/example_dags/example_nested_branch_dag.py
[2024-02-23T17:38:36.838+0000] {processor.py:830} INFO - Processing file /home/airflow/.local/lib/python3.8/site-packages/airflow/example_dags/example_nested_branch_dag.py for tasks to queue
[2024-02-23T17:38:36.840+0000] {logging_mixin.py:188} INFO - [2024-02-23T17:38:36.839+0000] {dagbag.py:538} INFO - Filling up the DagBag from /home/airflow/.local/lib/python3.8/site-packages/airflow/example_dags/example_nested_branch_dag.py
[2024-02-23T17:38:36.853+0000] {processor.py:840} INFO - DAG(s) 'example_nested_branch_dag' retrieved from /home/airflow/.local/lib/python3.8/site-packages/airflow/example_dags/example_nested_branch_dag.py
[2024-02-23T17:38:36.884+0000] {logging_mixin.py:188} INFO - [2024-02-23T17:38:36.884+0000] {dag.py:3033} INFO - Sync 1 DAGs
[2024-02-23T17:38:36.909+0000] {logging_mixin.py:188} INFO - [2024-02-23T17:38:36.909+0000] {dag.py:3820} INFO - Setting next_dagrun for example_nested_branch_dag to 2024-02-22T00:00:00+00:00, run_after=2024-02-23T00:00:00+00:00
[2024-02-23T17:38:36.930+0000] {processor.py:183} INFO - Processing /home/airflow/.local/lib/python3.8/site-packages/airflow/example_dags/example_nested_branch_dag.py took 0.097 seconds
[2024-02-23T17:39:07.151+0000] {processor.py:161} INFO - Started process (PID=7048) to work on /home/airflow/.local/lib/python3.8/site-packages/airflow/example_dags/example_nested_branch_dag.py
[2024-02-23T17:39:07.153+0000] {processor.py:830} INFO - Processing file /home/airflow/.local/lib/python3.8/site-packages/airflow/example_dags/example_nested_branch_dag.py for tasks to queue
[2024-02-23T17:39:07.154+0000] {logging_mixin.py:188} INFO - [2024-02-23T17:39:07.154+0000] {dagbag.py:538} INFO - Filling up the DagBag from /home/airflow/.local/lib/python3.8/site-packages/airflow/example_dags/example_nested_branch_dag.py
[2024-02-23T17:39:07.167+0000] {processor.py:840} INFO - DAG(s) 'example_nested_branch_dag' retrieved from /home/airflow/.local/lib/python3.8/site-packages/airflow/example_dags/example_nested_branch_dag.py
[2024-02-23T17:39:07.194+0000] {logging_mixin.py:188} INFO - [2024-02-23T17:39:07.194+0000] {dag.py:3033} INFO - Sync 1 DAGs
[2024-02-23T17:39:07.223+0000] {logging_mixin.py:188} INFO - [2024-02-23T17:39:07.223+0000] {dag.py:3820} INFO - Setting next_dagrun for example_nested_branch_dag to 2024-02-22T00:00:00+00:00, run_after=2024-02-23T00:00:00+00:00
[2024-02-23T17:39:07.276+0000] {processor.py:183} INFO - Processing /home/airflow/.local/lib/python3.8/site-packages/airflow/example_dags/example_nested_branch_dag.py took 0.129 seconds
[2024-02-23T17:39:37.487+0000] {processor.py:161} INFO - Started process (PID=7105) to work on /home/airflow/.local/lib/python3.8/site-packages/airflow/example_dags/example_nested_branch_dag.py
[2024-02-23T17:39:37.489+0000] {processor.py:830} INFO - Processing file /home/airflow/.local/lib/python3.8/site-packages/airflow/example_dags/example_nested_branch_dag.py for tasks to queue
[2024-02-23T17:39:37.490+0000] {logging_mixin.py:188} INFO - [2024-02-23T17:39:37.490+0000] {dagbag.py:538} INFO - Filling up the DagBag from /home/airflow/.local/lib/python3.8/site-packages/airflow/example_dags/example_nested_branch_dag.py
[2024-02-23T17:39:37.503+0000] {processor.py:840} INFO - DAG(s) 'example_nested_branch_dag' retrieved from /home/airflow/.local/lib/python3.8/site-packages/airflow/example_dags/example_nested_branch_dag.py
[2024-02-23T17:39:37.531+0000] {logging_mixin.py:188} INFO - [2024-02-23T17:39:37.531+0000] {dag.py:3033} INFO - Sync 1 DAGs
[2024-02-23T17:39:37.561+0000] {logging_mixin.py:188} INFO - [2024-02-23T17:39:37.561+0000] {dag.py:3820} INFO - Setting next_dagrun for example_nested_branch_dag to 2024-02-22T00:00:00+00:00, run_after=2024-02-23T00:00:00+00:00
[2024-02-23T17:39:37.584+0000] {processor.py:183} INFO - Processing /home/airflow/.local/lib/python3.8/site-packages/airflow/example_dags/example_nested_branch_dag.py took 0.100 seconds
[2024-02-23T17:40:08.119+0000] {processor.py:161} INFO - Started process (PID=7162) to work on /home/airflow/.local/lib/python3.8/site-packages/airflow/example_dags/example_nested_branch_dag.py
[2024-02-23T17:40:08.120+0000] {processor.py:830} INFO - Processing file /home/airflow/.local/lib/python3.8/site-packages/airflow/example_dags/example_nested_branch_dag.py for tasks to queue
[2024-02-23T17:40:08.121+0000] {logging_mixin.py:188} INFO - [2024-02-23T17:40:08.121+0000] {dagbag.py:538} INFO - Filling up the DagBag from /home/airflow/.local/lib/python3.8/site-packages/airflow/example_dags/example_nested_branch_dag.py
[2024-02-23T17:40:08.135+0000] {processor.py:840} INFO - DAG(s) 'example_nested_branch_dag' retrieved from /home/airflow/.local/lib/python3.8/site-packages/airflow/example_dags/example_nested_branch_dag.py
[2024-02-23T17:40:08.162+0000] {logging_mixin.py:188} INFO - [2024-02-23T17:40:08.162+0000] {dag.py:3033} INFO - Sync 1 DAGs
[2024-02-23T17:40:08.192+0000] {logging_mixin.py:188} INFO - [2024-02-23T17:40:08.191+0000] {dag.py:3820} INFO - Setting next_dagrun for example_nested_branch_dag to 2024-02-22T00:00:00+00:00, run_after=2024-02-23T00:00:00+00:00
[2024-02-23T17:40:08.215+0000] {processor.py:183} INFO - Processing /home/airflow/.local/lib/python3.8/site-packages/airflow/example_dags/example_nested_branch_dag.py took 0.101 seconds
[2024-02-23T17:40:38.537+0000] {processor.py:161} INFO - Started process (PID=7219) to work on /home/airflow/.local/lib/python3.8/site-packages/airflow/example_dags/example_nested_branch_dag.py
[2024-02-23T17:40:38.538+0000] {processor.py:830} INFO - Processing file /home/airflow/.local/lib/python3.8/site-packages/airflow/example_dags/example_nested_branch_dag.py for tasks to queue
[2024-02-23T17:40:38.540+0000] {logging_mixin.py:188} INFO - [2024-02-23T17:40:38.539+0000] {dagbag.py:538} INFO - Filling up the DagBag from /home/airflow/.local/lib/python3.8/site-packages/airflow/example_dags/example_nested_branch_dag.py
[2024-02-23T17:40:38.555+0000] {processor.py:840} INFO - DAG(s) 'example_nested_branch_dag' retrieved from /home/airflow/.local/lib/python3.8/site-packages/airflow/example_dags/example_nested_branch_dag.py
[2024-02-23T17:40:38.588+0000] {logging_mixin.py:188} INFO - [2024-02-23T17:40:38.588+0000] {dag.py:3033} INFO - Sync 1 DAGs
[2024-02-23T17:40:38.616+0000] {logging_mixin.py:188} INFO - [2024-02-23T17:40:38.615+0000] {dag.py:3820} INFO - Setting next_dagrun for example_nested_branch_dag to 2024-02-22T00:00:00+00:00, run_after=2024-02-23T00:00:00+00:00
[2024-02-23T17:40:38.645+0000] {processor.py:183} INFO - Processing /home/airflow/.local/lib/python3.8/site-packages/airflow/example_dags/example_nested_branch_dag.py took 0.112 seconds
[2024-02-23T17:41:08.731+0000] {processor.py:161} INFO - Started process (PID=7276) to work on /home/airflow/.local/lib/python3.8/site-packages/airflow/example_dags/example_nested_branch_dag.py
[2024-02-23T17:41:08.732+0000] {processor.py:830} INFO - Processing file /home/airflow/.local/lib/python3.8/site-packages/airflow/example_dags/example_nested_branch_dag.py for tasks to queue
[2024-02-23T17:41:08.733+0000] {logging_mixin.py:188} INFO - [2024-02-23T17:41:08.733+0000] {dagbag.py:538} INFO - Filling up the DagBag from /home/airflow/.local/lib/python3.8/site-packages/airflow/example_dags/example_nested_branch_dag.py
[2024-02-23T17:41:08.752+0000] {processor.py:840} INFO - DAG(s) 'example_nested_branch_dag' retrieved from /home/airflow/.local/lib/python3.8/site-packages/airflow/example_dags/example_nested_branch_dag.py
[2024-02-23T17:41:08.787+0000] {logging_mixin.py:188} INFO - [2024-02-23T17:41:08.787+0000] {dag.py:3033} INFO - Sync 1 DAGs
[2024-02-23T17:41:08.819+0000] {logging_mixin.py:188} INFO - [2024-02-23T17:41:08.819+0000] {dag.py:3820} INFO - Setting next_dagrun for example_nested_branch_dag to 2024-02-22T00:00:00+00:00, run_after=2024-02-23T00:00:00+00:00
[2024-02-23T17:41:08.884+0000] {processor.py:183} INFO - Processing /home/airflow/.local/lib/python3.8/site-packages/airflow/example_dags/example_nested_branch_dag.py took 0.160 seconds
[2024-02-23T17:41:39.100+0000] {processor.py:161} INFO - Started process (PID=7334) to work on /home/airflow/.local/lib/python3.8/site-packages/airflow/example_dags/example_nested_branch_dag.py
[2024-02-23T17:41:39.102+0000] {processor.py:830} INFO - Processing file /home/airflow/.local/lib/python3.8/site-packages/airflow/example_dags/example_nested_branch_dag.py for tasks to queue
[2024-02-23T17:41:39.103+0000] {logging_mixin.py:188} INFO - [2024-02-23T17:41:39.103+0000] {dagbag.py:538} INFO - Filling up the DagBag from /home/airflow/.local/lib/python3.8/site-packages/airflow/example_dags/example_nested_branch_dag.py
[2024-02-23T17:41:39.116+0000] {processor.py:840} INFO - DAG(s) 'example_nested_branch_dag' retrieved from /home/airflow/.local/lib/python3.8/site-packages/airflow/example_dags/example_nested_branch_dag.py
[2024-02-23T17:41:39.144+0000] {logging_mixin.py:188} INFO - [2024-02-23T17:41:39.144+0000] {dag.py:3033} INFO - Sync 1 DAGs
[2024-02-23T17:41:39.178+0000] {logging_mixin.py:188} INFO - [2024-02-23T17:41:39.178+0000] {dag.py:3820} INFO - Setting next_dagrun for example_nested_branch_dag to 2024-02-22T00:00:00+00:00, run_after=2024-02-23T00:00:00+00:00
[2024-02-23T17:41:39.201+0000] {processor.py:183} INFO - Processing /home/airflow/.local/lib/python3.8/site-packages/airflow/example_dags/example_nested_branch_dag.py took 0.104 seconds
[2024-02-23T17:42:10.544+0000] {processor.py:161} INFO - Started process (PID=7391) to work on /home/airflow/.local/lib/python3.8/site-packages/airflow/example_dags/example_nested_branch_dag.py
[2024-02-23T17:42:10.546+0000] {processor.py:830} INFO - Processing file /home/airflow/.local/lib/python3.8/site-packages/airflow/example_dags/example_nested_branch_dag.py for tasks to queue
[2024-02-23T17:42:10.547+0000] {logging_mixin.py:188} INFO - [2024-02-23T17:42:10.547+0000] {dagbag.py:538} INFO - Filling up the DagBag from /home/airflow/.local/lib/python3.8/site-packages/airflow/example_dags/example_nested_branch_dag.py
[2024-02-23T17:42:10.561+0000] {processor.py:840} INFO - DAG(s) 'example_nested_branch_dag' retrieved from /home/airflow/.local/lib/python3.8/site-packages/airflow/example_dags/example_nested_branch_dag.py
[2024-02-23T17:42:10.592+0000] {logging_mixin.py:188} INFO - [2024-02-23T17:42:10.592+0000] {dag.py:3033} INFO - Sync 1 DAGs
[2024-02-23T17:42:10.620+0000] {logging_mixin.py:188} INFO - [2024-02-23T17:42:10.620+0000] {dag.py:3820} INFO - Setting next_dagrun for example_nested_branch_dag to 2024-02-22T00:00:00+00:00, run_after=2024-02-23T00:00:00+00:00
[2024-02-23T17:42:10.691+0000] {processor.py:183} INFO - Processing /home/airflow/.local/lib/python3.8/site-packages/airflow/example_dags/example_nested_branch_dag.py took 0.151 seconds
[2024-02-23T17:42:41.340+0000] {processor.py:161} INFO - Started process (PID=7448) to work on /home/airflow/.local/lib/python3.8/site-packages/airflow/example_dags/example_nested_branch_dag.py
[2024-02-23T17:42:41.341+0000] {processor.py:830} INFO - Processing file /home/airflow/.local/lib/python3.8/site-packages/airflow/example_dags/example_nested_branch_dag.py for tasks to queue
[2024-02-23T17:42:41.342+0000] {logging_mixin.py:188} INFO - [2024-02-23T17:42:41.342+0000] {dagbag.py:538} INFO - Filling up the DagBag from /home/airflow/.local/lib/python3.8/site-packages/airflow/example_dags/example_nested_branch_dag.py
[2024-02-23T17:42:41.354+0000] {processor.py:840} INFO - DAG(s) 'example_nested_branch_dag' retrieved from /home/airflow/.local/lib/python3.8/site-packages/airflow/example_dags/example_nested_branch_dag.py
[2024-02-23T17:42:41.381+0000] {logging_mixin.py:188} INFO - [2024-02-23T17:42:41.381+0000] {dag.py:3033} INFO - Sync 1 DAGs
[2024-02-23T17:42:41.409+0000] {logging_mixin.py:188} INFO - [2024-02-23T17:42:41.409+0000] {dag.py:3820} INFO - Setting next_dagrun for example_nested_branch_dag to 2024-02-22T00:00:00+00:00, run_after=2024-02-23T00:00:00+00:00
[2024-02-23T17:42:41.490+0000] {processor.py:183} INFO - Processing /home/airflow/.local/lib/python3.8/site-packages/airflow/example_dags/example_nested_branch_dag.py took 0.155 seconds
[2024-02-23T17:43:11.643+0000] {processor.py:161} INFO - Started process (PID=7505) to work on /home/airflow/.local/lib/python3.8/site-packages/airflow/example_dags/example_nested_branch_dag.py
[2024-02-23T17:43:11.645+0000] {processor.py:830} INFO - Processing file /home/airflow/.local/lib/python3.8/site-packages/airflow/example_dags/example_nested_branch_dag.py for tasks to queue
[2024-02-23T17:43:11.646+0000] {logging_mixin.py:188} INFO - [2024-02-23T17:43:11.646+0000] {dagbag.py:538} INFO - Filling up the DagBag from /home/airflow/.local/lib/python3.8/site-packages/airflow/example_dags/example_nested_branch_dag.py
[2024-02-23T17:43:11.660+0000] {processor.py:840} INFO - DAG(s) 'example_nested_branch_dag' retrieved from /home/airflow/.local/lib/python3.8/site-packages/airflow/example_dags/example_nested_branch_dag.py
[2024-02-23T17:43:11.691+0000] {logging_mixin.py:188} INFO - [2024-02-23T17:43:11.691+0000] {dag.py:3033} INFO - Sync 1 DAGs
[2024-02-23T17:43:11.723+0000] {logging_mixin.py:188} INFO - [2024-02-23T17:43:11.723+0000] {dag.py:3820} INFO - Setting next_dagrun for example_nested_branch_dag to 2024-02-22T00:00:00+00:00, run_after=2024-02-23T00:00:00+00:00
[2024-02-23T17:43:11.748+0000] {processor.py:183} INFO - Processing /home/airflow/.local/lib/python3.8/site-packages/airflow/example_dags/example_nested_branch_dag.py took 0.112 seconds
[2024-02-23T17:43:42.680+0000] {processor.py:161} INFO - Started process (PID=7562) to work on /home/airflow/.local/lib/python3.8/site-packages/airflow/example_dags/example_nested_branch_dag.py
[2024-02-23T17:43:42.682+0000] {processor.py:830} INFO - Processing file /home/airflow/.local/lib/python3.8/site-packages/airflow/example_dags/example_nested_branch_dag.py for tasks to queue
[2024-02-23T17:43:42.683+0000] {logging_mixin.py:188} INFO - [2024-02-23T17:43:42.683+0000] {dagbag.py:538} INFO - Filling up the DagBag from /home/airflow/.local/lib/python3.8/site-packages/airflow/example_dags/example_nested_branch_dag.py
[2024-02-23T17:43:42.697+0000] {processor.py:840} INFO - DAG(s) 'example_nested_branch_dag' retrieved from /home/airflow/.local/lib/python3.8/site-packages/airflow/example_dags/example_nested_branch_dag.py
[2024-02-23T17:43:42.726+0000] {logging_mixin.py:188} INFO - [2024-02-23T17:43:42.725+0000] {dag.py:3033} INFO - Sync 1 DAGs
[2024-02-23T17:43:42.753+0000] {logging_mixin.py:188} INFO - [2024-02-23T17:43:42.752+0000] {dag.py:3820} INFO - Setting next_dagrun for example_nested_branch_dag to 2024-02-22T00:00:00+00:00, run_after=2024-02-23T00:00:00+00:00
[2024-02-23T17:43:42.791+0000] {processor.py:183} INFO - Processing /home/airflow/.local/lib/python3.8/site-packages/airflow/example_dags/example_nested_branch_dag.py took 0.115 seconds
[2024-02-23T17:44:13.393+0000] {processor.py:161} INFO - Started process (PID=7619) to work on /home/airflow/.local/lib/python3.8/site-packages/airflow/example_dags/example_nested_branch_dag.py
[2024-02-23T17:44:13.394+0000] {processor.py:830} INFO - Processing file /home/airflow/.local/lib/python3.8/site-packages/airflow/example_dags/example_nested_branch_dag.py for tasks to queue
[2024-02-23T17:44:13.396+0000] {logging_mixin.py:188} INFO - [2024-02-23T17:44:13.395+0000] {dagbag.py:538} INFO - Filling up the DagBag from /home/airflow/.local/lib/python3.8/site-packages/airflow/example_dags/example_nested_branch_dag.py
[2024-02-23T17:44:13.409+0000] {processor.py:840} INFO - DAG(s) 'example_nested_branch_dag' retrieved from /home/airflow/.local/lib/python3.8/site-packages/airflow/example_dags/example_nested_branch_dag.py
[2024-02-23T17:44:13.439+0000] {logging_mixin.py:188} INFO - [2024-02-23T17:44:13.439+0000] {dag.py:3033} INFO - Sync 1 DAGs
[2024-02-23T17:44:13.465+0000] {logging_mixin.py:188} INFO - [2024-02-23T17:44:13.465+0000] {dag.py:3820} INFO - Setting next_dagrun for example_nested_branch_dag to 2024-02-22T00:00:00+00:00, run_after=2024-02-23T00:00:00+00:00
[2024-02-23T17:44:13.489+0000] {processor.py:183} INFO - Processing /home/airflow/.local/lib/python3.8/site-packages/airflow/example_dags/example_nested_branch_dag.py took 0.100 seconds
[2024-02-23T17:44:43.689+0000] {processor.py:161} INFO - Started process (PID=7676) to work on /home/airflow/.local/lib/python3.8/site-packages/airflow/example_dags/example_nested_branch_dag.py
[2024-02-23T17:44:43.690+0000] {processor.py:830} INFO - Processing file /home/airflow/.local/lib/python3.8/site-packages/airflow/example_dags/example_nested_branch_dag.py for tasks to queue
[2024-02-23T17:44:43.692+0000] {logging_mixin.py:188} INFO - [2024-02-23T17:44:43.691+0000] {dagbag.py:538} INFO - Filling up the DagBag from /home/airflow/.local/lib/python3.8/site-packages/airflow/example_dags/example_nested_branch_dag.py
[2024-02-23T17:44:43.706+0000] {processor.py:840} INFO - DAG(s) 'example_nested_branch_dag' retrieved from /home/airflow/.local/lib/python3.8/site-packages/airflow/example_dags/example_nested_branch_dag.py
[2024-02-23T17:44:43.734+0000] {logging_mixin.py:188} INFO - [2024-02-23T17:44:43.734+0000] {dag.py:3033} INFO - Sync 1 DAGs
[2024-02-23T17:44:43.764+0000] {logging_mixin.py:188} INFO - [2024-02-23T17:44:43.764+0000] {dag.py:3820} INFO - Setting next_dagrun for example_nested_branch_dag to 2024-02-22T00:00:00+00:00, run_after=2024-02-23T00:00:00+00:00
[2024-02-23T17:44:43.821+0000] {processor.py:183} INFO - Processing /home/airflow/.local/lib/python3.8/site-packages/airflow/example_dags/example_nested_branch_dag.py took 0.135 seconds
[2024-02-23T17:45:14.430+0000] {processor.py:161} INFO - Started process (PID=7733) to work on /home/airflow/.local/lib/python3.8/site-packages/airflow/example_dags/example_nested_branch_dag.py
[2024-02-23T17:45:14.431+0000] {processor.py:830} INFO - Processing file /home/airflow/.local/lib/python3.8/site-packages/airflow/example_dags/example_nested_branch_dag.py for tasks to queue
[2024-02-23T17:45:14.432+0000] {logging_mixin.py:188} INFO - [2024-02-23T17:45:14.432+0000] {dagbag.py:538} INFO - Filling up the DagBag from /home/airflow/.local/lib/python3.8/site-packages/airflow/example_dags/example_nested_branch_dag.py
[2024-02-23T17:45:14.446+0000] {processor.py:840} INFO - DAG(s) 'example_nested_branch_dag' retrieved from /home/airflow/.local/lib/python3.8/site-packages/airflow/example_dags/example_nested_branch_dag.py
[2024-02-23T17:45:14.474+0000] {logging_mixin.py:188} INFO - [2024-02-23T17:45:14.474+0000] {dag.py:3033} INFO - Sync 1 DAGs
[2024-02-23T17:45:14.511+0000] {logging_mixin.py:188} INFO - [2024-02-23T17:45:14.511+0000] {dag.py:3820} INFO - Setting next_dagrun for example_nested_branch_dag to 2024-02-22T00:00:00+00:00, run_after=2024-02-23T00:00:00+00:00
[2024-02-23T17:45:14.536+0000] {processor.py:183} INFO - Processing /home/airflow/.local/lib/python3.8/site-packages/airflow/example_dags/example_nested_branch_dag.py took 0.111 seconds
[2024-02-23T17:45:44.603+0000] {processor.py:161} INFO - Started process (PID=7790) to work on /home/airflow/.local/lib/python3.8/site-packages/airflow/example_dags/example_nested_branch_dag.py
[2024-02-23T17:45:44.605+0000] {processor.py:830} INFO - Processing file /home/airflow/.local/lib/python3.8/site-packages/airflow/example_dags/example_nested_branch_dag.py for tasks to queue
[2024-02-23T17:45:44.606+0000] {logging_mixin.py:188} INFO - [2024-02-23T17:45:44.605+0000] {dagbag.py:538} INFO - Filling up the DagBag from /home/airflow/.local/lib/python3.8/site-packages/airflow/example_dags/example_nested_branch_dag.py
[2024-02-23T17:45:44.619+0000] {processor.py:840} INFO - DAG(s) 'example_nested_branch_dag' retrieved from /home/airflow/.local/lib/python3.8/site-packages/airflow/example_dags/example_nested_branch_dag.py
[2024-02-23T17:45:44.647+0000] {logging_mixin.py:188} INFO - [2024-02-23T17:45:44.647+0000] {dag.py:3033} INFO - Sync 1 DAGs
[2024-02-23T17:45:44.685+0000] {logging_mixin.py:188} INFO - [2024-02-23T17:45:44.685+0000] {dag.py:3820} INFO - Setting next_dagrun for example_nested_branch_dag to 2024-02-22T00:00:00+00:00, run_after=2024-02-23T00:00:00+00:00
[2024-02-23T17:45:44.748+0000] {processor.py:183} INFO - Processing /home/airflow/.local/lib/python3.8/site-packages/airflow/example_dags/example_nested_branch_dag.py took 0.148 seconds
[2024-02-23T17:46:15.121+0000] {processor.py:161} INFO - Started process (PID=7853) to work on /home/airflow/.local/lib/python3.8/site-packages/airflow/example_dags/example_nested_branch_dag.py
[2024-02-23T17:46:15.122+0000] {processor.py:830} INFO - Processing file /home/airflow/.local/lib/python3.8/site-packages/airflow/example_dags/example_nested_branch_dag.py for tasks to queue
[2024-02-23T17:46:15.123+0000] {logging_mixin.py:188} INFO - [2024-02-23T17:46:15.123+0000] {dagbag.py:538} INFO - Filling up the DagBag from /home/airflow/.local/lib/python3.8/site-packages/airflow/example_dags/example_nested_branch_dag.py
[2024-02-23T17:46:15.137+0000] {processor.py:840} INFO - DAG(s) 'example_nested_branch_dag' retrieved from /home/airflow/.local/lib/python3.8/site-packages/airflow/example_dags/example_nested_branch_dag.py
[2024-02-23T17:46:15.165+0000] {logging_mixin.py:188} INFO - [2024-02-23T17:46:15.165+0000] {dag.py:3033} INFO - Sync 1 DAGs
[2024-02-23T17:46:15.194+0000] {logging_mixin.py:188} INFO - [2024-02-23T17:46:15.194+0000] {dag.py:3820} INFO - Setting next_dagrun for example_nested_branch_dag to 2024-02-22T00:00:00+00:00, run_after=2024-02-23T00:00:00+00:00
[2024-02-23T17:46:15.254+0000] {processor.py:183} INFO - Processing /home/airflow/.local/lib/python3.8/site-packages/airflow/example_dags/example_nested_branch_dag.py took 0.138 seconds
[2024-02-23T17:46:45.777+0000] {processor.py:161} INFO - Started process (PID=7910) to work on /home/airflow/.local/lib/python3.8/site-packages/airflow/example_dags/example_nested_branch_dag.py
[2024-02-23T17:46:45.778+0000] {processor.py:830} INFO - Processing file /home/airflow/.local/lib/python3.8/site-packages/airflow/example_dags/example_nested_branch_dag.py for tasks to queue
[2024-02-23T17:46:45.779+0000] {logging_mixin.py:188} INFO - [2024-02-23T17:46:45.779+0000] {dagbag.py:538} INFO - Filling up the DagBag from /home/airflow/.local/lib/python3.8/site-packages/airflow/example_dags/example_nested_branch_dag.py
[2024-02-23T17:46:45.793+0000] {processor.py:840} INFO - DAG(s) 'example_nested_branch_dag' retrieved from /home/airflow/.local/lib/python3.8/site-packages/airflow/example_dags/example_nested_branch_dag.py
[2024-02-23T17:46:45.824+0000] {logging_mixin.py:188} INFO - [2024-02-23T17:46:45.824+0000] {dag.py:3033} INFO - Sync 1 DAGs
[2024-02-23T17:46:45.854+0000] {logging_mixin.py:188} INFO - [2024-02-23T17:46:45.854+0000] {dag.py:3820} INFO - Setting next_dagrun for example_nested_branch_dag to 2024-02-22T00:00:00+00:00, run_after=2024-02-23T00:00:00+00:00
[2024-02-23T17:46:45.879+0000] {processor.py:183} INFO - Processing /home/airflow/.local/lib/python3.8/site-packages/airflow/example_dags/example_nested_branch_dag.py took 0.107 seconds
[2024-02-23T17:47:16.223+0000] {processor.py:161} INFO - Started process (PID=7967) to work on /home/airflow/.local/lib/python3.8/site-packages/airflow/example_dags/example_nested_branch_dag.py
[2024-02-23T17:47:16.224+0000] {processor.py:830} INFO - Processing file /home/airflow/.local/lib/python3.8/site-packages/airflow/example_dags/example_nested_branch_dag.py for tasks to queue
[2024-02-23T17:47:16.225+0000] {logging_mixin.py:188} INFO - [2024-02-23T17:47:16.225+0000] {dagbag.py:538} INFO - Filling up the DagBag from /home/airflow/.local/lib/python3.8/site-packages/airflow/example_dags/example_nested_branch_dag.py
[2024-02-23T17:47:16.248+0000] {processor.py:840} INFO - DAG(s) 'example_nested_branch_dag' retrieved from /home/airflow/.local/lib/python3.8/site-packages/airflow/example_dags/example_nested_branch_dag.py
[2024-02-23T17:47:16.278+0000] {logging_mixin.py:188} INFO - [2024-02-23T17:47:16.277+0000] {dag.py:3033} INFO - Sync 1 DAGs
[2024-02-23T17:47:16.308+0000] {logging_mixin.py:188} INFO - [2024-02-23T17:47:16.307+0000] {dag.py:3820} INFO - Setting next_dagrun for example_nested_branch_dag to 2024-02-22T00:00:00+00:00, run_after=2024-02-23T00:00:00+00:00
[2024-02-23T17:47:16.333+0000] {processor.py:183} INFO - Processing /home/airflow/.local/lib/python3.8/site-packages/airflow/example_dags/example_nested_branch_dag.py took 0.115 seconds
[2024-02-23T17:47:46.764+0000] {processor.py:161} INFO - Started process (PID=8024) to work on /home/airflow/.local/lib/python3.8/site-packages/airflow/example_dags/example_nested_branch_dag.py
[2024-02-23T17:47:46.766+0000] {processor.py:830} INFO - Processing file /home/airflow/.local/lib/python3.8/site-packages/airflow/example_dags/example_nested_branch_dag.py for tasks to queue
[2024-02-23T17:47:46.768+0000] {logging_mixin.py:188} INFO - [2024-02-23T17:47:46.767+0000] {dagbag.py:538} INFO - Filling up the DagBag from /home/airflow/.local/lib/python3.8/site-packages/airflow/example_dags/example_nested_branch_dag.py
[2024-02-23T17:47:46.787+0000] {processor.py:840} INFO - DAG(s) 'example_nested_branch_dag' retrieved from /home/airflow/.local/lib/python3.8/site-packages/airflow/example_dags/example_nested_branch_dag.py
[2024-02-23T17:47:46.829+0000] {logging_mixin.py:188} INFO - [2024-02-23T17:47:46.829+0000] {dag.py:3033} INFO - Sync 1 DAGs
[2024-02-23T17:47:46.880+0000] {logging_mixin.py:188} INFO - [2024-02-23T17:47:46.880+0000] {dag.py:3820} INFO - Setting next_dagrun for example_nested_branch_dag to 2024-02-22T00:00:00+00:00, run_after=2024-02-23T00:00:00+00:00
[2024-02-23T17:47:46.959+0000] {processor.py:183} INFO - Processing /home/airflow/.local/lib/python3.8/site-packages/airflow/example_dags/example_nested_branch_dag.py took 0.201 seconds
[2024-02-23T17:48:17.288+0000] {processor.py:161} INFO - Started process (PID=8081) to work on /home/airflow/.local/lib/python3.8/site-packages/airflow/example_dags/example_nested_branch_dag.py
[2024-02-23T17:48:17.289+0000] {processor.py:830} INFO - Processing file /home/airflow/.local/lib/python3.8/site-packages/airflow/example_dags/example_nested_branch_dag.py for tasks to queue
[2024-02-23T17:48:17.291+0000] {logging_mixin.py:188} INFO - [2024-02-23T17:48:17.290+0000] {dagbag.py:538} INFO - Filling up the DagBag from /home/airflow/.local/lib/python3.8/site-packages/airflow/example_dags/example_nested_branch_dag.py
[2024-02-23T17:48:17.305+0000] {processor.py:840} INFO - DAG(s) 'example_nested_branch_dag' retrieved from /home/airflow/.local/lib/python3.8/site-packages/airflow/example_dags/example_nested_branch_dag.py
[2024-02-23T17:48:17.334+0000] {logging_mixin.py:188} INFO - [2024-02-23T17:48:17.334+0000] {dag.py:3033} INFO - Sync 1 DAGs
[2024-02-23T17:48:17.366+0000] {logging_mixin.py:188} INFO - [2024-02-23T17:48:17.366+0000] {dag.py:3820} INFO - Setting next_dagrun for example_nested_branch_dag to 2024-02-22T00:00:00+00:00, run_after=2024-02-23T00:00:00+00:00
[2024-02-23T17:48:17.391+0000] {processor.py:183} INFO - Processing /home/airflow/.local/lib/python3.8/site-packages/airflow/example_dags/example_nested_branch_dag.py took 0.107 seconds
[2024-02-23T17:48:48.061+0000] {processor.py:161} INFO - Started process (PID=8138) to work on /home/airflow/.local/lib/python3.8/site-packages/airflow/example_dags/example_nested_branch_dag.py
[2024-02-23T17:48:48.062+0000] {processor.py:830} INFO - Processing file /home/airflow/.local/lib/python3.8/site-packages/airflow/example_dags/example_nested_branch_dag.py for tasks to queue
[2024-02-23T17:48:48.063+0000] {logging_mixin.py:188} INFO - [2024-02-23T17:48:48.063+0000] {dagbag.py:538} INFO - Filling up the DagBag from /home/airflow/.local/lib/python3.8/site-packages/airflow/example_dags/example_nested_branch_dag.py
[2024-02-23T17:48:48.081+0000] {processor.py:840} INFO - DAG(s) 'example_nested_branch_dag' retrieved from /home/airflow/.local/lib/python3.8/site-packages/airflow/example_dags/example_nested_branch_dag.py
[2024-02-23T17:48:48.111+0000] {logging_mixin.py:188} INFO - [2024-02-23T17:48:48.111+0000] {dag.py:3033} INFO - Sync 1 DAGs
[2024-02-23T17:48:48.140+0000] {logging_mixin.py:188} INFO - [2024-02-23T17:48:48.140+0000] {dag.py:3820} INFO - Setting next_dagrun for example_nested_branch_dag to 2024-02-22T00:00:00+00:00, run_after=2024-02-23T00:00:00+00:00
[2024-02-23T17:48:48.202+0000] {processor.py:183} INFO - Processing /home/airflow/.local/lib/python3.8/site-packages/airflow/example_dags/example_nested_branch_dag.py took 0.145 seconds
[2024-02-23T17:49:18.949+0000] {processor.py:161} INFO - Started process (PID=8195) to work on /home/airflow/.local/lib/python3.8/site-packages/airflow/example_dags/example_nested_branch_dag.py
[2024-02-23T17:49:18.950+0000] {processor.py:830} INFO - Processing file /home/airflow/.local/lib/python3.8/site-packages/airflow/example_dags/example_nested_branch_dag.py for tasks to queue
[2024-02-23T17:49:18.952+0000] {logging_mixin.py:188} INFO - [2024-02-23T17:49:18.951+0000] {dagbag.py:538} INFO - Filling up the DagBag from /home/airflow/.local/lib/python3.8/site-packages/airflow/example_dags/example_nested_branch_dag.py
[2024-02-23T17:49:18.967+0000] {processor.py:840} INFO - DAG(s) 'example_nested_branch_dag' retrieved from /home/airflow/.local/lib/python3.8/site-packages/airflow/example_dags/example_nested_branch_dag.py
[2024-02-23T17:49:18.999+0000] {logging_mixin.py:188} INFO - [2024-02-23T17:49:18.999+0000] {dag.py:3033} INFO - Sync 1 DAGs
[2024-02-23T17:49:19.032+0000] {logging_mixin.py:188} INFO - [2024-02-23T17:49:19.032+0000] {dag.py:3820} INFO - Setting next_dagrun for example_nested_branch_dag to 2024-02-22T00:00:00+00:00, run_after=2024-02-23T00:00:00+00:00
[2024-02-23T17:49:19.092+0000] {processor.py:183} INFO - Processing /home/airflow/.local/lib/python3.8/site-packages/airflow/example_dags/example_nested_branch_dag.py took 0.147 seconds
[2024-02-23T17:49:49.297+0000] {processor.py:161} INFO - Started process (PID=8252) to work on /home/airflow/.local/lib/python3.8/site-packages/airflow/example_dags/example_nested_branch_dag.py
[2024-02-23T17:49:49.299+0000] {processor.py:830} INFO - Processing file /home/airflow/.local/lib/python3.8/site-packages/airflow/example_dags/example_nested_branch_dag.py for tasks to queue
[2024-02-23T17:49:49.300+0000] {logging_mixin.py:188} INFO - [2024-02-23T17:49:49.299+0000] {dagbag.py:538} INFO - Filling up the DagBag from /home/airflow/.local/lib/python3.8/site-packages/airflow/example_dags/example_nested_branch_dag.py
[2024-02-23T17:49:49.313+0000] {processor.py:840} INFO - DAG(s) 'example_nested_branch_dag' retrieved from /home/airflow/.local/lib/python3.8/site-packages/airflow/example_dags/example_nested_branch_dag.py
[2024-02-23T17:49:49.340+0000] {logging_mixin.py:188} INFO - [2024-02-23T17:49:49.339+0000] {dag.py:3033} INFO - Sync 1 DAGs
[2024-02-23T17:49:49.367+0000] {logging_mixin.py:188} INFO - [2024-02-23T17:49:49.367+0000] {dag.py:3820} INFO - Setting next_dagrun for example_nested_branch_dag to 2024-02-22T00:00:00+00:00, run_after=2024-02-23T00:00:00+00:00
[2024-02-23T17:49:49.424+0000] {processor.py:183} INFO - Processing /home/airflow/.local/lib/python3.8/site-packages/airflow/example_dags/example_nested_branch_dag.py took 0.131 seconds
[2024-02-23T17:50:19.658+0000] {processor.py:161} INFO - Started process (PID=8309) to work on /home/airflow/.local/lib/python3.8/site-packages/airflow/example_dags/example_nested_branch_dag.py
[2024-02-23T17:50:19.659+0000] {processor.py:830} INFO - Processing file /home/airflow/.local/lib/python3.8/site-packages/airflow/example_dags/example_nested_branch_dag.py for tasks to queue
[2024-02-23T17:50:19.660+0000] {logging_mixin.py:188} INFO - [2024-02-23T17:50:19.660+0000] {dagbag.py:538} INFO - Filling up the DagBag from /home/airflow/.local/lib/python3.8/site-packages/airflow/example_dags/example_nested_branch_dag.py
[2024-02-23T17:50:19.672+0000] {processor.py:840} INFO - DAG(s) 'example_nested_branch_dag' retrieved from /home/airflow/.local/lib/python3.8/site-packages/airflow/example_dags/example_nested_branch_dag.py
[2024-02-23T17:50:19.697+0000] {logging_mixin.py:188} INFO - [2024-02-23T17:50:19.697+0000] {dag.py:3033} INFO - Sync 1 DAGs
[2024-02-23T17:50:19.722+0000] {logging_mixin.py:188} INFO - [2024-02-23T17:50:19.722+0000] {dag.py:3820} INFO - Setting next_dagrun for example_nested_branch_dag to 2024-02-22T00:00:00+00:00, run_after=2024-02-23T00:00:00+00:00
[2024-02-23T17:50:19.800+0000] {processor.py:183} INFO - Processing /home/airflow/.local/lib/python3.8/site-packages/airflow/example_dags/example_nested_branch_dag.py took 0.147 seconds
[2024-02-23T17:50:49.945+0000] {processor.py:161} INFO - Started process (PID=8366) to work on /home/airflow/.local/lib/python3.8/site-packages/airflow/example_dags/example_nested_branch_dag.py
[2024-02-23T17:50:49.947+0000] {processor.py:830} INFO - Processing file /home/airflow/.local/lib/python3.8/site-packages/airflow/example_dags/example_nested_branch_dag.py for tasks to queue
[2024-02-23T17:50:49.948+0000] {logging_mixin.py:188} INFO - [2024-02-23T17:50:49.948+0000] {dagbag.py:538} INFO - Filling up the DagBag from /home/airflow/.local/lib/python3.8/site-packages/airflow/example_dags/example_nested_branch_dag.py
[2024-02-23T17:50:49.964+0000] {processor.py:840} INFO - DAG(s) 'example_nested_branch_dag' retrieved from /home/airflow/.local/lib/python3.8/site-packages/airflow/example_dags/example_nested_branch_dag.py
[2024-02-23T17:50:49.998+0000] {logging_mixin.py:188} INFO - [2024-02-23T17:50:49.997+0000] {dag.py:3033} INFO - Sync 1 DAGs
[2024-02-23T17:50:50.030+0000] {logging_mixin.py:188} INFO - [2024-02-23T17:50:50.030+0000] {dag.py:3820} INFO - Setting next_dagrun for example_nested_branch_dag to 2024-02-22T00:00:00+00:00, run_after=2024-02-23T00:00:00+00:00
[2024-02-23T17:50:50.054+0000] {processor.py:183} INFO - Processing /home/airflow/.local/lib/python3.8/site-packages/airflow/example_dags/example_nested_branch_dag.py took 0.114 seconds
[2024-02-23T17:51:20.287+0000] {processor.py:161} INFO - Started process (PID=8423) to work on /home/airflow/.local/lib/python3.8/site-packages/airflow/example_dags/example_nested_branch_dag.py
[2024-02-23T17:51:20.288+0000] {processor.py:830} INFO - Processing file /home/airflow/.local/lib/python3.8/site-packages/airflow/example_dags/example_nested_branch_dag.py for tasks to queue
[2024-02-23T17:51:20.290+0000] {logging_mixin.py:188} INFO - [2024-02-23T17:51:20.289+0000] {dagbag.py:538} INFO - Filling up the DagBag from /home/airflow/.local/lib/python3.8/site-packages/airflow/example_dags/example_nested_branch_dag.py
[2024-02-23T17:51:20.304+0000] {processor.py:840} INFO - DAG(s) 'example_nested_branch_dag' retrieved from /home/airflow/.local/lib/python3.8/site-packages/airflow/example_dags/example_nested_branch_dag.py
[2024-02-23T17:51:20.336+0000] {logging_mixin.py:188} INFO - [2024-02-23T17:51:20.335+0000] {dag.py:3033} INFO - Sync 1 DAGs
[2024-02-23T17:51:20.370+0000] {logging_mixin.py:188} INFO - [2024-02-23T17:51:20.369+0000] {dag.py:3820} INFO - Setting next_dagrun for example_nested_branch_dag to 2024-02-22T00:00:00+00:00, run_after=2024-02-23T00:00:00+00:00
[2024-02-23T17:51:20.429+0000] {processor.py:183} INFO - Processing /home/airflow/.local/lib/python3.8/site-packages/airflow/example_dags/example_nested_branch_dag.py took 0.147 seconds
[2024-02-23T17:51:50.786+0000] {processor.py:161} INFO - Started process (PID=8480) to work on /home/airflow/.local/lib/python3.8/site-packages/airflow/example_dags/example_nested_branch_dag.py
[2024-02-23T17:51:50.787+0000] {processor.py:830} INFO - Processing file /home/airflow/.local/lib/python3.8/site-packages/airflow/example_dags/example_nested_branch_dag.py for tasks to queue
[2024-02-23T17:51:50.788+0000] {logging_mixin.py:188} INFO - [2024-02-23T17:51:50.788+0000] {dagbag.py:538} INFO - Filling up the DagBag from /home/airflow/.local/lib/python3.8/site-packages/airflow/example_dags/example_nested_branch_dag.py
[2024-02-23T17:51:50.800+0000] {processor.py:840} INFO - DAG(s) 'example_nested_branch_dag' retrieved from /home/airflow/.local/lib/python3.8/site-packages/airflow/example_dags/example_nested_branch_dag.py
[2024-02-23T17:51:50.828+0000] {logging_mixin.py:188} INFO - [2024-02-23T17:51:50.827+0000] {dag.py:3033} INFO - Sync 1 DAGs
[2024-02-23T17:51:50.853+0000] {logging_mixin.py:188} INFO - [2024-02-23T17:51:50.853+0000] {dag.py:3820} INFO - Setting next_dagrun for example_nested_branch_dag to 2024-02-22T00:00:00+00:00, run_after=2024-02-23T00:00:00+00:00
[2024-02-23T17:51:50.913+0000] {processor.py:183} INFO - Processing /home/airflow/.local/lib/python3.8/site-packages/airflow/example_dags/example_nested_branch_dag.py took 0.131 seconds
