[2024-02-25T11:26:13.189+0000] {taskinstance.py:1957} INFO - Dependencies all met for dep_context=non-requeueable deps ti=<TaskInstance: processing_sales.create_bronze_dataset scheduled__2022-09-01T01:00:00+00:00 [queued]>
[2024-02-25T11:26:13.202+0000] {taskinstance.py:1957} INFO - Dependencies all met for dep_context=requeueable deps ti=<TaskInstance: processing_sales.create_bronze_dataset scheduled__2022-09-01T01:00:00+00:00 [queued]>
[2024-02-25T11:26:13.202+0000] {taskinstance.py:2171} INFO - Starting attempt 1 of 4
[2024-02-25T11:26:13.217+0000] {taskinstance.py:2192} INFO - Executing <Task(BigQueryCreateEmptyDatasetOperator): create_bronze_dataset> on 2022-09-01 01:00:00+00:00
[2024-02-25T11:26:13.224+0000] {standard_task_runner.py:60} INFO - Started process 377 to run task
[2024-02-25T11:26:13.228+0000] {standard_task_runner.py:87} INFO - Running: ['***', 'tasks', 'run', 'processing_sales', 'create_bronze_dataset', 'scheduled__2022-09-01T01:00:00+00:00', '--job-id', '109', '--raw', '--subdir', 'DAGS_FOLDER/process_sales.py', '--cfg-path', '/tmp/tmppd2p1o8k']
[2024-02-25T11:26:13.229+0000] {standard_task_runner.py:88} INFO - Job 109: Subtask create_bronze_dataset
[2024-02-25T11:26:13.297+0000] {task_command.py:423} INFO - Running <TaskInstance: processing_sales.create_bronze_dataset scheduled__2022-09-01T01:00:00+00:00 [running]> on host 9e4f31030bba
[2024-02-25T11:26:13.390+0000] {taskinstance.py:2481} INFO - Exporting env vars: AIRFLOW_CTX_DAG_OWNER='***' AIRFLOW_CTX_DAG_ID='processing_sales' AIRFLOW_CTX_TASK_ID='create_bronze_dataset' AIRFLOW_CTX_EXECUTION_DATE='2022-09-01T01:00:00+00:00' AIRFLOW_CTX_TRY_NUMBER='1' AIRFLOW_CTX_DAG_RUN_ID='scheduled__2022-09-01T01:00:00+00:00'
[2024-02-25T11:26:13.404+0000] {connection.py:234} WARNING - Connection schemes (type: google_cloud_platform) shall not contain '_' according to RFC3986.
[2024-02-25T11:26:13.409+0000] {base.py:83} INFO - Using connection ID 'google_cloud_default' for task execution.
[2024-02-25T11:26:13.410+0000] {bigquery.py:469} INFO - datasetId was not specified in `dataset_reference`. Will use default value bronze.
[2024-02-25T11:26:13.411+0000] {bigquery.py:469} INFO - projectId was not specified in `dataset_reference`. Will use default value de-07-natalia-sokil.
[2024-02-25T11:26:13.411+0000] {bigquery.py:480} INFO - Creating dataset: bronze in project: de-07-natalia-sokil 
[2024-02-25T11:26:14.073+0000] {bigquery.py:2041} INFO - Dataset bronze already exists.
[2024-02-25T11:26:14.138+0000] {taskinstance.py:1138} INFO - Marking task as SUCCESS. dag_id=processing_sales, task_id=create_bronze_dataset, execution_date=20220901T010000, start_date=20240225T112613, end_date=20240225T112614
[2024-02-25T11:26:14.163+0000] {local_task_job_runner.py:234} INFO - Task exited with return code 0
[2024-02-25T11:26:14.201+0000] {taskinstance.py:3281} INFO - 1 downstream tasks scheduled from follow-on schedule check
[2024-02-25T11:54:31.993+0000] {taskinstance.py:1957} INFO - Dependencies all met for dep_context=non-requeueable deps ti=<TaskInstance: processing_sales.create_bronze_dataset scheduled__2022-09-01T01:00:00+00:00 [queued]>
[2024-02-25T11:54:32.004+0000] {taskinstance.py:1957} INFO - Dependencies all met for dep_context=requeueable deps ti=<TaskInstance: processing_sales.create_bronze_dataset scheduled__2022-09-01T01:00:00+00:00 [queued]>
[2024-02-25T11:54:32.004+0000] {taskinstance.py:2171} INFO - Starting attempt 1 of 4
[2024-02-25T11:54:32.019+0000] {taskinstance.py:2192} INFO - Executing <Task(BigQueryCreateEmptyDatasetOperator): create_bronze_dataset> on 2022-09-01 01:00:00+00:00
[2024-02-25T11:54:32.024+0000] {standard_task_runner.py:60} INFO - Started process 816 to run task
[2024-02-25T11:54:32.028+0000] {standard_task_runner.py:87} INFO - Running: ['***', 'tasks', 'run', 'processing_sales', 'create_bronze_dataset', 'scheduled__2022-09-01T01:00:00+00:00', '--job-id', '115', '--raw', '--subdir', 'DAGS_FOLDER/process_sales.py', '--cfg-path', '/tmp/tmpbv0t7p7z']
[2024-02-25T11:54:32.029+0000] {standard_task_runner.py:88} INFO - Job 115: Subtask create_bronze_dataset
[2024-02-25T11:54:32.082+0000] {task_command.py:423} INFO - Running <TaskInstance: processing_sales.create_bronze_dataset scheduled__2022-09-01T01:00:00+00:00 [running]> on host 9e4f31030bba
[2024-02-25T11:54:32.174+0000] {taskinstance.py:2481} INFO - Exporting env vars: AIRFLOW_CTX_DAG_OWNER='***' AIRFLOW_CTX_DAG_ID='processing_sales' AIRFLOW_CTX_TASK_ID='create_bronze_dataset' AIRFLOW_CTX_EXECUTION_DATE='2022-09-01T01:00:00+00:00' AIRFLOW_CTX_TRY_NUMBER='1' AIRFLOW_CTX_DAG_RUN_ID='scheduled__2022-09-01T01:00:00+00:00'
[2024-02-25T11:54:32.185+0000] {connection.py:234} WARNING - Connection schemes (type: google_cloud_platform) shall not contain '_' according to RFC3986.
[2024-02-25T11:54:32.191+0000] {base.py:83} INFO - Using connection ID 'google_cloud_default' for task execution.
[2024-02-25T11:54:32.193+0000] {bigquery.py:469} INFO - datasetId was not specified in `dataset_reference`. Will use default value bronze.
[2024-02-25T11:54:32.194+0000] {bigquery.py:469} INFO - projectId was not specified in `dataset_reference`. Will use default value de-07-natalia-sokil.
[2024-02-25T11:54:32.194+0000] {bigquery.py:480} INFO - Creating dataset: bronze in project: de-07-natalia-sokil 
[2024-02-25T11:54:32.712+0000] {bigquery.py:2041} INFO - Dataset bronze already exists.
[2024-02-25T11:54:32.739+0000] {taskinstance.py:1138} INFO - Marking task as SUCCESS. dag_id=processing_sales, task_id=create_bronze_dataset, execution_date=20220901T010000, start_date=20240225T115431, end_date=20240225T115432
[2024-02-25T11:54:32.762+0000] {local_task_job_runner.py:234} INFO - Task exited with return code 0
[2024-02-25T11:54:32.796+0000] {taskinstance.py:3281} INFO - 1 downstream tasks scheduled from follow-on schedule check
