[2024-02-24T09:35:40.024+0000] {processor.py:161} INFO - Started process (PID=8501) to work on /opt/airflow/dags/process_sales.py
[2024-02-24T09:35:40.032+0000] {processor.py:830} INFO - Processing file /opt/airflow/dags/process_sales.py for tasks to queue
[2024-02-24T09:35:40.035+0000] {logging_mixin.py:188} INFO - [2024-02-24T09:35:40.035+0000] {dagbag.py:538} INFO - Filling up the DagBag from /opt/airflow/dags/process_sales.py
[2024-02-24T09:35:40.181+0000] {processor.py:840} INFO - DAG(s) 'processing_sales' retrieved from /opt/airflow/dags/process_sales.py
[2024-02-24T09:35:40.238+0000] {logging_mixin.py:188} INFO - [2024-02-24T09:35:40.237+0000] {dag.py:3033} INFO - Sync 1 DAGs
[2024-02-24T09:35:40.405+0000] {processor.py:183} INFO - Processing /opt/airflow/dags/process_sales.py took 0.384 seconds
[2024-02-24T09:36:10.565+0000] {processor.py:161} INFO - Started process (PID=8558) to work on /opt/airflow/dags/process_sales.py
[2024-02-24T09:36:10.567+0000] {processor.py:830} INFO - Processing file /opt/airflow/dags/process_sales.py for tasks to queue
[2024-02-24T09:36:10.569+0000] {logging_mixin.py:188} INFO - [2024-02-24T09:36:10.569+0000] {dagbag.py:538} INFO - Filling up the DagBag from /opt/airflow/dags/process_sales.py
[2024-02-24T09:36:10.588+0000] {processor.py:840} INFO - DAG(s) 'processing_sales' retrieved from /opt/airflow/dags/process_sales.py
[2024-02-24T09:36:10.608+0000] {logging_mixin.py:188} INFO - [2024-02-24T09:36:10.608+0000] {dag.py:3033} INFO - Sync 1 DAGs
[2024-02-24T09:36:10.645+0000] {processor.py:183} INFO - Processing /opt/airflow/dags/process_sales.py took 0.083 seconds
[2024-02-24T09:36:41.626+0000] {processor.py:161} INFO - Started process (PID=8615) to work on /opt/airflow/dags/process_sales.py
[2024-02-24T09:36:41.627+0000] {processor.py:830} INFO - Processing file /opt/airflow/dags/process_sales.py for tasks to queue
[2024-02-24T09:36:41.631+0000] {logging_mixin.py:188} INFO - [2024-02-24T09:36:41.630+0000] {dagbag.py:538} INFO - Filling up the DagBag from /opt/airflow/dags/process_sales.py
[2024-02-24T09:36:41.690+0000] {processor.py:840} INFO - DAG(s) 'processing_sales' retrieved from /opt/airflow/dags/process_sales.py
[2024-02-24T09:36:41.725+0000] {logging_mixin.py:188} INFO - [2024-02-24T09:36:41.724+0000] {dag.py:3033} INFO - Sync 1 DAGs
[2024-02-24T09:36:41.799+0000] {processor.py:183} INFO - Processing /opt/airflow/dags/process_sales.py took 0.178 seconds
[2024-02-24T09:37:12.288+0000] {processor.py:161} INFO - Started process (PID=8672) to work on /opt/airflow/dags/process_sales.py
[2024-02-24T09:37:12.289+0000] {processor.py:830} INFO - Processing file /opt/airflow/dags/process_sales.py for tasks to queue
[2024-02-24T09:37:12.291+0000] {logging_mixin.py:188} INFO - [2024-02-24T09:37:12.291+0000] {dagbag.py:538} INFO - Filling up the DagBag from /opt/airflow/dags/process_sales.py
[2024-02-24T09:37:12.308+0000] {processor.py:840} INFO - DAG(s) 'processing_sales' retrieved from /opt/airflow/dags/process_sales.py
[2024-02-24T09:37:12.326+0000] {logging_mixin.py:188} INFO - [2024-02-24T09:37:12.325+0000] {dag.py:3033} INFO - Sync 1 DAGs
[2024-02-24T09:37:12.362+0000] {processor.py:183} INFO - Processing /opt/airflow/dags/process_sales.py took 0.077 seconds
[2024-02-24T09:37:42.433+0000] {processor.py:161} INFO - Started process (PID=8729) to work on /opt/airflow/dags/process_sales.py
[2024-02-24T09:37:42.434+0000] {processor.py:830} INFO - Processing file /opt/airflow/dags/process_sales.py for tasks to queue
[2024-02-24T09:37:42.436+0000] {logging_mixin.py:188} INFO - [2024-02-24T09:37:42.436+0000] {dagbag.py:538} INFO - Filling up the DagBag from /opt/airflow/dags/process_sales.py
[2024-02-24T09:37:42.454+0000] {processor.py:840} INFO - DAG(s) 'processing_sales' retrieved from /opt/airflow/dags/process_sales.py
[2024-02-24T09:37:42.474+0000] {logging_mixin.py:188} INFO - [2024-02-24T09:37:42.473+0000] {dag.py:3033} INFO - Sync 1 DAGs
[2024-02-24T09:37:42.512+0000] {processor.py:183} INFO - Processing /opt/airflow/dags/process_sales.py took 0.082 seconds
[2024-02-24T09:38:12.942+0000] {processor.py:161} INFO - Started process (PID=8786) to work on /opt/airflow/dags/process_sales.py
[2024-02-24T09:38:12.944+0000] {processor.py:830} INFO - Processing file /opt/airflow/dags/process_sales.py for tasks to queue
[2024-02-24T09:38:12.947+0000] {logging_mixin.py:188} INFO - [2024-02-24T09:38:12.947+0000] {dagbag.py:538} INFO - Filling up the DagBag from /opt/airflow/dags/process_sales.py
[2024-02-24T09:38:12.967+0000] {processor.py:840} INFO - DAG(s) 'processing_sales' retrieved from /opt/airflow/dags/process_sales.py
[2024-02-24T09:38:12.989+0000] {logging_mixin.py:188} INFO - [2024-02-24T09:38:12.988+0000] {dag.py:3033} INFO - Sync 1 DAGs
[2024-02-24T09:38:13.038+0000] {processor.py:183} INFO - Processing /opt/airflow/dags/process_sales.py took 0.099 seconds
[2024-02-24T09:38:43.558+0000] {processor.py:161} INFO - Started process (PID=8843) to work on /opt/airflow/dags/process_sales.py
[2024-02-24T09:38:43.559+0000] {processor.py:830} INFO - Processing file /opt/airflow/dags/process_sales.py for tasks to queue
[2024-02-24T09:38:43.562+0000] {logging_mixin.py:188} INFO - [2024-02-24T09:38:43.562+0000] {dagbag.py:538} INFO - Filling up the DagBag from /opt/airflow/dags/process_sales.py
[2024-02-24T09:38:43.580+0000] {processor.py:840} INFO - DAG(s) 'processing_sales' retrieved from /opt/airflow/dags/process_sales.py
[2024-02-24T09:38:43.600+0000] {logging_mixin.py:188} INFO - [2024-02-24T09:38:43.599+0000] {dag.py:3033} INFO - Sync 1 DAGs
[2024-02-24T09:38:43.642+0000] {processor.py:183} INFO - Processing /opt/airflow/dags/process_sales.py took 0.088 seconds
[2024-02-24T09:39:14.263+0000] {processor.py:161} INFO - Started process (PID=8900) to work on /opt/airflow/dags/process_sales.py
[2024-02-24T09:39:14.264+0000] {processor.py:830} INFO - Processing file /opt/airflow/dags/process_sales.py for tasks to queue
[2024-02-24T09:39:14.267+0000] {logging_mixin.py:188} INFO - [2024-02-24T09:39:14.267+0000] {dagbag.py:538} INFO - Filling up the DagBag from /opt/airflow/dags/process_sales.py
[2024-02-24T09:39:14.285+0000] {processor.py:840} INFO - DAG(s) 'processing_sales' retrieved from /opt/airflow/dags/process_sales.py
[2024-02-24T09:39:14.304+0000] {logging_mixin.py:188} INFO - [2024-02-24T09:39:14.303+0000] {dag.py:3033} INFO - Sync 1 DAGs
[2024-02-24T09:39:14.344+0000] {processor.py:183} INFO - Processing /opt/airflow/dags/process_sales.py took 0.084 seconds
[2024-02-24T09:39:45.239+0000] {processor.py:161} INFO - Started process (PID=8957) to work on /opt/airflow/dags/process_sales.py
[2024-02-24T09:39:45.240+0000] {processor.py:830} INFO - Processing file /opt/airflow/dags/process_sales.py for tasks to queue
[2024-02-24T09:39:45.242+0000] {logging_mixin.py:188} INFO - [2024-02-24T09:39:45.242+0000] {dagbag.py:538} INFO - Filling up the DagBag from /opt/airflow/dags/process_sales.py
[2024-02-24T09:39:45.260+0000] {processor.py:840} INFO - DAG(s) 'processing_sales' retrieved from /opt/airflow/dags/process_sales.py
[2024-02-24T09:39:45.280+0000] {logging_mixin.py:188} INFO - [2024-02-24T09:39:45.279+0000] {dag.py:3033} INFO - Sync 1 DAGs
[2024-02-24T09:39:45.317+0000] {processor.py:183} INFO - Processing /opt/airflow/dags/process_sales.py took 0.081 seconds
[2024-02-24T09:40:16.010+0000] {processor.py:161} INFO - Started process (PID=9014) to work on /opt/airflow/dags/process_sales.py
[2024-02-24T09:40:16.011+0000] {processor.py:830} INFO - Processing file /opt/airflow/dags/process_sales.py for tasks to queue
[2024-02-24T09:40:16.013+0000] {logging_mixin.py:188} INFO - [2024-02-24T09:40:16.013+0000] {dagbag.py:538} INFO - Filling up the DagBag from /opt/airflow/dags/process_sales.py
[2024-02-24T09:40:16.032+0000] {processor.py:840} INFO - DAG(s) 'processing_sales' retrieved from /opt/airflow/dags/process_sales.py
[2024-02-24T09:40:16.052+0000] {logging_mixin.py:188} INFO - [2024-02-24T09:40:16.052+0000] {dag.py:3033} INFO - Sync 1 DAGs
[2024-02-24T09:40:16.089+0000] {processor.py:183} INFO - Processing /opt/airflow/dags/process_sales.py took 0.082 seconds
[2024-02-24T09:40:46.753+0000] {processor.py:161} INFO - Started process (PID=9071) to work on /opt/airflow/dags/process_sales.py
[2024-02-24T09:40:46.754+0000] {processor.py:830} INFO - Processing file /opt/airflow/dags/process_sales.py for tasks to queue
[2024-02-24T09:40:46.758+0000] {logging_mixin.py:188} INFO - [2024-02-24T09:40:46.757+0000] {dagbag.py:538} INFO - Filling up the DagBag from /opt/airflow/dags/process_sales.py
[2024-02-24T09:40:46.792+0000] {processor.py:840} INFO - DAG(s) 'processing_sales' retrieved from /opt/airflow/dags/process_sales.py
[2024-02-24T09:40:46.841+0000] {logging_mixin.py:188} INFO - [2024-02-24T09:40:46.840+0000] {dag.py:3033} INFO - Sync 1 DAGs
[2024-02-24T09:40:46.944+0000] {processor.py:183} INFO - Processing /opt/airflow/dags/process_sales.py took 0.195 seconds
[2024-02-24T09:41:17.532+0000] {processor.py:161} INFO - Started process (PID=9128) to work on /opt/airflow/dags/process_sales.py
[2024-02-24T09:41:17.533+0000] {processor.py:830} INFO - Processing file /opt/airflow/dags/process_sales.py for tasks to queue
[2024-02-24T09:41:17.536+0000] {logging_mixin.py:188} INFO - [2024-02-24T09:41:17.535+0000] {dagbag.py:538} INFO - Filling up the DagBag from /opt/airflow/dags/process_sales.py
[2024-02-24T09:41:17.556+0000] {processor.py:840} INFO - DAG(s) 'processing_sales' retrieved from /opt/airflow/dags/process_sales.py
[2024-02-24T09:41:17.575+0000] {logging_mixin.py:188} INFO - [2024-02-24T09:41:17.575+0000] {dag.py:3033} INFO - Sync 1 DAGs
[2024-02-24T09:41:17.625+0000] {processor.py:183} INFO - Processing /opt/airflow/dags/process_sales.py took 0.096 seconds
[2024-02-24T09:41:47.845+0000] {processor.py:161} INFO - Started process (PID=9185) to work on /opt/airflow/dags/process_sales.py
[2024-02-24T09:41:47.846+0000] {processor.py:830} INFO - Processing file /opt/airflow/dags/process_sales.py for tasks to queue
[2024-02-24T09:41:47.848+0000] {logging_mixin.py:188} INFO - [2024-02-24T09:41:47.848+0000] {dagbag.py:538} INFO - Filling up the DagBag from /opt/airflow/dags/process_sales.py
[2024-02-24T09:41:47.865+0000] {processor.py:840} INFO - DAG(s) 'processing_sales' retrieved from /opt/airflow/dags/process_sales.py
[2024-02-24T09:41:47.883+0000] {logging_mixin.py:188} INFO - [2024-02-24T09:41:47.882+0000] {dag.py:3033} INFO - Sync 1 DAGs
[2024-02-24T09:41:47.919+0000] {processor.py:183} INFO - Processing /opt/airflow/dags/process_sales.py took 0.078 seconds
[2024-02-24T09:42:18.499+0000] {processor.py:161} INFO - Started process (PID=9242) to work on /opt/airflow/dags/process_sales.py
[2024-02-24T09:42:18.500+0000] {processor.py:830} INFO - Processing file /opt/airflow/dags/process_sales.py for tasks to queue
[2024-02-24T09:42:18.503+0000] {logging_mixin.py:188} INFO - [2024-02-24T09:42:18.503+0000] {dagbag.py:538} INFO - Filling up the DagBag from /opt/airflow/dags/process_sales.py
[2024-02-24T09:42:18.522+0000] {processor.py:840} INFO - DAG(s) 'processing_sales' retrieved from /opt/airflow/dags/process_sales.py
[2024-02-24T09:42:18.541+0000] {logging_mixin.py:188} INFO - [2024-02-24T09:42:18.540+0000] {dag.py:3033} INFO - Sync 1 DAGs
[2024-02-24T09:42:18.577+0000] {processor.py:183} INFO - Processing /opt/airflow/dags/process_sales.py took 0.083 seconds
[2024-02-24T09:42:49.176+0000] {processor.py:161} INFO - Started process (PID=9299) to work on /opt/airflow/dags/process_sales.py
[2024-02-24T09:42:49.177+0000] {processor.py:830} INFO - Processing file /opt/airflow/dags/process_sales.py for tasks to queue
[2024-02-24T09:42:49.180+0000] {logging_mixin.py:188} INFO - [2024-02-24T09:42:49.179+0000] {dagbag.py:538} INFO - Filling up the DagBag from /opt/airflow/dags/process_sales.py
[2024-02-24T09:42:49.197+0000] {processor.py:840} INFO - DAG(s) 'processing_sales' retrieved from /opt/airflow/dags/process_sales.py
[2024-02-24T09:42:49.215+0000] {logging_mixin.py:188} INFO - [2024-02-24T09:42:49.215+0000] {dag.py:3033} INFO - Sync 1 DAGs
[2024-02-24T09:42:49.257+0000] {processor.py:183} INFO - Processing /opt/airflow/dags/process_sales.py took 0.084 seconds
[2024-02-24T09:43:19.982+0000] {processor.py:161} INFO - Started process (PID=9356) to work on /opt/airflow/dags/process_sales.py
[2024-02-24T09:43:19.983+0000] {processor.py:830} INFO - Processing file /opt/airflow/dags/process_sales.py for tasks to queue
[2024-02-24T09:43:19.986+0000] {logging_mixin.py:188} INFO - [2024-02-24T09:43:19.986+0000] {dagbag.py:538} INFO - Filling up the DagBag from /opt/airflow/dags/process_sales.py
[2024-02-24T09:43:20.003+0000] {processor.py:840} INFO - DAG(s) 'processing_sales' retrieved from /opt/airflow/dags/process_sales.py
[2024-02-24T09:43:20.021+0000] {logging_mixin.py:188} INFO - [2024-02-24T09:43:20.020+0000] {dag.py:3033} INFO - Sync 1 DAGs
[2024-02-24T09:43:20.065+0000] {processor.py:183} INFO - Processing /opt/airflow/dags/process_sales.py took 0.087 seconds
[2024-02-24T09:43:50.628+0000] {processor.py:161} INFO - Started process (PID=9413) to work on /opt/airflow/dags/process_sales.py
[2024-02-24T09:43:50.629+0000] {processor.py:830} INFO - Processing file /opt/airflow/dags/process_sales.py for tasks to queue
[2024-02-24T09:43:50.631+0000] {logging_mixin.py:188} INFO - [2024-02-24T09:43:50.631+0000] {dagbag.py:538} INFO - Filling up the DagBag from /opt/airflow/dags/process_sales.py
[2024-02-24T09:43:50.648+0000] {processor.py:840} INFO - DAG(s) 'processing_sales' retrieved from /opt/airflow/dags/process_sales.py
[2024-02-24T09:43:50.667+0000] {logging_mixin.py:188} INFO - [2024-02-24T09:43:50.666+0000] {dag.py:3033} INFO - Sync 1 DAGs
[2024-02-24T09:43:50.703+0000] {processor.py:183} INFO - Processing /opt/airflow/dags/process_sales.py took 0.078 seconds
[2024-02-24T09:44:21.459+0000] {processor.py:161} INFO - Started process (PID=9470) to work on /opt/airflow/dags/process_sales.py
[2024-02-24T09:44:21.460+0000] {processor.py:830} INFO - Processing file /opt/airflow/dags/process_sales.py for tasks to queue
[2024-02-24T09:44:21.464+0000] {logging_mixin.py:188} INFO - [2024-02-24T09:44:21.463+0000] {dagbag.py:538} INFO - Filling up the DagBag from /opt/airflow/dags/process_sales.py
[2024-02-24T09:44:21.483+0000] {processor.py:840} INFO - DAG(s) 'processing_sales' retrieved from /opt/airflow/dags/process_sales.py
[2024-02-24T09:44:21.504+0000] {logging_mixin.py:188} INFO - [2024-02-24T09:44:21.504+0000] {dag.py:3033} INFO - Sync 1 DAGs
[2024-02-24T09:44:21.541+0000] {processor.py:183} INFO - Processing /opt/airflow/dags/process_sales.py took 0.087 seconds
[2024-02-24T09:44:52.215+0000] {processor.py:161} INFO - Started process (PID=9533) to work on /opt/airflow/dags/process_sales.py
[2024-02-24T09:44:52.216+0000] {processor.py:830} INFO - Processing file /opt/airflow/dags/process_sales.py for tasks to queue
[2024-02-24T09:44:52.219+0000] {logging_mixin.py:188} INFO - [2024-02-24T09:44:52.219+0000] {dagbag.py:538} INFO - Filling up the DagBag from /opt/airflow/dags/process_sales.py
[2024-02-24T09:44:52.235+0000] {processor.py:840} INFO - DAG(s) 'processing_sales' retrieved from /opt/airflow/dags/process_sales.py
[2024-02-24T09:44:52.253+0000] {logging_mixin.py:188} INFO - [2024-02-24T09:44:52.253+0000] {dag.py:3033} INFO - Sync 1 DAGs
[2024-02-24T09:44:52.290+0000] {processor.py:183} INFO - Processing /opt/airflow/dags/process_sales.py took 0.079 seconds
[2024-02-24T09:45:22.937+0000] {processor.py:161} INFO - Started process (PID=9590) to work on /opt/airflow/dags/process_sales.py
[2024-02-24T09:45:22.938+0000] {processor.py:830} INFO - Processing file /opt/airflow/dags/process_sales.py for tasks to queue
[2024-02-24T09:45:22.941+0000] {logging_mixin.py:188} INFO - [2024-02-24T09:45:22.940+0000] {dagbag.py:538} INFO - Filling up the DagBag from /opt/airflow/dags/process_sales.py
[2024-02-24T09:45:22.959+0000] {processor.py:840} INFO - DAG(s) 'processing_sales' retrieved from /opt/airflow/dags/process_sales.py
[2024-02-24T09:45:22.977+0000] {logging_mixin.py:188} INFO - [2024-02-24T09:45:22.977+0000] {dag.py:3033} INFO - Sync 1 DAGs
[2024-02-24T09:45:23.013+0000] {processor.py:183} INFO - Processing /opt/airflow/dags/process_sales.py took 0.079 seconds
[2024-02-24T09:45:53.863+0000] {processor.py:161} INFO - Started process (PID=9647) to work on /opt/airflow/dags/process_sales.py
[2024-02-24T09:45:53.864+0000] {processor.py:830} INFO - Processing file /opt/airflow/dags/process_sales.py for tasks to queue
[2024-02-24T09:45:53.867+0000] {logging_mixin.py:188} INFO - [2024-02-24T09:45:53.867+0000] {dagbag.py:538} INFO - Filling up the DagBag from /opt/airflow/dags/process_sales.py
[2024-02-24T09:45:53.886+0000] {processor.py:840} INFO - DAG(s) 'processing_sales' retrieved from /opt/airflow/dags/process_sales.py
[2024-02-24T09:45:53.905+0000] {logging_mixin.py:188} INFO - [2024-02-24T09:45:53.905+0000] {dag.py:3033} INFO - Sync 1 DAGs
[2024-02-24T09:45:53.944+0000] {processor.py:183} INFO - Processing /opt/airflow/dags/process_sales.py took 0.084 seconds
[2024-02-24T09:46:24.591+0000] {processor.py:161} INFO - Started process (PID=9704) to work on /opt/airflow/dags/process_sales.py
[2024-02-24T09:46:24.592+0000] {processor.py:830} INFO - Processing file /opt/airflow/dags/process_sales.py for tasks to queue
[2024-02-24T09:46:24.595+0000] {logging_mixin.py:188} INFO - [2024-02-24T09:46:24.595+0000] {dagbag.py:538} INFO - Filling up the DagBag from /opt/airflow/dags/process_sales.py
[2024-02-24T09:46:24.617+0000] {processor.py:840} INFO - DAG(s) 'processing_sales' retrieved from /opt/airflow/dags/process_sales.py
[2024-02-24T09:46:24.643+0000] {logging_mixin.py:188} INFO - [2024-02-24T09:46:24.642+0000] {dag.py:3033} INFO - Sync 1 DAGs
[2024-02-24T09:46:24.688+0000] {processor.py:183} INFO - Processing /opt/airflow/dags/process_sales.py took 0.100 seconds
[2024-02-24T09:46:55.424+0000] {processor.py:161} INFO - Started process (PID=9761) to work on /opt/airflow/dags/process_sales.py
[2024-02-24T09:46:55.425+0000] {processor.py:830} INFO - Processing file /opt/airflow/dags/process_sales.py for tasks to queue
[2024-02-24T09:46:55.427+0000] {logging_mixin.py:188} INFO - [2024-02-24T09:46:55.427+0000] {dagbag.py:538} INFO - Filling up the DagBag from /opt/airflow/dags/process_sales.py
[2024-02-24T09:46:55.445+0000] {processor.py:840} INFO - DAG(s) 'processing_sales' retrieved from /opt/airflow/dags/process_sales.py
[2024-02-24T09:46:55.465+0000] {logging_mixin.py:188} INFO - [2024-02-24T09:46:55.464+0000] {dag.py:3033} INFO - Sync 1 DAGs
[2024-02-24T09:46:55.514+0000] {processor.py:183} INFO - Processing /opt/airflow/dags/process_sales.py took 0.092 seconds
[2024-02-24T09:47:26.240+0000] {processor.py:161} INFO - Started process (PID=9818) to work on /opt/airflow/dags/process_sales.py
[2024-02-24T09:47:26.241+0000] {processor.py:830} INFO - Processing file /opt/airflow/dags/process_sales.py for tasks to queue
[2024-02-24T09:47:26.243+0000] {logging_mixin.py:188} INFO - [2024-02-24T09:47:26.243+0000] {dagbag.py:538} INFO - Filling up the DagBag from /opt/airflow/dags/process_sales.py
[2024-02-24T09:47:26.261+0000] {processor.py:840} INFO - DAG(s) 'processing_sales' retrieved from /opt/airflow/dags/process_sales.py
[2024-02-24T09:47:26.279+0000] {logging_mixin.py:188} INFO - [2024-02-24T09:47:26.279+0000] {dag.py:3033} INFO - Sync 1 DAGs
[2024-02-24T09:47:26.315+0000] {processor.py:183} INFO - Processing /opt/airflow/dags/process_sales.py took 0.079 seconds
[2024-02-24T09:47:56.971+0000] {processor.py:161} INFO - Started process (PID=9875) to work on /opt/airflow/dags/process_sales.py
[2024-02-24T09:47:56.972+0000] {processor.py:830} INFO - Processing file /opt/airflow/dags/process_sales.py for tasks to queue
[2024-02-24T09:47:56.975+0000] {logging_mixin.py:188} INFO - [2024-02-24T09:47:56.975+0000] {dagbag.py:538} INFO - Filling up the DagBag from /opt/airflow/dags/process_sales.py
[2024-02-24T09:47:57.002+0000] {processor.py:840} INFO - DAG(s) 'processing_sales' retrieved from /opt/airflow/dags/process_sales.py
[2024-02-24T09:47:57.035+0000] {logging_mixin.py:188} INFO - [2024-02-24T09:47:57.034+0000] {dag.py:3033} INFO - Sync 1 DAGs
[2024-02-24T09:47:57.099+0000] {processor.py:183} INFO - Processing /opt/airflow/dags/process_sales.py took 0.133 seconds
[2024-02-24T09:48:28.033+0000] {processor.py:161} INFO - Started process (PID=9932) to work on /opt/airflow/dags/process_sales.py
[2024-02-24T09:48:28.034+0000] {processor.py:830} INFO - Processing file /opt/airflow/dags/process_sales.py for tasks to queue
[2024-02-24T09:48:28.037+0000] {logging_mixin.py:188} INFO - [2024-02-24T09:48:28.037+0000] {dagbag.py:538} INFO - Filling up the DagBag from /opt/airflow/dags/process_sales.py
[2024-02-24T09:48:28.060+0000] {processor.py:840} INFO - DAG(s) 'processing_sales' retrieved from /opt/airflow/dags/process_sales.py
[2024-02-24T09:48:28.090+0000] {logging_mixin.py:188} INFO - [2024-02-24T09:48:28.089+0000] {dag.py:3033} INFO - Sync 1 DAGs
[2024-02-24T09:48:28.141+0000] {processor.py:183} INFO - Processing /opt/airflow/dags/process_sales.py took 0.113 seconds
[2024-02-24T09:48:58.468+0000] {processor.py:161} INFO - Started process (PID=9989) to work on /opt/airflow/dags/process_sales.py
[2024-02-24T09:48:58.470+0000] {processor.py:830} INFO - Processing file /opt/airflow/dags/process_sales.py for tasks to queue
[2024-02-24T09:48:58.473+0000] {logging_mixin.py:188} INFO - [2024-02-24T09:48:58.473+0000] {dagbag.py:538} INFO - Filling up the DagBag from /opt/airflow/dags/process_sales.py
[2024-02-24T09:48:58.501+0000] {processor.py:840} INFO - DAG(s) 'processing_sales' retrieved from /opt/airflow/dags/process_sales.py
[2024-02-24T09:48:58.534+0000] {logging_mixin.py:188} INFO - [2024-02-24T09:48:58.533+0000] {dag.py:3033} INFO - Sync 1 DAGs
[2024-02-24T09:48:58.582+0000] {processor.py:183} INFO - Processing /opt/airflow/dags/process_sales.py took 0.118 seconds
