[2024-02-25T12:27:46.221+0000] {processor.py:161} INFO - Started process (PID=9015) to work on /opt/airflow/dags/'process_user_profiles.py
[2024-02-25T12:27:46.222+0000] {processor.py:830} INFO - Processing file /opt/airflow/dags/'process_user_profiles.py for tasks to queue
[2024-02-25T12:27:46.223+0000] {logging_mixin.py:188} INFO - [2024-02-25T12:27:46.223+0000] {dagbag.py:538} INFO - Filling up the DagBag from /opt/airflow/dags/'process_user_profiles.py
[2024-02-25T12:27:46.243+0000] {processor.py:840} INFO - DAG(s) 'process_user_profiles' retrieved from /opt/airflow/dags/'process_user_profiles.py
[2024-02-25T12:27:46.335+0000] {logging_mixin.py:188} INFO - [2024-02-25T12:27:46.335+0000] {override.py:1769} INFO - Created Permission View: can delete on DAG:process_user_profiles
[2024-02-25T12:27:46.345+0000] {logging_mixin.py:188} INFO - [2024-02-25T12:27:46.345+0000] {override.py:1769} INFO - Created Permission View: can edit on DAG:process_user_profiles
[2024-02-25T12:27:46.352+0000] {logging_mixin.py:188} INFO - [2024-02-25T12:27:46.351+0000] {override.py:1769} INFO - Created Permission View: can read on DAG:process_user_profiles
[2024-02-25T12:27:46.352+0000] {logging_mixin.py:188} INFO - [2024-02-25T12:27:46.352+0000] {dag.py:3033} INFO - Sync 1 DAGs
[2024-02-25T12:27:46.363+0000] {logging_mixin.py:188} INFO - [2024-02-25T12:27:46.363+0000] {dag.py:3055} INFO - Creating ORM DAG for process_user_profiles
[2024-02-25T12:27:46.364+0000] {logging_mixin.py:188} INFO - [2024-02-25T12:27:46.364+0000] {dag.py:3820} INFO - Setting next_dagrun for process_user_profiles to None, run_after=None
[2024-02-25T12:27:46.380+0000] {processor.py:183} INFO - Processing /opt/airflow/dags/'process_user_profiles.py took 0.162 seconds
[2024-02-25T12:28:02.756+0000] {processor.py:161} INFO - Started process (PID=9071) to work on /opt/airflow/dags/'process_user_profiles.py
[2024-02-25T12:28:02.757+0000] {processor.py:830} INFO - Processing file /opt/airflow/dags/'process_user_profiles.py for tasks to queue
[2024-02-25T12:28:02.757+0000] {logging_mixin.py:188} INFO - [2024-02-25T12:28:02.757+0000] {dagbag.py:538} INFO - Filling up the DagBag from /opt/airflow/dags/'process_user_profiles.py
[2024-02-25T12:28:02.779+0000] {processor.py:840} INFO - DAG(s) 'process_user_profiles' retrieved from /opt/airflow/dags/'process_user_profiles.py
[2024-02-25T12:28:02.789+0000] {logging_mixin.py:188} INFO - [2024-02-25T12:28:02.789+0000] {dag.py:3033} INFO - Sync 1 DAGs
[2024-02-25T12:28:02.801+0000] {logging_mixin.py:188} INFO - [2024-02-25T12:28:02.800+0000] {dag.py:3820} INFO - Setting next_dagrun for process_user_profiles to None, run_after=None
[2024-02-25T12:28:02.822+0000] {processor.py:183} INFO - Processing /opt/airflow/dags/'process_user_profiles.py took 0.069 seconds
[2024-02-25T12:28:32.556+0000] {processor.py:161} INFO - Started process (PID=9129) to work on /opt/airflow/dags/'process_user_profiles.py
[2024-02-25T12:28:32.557+0000] {processor.py:830} INFO - Processing file /opt/airflow/dags/'process_user_profiles.py for tasks to queue
[2024-02-25T12:28:32.558+0000] {logging_mixin.py:188} INFO - [2024-02-25T12:28:32.558+0000] {dagbag.py:538} INFO - Filling up the DagBag from /opt/airflow/dags/'process_user_profiles.py
[2024-02-25T12:28:32.578+0000] {processor.py:840} INFO - DAG(s) 'process_user_profiles' retrieved from /opt/airflow/dags/'process_user_profiles.py
[2024-02-25T12:28:32.677+0000] {logging_mixin.py:188} INFO - [2024-02-25T12:28:32.677+0000] {dag.py:3033} INFO - Sync 1 DAGs
[2024-02-25T12:28:32.687+0000] {logging_mixin.py:188} INFO - [2024-02-25T12:28:32.687+0000] {dag.py:3820} INFO - Setting next_dagrun for process_user_profiles to None, run_after=None
[2024-02-25T12:28:32.717+0000] {processor.py:183} INFO - Processing /opt/airflow/dags/'process_user_profiles.py took 0.163 seconds
[2024-02-25T12:29:03.370+0000] {processor.py:161} INFO - Started process (PID=9187) to work on /opt/airflow/dags/'process_user_profiles.py
[2024-02-25T12:29:03.371+0000] {processor.py:830} INFO - Processing file /opt/airflow/dags/'process_user_profiles.py for tasks to queue
[2024-02-25T12:29:03.371+0000] {logging_mixin.py:188} INFO - [2024-02-25T12:29:03.371+0000] {dagbag.py:538} INFO - Filling up the DagBag from /opt/airflow/dags/'process_user_profiles.py
[2024-02-25T12:29:03.385+0000] {processor.py:840} INFO - DAG(s) 'process_user_profiles' retrieved from /opt/airflow/dags/'process_user_profiles.py
[2024-02-25T12:29:03.403+0000] {logging_mixin.py:188} INFO - [2024-02-25T12:29:03.403+0000] {dag.py:3033} INFO - Sync 1 DAGs
[2024-02-25T12:29:03.414+0000] {logging_mixin.py:188} INFO - [2024-02-25T12:29:03.414+0000] {dag.py:3820} INFO - Setting next_dagrun for process_user_profiles to None, run_after=None
[2024-02-25T12:29:03.430+0000] {processor.py:183} INFO - Processing /opt/airflow/dags/'process_user_profiles.py took 0.064 seconds
[2024-02-25T12:29:22.776+0000] {processor.py:161} INFO - Started process (PID=9212) to work on /opt/airflow/dags/'process_user_profiles.py
[2024-02-25T12:29:22.777+0000] {processor.py:830} INFO - Processing file /opt/airflow/dags/'process_user_profiles.py for tasks to queue
[2024-02-25T12:29:22.778+0000] {logging_mixin.py:188} INFO - [2024-02-25T12:29:22.778+0000] {dagbag.py:538} INFO - Filling up the DagBag from /opt/airflow/dags/'process_user_profiles.py
[2024-02-25T12:29:22.799+0000] {processor.py:840} INFO - DAG(s) 'process_user_profiles' retrieved from /opt/airflow/dags/'process_user_profiles.py
[2024-02-25T12:29:22.817+0000] {logging_mixin.py:188} INFO - [2024-02-25T12:29:22.816+0000] {dag.py:3033} INFO - Sync 1 DAGs
[2024-02-25T12:29:22.829+0000] {logging_mixin.py:188} INFO - [2024-02-25T12:29:22.829+0000] {dag.py:3820} INFO - Setting next_dagrun for process_user_profiles to None, run_after=None
[2024-02-25T12:29:22.852+0000] {processor.py:183} INFO - Processing /opt/airflow/dags/'process_user_profiles.py took 0.079 seconds
[2024-02-25T12:29:53.634+0000] {processor.py:161} INFO - Started process (PID=9270) to work on /opt/airflow/dags/'process_user_profiles.py
[2024-02-25T12:29:53.635+0000] {processor.py:830} INFO - Processing file /opt/airflow/dags/'process_user_profiles.py for tasks to queue
[2024-02-25T12:29:53.636+0000] {logging_mixin.py:188} INFO - [2024-02-25T12:29:53.636+0000] {dagbag.py:538} INFO - Filling up the DagBag from /opt/airflow/dags/'process_user_profiles.py
[2024-02-25T12:29:53.653+0000] {processor.py:840} INFO - DAG(s) 'process_user_profiles' retrieved from /opt/airflow/dags/'process_user_profiles.py
[2024-02-25T12:29:53.670+0000] {logging_mixin.py:188} INFO - [2024-02-25T12:29:53.669+0000] {dag.py:3033} INFO - Sync 1 DAGs
[2024-02-25T12:29:53.682+0000] {logging_mixin.py:188} INFO - [2024-02-25T12:29:53.682+0000] {dag.py:3820} INFO - Setting next_dagrun for process_user_profiles to None, run_after=None
[2024-02-25T12:29:53.700+0000] {processor.py:183} INFO - Processing /opt/airflow/dags/'process_user_profiles.py took 0.069 seconds
[2024-02-25T12:30:13.380+0000] {processor.py:161} INFO - Started process (PID=9306) to work on /opt/airflow/dags/'process_user_profiles.py
[2024-02-25T12:30:13.381+0000] {processor.py:830} INFO - Processing file /opt/airflow/dags/'process_user_profiles.py for tasks to queue
[2024-02-25T12:30:13.382+0000] {logging_mixin.py:188} INFO - [2024-02-25T12:30:13.381+0000] {dagbag.py:538} INFO - Filling up the DagBag from /opt/airflow/dags/'process_user_profiles.py
[2024-02-25T12:30:13.407+0000] {processor.py:840} INFO - DAG(s) 'process_user_profiles' retrieved from /opt/airflow/dags/'process_user_profiles.py
[2024-02-25T12:30:13.503+0000] {logging_mixin.py:188} INFO - [2024-02-25T12:30:13.503+0000] {dag.py:3033} INFO - Sync 1 DAGs
[2024-02-25T12:30:13.514+0000] {logging_mixin.py:188} INFO - [2024-02-25T12:30:13.514+0000] {dag.py:3820} INFO - Setting next_dagrun for process_user_profiles to None, run_after=None
[2024-02-25T12:30:13.535+0000] {processor.py:183} INFO - Processing /opt/airflow/dags/'process_user_profiles.py took 0.158 seconds
[2024-02-25T12:30:43.610+0000] {processor.py:161} INFO - Started process (PID=9364) to work on /opt/airflow/dags/'process_user_profiles.py
[2024-02-25T12:30:43.611+0000] {processor.py:830} INFO - Processing file /opt/airflow/dags/'process_user_profiles.py for tasks to queue
[2024-02-25T12:30:43.612+0000] {logging_mixin.py:188} INFO - [2024-02-25T12:30:43.612+0000] {dagbag.py:538} INFO - Filling up the DagBag from /opt/airflow/dags/'process_user_profiles.py
[2024-02-25T12:30:43.627+0000] {processor.py:840} INFO - DAG(s) 'process_user_profiles' retrieved from /opt/airflow/dags/'process_user_profiles.py
[2024-02-25T12:30:43.643+0000] {logging_mixin.py:188} INFO - [2024-02-25T12:30:43.643+0000] {dag.py:3033} INFO - Sync 1 DAGs
[2024-02-25T12:30:43.657+0000] {logging_mixin.py:188} INFO - [2024-02-25T12:30:43.657+0000] {dag.py:3820} INFO - Setting next_dagrun for process_user_profiles to None, run_after=None
[2024-02-25T12:30:43.676+0000] {processor.py:183} INFO - Processing /opt/airflow/dags/'process_user_profiles.py took 0.069 seconds
