[2024-02-23T17:20:14.139+0000] {processor.py:161} INFO - Started process (PID=4927) to work on /opt/airflow/dags/process_customers.py
[2024-02-23T17:20:14.141+0000] {processor.py:830} INFO - Processing file /opt/airflow/dags/process_customers.py for tasks to queue
[2024-02-23T17:20:14.144+0000] {logging_mixin.py:188} INFO - [2024-02-23T17:20:14.143+0000] {dagbag.py:538} INFO - Filling up the DagBag from /opt/airflow/dags/process_customers.py
[2024-02-23T17:20:14.193+0000] {processor.py:840} INFO - DAG(s) 'process_customers' retrieved from /opt/airflow/dags/process_customers.py
[2024-02-23T17:20:14.248+0000] {logging_mixin.py:188} INFO - [2024-02-23T17:20:14.247+0000] {dag.py:3033} INFO - Sync 1 DAGs
[2024-02-23T17:20:14.316+0000] {logging_mixin.py:188} INFO - [2024-02-23T17:20:14.313+0000] {dag.py:3820} INFO - Setting next_dagrun for process_customers to 2024-02-22T00:00:00+00:00, run_after=2024-02-23T00:00:00+00:00
[2024-02-23T17:20:14.374+0000] {processor.py:183} INFO - Processing /opt/airflow/dags/process_customers.py took 0.242 seconds
[2024-02-23T17:20:44.478+0000] {processor.py:161} INFO - Started process (PID=4982) to work on /opt/airflow/dags/process_customers.py
[2024-02-23T17:20:44.479+0000] {processor.py:830} INFO - Processing file /opt/airflow/dags/process_customers.py for tasks to queue
[2024-02-23T17:20:44.481+0000] {logging_mixin.py:188} INFO - [2024-02-23T17:20:44.481+0000] {dagbag.py:538} INFO - Filling up the DagBag from /opt/airflow/dags/process_customers.py
[2024-02-23T17:20:44.529+0000] {processor.py:840} INFO - DAG(s) 'process_customers' retrieved from /opt/airflow/dags/process_customers.py
[2024-02-23T17:20:44.574+0000] {logging_mixin.py:188} INFO - [2024-02-23T17:20:44.573+0000] {dag.py:3033} INFO - Sync 1 DAGs
[2024-02-23T17:20:44.619+0000] {logging_mixin.py:188} INFO - [2024-02-23T17:20:44.619+0000] {dag.py:3820} INFO - Setting next_dagrun for process_customers to 2024-02-22T00:00:00+00:00, run_after=2024-02-23T00:00:00+00:00
[2024-02-23T17:20:44.661+0000] {processor.py:183} INFO - Processing /opt/airflow/dags/process_customers.py took 0.192 seconds
[2024-02-23T17:21:15.274+0000] {processor.py:161} INFO - Started process (PID=5040) to work on /opt/airflow/dags/process_customers.py
[2024-02-23T17:21:15.276+0000] {processor.py:830} INFO - Processing file /opt/airflow/dags/process_customers.py for tasks to queue
[2024-02-23T17:21:15.278+0000] {logging_mixin.py:188} INFO - [2024-02-23T17:21:15.277+0000] {dagbag.py:538} INFO - Filling up the DagBag from /opt/airflow/dags/process_customers.py
[2024-02-23T17:21:15.336+0000] {processor.py:840} INFO - DAG(s) 'process_customers' retrieved from /opt/airflow/dags/process_customers.py
[2024-02-23T17:21:15.411+0000] {logging_mixin.py:188} INFO - [2024-02-23T17:21:15.410+0000] {dag.py:3033} INFO - Sync 1 DAGs
[2024-02-23T17:21:15.471+0000] {logging_mixin.py:188} INFO - [2024-02-23T17:21:15.470+0000] {dag.py:3820} INFO - Setting next_dagrun for process_customers to 2024-02-22T00:00:00+00:00, run_after=2024-02-23T00:00:00+00:00
[2024-02-23T17:21:15.556+0000] {processor.py:183} INFO - Processing /opt/airflow/dags/process_customers.py took 0.294 seconds
[2024-02-23T17:21:45.763+0000] {processor.py:161} INFO - Started process (PID=5096) to work on /opt/airflow/dags/process_customers.py
[2024-02-23T17:21:45.764+0000] {processor.py:830} INFO - Processing file /opt/airflow/dags/process_customers.py for tasks to queue
[2024-02-23T17:21:45.765+0000] {logging_mixin.py:188} INFO - [2024-02-23T17:21:45.765+0000] {dagbag.py:538} INFO - Filling up the DagBag from /opt/airflow/dags/process_customers.py
[2024-02-23T17:21:45.796+0000] {processor.py:840} INFO - DAG(s) 'process_customers' retrieved from /opt/airflow/dags/process_customers.py
[2024-02-23T17:21:45.827+0000] {logging_mixin.py:188} INFO - [2024-02-23T17:21:45.826+0000] {dag.py:3033} INFO - Sync 1 DAGs
[2024-02-23T17:21:45.889+0000] {logging_mixin.py:188} INFO - [2024-02-23T17:21:45.889+0000] {dag.py:3820} INFO - Setting next_dagrun for process_customers to 2024-02-22T00:00:00+00:00, run_after=2024-02-23T00:00:00+00:00
[2024-02-23T17:21:45.918+0000] {processor.py:183} INFO - Processing /opt/airflow/dags/process_customers.py took 0.161 seconds
[2024-02-23T17:22:16.185+0000] {processor.py:161} INFO - Started process (PID=5155) to work on /opt/airflow/dags/process_customers.py
[2024-02-23T17:22:16.187+0000] {processor.py:830} INFO - Processing file /opt/airflow/dags/process_customers.py for tasks to queue
[2024-02-23T17:22:16.189+0000] {logging_mixin.py:188} INFO - [2024-02-23T17:22:16.188+0000] {dagbag.py:538} INFO - Filling up the DagBag from /opt/airflow/dags/process_customers.py
[2024-02-23T17:22:16.224+0000] {processor.py:840} INFO - DAG(s) 'process_customers' retrieved from /opt/airflow/dags/process_customers.py
[2024-02-23T17:22:16.253+0000] {logging_mixin.py:188} INFO - [2024-02-23T17:22:16.253+0000] {dag.py:3033} INFO - Sync 1 DAGs
[2024-02-23T17:22:16.293+0000] {logging_mixin.py:188} INFO - [2024-02-23T17:22:16.293+0000] {dag.py:3820} INFO - Setting next_dagrun for process_customers to 2024-02-22T00:00:00+00:00, run_after=2024-02-23T00:00:00+00:00
[2024-02-23T17:22:16.317+0000] {processor.py:183} INFO - Processing /opt/airflow/dags/process_customers.py took 0.137 seconds
[2024-02-23T17:22:46.402+0000] {processor.py:161} INFO - Started process (PID=5206) to work on /opt/airflow/dags/process_customers.py
[2024-02-23T17:22:46.403+0000] {processor.py:830} INFO - Processing file /opt/airflow/dags/process_customers.py for tasks to queue
[2024-02-23T17:22:46.404+0000] {logging_mixin.py:188} INFO - [2024-02-23T17:22:46.404+0000] {dagbag.py:538} INFO - Filling up the DagBag from /opt/airflow/dags/process_customers.py
[2024-02-23T17:22:46.435+0000] {processor.py:840} INFO - DAG(s) 'process_customers' retrieved from /opt/airflow/dags/process_customers.py
[2024-02-23T17:22:46.461+0000] {logging_mixin.py:188} INFO - [2024-02-23T17:22:46.461+0000] {dag.py:3033} INFO - Sync 1 DAGs
[2024-02-23T17:22:46.502+0000] {logging_mixin.py:188} INFO - [2024-02-23T17:22:46.502+0000] {dag.py:3820} INFO - Setting next_dagrun for process_customers to 2024-02-22T00:00:00+00:00, run_after=2024-02-23T00:00:00+00:00
[2024-02-23T17:22:46.531+0000] {processor.py:183} INFO - Processing /opt/airflow/dags/process_customers.py took 0.133 seconds
[2024-02-23T17:23:16.851+0000] {processor.py:161} INFO - Started process (PID=5262) to work on /opt/airflow/dags/process_customers.py
[2024-02-23T17:23:16.852+0000] {processor.py:830} INFO - Processing file /opt/airflow/dags/process_customers.py for tasks to queue
[2024-02-23T17:23:16.854+0000] {logging_mixin.py:188} INFO - [2024-02-23T17:23:16.853+0000] {dagbag.py:538} INFO - Filling up the DagBag from /opt/airflow/dags/process_customers.py
[2024-02-23T17:23:16.883+0000] {processor.py:840} INFO - DAG(s) 'process_customers' retrieved from /opt/airflow/dags/process_customers.py
[2024-02-23T17:23:16.910+0000] {logging_mixin.py:188} INFO - [2024-02-23T17:23:16.910+0000] {dag.py:3033} INFO - Sync 1 DAGs
[2024-02-23T17:23:16.947+0000] {logging_mixin.py:188} INFO - [2024-02-23T17:23:16.947+0000] {dag.py:3820} INFO - Setting next_dagrun for process_customers to 2024-02-22T00:00:00+00:00, run_after=2024-02-23T00:00:00+00:00
[2024-02-23T17:23:16.977+0000] {processor.py:183} INFO - Processing /opt/airflow/dags/process_customers.py took 0.129 seconds
[2024-02-23T17:23:47.117+0000] {processor.py:161} INFO - Started process (PID=5318) to work on /opt/airflow/dags/process_customers.py
[2024-02-23T17:23:47.119+0000] {processor.py:830} INFO - Processing file /opt/airflow/dags/process_customers.py for tasks to queue
[2024-02-23T17:23:47.120+0000] {logging_mixin.py:188} INFO - [2024-02-23T17:23:47.120+0000] {dagbag.py:538} INFO - Filling up the DagBag from /opt/airflow/dags/process_customers.py
[2024-02-23T17:23:47.148+0000] {processor.py:840} INFO - DAG(s) 'process_customers' retrieved from /opt/airflow/dags/process_customers.py
[2024-02-23T17:23:47.174+0000] {logging_mixin.py:188} INFO - [2024-02-23T17:23:47.174+0000] {dag.py:3033} INFO - Sync 1 DAGs
[2024-02-23T17:23:47.218+0000] {logging_mixin.py:188} INFO - [2024-02-23T17:23:47.218+0000] {dag.py:3820} INFO - Setting next_dagrun for process_customers to 2024-02-22T00:00:00+00:00, run_after=2024-02-23T00:00:00+00:00
[2024-02-23T17:23:47.264+0000] {processor.py:183} INFO - Processing /opt/airflow/dags/process_customers.py took 0.153 seconds
[2024-02-23T17:24:17.354+0000] {processor.py:161} INFO - Started process (PID=5375) to work on /opt/airflow/dags/process_customers.py
[2024-02-23T17:24:17.355+0000] {processor.py:830} INFO - Processing file /opt/airflow/dags/process_customers.py for tasks to queue
[2024-02-23T17:24:17.357+0000] {logging_mixin.py:188} INFO - [2024-02-23T17:24:17.356+0000] {dagbag.py:538} INFO - Filling up the DagBag from /opt/airflow/dags/process_customers.py
[2024-02-23T17:24:17.400+0000] {processor.py:840} INFO - DAG(s) 'process_customers' retrieved from /opt/airflow/dags/process_customers.py
[2024-02-23T17:24:17.437+0000] {logging_mixin.py:188} INFO - [2024-02-23T17:24:17.437+0000] {dag.py:3033} INFO - Sync 1 DAGs
[2024-02-23T17:24:17.475+0000] {logging_mixin.py:188} INFO - [2024-02-23T17:24:17.475+0000] {dag.py:3820} INFO - Setting next_dagrun for process_customers to 2024-02-22T00:00:00+00:00, run_after=2024-02-23T00:00:00+00:00
[2024-02-23T17:24:17.502+0000] {processor.py:183} INFO - Processing /opt/airflow/dags/process_customers.py took 0.153 seconds
[2024-02-23T17:24:47.728+0000] {processor.py:161} INFO - Started process (PID=5432) to work on /opt/airflow/dags/process_customers.py
[2024-02-23T17:24:47.730+0000] {processor.py:830} INFO - Processing file /opt/airflow/dags/process_customers.py for tasks to queue
[2024-02-23T17:24:47.731+0000] {logging_mixin.py:188} INFO - [2024-02-23T17:24:47.731+0000] {dagbag.py:538} INFO - Filling up the DagBag from /opt/airflow/dags/process_customers.py
[2024-02-23T17:24:47.757+0000] {processor.py:840} INFO - DAG(s) 'process_customers' retrieved from /opt/airflow/dags/process_customers.py
[2024-02-23T17:24:47.780+0000] {logging_mixin.py:188} INFO - [2024-02-23T17:24:47.779+0000] {dag.py:3033} INFO - Sync 1 DAGs
[2024-02-23T17:24:47.807+0000] {logging_mixin.py:188} INFO - [2024-02-23T17:24:47.807+0000] {dag.py:3820} INFO - Setting next_dagrun for process_customers to 2024-02-22T00:00:00+00:00, run_after=2024-02-23T00:00:00+00:00
[2024-02-23T17:24:47.869+0000] {processor.py:183} INFO - Processing /opt/airflow/dags/process_customers.py took 0.147 seconds
[2024-02-23T17:25:17.937+0000] {processor.py:161} INFO - Started process (PID=5490) to work on /opt/airflow/dags/process_customers.py
[2024-02-23T17:25:17.939+0000] {processor.py:830} INFO - Processing file /opt/airflow/dags/process_customers.py for tasks to queue
[2024-02-23T17:25:17.941+0000] {logging_mixin.py:188} INFO - [2024-02-23T17:25:17.940+0000] {dagbag.py:538} INFO - Filling up the DagBag from /opt/airflow/dags/process_customers.py
[2024-02-23T17:25:17.977+0000] {processor.py:840} INFO - DAG(s) 'process_customers' retrieved from /opt/airflow/dags/process_customers.py
[2024-02-23T17:25:18.010+0000] {logging_mixin.py:188} INFO - [2024-02-23T17:25:18.010+0000] {dag.py:3033} INFO - Sync 1 DAGs
[2024-02-23T17:25:18.046+0000] {logging_mixin.py:188} INFO - [2024-02-23T17:25:18.046+0000] {dag.py:3820} INFO - Setting next_dagrun for process_customers to 2024-02-22T00:00:00+00:00, run_after=2024-02-23T00:00:00+00:00
[2024-02-23T17:25:18.072+0000] {processor.py:183} INFO - Processing /opt/airflow/dags/process_customers.py took 0.143 seconds
[2024-02-23T17:25:49.034+0000] {processor.py:161} INFO - Started process (PID=5547) to work on /opt/airflow/dags/process_customers.py
[2024-02-23T17:25:49.036+0000] {processor.py:830} INFO - Processing file /opt/airflow/dags/process_customers.py for tasks to queue
[2024-02-23T17:25:49.037+0000] {logging_mixin.py:188} INFO - [2024-02-23T17:25:49.037+0000] {dagbag.py:538} INFO - Filling up the DagBag from /opt/airflow/dags/process_customers.py
[2024-02-23T17:25:49.066+0000] {processor.py:840} INFO - DAG(s) 'process_customers' retrieved from /opt/airflow/dags/process_customers.py
[2024-02-23T17:25:49.093+0000] {logging_mixin.py:188} INFO - [2024-02-23T17:25:49.093+0000] {dag.py:3033} INFO - Sync 1 DAGs
[2024-02-23T17:25:49.127+0000] {logging_mixin.py:188} INFO - [2024-02-23T17:25:49.127+0000] {dag.py:3820} INFO - Setting next_dagrun for process_customers to 2024-02-22T00:00:00+00:00, run_after=2024-02-23T00:00:00+00:00
[2024-02-23T17:25:49.188+0000] {processor.py:183} INFO - Processing /opt/airflow/dags/process_customers.py took 0.159 seconds
[2024-02-23T17:26:19.586+0000] {processor.py:161} INFO - Started process (PID=5604) to work on /opt/airflow/dags/process_customers.py
[2024-02-23T17:26:19.587+0000] {processor.py:830} INFO - Processing file /opt/airflow/dags/process_customers.py for tasks to queue
[2024-02-23T17:26:19.589+0000] {logging_mixin.py:188} INFO - [2024-02-23T17:26:19.589+0000] {dagbag.py:538} INFO - Filling up the DagBag from /opt/airflow/dags/process_customers.py
[2024-02-23T17:26:19.620+0000] {processor.py:840} INFO - DAG(s) 'process_customers' retrieved from /opt/airflow/dags/process_customers.py
[2024-02-23T17:26:19.649+0000] {logging_mixin.py:188} INFO - [2024-02-23T17:26:19.649+0000] {dag.py:3033} INFO - Sync 1 DAGs
[2024-02-23T17:26:19.683+0000] {logging_mixin.py:188} INFO - [2024-02-23T17:26:19.682+0000] {dag.py:3820} INFO - Setting next_dagrun for process_customers to 2024-02-22T00:00:00+00:00, run_after=2024-02-23T00:00:00+00:00
[2024-02-23T17:26:19.709+0000] {processor.py:183} INFO - Processing /opt/airflow/dags/process_customers.py took 0.128 seconds
[2024-02-23T17:26:50.205+0000] {processor.py:161} INFO - Started process (PID=5661) to work on /opt/airflow/dags/process_customers.py
[2024-02-23T17:26:50.207+0000] {processor.py:830} INFO - Processing file /opt/airflow/dags/process_customers.py for tasks to queue
[2024-02-23T17:26:50.210+0000] {logging_mixin.py:188} INFO - [2024-02-23T17:26:50.209+0000] {dagbag.py:538} INFO - Filling up the DagBag from /opt/airflow/dags/process_customers.py
[2024-02-23T17:26:50.254+0000] {processor.py:840} INFO - DAG(s) 'process_customers' retrieved from /opt/airflow/dags/process_customers.py
[2024-02-23T17:26:50.282+0000] {logging_mixin.py:188} INFO - [2024-02-23T17:26:50.282+0000] {dag.py:3033} INFO - Sync 1 DAGs
[2024-02-23T17:26:50.316+0000] {logging_mixin.py:188} INFO - [2024-02-23T17:26:50.316+0000] {dag.py:3820} INFO - Setting next_dagrun for process_customers to 2024-02-22T00:00:00+00:00, run_after=2024-02-23T00:00:00+00:00
[2024-02-23T17:26:50.346+0000] {processor.py:183} INFO - Processing /opt/airflow/dags/process_customers.py took 0.147 seconds
[2024-02-23T17:27:20.787+0000] {processor.py:161} INFO - Started process (PID=5718) to work on /opt/airflow/dags/process_customers.py
[2024-02-23T17:27:20.789+0000] {processor.py:830} INFO - Processing file /opt/airflow/dags/process_customers.py for tasks to queue
[2024-02-23T17:27:20.790+0000] {logging_mixin.py:188} INFO - [2024-02-23T17:27:20.790+0000] {dagbag.py:538} INFO - Filling up the DagBag from /opt/airflow/dags/process_customers.py
[2024-02-23T17:27:20.818+0000] {processor.py:840} INFO - DAG(s) 'process_customers' retrieved from /opt/airflow/dags/process_customers.py
[2024-02-23T17:27:20.844+0000] {logging_mixin.py:188} INFO - [2024-02-23T17:27:20.844+0000] {dag.py:3033} INFO - Sync 1 DAGs
[2024-02-23T17:27:20.874+0000] {logging_mixin.py:188} INFO - [2024-02-23T17:27:20.874+0000] {dag.py:3820} INFO - Setting next_dagrun for process_customers to 2024-02-22T00:00:00+00:00, run_after=2024-02-23T00:00:00+00:00
[2024-02-23T17:27:20.904+0000] {processor.py:183} INFO - Processing /opt/airflow/dags/process_customers.py took 0.121 seconds
[2024-02-23T17:27:51.742+0000] {processor.py:161} INFO - Started process (PID=5775) to work on /opt/airflow/dags/process_customers.py
[2024-02-23T17:27:51.744+0000] {processor.py:830} INFO - Processing file /opt/airflow/dags/process_customers.py for tasks to queue
[2024-02-23T17:27:51.745+0000] {logging_mixin.py:188} INFO - [2024-02-23T17:27:51.745+0000] {dagbag.py:538} INFO - Filling up the DagBag from /opt/airflow/dags/process_customers.py
[2024-02-23T17:27:51.785+0000] {processor.py:840} INFO - DAG(s) 'process_customers' retrieved from /opt/airflow/dags/process_customers.py
[2024-02-23T17:27:51.820+0000] {logging_mixin.py:188} INFO - [2024-02-23T17:27:51.819+0000] {dag.py:3033} INFO - Sync 1 DAGs
[2024-02-23T17:27:51.855+0000] {logging_mixin.py:188} INFO - [2024-02-23T17:27:51.855+0000] {dag.py:3820} INFO - Setting next_dagrun for process_customers to 2024-02-22T00:00:00+00:00, run_after=2024-02-23T00:00:00+00:00
[2024-02-23T17:27:51.922+0000] {processor.py:183} INFO - Processing /opt/airflow/dags/process_customers.py took 0.185 seconds
[2024-02-23T17:28:22.328+0000] {processor.py:161} INFO - Started process (PID=5832) to work on /opt/airflow/dags/process_customers.py
[2024-02-23T17:28:22.329+0000] {processor.py:830} INFO - Processing file /opt/airflow/dags/process_customers.py for tasks to queue
[2024-02-23T17:28:22.330+0000] {logging_mixin.py:188} INFO - [2024-02-23T17:28:22.330+0000] {dagbag.py:538} INFO - Filling up the DagBag from /opt/airflow/dags/process_customers.py
[2024-02-23T17:28:22.363+0000] {processor.py:840} INFO - DAG(s) 'process_customers' retrieved from /opt/airflow/dags/process_customers.py
[2024-02-23T17:28:22.390+0000] {logging_mixin.py:188} INFO - [2024-02-23T17:28:22.390+0000] {dag.py:3033} INFO - Sync 1 DAGs
[2024-02-23T17:28:22.422+0000] {logging_mixin.py:188} INFO - [2024-02-23T17:28:22.421+0000] {dag.py:3820} INFO - Setting next_dagrun for process_customers to 2024-02-22T00:00:00+00:00, run_after=2024-02-23T00:00:00+00:00
[2024-02-23T17:28:22.481+0000] {processor.py:183} INFO - Processing /opt/airflow/dags/process_customers.py took 0.157 seconds
[2024-02-23T17:28:53.032+0000] {processor.py:161} INFO - Started process (PID=5889) to work on /opt/airflow/dags/process_customers.py
[2024-02-23T17:28:53.034+0000] {processor.py:830} INFO - Processing file /opt/airflow/dags/process_customers.py for tasks to queue
[2024-02-23T17:28:53.035+0000] {logging_mixin.py:188} INFO - [2024-02-23T17:28:53.035+0000] {dagbag.py:538} INFO - Filling up the DagBag from /opt/airflow/dags/process_customers.py
[2024-02-23T17:28:53.063+0000] {processor.py:840} INFO - DAG(s) 'process_customers' retrieved from /opt/airflow/dags/process_customers.py
[2024-02-23T17:28:53.091+0000] {logging_mixin.py:188} INFO - [2024-02-23T17:28:53.091+0000] {dag.py:3033} INFO - Sync 1 DAGs
[2024-02-23T17:28:53.123+0000] {logging_mixin.py:188} INFO - [2024-02-23T17:28:53.122+0000] {dag.py:3820} INFO - Setting next_dagrun for process_customers to 2024-02-22T00:00:00+00:00, run_after=2024-02-23T00:00:00+00:00
[2024-02-23T17:28:53.149+0000] {processor.py:183} INFO - Processing /opt/airflow/dags/process_customers.py took 0.122 seconds
[2024-02-23T17:29:23.792+0000] {processor.py:161} INFO - Started process (PID=5946) to work on /opt/airflow/dags/process_customers.py
[2024-02-23T17:29:23.794+0000] {processor.py:830} INFO - Processing file /opt/airflow/dags/process_customers.py for tasks to queue
[2024-02-23T17:29:23.797+0000] {logging_mixin.py:188} INFO - [2024-02-23T17:29:23.796+0000] {dagbag.py:538} INFO - Filling up the DagBag from /opt/airflow/dags/process_customers.py
[2024-02-23T17:29:23.841+0000] {processor.py:840} INFO - DAG(s) 'process_customers' retrieved from /opt/airflow/dags/process_customers.py
[2024-02-23T17:29:23.871+0000] {logging_mixin.py:188} INFO - [2024-02-23T17:29:23.871+0000] {dag.py:3033} INFO - Sync 1 DAGs
[2024-02-23T17:29:23.904+0000] {logging_mixin.py:188} INFO - [2024-02-23T17:29:23.903+0000] {dag.py:3820} INFO - Setting next_dagrun for process_customers to 2024-02-22T00:00:00+00:00, run_after=2024-02-23T00:00:00+00:00
[2024-02-23T17:29:23.942+0000] {processor.py:183} INFO - Processing /opt/airflow/dags/process_customers.py took 0.155 seconds
[2024-02-23T17:29:54.124+0000] {processor.py:161} INFO - Started process (PID=6003) to work on /opt/airflow/dags/process_customers.py
[2024-02-23T17:29:54.126+0000] {processor.py:830} INFO - Processing file /opt/airflow/dags/process_customers.py for tasks to queue
[2024-02-23T17:29:54.127+0000] {logging_mixin.py:188} INFO - [2024-02-23T17:29:54.127+0000] {dagbag.py:538} INFO - Filling up the DagBag from /opt/airflow/dags/process_customers.py
[2024-02-23T17:29:54.158+0000] {processor.py:840} INFO - DAG(s) 'process_customers' retrieved from /opt/airflow/dags/process_customers.py
[2024-02-23T17:29:54.184+0000] {logging_mixin.py:188} INFO - [2024-02-23T17:29:54.183+0000] {dag.py:3033} INFO - Sync 1 DAGs
[2024-02-23T17:29:54.213+0000] {logging_mixin.py:188} INFO - [2024-02-23T17:29:54.213+0000] {dag.py:3820} INFO - Setting next_dagrun for process_customers to 2024-02-22T00:00:00+00:00, run_after=2024-02-23T00:00:00+00:00
[2024-02-23T17:29:54.254+0000] {processor.py:183} INFO - Processing /opt/airflow/dags/process_customers.py took 0.135 seconds
[2024-02-23T17:30:24.494+0000] {processor.py:161} INFO - Started process (PID=6060) to work on /opt/airflow/dags/process_customers.py
[2024-02-23T17:30:24.495+0000] {processor.py:830} INFO - Processing file /opt/airflow/dags/process_customers.py for tasks to queue
[2024-02-23T17:30:24.497+0000] {logging_mixin.py:188} INFO - [2024-02-23T17:30:24.496+0000] {dagbag.py:538} INFO - Filling up the DagBag from /opt/airflow/dags/process_customers.py
[2024-02-23T17:30:24.534+0000] {processor.py:840} INFO - DAG(s) 'process_customers' retrieved from /opt/airflow/dags/process_customers.py
[2024-02-23T17:30:24.562+0000] {logging_mixin.py:188} INFO - [2024-02-23T17:30:24.562+0000] {dag.py:3033} INFO - Sync 1 DAGs
[2024-02-23T17:30:24.594+0000] {logging_mixin.py:188} INFO - [2024-02-23T17:30:24.594+0000] {dag.py:3820} INFO - Setting next_dagrun for process_customers to 2024-02-22T00:00:00+00:00, run_after=2024-02-23T00:00:00+00:00
[2024-02-23T17:30:24.620+0000] {processor.py:183} INFO - Processing /opt/airflow/dags/process_customers.py took 0.131 seconds
[2024-02-23T17:30:54.775+0000] {processor.py:161} INFO - Started process (PID=6117) to work on /opt/airflow/dags/process_customers.py
[2024-02-23T17:30:54.776+0000] {processor.py:830} INFO - Processing file /opt/airflow/dags/process_customers.py for tasks to queue
[2024-02-23T17:30:54.778+0000] {logging_mixin.py:188} INFO - [2024-02-23T17:30:54.777+0000] {dagbag.py:538} INFO - Filling up the DagBag from /opt/airflow/dags/process_customers.py
[2024-02-23T17:30:54.807+0000] {processor.py:840} INFO - DAG(s) 'process_customers' retrieved from /opt/airflow/dags/process_customers.py
[2024-02-23T17:30:54.834+0000] {logging_mixin.py:188} INFO - [2024-02-23T17:30:54.833+0000] {dag.py:3033} INFO - Sync 1 DAGs
[2024-02-23T17:30:54.864+0000] {logging_mixin.py:188} INFO - [2024-02-23T17:30:54.864+0000] {dag.py:3820} INFO - Setting next_dagrun for process_customers to 2024-02-22T00:00:00+00:00, run_after=2024-02-23T00:00:00+00:00
[2024-02-23T17:30:54.925+0000] {processor.py:183} INFO - Processing /opt/airflow/dags/process_customers.py took 0.156 seconds
[2024-02-23T17:31:25.403+0000] {processor.py:161} INFO - Started process (PID=6174) to work on /opt/airflow/dags/process_customers.py
[2024-02-23T17:31:25.404+0000] {processor.py:830} INFO - Processing file /opt/airflow/dags/process_customers.py for tasks to queue
[2024-02-23T17:31:25.406+0000] {logging_mixin.py:188} INFO - [2024-02-23T17:31:25.406+0000] {dagbag.py:538} INFO - Filling up the DagBag from /opt/airflow/dags/process_customers.py
[2024-02-23T17:31:25.438+0000] {processor.py:840} INFO - DAG(s) 'process_customers' retrieved from /opt/airflow/dags/process_customers.py
[2024-02-23T17:31:25.465+0000] {logging_mixin.py:188} INFO - [2024-02-23T17:31:25.465+0000] {dag.py:3033} INFO - Sync 1 DAGs
[2024-02-23T17:31:25.496+0000] {logging_mixin.py:188} INFO - [2024-02-23T17:31:25.496+0000] {dag.py:3820} INFO - Setting next_dagrun for process_customers to 2024-02-22T00:00:00+00:00, run_after=2024-02-23T00:00:00+00:00
[2024-02-23T17:31:25.559+0000] {processor.py:183} INFO - Processing /opt/airflow/dags/process_customers.py took 0.161 seconds
[2024-02-23T17:31:56.338+0000] {processor.py:161} INFO - Started process (PID=6231) to work on /opt/airflow/dags/process_customers.py
[2024-02-23T17:31:56.340+0000] {processor.py:830} INFO - Processing file /opt/airflow/dags/process_customers.py for tasks to queue
[2024-02-23T17:31:56.341+0000] {logging_mixin.py:188} INFO - [2024-02-23T17:31:56.341+0000] {dagbag.py:538} INFO - Filling up the DagBag from /opt/airflow/dags/process_customers.py
[2024-02-23T17:31:56.371+0000] {processor.py:840} INFO - DAG(s) 'process_customers' retrieved from /opt/airflow/dags/process_customers.py
[2024-02-23T17:31:56.420+0000] {logging_mixin.py:188} INFO - [2024-02-23T17:31:56.420+0000] {dag.py:3033} INFO - Sync 1 DAGs
[2024-02-23T17:31:56.448+0000] {logging_mixin.py:188} INFO - [2024-02-23T17:31:56.447+0000] {dag.py:3820} INFO - Setting next_dagrun for process_customers to 2024-02-22T00:00:00+00:00, run_after=2024-02-23T00:00:00+00:00
[2024-02-23T17:31:56.472+0000] {processor.py:183} INFO - Processing /opt/airflow/dags/process_customers.py took 0.139 seconds
[2024-02-23T17:32:27.227+0000] {processor.py:161} INFO - Started process (PID=6288) to work on /opt/airflow/dags/process_customers.py
[2024-02-23T17:32:27.229+0000] {processor.py:830} INFO - Processing file /opt/airflow/dags/process_customers.py for tasks to queue
[2024-02-23T17:32:27.230+0000] {logging_mixin.py:188} INFO - [2024-02-23T17:32:27.230+0000] {dagbag.py:538} INFO - Filling up the DagBag from /opt/airflow/dags/process_customers.py
[2024-02-23T17:32:27.258+0000] {processor.py:840} INFO - DAG(s) 'process_customers' retrieved from /opt/airflow/dags/process_customers.py
[2024-02-23T17:32:27.283+0000] {logging_mixin.py:188} INFO - [2024-02-23T17:32:27.283+0000] {dag.py:3033} INFO - Sync 1 DAGs
[2024-02-23T17:32:27.314+0000] {logging_mixin.py:188} INFO - [2024-02-23T17:32:27.314+0000] {dag.py:3820} INFO - Setting next_dagrun for process_customers to 2024-02-22T00:00:00+00:00, run_after=2024-02-23T00:00:00+00:00
[2024-02-23T17:32:27.339+0000] {processor.py:183} INFO - Processing /opt/airflow/dags/process_customers.py took 0.115 seconds
[2024-02-23T17:32:57.618+0000] {processor.py:161} INFO - Started process (PID=6345) to work on /opt/airflow/dags/process_customers.py
[2024-02-23T17:32:57.620+0000] {processor.py:830} INFO - Processing file /opt/airflow/dags/process_customers.py for tasks to queue
[2024-02-23T17:32:57.622+0000] {logging_mixin.py:188} INFO - [2024-02-23T17:32:57.621+0000] {dagbag.py:538} INFO - Filling up the DagBag from /opt/airflow/dags/process_customers.py
[2024-02-23T17:32:57.654+0000] {processor.py:840} INFO - DAG(s) 'process_customers' retrieved from /opt/airflow/dags/process_customers.py
[2024-02-23T17:32:57.682+0000] {logging_mixin.py:188} INFO - [2024-02-23T17:32:57.682+0000] {dag.py:3033} INFO - Sync 1 DAGs
[2024-02-23T17:32:57.715+0000] {logging_mixin.py:188} INFO - [2024-02-23T17:32:57.715+0000] {dag.py:3820} INFO - Setting next_dagrun for process_customers to 2024-02-22T00:00:00+00:00, run_after=2024-02-23T00:00:00+00:00
[2024-02-23T17:32:57.779+0000] {processor.py:183} INFO - Processing /opt/airflow/dags/process_customers.py took 0.167 seconds
[2024-02-23T17:33:28.125+0000] {processor.py:161} INFO - Started process (PID=6402) to work on /opt/airflow/dags/process_customers.py
[2024-02-23T17:33:28.126+0000] {processor.py:830} INFO - Processing file /opt/airflow/dags/process_customers.py for tasks to queue
[2024-02-23T17:33:28.128+0000] {logging_mixin.py:188} INFO - [2024-02-23T17:33:28.127+0000] {dagbag.py:538} INFO - Filling up the DagBag from /opt/airflow/dags/process_customers.py
[2024-02-23T17:33:28.159+0000] {processor.py:840} INFO - DAG(s) 'process_customers' retrieved from /opt/airflow/dags/process_customers.py
[2024-02-23T17:33:28.184+0000] {logging_mixin.py:188} INFO - [2024-02-23T17:33:28.184+0000] {dag.py:3033} INFO - Sync 1 DAGs
[2024-02-23T17:33:28.215+0000] {logging_mixin.py:188} INFO - [2024-02-23T17:33:28.215+0000] {dag.py:3820} INFO - Setting next_dagrun for process_customers to 2024-02-22T00:00:00+00:00, run_after=2024-02-23T00:00:00+00:00
[2024-02-23T17:33:28.240+0000] {processor.py:183} INFO - Processing /opt/airflow/dags/process_customers.py took 0.120 seconds
[2024-02-23T17:33:58.616+0000] {processor.py:161} INFO - Started process (PID=6459) to work on /opt/airflow/dags/process_customers.py
[2024-02-23T17:33:58.618+0000] {processor.py:830} INFO - Processing file /opt/airflow/dags/process_customers.py for tasks to queue
[2024-02-23T17:33:58.619+0000] {logging_mixin.py:188} INFO - [2024-02-23T17:33:58.619+0000] {dagbag.py:538} INFO - Filling up the DagBag from /opt/airflow/dags/process_customers.py
[2024-02-23T17:33:58.652+0000] {processor.py:840} INFO - DAG(s) 'process_customers' retrieved from /opt/airflow/dags/process_customers.py
[2024-02-23T17:33:58.676+0000] {logging_mixin.py:188} INFO - [2024-02-23T17:33:58.676+0000] {dag.py:3033} INFO - Sync 1 DAGs
[2024-02-23T17:33:58.709+0000] {logging_mixin.py:188} INFO - [2024-02-23T17:33:58.709+0000] {dag.py:3820} INFO - Setting next_dagrun for process_customers to 2024-02-22T00:00:00+00:00, run_after=2024-02-23T00:00:00+00:00
[2024-02-23T17:33:58.768+0000] {processor.py:183} INFO - Processing /opt/airflow/dags/process_customers.py took 0.155 seconds
[2024-02-23T17:34:29.568+0000] {processor.py:161} INFO - Started process (PID=6517) to work on /opt/airflow/dags/process_customers.py
[2024-02-23T17:34:29.569+0000] {processor.py:830} INFO - Processing file /opt/airflow/dags/process_customers.py for tasks to queue
[2024-02-23T17:34:29.571+0000] {logging_mixin.py:188} INFO - [2024-02-23T17:34:29.570+0000] {dagbag.py:538} INFO - Filling up the DagBag from /opt/airflow/dags/process_customers.py
[2024-02-23T17:34:29.602+0000] {processor.py:840} INFO - DAG(s) 'process_customers' retrieved from /opt/airflow/dags/process_customers.py
[2024-02-23T17:34:29.632+0000] {logging_mixin.py:188} INFO - [2024-02-23T17:34:29.632+0000] {dag.py:3033} INFO - Sync 1 DAGs
[2024-02-23T17:34:29.670+0000] {logging_mixin.py:188} INFO - [2024-02-23T17:34:29.670+0000] {dag.py:3820} INFO - Setting next_dagrun for process_customers to 2024-02-22T00:00:00+00:00, run_after=2024-02-23T00:00:00+00:00
[2024-02-23T17:34:29.725+0000] {processor.py:183} INFO - Processing /opt/airflow/dags/process_customers.py took 0.162 seconds
[2024-02-23T17:34:59.951+0000] {processor.py:161} INFO - Started process (PID=6574) to work on /opt/airflow/dags/process_customers.py
[2024-02-23T17:34:59.952+0000] {processor.py:830} INFO - Processing file /opt/airflow/dags/process_customers.py for tasks to queue
[2024-02-23T17:34:59.953+0000] {logging_mixin.py:188} INFO - [2024-02-23T17:34:59.953+0000] {dagbag.py:538} INFO - Filling up the DagBag from /opt/airflow/dags/process_customers.py
[2024-02-23T17:34:59.984+0000] {processor.py:840} INFO - DAG(s) 'process_customers' retrieved from /opt/airflow/dags/process_customers.py
[2024-02-23T17:35:00.010+0000] {logging_mixin.py:188} INFO - [2024-02-23T17:35:00.010+0000] {dag.py:3033} INFO - Sync 1 DAGs
[2024-02-23T17:35:00.045+0000] {logging_mixin.py:188} INFO - [2024-02-23T17:35:00.045+0000] {dag.py:3820} INFO - Setting next_dagrun for process_customers to 2024-02-22T00:00:00+00:00, run_after=2024-02-23T00:00:00+00:00
[2024-02-23T17:35:00.107+0000] {processor.py:183} INFO - Processing /opt/airflow/dags/process_customers.py took 0.162 seconds
[2024-02-23T17:35:30.277+0000] {processor.py:161} INFO - Started process (PID=6631) to work on /opt/airflow/dags/process_customers.py
[2024-02-23T17:35:30.279+0000] {processor.py:830} INFO - Processing file /opt/airflow/dags/process_customers.py for tasks to queue
[2024-02-23T17:35:30.280+0000] {logging_mixin.py:188} INFO - [2024-02-23T17:35:30.280+0000] {dagbag.py:538} INFO - Filling up the DagBag from /opt/airflow/dags/process_customers.py
[2024-02-23T17:35:30.311+0000] {processor.py:840} INFO - DAG(s) 'process_customers' retrieved from /opt/airflow/dags/process_customers.py
[2024-02-23T17:35:30.337+0000] {logging_mixin.py:188} INFO - [2024-02-23T17:35:30.337+0000] {dag.py:3033} INFO - Sync 1 DAGs
[2024-02-23T17:35:30.370+0000] {logging_mixin.py:188} INFO - [2024-02-23T17:35:30.369+0000] {dag.py:3820} INFO - Setting next_dagrun for process_customers to 2024-02-22T00:00:00+00:00, run_after=2024-02-23T00:00:00+00:00
[2024-02-23T17:35:30.397+0000] {processor.py:183} INFO - Processing /opt/airflow/dags/process_customers.py took 0.125 seconds
[2024-02-23T17:36:00.554+0000] {processor.py:161} INFO - Started process (PID=6688) to work on /opt/airflow/dags/process_customers.py
[2024-02-23T17:36:00.556+0000] {processor.py:830} INFO - Processing file /opt/airflow/dags/process_customers.py for tasks to queue
[2024-02-23T17:36:00.557+0000] {logging_mixin.py:188} INFO - [2024-02-23T17:36:00.557+0000] {dagbag.py:538} INFO - Filling up the DagBag from /opt/airflow/dags/process_customers.py
[2024-02-23T17:36:00.589+0000] {processor.py:840} INFO - DAG(s) 'process_customers' retrieved from /opt/airflow/dags/process_customers.py
[2024-02-23T17:36:00.614+0000] {logging_mixin.py:188} INFO - [2024-02-23T17:36:00.614+0000] {dag.py:3033} INFO - Sync 1 DAGs
[2024-02-23T17:36:00.644+0000] {logging_mixin.py:188} INFO - [2024-02-23T17:36:00.644+0000] {dag.py:3820} INFO - Setting next_dagrun for process_customers to 2024-02-22T00:00:00+00:00, run_after=2024-02-23T00:00:00+00:00
[2024-02-23T17:36:00.703+0000] {processor.py:183} INFO - Processing /opt/airflow/dags/process_customers.py took 0.155 seconds
[2024-02-23T17:36:31.410+0000] {processor.py:161} INFO - Started process (PID=6744) to work on /opt/airflow/dags/process_customers.py
[2024-02-23T17:36:31.412+0000] {processor.py:830} INFO - Processing file /opt/airflow/dags/process_customers.py for tasks to queue
[2024-02-23T17:36:31.413+0000] {logging_mixin.py:188} INFO - [2024-02-23T17:36:31.413+0000] {dagbag.py:538} INFO - Filling up the DagBag from /opt/airflow/dags/process_customers.py
[2024-02-23T17:36:31.441+0000] {processor.py:840} INFO - DAG(s) 'process_customers' retrieved from /opt/airflow/dags/process_customers.py
[2024-02-23T17:36:31.467+0000] {logging_mixin.py:188} INFO - [2024-02-23T17:36:31.466+0000] {dag.py:3033} INFO - Sync 1 DAGs
[2024-02-23T17:36:31.497+0000] {logging_mixin.py:188} INFO - [2024-02-23T17:36:31.497+0000] {dag.py:3820} INFO - Setting next_dagrun for process_customers to 2024-02-22T00:00:00+00:00, run_after=2024-02-23T00:00:00+00:00
[2024-02-23T17:36:31.525+0000] {processor.py:183} INFO - Processing /opt/airflow/dags/process_customers.py took 0.119 seconds
[2024-02-23T17:37:02.243+0000] {processor.py:161} INFO - Started process (PID=6801) to work on /opt/airflow/dags/process_customers.py
[2024-02-23T17:37:02.244+0000] {processor.py:830} INFO - Processing file /opt/airflow/dags/process_customers.py for tasks to queue
[2024-02-23T17:37:02.246+0000] {logging_mixin.py:188} INFO - [2024-02-23T17:37:02.245+0000] {dagbag.py:538} INFO - Filling up the DagBag from /opt/airflow/dags/process_customers.py
[2024-02-23T17:37:02.273+0000] {processor.py:840} INFO - DAG(s) 'process_customers' retrieved from /opt/airflow/dags/process_customers.py
[2024-02-23T17:37:02.298+0000] {logging_mixin.py:188} INFO - [2024-02-23T17:37:02.298+0000] {dag.py:3033} INFO - Sync 1 DAGs
[2024-02-23T17:37:02.328+0000] {logging_mixin.py:188} INFO - [2024-02-23T17:37:02.328+0000] {dag.py:3820} INFO - Setting next_dagrun for process_customers to 2024-02-22T00:00:00+00:00, run_after=2024-02-23T00:00:00+00:00
[2024-02-23T17:37:02.390+0000] {processor.py:183} INFO - Processing /opt/airflow/dags/process_customers.py took 0.151 seconds
[2024-02-23T17:37:32.448+0000] {processor.py:161} INFO - Started process (PID=6858) to work on /opt/airflow/dags/process_customers.py
[2024-02-23T17:37:32.450+0000] {processor.py:830} INFO - Processing file /opt/airflow/dags/process_customers.py for tasks to queue
[2024-02-23T17:37:32.451+0000] {logging_mixin.py:188} INFO - [2024-02-23T17:37:32.451+0000] {dagbag.py:538} INFO - Filling up the DagBag from /opt/airflow/dags/process_customers.py
[2024-02-23T17:37:32.485+0000] {processor.py:840} INFO - DAG(s) 'process_customers' retrieved from /opt/airflow/dags/process_customers.py
[2024-02-23T17:37:32.510+0000] {logging_mixin.py:188} INFO - [2024-02-23T17:37:32.510+0000] {dag.py:3033} INFO - Sync 1 DAGs
[2024-02-23T17:37:32.543+0000] {logging_mixin.py:188} INFO - [2024-02-23T17:37:32.543+0000] {dag.py:3820} INFO - Setting next_dagrun for process_customers to 2024-02-22T00:00:00+00:00, run_after=2024-02-23T00:00:00+00:00
[2024-02-23T17:37:32.601+0000] {processor.py:183} INFO - Processing /opt/airflow/dags/process_customers.py took 0.157 seconds
[2024-02-23T17:38:03.495+0000] {processor.py:161} INFO - Started process (PID=6915) to work on /opt/airflow/dags/process_customers.py
[2024-02-23T17:38:03.496+0000] {processor.py:830} INFO - Processing file /opt/airflow/dags/process_customers.py for tasks to queue
[2024-02-23T17:38:03.497+0000] {logging_mixin.py:188} INFO - [2024-02-23T17:38:03.497+0000] {dagbag.py:538} INFO - Filling up the DagBag from /opt/airflow/dags/process_customers.py
[2024-02-23T17:38:03.529+0000] {processor.py:840} INFO - DAG(s) 'process_customers' retrieved from /opt/airflow/dags/process_customers.py
[2024-02-23T17:38:03.553+0000] {logging_mixin.py:188} INFO - [2024-02-23T17:38:03.553+0000] {dag.py:3033} INFO - Sync 1 DAGs
[2024-02-23T17:38:03.581+0000] {logging_mixin.py:188} INFO - [2024-02-23T17:38:03.580+0000] {dag.py:3820} INFO - Setting next_dagrun for process_customers to 2024-02-22T00:00:00+00:00, run_after=2024-02-23T00:00:00+00:00
[2024-02-23T17:38:03.640+0000] {processor.py:183} INFO - Processing /opt/airflow/dags/process_customers.py took 0.149 seconds
[2024-02-23T17:38:33.775+0000] {processor.py:161} INFO - Started process (PID=6972) to work on /opt/airflow/dags/process_customers.py
[2024-02-23T17:38:33.777+0000] {processor.py:830} INFO - Processing file /opt/airflow/dags/process_customers.py for tasks to queue
[2024-02-23T17:38:33.778+0000] {logging_mixin.py:188} INFO - [2024-02-23T17:38:33.777+0000] {dagbag.py:538} INFO - Filling up the DagBag from /opt/airflow/dags/process_customers.py
[2024-02-23T17:38:33.810+0000] {processor.py:840} INFO - DAG(s) 'process_customers' retrieved from /opt/airflow/dags/process_customers.py
[2024-02-23T17:38:33.840+0000] {logging_mixin.py:188} INFO - [2024-02-23T17:38:33.840+0000] {dag.py:3033} INFO - Sync 1 DAGs
[2024-02-23T17:38:33.880+0000] {logging_mixin.py:188} INFO - [2024-02-23T17:38:33.879+0000] {dag.py:3820} INFO - Setting next_dagrun for process_customers to 2024-02-22T00:00:00+00:00, run_after=2024-02-23T00:00:00+00:00
[2024-02-23T17:38:33.906+0000] {processor.py:183} INFO - Processing /opt/airflow/dags/process_customers.py took 0.137 seconds
[2024-02-23T17:39:04.341+0000] {processor.py:161} INFO - Started process (PID=7029) to work on /opt/airflow/dags/process_customers.py
[2024-02-23T17:39:04.343+0000] {processor.py:830} INFO - Processing file /opt/airflow/dags/process_customers.py for tasks to queue
[2024-02-23T17:39:04.344+0000] {logging_mixin.py:188} INFO - [2024-02-23T17:39:04.344+0000] {dagbag.py:538} INFO - Filling up the DagBag from /opt/airflow/dags/process_customers.py
[2024-02-23T17:39:04.374+0000] {processor.py:840} INFO - DAG(s) 'process_customers' retrieved from /opt/airflow/dags/process_customers.py
[2024-02-23T17:39:04.401+0000] {logging_mixin.py:188} INFO - [2024-02-23T17:39:04.401+0000] {dag.py:3033} INFO - Sync 1 DAGs
[2024-02-23T17:39:04.432+0000] {logging_mixin.py:188} INFO - [2024-02-23T17:39:04.432+0000] {dag.py:3820} INFO - Setting next_dagrun for process_customers to 2024-02-22T00:00:00+00:00, run_after=2024-02-23T00:00:00+00:00
[2024-02-23T17:39:04.460+0000] {processor.py:183} INFO - Processing /opt/airflow/dags/process_customers.py took 0.123 seconds
[2024-02-23T17:39:34.944+0000] {processor.py:161} INFO - Started process (PID=7086) to work on /opt/airflow/dags/process_customers.py
[2024-02-23T17:39:34.945+0000] {processor.py:830} INFO - Processing file /opt/airflow/dags/process_customers.py for tasks to queue
[2024-02-23T17:39:34.946+0000] {logging_mixin.py:188} INFO - [2024-02-23T17:39:34.946+0000] {dagbag.py:538} INFO - Filling up the DagBag from /opt/airflow/dags/process_customers.py
[2024-02-23T17:39:34.975+0000] {processor.py:840} INFO - DAG(s) 'process_customers' retrieved from /opt/airflow/dags/process_customers.py
[2024-02-23T17:39:35.010+0000] {logging_mixin.py:188} INFO - [2024-02-23T17:39:35.010+0000] {dag.py:3033} INFO - Sync 1 DAGs
[2024-02-23T17:39:35.047+0000] {logging_mixin.py:188} INFO - [2024-02-23T17:39:35.046+0000] {dag.py:3820} INFO - Setting next_dagrun for process_customers to 2024-02-22T00:00:00+00:00, run_after=2024-02-23T00:00:00+00:00
[2024-02-23T17:39:35.074+0000] {processor.py:183} INFO - Processing /opt/airflow/dags/process_customers.py took 0.134 seconds
[2024-02-23T17:40:05.363+0000] {processor.py:161} INFO - Started process (PID=7143) to work on /opt/airflow/dags/process_customers.py
[2024-02-23T17:40:05.365+0000] {processor.py:830} INFO - Processing file /opt/airflow/dags/process_customers.py for tasks to queue
[2024-02-23T17:40:05.366+0000] {logging_mixin.py:188} INFO - [2024-02-23T17:40:05.366+0000] {dagbag.py:538} INFO - Filling up the DagBag from /opt/airflow/dags/process_customers.py
[2024-02-23T17:40:05.398+0000] {processor.py:840} INFO - DAG(s) 'process_customers' retrieved from /opt/airflow/dags/process_customers.py
[2024-02-23T17:40:05.424+0000] {logging_mixin.py:188} INFO - [2024-02-23T17:40:05.424+0000] {dag.py:3033} INFO - Sync 1 DAGs
[2024-02-23T17:40:05.470+0000] {logging_mixin.py:188} INFO - [2024-02-23T17:40:05.470+0000] {dag.py:3820} INFO - Setting next_dagrun for process_customers to 2024-02-22T00:00:00+00:00, run_after=2024-02-23T00:00:00+00:00
[2024-02-23T17:40:05.538+0000] {processor.py:183} INFO - Processing /opt/airflow/dags/process_customers.py took 0.179 seconds
[2024-02-23T17:40:35.785+0000] {processor.py:161} INFO - Started process (PID=7200) to work on /opt/airflow/dags/process_customers.py
[2024-02-23T17:40:35.786+0000] {processor.py:830} INFO - Processing file /opt/airflow/dags/process_customers.py for tasks to queue
[2024-02-23T17:40:35.788+0000] {logging_mixin.py:188} INFO - [2024-02-23T17:40:35.787+0000] {dagbag.py:538} INFO - Filling up the DagBag from /opt/airflow/dags/process_customers.py
[2024-02-23T17:40:35.816+0000] {processor.py:840} INFO - DAG(s) 'process_customers' retrieved from /opt/airflow/dags/process_customers.py
[2024-02-23T17:40:35.842+0000] {logging_mixin.py:188} INFO - [2024-02-23T17:40:35.842+0000] {dag.py:3033} INFO - Sync 1 DAGs
[2024-02-23T17:40:35.870+0000] {logging_mixin.py:188} INFO - [2024-02-23T17:40:35.869+0000] {dag.py:3820} INFO - Setting next_dagrun for process_customers to 2024-02-22T00:00:00+00:00, run_after=2024-02-23T00:00:00+00:00
[2024-02-23T17:40:35.935+0000] {processor.py:183} INFO - Processing /opt/airflow/dags/process_customers.py took 0.154 seconds
[2024-02-23T17:41:06.324+0000] {processor.py:161} INFO - Started process (PID=7257) to work on /opt/airflow/dags/process_customers.py
[2024-02-23T17:41:06.325+0000] {processor.py:830} INFO - Processing file /opt/airflow/dags/process_customers.py for tasks to queue
[2024-02-23T17:41:06.326+0000] {logging_mixin.py:188} INFO - [2024-02-23T17:41:06.326+0000] {dagbag.py:538} INFO - Filling up the DagBag from /opt/airflow/dags/process_customers.py
[2024-02-23T17:41:06.355+0000] {processor.py:840} INFO - DAG(s) 'process_customers' retrieved from /opt/airflow/dags/process_customers.py
[2024-02-23T17:41:06.380+0000] {logging_mixin.py:188} INFO - [2024-02-23T17:41:06.380+0000] {dag.py:3033} INFO - Sync 1 DAGs
[2024-02-23T17:41:06.414+0000] {logging_mixin.py:188} INFO - [2024-02-23T17:41:06.413+0000] {dag.py:3820} INFO - Setting next_dagrun for process_customers to 2024-02-22T00:00:00+00:00, run_after=2024-02-23T00:00:00+00:00
[2024-02-23T17:41:06.450+0000] {processor.py:183} INFO - Processing /opt/airflow/dags/process_customers.py took 0.131 seconds
[2024-02-23T17:41:36.803+0000] {processor.py:161} INFO - Started process (PID=7315) to work on /opt/airflow/dags/process_customers.py
[2024-02-23T17:41:36.804+0000] {processor.py:830} INFO - Processing file /opt/airflow/dags/process_customers.py for tasks to queue
[2024-02-23T17:41:36.806+0000] {logging_mixin.py:188} INFO - [2024-02-23T17:41:36.805+0000] {dagbag.py:538} INFO - Filling up the DagBag from /opt/airflow/dags/process_customers.py
[2024-02-23T17:41:36.837+0000] {processor.py:840} INFO - DAG(s) 'process_customers' retrieved from /opt/airflow/dags/process_customers.py
[2024-02-23T17:41:36.892+0000] {logging_mixin.py:188} INFO - [2024-02-23T17:41:36.892+0000] {dag.py:3033} INFO - Sync 1 DAGs
[2024-02-23T17:41:36.922+0000] {logging_mixin.py:188} INFO - [2024-02-23T17:41:36.922+0000] {dag.py:3820} INFO - Setting next_dagrun for process_customers to 2024-02-22T00:00:00+00:00, run_after=2024-02-23T00:00:00+00:00
[2024-02-23T17:41:36.951+0000] {processor.py:183} INFO - Processing /opt/airflow/dags/process_customers.py took 0.152 seconds
[2024-02-23T17:42:07.706+0000] {processor.py:161} INFO - Started process (PID=7372) to work on /opt/airflow/dags/process_customers.py
[2024-02-23T17:42:07.707+0000] {processor.py:830} INFO - Processing file /opt/airflow/dags/process_customers.py for tasks to queue
[2024-02-23T17:42:07.709+0000] {logging_mixin.py:188} INFO - [2024-02-23T17:42:07.708+0000] {dagbag.py:538} INFO - Filling up the DagBag from /opt/airflow/dags/process_customers.py
[2024-02-23T17:42:07.741+0000] {processor.py:840} INFO - DAG(s) 'process_customers' retrieved from /opt/airflow/dags/process_customers.py
[2024-02-23T17:42:07.768+0000] {logging_mixin.py:188} INFO - [2024-02-23T17:42:07.768+0000] {dag.py:3033} INFO - Sync 1 DAGs
[2024-02-23T17:42:07.800+0000] {logging_mixin.py:188} INFO - [2024-02-23T17:42:07.799+0000] {dag.py:3820} INFO - Setting next_dagrun for process_customers to 2024-02-22T00:00:00+00:00, run_after=2024-02-23T00:00:00+00:00
[2024-02-23T17:42:07.825+0000] {processor.py:183} INFO - Processing /opt/airflow/dags/process_customers.py took 0.123 seconds
[2024-02-23T17:42:38.487+0000] {processor.py:161} INFO - Started process (PID=7429) to work on /opt/airflow/dags/process_customers.py
[2024-02-23T17:42:38.489+0000] {processor.py:830} INFO - Processing file /opt/airflow/dags/process_customers.py for tasks to queue
[2024-02-23T17:42:38.490+0000] {logging_mixin.py:188} INFO - [2024-02-23T17:42:38.490+0000] {dagbag.py:538} INFO - Filling up the DagBag from /opt/airflow/dags/process_customers.py
[2024-02-23T17:42:38.520+0000] {processor.py:840} INFO - DAG(s) 'process_customers' retrieved from /opt/airflow/dags/process_customers.py
[2024-02-23T17:42:38.545+0000] {logging_mixin.py:188} INFO - [2024-02-23T17:42:38.545+0000] {dag.py:3033} INFO - Sync 1 DAGs
[2024-02-23T17:42:38.573+0000] {logging_mixin.py:188} INFO - [2024-02-23T17:42:38.573+0000] {dag.py:3820} INFO - Setting next_dagrun for process_customers to 2024-02-22T00:00:00+00:00, run_after=2024-02-23T00:00:00+00:00
[2024-02-23T17:42:38.634+0000] {processor.py:183} INFO - Processing /opt/airflow/dags/process_customers.py took 0.152 seconds
[2024-02-23T17:43:08.691+0000] {processor.py:161} INFO - Started process (PID=7486) to work on /opt/airflow/dags/process_customers.py
[2024-02-23T17:43:08.692+0000] {processor.py:830} INFO - Processing file /opt/airflow/dags/process_customers.py for tasks to queue
[2024-02-23T17:43:08.694+0000] {logging_mixin.py:188} INFO - [2024-02-23T17:43:08.694+0000] {dagbag.py:538} INFO - Filling up the DagBag from /opt/airflow/dags/process_customers.py
[2024-02-23T17:43:08.725+0000] {processor.py:840} INFO - DAG(s) 'process_customers' retrieved from /opt/airflow/dags/process_customers.py
[2024-02-23T17:43:08.751+0000] {logging_mixin.py:188} INFO - [2024-02-23T17:43:08.751+0000] {dag.py:3033} INFO - Sync 1 DAGs
[2024-02-23T17:43:08.778+0000] {logging_mixin.py:188} INFO - [2024-02-23T17:43:08.778+0000] {dag.py:3820} INFO - Setting next_dagrun for process_customers to 2024-02-22T00:00:00+00:00, run_after=2024-02-23T00:00:00+00:00
[2024-02-23T17:43:08.853+0000] {processor.py:183} INFO - Processing /opt/airflow/dags/process_customers.py took 0.166 seconds
[2024-02-23T17:43:39.200+0000] {processor.py:161} INFO - Started process (PID=7543) to work on /opt/airflow/dags/process_customers.py
[2024-02-23T17:43:39.201+0000] {processor.py:830} INFO - Processing file /opt/airflow/dags/process_customers.py for tasks to queue
[2024-02-23T17:43:39.203+0000] {logging_mixin.py:188} INFO - [2024-02-23T17:43:39.202+0000] {dagbag.py:538} INFO - Filling up the DagBag from /opt/airflow/dags/process_customers.py
[2024-02-23T17:43:39.232+0000] {processor.py:840} INFO - DAG(s) 'process_customers' retrieved from /opt/airflow/dags/process_customers.py
[2024-02-23T17:43:39.259+0000] {logging_mixin.py:188} INFO - [2024-02-23T17:43:39.258+0000] {dag.py:3033} INFO - Sync 1 DAGs
[2024-02-23T17:43:39.288+0000] {logging_mixin.py:188} INFO - [2024-02-23T17:43:39.288+0000] {dag.py:3820} INFO - Setting next_dagrun for process_customers to 2024-02-22T00:00:00+00:00, run_after=2024-02-23T00:00:00+00:00
[2024-02-23T17:43:39.319+0000] {processor.py:183} INFO - Processing /opt/airflow/dags/process_customers.py took 0.122 seconds
[2024-02-23T17:44:09.962+0000] {processor.py:161} INFO - Started process (PID=7600) to work on /opt/airflow/dags/process_customers.py
[2024-02-23T17:44:09.964+0000] {processor.py:830} INFO - Processing file /opt/airflow/dags/process_customers.py for tasks to queue
[2024-02-23T17:44:09.966+0000] {logging_mixin.py:188} INFO - [2024-02-23T17:44:09.965+0000] {dagbag.py:538} INFO - Filling up the DagBag from /opt/airflow/dags/process_customers.py
[2024-02-23T17:44:09.998+0000] {processor.py:840} INFO - DAG(s) 'process_customers' retrieved from /opt/airflow/dags/process_customers.py
[2024-02-23T17:44:10.024+0000] {logging_mixin.py:188} INFO - [2024-02-23T17:44:10.024+0000] {dag.py:3033} INFO - Sync 1 DAGs
[2024-02-23T17:44:10.054+0000] {logging_mixin.py:188} INFO - [2024-02-23T17:44:10.054+0000] {dag.py:3820} INFO - Setting next_dagrun for process_customers to 2024-02-22T00:00:00+00:00, run_after=2024-02-23T00:00:00+00:00
[2024-02-23T17:44:10.079+0000] {processor.py:183} INFO - Processing /opt/airflow/dags/process_customers.py took 0.122 seconds
[2024-02-23T17:44:40.255+0000] {processor.py:161} INFO - Started process (PID=7657) to work on /opt/airflow/dags/process_customers.py
[2024-02-23T17:44:40.257+0000] {processor.py:830} INFO - Processing file /opt/airflow/dags/process_customers.py for tasks to queue
[2024-02-23T17:44:40.260+0000] {logging_mixin.py:188} INFO - [2024-02-23T17:44:40.259+0000] {dagbag.py:538} INFO - Filling up the DagBag from /opt/airflow/dags/process_customers.py
[2024-02-23T17:44:40.296+0000] {processor.py:840} INFO - DAG(s) 'process_customers' retrieved from /opt/airflow/dags/process_customers.py
[2024-02-23T17:44:40.326+0000] {logging_mixin.py:188} INFO - [2024-02-23T17:44:40.326+0000] {dag.py:3033} INFO - Sync 1 DAGs
[2024-02-23T17:44:40.363+0000] {logging_mixin.py:188} INFO - [2024-02-23T17:44:40.363+0000] {dag.py:3820} INFO - Setting next_dagrun for process_customers to 2024-02-22T00:00:00+00:00, run_after=2024-02-23T00:00:00+00:00
[2024-02-23T17:44:40.431+0000] {processor.py:183} INFO - Processing /opt/airflow/dags/process_customers.py took 0.180 seconds
[2024-02-23T17:45:10.507+0000] {processor.py:161} INFO - Started process (PID=7714) to work on /opt/airflow/dags/process_customers.py
[2024-02-23T17:45:10.509+0000] {processor.py:830} INFO - Processing file /opt/airflow/dags/process_customers.py for tasks to queue
[2024-02-23T17:45:10.510+0000] {logging_mixin.py:188} INFO - [2024-02-23T17:45:10.510+0000] {dagbag.py:538} INFO - Filling up the DagBag from /opt/airflow/dags/process_customers.py
[2024-02-23T17:45:10.558+0000] {processor.py:840} INFO - DAG(s) 'process_customers' retrieved from /opt/airflow/dags/process_customers.py
[2024-02-23T17:45:10.594+0000] {logging_mixin.py:188} INFO - [2024-02-23T17:45:10.594+0000] {dag.py:3033} INFO - Sync 1 DAGs
[2024-02-23T17:45:10.640+0000] {logging_mixin.py:188} INFO - [2024-02-23T17:45:10.640+0000] {dag.py:3820} INFO - Setting next_dagrun for process_customers to 2024-02-22T00:00:00+00:00, run_after=2024-02-23T00:00:00+00:00
[2024-02-23T17:45:10.705+0000] {processor.py:183} INFO - Processing /opt/airflow/dags/process_customers.py took 0.203 seconds
[2024-02-23T17:45:41.069+0000] {processor.py:161} INFO - Started process (PID=7771) to work on /opt/airflow/dags/process_customers.py
[2024-02-23T17:45:41.070+0000] {processor.py:830} INFO - Processing file /opt/airflow/dags/process_customers.py for tasks to queue
[2024-02-23T17:45:41.071+0000] {logging_mixin.py:188} INFO - [2024-02-23T17:45:41.071+0000] {dagbag.py:538} INFO - Filling up the DagBag from /opt/airflow/dags/process_customers.py
[2024-02-23T17:45:41.101+0000] {processor.py:840} INFO - DAG(s) 'process_customers' retrieved from /opt/airflow/dags/process_customers.py
[2024-02-23T17:45:41.127+0000] {logging_mixin.py:188} INFO - [2024-02-23T17:45:41.127+0000] {dag.py:3033} INFO - Sync 1 DAGs
[2024-02-23T17:45:41.157+0000] {logging_mixin.py:188} INFO - [2024-02-23T17:45:41.156+0000] {dag.py:3820} INFO - Setting next_dagrun for process_customers to 2024-02-22T00:00:00+00:00, run_after=2024-02-23T00:00:00+00:00
[2024-02-23T17:45:41.177+0000] {processor.py:183} INFO - Processing /opt/airflow/dags/process_customers.py took 0.112 seconds
[2024-02-23T17:46:11.385+0000] {processor.py:161} INFO - Started process (PID=7828) to work on /opt/airflow/dags/process_customers.py
[2024-02-23T17:46:11.386+0000] {processor.py:830} INFO - Processing file /opt/airflow/dags/process_customers.py for tasks to queue
[2024-02-23T17:46:11.388+0000] {logging_mixin.py:188} INFO - [2024-02-23T17:46:11.387+0000] {dagbag.py:538} INFO - Filling up the DagBag from /opt/airflow/dags/process_customers.py
[2024-02-23T17:46:11.419+0000] {processor.py:840} INFO - DAG(s) 'process_customers' retrieved from /opt/airflow/dags/process_customers.py
[2024-02-23T17:46:11.449+0000] {logging_mixin.py:188} INFO - [2024-02-23T17:46:11.449+0000] {dag.py:3033} INFO - Sync 1 DAGs
[2024-02-23T17:46:11.494+0000] {logging_mixin.py:188} INFO - [2024-02-23T17:46:11.493+0000] {dag.py:3820} INFO - Setting next_dagrun for process_customers to 2024-02-22T00:00:00+00:00, run_after=2024-02-23T00:00:00+00:00
[2024-02-23T17:46:11.525+0000] {processor.py:183} INFO - Processing /opt/airflow/dags/process_customers.py took 0.145 seconds
[2024-02-23T17:46:41.846+0000] {processor.py:161} INFO - Started process (PID=7883) to work on /opt/airflow/dags/process_customers.py
[2024-02-23T17:46:41.847+0000] {processor.py:830} INFO - Processing file /opt/airflow/dags/process_customers.py for tasks to queue
[2024-02-23T17:46:41.848+0000] {logging_mixin.py:188} INFO - [2024-02-23T17:46:41.848+0000] {dagbag.py:538} INFO - Filling up the DagBag from /opt/airflow/dags/process_customers.py
[2024-02-23T17:46:41.876+0000] {processor.py:840} INFO - DAG(s) 'process_customers' retrieved from /opt/airflow/dags/process_customers.py
[2024-02-23T17:46:41.902+0000] {logging_mixin.py:188} INFO - [2024-02-23T17:46:41.901+0000] {dag.py:3033} INFO - Sync 1 DAGs
[2024-02-23T17:46:41.934+0000] {logging_mixin.py:188} INFO - [2024-02-23T17:46:41.934+0000] {dag.py:3820} INFO - Setting next_dagrun for process_customers to 2024-02-22T00:00:00+00:00, run_after=2024-02-23T00:00:00+00:00
[2024-02-23T17:46:41.998+0000] {processor.py:183} INFO - Processing /opt/airflow/dags/process_customers.py took 0.157 seconds
[2024-02-23T17:47:12.437+0000] {processor.py:161} INFO - Started process (PID=7939) to work on /opt/airflow/dags/process_customers.py
[2024-02-23T17:47:12.438+0000] {processor.py:830} INFO - Processing file /opt/airflow/dags/process_customers.py for tasks to queue
[2024-02-23T17:47:12.439+0000] {logging_mixin.py:188} INFO - [2024-02-23T17:47:12.439+0000] {dagbag.py:538} INFO - Filling up the DagBag from /opt/airflow/dags/process_customers.py
[2024-02-23T17:47:12.469+0000] {processor.py:840} INFO - DAG(s) 'process_customers' retrieved from /opt/airflow/dags/process_customers.py
[2024-02-23T17:47:12.493+0000] {logging_mixin.py:188} INFO - [2024-02-23T17:47:12.493+0000] {dag.py:3033} INFO - Sync 1 DAGs
[2024-02-23T17:47:12.523+0000] {logging_mixin.py:188} INFO - [2024-02-23T17:47:12.522+0000] {dag.py:3820} INFO - Setting next_dagrun for process_customers to 2024-02-22T00:00:00+00:00, run_after=2024-02-23T00:00:00+00:00
[2024-02-23T17:47:12.583+0000] {processor.py:183} INFO - Processing /opt/airflow/dags/process_customers.py took 0.150 seconds
[2024-02-23T17:47:42.653+0000] {processor.py:161} INFO - Started process (PID=7996) to work on /opt/airflow/dags/process_customers.py
[2024-02-23T17:47:42.655+0000] {processor.py:830} INFO - Processing file /opt/airflow/dags/process_customers.py for tasks to queue
[2024-02-23T17:47:42.657+0000] {logging_mixin.py:188} INFO - [2024-02-23T17:47:42.656+0000] {dagbag.py:538} INFO - Filling up the DagBag from /opt/airflow/dags/process_customers.py
[2024-02-23T17:47:42.694+0000] {processor.py:840} INFO - DAG(s) 'process_customers' retrieved from /opt/airflow/dags/process_customers.py
[2024-02-23T17:47:42.730+0000] {logging_mixin.py:188} INFO - [2024-02-23T17:47:42.729+0000] {dag.py:3033} INFO - Sync 1 DAGs
[2024-02-23T17:47:42.773+0000] {logging_mixin.py:188} INFO - [2024-02-23T17:47:42.772+0000] {dag.py:3820} INFO - Setting next_dagrun for process_customers to 2024-02-22T00:00:00+00:00, run_after=2024-02-23T00:00:00+00:00
[2024-02-23T17:47:42.834+0000] {processor.py:183} INFO - Processing /opt/airflow/dags/process_customers.py took 0.186 seconds
[2024-02-23T17:48:13.307+0000] {processor.py:161} INFO - Started process (PID=8052) to work on /opt/airflow/dags/process_customers.py
[2024-02-23T17:48:13.308+0000] {processor.py:830} INFO - Processing file /opt/airflow/dags/process_customers.py for tasks to queue
[2024-02-23T17:48:13.310+0000] {logging_mixin.py:188} INFO - [2024-02-23T17:48:13.309+0000] {dagbag.py:538} INFO - Filling up the DagBag from /opt/airflow/dags/process_customers.py
[2024-02-23T17:48:13.347+0000] {processor.py:840} INFO - DAG(s) 'process_customers' retrieved from /opt/airflow/dags/process_customers.py
[2024-02-23T17:48:13.372+0000] {logging_mixin.py:188} INFO - [2024-02-23T17:48:13.372+0000] {dag.py:3033} INFO - Sync 1 DAGs
[2024-02-23T17:48:13.404+0000] {logging_mixin.py:188} INFO - [2024-02-23T17:48:13.403+0000] {dag.py:3820} INFO - Setting next_dagrun for process_customers to 2024-02-22T00:00:00+00:00, run_after=2024-02-23T00:00:00+00:00
[2024-02-23T17:48:13.430+0000] {processor.py:183} INFO - Processing /opt/airflow/dags/process_customers.py took 0.127 seconds
[2024-02-23T17:48:43.628+0000] {processor.py:161} INFO - Started process (PID=8109) to work on /opt/airflow/dags/process_customers.py
[2024-02-23T17:48:43.629+0000] {processor.py:830} INFO - Processing file /opt/airflow/dags/process_customers.py for tasks to queue
[2024-02-23T17:48:43.631+0000] {logging_mixin.py:188} INFO - [2024-02-23T17:48:43.631+0000] {dagbag.py:538} INFO - Filling up the DagBag from /opt/airflow/dags/process_customers.py
[2024-02-23T17:48:43.663+0000] {processor.py:840} INFO - DAG(s) 'process_customers' retrieved from /opt/airflow/dags/process_customers.py
[2024-02-23T17:48:43.689+0000] {logging_mixin.py:188} INFO - [2024-02-23T17:48:43.688+0000] {dag.py:3033} INFO - Sync 1 DAGs
[2024-02-23T17:48:43.717+0000] {logging_mixin.py:188} INFO - [2024-02-23T17:48:43.717+0000] {dag.py:3820} INFO - Setting next_dagrun for process_customers to 2024-02-22T00:00:00+00:00, run_after=2024-02-23T00:00:00+00:00
[2024-02-23T17:48:43.779+0000] {processor.py:183} INFO - Processing /opt/airflow/dags/process_customers.py took 0.156 seconds
[2024-02-23T17:49:13.895+0000] {processor.py:161} INFO - Started process (PID=8161) to work on /opt/airflow/dags/process_customers.py
[2024-02-23T17:49:13.896+0000] {processor.py:830} INFO - Processing file /opt/airflow/dags/process_customers.py for tasks to queue
[2024-02-23T17:49:13.898+0000] {logging_mixin.py:188} INFO - [2024-02-23T17:49:13.897+0000] {dagbag.py:538} INFO - Filling up the DagBag from /opt/airflow/dags/process_customers.py
[2024-02-23T17:49:13.927+0000] {processor.py:840} INFO - DAG(s) 'process_customers' retrieved from /opt/airflow/dags/process_customers.py
[2024-02-23T17:49:13.952+0000] {logging_mixin.py:188} INFO - [2024-02-23T17:49:13.952+0000] {dag.py:3033} INFO - Sync 1 DAGs
[2024-02-23T17:49:13.980+0000] {logging_mixin.py:188} INFO - [2024-02-23T17:49:13.980+0000] {dag.py:3820} INFO - Setting next_dagrun for process_customers to 2024-02-22T00:00:00+00:00, run_after=2024-02-23T00:00:00+00:00
[2024-02-23T17:49:14.040+0000] {processor.py:183} INFO - Processing /opt/airflow/dags/process_customers.py took 0.149 seconds
[2024-02-23T17:49:44.782+0000] {processor.py:161} INFO - Started process (PID=8218) to work on /opt/airflow/dags/process_customers.py
[2024-02-23T17:49:44.783+0000] {processor.py:830} INFO - Processing file /opt/airflow/dags/process_customers.py for tasks to queue
[2024-02-23T17:49:44.785+0000] {logging_mixin.py:188} INFO - [2024-02-23T17:49:44.785+0000] {dagbag.py:538} INFO - Filling up the DagBag from /opt/airflow/dags/process_customers.py
[2024-02-23T17:49:44.815+0000] {processor.py:840} INFO - DAG(s) 'process_customers' retrieved from /opt/airflow/dags/process_customers.py
[2024-02-23T17:49:44.843+0000] {logging_mixin.py:188} INFO - [2024-02-23T17:49:44.842+0000] {dag.py:3033} INFO - Sync 1 DAGs
[2024-02-23T17:49:44.874+0000] {logging_mixin.py:188} INFO - [2024-02-23T17:49:44.874+0000] {dag.py:3820} INFO - Setting next_dagrun for process_customers to 2024-02-22T00:00:00+00:00, run_after=2024-02-23T00:00:00+00:00
[2024-02-23T17:49:44.902+0000] {processor.py:183} INFO - Processing /opt/airflow/dags/process_customers.py took 0.124 seconds
[2024-02-23T17:50:15.096+0000] {processor.py:161} INFO - Started process (PID=8275) to work on /opt/airflow/dags/process_customers.py
[2024-02-23T17:50:15.098+0000] {processor.py:830} INFO - Processing file /opt/airflow/dags/process_customers.py for tasks to queue
[2024-02-23T17:50:15.100+0000] {logging_mixin.py:188} INFO - [2024-02-23T17:50:15.099+0000] {dagbag.py:538} INFO - Filling up the DagBag from /opt/airflow/dags/process_customers.py
[2024-02-23T17:50:15.131+0000] {processor.py:840} INFO - DAG(s) 'process_customers' retrieved from /opt/airflow/dags/process_customers.py
[2024-02-23T17:50:15.156+0000] {logging_mixin.py:188} INFO - [2024-02-23T17:50:15.156+0000] {dag.py:3033} INFO - Sync 1 DAGs
[2024-02-23T17:50:15.183+0000] {logging_mixin.py:188} INFO - [2024-02-23T17:50:15.183+0000] {dag.py:3820} INFO - Setting next_dagrun for process_customers to 2024-02-22T00:00:00+00:00, run_after=2024-02-23T00:00:00+00:00
[2024-02-23T17:50:15.206+0000] {processor.py:183} INFO - Processing /opt/airflow/dags/process_customers.py took 0.115 seconds
[2024-02-23T17:50:45.400+0000] {processor.py:161} INFO - Started process (PID=8338) to work on /opt/airflow/dags/process_customers.py
[2024-02-23T17:50:45.402+0000] {processor.py:830} INFO - Processing file /opt/airflow/dags/process_customers.py for tasks to queue
[2024-02-23T17:50:45.404+0000] {logging_mixin.py:188} INFO - [2024-02-23T17:50:45.404+0000] {dagbag.py:538} INFO - Filling up the DagBag from /opt/airflow/dags/process_customers.py
[2024-02-23T17:50:45.436+0000] {processor.py:840} INFO - DAG(s) 'process_customers' retrieved from /opt/airflow/dags/process_customers.py
[2024-02-23T17:50:45.463+0000] {logging_mixin.py:188} INFO - [2024-02-23T17:50:45.462+0000] {dag.py:3033} INFO - Sync 1 DAGs
[2024-02-23T17:50:45.494+0000] {logging_mixin.py:188} INFO - [2024-02-23T17:50:45.494+0000] {dag.py:3820} INFO - Setting next_dagrun for process_customers to 2024-02-22T00:00:00+00:00, run_after=2024-02-23T00:00:00+00:00
[2024-02-23T17:50:45.556+0000] {processor.py:183} INFO - Processing /opt/airflow/dags/process_customers.py took 0.160 seconds
[2024-02-23T17:51:15.708+0000] {processor.py:161} INFO - Started process (PID=8395) to work on /opt/airflow/dags/process_customers.py
[2024-02-23T17:51:15.709+0000] {processor.py:830} INFO - Processing file /opt/airflow/dags/process_customers.py for tasks to queue
[2024-02-23T17:51:15.711+0000] {logging_mixin.py:188} INFO - [2024-02-23T17:51:15.710+0000] {dagbag.py:538} INFO - Filling up the DagBag from /opt/airflow/dags/process_customers.py
[2024-02-23T17:51:15.742+0000] {processor.py:840} INFO - DAG(s) 'process_customers' retrieved from /opt/airflow/dags/process_customers.py
[2024-02-23T17:51:15.768+0000] {logging_mixin.py:188} INFO - [2024-02-23T17:51:15.768+0000] {dag.py:3033} INFO - Sync 1 DAGs
[2024-02-23T17:51:15.800+0000] {logging_mixin.py:188} INFO - [2024-02-23T17:51:15.800+0000] {dag.py:3820} INFO - Setting next_dagrun for process_customers to 2024-02-22T00:00:00+00:00, run_after=2024-02-23T00:00:00+00:00
[2024-02-23T17:51:15.828+0000] {processor.py:183} INFO - Processing /opt/airflow/dags/process_customers.py took 0.125 seconds
[2024-02-23T17:51:46.086+0000] {processor.py:161} INFO - Started process (PID=8452) to work on /opt/airflow/dags/process_customers.py
[2024-02-23T17:51:46.088+0000] {processor.py:830} INFO - Processing file /opt/airflow/dags/process_customers.py for tasks to queue
[2024-02-23T17:51:46.089+0000] {logging_mixin.py:188} INFO - [2024-02-23T17:51:46.089+0000] {dagbag.py:538} INFO - Filling up the DagBag from /opt/airflow/dags/process_customers.py
[2024-02-23T17:51:46.156+0000] {processor.py:840} INFO - DAG(s) 'process_customers' retrieved from /opt/airflow/dags/process_customers.py
[2024-02-23T17:51:46.181+0000] {logging_mixin.py:188} INFO - [2024-02-23T17:51:46.181+0000] {dag.py:3033} INFO - Sync 1 DAGs
[2024-02-23T17:51:46.211+0000] {logging_mixin.py:188} INFO - [2024-02-23T17:51:46.211+0000] {dag.py:3820} INFO - Setting next_dagrun for process_customers to 2024-02-22T00:00:00+00:00, run_after=2024-02-23T00:00:00+00:00
[2024-02-23T17:51:46.242+0000] {processor.py:183} INFO - Processing /opt/airflow/dags/process_customers.py took 0.160 seconds
