[2024-02-23T17:20:14.486+0000] {processor.py:161} INFO - Started process (PID=4928) to work on /opt/airflow/dags/load_data.py
[2024-02-23T17:20:14.487+0000] {processor.py:830} INFO - Processing file /opt/airflow/dags/load_data.py for tasks to queue
[2024-02-23T17:20:14.489+0000] {logging_mixin.py:188} INFO - [2024-02-23T17:20:14.488+0000] {dagbag.py:538} INFO - Filling up the DagBag from /opt/airflow/dags/load_data.py
[2024-02-23T17:20:14.533+0000] {processor.py:840} INFO - DAG(s) 'data_to_google' retrieved from /opt/airflow/dags/load_data.py
[2024-02-23T17:20:14.572+0000] {logging_mixin.py:188} INFO - [2024-02-23T17:20:14.571+0000] {dag.py:3033} INFO - Sync 1 DAGs
[2024-02-23T17:20:14.627+0000] {logging_mixin.py:188} INFO - [2024-02-23T17:20:14.627+0000] {dag.py:3820} INFO - Setting next_dagrun for data_to_google to 2022-08-09T01:00:00+00:00, run_after=2022-08-10T01:00:00+00:00
[2024-02-23T17:20:14.687+0000] {processor.py:183} INFO - Processing /opt/airflow/dags/load_data.py took 0.212 seconds
[2024-02-23T17:20:45.740+0000] {processor.py:161} INFO - Started process (PID=4985) to work on /opt/airflow/dags/load_data.py
[2024-02-23T17:20:45.742+0000] {processor.py:830} INFO - Processing file /opt/airflow/dags/load_data.py for tasks to queue
[2024-02-23T17:20:45.744+0000] {logging_mixin.py:188} INFO - [2024-02-23T17:20:45.743+0000] {dagbag.py:538} INFO - Filling up the DagBag from /opt/airflow/dags/load_data.py
[2024-02-23T17:20:45.789+0000] {processor.py:840} INFO - DAG(s) 'data_to_google' retrieved from /opt/airflow/dags/load_data.py
[2024-02-23T17:20:45.864+0000] {logging_mixin.py:188} INFO - [2024-02-23T17:20:45.864+0000] {dag.py:3033} INFO - Sync 1 DAGs
[2024-02-23T17:20:45.982+0000] {logging_mixin.py:188} INFO - [2024-02-23T17:20:45.982+0000] {dag.py:3820} INFO - Setting next_dagrun for data_to_google to 2022-08-09T01:00:00+00:00, run_after=2022-08-10T01:00:00+00:00
[2024-02-23T17:20:46.079+0000] {processor.py:183} INFO - Processing /opt/airflow/dags/load_data.py took 0.370 seconds
[2024-02-23T17:21:16.470+0000] {processor.py:161} INFO - Started process (PID=5042) to work on /opt/airflow/dags/load_data.py
[2024-02-23T17:21:16.477+0000] {processor.py:830} INFO - Processing file /opt/airflow/dags/load_data.py for tasks to queue
[2024-02-23T17:21:16.485+0000] {logging_mixin.py:188} INFO - [2024-02-23T17:21:16.484+0000] {dagbag.py:538} INFO - Filling up the DagBag from /opt/airflow/dags/load_data.py
[2024-02-23T17:21:16.540+0000] {processor.py:840} INFO - DAG(s) 'data_to_google' retrieved from /opt/airflow/dags/load_data.py
[2024-02-23T17:21:16.605+0000] {logging_mixin.py:188} INFO - [2024-02-23T17:21:16.605+0000] {dag.py:3033} INFO - Sync 1 DAGs
[2024-02-23T17:21:16.683+0000] {logging_mixin.py:188} INFO - [2024-02-23T17:21:16.683+0000] {dag.py:3820} INFO - Setting next_dagrun for data_to_google to 2022-08-09T01:00:00+00:00, run_after=2022-08-10T01:00:00+00:00
[2024-02-23T17:21:16.751+0000] {processor.py:183} INFO - Processing /opt/airflow/dags/load_data.py took 0.287 seconds
[2024-02-23T17:21:46.955+0000] {processor.py:161} INFO - Started process (PID=5099) to work on /opt/airflow/dags/load_data.py
[2024-02-23T17:21:46.956+0000] {processor.py:830} INFO - Processing file /opt/airflow/dags/load_data.py for tasks to queue
[2024-02-23T17:21:46.958+0000] {logging_mixin.py:188} INFO - [2024-02-23T17:21:46.958+0000] {dagbag.py:538} INFO - Filling up the DagBag from /opt/airflow/dags/load_data.py
[2024-02-23T17:21:46.986+0000] {processor.py:840} INFO - DAG(s) 'data_to_google' retrieved from /opt/airflow/dags/load_data.py
[2024-02-23T17:21:47.018+0000] {logging_mixin.py:188} INFO - [2024-02-23T17:21:47.018+0000] {dag.py:3033} INFO - Sync 1 DAGs
[2024-02-23T17:21:47.065+0000] {logging_mixin.py:188} INFO - [2024-02-23T17:21:47.065+0000] {dag.py:3820} INFO - Setting next_dagrun for data_to_google to 2022-08-09T01:00:00+00:00, run_after=2022-08-10T01:00:00+00:00
[2024-02-23T17:21:47.098+0000] {processor.py:183} INFO - Processing /opt/airflow/dags/load_data.py took 0.150 seconds
[2024-02-23T17:22:17.303+0000] {processor.py:161} INFO - Started process (PID=5157) to work on /opt/airflow/dags/load_data.py
[2024-02-23T17:22:17.304+0000] {processor.py:830} INFO - Processing file /opt/airflow/dags/load_data.py for tasks to queue
[2024-02-23T17:22:17.306+0000] {logging_mixin.py:188} INFO - [2024-02-23T17:22:17.305+0000] {dagbag.py:538} INFO - Filling up the DagBag from /opt/airflow/dags/load_data.py
[2024-02-23T17:22:17.333+0000] {processor.py:840} INFO - DAG(s) 'data_to_google' retrieved from /opt/airflow/dags/load_data.py
[2024-02-23T17:22:17.360+0000] {logging_mixin.py:188} INFO - [2024-02-23T17:22:17.360+0000] {dag.py:3033} INFO - Sync 1 DAGs
[2024-02-23T17:22:17.389+0000] {logging_mixin.py:188} INFO - [2024-02-23T17:22:17.389+0000] {dag.py:3820} INFO - Setting next_dagrun for data_to_google to 2022-08-09T01:00:00+00:00, run_after=2022-08-10T01:00:00+00:00
[2024-02-23T17:22:17.422+0000] {processor.py:183} INFO - Processing /opt/airflow/dags/load_data.py took 0.124 seconds
[2024-02-23T17:22:48.144+0000] {processor.py:161} INFO - Started process (PID=5214) to work on /opt/airflow/dags/load_data.py
[2024-02-23T17:22:48.145+0000] {processor.py:830} INFO - Processing file /opt/airflow/dags/load_data.py for tasks to queue
[2024-02-23T17:22:48.147+0000] {logging_mixin.py:188} INFO - [2024-02-23T17:22:48.146+0000] {dagbag.py:538} INFO - Filling up the DagBag from /opt/airflow/dags/load_data.py
[2024-02-23T17:22:48.184+0000] {processor.py:840} INFO - DAG(s) 'data_to_google' retrieved from /opt/airflow/dags/load_data.py
[2024-02-23T17:22:48.227+0000] {logging_mixin.py:188} INFO - [2024-02-23T17:22:48.226+0000] {dag.py:3033} INFO - Sync 1 DAGs
[2024-02-23T17:22:48.282+0000] {logging_mixin.py:188} INFO - [2024-02-23T17:22:48.282+0000] {dag.py:3820} INFO - Setting next_dagrun for data_to_google to 2022-08-09T01:00:00+00:00, run_after=2022-08-10T01:00:00+00:00
[2024-02-23T17:22:48.340+0000] {processor.py:183} INFO - Processing /opt/airflow/dags/load_data.py took 0.201 seconds
[2024-02-23T17:23:18.512+0000] {processor.py:161} INFO - Started process (PID=5271) to work on /opt/airflow/dags/load_data.py
[2024-02-23T17:23:18.514+0000] {processor.py:830} INFO - Processing file /opt/airflow/dags/load_data.py for tasks to queue
[2024-02-23T17:23:18.515+0000] {logging_mixin.py:188} INFO - [2024-02-23T17:23:18.515+0000] {dagbag.py:538} INFO - Filling up the DagBag from /opt/airflow/dags/load_data.py
[2024-02-23T17:23:18.540+0000] {processor.py:840} INFO - DAG(s) 'data_to_google' retrieved from /opt/airflow/dags/load_data.py
[2024-02-23T17:23:18.568+0000] {logging_mixin.py:188} INFO - [2024-02-23T17:23:18.568+0000] {dag.py:3033} INFO - Sync 1 DAGs
[2024-02-23T17:23:18.615+0000] {logging_mixin.py:188} INFO - [2024-02-23T17:23:18.615+0000] {dag.py:3820} INFO - Setting next_dagrun for data_to_google to 2022-08-09T01:00:00+00:00, run_after=2022-08-10T01:00:00+00:00
[2024-02-23T17:23:18.641+0000] {processor.py:183} INFO - Processing /opt/airflow/dags/load_data.py took 0.134 seconds
[2024-02-23T17:23:48.815+0000] {processor.py:161} INFO - Started process (PID=5328) to work on /opt/airflow/dags/load_data.py
[2024-02-23T17:23:48.817+0000] {processor.py:830} INFO - Processing file /opt/airflow/dags/load_data.py for tasks to queue
[2024-02-23T17:23:48.818+0000] {logging_mixin.py:188} INFO - [2024-02-23T17:23:48.818+0000] {dagbag.py:538} INFO - Filling up the DagBag from /opt/airflow/dags/load_data.py
[2024-02-23T17:23:48.841+0000] {processor.py:840} INFO - DAG(s) 'data_to_google' retrieved from /opt/airflow/dags/load_data.py
[2024-02-23T17:23:48.867+0000] {logging_mixin.py:188} INFO - [2024-02-23T17:23:48.866+0000] {dag.py:3033} INFO - Sync 1 DAGs
[2024-02-23T17:23:48.897+0000] {logging_mixin.py:188} INFO - [2024-02-23T17:23:48.897+0000] {dag.py:3820} INFO - Setting next_dagrun for data_to_google to 2022-08-09T01:00:00+00:00, run_after=2022-08-10T01:00:00+00:00
[2024-02-23T17:23:48.955+0000] {processor.py:183} INFO - Processing /opt/airflow/dags/load_data.py took 0.146 seconds
[2024-02-23T17:24:19.177+0000] {processor.py:161} INFO - Started process (PID=5385) to work on /opt/airflow/dags/load_data.py
[2024-02-23T17:24:19.178+0000] {processor.py:830} INFO - Processing file /opt/airflow/dags/load_data.py for tasks to queue
[2024-02-23T17:24:19.180+0000] {logging_mixin.py:188} INFO - [2024-02-23T17:24:19.179+0000] {dagbag.py:538} INFO - Filling up the DagBag from /opt/airflow/dags/load_data.py
[2024-02-23T17:24:19.208+0000] {processor.py:840} INFO - DAG(s) 'data_to_google' retrieved from /opt/airflow/dags/load_data.py
[2024-02-23T17:24:19.232+0000] {logging_mixin.py:188} INFO - [2024-02-23T17:24:19.231+0000] {dag.py:3033} INFO - Sync 1 DAGs
[2024-02-23T17:24:19.264+0000] {logging_mixin.py:188} INFO - [2024-02-23T17:24:19.264+0000] {dag.py:3820} INFO - Setting next_dagrun for data_to_google to 2022-08-09T01:00:00+00:00, run_after=2022-08-10T01:00:00+00:00
[2024-02-23T17:24:19.293+0000] {processor.py:183} INFO - Processing /opt/airflow/dags/load_data.py took 0.121 seconds
[2024-02-23T17:24:49.384+0000] {processor.py:161} INFO - Started process (PID=5442) to work on /opt/airflow/dags/load_data.py
[2024-02-23T17:24:49.386+0000] {processor.py:830} INFO - Processing file /opt/airflow/dags/load_data.py for tasks to queue
[2024-02-23T17:24:49.388+0000] {logging_mixin.py:188} INFO - [2024-02-23T17:24:49.387+0000] {dagbag.py:538} INFO - Filling up the DagBag from /opt/airflow/dags/load_data.py
[2024-02-23T17:24:49.414+0000] {processor.py:840} INFO - DAG(s) 'data_to_google' retrieved from /opt/airflow/dags/load_data.py
[2024-02-23T17:24:49.445+0000] {logging_mixin.py:188} INFO - [2024-02-23T17:24:49.444+0000] {dag.py:3033} INFO - Sync 1 DAGs
[2024-02-23T17:24:49.484+0000] {logging_mixin.py:188} INFO - [2024-02-23T17:24:49.484+0000] {dag.py:3820} INFO - Setting next_dagrun for data_to_google to 2022-08-09T01:00:00+00:00, run_after=2022-08-10T01:00:00+00:00
[2024-02-23T17:24:49.544+0000] {processor.py:183} INFO - Processing /opt/airflow/dags/load_data.py took 0.167 seconds
[2024-02-23T17:25:19.644+0000] {processor.py:161} INFO - Started process (PID=5500) to work on /opt/airflow/dags/load_data.py
[2024-02-23T17:25:19.646+0000] {processor.py:830} INFO - Processing file /opt/airflow/dags/load_data.py for tasks to queue
[2024-02-23T17:25:19.648+0000] {logging_mixin.py:188} INFO - [2024-02-23T17:25:19.647+0000] {dagbag.py:538} INFO - Filling up the DagBag from /opt/airflow/dags/load_data.py
[2024-02-23T17:25:19.681+0000] {processor.py:840} INFO - DAG(s) 'data_to_google' retrieved from /opt/airflow/dags/load_data.py
[2024-02-23T17:25:19.714+0000] {logging_mixin.py:188} INFO - [2024-02-23T17:25:19.713+0000] {dag.py:3033} INFO - Sync 1 DAGs
[2024-02-23T17:25:19.764+0000] {logging_mixin.py:188} INFO - [2024-02-23T17:25:19.763+0000] {dag.py:3820} INFO - Setting next_dagrun for data_to_google to 2022-08-09T01:00:00+00:00, run_after=2022-08-10T01:00:00+00:00
[2024-02-23T17:25:19.823+0000] {processor.py:183} INFO - Processing /opt/airflow/dags/load_data.py took 0.186 seconds
[2024-02-23T17:25:49.890+0000] {processor.py:161} INFO - Started process (PID=5557) to work on /opt/airflow/dags/load_data.py
[2024-02-23T17:25:49.891+0000] {processor.py:830} INFO - Processing file /opt/airflow/dags/load_data.py for tasks to queue
[2024-02-23T17:25:49.892+0000] {logging_mixin.py:188} INFO - [2024-02-23T17:25:49.892+0000] {dagbag.py:538} INFO - Filling up the DagBag from /opt/airflow/dags/load_data.py
[2024-02-23T17:25:49.922+0000] {processor.py:840} INFO - DAG(s) 'data_to_google' retrieved from /opt/airflow/dags/load_data.py
[2024-02-23T17:25:49.947+0000] {logging_mixin.py:188} INFO - [2024-02-23T17:25:49.947+0000] {dag.py:3033} INFO - Sync 1 DAGs
[2024-02-23T17:25:49.978+0000] {logging_mixin.py:188} INFO - [2024-02-23T17:25:49.978+0000] {dag.py:3820} INFO - Setting next_dagrun for data_to_google to 2022-08-09T01:00:00+00:00, run_after=2022-08-10T01:00:00+00:00
[2024-02-23T17:25:50.042+0000] {processor.py:183} INFO - Processing /opt/airflow/dags/load_data.py took 0.157 seconds
[2024-02-23T17:26:20.248+0000] {processor.py:161} INFO - Started process (PID=5614) to work on /opt/airflow/dags/load_data.py
[2024-02-23T17:26:20.249+0000] {processor.py:830} INFO - Processing file /opt/airflow/dags/load_data.py for tasks to queue
[2024-02-23T17:26:20.251+0000] {logging_mixin.py:188} INFO - [2024-02-23T17:26:20.250+0000] {dagbag.py:538} INFO - Filling up the DagBag from /opt/airflow/dags/load_data.py
[2024-02-23T17:26:20.278+0000] {processor.py:840} INFO - DAG(s) 'data_to_google' retrieved from /opt/airflow/dags/load_data.py
[2024-02-23T17:26:20.309+0000] {logging_mixin.py:188} INFO - [2024-02-23T17:26:20.307+0000] {dag.py:3033} INFO - Sync 1 DAGs
[2024-02-23T17:26:20.353+0000] {logging_mixin.py:188} INFO - [2024-02-23T17:26:20.352+0000] {dag.py:3820} INFO - Setting next_dagrun for data_to_google to 2022-08-09T01:00:00+00:00, run_after=2022-08-10T01:00:00+00:00
[2024-02-23T17:26:20.382+0000] {processor.py:183} INFO - Processing /opt/airflow/dags/load_data.py took 0.139 seconds
[2024-02-23T17:26:50.806+0000] {processor.py:161} INFO - Started process (PID=5668) to work on /opt/airflow/dags/load_data.py
[2024-02-23T17:26:50.807+0000] {processor.py:830} INFO - Processing file /opt/airflow/dags/load_data.py for tasks to queue
[2024-02-23T17:26:50.808+0000] {logging_mixin.py:188} INFO - [2024-02-23T17:26:50.808+0000] {dagbag.py:538} INFO - Filling up the DagBag from /opt/airflow/dags/load_data.py
[2024-02-23T17:26:50.833+0000] {processor.py:840} INFO - DAG(s) 'data_to_google' retrieved from /opt/airflow/dags/load_data.py
[2024-02-23T17:26:50.861+0000] {logging_mixin.py:188} INFO - [2024-02-23T17:26:50.861+0000] {dag.py:3033} INFO - Sync 1 DAGs
[2024-02-23T17:26:50.896+0000] {logging_mixin.py:188} INFO - [2024-02-23T17:26:50.896+0000] {dag.py:3820} INFO - Setting next_dagrun for data_to_google to 2022-08-09T01:00:00+00:00, run_after=2022-08-10T01:00:00+00:00
[2024-02-23T17:26:50.959+0000] {processor.py:183} INFO - Processing /opt/airflow/dags/load_data.py took 0.158 seconds
[2024-02-23T17:27:21.302+0000] {processor.py:161} INFO - Started process (PID=5724) to work on /opt/airflow/dags/load_data.py
[2024-02-23T17:27:21.304+0000] {processor.py:830} INFO - Processing file /opt/airflow/dags/load_data.py for tasks to queue
[2024-02-23T17:27:21.305+0000] {logging_mixin.py:188} INFO - [2024-02-23T17:27:21.305+0000] {dagbag.py:538} INFO - Filling up the DagBag from /opt/airflow/dags/load_data.py
[2024-02-23T17:27:21.329+0000] {processor.py:840} INFO - DAG(s) 'data_to_google' retrieved from /opt/airflow/dags/load_data.py
[2024-02-23T17:27:21.358+0000] {logging_mixin.py:188} INFO - [2024-02-23T17:27:21.358+0000] {dag.py:3033} INFO - Sync 1 DAGs
[2024-02-23T17:27:21.390+0000] {logging_mixin.py:188} INFO - [2024-02-23T17:27:21.390+0000] {dag.py:3820} INFO - Setting next_dagrun for data_to_google to 2022-08-09T01:00:00+00:00, run_after=2022-08-10T01:00:00+00:00
[2024-02-23T17:27:21.430+0000] {processor.py:183} INFO - Processing /opt/airflow/dags/load_data.py took 0.135 seconds
[2024-02-23T17:27:51.754+0000] {processor.py:161} INFO - Started process (PID=5776) to work on /opt/airflow/dags/load_data.py
[2024-02-23T17:27:51.756+0000] {processor.py:830} INFO - Processing file /opt/airflow/dags/load_data.py for tasks to queue
[2024-02-23T17:27:51.757+0000] {logging_mixin.py:188} INFO - [2024-02-23T17:27:51.757+0000] {dagbag.py:538} INFO - Filling up the DagBag from /opt/airflow/dags/load_data.py
[2024-02-23T17:27:51.789+0000] {processor.py:840} INFO - DAG(s) 'data_to_google' retrieved from /opt/airflow/dags/load_data.py
[2024-02-23T17:27:51.821+0000] {logging_mixin.py:188} INFO - [2024-02-23T17:27:51.820+0000] {dag.py:3033} INFO - Sync 1 DAGs
[2024-02-23T17:27:51.854+0000] {logging_mixin.py:188} INFO - [2024-02-23T17:27:51.854+0000] {dag.py:3820} INFO - Setting next_dagrun for data_to_google to 2022-08-09T01:00:00+00:00, run_after=2022-08-10T01:00:00+00:00
[2024-02-23T17:27:51.923+0000] {processor.py:183} INFO - Processing /opt/airflow/dags/load_data.py took 0.174 seconds
[2024-02-23T17:28:22.339+0000] {processor.py:161} INFO - Started process (PID=5833) to work on /opt/airflow/dags/load_data.py
[2024-02-23T17:28:22.340+0000] {processor.py:830} INFO - Processing file /opt/airflow/dags/load_data.py for tasks to queue
[2024-02-23T17:28:22.341+0000] {logging_mixin.py:188} INFO - [2024-02-23T17:28:22.341+0000] {dagbag.py:538} INFO - Filling up the DagBag from /opt/airflow/dags/load_data.py
[2024-02-23T17:28:22.366+0000] {processor.py:840} INFO - DAG(s) 'data_to_google' retrieved from /opt/airflow/dags/load_data.py
[2024-02-23T17:28:22.392+0000] {logging_mixin.py:188} INFO - [2024-02-23T17:28:22.391+0000] {dag.py:3033} INFO - Sync 1 DAGs
[2024-02-23T17:28:22.421+0000] {logging_mixin.py:188} INFO - [2024-02-23T17:28:22.421+0000] {dag.py:3820} INFO - Setting next_dagrun for data_to_google to 2022-08-09T01:00:00+00:00, run_after=2022-08-10T01:00:00+00:00
[2024-02-23T17:28:22.481+0000] {processor.py:183} INFO - Processing /opt/airflow/dags/load_data.py took 0.148 seconds
[2024-02-23T17:28:53.042+0000] {processor.py:161} INFO - Started process (PID=5890) to work on /opt/airflow/dags/load_data.py
[2024-02-23T17:28:53.044+0000] {processor.py:830} INFO - Processing file /opt/airflow/dags/load_data.py for tasks to queue
[2024-02-23T17:28:53.045+0000] {logging_mixin.py:188} INFO - [2024-02-23T17:28:53.044+0000] {dagbag.py:538} INFO - Filling up the DagBag from /opt/airflow/dags/load_data.py
[2024-02-23T17:28:53.067+0000] {processor.py:840} INFO - DAG(s) 'data_to_google' retrieved from /opt/airflow/dags/load_data.py
[2024-02-23T17:28:53.093+0000] {logging_mixin.py:188} INFO - [2024-02-23T17:28:53.093+0000] {dag.py:3033} INFO - Sync 1 DAGs
[2024-02-23T17:28:53.122+0000] {logging_mixin.py:188} INFO - [2024-02-23T17:28:53.122+0000] {dag.py:3820} INFO - Setting next_dagrun for data_to_google to 2022-08-09T01:00:00+00:00, run_after=2022-08-10T01:00:00+00:00
[2024-02-23T17:28:53.148+0000] {processor.py:183} INFO - Processing /opt/airflow/dags/load_data.py took 0.110 seconds
[2024-02-23T17:29:23.808+0000] {processor.py:161} INFO - Started process (PID=5947) to work on /opt/airflow/dags/load_data.py
[2024-02-23T17:29:23.810+0000] {processor.py:830} INFO - Processing file /opt/airflow/dags/load_data.py for tasks to queue
[2024-02-23T17:29:23.812+0000] {logging_mixin.py:188} INFO - [2024-02-23T17:29:23.811+0000] {dagbag.py:538} INFO - Filling up the DagBag from /opt/airflow/dags/load_data.py
[2024-02-23T17:29:23.840+0000] {processor.py:840} INFO - DAG(s) 'data_to_google' retrieved from /opt/airflow/dags/load_data.py
[2024-02-23T17:29:23.870+0000] {logging_mixin.py:188} INFO - [2024-02-23T17:29:23.870+0000] {dag.py:3033} INFO - Sync 1 DAGs
[2024-02-23T17:29:23.902+0000] {logging_mixin.py:188} INFO - [2024-02-23T17:29:23.902+0000] {dag.py:3820} INFO - Setting next_dagrun for data_to_google to 2022-08-09T01:00:00+00:00, run_after=2022-08-10T01:00:00+00:00
[2024-02-23T17:29:23.945+0000] {processor.py:183} INFO - Processing /opt/airflow/dags/load_data.py took 0.143 seconds
[2024-02-23T17:29:54.135+0000] {processor.py:161} INFO - Started process (PID=6004) to work on /opt/airflow/dags/load_data.py
[2024-02-23T17:29:54.137+0000] {processor.py:830} INFO - Processing file /opt/airflow/dags/load_data.py for tasks to queue
[2024-02-23T17:29:54.138+0000] {logging_mixin.py:188} INFO - [2024-02-23T17:29:54.138+0000] {dagbag.py:538} INFO - Filling up the DagBag from /opt/airflow/dags/load_data.py
[2024-02-23T17:29:54.159+0000] {processor.py:840} INFO - DAG(s) 'data_to_google' retrieved from /opt/airflow/dags/load_data.py
[2024-02-23T17:29:54.184+0000] {logging_mixin.py:188} INFO - [2024-02-23T17:29:54.184+0000] {dag.py:3033} INFO - Sync 1 DAGs
[2024-02-23T17:29:54.212+0000] {logging_mixin.py:188} INFO - [2024-02-23T17:29:54.212+0000] {dag.py:3820} INFO - Setting next_dagrun for data_to_google to 2022-08-09T01:00:00+00:00, run_after=2022-08-10T01:00:00+00:00
[2024-02-23T17:29:54.253+0000] {processor.py:183} INFO - Processing /opt/airflow/dags/load_data.py took 0.123 seconds
[2024-02-23T17:30:24.506+0000] {processor.py:161} INFO - Started process (PID=6061) to work on /opt/airflow/dags/load_data.py
[2024-02-23T17:30:24.507+0000] {processor.py:830} INFO - Processing file /opt/airflow/dags/load_data.py for tasks to queue
[2024-02-23T17:30:24.509+0000] {logging_mixin.py:188} INFO - [2024-02-23T17:30:24.508+0000] {dagbag.py:538} INFO - Filling up the DagBag from /opt/airflow/dags/load_data.py
[2024-02-23T17:30:24.539+0000] {processor.py:840} INFO - DAG(s) 'data_to_google' retrieved from /opt/airflow/dags/load_data.py
[2024-02-23T17:30:24.567+0000] {logging_mixin.py:188} INFO - [2024-02-23T17:30:24.567+0000] {dag.py:3033} INFO - Sync 1 DAGs
[2024-02-23T17:30:24.600+0000] {logging_mixin.py:188} INFO - [2024-02-23T17:30:24.600+0000] {dag.py:3820} INFO - Setting next_dagrun for data_to_google to 2022-08-09T01:00:00+00:00, run_after=2022-08-10T01:00:00+00:00
[2024-02-23T17:30:24.628+0000] {processor.py:183} INFO - Processing /opt/airflow/dags/load_data.py took 0.128 seconds
[2024-02-23T17:30:54.785+0000] {processor.py:161} INFO - Started process (PID=6118) to work on /opt/airflow/dags/load_data.py
[2024-02-23T17:30:54.787+0000] {processor.py:830} INFO - Processing file /opt/airflow/dags/load_data.py for tasks to queue
[2024-02-23T17:30:54.788+0000] {logging_mixin.py:188} INFO - [2024-02-23T17:30:54.788+0000] {dagbag.py:538} INFO - Filling up the DagBag from /opt/airflow/dags/load_data.py
[2024-02-23T17:30:54.811+0000] {processor.py:840} INFO - DAG(s) 'data_to_google' retrieved from /opt/airflow/dags/load_data.py
[2024-02-23T17:30:54.835+0000] {logging_mixin.py:188} INFO - [2024-02-23T17:30:54.835+0000] {dag.py:3033} INFO - Sync 1 DAGs
[2024-02-23T17:30:54.865+0000] {logging_mixin.py:188} INFO - [2024-02-23T17:30:54.865+0000] {dag.py:3820} INFO - Setting next_dagrun for data_to_google to 2022-08-09T01:00:00+00:00, run_after=2022-08-10T01:00:00+00:00
[2024-02-23T17:30:54.926+0000] {processor.py:183} INFO - Processing /opt/airflow/dags/load_data.py took 0.146 seconds
[2024-02-23T17:31:25.416+0000] {processor.py:161} INFO - Started process (PID=6175) to work on /opt/airflow/dags/load_data.py
[2024-02-23T17:31:25.417+0000] {processor.py:830} INFO - Processing file /opt/airflow/dags/load_data.py for tasks to queue
[2024-02-23T17:31:25.419+0000] {logging_mixin.py:188} INFO - [2024-02-23T17:31:25.418+0000] {dagbag.py:538} INFO - Filling up the DagBag from /opt/airflow/dags/load_data.py
[2024-02-23T17:31:25.443+0000] {processor.py:840} INFO - DAG(s) 'data_to_google' retrieved from /opt/airflow/dags/load_data.py
[2024-02-23T17:31:25.468+0000] {logging_mixin.py:188} INFO - [2024-02-23T17:31:25.467+0000] {dag.py:3033} INFO - Sync 1 DAGs
[2024-02-23T17:31:25.497+0000] {logging_mixin.py:188} INFO - [2024-02-23T17:31:25.497+0000] {dag.py:3820} INFO - Setting next_dagrun for data_to_google to 2022-08-09T01:00:00+00:00, run_after=2022-08-10T01:00:00+00:00
[2024-02-23T17:31:25.560+0000] {processor.py:183} INFO - Processing /opt/airflow/dags/load_data.py took 0.148 seconds
[2024-02-23T17:31:56.350+0000] {processor.py:161} INFO - Started process (PID=6232) to work on /opt/airflow/dags/load_data.py
[2024-02-23T17:31:56.351+0000] {processor.py:830} INFO - Processing file /opt/airflow/dags/load_data.py for tasks to queue
[2024-02-23T17:31:56.352+0000] {logging_mixin.py:188} INFO - [2024-02-23T17:31:56.352+0000] {dagbag.py:538} INFO - Filling up the DagBag from /opt/airflow/dags/load_data.py
[2024-02-23T17:31:56.416+0000] {processor.py:840} INFO - DAG(s) 'data_to_google' retrieved from /opt/airflow/dags/load_data.py
[2024-02-23T17:31:56.439+0000] {logging_mixin.py:188} INFO - [2024-02-23T17:31:56.439+0000] {dag.py:3033} INFO - Sync 1 DAGs
[2024-02-23T17:31:56.467+0000] {logging_mixin.py:188} INFO - [2024-02-23T17:31:56.467+0000] {dag.py:3820} INFO - Setting next_dagrun for data_to_google to 2022-08-09T01:00:00+00:00, run_after=2022-08-10T01:00:00+00:00
[2024-02-23T17:31:56.493+0000] {processor.py:183} INFO - Processing /opt/airflow/dags/load_data.py took 0.148 seconds
[2024-02-23T17:32:27.237+0000] {processor.py:161} INFO - Started process (PID=6289) to work on /opt/airflow/dags/load_data.py
[2024-02-23T17:32:27.238+0000] {processor.py:830} INFO - Processing file /opt/airflow/dags/load_data.py for tasks to queue
[2024-02-23T17:32:27.239+0000] {logging_mixin.py:188} INFO - [2024-02-23T17:32:27.239+0000] {dagbag.py:538} INFO - Filling up the DagBag from /opt/airflow/dags/load_data.py
[2024-02-23T17:32:27.263+0000] {processor.py:840} INFO - DAG(s) 'data_to_google' retrieved from /opt/airflow/dags/load_data.py
[2024-02-23T17:32:27.291+0000] {logging_mixin.py:188} INFO - [2024-02-23T17:32:27.291+0000] {dag.py:3033} INFO - Sync 1 DAGs
[2024-02-23T17:32:27.322+0000] {logging_mixin.py:188} INFO - [2024-02-23T17:32:27.322+0000] {dag.py:3820} INFO - Setting next_dagrun for data_to_google to 2022-08-09T01:00:00+00:00, run_after=2022-08-10T01:00:00+00:00
[2024-02-23T17:32:27.348+0000] {processor.py:183} INFO - Processing /opt/airflow/dags/load_data.py took 0.115 seconds
[2024-02-23T17:32:57.633+0000] {processor.py:161} INFO - Started process (PID=6346) to work on /opt/airflow/dags/load_data.py
[2024-02-23T17:32:57.634+0000] {processor.py:830} INFO - Processing file /opt/airflow/dags/load_data.py for tasks to queue
[2024-02-23T17:32:57.636+0000] {logging_mixin.py:188} INFO - [2024-02-23T17:32:57.636+0000] {dagbag.py:538} INFO - Filling up the DagBag from /opt/airflow/dags/load_data.py
[2024-02-23T17:32:57.661+0000] {processor.py:840} INFO - DAG(s) 'data_to_google' retrieved from /opt/airflow/dags/load_data.py
[2024-02-23T17:32:57.687+0000] {logging_mixin.py:188} INFO - [2024-02-23T17:32:57.687+0000] {dag.py:3033} INFO - Sync 1 DAGs
[2024-02-23T17:32:57.718+0000] {logging_mixin.py:188} INFO - [2024-02-23T17:32:57.718+0000] {dag.py:3820} INFO - Setting next_dagrun for data_to_google to 2022-08-09T01:00:00+00:00, run_after=2022-08-10T01:00:00+00:00
[2024-02-23T17:32:57.780+0000] {processor.py:183} INFO - Processing /opt/airflow/dags/load_data.py took 0.156 seconds
[2024-02-23T17:33:28.136+0000] {processor.py:161} INFO - Started process (PID=6403) to work on /opt/airflow/dags/load_data.py
[2024-02-23T17:33:28.137+0000] {processor.py:830} INFO - Processing file /opt/airflow/dags/load_data.py for tasks to queue
[2024-02-23T17:33:28.138+0000] {logging_mixin.py:188} INFO - [2024-02-23T17:33:28.138+0000] {dagbag.py:538} INFO - Filling up the DagBag from /opt/airflow/dags/load_data.py
[2024-02-23T17:33:28.161+0000] {processor.py:840} INFO - DAG(s) 'data_to_google' retrieved from /opt/airflow/dags/load_data.py
[2024-02-23T17:33:28.183+0000] {logging_mixin.py:188} INFO - [2024-02-23T17:33:28.183+0000] {dag.py:3033} INFO - Sync 1 DAGs
[2024-02-23T17:33:28.214+0000] {logging_mixin.py:188} INFO - [2024-02-23T17:33:28.214+0000] {dag.py:3820} INFO - Setting next_dagrun for data_to_google to 2022-08-09T01:00:00+00:00, run_after=2022-08-10T01:00:00+00:00
[2024-02-23T17:33:28.240+0000] {processor.py:183} INFO - Processing /opt/airflow/dags/load_data.py took 0.110 seconds
[2024-02-23T17:33:58.630+0000] {processor.py:161} INFO - Started process (PID=6460) to work on /opt/airflow/dags/load_data.py
[2024-02-23T17:33:58.631+0000] {processor.py:830} INFO - Processing file /opt/airflow/dags/load_data.py for tasks to queue
[2024-02-23T17:33:58.633+0000] {logging_mixin.py:188} INFO - [2024-02-23T17:33:58.632+0000] {dagbag.py:538} INFO - Filling up the DagBag from /opt/airflow/dags/load_data.py
[2024-02-23T17:33:58.656+0000] {processor.py:840} INFO - DAG(s) 'data_to_google' retrieved from /opt/airflow/dags/load_data.py
[2024-02-23T17:33:58.679+0000] {logging_mixin.py:188} INFO - [2024-02-23T17:33:58.679+0000] {dag.py:3033} INFO - Sync 1 DAGs
[2024-02-23T17:33:58.709+0000] {logging_mixin.py:188} INFO - [2024-02-23T17:33:58.709+0000] {dag.py:3820} INFO - Setting next_dagrun for data_to_google to 2022-08-09T01:00:00+00:00, run_after=2022-08-10T01:00:00+00:00
[2024-02-23T17:33:58.769+0000] {processor.py:183} INFO - Processing /opt/airflow/dags/load_data.py took 0.146 seconds
[2024-02-23T17:34:29.578+0000] {processor.py:161} INFO - Started process (PID=6518) to work on /opt/airflow/dags/load_data.py
[2024-02-23T17:34:29.579+0000] {processor.py:830} INFO - Processing file /opt/airflow/dags/load_data.py for tasks to queue
[2024-02-23T17:34:29.580+0000] {logging_mixin.py:188} INFO - [2024-02-23T17:34:29.580+0000] {dagbag.py:538} INFO - Filling up the DagBag from /opt/airflow/dags/load_data.py
[2024-02-23T17:34:29.605+0000] {processor.py:840} INFO - DAG(s) 'data_to_google' retrieved from /opt/airflow/dags/load_data.py
[2024-02-23T17:34:29.631+0000] {logging_mixin.py:188} INFO - [2024-02-23T17:34:29.631+0000] {dag.py:3033} INFO - Sync 1 DAGs
[2024-02-23T17:34:29.664+0000] {logging_mixin.py:188} INFO - [2024-02-23T17:34:29.664+0000] {dag.py:3820} INFO - Setting next_dagrun for data_to_google to 2022-08-09T01:00:00+00:00, run_after=2022-08-10T01:00:00+00:00
[2024-02-23T17:34:29.727+0000] {processor.py:183} INFO - Processing /opt/airflow/dags/load_data.py took 0.154 seconds
[2024-02-23T17:34:59.961+0000] {processor.py:161} INFO - Started process (PID=6575) to work on /opt/airflow/dags/load_data.py
[2024-02-23T17:34:59.962+0000] {processor.py:830} INFO - Processing file /opt/airflow/dags/load_data.py for tasks to queue
[2024-02-23T17:34:59.964+0000] {logging_mixin.py:188} INFO - [2024-02-23T17:34:59.963+0000] {dagbag.py:538} INFO - Filling up the DagBag from /opt/airflow/dags/load_data.py
[2024-02-23T17:34:59.987+0000] {processor.py:840} INFO - DAG(s) 'data_to_google' retrieved from /opt/airflow/dags/load_data.py
[2024-02-23T17:35:00.011+0000] {logging_mixin.py:188} INFO - [2024-02-23T17:35:00.011+0000] {dag.py:3033} INFO - Sync 1 DAGs
[2024-02-23T17:35:00.045+0000] {logging_mixin.py:188} INFO - [2024-02-23T17:35:00.045+0000] {dag.py:3820} INFO - Setting next_dagrun for data_to_google to 2022-08-09T01:00:00+00:00, run_after=2022-08-10T01:00:00+00:00
[2024-02-23T17:35:00.108+0000] {processor.py:183} INFO - Processing /opt/airflow/dags/load_data.py took 0.152 seconds
[2024-02-23T17:35:30.287+0000] {processor.py:161} INFO - Started process (PID=6632) to work on /opt/airflow/dags/load_data.py
[2024-02-23T17:35:30.288+0000] {processor.py:830} INFO - Processing file /opt/airflow/dags/load_data.py for tasks to queue
[2024-02-23T17:35:30.290+0000] {logging_mixin.py:188} INFO - [2024-02-23T17:35:30.289+0000] {dagbag.py:538} INFO - Filling up the DagBag from /opt/airflow/dags/load_data.py
[2024-02-23T17:35:30.313+0000] {processor.py:840} INFO - DAG(s) 'data_to_google' retrieved from /opt/airflow/dags/load_data.py
[2024-02-23T17:35:30.336+0000] {logging_mixin.py:188} INFO - [2024-02-23T17:35:30.336+0000] {dag.py:3033} INFO - Sync 1 DAGs
[2024-02-23T17:35:30.368+0000] {logging_mixin.py:188} INFO - [2024-02-23T17:35:30.368+0000] {dag.py:3820} INFO - Setting next_dagrun for data_to_google to 2022-08-09T01:00:00+00:00, run_after=2022-08-10T01:00:00+00:00
[2024-02-23T17:35:30.394+0000] {processor.py:183} INFO - Processing /opt/airflow/dags/load_data.py took 0.113 seconds
[2024-02-23T17:36:00.566+0000] {processor.py:161} INFO - Started process (PID=6689) to work on /opt/airflow/dags/load_data.py
[2024-02-23T17:36:00.567+0000] {processor.py:830} INFO - Processing file /opt/airflow/dags/load_data.py for tasks to queue
[2024-02-23T17:36:00.569+0000] {logging_mixin.py:188} INFO - [2024-02-23T17:36:00.568+0000] {dagbag.py:538} INFO - Filling up the DagBag from /opt/airflow/dags/load_data.py
[2024-02-23T17:36:00.593+0000] {processor.py:840} INFO - DAG(s) 'data_to_google' retrieved from /opt/airflow/dags/load_data.py
[2024-02-23T17:36:00.618+0000] {logging_mixin.py:188} INFO - [2024-02-23T17:36:00.617+0000] {dag.py:3033} INFO - Sync 1 DAGs
[2024-02-23T17:36:00.645+0000] {logging_mixin.py:188} INFO - [2024-02-23T17:36:00.645+0000] {dag.py:3820} INFO - Setting next_dagrun for data_to_google to 2022-08-09T01:00:00+00:00, run_after=2022-08-10T01:00:00+00:00
[2024-02-23T17:36:00.704+0000] {processor.py:183} INFO - Processing /opt/airflow/dags/load_data.py took 0.144 seconds
[2024-02-23T17:36:31.421+0000] {processor.py:161} INFO - Started process (PID=6745) to work on /opt/airflow/dags/load_data.py
[2024-02-23T17:36:31.422+0000] {processor.py:830} INFO - Processing file /opt/airflow/dags/load_data.py for tasks to queue
[2024-02-23T17:36:31.423+0000] {logging_mixin.py:188} INFO - [2024-02-23T17:36:31.423+0000] {dagbag.py:538} INFO - Filling up the DagBag from /opt/airflow/dags/load_data.py
[2024-02-23T17:36:31.445+0000] {processor.py:840} INFO - DAG(s) 'data_to_google' retrieved from /opt/airflow/dags/load_data.py
[2024-02-23T17:36:31.470+0000] {logging_mixin.py:188} INFO - [2024-02-23T17:36:31.469+0000] {dag.py:3033} INFO - Sync 1 DAGs
[2024-02-23T17:36:31.498+0000] {logging_mixin.py:188} INFO - [2024-02-23T17:36:31.498+0000] {dag.py:3820} INFO - Setting next_dagrun for data_to_google to 2022-08-09T01:00:00+00:00, run_after=2022-08-10T01:00:00+00:00
[2024-02-23T17:36:31.525+0000] {processor.py:183} INFO - Processing /opt/airflow/dags/load_data.py took 0.109 seconds
[2024-02-23T17:37:02.251+0000] {processor.py:161} INFO - Started process (PID=6802) to work on /opt/airflow/dags/load_data.py
[2024-02-23T17:37:02.252+0000] {processor.py:830} INFO - Processing file /opt/airflow/dags/load_data.py for tasks to queue
[2024-02-23T17:37:02.253+0000] {logging_mixin.py:188} INFO - [2024-02-23T17:37:02.253+0000] {dagbag.py:538} INFO - Filling up the DagBag from /opt/airflow/dags/load_data.py
[2024-02-23T17:37:02.274+0000] {processor.py:840} INFO - DAG(s) 'data_to_google' retrieved from /opt/airflow/dags/load_data.py
[2024-02-23T17:37:02.298+0000] {logging_mixin.py:188} INFO - [2024-02-23T17:37:02.298+0000] {dag.py:3033} INFO - Sync 1 DAGs
[2024-02-23T17:37:02.328+0000] {logging_mixin.py:188} INFO - [2024-02-23T17:37:02.327+0000] {dag.py:3820} INFO - Setting next_dagrun for data_to_google to 2022-08-09T01:00:00+00:00, run_after=2022-08-10T01:00:00+00:00
[2024-02-23T17:37:02.390+0000] {processor.py:183} INFO - Processing /opt/airflow/dags/load_data.py took 0.143 seconds
[2024-02-23T17:37:32.461+0000] {processor.py:161} INFO - Started process (PID=6859) to work on /opt/airflow/dags/load_data.py
[2024-02-23T17:37:32.462+0000] {processor.py:830} INFO - Processing file /opt/airflow/dags/load_data.py for tasks to queue
[2024-02-23T17:37:32.464+0000] {logging_mixin.py:188} INFO - [2024-02-23T17:37:32.463+0000] {dagbag.py:538} INFO - Filling up the DagBag from /opt/airflow/dags/load_data.py
[2024-02-23T17:37:32.487+0000] {processor.py:840} INFO - DAG(s) 'data_to_google' retrieved from /opt/airflow/dags/load_data.py
[2024-02-23T17:37:32.512+0000] {logging_mixin.py:188} INFO - [2024-02-23T17:37:32.511+0000] {dag.py:3033} INFO - Sync 1 DAGs
[2024-02-23T17:37:32.541+0000] {logging_mixin.py:188} INFO - [2024-02-23T17:37:32.541+0000] {dag.py:3820} INFO - Setting next_dagrun for data_to_google to 2022-08-09T01:00:00+00:00, run_after=2022-08-10T01:00:00+00:00
[2024-02-23T17:37:32.601+0000] {processor.py:183} INFO - Processing /opt/airflow/dags/load_data.py took 0.146 seconds
[2024-02-23T17:38:03.506+0000] {processor.py:161} INFO - Started process (PID=6916) to work on /opt/airflow/dags/load_data.py
[2024-02-23T17:38:03.507+0000] {processor.py:830} INFO - Processing file /opt/airflow/dags/load_data.py for tasks to queue
[2024-02-23T17:38:03.509+0000] {logging_mixin.py:188} INFO - [2024-02-23T17:38:03.508+0000] {dagbag.py:538} INFO - Filling up the DagBag from /opt/airflow/dags/load_data.py
[2024-02-23T17:38:03.530+0000] {processor.py:840} INFO - DAG(s) 'data_to_google' retrieved from /opt/airflow/dags/load_data.py
[2024-02-23T17:38:03.553+0000] {logging_mixin.py:188} INFO - [2024-02-23T17:38:03.553+0000] {dag.py:3033} INFO - Sync 1 DAGs
[2024-02-23T17:38:03.580+0000] {logging_mixin.py:188} INFO - [2024-02-23T17:38:03.579+0000] {dag.py:3820} INFO - Setting next_dagrun for data_to_google to 2022-08-09T01:00:00+00:00, run_after=2022-08-10T01:00:00+00:00
[2024-02-23T17:38:03.641+0000] {processor.py:183} INFO - Processing /opt/airflow/dags/load_data.py took 0.140 seconds
[2024-02-23T17:38:33.786+0000] {processor.py:161} INFO - Started process (PID=6973) to work on /opt/airflow/dags/load_data.py
[2024-02-23T17:38:33.787+0000] {processor.py:830} INFO - Processing file /opt/airflow/dags/load_data.py for tasks to queue
[2024-02-23T17:38:33.789+0000] {logging_mixin.py:188} INFO - [2024-02-23T17:38:33.788+0000] {dagbag.py:538} INFO - Filling up the DagBag from /opt/airflow/dags/load_data.py
[2024-02-23T17:38:33.815+0000] {processor.py:840} INFO - DAG(s) 'data_to_google' retrieved from /opt/airflow/dags/load_data.py
[2024-02-23T17:38:33.846+0000] {logging_mixin.py:188} INFO - [2024-02-23T17:38:33.846+0000] {dag.py:3033} INFO - Sync 1 DAGs
[2024-02-23T17:38:33.883+0000] {logging_mixin.py:188} INFO - [2024-02-23T17:38:33.883+0000] {dag.py:3820} INFO - Setting next_dagrun for data_to_google to 2022-08-09T01:00:00+00:00, run_after=2022-08-10T01:00:00+00:00
[2024-02-23T17:38:33.910+0000] {processor.py:183} INFO - Processing /opt/airflow/dags/load_data.py took 0.129 seconds
[2024-02-23T17:39:04.353+0000] {processor.py:161} INFO - Started process (PID=7030) to work on /opt/airflow/dags/load_data.py
[2024-02-23T17:39:04.355+0000] {processor.py:830} INFO - Processing file /opt/airflow/dags/load_data.py for tasks to queue
[2024-02-23T17:39:04.357+0000] {logging_mixin.py:188} INFO - [2024-02-23T17:39:04.356+0000] {dagbag.py:538} INFO - Filling up the DagBag from /opt/airflow/dags/load_data.py
[2024-02-23T17:39:04.381+0000] {processor.py:840} INFO - DAG(s) 'data_to_google' retrieved from /opt/airflow/dags/load_data.py
[2024-02-23T17:39:04.405+0000] {logging_mixin.py:188} INFO - [2024-02-23T17:39:04.404+0000] {dag.py:3033} INFO - Sync 1 DAGs
[2024-02-23T17:39:04.433+0000] {logging_mixin.py:188} INFO - [2024-02-23T17:39:04.433+0000] {dag.py:3820} INFO - Setting next_dagrun for data_to_google to 2022-08-09T01:00:00+00:00, run_after=2022-08-10T01:00:00+00:00
[2024-02-23T17:39:04.461+0000] {processor.py:183} INFO - Processing /opt/airflow/dags/load_data.py took 0.114 seconds
[2024-02-23T17:39:34.953+0000] {processor.py:161} INFO - Started process (PID=7087) to work on /opt/airflow/dags/load_data.py
[2024-02-23T17:39:34.954+0000] {processor.py:830} INFO - Processing file /opt/airflow/dags/load_data.py for tasks to queue
[2024-02-23T17:39:34.955+0000] {logging_mixin.py:188} INFO - [2024-02-23T17:39:34.955+0000] {dagbag.py:538} INFO - Filling up the DagBag from /opt/airflow/dags/load_data.py
[2024-02-23T17:39:34.986+0000] {processor.py:840} INFO - DAG(s) 'data_to_google' retrieved from /opt/airflow/dags/load_data.py
[2024-02-23T17:39:35.020+0000] {logging_mixin.py:188} INFO - [2024-02-23T17:39:35.019+0000] {dag.py:3033} INFO - Sync 1 DAGs
[2024-02-23T17:39:35.049+0000] {logging_mixin.py:188} INFO - [2024-02-23T17:39:35.049+0000] {dag.py:3820} INFO - Setting next_dagrun for data_to_google to 2022-08-09T01:00:00+00:00, run_after=2022-08-10T01:00:00+00:00
[2024-02-23T17:39:35.077+0000] {processor.py:183} INFO - Processing /opt/airflow/dags/load_data.py took 0.127 seconds
[2024-02-23T17:40:05.377+0000] {processor.py:161} INFO - Started process (PID=7144) to work on /opt/airflow/dags/load_data.py
[2024-02-23T17:40:05.378+0000] {processor.py:830} INFO - Processing file /opt/airflow/dags/load_data.py for tasks to queue
[2024-02-23T17:40:05.380+0000] {logging_mixin.py:188} INFO - [2024-02-23T17:40:05.379+0000] {dagbag.py:538} INFO - Filling up the DagBag from /opt/airflow/dags/load_data.py
[2024-02-23T17:40:05.406+0000] {processor.py:840} INFO - DAG(s) 'data_to_google' retrieved from /opt/airflow/dags/load_data.py
[2024-02-23T17:40:05.434+0000] {logging_mixin.py:188} INFO - [2024-02-23T17:40:05.433+0000] {dag.py:3033} INFO - Sync 1 DAGs
[2024-02-23T17:40:05.476+0000] {logging_mixin.py:188} INFO - [2024-02-23T17:40:05.475+0000] {dag.py:3820} INFO - Setting next_dagrun for data_to_google to 2022-08-09T01:00:00+00:00, run_after=2022-08-10T01:00:00+00:00
[2024-02-23T17:40:05.538+0000] {processor.py:183} INFO - Processing /opt/airflow/dags/load_data.py took 0.169 seconds
[2024-02-23T17:40:35.795+0000] {processor.py:161} INFO - Started process (PID=7201) to work on /opt/airflow/dags/load_data.py
[2024-02-23T17:40:35.797+0000] {processor.py:830} INFO - Processing file /opt/airflow/dags/load_data.py for tasks to queue
[2024-02-23T17:40:35.798+0000] {logging_mixin.py:188} INFO - [2024-02-23T17:40:35.798+0000] {dagbag.py:538} INFO - Filling up the DagBag from /opt/airflow/dags/load_data.py
[2024-02-23T17:40:35.820+0000] {processor.py:840} INFO - DAG(s) 'data_to_google' retrieved from /opt/airflow/dags/load_data.py
[2024-02-23T17:40:35.844+0000] {logging_mixin.py:188} INFO - [2024-02-23T17:40:35.844+0000] {dag.py:3033} INFO - Sync 1 DAGs
[2024-02-23T17:40:35.871+0000] {logging_mixin.py:188} INFO - [2024-02-23T17:40:35.871+0000] {dag.py:3820} INFO - Setting next_dagrun for data_to_google to 2022-08-09T01:00:00+00:00, run_after=2022-08-10T01:00:00+00:00
[2024-02-23T17:40:35.935+0000] {processor.py:183} INFO - Processing /opt/airflow/dags/load_data.py took 0.145 seconds
[2024-02-23T17:41:06.334+0000] {processor.py:161} INFO - Started process (PID=7258) to work on /opt/airflow/dags/load_data.py
[2024-02-23T17:41:06.335+0000] {processor.py:830} INFO - Processing file /opt/airflow/dags/load_data.py for tasks to queue
[2024-02-23T17:41:06.337+0000] {logging_mixin.py:188} INFO - [2024-02-23T17:41:06.336+0000] {dagbag.py:538} INFO - Filling up the DagBag from /opt/airflow/dags/load_data.py
[2024-02-23T17:41:06.361+0000] {processor.py:840} INFO - DAG(s) 'data_to_google' retrieved from /opt/airflow/dags/load_data.py
[2024-02-23T17:41:06.385+0000] {logging_mixin.py:188} INFO - [2024-02-23T17:41:06.385+0000] {dag.py:3033} INFO - Sync 1 DAGs
[2024-02-23T17:41:06.418+0000] {logging_mixin.py:188} INFO - [2024-02-23T17:41:06.418+0000] {dag.py:3820} INFO - Setting next_dagrun for data_to_google to 2022-08-09T01:00:00+00:00, run_after=2022-08-10T01:00:00+00:00
[2024-02-23T17:41:06.450+0000] {processor.py:183} INFO - Processing /opt/airflow/dags/load_data.py took 0.122 seconds
[2024-02-23T17:41:36.814+0000] {processor.py:161} INFO - Started process (PID=7316) to work on /opt/airflow/dags/load_data.py
[2024-02-23T17:41:36.815+0000] {processor.py:830} INFO - Processing file /opt/airflow/dags/load_data.py for tasks to queue
[2024-02-23T17:41:36.817+0000] {logging_mixin.py:188} INFO - [2024-02-23T17:41:36.816+0000] {dagbag.py:538} INFO - Filling up the DagBag from /opt/airflow/dags/load_data.py
[2024-02-23T17:41:36.876+0000] {processor.py:840} INFO - DAG(s) 'data_to_google' retrieved from /opt/airflow/dags/load_data.py
[2024-02-23T17:41:36.900+0000] {logging_mixin.py:188} INFO - [2024-02-23T17:41:36.900+0000] {dag.py:3033} INFO - Sync 1 DAGs
[2024-02-23T17:41:36.928+0000] {logging_mixin.py:188} INFO - [2024-02-23T17:41:36.928+0000] {dag.py:3820} INFO - Setting next_dagrun for data_to_google to 2022-08-09T01:00:00+00:00, run_after=2022-08-10T01:00:00+00:00
[2024-02-23T17:41:36.956+0000] {processor.py:183} INFO - Processing /opt/airflow/dags/load_data.py took 0.147 seconds
[2024-02-23T17:42:07.717+0000] {processor.py:161} INFO - Started process (PID=7373) to work on /opt/airflow/dags/load_data.py
[2024-02-23T17:42:07.719+0000] {processor.py:830} INFO - Processing file /opt/airflow/dags/load_data.py for tasks to queue
[2024-02-23T17:42:07.720+0000] {logging_mixin.py:188} INFO - [2024-02-23T17:42:07.720+0000] {dagbag.py:538} INFO - Filling up the DagBag from /opt/airflow/dags/load_data.py
[2024-02-23T17:42:07.743+0000] {processor.py:840} INFO - DAG(s) 'data_to_google' retrieved from /opt/airflow/dags/load_data.py
[2024-02-23T17:42:07.768+0000] {logging_mixin.py:188} INFO - [2024-02-23T17:42:07.768+0000] {dag.py:3033} INFO - Sync 1 DAGs
[2024-02-23T17:42:07.798+0000] {logging_mixin.py:188} INFO - [2024-02-23T17:42:07.798+0000] {dag.py:3820} INFO - Setting next_dagrun for data_to_google to 2022-08-09T01:00:00+00:00, run_after=2022-08-10T01:00:00+00:00
[2024-02-23T17:42:07.826+0000] {processor.py:183} INFO - Processing /opt/airflow/dags/load_data.py took 0.114 seconds
[2024-02-23T17:42:38.499+0000] {processor.py:161} INFO - Started process (PID=7430) to work on /opt/airflow/dags/load_data.py
[2024-02-23T17:42:38.500+0000] {processor.py:830} INFO - Processing file /opt/airflow/dags/load_data.py for tasks to queue
[2024-02-23T17:42:38.501+0000] {logging_mixin.py:188} INFO - [2024-02-23T17:42:38.501+0000] {dagbag.py:538} INFO - Filling up the DagBag from /opt/airflow/dags/load_data.py
[2024-02-23T17:42:38.524+0000] {processor.py:840} INFO - DAG(s) 'data_to_google' retrieved from /opt/airflow/dags/load_data.py
[2024-02-23T17:42:38.547+0000] {logging_mixin.py:188} INFO - [2024-02-23T17:42:38.547+0000] {dag.py:3033} INFO - Sync 1 DAGs
[2024-02-23T17:42:38.574+0000] {logging_mixin.py:188} INFO - [2024-02-23T17:42:38.573+0000] {dag.py:3820} INFO - Setting next_dagrun for data_to_google to 2022-08-09T01:00:00+00:00, run_after=2022-08-10T01:00:00+00:00
[2024-02-23T17:42:38.634+0000] {processor.py:183} INFO - Processing /opt/airflow/dags/load_data.py took 0.140 seconds
[2024-02-23T17:43:08.704+0000] {processor.py:161} INFO - Started process (PID=7487) to work on /opt/airflow/dags/load_data.py
[2024-02-23T17:43:08.705+0000] {processor.py:830} INFO - Processing file /opt/airflow/dags/load_data.py for tasks to queue
[2024-02-23T17:43:08.707+0000] {logging_mixin.py:188} INFO - [2024-02-23T17:43:08.707+0000] {dagbag.py:538} INFO - Filling up the DagBag from /opt/airflow/dags/load_data.py
[2024-02-23T17:43:08.730+0000] {processor.py:840} INFO - DAG(s) 'data_to_google' retrieved from /opt/airflow/dags/load_data.py
[2024-02-23T17:43:08.755+0000] {logging_mixin.py:188} INFO - [2024-02-23T17:43:08.755+0000] {dag.py:3033} INFO - Sync 1 DAGs
[2024-02-23T17:43:08.780+0000] {logging_mixin.py:188} INFO - [2024-02-23T17:43:08.780+0000] {dag.py:3820} INFO - Setting next_dagrun for data_to_google to 2022-08-09T01:00:00+00:00, run_after=2022-08-10T01:00:00+00:00
[2024-02-23T17:43:08.854+0000] {processor.py:183} INFO - Processing /opt/airflow/dags/load_data.py took 0.154 seconds
[2024-02-23T17:43:39.210+0000] {processor.py:161} INFO - Started process (PID=7544) to work on /opt/airflow/dags/load_data.py
[2024-02-23T17:43:39.212+0000] {processor.py:830} INFO - Processing file /opt/airflow/dags/load_data.py for tasks to queue
[2024-02-23T17:43:39.213+0000] {logging_mixin.py:188} INFO - [2024-02-23T17:43:39.213+0000] {dagbag.py:538} INFO - Filling up the DagBag from /opt/airflow/dags/load_data.py
[2024-02-23T17:43:39.235+0000] {processor.py:840} INFO - DAG(s) 'data_to_google' retrieved from /opt/airflow/dags/load_data.py
[2024-02-23T17:43:39.260+0000] {logging_mixin.py:188} INFO - [2024-02-23T17:43:39.260+0000] {dag.py:3033} INFO - Sync 1 DAGs
[2024-02-23T17:43:39.287+0000] {logging_mixin.py:188} INFO - [2024-02-23T17:43:39.287+0000] {dag.py:3820} INFO - Setting next_dagrun for data_to_google to 2022-08-09T01:00:00+00:00, run_after=2022-08-10T01:00:00+00:00
[2024-02-23T17:43:39.319+0000] {processor.py:183} INFO - Processing /opt/airflow/dags/load_data.py took 0.113 seconds
[2024-02-23T17:44:09.975+0000] {processor.py:161} INFO - Started process (PID=7601) to work on /opt/airflow/dags/load_data.py
[2024-02-23T17:44:09.976+0000] {processor.py:830} INFO - Processing file /opt/airflow/dags/load_data.py for tasks to queue
[2024-02-23T17:44:09.978+0000] {logging_mixin.py:188} INFO - [2024-02-23T17:44:09.977+0000] {dagbag.py:538} INFO - Filling up the DagBag from /opt/airflow/dags/load_data.py
[2024-02-23T17:44:10.005+0000] {processor.py:840} INFO - DAG(s) 'data_to_google' retrieved from /opt/airflow/dags/load_data.py
[2024-02-23T17:44:10.030+0000] {logging_mixin.py:188} INFO - [2024-02-23T17:44:10.030+0000] {dag.py:3033} INFO - Sync 1 DAGs
[2024-02-23T17:44:10.058+0000] {logging_mixin.py:188} INFO - [2024-02-23T17:44:10.058+0000] {dag.py:3820} INFO - Setting next_dagrun for data_to_google to 2022-08-09T01:00:00+00:00, run_after=2022-08-10T01:00:00+00:00
[2024-02-23T17:44:10.084+0000] {processor.py:183} INFO - Processing /opt/airflow/dags/load_data.py took 0.114 seconds
[2024-02-23T17:44:40.270+0000] {processor.py:161} INFO - Started process (PID=7658) to work on /opt/airflow/dags/load_data.py
[2024-02-23T17:44:40.271+0000] {processor.py:830} INFO - Processing file /opt/airflow/dags/load_data.py for tasks to queue
[2024-02-23T17:44:40.273+0000] {logging_mixin.py:188} INFO - [2024-02-23T17:44:40.273+0000] {dagbag.py:538} INFO - Filling up the DagBag from /opt/airflow/dags/load_data.py
[2024-02-23T17:44:40.299+0000] {processor.py:840} INFO - DAG(s) 'data_to_google' retrieved from /opt/airflow/dags/load_data.py
[2024-02-23T17:44:40.328+0000] {logging_mixin.py:188} INFO - [2024-02-23T17:44:40.328+0000] {dag.py:3033} INFO - Sync 1 DAGs
[2024-02-23T17:44:40.363+0000] {logging_mixin.py:188} INFO - [2024-02-23T17:44:40.362+0000] {dag.py:3820} INFO - Setting next_dagrun for data_to_google to 2022-08-09T01:00:00+00:00, run_after=2022-08-10T01:00:00+00:00
[2024-02-23T17:44:40.430+0000] {processor.py:183} INFO - Processing /opt/airflow/dags/load_data.py took 0.165 seconds
[2024-02-23T17:45:10.622+0000] {processor.py:161} INFO - Started process (PID=7715) to work on /opt/airflow/dags/load_data.py
[2024-02-23T17:45:10.624+0000] {processor.py:830} INFO - Processing file /opt/airflow/dags/load_data.py for tasks to queue
[2024-02-23T17:45:10.625+0000] {logging_mixin.py:188} INFO - [2024-02-23T17:45:10.625+0000] {dagbag.py:538} INFO - Filling up the DagBag from /opt/airflow/dags/load_data.py
[2024-02-23T17:45:10.654+0000] {processor.py:840} INFO - DAG(s) 'data_to_google' retrieved from /opt/airflow/dags/load_data.py
[2024-02-23T17:45:10.680+0000] {logging_mixin.py:188} INFO - [2024-02-23T17:45:10.680+0000] {dag.py:3033} INFO - Sync 1 DAGs
[2024-02-23T17:45:10.714+0000] {logging_mixin.py:188} INFO - [2024-02-23T17:45:10.714+0000] {dag.py:3820} INFO - Setting next_dagrun for data_to_google to 2022-08-09T01:00:00+00:00, run_after=2022-08-10T01:00:00+00:00
[2024-02-23T17:45:10.748+0000] {processor.py:183} INFO - Processing /opt/airflow/dags/load_data.py took 0.132 seconds
[2024-02-23T17:45:41.120+0000] {processor.py:161} INFO - Started process (PID=7772) to work on /opt/airflow/dags/load_data.py
[2024-02-23T17:45:41.121+0000] {processor.py:830} INFO - Processing file /opt/airflow/dags/load_data.py for tasks to queue
[2024-02-23T17:45:41.123+0000] {logging_mixin.py:188} INFO - [2024-02-23T17:45:41.123+0000] {dagbag.py:538} INFO - Filling up the DagBag from /opt/airflow/dags/load_data.py
[2024-02-23T17:45:41.143+0000] {processor.py:840} INFO - DAG(s) 'data_to_google' retrieved from /opt/airflow/dags/load_data.py
[2024-02-23T17:45:41.164+0000] {logging_mixin.py:188} INFO - [2024-02-23T17:45:41.164+0000] {dag.py:3033} INFO - Sync 1 DAGs
[2024-02-23T17:45:41.190+0000] {logging_mixin.py:188} INFO - [2024-02-23T17:45:41.190+0000] {dag.py:3820} INFO - Setting next_dagrun for data_to_google to 2022-08-09T01:00:00+00:00, run_after=2022-08-10T01:00:00+00:00
[2024-02-23T17:45:41.214+0000] {processor.py:183} INFO - Processing /opt/airflow/dags/load_data.py took 0.098 seconds
[2024-02-23T17:46:11.521+0000] {processor.py:161} INFO - Started process (PID=7829) to work on /opt/airflow/dags/load_data.py
[2024-02-23T17:46:11.523+0000] {processor.py:830} INFO - Processing file /opt/airflow/dags/load_data.py for tasks to queue
[2024-02-23T17:46:11.524+0000] {logging_mixin.py:188} INFO - [2024-02-23T17:46:11.524+0000] {dagbag.py:538} INFO - Filling up the DagBag from /opt/airflow/dags/load_data.py
[2024-02-23T17:46:11.548+0000] {processor.py:840} INFO - DAG(s) 'data_to_google' retrieved from /opt/airflow/dags/load_data.py
[2024-02-23T17:46:11.576+0000] {logging_mixin.py:188} INFO - [2024-02-23T17:46:11.576+0000] {dag.py:3033} INFO - Sync 1 DAGs
[2024-02-23T17:46:11.612+0000] {logging_mixin.py:188} INFO - [2024-02-23T17:46:11.611+0000] {dag.py:3820} INFO - Setting next_dagrun for data_to_google to 2022-08-09T01:00:00+00:00, run_after=2022-08-10T01:00:00+00:00
[2024-02-23T17:46:11.672+0000] {processor.py:183} INFO - Processing /opt/airflow/dags/load_data.py took 0.155 seconds
[2024-02-23T17:46:41.856+0000] {processor.py:161} INFO - Started process (PID=7884) to work on /opt/airflow/dags/load_data.py
[2024-02-23T17:46:41.858+0000] {processor.py:830} INFO - Processing file /opt/airflow/dags/load_data.py for tasks to queue
[2024-02-23T17:46:41.860+0000] {logging_mixin.py:188} INFO - [2024-02-23T17:46:41.860+0000] {dagbag.py:538} INFO - Filling up the DagBag from /opt/airflow/dags/load_data.py
[2024-02-23T17:46:41.881+0000] {processor.py:840} INFO - DAG(s) 'data_to_google' retrieved from /opt/airflow/dags/load_data.py
[2024-02-23T17:46:41.905+0000] {logging_mixin.py:188} INFO - [2024-02-23T17:46:41.905+0000] {dag.py:3033} INFO - Sync 1 DAGs
[2024-02-23T17:46:41.937+0000] {logging_mixin.py:188} INFO - [2024-02-23T17:46:41.937+0000] {dag.py:3820} INFO - Setting next_dagrun for data_to_google to 2022-08-09T01:00:00+00:00, run_after=2022-08-10T01:00:00+00:00
[2024-02-23T17:46:41.999+0000] {processor.py:183} INFO - Processing /opt/airflow/dags/load_data.py took 0.148 seconds
[2024-02-23T17:47:12.447+0000] {processor.py:161} INFO - Started process (PID=7940) to work on /opt/airflow/dags/load_data.py
[2024-02-23T17:47:12.448+0000] {processor.py:830} INFO - Processing file /opt/airflow/dags/load_data.py for tasks to queue
[2024-02-23T17:47:12.449+0000] {logging_mixin.py:188} INFO - [2024-02-23T17:47:12.449+0000] {dagbag.py:538} INFO - Filling up the DagBag from /opt/airflow/dags/load_data.py
[2024-02-23T17:47:12.473+0000] {processor.py:840} INFO - DAG(s) 'data_to_google' retrieved from /opt/airflow/dags/load_data.py
[2024-02-23T17:47:12.496+0000] {logging_mixin.py:188} INFO - [2024-02-23T17:47:12.496+0000] {dag.py:3033} INFO - Sync 1 DAGs
[2024-02-23T17:47:12.525+0000] {logging_mixin.py:188} INFO - [2024-02-23T17:47:12.525+0000] {dag.py:3820} INFO - Setting next_dagrun for data_to_google to 2022-08-09T01:00:00+00:00, run_after=2022-08-10T01:00:00+00:00
[2024-02-23T17:47:12.583+0000] {processor.py:183} INFO - Processing /opt/airflow/dags/load_data.py took 0.141 seconds
[2024-02-23T17:47:42.734+0000] {processor.py:161} INFO - Started process (PID=7997) to work on /opt/airflow/dags/load_data.py
[2024-02-23T17:47:42.736+0000] {processor.py:830} INFO - Processing file /opt/airflow/dags/load_data.py for tasks to queue
[2024-02-23T17:47:42.738+0000] {logging_mixin.py:188} INFO - [2024-02-23T17:47:42.737+0000] {dagbag.py:538} INFO - Filling up the DagBag from /opt/airflow/dags/load_data.py
[2024-02-23T17:47:42.763+0000] {processor.py:840} INFO - DAG(s) 'data_to_google' retrieved from /opt/airflow/dags/load_data.py
[2024-02-23T17:47:42.792+0000] {logging_mixin.py:188} INFO - [2024-02-23T17:47:42.792+0000] {dag.py:3033} INFO - Sync 1 DAGs
[2024-02-23T17:47:42.822+0000] {logging_mixin.py:188} INFO - [2024-02-23T17:47:42.822+0000] {dag.py:3820} INFO - Setting next_dagrun for data_to_google to 2022-08-09T01:00:00+00:00, run_after=2022-08-10T01:00:00+00:00
[2024-02-23T17:47:42.847+0000] {processor.py:183} INFO - Processing /opt/airflow/dags/load_data.py took 0.117 seconds
[2024-02-23T17:48:13.320+0000] {processor.py:161} INFO - Started process (PID=8053) to work on /opt/airflow/dags/load_data.py
[2024-02-23T17:48:13.322+0000] {processor.py:830} INFO - Processing file /opt/airflow/dags/load_data.py for tasks to queue
[2024-02-23T17:48:13.326+0000] {logging_mixin.py:188} INFO - [2024-02-23T17:48:13.325+0000] {dagbag.py:538} INFO - Filling up the DagBag from /opt/airflow/dags/load_data.py
[2024-02-23T17:48:13.352+0000] {processor.py:840} INFO - DAG(s) 'data_to_google' retrieved from /opt/airflow/dags/load_data.py
[2024-02-23T17:48:13.377+0000] {logging_mixin.py:188} INFO - [2024-02-23T17:48:13.376+0000] {dag.py:3033} INFO - Sync 1 DAGs
[2024-02-23T17:48:13.407+0000] {logging_mixin.py:188} INFO - [2024-02-23T17:48:13.406+0000] {dag.py:3820} INFO - Setting next_dagrun for data_to_google to 2022-08-09T01:00:00+00:00, run_after=2022-08-10T01:00:00+00:00
[2024-02-23T17:48:13.431+0000] {processor.py:183} INFO - Processing /opt/airflow/dags/load_data.py took 0.119 seconds
[2024-02-23T17:48:43.640+0000] {processor.py:161} INFO - Started process (PID=8110) to work on /opt/airflow/dags/load_data.py
[2024-02-23T17:48:43.642+0000] {processor.py:830} INFO - Processing file /opt/airflow/dags/load_data.py for tasks to queue
[2024-02-23T17:48:43.643+0000] {logging_mixin.py:188} INFO - [2024-02-23T17:48:43.643+0000] {dagbag.py:538} INFO - Filling up the DagBag from /opt/airflow/dags/load_data.py
[2024-02-23T17:48:43.664+0000] {processor.py:840} INFO - DAG(s) 'data_to_google' retrieved from /opt/airflow/dags/load_data.py
[2024-02-23T17:48:43.688+0000] {logging_mixin.py:188} INFO - [2024-02-23T17:48:43.687+0000] {dag.py:3033} INFO - Sync 1 DAGs
[2024-02-23T17:48:43.716+0000] {logging_mixin.py:188} INFO - [2024-02-23T17:48:43.716+0000] {dag.py:3820} INFO - Setting next_dagrun for data_to_google to 2022-08-09T01:00:00+00:00, run_after=2022-08-10T01:00:00+00:00
[2024-02-23T17:48:43.779+0000] {processor.py:183} INFO - Processing /opt/airflow/dags/load_data.py took 0.145 seconds
[2024-02-23T17:49:13.904+0000] {processor.py:161} INFO - Started process (PID=8162) to work on /opt/airflow/dags/load_data.py
[2024-02-23T17:49:13.905+0000] {processor.py:830} INFO - Processing file /opt/airflow/dags/load_data.py for tasks to queue
[2024-02-23T17:49:13.907+0000] {logging_mixin.py:188} INFO - [2024-02-23T17:49:13.906+0000] {dagbag.py:538} INFO - Filling up the DagBag from /opt/airflow/dags/load_data.py
[2024-02-23T17:49:13.929+0000] {processor.py:840} INFO - DAG(s) 'data_to_google' retrieved from /opt/airflow/dags/load_data.py
[2024-02-23T17:49:13.952+0000] {logging_mixin.py:188} INFO - [2024-02-23T17:49:13.952+0000] {dag.py:3033} INFO - Sync 1 DAGs
[2024-02-23T17:49:13.979+0000] {logging_mixin.py:188} INFO - [2024-02-23T17:49:13.979+0000] {dag.py:3820} INFO - Setting next_dagrun for data_to_google to 2022-08-09T01:00:00+00:00, run_after=2022-08-10T01:00:00+00:00
[2024-02-23T17:49:14.039+0000] {processor.py:183} INFO - Processing /opt/airflow/dags/load_data.py took 0.138 seconds
[2024-02-23T17:49:44.793+0000] {processor.py:161} INFO - Started process (PID=8219) to work on /opt/airflow/dags/load_data.py
[2024-02-23T17:49:44.794+0000] {processor.py:830} INFO - Processing file /opt/airflow/dags/load_data.py for tasks to queue
[2024-02-23T17:49:44.796+0000] {logging_mixin.py:188} INFO - [2024-02-23T17:49:44.795+0000] {dagbag.py:538} INFO - Filling up the DagBag from /opt/airflow/dags/load_data.py
[2024-02-23T17:49:44.817+0000] {processor.py:840} INFO - DAG(s) 'data_to_google' retrieved from /opt/airflow/dags/load_data.py
[2024-02-23T17:49:44.843+0000] {logging_mixin.py:188} INFO - [2024-02-23T17:49:44.843+0000] {dag.py:3033} INFO - Sync 1 DAGs
[2024-02-23T17:49:44.873+0000] {logging_mixin.py:188} INFO - [2024-02-23T17:49:44.873+0000] {dag.py:3820} INFO - Setting next_dagrun for data_to_google to 2022-08-09T01:00:00+00:00, run_after=2022-08-10T01:00:00+00:00
[2024-02-23T17:49:44.902+0000] {processor.py:183} INFO - Processing /opt/airflow/dags/load_data.py took 0.114 seconds
[2024-02-23T17:50:15.106+0000] {processor.py:161} INFO - Started process (PID=8276) to work on /opt/airflow/dags/load_data.py
[2024-02-23T17:50:15.108+0000] {processor.py:830} INFO - Processing file /opt/airflow/dags/load_data.py for tasks to queue
[2024-02-23T17:50:15.109+0000] {logging_mixin.py:188} INFO - [2024-02-23T17:50:15.109+0000] {dagbag.py:538} INFO - Filling up the DagBag from /opt/airflow/dags/load_data.py
[2024-02-23T17:50:15.131+0000] {processor.py:840} INFO - DAG(s) 'data_to_google' retrieved from /opt/airflow/dags/load_data.py
[2024-02-23T17:50:15.155+0000] {logging_mixin.py:188} INFO - [2024-02-23T17:50:15.155+0000] {dag.py:3033} INFO - Sync 1 DAGs
[2024-02-23T17:50:15.182+0000] {logging_mixin.py:188} INFO - [2024-02-23T17:50:15.182+0000] {dag.py:3820} INFO - Setting next_dagrun for data_to_google to 2022-08-09T01:00:00+00:00, run_after=2022-08-10T01:00:00+00:00
[2024-02-23T17:50:15.206+0000] {processor.py:183} INFO - Processing /opt/airflow/dags/load_data.py took 0.105 seconds
[2024-02-23T17:50:45.414+0000] {processor.py:161} INFO - Started process (PID=8339) to work on /opt/airflow/dags/load_data.py
[2024-02-23T17:50:45.416+0000] {processor.py:830} INFO - Processing file /opt/airflow/dags/load_data.py for tasks to queue
[2024-02-23T17:50:45.417+0000] {logging_mixin.py:188} INFO - [2024-02-23T17:50:45.417+0000] {dagbag.py:538} INFO - Filling up the DagBag from /opt/airflow/dags/load_data.py
[2024-02-23T17:50:45.439+0000] {processor.py:840} INFO - DAG(s) 'data_to_google' retrieved from /opt/airflow/dags/load_data.py
[2024-02-23T17:50:45.465+0000] {logging_mixin.py:188} INFO - [2024-02-23T17:50:45.464+0000] {dag.py:3033} INFO - Sync 1 DAGs
[2024-02-23T17:50:45.494+0000] {logging_mixin.py:188} INFO - [2024-02-23T17:50:45.494+0000] {dag.py:3820} INFO - Setting next_dagrun for data_to_google to 2022-08-09T01:00:00+00:00, run_after=2022-08-10T01:00:00+00:00
[2024-02-23T17:50:45.556+0000] {processor.py:183} INFO - Processing /opt/airflow/dags/load_data.py took 0.147 seconds
[2024-02-23T17:51:15.717+0000] {processor.py:161} INFO - Started process (PID=8396) to work on /opt/airflow/dags/load_data.py
[2024-02-23T17:51:15.718+0000] {processor.py:830} INFO - Processing file /opt/airflow/dags/load_data.py for tasks to queue
[2024-02-23T17:51:15.719+0000] {logging_mixin.py:188} INFO - [2024-02-23T17:51:15.718+0000] {dagbag.py:538} INFO - Filling up the DagBag from /opt/airflow/dags/load_data.py
[2024-02-23T17:51:15.742+0000] {processor.py:840} INFO - DAG(s) 'data_to_google' retrieved from /opt/airflow/dags/load_data.py
[2024-02-23T17:51:15.768+0000] {logging_mixin.py:188} INFO - [2024-02-23T17:51:15.768+0000] {dag.py:3033} INFO - Sync 1 DAGs
[2024-02-23T17:51:15.798+0000] {logging_mixin.py:188} INFO - [2024-02-23T17:51:15.798+0000] {dag.py:3820} INFO - Setting next_dagrun for data_to_google to 2022-08-09T01:00:00+00:00, run_after=2022-08-10T01:00:00+00:00
[2024-02-23T17:51:15.827+0000] {processor.py:183} INFO - Processing /opt/airflow/dags/load_data.py took 0.115 seconds
[2024-02-23T17:51:46.099+0000] {processor.py:161} INFO - Started process (PID=8453) to work on /opt/airflow/dags/load_data.py
[2024-02-23T17:51:46.100+0000] {processor.py:830} INFO - Processing file /opt/airflow/dags/load_data.py for tasks to queue
[2024-02-23T17:51:46.102+0000] {logging_mixin.py:188} INFO - [2024-02-23T17:51:46.102+0000] {dagbag.py:538} INFO - Filling up the DagBag from /opt/airflow/dags/load_data.py
[2024-02-23T17:51:46.160+0000] {processor.py:840} INFO - DAG(s) 'data_to_google' retrieved from /opt/airflow/dags/load_data.py
[2024-02-23T17:51:46.183+0000] {logging_mixin.py:188} INFO - [2024-02-23T17:51:46.183+0000] {dag.py:3033} INFO - Sync 1 DAGs
[2024-02-23T17:51:46.214+0000] {logging_mixin.py:188} INFO - [2024-02-23T17:51:46.214+0000] {dag.py:3820} INFO - Setting next_dagrun for data_to_google to 2022-08-09T01:00:00+00:00, run_after=2022-08-10T01:00:00+00:00
[2024-02-23T17:51:46.243+0000] {processor.py:183} INFO - Processing /opt/airflow/dags/load_data.py took 0.151 seconds
