[2024-02-23T17:20:07.333+0000] {processor.py:161} INFO - Started process (PID=4895) to work on /opt/airflow/dags/process_sales.py
[2024-02-23T17:20:07.335+0000] {processor.py:830} INFO - Processing file /opt/airflow/dags/process_sales.py for tasks to queue
[2024-02-23T17:20:07.339+0000] {logging_mixin.py:188} INFO - [2024-02-23T17:20:07.339+0000] {dagbag.py:538} INFO - Filling up the DagBag from /opt/airflow/dags/process_sales.py
[2024-02-23T17:20:07.458+0000] {processor.py:840} INFO - DAG(s) 'processing_sales' retrieved from /opt/airflow/dags/process_sales.py
[2024-02-23T17:20:07.563+0000] {logging_mixin.py:188} INFO - [2024-02-23T17:20:07.562+0000] {taskinstance.py:2701} ERROR - {'DAG Id': 'processing_sales', 'Task Id': 'create_bronze_dataset', 'Run Id': 'scheduled__2022-08-02T01:00:00+00:00', 'Hostname': '14ee3b1c5c12', 'External Executor Id': 'e93c2031-93b4-4193-924e-c156bc373e99'}
[2024-02-23T17:20:07.637+0000] {logging_mixin.py:188} INFO - [2024-02-23T17:20:07.637+0000] {taskinstance.py:1138} INFO - Marking task as UP_FOR_RETRY. dag_id=processing_sales, task_id=create_bronze_dataset, execution_date=20220802T010000, start_date=20240221T155212, end_date=20240223T172007
[2024-02-23T17:20:07.676+0000] {processor.py:791} INFO - Executed failure callback for <TaskInstance: processing_sales.create_bronze_dataset scheduled__2022-08-02T01:00:00+00:00 [up_for_retry]> in state up_for_retry
[2024-02-23T17:20:07.758+0000] {logging_mixin.py:188} INFO - [2024-02-23T17:20:07.758+0000] {dag.py:3033} INFO - Sync 1 DAGs
[2024-02-23T17:20:07.920+0000] {processor.py:183} INFO - Processing /opt/airflow/dags/process_sales.py took 0.594 seconds
[2024-02-23T17:20:38.706+0000] {processor.py:161} INFO - Started process (PID=4952) to work on /opt/airflow/dags/process_sales.py
[2024-02-23T17:20:38.716+0000] {processor.py:830} INFO - Processing file /opt/airflow/dags/process_sales.py for tasks to queue
[2024-02-23T17:20:38.736+0000] {logging_mixin.py:188} INFO - [2024-02-23T17:20:38.736+0000] {dagbag.py:538} INFO - Filling up the DagBag from /opt/airflow/dags/process_sales.py
[2024-02-23T17:20:38.882+0000] {processor.py:840} INFO - DAG(s) 'processing_sales' retrieved from /opt/airflow/dags/process_sales.py
[2024-02-23T17:20:38.947+0000] {logging_mixin.py:188} INFO - [2024-02-23T17:20:38.946+0000] {dag.py:3033} INFO - Sync 1 DAGs
[2024-02-23T17:20:39.051+0000] {processor.py:183} INFO - Processing /opt/airflow/dags/process_sales.py took 0.359 seconds
[2024-02-23T17:21:09.220+0000] {processor.py:161} INFO - Started process (PID=5009) to work on /opt/airflow/dags/process_sales.py
[2024-02-23T17:21:09.221+0000] {processor.py:830} INFO - Processing file /opt/airflow/dags/process_sales.py for tasks to queue
[2024-02-23T17:21:09.223+0000] {logging_mixin.py:188} INFO - [2024-02-23T17:21:09.222+0000] {dagbag.py:538} INFO - Filling up the DagBag from /opt/airflow/dags/process_sales.py
[2024-02-23T17:21:09.258+0000] {processor.py:840} INFO - DAG(s) 'processing_sales' retrieved from /opt/airflow/dags/process_sales.py
[2024-02-23T17:21:09.301+0000] {logging_mixin.py:188} INFO - [2024-02-23T17:21:09.301+0000] {dag.py:3033} INFO - Sync 1 DAGs
[2024-02-23T17:21:09.372+0000] {processor.py:183} INFO - Processing /opt/airflow/dags/process_sales.py took 0.159 seconds
[2024-02-23T17:21:40.320+0000] {processor.py:161} INFO - Started process (PID=5066) to work on /opt/airflow/dags/process_sales.py
[2024-02-23T17:21:40.322+0000] {processor.py:830} INFO - Processing file /opt/airflow/dags/process_sales.py for tasks to queue
[2024-02-23T17:21:40.324+0000] {logging_mixin.py:188} INFO - [2024-02-23T17:21:40.324+0000] {dagbag.py:538} INFO - Filling up the DagBag from /opt/airflow/dags/process_sales.py
[2024-02-23T17:21:40.359+0000] {processor.py:840} INFO - DAG(s) 'processing_sales' retrieved from /opt/airflow/dags/process_sales.py
[2024-02-23T17:21:40.386+0000] {logging_mixin.py:188} INFO - [2024-02-23T17:21:40.386+0000] {dag.py:3033} INFO - Sync 1 DAGs
[2024-02-23T17:21:40.452+0000] {processor.py:183} INFO - Processing /opt/airflow/dags/process_sales.py took 0.137 seconds
[2024-02-23T17:22:11.218+0000] {processor.py:161} INFO - Started process (PID=5123) to work on /opt/airflow/dags/process_sales.py
[2024-02-23T17:22:11.220+0000] {processor.py:830} INFO - Processing file /opt/airflow/dags/process_sales.py for tasks to queue
[2024-02-23T17:22:11.221+0000] {logging_mixin.py:188} INFO - [2024-02-23T17:22:11.221+0000] {dagbag.py:538} INFO - Filling up the DagBag from /opt/airflow/dags/process_sales.py
[2024-02-23T17:22:11.257+0000] {processor.py:840} INFO - DAG(s) 'processing_sales' retrieved from /opt/airflow/dags/process_sales.py
[2024-02-23T17:22:11.284+0000] {logging_mixin.py:188} INFO - [2024-02-23T17:22:11.284+0000] {dag.py:3033} INFO - Sync 1 DAGs
[2024-02-23T17:22:11.340+0000] {processor.py:183} INFO - Processing /opt/airflow/dags/process_sales.py took 0.127 seconds
[2024-02-23T17:22:41.612+0000] {processor.py:161} INFO - Started process (PID=5181) to work on /opt/airflow/dags/process_sales.py
[2024-02-23T17:22:41.614+0000] {processor.py:830} INFO - Processing file /opt/airflow/dags/process_sales.py for tasks to queue
[2024-02-23T17:22:41.616+0000] {logging_mixin.py:188} INFO - [2024-02-23T17:22:41.615+0000] {dagbag.py:538} INFO - Filling up the DagBag from /opt/airflow/dags/process_sales.py
[2024-02-23T17:22:41.650+0000] {processor.py:840} INFO - DAG(s) 'processing_sales' retrieved from /opt/airflow/dags/process_sales.py
[2024-02-23T17:22:41.678+0000] {logging_mixin.py:188} INFO - [2024-02-23T17:22:41.678+0000] {dag.py:3033} INFO - Sync 1 DAGs
[2024-02-23T17:22:41.747+0000] {processor.py:183} INFO - Processing /opt/airflow/dags/process_sales.py took 0.142 seconds
[2024-02-23T17:23:12.157+0000] {processor.py:161} INFO - Started process (PID=5244) to work on /opt/airflow/dags/process_sales.py
[2024-02-23T17:23:12.159+0000] {processor.py:830} INFO - Processing file /opt/airflow/dags/process_sales.py for tasks to queue
[2024-02-23T17:23:12.160+0000] {logging_mixin.py:188} INFO - [2024-02-23T17:23:12.160+0000] {dagbag.py:538} INFO - Filling up the DagBag from /opt/airflow/dags/process_sales.py
[2024-02-23T17:23:12.192+0000] {processor.py:840} INFO - DAG(s) 'processing_sales' retrieved from /opt/airflow/dags/process_sales.py
[2024-02-23T17:23:12.217+0000] {logging_mixin.py:188} INFO - [2024-02-23T17:23:12.217+0000] {dag.py:3033} INFO - Sync 1 DAGs
[2024-02-23T17:23:12.291+0000] {processor.py:183} INFO - Processing /opt/airflow/dags/process_sales.py took 0.139 seconds
[2024-02-23T17:23:42.442+0000] {processor.py:161} INFO - Started process (PID=5301) to work on /opt/airflow/dags/process_sales.py
[2024-02-23T17:23:42.443+0000] {processor.py:830} INFO - Processing file /opt/airflow/dags/process_sales.py for tasks to queue
[2024-02-23T17:23:42.445+0000] {logging_mixin.py:188} INFO - [2024-02-23T17:23:42.445+0000] {dagbag.py:538} INFO - Filling up the DagBag from /opt/airflow/dags/process_sales.py
[2024-02-23T17:23:42.473+0000] {processor.py:840} INFO - DAG(s) 'processing_sales' retrieved from /opt/airflow/dags/process_sales.py
[2024-02-23T17:23:42.509+0000] {logging_mixin.py:188} INFO - [2024-02-23T17:23:42.509+0000] {dag.py:3033} INFO - Sync 1 DAGs
[2024-02-23T17:23:42.571+0000] {processor.py:183} INFO - Processing /opt/airflow/dags/process_sales.py took 0.135 seconds
[2024-02-23T17:24:12.928+0000] {processor.py:161} INFO - Started process (PID=5358) to work on /opt/airflow/dags/process_sales.py
[2024-02-23T17:24:12.929+0000] {processor.py:830} INFO - Processing file /opt/airflow/dags/process_sales.py for tasks to queue
[2024-02-23T17:24:12.930+0000] {logging_mixin.py:188} INFO - [2024-02-23T17:24:12.930+0000] {dagbag.py:538} INFO - Filling up the DagBag from /opt/airflow/dags/process_sales.py
[2024-02-23T17:24:12.957+0000] {processor.py:840} INFO - DAG(s) 'processing_sales' retrieved from /opt/airflow/dags/process_sales.py
[2024-02-23T17:24:12.982+0000] {logging_mixin.py:188} INFO - [2024-02-23T17:24:12.982+0000] {dag.py:3033} INFO - Sync 1 DAGs
[2024-02-23T17:24:13.076+0000] {processor.py:183} INFO - Processing /opt/airflow/dags/process_sales.py took 0.152 seconds
[2024-02-23T17:24:43.283+0000] {processor.py:161} INFO - Started process (PID=5415) to work on /opt/airflow/dags/process_sales.py
[2024-02-23T17:24:43.284+0000] {processor.py:830} INFO - Processing file /opt/airflow/dags/process_sales.py for tasks to queue
[2024-02-23T17:24:43.286+0000] {logging_mixin.py:188} INFO - [2024-02-23T17:24:43.285+0000] {dagbag.py:538} INFO - Filling up the DagBag from /opt/airflow/dags/process_sales.py
[2024-02-23T17:24:43.315+0000] {processor.py:840} INFO - DAG(s) 'processing_sales' retrieved from /opt/airflow/dags/process_sales.py
[2024-02-23T17:24:43.339+0000] {logging_mixin.py:188} INFO - [2024-02-23T17:24:43.339+0000] {dag.py:3033} INFO - Sync 1 DAGs
[2024-02-23T17:24:43.395+0000] {processor.py:183} INFO - Processing /opt/airflow/dags/process_sales.py took 0.118 seconds
[2024-02-23T17:25:14.230+0000] {processor.py:161} INFO - Started process (PID=5473) to work on /opt/airflow/dags/process_sales.py
[2024-02-23T17:25:14.231+0000] {processor.py:830} INFO - Processing file /opt/airflow/dags/process_sales.py for tasks to queue
[2024-02-23T17:25:14.233+0000] {logging_mixin.py:188} INFO - [2024-02-23T17:25:14.232+0000] {dagbag.py:538} INFO - Filling up the DagBag from /opt/airflow/dags/process_sales.py
[2024-02-23T17:25:14.266+0000] {processor.py:840} INFO - DAG(s) 'processing_sales' retrieved from /opt/airflow/dags/process_sales.py
[2024-02-23T17:25:14.297+0000] {logging_mixin.py:188} INFO - [2024-02-23T17:25:14.296+0000] {dag.py:3033} INFO - Sync 1 DAGs
[2024-02-23T17:25:14.376+0000] {processor.py:183} INFO - Processing /opt/airflow/dags/process_sales.py took 0.150 seconds
[2024-02-23T17:25:44.633+0000] {processor.py:161} INFO - Started process (PID=5530) to work on /opt/airflow/dags/process_sales.py
[2024-02-23T17:25:44.634+0000] {processor.py:830} INFO - Processing file /opt/airflow/dags/process_sales.py for tasks to queue
[2024-02-23T17:25:44.636+0000] {logging_mixin.py:188} INFO - [2024-02-23T17:25:44.635+0000] {dagbag.py:538} INFO - Filling up the DagBag from /opt/airflow/dags/process_sales.py
[2024-02-23T17:25:44.668+0000] {processor.py:840} INFO - DAG(s) 'processing_sales' retrieved from /opt/airflow/dags/process_sales.py
[2024-02-23T17:25:44.699+0000] {logging_mixin.py:188} INFO - [2024-02-23T17:25:44.698+0000] {dag.py:3033} INFO - Sync 1 DAGs
[2024-02-23T17:25:44.786+0000] {processor.py:183} INFO - Processing /opt/airflow/dags/process_sales.py took 0.157 seconds
[2024-02-23T17:26:15.116+0000] {processor.py:161} INFO - Started process (PID=5587) to work on /opt/airflow/dags/process_sales.py
[2024-02-23T17:26:15.118+0000] {processor.py:830} INFO - Processing file /opt/airflow/dags/process_sales.py for tasks to queue
[2024-02-23T17:26:15.120+0000] {logging_mixin.py:188} INFO - [2024-02-23T17:26:15.119+0000] {dagbag.py:538} INFO - Filling up the DagBag from /opt/airflow/dags/process_sales.py
[2024-02-23T17:26:15.152+0000] {processor.py:840} INFO - DAG(s) 'processing_sales' retrieved from /opt/airflow/dags/process_sales.py
[2024-02-23T17:26:15.179+0000] {logging_mixin.py:188} INFO - [2024-02-23T17:26:15.179+0000] {dag.py:3033} INFO - Sync 1 DAGs
[2024-02-23T17:26:15.230+0000] {processor.py:183} INFO - Processing /opt/airflow/dags/process_sales.py took 0.120 seconds
[2024-02-23T17:26:45.643+0000] {processor.py:161} INFO - Started process (PID=5644) to work on /opt/airflow/dags/process_sales.py
[2024-02-23T17:26:45.644+0000] {processor.py:830} INFO - Processing file /opt/airflow/dags/process_sales.py for tasks to queue
[2024-02-23T17:26:45.646+0000] {logging_mixin.py:188} INFO - [2024-02-23T17:26:45.645+0000] {dagbag.py:538} INFO - Filling up the DagBag from /opt/airflow/dags/process_sales.py
[2024-02-23T17:26:45.685+0000] {processor.py:840} INFO - DAG(s) 'processing_sales' retrieved from /opt/airflow/dags/process_sales.py
[2024-02-23T17:26:45.721+0000] {logging_mixin.py:188} INFO - [2024-02-23T17:26:45.721+0000] {dag.py:3033} INFO - Sync 1 DAGs
[2024-02-23T17:26:45.812+0000] {processor.py:183} INFO - Processing /opt/airflow/dags/process_sales.py took 0.176 seconds
[2024-02-23T17:27:16.118+0000] {processor.py:161} INFO - Started process (PID=5701) to work on /opt/airflow/dags/process_sales.py
[2024-02-23T17:27:16.119+0000] {processor.py:830} INFO - Processing file /opt/airflow/dags/process_sales.py for tasks to queue
[2024-02-23T17:27:16.121+0000] {logging_mixin.py:188} INFO - [2024-02-23T17:27:16.120+0000] {dagbag.py:538} INFO - Filling up the DagBag from /opt/airflow/dags/process_sales.py
[2024-02-23T17:27:16.152+0000] {processor.py:840} INFO - DAG(s) 'processing_sales' retrieved from /opt/airflow/dags/process_sales.py
[2024-02-23T17:27:16.179+0000] {logging_mixin.py:188} INFO - [2024-02-23T17:27:16.179+0000] {dag.py:3033} INFO - Sync 1 DAGs
[2024-02-23T17:27:16.233+0000] {processor.py:183} INFO - Processing /opt/airflow/dags/process_sales.py took 0.122 seconds
[2024-02-23T17:27:47.137+0000] {processor.py:161} INFO - Started process (PID=5758) to work on /opt/airflow/dags/process_sales.py
[2024-02-23T17:27:47.138+0000] {processor.py:830} INFO - Processing file /opt/airflow/dags/process_sales.py for tasks to queue
[2024-02-23T17:27:47.140+0000] {logging_mixin.py:188} INFO - [2024-02-23T17:27:47.139+0000] {dagbag.py:538} INFO - Filling up the DagBag from /opt/airflow/dags/process_sales.py
[2024-02-23T17:27:47.170+0000] {processor.py:840} INFO - DAG(s) 'processing_sales' retrieved from /opt/airflow/dags/process_sales.py
[2024-02-23T17:27:47.197+0000] {logging_mixin.py:188} INFO - [2024-02-23T17:27:47.197+0000] {dag.py:3033} INFO - Sync 1 DAGs
[2024-02-23T17:27:47.248+0000] {processor.py:183} INFO - Processing /opt/airflow/dags/process_sales.py took 0.116 seconds
[2024-02-23T17:28:17.775+0000] {processor.py:161} INFO - Started process (PID=5815) to work on /opt/airflow/dags/process_sales.py
[2024-02-23T17:28:17.776+0000] {processor.py:830} INFO - Processing file /opt/airflow/dags/process_sales.py for tasks to queue
[2024-02-23T17:28:17.778+0000] {logging_mixin.py:188} INFO - [2024-02-23T17:28:17.777+0000] {dagbag.py:538} INFO - Filling up the DagBag from /opt/airflow/dags/process_sales.py
[2024-02-23T17:28:17.809+0000] {processor.py:840} INFO - DAG(s) 'processing_sales' retrieved from /opt/airflow/dags/process_sales.py
[2024-02-23T17:28:17.836+0000] {logging_mixin.py:188} INFO - [2024-02-23T17:28:17.836+0000] {dag.py:3033} INFO - Sync 1 DAGs
[2024-02-23T17:28:17.890+0000] {processor.py:183} INFO - Processing /opt/airflow/dags/process_sales.py took 0.122 seconds
[2024-02-23T17:28:48.411+0000] {processor.py:161} INFO - Started process (PID=5872) to work on /opt/airflow/dags/process_sales.py
[2024-02-23T17:28:48.413+0000] {processor.py:830} INFO - Processing file /opt/airflow/dags/process_sales.py for tasks to queue
[2024-02-23T17:28:48.415+0000] {logging_mixin.py:188} INFO - [2024-02-23T17:28:48.414+0000] {dagbag.py:538} INFO - Filling up the DagBag from /opt/airflow/dags/process_sales.py
[2024-02-23T17:28:48.446+0000] {processor.py:840} INFO - DAG(s) 'processing_sales' retrieved from /opt/airflow/dags/process_sales.py
[2024-02-23T17:28:48.476+0000] {logging_mixin.py:188} INFO - [2024-02-23T17:28:48.476+0000] {dag.py:3033} INFO - Sync 1 DAGs
[2024-02-23T17:28:48.569+0000] {processor.py:183} INFO - Processing /opt/airflow/dags/process_sales.py took 0.164 seconds
[2024-02-23T17:29:18.787+0000] {processor.py:161} INFO - Started process (PID=5929) to work on /opt/airflow/dags/process_sales.py
[2024-02-23T17:29:18.789+0000] {processor.py:830} INFO - Processing file /opt/airflow/dags/process_sales.py for tasks to queue
[2024-02-23T17:29:18.791+0000] {logging_mixin.py:188} INFO - [2024-02-23T17:29:18.790+0000] {dagbag.py:538} INFO - Filling up the DagBag from /opt/airflow/dags/process_sales.py
[2024-02-23T17:29:18.849+0000] {processor.py:840} INFO - DAG(s) 'processing_sales' retrieved from /opt/airflow/dags/process_sales.py
[2024-02-23T17:29:18.880+0000] {logging_mixin.py:188} INFO - [2024-02-23T17:29:18.880+0000] {dag.py:3033} INFO - Sync 1 DAGs
[2024-02-23T17:29:18.945+0000] {processor.py:183} INFO - Processing /opt/airflow/dags/process_sales.py took 0.172 seconds
[2024-02-23T17:29:49.443+0000] {processor.py:161} INFO - Started process (PID=5986) to work on /opt/airflow/dags/process_sales.py
[2024-02-23T17:29:49.445+0000] {processor.py:830} INFO - Processing file /opt/airflow/dags/process_sales.py for tasks to queue
[2024-02-23T17:29:49.446+0000] {logging_mixin.py:188} INFO - [2024-02-23T17:29:49.446+0000] {dagbag.py:538} INFO - Filling up the DagBag from /opt/airflow/dags/process_sales.py
[2024-02-23T17:29:49.475+0000] {processor.py:840} INFO - DAG(s) 'processing_sales' retrieved from /opt/airflow/dags/process_sales.py
[2024-02-23T17:29:49.502+0000] {logging_mixin.py:188} INFO - [2024-02-23T17:29:49.502+0000] {dag.py:3033} INFO - Sync 1 DAGs
[2024-02-23T17:29:49.571+0000] {processor.py:183} INFO - Processing /opt/airflow/dags/process_sales.py took 0.133 seconds
[2024-02-23T17:30:20.087+0000] {processor.py:161} INFO - Started process (PID=6043) to work on /opt/airflow/dags/process_sales.py
[2024-02-23T17:30:20.089+0000] {processor.py:830} INFO - Processing file /opt/airflow/dags/process_sales.py for tasks to queue
[2024-02-23T17:30:20.091+0000] {logging_mixin.py:188} INFO - [2024-02-23T17:30:20.091+0000] {dagbag.py:538} INFO - Filling up the DagBag from /opt/airflow/dags/process_sales.py
[2024-02-23T17:30:20.128+0000] {processor.py:840} INFO - DAG(s) 'processing_sales' retrieved from /opt/airflow/dags/process_sales.py
[2024-02-23T17:30:20.156+0000] {logging_mixin.py:188} INFO - [2024-02-23T17:30:20.155+0000] {dag.py:3033} INFO - Sync 1 DAGs
[2024-02-23T17:30:20.213+0000] {processor.py:183} INFO - Processing /opt/airflow/dags/process_sales.py took 0.130 seconds
[2024-02-23T17:30:50.365+0000] {processor.py:161} INFO - Started process (PID=6100) to work on /opt/airflow/dags/process_sales.py
[2024-02-23T17:30:50.367+0000] {processor.py:830} INFO - Processing file /opt/airflow/dags/process_sales.py for tasks to queue
[2024-02-23T17:30:50.369+0000] {logging_mixin.py:188} INFO - [2024-02-23T17:30:50.368+0000] {dagbag.py:538} INFO - Filling up the DagBag from /opt/airflow/dags/process_sales.py
[2024-02-23T17:30:50.398+0000] {processor.py:840} INFO - DAG(s) 'processing_sales' retrieved from /opt/airflow/dags/process_sales.py
[2024-02-23T17:30:50.425+0000] {logging_mixin.py:188} INFO - [2024-02-23T17:30:50.425+0000] {dag.py:3033} INFO - Sync 1 DAGs
[2024-02-23T17:30:50.518+0000] {processor.py:183} INFO - Processing /opt/airflow/dags/process_sales.py took 0.157 seconds
[2024-02-23T17:31:20.592+0000] {processor.py:161} INFO - Started process (PID=6157) to work on /opt/airflow/dags/process_sales.py
[2024-02-23T17:31:20.593+0000] {processor.py:830} INFO - Processing file /opt/airflow/dags/process_sales.py for tasks to queue
[2024-02-23T17:31:20.595+0000] {logging_mixin.py:188} INFO - [2024-02-23T17:31:20.594+0000] {dagbag.py:538} INFO - Filling up the DagBag from /opt/airflow/dags/process_sales.py
[2024-02-23T17:31:20.638+0000] {processor.py:840} INFO - DAG(s) 'processing_sales' retrieved from /opt/airflow/dags/process_sales.py
[2024-02-23T17:31:20.668+0000] {logging_mixin.py:188} INFO - [2024-02-23T17:31:20.668+0000] {dag.py:3033} INFO - Sync 1 DAGs
[2024-02-23T17:31:20.763+0000] {processor.py:183} INFO - Processing /opt/airflow/dags/process_sales.py took 0.176 seconds
[2024-02-23T17:31:50.873+0000] {processor.py:161} INFO - Started process (PID=6214) to work on /opt/airflow/dags/process_sales.py
[2024-02-23T17:31:50.874+0000] {processor.py:830} INFO - Processing file /opt/airflow/dags/process_sales.py for tasks to queue
[2024-02-23T17:31:50.876+0000] {logging_mixin.py:188} INFO - [2024-02-23T17:31:50.875+0000] {dagbag.py:538} INFO - Filling up the DagBag from /opt/airflow/dags/process_sales.py
[2024-02-23T17:31:50.908+0000] {processor.py:840} INFO - DAG(s) 'processing_sales' retrieved from /opt/airflow/dags/process_sales.py
[2024-02-23T17:31:50.934+0000] {logging_mixin.py:188} INFO - [2024-02-23T17:31:50.934+0000] {dag.py:3033} INFO - Sync 1 DAGs
[2024-02-23T17:31:51.019+0000] {processor.py:183} INFO - Processing /opt/airflow/dags/process_sales.py took 0.150 seconds
[2024-02-23T17:32:21.749+0000] {processor.py:161} INFO - Started process (PID=6271) to work on /opt/airflow/dags/process_sales.py
[2024-02-23T17:32:21.751+0000] {processor.py:830} INFO - Processing file /opt/airflow/dags/process_sales.py for tasks to queue
[2024-02-23T17:32:21.752+0000] {logging_mixin.py:188} INFO - [2024-02-23T17:32:21.752+0000] {dagbag.py:538} INFO - Filling up the DagBag from /opt/airflow/dags/process_sales.py
[2024-02-23T17:32:21.816+0000] {processor.py:840} INFO - DAG(s) 'processing_sales' retrieved from /opt/airflow/dags/process_sales.py
[2024-02-23T17:32:21.842+0000] {logging_mixin.py:188} INFO - [2024-02-23T17:32:21.842+0000] {dag.py:3033} INFO - Sync 1 DAGs
[2024-02-23T17:32:21.893+0000] {processor.py:183} INFO - Processing /opt/airflow/dags/process_sales.py took 0.148 seconds
[2024-02-23T17:32:52.128+0000] {processor.py:161} INFO - Started process (PID=6328) to work on /opt/airflow/dags/process_sales.py
[2024-02-23T17:32:52.129+0000] {processor.py:830} INFO - Processing file /opt/airflow/dags/process_sales.py for tasks to queue
[2024-02-23T17:32:52.130+0000] {logging_mixin.py:188} INFO - [2024-02-23T17:32:52.130+0000] {dagbag.py:538} INFO - Filling up the DagBag from /opt/airflow/dags/process_sales.py
[2024-02-23T17:32:52.157+0000] {processor.py:840} INFO - DAG(s) 'processing_sales' retrieved from /opt/airflow/dags/process_sales.py
[2024-02-23T17:32:52.182+0000] {logging_mixin.py:188} INFO - [2024-02-23T17:32:52.181+0000] {dag.py:3033} INFO - Sync 1 DAGs
[2024-02-23T17:32:52.265+0000] {processor.py:183} INFO - Processing /opt/airflow/dags/process_sales.py took 0.143 seconds
[2024-02-23T17:33:22.803+0000] {processor.py:161} INFO - Started process (PID=6385) to work on /opt/airflow/dags/process_sales.py
[2024-02-23T17:33:22.804+0000] {processor.py:830} INFO - Processing file /opt/airflow/dags/process_sales.py for tasks to queue
[2024-02-23T17:33:22.806+0000] {logging_mixin.py:188} INFO - [2024-02-23T17:33:22.805+0000] {dagbag.py:538} INFO - Filling up the DagBag from /opt/airflow/dags/process_sales.py
[2024-02-23T17:33:22.834+0000] {processor.py:840} INFO - DAG(s) 'processing_sales' retrieved from /opt/airflow/dags/process_sales.py
[2024-02-23T17:33:22.858+0000] {logging_mixin.py:188} INFO - [2024-02-23T17:33:22.858+0000] {dag.py:3033} INFO - Sync 1 DAGs
[2024-02-23T17:33:22.948+0000] {processor.py:183} INFO - Processing /opt/airflow/dags/process_sales.py took 0.151 seconds
[2024-02-23T17:33:53.321+0000] {processor.py:161} INFO - Started process (PID=6442) to work on /opt/airflow/dags/process_sales.py
[2024-02-23T17:33:53.322+0000] {processor.py:830} INFO - Processing file /opt/airflow/dags/process_sales.py for tasks to queue
[2024-02-23T17:33:53.324+0000] {logging_mixin.py:188} INFO - [2024-02-23T17:33:53.323+0000] {dagbag.py:538} INFO - Filling up the DagBag from /opt/airflow/dags/process_sales.py
[2024-02-23T17:33:53.354+0000] {processor.py:840} INFO - DAG(s) 'processing_sales' retrieved from /opt/airflow/dags/process_sales.py
[2024-02-23T17:33:53.383+0000] {logging_mixin.py:188} INFO - [2024-02-23T17:33:53.383+0000] {dag.py:3033} INFO - Sync 1 DAGs
[2024-02-23T17:33:53.433+0000] {processor.py:183} INFO - Processing /opt/airflow/dags/process_sales.py took 0.117 seconds
[2024-02-23T17:34:24.346+0000] {processor.py:161} INFO - Started process (PID=6500) to work on /opt/airflow/dags/process_sales.py
[2024-02-23T17:34:24.348+0000] {processor.py:830} INFO - Processing file /opt/airflow/dags/process_sales.py for tasks to queue
[2024-02-23T17:34:24.349+0000] {logging_mixin.py:188} INFO - [2024-02-23T17:34:24.349+0000] {dagbag.py:538} INFO - Filling up the DagBag from /opt/airflow/dags/process_sales.py
[2024-02-23T17:34:24.385+0000] {processor.py:840} INFO - DAG(s) 'processing_sales' retrieved from /opt/airflow/dags/process_sales.py
[2024-02-23T17:34:24.410+0000] {logging_mixin.py:188} INFO - [2024-02-23T17:34:24.410+0000] {dag.py:3033} INFO - Sync 1 DAGs
[2024-02-23T17:34:24.468+0000] {processor.py:183} INFO - Processing /opt/airflow/dags/process_sales.py took 0.127 seconds
[2024-02-23T17:34:55.367+0000] {processor.py:161} INFO - Started process (PID=6557) to work on /opt/airflow/dags/process_sales.py
[2024-02-23T17:34:55.368+0000] {processor.py:830} INFO - Processing file /opt/airflow/dags/process_sales.py for tasks to queue
[2024-02-23T17:34:55.370+0000] {logging_mixin.py:188} INFO - [2024-02-23T17:34:55.370+0000] {dagbag.py:538} INFO - Filling up the DagBag from /opt/airflow/dags/process_sales.py
[2024-02-23T17:34:55.413+0000] {processor.py:840} INFO - DAG(s) 'processing_sales' retrieved from /opt/airflow/dags/process_sales.py
[2024-02-23T17:34:55.442+0000] {logging_mixin.py:188} INFO - [2024-02-23T17:34:55.442+0000] {dag.py:3033} INFO - Sync 1 DAGs
[2024-02-23T17:34:55.538+0000] {processor.py:183} INFO - Processing /opt/airflow/dags/process_sales.py took 0.177 seconds
[2024-02-23T17:35:25.855+0000] {processor.py:161} INFO - Started process (PID=6614) to work on /opt/airflow/dags/process_sales.py
[2024-02-23T17:35:25.856+0000] {processor.py:830} INFO - Processing file /opt/airflow/dags/process_sales.py for tasks to queue
[2024-02-23T17:35:25.858+0000] {logging_mixin.py:188} INFO - [2024-02-23T17:35:25.857+0000] {dagbag.py:538} INFO - Filling up the DagBag from /opt/airflow/dags/process_sales.py
[2024-02-23T17:35:25.888+0000] {processor.py:840} INFO - DAG(s) 'processing_sales' retrieved from /opt/airflow/dags/process_sales.py
[2024-02-23T17:35:25.914+0000] {logging_mixin.py:188} INFO - [2024-02-23T17:35:25.913+0000] {dag.py:3033} INFO - Sync 1 DAGs
[2024-02-23T17:35:25.965+0000] {processor.py:183} INFO - Processing /opt/airflow/dags/process_sales.py took 0.114 seconds
[2024-02-23T17:35:56.821+0000] {processor.py:161} INFO - Started process (PID=6671) to work on /opt/airflow/dags/process_sales.py
[2024-02-23T17:35:56.823+0000] {processor.py:830} INFO - Processing file /opt/airflow/dags/process_sales.py for tasks to queue
[2024-02-23T17:35:56.824+0000] {logging_mixin.py:188} INFO - [2024-02-23T17:35:56.824+0000] {dagbag.py:538} INFO - Filling up the DagBag from /opt/airflow/dags/process_sales.py
[2024-02-23T17:35:56.855+0000] {processor.py:840} INFO - DAG(s) 'processing_sales' retrieved from /opt/airflow/dags/process_sales.py
[2024-02-23T17:35:56.883+0000] {logging_mixin.py:188} INFO - [2024-02-23T17:35:56.883+0000] {dag.py:3033} INFO - Sync 1 DAGs
[2024-02-23T17:35:56.970+0000] {processor.py:183} INFO - Processing /opt/airflow/dags/process_sales.py took 0.154 seconds
[2024-02-23T17:36:27.111+0000] {processor.py:161} INFO - Started process (PID=6728) to work on /opt/airflow/dags/process_sales.py
[2024-02-23T17:36:27.112+0000] {processor.py:830} INFO - Processing file /opt/airflow/dags/process_sales.py for tasks to queue
[2024-02-23T17:36:27.114+0000] {logging_mixin.py:188} INFO - [2024-02-23T17:36:27.113+0000] {dagbag.py:538} INFO - Filling up the DagBag from /opt/airflow/dags/process_sales.py
[2024-02-23T17:36:27.143+0000] {processor.py:840} INFO - DAG(s) 'processing_sales' retrieved from /opt/airflow/dags/process_sales.py
[2024-02-23T17:36:27.170+0000] {logging_mixin.py:188} INFO - [2024-02-23T17:36:27.169+0000] {dag.py:3033} INFO - Sync 1 DAGs
[2024-02-23T17:36:27.227+0000] {processor.py:183} INFO - Processing /opt/airflow/dags/process_sales.py took 0.120 seconds
[2024-02-23T17:36:57.946+0000] {processor.py:161} INFO - Started process (PID=6785) to work on /opt/airflow/dags/process_sales.py
[2024-02-23T17:36:57.949+0000] {processor.py:830} INFO - Processing file /opt/airflow/dags/process_sales.py for tasks to queue
[2024-02-23T17:36:57.950+0000] {logging_mixin.py:188} INFO - [2024-02-23T17:36:57.950+0000] {dagbag.py:538} INFO - Filling up the DagBag from /opt/airflow/dags/process_sales.py
[2024-02-23T17:36:57.978+0000] {processor.py:840} INFO - DAG(s) 'processing_sales' retrieved from /opt/airflow/dags/process_sales.py
[2024-02-23T17:36:58.004+0000] {logging_mixin.py:188} INFO - [2024-02-23T17:36:58.004+0000] {dag.py:3033} INFO - Sync 1 DAGs
[2024-02-23T17:36:58.055+0000] {processor.py:183} INFO - Processing /opt/airflow/dags/process_sales.py took 0.116 seconds
[2024-02-23T17:37:28.884+0000] {processor.py:161} INFO - Started process (PID=6842) to work on /opt/airflow/dags/process_sales.py
[2024-02-23T17:37:28.886+0000] {processor.py:830} INFO - Processing file /opt/airflow/dags/process_sales.py for tasks to queue
[2024-02-23T17:37:28.888+0000] {logging_mixin.py:188} INFO - [2024-02-23T17:37:28.887+0000] {dagbag.py:538} INFO - Filling up the DagBag from /opt/airflow/dags/process_sales.py
[2024-02-23T17:37:28.921+0000] {processor.py:840} INFO - DAG(s) 'processing_sales' retrieved from /opt/airflow/dags/process_sales.py
[2024-02-23T17:37:28.950+0000] {logging_mixin.py:188} INFO - [2024-02-23T17:37:28.950+0000] {dag.py:3033} INFO - Sync 1 DAGs
[2024-02-23T17:37:29.010+0000] {processor.py:183} INFO - Processing /opt/airflow/dags/process_sales.py took 0.130 seconds
[2024-02-23T17:37:59.183+0000] {processor.py:161} INFO - Started process (PID=6899) to work on /opt/airflow/dags/process_sales.py
[2024-02-23T17:37:59.185+0000] {processor.py:830} INFO - Processing file /opt/airflow/dags/process_sales.py for tasks to queue
[2024-02-23T17:37:59.186+0000] {logging_mixin.py:188} INFO - [2024-02-23T17:37:59.186+0000] {dagbag.py:538} INFO - Filling up the DagBag from /opt/airflow/dags/process_sales.py
[2024-02-23T17:37:59.216+0000] {processor.py:840} INFO - DAG(s) 'processing_sales' retrieved from /opt/airflow/dags/process_sales.py
[2024-02-23T17:37:59.242+0000] {logging_mixin.py:188} INFO - [2024-02-23T17:37:59.242+0000] {dag.py:3033} INFO - Sync 1 DAGs
[2024-02-23T17:37:59.330+0000] {processor.py:183} INFO - Processing /opt/airflow/dags/process_sales.py took 0.150 seconds
[2024-02-23T17:38:29.490+0000] {processor.py:161} INFO - Started process (PID=6956) to work on /opt/airflow/dags/process_sales.py
[2024-02-23T17:38:29.491+0000] {processor.py:830} INFO - Processing file /opt/airflow/dags/process_sales.py for tasks to queue
[2024-02-23T17:38:29.493+0000] {logging_mixin.py:188} INFO - [2024-02-23T17:38:29.492+0000] {dagbag.py:538} INFO - Filling up the DagBag from /opt/airflow/dags/process_sales.py
[2024-02-23T17:38:29.521+0000] {processor.py:840} INFO - DAG(s) 'processing_sales' retrieved from /opt/airflow/dags/process_sales.py
[2024-02-23T17:38:29.546+0000] {logging_mixin.py:188} INFO - [2024-02-23T17:38:29.546+0000] {dag.py:3033} INFO - Sync 1 DAGs
[2024-02-23T17:38:29.595+0000] {processor.py:183} INFO - Processing /opt/airflow/dags/process_sales.py took 0.109 seconds
[2024-02-23T17:39:00.066+0000] {processor.py:161} INFO - Started process (PID=7013) to work on /opt/airflow/dags/process_sales.py
[2024-02-23T17:39:00.068+0000] {processor.py:830} INFO - Processing file /opt/airflow/dags/process_sales.py for tasks to queue
[2024-02-23T17:39:00.069+0000] {logging_mixin.py:188} INFO - [2024-02-23T17:39:00.069+0000] {dagbag.py:538} INFO - Filling up the DagBag from /opt/airflow/dags/process_sales.py
[2024-02-23T17:39:00.100+0000] {processor.py:840} INFO - DAG(s) 'processing_sales' retrieved from /opt/airflow/dags/process_sales.py
[2024-02-23T17:39:00.132+0000] {logging_mixin.py:188} INFO - [2024-02-23T17:39:00.131+0000] {dag.py:3033} INFO - Sync 1 DAGs
[2024-02-23T17:39:00.204+0000] {processor.py:183} INFO - Processing /opt/airflow/dags/process_sales.py took 0.143 seconds
[2024-02-23T17:39:30.376+0000] {processor.py:161} INFO - Started process (PID=7070) to work on /opt/airflow/dags/process_sales.py
[2024-02-23T17:39:30.378+0000] {processor.py:830} INFO - Processing file /opt/airflow/dags/process_sales.py for tasks to queue
[2024-02-23T17:39:30.379+0000] {logging_mixin.py:188} INFO - [2024-02-23T17:39:30.379+0000] {dagbag.py:538} INFO - Filling up the DagBag from /opt/airflow/dags/process_sales.py
[2024-02-23T17:39:30.409+0000] {processor.py:840} INFO - DAG(s) 'processing_sales' retrieved from /opt/airflow/dags/process_sales.py
[2024-02-23T17:39:30.436+0000] {logging_mixin.py:188} INFO - [2024-02-23T17:39:30.435+0000] {dag.py:3033} INFO - Sync 1 DAGs
[2024-02-23T17:39:30.490+0000] {processor.py:183} INFO - Processing /opt/airflow/dags/process_sales.py took 0.119 seconds
[2024-02-23T17:40:00.659+0000] {processor.py:161} INFO - Started process (PID=7127) to work on /opt/airflow/dags/process_sales.py
[2024-02-23T17:40:00.660+0000] {processor.py:830} INFO - Processing file /opt/airflow/dags/process_sales.py for tasks to queue
[2024-02-23T17:40:00.662+0000] {logging_mixin.py:188} INFO - [2024-02-23T17:40:00.661+0000] {dagbag.py:538} INFO - Filling up the DagBag from /opt/airflow/dags/process_sales.py
[2024-02-23T17:40:00.700+0000] {processor.py:840} INFO - DAG(s) 'processing_sales' retrieved from /opt/airflow/dags/process_sales.py
[2024-02-23T17:40:00.727+0000] {logging_mixin.py:188} INFO - [2024-02-23T17:40:00.726+0000] {dag.py:3033} INFO - Sync 1 DAGs
[2024-02-23T17:40:00.782+0000] {processor.py:183} INFO - Processing /opt/airflow/dags/process_sales.py took 0.129 seconds
[2024-02-23T17:40:31.304+0000] {processor.py:161} INFO - Started process (PID=7184) to work on /opt/airflow/dags/process_sales.py
[2024-02-23T17:40:31.306+0000] {processor.py:830} INFO - Processing file /opt/airflow/dags/process_sales.py for tasks to queue
[2024-02-23T17:40:31.308+0000] {logging_mixin.py:188} INFO - [2024-02-23T17:40:31.307+0000] {dagbag.py:538} INFO - Filling up the DagBag from /opt/airflow/dags/process_sales.py
[2024-02-23T17:40:31.337+0000] {processor.py:840} INFO - DAG(s) 'processing_sales' retrieved from /opt/airflow/dags/process_sales.py
[2024-02-23T17:40:31.361+0000] {logging_mixin.py:188} INFO - [2024-02-23T17:40:31.361+0000] {dag.py:3033} INFO - Sync 1 DAGs
[2024-02-23T17:40:31.418+0000] {processor.py:183} INFO - Processing /opt/airflow/dags/process_sales.py took 0.119 seconds
[2024-02-23T17:41:01.920+0000] {processor.py:161} INFO - Started process (PID=7241) to work on /opt/airflow/dags/process_sales.py
[2024-02-23T17:41:01.921+0000] {processor.py:830} INFO - Processing file /opt/airflow/dags/process_sales.py for tasks to queue
[2024-02-23T17:41:01.924+0000] {logging_mixin.py:188} INFO - [2024-02-23T17:41:01.923+0000] {dagbag.py:538} INFO - Filling up the DagBag from /opt/airflow/dags/process_sales.py
[2024-02-23T17:41:01.955+0000] {processor.py:840} INFO - DAG(s) 'processing_sales' retrieved from /opt/airflow/dags/process_sales.py
[2024-02-23T17:41:01.978+0000] {logging_mixin.py:188} INFO - [2024-02-23T17:41:01.978+0000] {dag.py:3033} INFO - Sync 1 DAGs
[2024-02-23T17:41:02.068+0000] {processor.py:183} INFO - Processing /opt/airflow/dags/process_sales.py took 0.153 seconds
[2024-02-23T17:41:32.188+0000] {processor.py:161} INFO - Started process (PID=7299) to work on /opt/airflow/dags/process_sales.py
[2024-02-23T17:41:32.191+0000] {processor.py:830} INFO - Processing file /opt/airflow/dags/process_sales.py for tasks to queue
[2024-02-23T17:41:32.193+0000] {logging_mixin.py:188} INFO - [2024-02-23T17:41:32.192+0000] {dagbag.py:538} INFO - Filling up the DagBag from /opt/airflow/dags/process_sales.py
[2024-02-23T17:41:32.222+0000] {processor.py:840} INFO - DAG(s) 'processing_sales' retrieved from /opt/airflow/dags/process_sales.py
[2024-02-23T17:41:32.247+0000] {logging_mixin.py:188} INFO - [2024-02-23T17:41:32.246+0000] {dag.py:3033} INFO - Sync 1 DAGs
[2024-02-23T17:41:32.316+0000] {processor.py:183} INFO - Processing /opt/airflow/dags/process_sales.py took 0.135 seconds
[2024-02-23T17:42:02.424+0000] {processor.py:161} INFO - Started process (PID=7356) to work on /opt/airflow/dags/process_sales.py
[2024-02-23T17:42:02.426+0000] {processor.py:830} INFO - Processing file /opt/airflow/dags/process_sales.py for tasks to queue
[2024-02-23T17:42:02.428+0000] {logging_mixin.py:188} INFO - [2024-02-23T17:42:02.427+0000] {dagbag.py:538} INFO - Filling up the DagBag from /opt/airflow/dags/process_sales.py
[2024-02-23T17:42:02.462+0000] {processor.py:840} INFO - DAG(s) 'processing_sales' retrieved from /opt/airflow/dags/process_sales.py
[2024-02-23T17:42:02.486+0000] {logging_mixin.py:188} INFO - [2024-02-23T17:42:02.486+0000] {dag.py:3033} INFO - Sync 1 DAGs
[2024-02-23T17:42:02.534+0000] {processor.py:183} INFO - Processing /opt/airflow/dags/process_sales.py took 0.115 seconds
[2024-02-23T17:42:33.004+0000] {processor.py:161} INFO - Started process (PID=7413) to work on /opt/airflow/dags/process_sales.py
[2024-02-23T17:42:33.006+0000] {processor.py:830} INFO - Processing file /opt/airflow/dags/process_sales.py for tasks to queue
[2024-02-23T17:42:33.008+0000] {logging_mixin.py:188} INFO - [2024-02-23T17:42:33.008+0000] {dagbag.py:538} INFO - Filling up the DagBag from /opt/airflow/dags/process_sales.py
[2024-02-23T17:42:33.046+0000] {processor.py:840} INFO - DAG(s) 'processing_sales' retrieved from /opt/airflow/dags/process_sales.py
[2024-02-23T17:42:33.078+0000] {logging_mixin.py:188} INFO - [2024-02-23T17:42:33.078+0000] {dag.py:3033} INFO - Sync 1 DAGs
[2024-02-23T17:42:33.183+0000] {processor.py:183} INFO - Processing /opt/airflow/dags/process_sales.py took 0.184 seconds
[2024-02-23T17:43:03.551+0000] {processor.py:161} INFO - Started process (PID=7470) to work on /opt/airflow/dags/process_sales.py
[2024-02-23T17:43:03.552+0000] {processor.py:830} INFO - Processing file /opt/airflow/dags/process_sales.py for tasks to queue
[2024-02-23T17:43:03.554+0000] {logging_mixin.py:188} INFO - [2024-02-23T17:43:03.553+0000] {dagbag.py:538} INFO - Filling up the DagBag from /opt/airflow/dags/process_sales.py
[2024-02-23T17:43:03.585+0000] {processor.py:840} INFO - DAG(s) 'processing_sales' retrieved from /opt/airflow/dags/process_sales.py
[2024-02-23T17:43:03.612+0000] {logging_mixin.py:188} INFO - [2024-02-23T17:43:03.611+0000] {dag.py:3033} INFO - Sync 1 DAGs
[2024-02-23T17:43:03.699+0000] {processor.py:183} INFO - Processing /opt/airflow/dags/process_sales.py took 0.153 seconds
[2024-02-23T17:43:33.751+0000] {processor.py:161} INFO - Started process (PID=7527) to work on /opt/airflow/dags/process_sales.py
[2024-02-23T17:43:33.752+0000] {processor.py:830} INFO - Processing file /opt/airflow/dags/process_sales.py for tasks to queue
[2024-02-23T17:43:33.753+0000] {logging_mixin.py:188} INFO - [2024-02-23T17:43:33.753+0000] {dagbag.py:538} INFO - Filling up the DagBag from /opt/airflow/dags/process_sales.py
[2024-02-23T17:43:33.786+0000] {processor.py:840} INFO - DAG(s) 'processing_sales' retrieved from /opt/airflow/dags/process_sales.py
[2024-02-23T17:43:33.817+0000] {logging_mixin.py:188} INFO - [2024-02-23T17:43:33.817+0000] {dag.py:3033} INFO - Sync 1 DAGs
[2024-02-23T17:43:33.872+0000] {processor.py:183} INFO - Processing /opt/airflow/dags/process_sales.py took 0.125 seconds
[2024-02-23T17:44:04.775+0000] {processor.py:161} INFO - Started process (PID=7584) to work on /opt/airflow/dags/process_sales.py
[2024-02-23T17:44:04.777+0000] {processor.py:830} INFO - Processing file /opt/airflow/dags/process_sales.py for tasks to queue
[2024-02-23T17:44:04.778+0000] {logging_mixin.py:188} INFO - [2024-02-23T17:44:04.778+0000] {dagbag.py:538} INFO - Filling up the DagBag from /opt/airflow/dags/process_sales.py
[2024-02-23T17:44:04.806+0000] {processor.py:840} INFO - DAG(s) 'processing_sales' retrieved from /opt/airflow/dags/process_sales.py
[2024-02-23T17:44:04.835+0000] {logging_mixin.py:188} INFO - [2024-02-23T17:44:04.835+0000] {dag.py:3033} INFO - Sync 1 DAGs
[2024-02-23T17:44:04.921+0000] {processor.py:183} INFO - Processing /opt/airflow/dags/process_sales.py took 0.153 seconds
[2024-02-23T17:44:35.592+0000] {processor.py:161} INFO - Started process (PID=7641) to work on /opt/airflow/dags/process_sales.py
[2024-02-23T17:44:35.594+0000] {processor.py:830} INFO - Processing file /opt/airflow/dags/process_sales.py for tasks to queue
[2024-02-23T17:44:35.595+0000] {logging_mixin.py:188} INFO - [2024-02-23T17:44:35.595+0000] {dagbag.py:538} INFO - Filling up the DagBag from /opt/airflow/dags/process_sales.py
[2024-02-23T17:44:35.628+0000] {processor.py:840} INFO - DAG(s) 'processing_sales' retrieved from /opt/airflow/dags/process_sales.py
[2024-02-23T17:44:35.652+0000] {logging_mixin.py:188} INFO - [2024-02-23T17:44:35.651+0000] {dag.py:3033} INFO - Sync 1 DAGs
[2024-02-23T17:44:35.735+0000] {processor.py:183} INFO - Processing /opt/airflow/dags/process_sales.py took 0.148 seconds
[2024-02-23T17:45:05.903+0000] {processor.py:161} INFO - Started process (PID=7698) to work on /opt/airflow/dags/process_sales.py
[2024-02-23T17:45:05.905+0000] {processor.py:830} INFO - Processing file /opt/airflow/dags/process_sales.py for tasks to queue
[2024-02-23T17:45:05.907+0000] {logging_mixin.py:188} INFO - [2024-02-23T17:45:05.906+0000] {dagbag.py:538} INFO - Filling up the DagBag from /opt/airflow/dags/process_sales.py
[2024-02-23T17:45:05.937+0000] {processor.py:840} INFO - DAG(s) 'processing_sales' retrieved from /opt/airflow/dags/process_sales.py
[2024-02-23T17:45:05.962+0000] {logging_mixin.py:188} INFO - [2024-02-23T17:45:05.962+0000] {dag.py:3033} INFO - Sync 1 DAGs
[2024-02-23T17:45:06.051+0000] {processor.py:183} INFO - Processing /opt/airflow/dags/process_sales.py took 0.152 seconds
[2024-02-23T17:45:36.661+0000] {processor.py:161} INFO - Started process (PID=7755) to work on /opt/airflow/dags/process_sales.py
[2024-02-23T17:45:36.662+0000] {processor.py:830} INFO - Processing file /opt/airflow/dags/process_sales.py for tasks to queue
[2024-02-23T17:45:36.664+0000] {logging_mixin.py:188} INFO - [2024-02-23T17:45:36.663+0000] {dagbag.py:538} INFO - Filling up the DagBag from /opt/airflow/dags/process_sales.py
[2024-02-23T17:45:36.696+0000] {processor.py:840} INFO - DAG(s) 'processing_sales' retrieved from /opt/airflow/dags/process_sales.py
[2024-02-23T17:45:36.721+0000] {logging_mixin.py:188} INFO - [2024-02-23T17:45:36.721+0000] {dag.py:3033} INFO - Sync 1 DAGs
[2024-02-23T17:45:36.822+0000] {processor.py:183} INFO - Processing /opt/airflow/dags/process_sales.py took 0.168 seconds
[2024-02-23T17:46:06.950+0000] {processor.py:161} INFO - Started process (PID=7812) to work on /opt/airflow/dags/process_sales.py
[2024-02-23T17:46:06.952+0000] {processor.py:830} INFO - Processing file /opt/airflow/dags/process_sales.py for tasks to queue
[2024-02-23T17:46:06.953+0000] {logging_mixin.py:188} INFO - [2024-02-23T17:46:06.953+0000] {dagbag.py:538} INFO - Filling up the DagBag from /opt/airflow/dags/process_sales.py
[2024-02-23T17:46:06.992+0000] {processor.py:840} INFO - DAG(s) 'processing_sales' retrieved from /opt/airflow/dags/process_sales.py
[2024-02-23T17:46:07.022+0000] {logging_mixin.py:188} INFO - [2024-02-23T17:46:07.022+0000] {dag.py:3033} INFO - Sync 1 DAGs
[2024-02-23T17:46:07.129+0000] {processor.py:183} INFO - Processing /opt/airflow/dags/process_sales.py took 0.186 seconds
[2024-02-23T17:46:37.404+0000] {processor.py:161} INFO - Started process (PID=7869) to work on /opt/airflow/dags/process_sales.py
[2024-02-23T17:46:37.405+0000] {processor.py:830} INFO - Processing file /opt/airflow/dags/process_sales.py for tasks to queue
[2024-02-23T17:46:37.407+0000] {logging_mixin.py:188} INFO - [2024-02-23T17:46:37.406+0000] {dagbag.py:538} INFO - Filling up the DagBag from /opt/airflow/dags/process_sales.py
[2024-02-23T17:46:37.436+0000] {processor.py:840} INFO - DAG(s) 'processing_sales' retrieved from /opt/airflow/dags/process_sales.py
[2024-02-23T17:46:37.461+0000] {logging_mixin.py:188} INFO - [2024-02-23T17:46:37.460+0000] {dag.py:3033} INFO - Sync 1 DAGs
[2024-02-23T17:46:37.512+0000] {processor.py:183} INFO - Processing /opt/airflow/dags/process_sales.py took 0.113 seconds
[2024-02-23T17:47:08.207+0000] {processor.py:161} INFO - Started process (PID=7926) to work on /opt/airflow/dags/process_sales.py
[2024-02-23T17:47:08.209+0000] {processor.py:830} INFO - Processing file /opt/airflow/dags/process_sales.py for tasks to queue
[2024-02-23T17:47:08.211+0000] {logging_mixin.py:188} INFO - [2024-02-23T17:47:08.211+0000] {dagbag.py:538} INFO - Filling up the DagBag from /opt/airflow/dags/process_sales.py
[2024-02-23T17:47:08.240+0000] {processor.py:840} INFO - DAG(s) 'processing_sales' retrieved from /opt/airflow/dags/process_sales.py
[2024-02-23T17:47:08.265+0000] {logging_mixin.py:188} INFO - [2024-02-23T17:47:08.264+0000] {dag.py:3033} INFO - Sync 1 DAGs
[2024-02-23T17:47:08.318+0000] {processor.py:183} INFO - Processing /opt/airflow/dags/process_sales.py took 0.118 seconds
[2024-02-23T17:47:38.607+0000] {processor.py:161} INFO - Started process (PID=7983) to work on /opt/airflow/dags/process_sales.py
[2024-02-23T17:47:38.609+0000] {processor.py:830} INFO - Processing file /opt/airflow/dags/process_sales.py for tasks to queue
[2024-02-23T17:47:38.610+0000] {logging_mixin.py:188} INFO - [2024-02-23T17:47:38.609+0000] {dagbag.py:538} INFO - Filling up the DagBag from /opt/airflow/dags/process_sales.py
[2024-02-23T17:47:38.642+0000] {processor.py:840} INFO - DAG(s) 'processing_sales' retrieved from /opt/airflow/dags/process_sales.py
[2024-02-23T17:47:38.669+0000] {logging_mixin.py:188} INFO - [2024-02-23T17:47:38.668+0000] {dag.py:3033} INFO - Sync 1 DAGs
[2024-02-23T17:47:38.749+0000] {processor.py:183} INFO - Processing /opt/airflow/dags/process_sales.py took 0.147 seconds
[2024-02-23T17:48:09.106+0000] {processor.py:161} INFO - Started process (PID=8040) to work on /opt/airflow/dags/process_sales.py
[2024-02-23T17:48:09.108+0000] {processor.py:830} INFO - Processing file /opt/airflow/dags/process_sales.py for tasks to queue
[2024-02-23T17:48:09.110+0000] {logging_mixin.py:188} INFO - [2024-02-23T17:48:09.109+0000] {dagbag.py:538} INFO - Filling up the DagBag from /opt/airflow/dags/process_sales.py
[2024-02-23T17:48:09.139+0000] {processor.py:840} INFO - DAG(s) 'processing_sales' retrieved from /opt/airflow/dags/process_sales.py
[2024-02-23T17:48:09.168+0000] {logging_mixin.py:188} INFO - [2024-02-23T17:48:09.167+0000] {dag.py:3033} INFO - Sync 1 DAGs
[2024-02-23T17:48:09.265+0000] {processor.py:183} INFO - Processing /opt/airflow/dags/process_sales.py took 0.163 seconds
[2024-02-23T17:48:39.372+0000] {processor.py:161} INFO - Started process (PID=8097) to work on /opt/airflow/dags/process_sales.py
[2024-02-23T17:48:39.373+0000] {processor.py:830} INFO - Processing file /opt/airflow/dags/process_sales.py for tasks to queue
[2024-02-23T17:48:39.375+0000] {logging_mixin.py:188} INFO - [2024-02-23T17:48:39.374+0000] {dagbag.py:538} INFO - Filling up the DagBag from /opt/airflow/dags/process_sales.py
[2024-02-23T17:48:39.405+0000] {processor.py:840} INFO - DAG(s) 'processing_sales' retrieved from /opt/airflow/dags/process_sales.py
[2024-02-23T17:48:39.431+0000] {logging_mixin.py:188} INFO - [2024-02-23T17:48:39.431+0000] {dag.py:3033} INFO - Sync 1 DAGs
[2024-02-23T17:48:39.513+0000] {processor.py:183} INFO - Processing /opt/airflow/dags/process_sales.py took 0.147 seconds
[2024-02-23T17:49:10.376+0000] {processor.py:161} INFO - Started process (PID=8154) to work on /opt/airflow/dags/process_sales.py
[2024-02-23T17:49:10.377+0000] {processor.py:830} INFO - Processing file /opt/airflow/dags/process_sales.py for tasks to queue
[2024-02-23T17:49:10.379+0000] {logging_mixin.py:188} INFO - [2024-02-23T17:49:10.378+0000] {dagbag.py:538} INFO - Filling up the DagBag from /opt/airflow/dags/process_sales.py
[2024-02-23T17:49:10.408+0000] {processor.py:840} INFO - DAG(s) 'processing_sales' retrieved from /opt/airflow/dags/process_sales.py
[2024-02-23T17:49:10.436+0000] {logging_mixin.py:188} INFO - [2024-02-23T17:49:10.435+0000] {dag.py:3033} INFO - Sync 1 DAGs
[2024-02-23T17:49:10.490+0000] {processor.py:183} INFO - Processing /opt/airflow/dags/process_sales.py took 0.118 seconds
[2024-02-23T17:49:41.251+0000] {processor.py:161} INFO - Started process (PID=8211) to work on /opt/airflow/dags/process_sales.py
[2024-02-23T17:49:41.253+0000] {processor.py:830} INFO - Processing file /opt/airflow/dags/process_sales.py for tasks to queue
[2024-02-23T17:49:41.254+0000] {logging_mixin.py:188} INFO - [2024-02-23T17:49:41.254+0000] {dagbag.py:538} INFO - Filling up the DagBag from /opt/airflow/dags/process_sales.py
[2024-02-23T17:49:41.287+0000] {processor.py:840} INFO - DAG(s) 'processing_sales' retrieved from /opt/airflow/dags/process_sales.py
[2024-02-23T17:49:41.311+0000] {logging_mixin.py:188} INFO - [2024-02-23T17:49:41.311+0000] {dag.py:3033} INFO - Sync 1 DAGs
[2024-02-23T17:49:41.397+0000] {processor.py:183} INFO - Processing /opt/airflow/dags/process_sales.py took 0.151 seconds
[2024-02-23T17:50:11.632+0000] {processor.py:161} INFO - Started process (PID=8268) to work on /opt/airflow/dags/process_sales.py
[2024-02-23T17:50:11.633+0000] {processor.py:830} INFO - Processing file /opt/airflow/dags/process_sales.py for tasks to queue
[2024-02-23T17:50:11.634+0000] {logging_mixin.py:188} INFO - [2024-02-23T17:50:11.634+0000] {dagbag.py:538} INFO - Filling up the DagBag from /opt/airflow/dags/process_sales.py
[2024-02-23T17:50:11.664+0000] {processor.py:840} INFO - DAG(s) 'processing_sales' retrieved from /opt/airflow/dags/process_sales.py
[2024-02-23T17:50:11.688+0000] {logging_mixin.py:188} INFO - [2024-02-23T17:50:11.688+0000] {dag.py:3033} INFO - Sync 1 DAGs
[2024-02-23T17:50:11.740+0000] {processor.py:183} INFO - Processing /opt/airflow/dags/process_sales.py took 0.114 seconds
[2024-02-23T17:50:41.972+0000] {processor.py:161} INFO - Started process (PID=8325) to work on /opt/airflow/dags/process_sales.py
[2024-02-23T17:50:41.973+0000] {processor.py:830} INFO - Processing file /opt/airflow/dags/process_sales.py for tasks to queue
[2024-02-23T17:50:41.974+0000] {logging_mixin.py:188} INFO - [2024-02-23T17:50:41.974+0000] {dagbag.py:538} INFO - Filling up the DagBag from /opt/airflow/dags/process_sales.py
[2024-02-23T17:50:42.003+0000] {processor.py:840} INFO - DAG(s) 'processing_sales' retrieved from /opt/airflow/dags/process_sales.py
[2024-02-23T17:50:42.031+0000] {logging_mixin.py:188} INFO - [2024-02-23T17:50:42.031+0000] {dag.py:3033} INFO - Sync 1 DAGs
[2024-02-23T17:50:42.089+0000] {processor.py:183} INFO - Processing /opt/airflow/dags/process_sales.py took 0.122 seconds
[2024-02-23T17:51:12.211+0000] {processor.py:161} INFO - Started process (PID=8382) to work on /opt/airflow/dags/process_sales.py
[2024-02-23T17:51:12.212+0000] {processor.py:830} INFO - Processing file /opt/airflow/dags/process_sales.py for tasks to queue
[2024-02-23T17:51:12.213+0000] {logging_mixin.py:188} INFO - [2024-02-23T17:51:12.213+0000] {dagbag.py:538} INFO - Filling up the DagBag from /opt/airflow/dags/process_sales.py
[2024-02-23T17:51:12.243+0000] {processor.py:840} INFO - DAG(s) 'processing_sales' retrieved from /opt/airflow/dags/process_sales.py
[2024-02-23T17:51:12.271+0000] {logging_mixin.py:188} INFO - [2024-02-23T17:51:12.271+0000] {dag.py:3033} INFO - Sync 1 DAGs
[2024-02-23T17:51:12.367+0000] {processor.py:183} INFO - Processing /opt/airflow/dags/process_sales.py took 0.163 seconds
[2024-02-23T17:51:42.496+0000] {processor.py:161} INFO - Started process (PID=8439) to work on /opt/airflow/dags/process_sales.py
[2024-02-23T17:51:42.497+0000] {processor.py:830} INFO - Processing file /opt/airflow/dags/process_sales.py for tasks to queue
[2024-02-23T17:51:42.498+0000] {logging_mixin.py:188} INFO - [2024-02-23T17:51:42.498+0000] {dagbag.py:538} INFO - Filling up the DagBag from /opt/airflow/dags/process_sales.py
[2024-02-23T17:51:42.526+0000] {processor.py:840} INFO - DAG(s) 'processing_sales' retrieved from /opt/airflow/dags/process_sales.py
[2024-02-23T17:51:42.549+0000] {logging_mixin.py:188} INFO - [2024-02-23T17:51:42.548+0000] {dag.py:3033} INFO - Sync 1 DAGs
[2024-02-23T17:51:42.630+0000] {processor.py:183} INFO - Processing /opt/airflow/dags/process_sales.py took 0.139 seconds
