[2024-02-21T13:50:57.893+0000] {processor.py:161} INFO - Started process (PID=4319) to work on /opt/airflow/dags/load_data.py
[2024-02-21T13:50:57.895+0000] {processor.py:830} INFO - Processing file /opt/airflow/dags/load_data.py for tasks to queue
[2024-02-21T13:50:57.896+0000] {logging_mixin.py:188} INFO - [2024-02-21T13:50:57.896+0000] {dagbag.py:538} INFO - Filling up the DagBag from /opt/airflow/dags/load_data.py
[2024-02-21T13:50:57.927+0000] {processor.py:840} INFO - DAG(s) 'data_to_google' retrieved from /opt/airflow/dags/load_data.py
[2024-02-21T13:50:57.973+0000] {logging_mixin.py:188} INFO - [2024-02-21T13:50:57.972+0000] {dag.py:3033} INFO - Sync 1 DAGs
[2024-02-21T13:50:58.029+0000] {logging_mixin.py:188} INFO - [2024-02-21T13:50:58.029+0000] {dag.py:3820} INFO - Setting next_dagrun for data_to_google to 2022-08-09T01:00:00+00:00, run_after=2022-08-10T01:00:00+00:00
[2024-02-21T13:50:58.065+0000] {processor.py:183} INFO - Processing /opt/airflow/dags/load_data.py took 0.179 seconds
[2024-02-21T13:51:28.268+0000] {processor.py:161} INFO - Started process (PID=4376) to work on /opt/airflow/dags/load_data.py
[2024-02-21T13:51:28.269+0000] {processor.py:830} INFO - Processing file /opt/airflow/dags/load_data.py for tasks to queue
[2024-02-21T13:51:28.271+0000] {logging_mixin.py:188} INFO - [2024-02-21T13:51:28.270+0000] {dagbag.py:538} INFO - Filling up the DagBag from /opt/airflow/dags/load_data.py
[2024-02-21T13:51:28.293+0000] {processor.py:840} INFO - DAG(s) 'data_to_google' retrieved from /opt/airflow/dags/load_data.py
[2024-02-21T13:51:28.317+0000] {logging_mixin.py:188} INFO - [2024-02-21T13:51:28.317+0000] {dag.py:3033} INFO - Sync 1 DAGs
[2024-02-21T13:51:28.348+0000] {logging_mixin.py:188} INFO - [2024-02-21T13:51:28.348+0000] {dag.py:3820} INFO - Setting next_dagrun for data_to_google to 2022-08-09T01:00:00+00:00, run_after=2022-08-10T01:00:00+00:00
[2024-02-21T13:51:28.373+0000] {processor.py:183} INFO - Processing /opt/airflow/dags/load_data.py took 0.109 seconds
[2024-02-21T13:51:58.789+0000] {processor.py:161} INFO - Started process (PID=4431) to work on /opt/airflow/dags/load_data.py
[2024-02-21T13:51:58.791+0000] {processor.py:830} INFO - Processing file /opt/airflow/dags/load_data.py for tasks to queue
[2024-02-21T13:51:58.792+0000] {logging_mixin.py:188} INFO - [2024-02-21T13:51:58.792+0000] {dagbag.py:538} INFO - Filling up the DagBag from /opt/airflow/dags/load_data.py
[2024-02-21T13:51:58.817+0000] {processor.py:840} INFO - DAG(s) 'data_to_google' retrieved from /opt/airflow/dags/load_data.py
[2024-02-21T13:51:58.842+0000] {logging_mixin.py:188} INFO - [2024-02-21T13:51:58.842+0000] {dag.py:3033} INFO - Sync 1 DAGs
[2024-02-21T13:51:58.884+0000] {logging_mixin.py:188} INFO - [2024-02-21T13:51:58.884+0000] {dag.py:3820} INFO - Setting next_dagrun for data_to_google to 2022-08-09T01:00:00+00:00, run_after=2022-08-10T01:00:00+00:00
[2024-02-21T13:51:58.916+0000] {processor.py:183} INFO - Processing /opt/airflow/dags/load_data.py took 0.131 seconds
[2024-02-21T13:52:29.144+0000] {processor.py:161} INFO - Started process (PID=4483) to work on /opt/airflow/dags/load_data.py
[2024-02-21T13:52:29.145+0000] {processor.py:830} INFO - Processing file /opt/airflow/dags/load_data.py for tasks to queue
[2024-02-21T13:52:29.147+0000] {logging_mixin.py:188} INFO - [2024-02-21T13:52:29.146+0000] {dagbag.py:538} INFO - Filling up the DagBag from /opt/airflow/dags/load_data.py
[2024-02-21T13:52:29.170+0000] {processor.py:840} INFO - DAG(s) 'data_to_google' retrieved from /opt/airflow/dags/load_data.py
[2024-02-21T13:52:29.194+0000] {logging_mixin.py:188} INFO - [2024-02-21T13:52:29.194+0000] {dag.py:3033} INFO - Sync 1 DAGs
[2024-02-21T13:52:29.230+0000] {logging_mixin.py:188} INFO - [2024-02-21T13:52:29.230+0000] {dag.py:3820} INFO - Setting next_dagrun for data_to_google to 2022-08-09T01:00:00+00:00, run_after=2022-08-10T01:00:00+00:00
[2024-02-21T13:52:29.293+0000] {processor.py:183} INFO - Processing /opt/airflow/dags/load_data.py took 0.154 seconds
[2024-02-21T13:52:59.431+0000] {processor.py:161} INFO - Started process (PID=4540) to work on /opt/airflow/dags/load_data.py
[2024-02-21T13:52:59.433+0000] {processor.py:830} INFO - Processing file /opt/airflow/dags/load_data.py for tasks to queue
[2024-02-21T13:52:59.434+0000] {logging_mixin.py:188} INFO - [2024-02-21T13:52:59.433+0000] {dagbag.py:538} INFO - Filling up the DagBag from /opt/airflow/dags/load_data.py
[2024-02-21T13:52:59.458+0000] {processor.py:840} INFO - DAG(s) 'data_to_google' retrieved from /opt/airflow/dags/load_data.py
[2024-02-21T13:52:59.481+0000] {logging_mixin.py:188} INFO - [2024-02-21T13:52:59.480+0000] {dag.py:3033} INFO - Sync 1 DAGs
[2024-02-21T13:52:59.506+0000] {logging_mixin.py:188} INFO - [2024-02-21T13:52:59.506+0000] {dag.py:3820} INFO - Setting next_dagrun for data_to_google to 2022-08-09T01:00:00+00:00, run_after=2022-08-10T01:00:00+00:00
[2024-02-21T13:52:59.535+0000] {processor.py:183} INFO - Processing /opt/airflow/dags/load_data.py took 0.109 seconds
[2024-02-21T13:53:30.414+0000] {processor.py:161} INFO - Started process (PID=4603) to work on /opt/airflow/dags/load_data.py
[2024-02-21T13:53:30.416+0000] {processor.py:830} INFO - Processing file /opt/airflow/dags/load_data.py for tasks to queue
[2024-02-21T13:53:30.418+0000] {logging_mixin.py:188} INFO - [2024-02-21T13:53:30.418+0000] {dagbag.py:538} INFO - Filling up the DagBag from /opt/airflow/dags/load_data.py
[2024-02-21T13:53:30.444+0000] {processor.py:840} INFO - DAG(s) 'data_to_google' retrieved from /opt/airflow/dags/load_data.py
[2024-02-21T13:53:30.474+0000] {logging_mixin.py:188} INFO - [2024-02-21T13:53:30.473+0000] {dag.py:3033} INFO - Sync 1 DAGs
[2024-02-21T13:53:30.521+0000] {logging_mixin.py:188} INFO - [2024-02-21T13:53:30.520+0000] {dag.py:3820} INFO - Setting next_dagrun for data_to_google to 2022-08-09T01:00:00+00:00, run_after=2022-08-10T01:00:00+00:00
[2024-02-21T13:53:30.583+0000] {processor.py:183} INFO - Processing /opt/airflow/dags/load_data.py took 0.176 seconds
[2024-02-21T13:54:01.138+0000] {processor.py:161} INFO - Started process (PID=4660) to work on /opt/airflow/dags/load_data.py
[2024-02-21T13:54:01.139+0000] {processor.py:830} INFO - Processing file /opt/airflow/dags/load_data.py for tasks to queue
[2024-02-21T13:54:01.141+0000] {logging_mixin.py:188} INFO - [2024-02-21T13:54:01.140+0000] {dagbag.py:538} INFO - Filling up the DagBag from /opt/airflow/dags/load_data.py
[2024-02-21T13:54:01.163+0000] {processor.py:840} INFO - DAG(s) 'data_to_google' retrieved from /opt/airflow/dags/load_data.py
[2024-02-21T13:54:01.186+0000] {logging_mixin.py:188} INFO - [2024-02-21T13:54:01.186+0000] {dag.py:3033} INFO - Sync 1 DAGs
[2024-02-21T13:54:01.213+0000] {logging_mixin.py:188} INFO - [2024-02-21T13:54:01.213+0000] {dag.py:3820} INFO - Setting next_dagrun for data_to_google to 2022-08-09T01:00:00+00:00, run_after=2022-08-10T01:00:00+00:00
[2024-02-21T13:54:01.276+0000] {processor.py:183} INFO - Processing /opt/airflow/dags/load_data.py took 0.143 seconds
[2024-02-21T13:54:31.407+0000] {processor.py:161} INFO - Started process (PID=4717) to work on /opt/airflow/dags/load_data.py
[2024-02-21T13:54:31.408+0000] {processor.py:830} INFO - Processing file /opt/airflow/dags/load_data.py for tasks to queue
[2024-02-21T13:54:31.409+0000] {logging_mixin.py:188} INFO - [2024-02-21T13:54:31.409+0000] {dagbag.py:538} INFO - Filling up the DagBag from /opt/airflow/dags/load_data.py
[2024-02-21T13:54:31.436+0000] {processor.py:840} INFO - DAG(s) 'data_to_google' retrieved from /opt/airflow/dags/load_data.py
[2024-02-21T13:54:31.464+0000] {logging_mixin.py:188} INFO - [2024-02-21T13:54:31.464+0000] {dag.py:3033} INFO - Sync 1 DAGs
[2024-02-21T13:54:31.499+0000] {logging_mixin.py:188} INFO - [2024-02-21T13:54:31.499+0000] {dag.py:3820} INFO - Setting next_dagrun for data_to_google to 2022-08-09T01:00:00+00:00, run_after=2022-08-10T01:00:00+00:00
[2024-02-21T13:54:31.525+0000] {processor.py:183} INFO - Processing /opt/airflow/dags/load_data.py took 0.124 seconds
[2024-02-21T13:55:02.068+0000] {processor.py:161} INFO - Started process (PID=4774) to work on /opt/airflow/dags/load_data.py
[2024-02-21T13:55:02.069+0000] {processor.py:830} INFO - Processing file /opt/airflow/dags/load_data.py for tasks to queue
[2024-02-21T13:55:02.070+0000] {logging_mixin.py:188} INFO - [2024-02-21T13:55:02.070+0000] {dagbag.py:538} INFO - Filling up the DagBag from /opt/airflow/dags/load_data.py
[2024-02-21T13:55:02.096+0000] {processor.py:840} INFO - DAG(s) 'data_to_google' retrieved from /opt/airflow/dags/load_data.py
[2024-02-21T13:55:02.121+0000] {logging_mixin.py:188} INFO - [2024-02-21T13:55:02.121+0000] {dag.py:3033} INFO - Sync 1 DAGs
[2024-02-21T13:55:02.152+0000] {logging_mixin.py:188} INFO - [2024-02-21T13:55:02.152+0000] {dag.py:3820} INFO - Setting next_dagrun for data_to_google to 2022-08-09T01:00:00+00:00, run_after=2022-08-10T01:00:00+00:00
[2024-02-21T13:55:02.174+0000] {processor.py:183} INFO - Processing /opt/airflow/dags/load_data.py took 0.111 seconds
[2024-02-21T13:55:32.634+0000] {processor.py:161} INFO - Started process (PID=4826) to work on /opt/airflow/dags/load_data.py
[2024-02-21T13:55:32.635+0000] {processor.py:830} INFO - Processing file /opt/airflow/dags/load_data.py for tasks to queue
[2024-02-21T13:55:32.636+0000] {logging_mixin.py:188} INFO - [2024-02-21T13:55:32.636+0000] {dagbag.py:538} INFO - Filling up the DagBag from /opt/airflow/dags/load_data.py
[2024-02-21T13:55:32.656+0000] {processor.py:840} INFO - DAG(s) 'data_to_google' retrieved from /opt/airflow/dags/load_data.py
[2024-02-21T13:55:32.678+0000] {logging_mixin.py:188} INFO - [2024-02-21T13:55:32.678+0000] {dag.py:3033} INFO - Sync 1 DAGs
[2024-02-21T13:55:32.703+0000] {logging_mixin.py:188} INFO - [2024-02-21T13:55:32.703+0000] {dag.py:3820} INFO - Setting next_dagrun for data_to_google to 2022-08-09T01:00:00+00:00, run_after=2022-08-10T01:00:00+00:00
[2024-02-21T13:55:32.726+0000] {processor.py:183} INFO - Processing /opt/airflow/dags/load_data.py took 0.096 seconds
[2024-02-21T15:52:09.176+0000] {processor.py:161} INFO - Started process (PID=4871) to work on /opt/airflow/dags/load_data.py
[2024-02-21T15:52:09.177+0000] {processor.py:830} INFO - Processing file /opt/airflow/dags/load_data.py for tasks to queue
[2024-02-21T15:52:09.182+0000] {logging_mixin.py:188} INFO - [2024-02-21T15:52:09.181+0000] {dagbag.py:538} INFO - Filling up the DagBag from /opt/airflow/dags/load_data.py
[2024-02-21T15:52:09.288+0000] {processor.py:840} INFO - DAG(s) 'data_to_google' retrieved from /opt/airflow/dags/load_data.py
[2024-02-21T15:52:09.378+0000] {logging_mixin.py:188} INFO - [2024-02-21T15:52:09.368+0000] {dag.py:3033} INFO - Sync 1 DAGs
[2024-02-21T15:52:09.507+0000] {logging_mixin.py:188} INFO - [2024-02-21T15:52:09.507+0000] {dag.py:3820} INFO - Setting next_dagrun for data_to_google to 2022-08-09T01:00:00+00:00, run_after=2022-08-10T01:00:00+00:00
[2024-02-21T15:52:09.585+0000] {processor.py:183} INFO - Processing /opt/airflow/dags/load_data.py took 0.414 seconds
