[2024-02-25T12:21:43.953+0000] {taskinstance.py:1957} INFO - Dependencies all met for dep_context=non-requeueable deps ti=<TaskInstance: processing_sales.transform_data_to_silver scheduled__2022-09-15T01:00:00+00:00 [queued]>
[2024-02-25T12:21:43.964+0000] {taskinstance.py:1957} INFO - Dependencies all met for dep_context=requeueable deps ti=<TaskInstance: processing_sales.transform_data_to_silver scheduled__2022-09-15T01:00:00+00:00 [queued]>
[2024-02-25T12:21:43.964+0000] {taskinstance.py:2171} INFO - Starting attempt 1 of 4
[2024-02-25T12:21:43.981+0000] {taskinstance.py:2192} INFO - Executing <Task(BigQueryInsertJobOperator): transform_data_to_silver> on 2022-09-15 01:00:00+00:00
[2024-02-25T12:21:43.987+0000] {standard_task_runner.py:60} INFO - Started process 1476 to run task
[2024-02-25T12:21:43.991+0000] {standard_task_runner.py:87} INFO - Running: ['***', 'tasks', 'run', 'processing_sales', 'transform_data_to_silver', 'scheduled__2022-09-15T01:00:00+00:00', '--job-id', '204', '--raw', '--subdir', 'DAGS_FOLDER/process_sales.py', '--cfg-path', '/tmp/tmpcd4e30fz']
[2024-02-25T12:21:43.993+0000] {standard_task_runner.py:88} INFO - Job 204: Subtask transform_data_to_silver
[2024-02-25T12:21:44.041+0000] {task_command.py:423} INFO - Running <TaskInstance: processing_sales.transform_data_to_silver scheduled__2022-09-15T01:00:00+00:00 [running]> on host 9e4f31030bba
[2024-02-25T12:21:44.137+0000] {taskinstance.py:2481} INFO - Exporting env vars: AIRFLOW_CTX_DAG_OWNER='***' AIRFLOW_CTX_DAG_ID='processing_sales' AIRFLOW_CTX_TASK_ID='transform_data_to_silver' AIRFLOW_CTX_EXECUTION_DATE='2022-09-15T01:00:00+00:00' AIRFLOW_CTX_TRY_NUMBER='1' AIRFLOW_CTX_DAG_RUN_ID='scheduled__2022-09-15T01:00:00+00:00'
[2024-02-25T12:21:44.149+0000] {connection.py:234} WARNING - Connection schemes (type: google_cloud_platform) shall not contain '_' according to RFC3986.
[2024-02-25T12:21:44.155+0000] {base.py:83} INFO - Using connection ID 'google_cloud_default' for task execution.
[2024-02-25T12:21:44.156+0000] {bigquery.py:2806} INFO - Executing: {'query': {'query': "\n                    INSERT INTO `de-07-natalia-sokil.silver.sales` (client_id, purchase_date, product_name, price)\n                    SELECT\n                        CustomerId AS client_id,\n                        PARSE_DATE('%Y-%m-%d', PurchaseDate) AS purchase_date,\n                        Product AS product_name,\n                        CAST(REGEXP_REPLACE(Price, '[^0-9.]', '') AS FLOAT64) AS price\n                    FROM `de-07-natalia-sokil.bronze.sales`\n                ", 'useLegacySql': False}}'
[2024-02-25T12:21:44.219+0000] {bigquery.py:1596} INFO - Inserting job ***_processing_sales_transform_data_to_silver_2022_09_15T01_00_00_00_00_090a3ae65680e2915a429047f7fae332
[2024-02-25T12:21:45.576+0000] {taskinstance.py:2699} ERROR - Task failed with exception
Traceback (most recent call last):
  File "/home/airflow/.local/lib/python3.8/site-packages/airflow/models/taskinstance.py", line 433, in _execute_task
    result = execute_callable(context=context, **execute_callable_kwargs)
  File "/home/airflow/.local/lib/python3.8/site-packages/airflow/providers/google/cloud/operators/bigquery.py", line 2864, in execute
    job.result(timeout=self.result_timeout, retry=self.result_retry)
  File "/home/airflow/.local/lib/python3.8/site-packages/google/cloud/bigquery/job/query.py", line 1595, in result
    do_get_result()
  File "/home/airflow/.local/lib/python3.8/site-packages/google/cloud/bigquery/job/query.py", line 1584, in do_get_result
    super(QueryJob, self).result(retry=retry, timeout=timeout)
  File "/home/airflow/.local/lib/python3.8/site-packages/google/cloud/bigquery/job/base.py", line 952, in result
    return super(_AsyncJob, self).result(timeout=timeout, **kwargs)
  File "/home/airflow/.local/lib/python3.8/site-packages/google/api_core/future/polling.py", line 261, in result
    raise self._exception
google.api_core.exceptions.BadRequest: 400 Mismatch between format character '-' and string character '/' at string index: 4 with format: '%Y-%m-%d'

Location: EU
Job ID: airflow_processing_sales_transform_data_to_silver_2022_09_15T01_00_00_00_00_090a3ae65680e2915a429047f7fae332

[2024-02-25T12:21:45.589+0000] {taskinstance.py:1138} INFO - Marking task as UP_FOR_RETRY. dag_id=processing_sales, task_id=transform_data_to_silver, execution_date=20220915T010000, start_date=20240225T122143, end_date=20240225T122145
[2024-02-25T12:21:45.606+0000] {standard_task_runner.py:107} ERROR - Failed to execute job 204 for task transform_data_to_silver (400 Mismatch between format character '-' and string character '/' at string index: 4 with format: '%Y-%m-%d'

Location: EU
Job ID: airflow_processing_sales_transform_data_to_silver_2022_09_15T01_00_00_00_00_090a3ae65680e2915a429047f7fae332
; 1476)
[2024-02-25T12:21:45.647+0000] {local_task_job_runner.py:234} INFO - Task exited with return code 1
[2024-02-25T12:21:45.667+0000] {taskinstance.py:3281} INFO - 0 downstream tasks scheduled from follow-on schedule check
